atom_charge_dict:  {6: [0, 1], 5: [2, 3], 0: [4, 5, 6, 7], 1: [8, 9, 10, 11, 14], 7: [12, 13], 4: [15, 16, 17], 2: [18], 3: [19, 20, 21, 22]}
3
3 [19, 20, 21, 22] [-0.40022773  0.20329096  0.21013097]
3 [19, 20, 21, 22] [ 0.00299056 -0.32772059 -0.13716769]
3 [19, 20, 21, 22] [ 0.1760915  -0.14823899 -0.11035107]
3 [19, 20, 21, 22] [0.26424345 0.17236356 0.00571047]
2
2 [18] [-0.04534975 -0.51264798 -0.23280593]
1
1 [8, 9, 10, 11, 14] [-0.52306084 -0.15303923  0.06612161]
1 [8, 9, 10, 11, 14] [-0.09141501  0.39463853  0.19393227]
1 [8, 9, 10, 11, 14] [-0.24759907  0.35187463  0.13394932]
1 [8, 9, 10, 11, 14] [-0.2665117   0.09005007  0.08518333]
1 [8, 9, 10, 11, 14] [-0.191276    0.23228277  0.47981493]
4
4 [15, 16, 17] [-0.19083978 -0.03851481 -0.24675384]
4 [15, 16, 17] [-0.07725241 -0.14872481  0.03866079]
4 [15, 16, 17] [-0.07619706 -0.19204396  0.19881218]
2
1
5
5 [2, 3] [-0.0152394   0.0023     -0.05923282]
5 [2, 3] [ 0.06803445  0.05514993 -0.05730012]
0
0 [4, 5, 6, 7] [ 0.23002199 -0.17990606  0.05883639]
0 [4, 5, 6, 7] [ 0.06771791 -0.55808863  0.05838686]
0 [4, 5, 6, 7] [-0.30508753 -0.03866431 -0.10929165]
0 [4, 5, 6, 7] [0.44865375 0.33493357 0.07988083]
6
6 [0, 1] [-0.01322474  0.15728546  0.01494567]
6 [0, 1] [ 0.05403425 -0.03368542  0.06495843]
7
7 [12, 13] [-0.15831953 -0.31230088 -0.03548114]
7 [12, 13] [ 0.26832733 -0.26684307  0.10850567]
1
0
RMSD using the Kabsch algorithm: 0.7563451884548738
1 [-1.81588789  1.38620855 -0.27716162]
2 [-1.7486289   1.19523767 -0.22714886]
3 [-2.66385072 -0.41156404 -0.32657622]
4 [-2.58057687 -0.35871411 -0.32464352]
5 [-1.5036497  -0.02590973 -0.08052555]
6 [-1.66595378 -0.4040923  -0.08097508]
7 [-2.03875923  0.11533202 -0.24865359]
8 [-1.28501795  0.4889299  -0.05948111]
9 [-1.09879589 -0.58750836  0.25293538]
10 [-0.66715006 -0.03983061  0.38074604]
11 [-0.82333412 -0.0825945   0.32076309]
12 [-0.84224675 -0.34441906  0.2719971 ]
13 [-0.6521528  -1.82460672  0.26247462]
14 [-0.22550594 -1.77914892  0.40646143]
15 [-0.76701105 -0.20218637  0.6666287 ]
16 [0.42768769 1.34791835 0.26502911]
17 [0.54127507 1.23770835 0.55044374]
18 [0.54233041 1.1943892  0.71059513]
19 [ 0.64076263 -0.18134561 -0.0357457 ]
20 [ 1.35806551  0.07902062 -0.0045392 ]
21 [ 1.7612838  -0.45199093 -0.35183787]
22 [ 1.93438474 -0.27250933 -0.32502125]
23 [ 2.0225367   0.04809322 -0.20895971]
