-xyz
refined.xyz
-dens
../../cube_files/fbutone/14_SCAN_1_2_6_8_F/N.d.cube
-esp
../../cube_files/fbutone/14_SCAN_1_2_6_8_F/N.p.cube
-stepsize
0.2
-n_steps
1
-learning_rate
0.5
   3.1058177639252205        3.2657819272932729       0.62641856038631438     
   2.7504936168996128        1.9086973802701970      -0.21077833016368394     
   2.7373410761719663        2.4700476663997617      -0.96452562433151168     
   2.1227096218990926        3.1652414047258017       -1.9469629203418084     
   5.8931801593945643        2.9832121367336386       -2.4634480696766395E-002
   2.3096052437048211        3.2813252746211332        1.8631303040881972     
   2.7679827487782722        2.9721479950745469        1.1777239317423458     
   5.3450131422017719       -1.5318919690550550        4.2842750089262076E-002
   4.6545777504980697       -2.4242888900613546        2.0140101763003609E-002
   5.0613875358987714       -1.9700698379980046        4.9669678488576473E-002
   3.3598630155345450       0.19634435853780413        8.4304473629525731E-003
   2.6892645187893205       -1.0932385047640734       -5.7400806599515609E-002
  0.43194208398967032       -2.2734808303682743       0.92014116651220179     
  0.10063629553923435      -0.77797581720707421        1.1679075528540276E-002
  0.27888827449424125       -3.1144685587674577        1.7297224112568812     
  0.25126632188050019       -2.9430434431761041        1.5312049191943551     
  0.24039214822366853       -2.8047062770724844       -1.5070050531036399     
   9.5747516887594919E-002  -2.3107759660278591       -1.9629493607945014     
  0.24274815368370573       -2.8491911197449822       -1.2117911535120693     
  -1.2718816439423495       0.37075315614973114      -0.58231772766253165     
  -1.4995581218133034       0.29083917483429278       0.68218252736613794     
  -2.1233613536319824       0.89876887751552947        1.3426998145534554     
  -2.1165753496358657        1.0833964279940402        1.6678818400533233     
  -3.3763208361262937       -1.1180858851999189        6.1264608299351000E-002
  -4.5892167741176939       -1.9777142516798762        2.5867243539949021E-002
  -4.0471489865323624       -1.8255534100375670        3.6278080046589847E-002
  -4.3694979341834896       -1.6765657970032541        4.6114159651022030E-002
  -2.2878044104247928        2.0125472749897941       -2.7338258189280813     
  -2.3033798345818588        1.1050520772602479       -1.4265649346530760     
  -2.2326918434080243        1.5283969764266909       -2.1171428836083388     
First
                         Total        3.818802036E+00
Step size:       0.20
Step size in Bohr:       0.38
Learning Rate:       1.00
# Steps:          1
                         Error  1        3.750904839E+00
                         Error        3.750904839E+00
