-xyz
refined.xyz
-dens
/home/unibas/boittier/RDKit_G2/B.pdb/SCAN_1_2_3_4_S_36_10.0/5_SCAN/B.d.cube
-esp
/home/unibas/boittier/RDKit_G2/B.pdb/SCAN_1_2_3_4_S_36_10.0/5_SCAN/B.p.cube
-stepsize
0.2
-n_steps
10
-learning_rate
0.5
   3.5467952016242652        2.3393091108961244        1.9790554751026654     
   3.5392211371346378      -0.33491379247132386      -0.51957724512241854     
   3.6462095478699146      -0.81438219423805824        1.1062318771616687E-002
   6.1764964889643110       -1.1552422977569365       0.22982328178799311     
   3.2668845634411294      -0.99948061178842129       0.52891333695280485     
   1.2253576596761218       -1.6524574209380309      -0.38597953055834927     
  0.80937447566739140       -1.6637997831921936      -0.33003456808242088     
   1.9780802292028863       -2.4339862703121811       -1.3141738278312898     
   1.8809865761200901       -2.7093281933838487      -0.87129354099328882     
   2.1640740591326568       -2.2143690313061666       -1.7449517326812445     
  -1.3301556255678368        3.3433606612159723      -0.40948561294874081     
  -1.2382375729221713        2.5020141338998814      -0.32459424684416388     
  -1.3858705322483189      -0.78450118763124488      -0.80203603063154105     
  -1.2300402374084438       -1.0953901435620783      -0.58695162799883815     
  -1.5521647456516130      -0.64196250203722871       0.50442416716887184     
  -1.2597977999758232       0.46740020238927021      -0.33434354786698678     
  -5.4479125978823575      -0.33461757335120934       0.98665912324202099     
  -3.0408194262025199      -0.91511060810220579       0.43017364448931511     
  -2.9901021296892045       -1.0745504304902582      -0.26219022321868030     
  -2.8036533557417433       -1.0006054745622146        1.0874623497809879     
  -2.6050832656380383       -4.1000794645875382       0.42652668415117734     
First
                         Total        1.389582146E+00
Step size:       0.20
Step size in Bohr:       0.38
Learning Rate:       1.00
# Steps:         10
                         Error  1        1.358566702E+00
                         Error  2        1.328625053E+00
                         Error  3        1.299741663E+00
                         Error  4        1.271899860E+00
                         Error  5        1.245081902E+00
                         Error  6        1.219269049E+00
                         Error  7        1.194441629E+00
                         Error  8        1.170579112E+00
                         Error  9        1.147660186E+00
                         Error 10        1.125662830E+00
                         Error        1.125662830E+00
