-xyz
refined.xyz
-dens
/home/unibas/boittier/RDKit_G2/B.pdb/SCAN_1_2_3_4_S_36_10.0/11_SCAN_1_2_3_4_F/B.d.cube
-esp
/home/unibas/boittier/RDKit_G2/B.pdb/SCAN_1_2_3_4_S_36_10.0/11_SCAN_1_2_3_4_F/B.p.cube
-stepsize
0.2
-n_steps
1
-learning_rate
0.5
  -4.4310680319200060      -0.48702137159442138      -0.89918958410943595     
  -2.3398976804898641        1.9650564496619243      -0.85658084142274782     
  -4.4896918337683642        4.0323661477396779      -0.29673135571701259     
  -2.8205047118002313        2.5189376598962485        1.5854396848919011E-002
  -2.7532662727879389        1.9185680818258537       0.56333755920285000     
  -1.1856303250030651        2.2713998490278309       0.56204710389090173     
 -0.62860263867537003        1.2039416638717555      -0.71168074551428817     
  -1.1322640551334422        1.7008581925404938       0.61213109395947296     
 -0.71853269587847024       0.80162116897423630       0.17838102320500143     
  0.86714107653972494        3.5372520210808940        1.0576779394752567     
  -1.0589940694500706       -3.6871745657065151      -0.12346805147699880     
 -0.69071074609919392       -3.1044865113865643      -0.13939372629572200     
 -0.15733739973902777       -2.5735784515815658       0.16116611364817998     
 -0.87080832626836935       -3.3861833895831475        4.4146322048354392E-002
  0.67225963397658728      -0.86352417466222298       0.74284503030984372     
  0.31742277857054302       -1.4905900885234502       0.27070310111740886     
  0.99217488106763974      -0.40613360462463205       0.66233931113744482     
   1.2627536680599354      -0.91150046687826269       0.17168542436427159     
   5.3938782735047175       0.33824545652543375      -0.81335476461665845     
   2.3175244004637654      -0.86912914751087544       0.82007238480478062     
   2.7914491075449299      -0.51930201192034242        1.0598745341115389E-002
   3.0446740428558461        2.2345931784382069E-002 -0.14084062716295165     
   3.0375495325872777        1.7493866659544936E-002  0.31981411120449427     
   3.8947751327604463       -2.3224571890091723        1.9355769066750650     
   3.9022381014485168       -2.0097168027160239        2.0451572204253896     
First
                         Total        3.762538889E+00
Step size:       0.20
Step size in Bohr:       0.38
Learning Rate:       1.00
# Steps:          1
                         Error  1        3.740429429E+00
                         Error        3.740429429E+00
