-xyz
refined.xyz
-dens
/home/unibas/boittier/RDKit_G2/B.pdb/SCAN_1_2_3_4_S_36_10.0/31_SCAN_1_2_3_4_F/B.d.cube
-esp
/home/unibas/boittier/RDKit_G2/B.pdb/SCAN_1_2_3_4_S_36_10.0/31_SCAN_1_2_3_4_F/B.p.cube
-stepsize
0.2
-n_steps
5
-learning_rate
0.5
   3.3456715859389066        2.0387209416768450       -1.9037488155004461     
   3.2405175312539010      -0.93725714952163675      -0.80088599133802163     
   6.2512688580274673      -0.99804324102976949      -0.22584225513506409     
   3.9973149652409763      -0.82158177576719849        2.1821791890802515E-002
   3.6005921090112860      -0.18841112293444201       0.43131840871337029     
   2.5540498842640589       -1.4548153230950205       0.96765976826201661     
   1.7830725820618150      -0.73038757952240874      -0.32186230790483239     
   2.0812277949831239       -1.1224425453940172       0.97924914018452902     
   1.3167750909117699      -0.57426901594755064       0.53477774010954648     
   1.8486767763308425       -3.3653138010494459        2.1383167238679679     
  -1.3386083222431258        3.0353420090986352       0.23786287521039193     
  -1.2256812254082881        2.3917316473926462        7.9698023305897522E-002
  -1.3083682825555094        1.5782994183588557       0.17768258737808032     
  -1.3481855659937421        2.6689905949839599       0.30937468031153981     
 -0.91919969879049457      -0.40397001845049885       0.41877037204475182     
 -0.95115998010970815       0.39661263159154669       0.12350469067545777     
 -0.77432464143585245      -0.90993670293866402       0.25644765721886598     
  -1.1588103648175385      -0.60665527600813240      -0.33400988103746920     
  -5.2221575692486990      -0.49536523972839591      -0.91151709844568218     
  -1.9725370412045715       -1.4511318465214009      -0.30191840087104782     
  -2.6264342191592123       -1.0376048109344003       0.12301145281385176     
  -2.8381563402378025      -0.64976502930272972      -0.29255875374492529     
  -2.6636810200288674      -0.99366682341664847      -0.53714272645500261     
  -3.1342836015370326       -3.8483399882202636       0.12628001027561578     
  -3.0699757874921558       -3.7297055873935459      -0.17637367625586961     
First
                         Total        7.088695913E-01
Step size:       0.20
Step size in Bohr:       0.38
Learning Rate:       1.00
# Steps:          5
                         Error  1        6.971573644E-01
                         Error  2        6.861792092E-01
                         Error  3        6.758937216E-01
                         Error  4        6.662609080E-01
                         Error  5        6.572422400E-01
                         Error        6.572422400E-01
