-xyz
refined.xyz
-dens
/home/unibas/boittier/RDKit_G2/B.pdb/SCAN_1_2_3_4_S_36_-10.0/34_SCAN_1_2_3_4_F/B.d.cube
-esp
/home/unibas/boittier/RDKit_G2/B.pdb/SCAN_1_2_3_4_S_36_-10.0/34_SCAN_1_2_3_4_F/B.p.cube
-stepsize
0.2
-n_steps
500
-learning_rate
0.5
   3.5241882516316920        2.3858490144694202       0.62428588060095647     
   3.4125135336094590      -0.53877541087008407      -0.87699332491935555     
   6.2486773344900879       -1.2357122389048005       0.11355288146611882     
   3.8520046739240801      -0.96050600998305202       0.11243812816851249     
   3.4151366576768925      -0.75521405965432675       0.73322750806567305     
   2.3414049041675109       -1.6400365186698378      -0.15441368226031263     
   1.5004602934360325       -1.0251842694256095       -1.0015700935390839     
   1.8380391203348547       -1.3404817239017679        6.4660484543237369E-003
   1.0963805772760289      -0.80760493191237970      -0.29270631336884756     
   1.4405927509186902       -4.3010080175676508      -0.61822171136076298     
 -0.90789398671997112        2.4616866867543044      -0.10637627873421078     
 -0.87049525682279394        2.0081880750580949      -0.18804656338210746     
 -0.99219026915017661        1.2223778309943998       -9.9399445907469200E-002
 -0.90602741982565160        2.2048037290580886       -7.2597807733886854E-002
 -0.78507957371601012      -0.40344957129204068        2.0465854857576685E-002
 -0.82256812368051346       0.26169827405678875      -0.16763337598522268     
 -0.74000958144500306      -0.85950164301702481       -8.3460598271289502E-002
  -1.2280418137997369      -0.57149479287752336      -0.41588681095810648     
  -5.3692931827225649       -2.9549082884636160E-002  0.35876851674124532     
  -2.0587236249103733       -1.3161148627487251       -3.6495494150109407E-002
  -2.4655786865888358      -0.85243552048765869       0.38426827047006756     
  -2.6251775393846630      -0.46810308776241050       0.12157194048283844     
  -2.6053361523383520      -0.85004897514736744       -5.9320584484526852E-002
  -3.2866354679315934       -3.3211539289649288       0.87139811565295633     
  -3.2921715652094079       -3.3970044545803249       0.53951968505602566     
First
                         Total        4.728442167E-01
Step size:       0.20
Step size in Bohr:       0.38
Learning Rate:       1.00
# Steps:        500
                         Error  1        4.723513021E-01
                         Error  2        4.718920765E-01
                         Error  3        4.714638968E-01
                         Error  4        4.710643261E-01
                         Error  5        4.706911181E-01
                         Error  6        4.703422025E-01
                         Error  7        4.700156717E-01
                         Error  8        4.697097682E-01
                         Error  9        4.694228733E-01
                         Error 10        4.691534961E-01
                         Error 11        4.689002638E-01
                         Error 12        4.686619124E-01
                         Error 13        4.684372781E-01
                         Error 14        4.682252897E-01
                         Error 15        4.680249610E-01
                         Error 16        4.678353846E-01
                         Error 17        4.676557251E-01
                         Error 18        4.674852138E-01
                         Error 19        4.673231433E-01
                         Error 20        4.671688627E-01
                         Error 21        4.670217729E-01
                         Error 22        4.668813229E-01
                         Error 23        4.667470053E-01
                         Error 24        4.666183535E-01
                         Error 25        4.664949382E-01
                         Error 26        4.663763642E-01
                         Error 27        4.662622680E-01
                         Error 28        4.661523150E-01
                         Error 29        4.660461973E-01
                         Error 30        4.659436316E-01
                         Error 31        4.658443573E-01
                         Error 32        4.657481344E-01
                         Error 33        4.656547421E-01
                         Error 34        4.655639771E-01
                         Error 35        4.654756522E-01
                         Error 36        4.653895953E-01
                         Error 37        4.653056478E-01
                         Error 38        4.652236637E-01
                         Error 39        4.651435084E-01
                         Error 40        4.650650582E-01
                         Error 41        4.649881990E-01
                         Error 42        4.649128258E-01
                         Error 43        4.648388418E-01
                         Error 44        4.647661576E-01
                         Error 45        4.646946912E-01
                         Error 46        4.646243667E-01
                         Error 47        4.645551142E-01
                         Error 48        4.644868693E-01
                         Error 49        4.644195726E-01
                         Error 50        4.643531691E-01
                         Error 51        4.642876083E-01
                         Error 52        4.642228433E-01
                         Error 53        4.641588312E-01
                         Error 54        4.640955318E-01
                         Error 55        4.640329085E-01
                         Error 56        4.639709270E-01
                         Error 57        4.639095560E-01
                         Error 58        4.638487663E-01
                         Error 59        4.637885308E-01
                         Error 60        4.637288245E-01
                         Error 61        4.636696243E-01
                         Error 62        4.636109087E-01
                         Error 63        4.635526578E-01
                         Error 64        4.634948531E-01
                         Error 65        4.634374773E-01
                         Error 66        4.633805146E-01
                         Error 67        4.633239500E-01
                         Error 68        4.632677697E-01
                         Error 69        4.632119608E-01
                         Error 70        4.631565114E-01
                         Error 71        4.631014101E-01
                         Error 72        4.630466465E-01
                         Error 73        4.629922109E-01
                         Error 74        4.629380940E-01
                         Error 75        4.628842872E-01
                         Error 76        4.628307825E-01
                         Error 77        4.627775724E-01
                         Error 78        4.627246496E-01
                         Error 79        4.626720075E-01
                         Error 80        4.626196398E-01
                         Error 81        4.625675406E-01
                         Error 82        4.625157041E-01
                         Error 83        4.624641252E-01
                         Error 84        4.624127986E-01
                         Error 85        4.623617198E-01
                         Error 86        4.623108840E-01
                         Error 87        4.622602871E-01
                         Error 88        4.622099248E-01
                         Error 89        4.621597933E-01
                         Error 90        4.621098889E-01
                         Error 91        4.620602078E-01
                         Error 92        4.620107468E-01
                         Error 93        4.619615025E-01
                         Error 94        4.619124717E-01
                         Error 95        4.618636515E-01
                         Error 96        4.618150389E-01
                         Error 97        4.617666311E-01
                         Error 98        4.617184253E-01
                         Error 99        4.616704190E-01
                         Error100        4.616226096E-01
                         Error101        4.615749947E-01
                         Error102        4.615275718E-01
                         Error103        4.614803387E-01
                         Error104        4.614332931E-01
                         Error105        4.613864327E-01
                         Error106        4.613397556E-01
                         Error107        4.612932596E-01
                         Error108        4.612469427E-01
                         Error109        4.612008029E-01
                         Error110        4.611548383E-01
                         Error111        4.611090471E-01
                         Error112        4.610634272E-01
                         Error113        4.610179771E-01
                         Error114        4.609726949E-01
                         Error115        4.609275788E-01
                         Error116        4.608826272E-01
                         Error117        4.608378384E-01
                         Error118        4.607932107E-01
                         Error119        4.607487427E-01
                         Error120        4.607044326E-01
                         Error121        4.606602789E-01
                         Error122        4.606162802E-01
                         Error123        4.605724348E-01
                         Error124        4.605287414E-01
                         Error125        4.604851985E-01
                         Error126        4.604418046E-01
                         Error127        4.603985583E-01
                         Error128        4.603554583E-01
                         Error129        4.603125031E-01
                         Error130        4.602696915E-01
                         Error131        4.602270220E-01
                         Error132        4.601844934E-01
                         Error133        4.601421044E-01
                         Error134        4.600998537E-01
                         Error135        4.600577400E-01
                         Error136        4.600157622E-01
                         Error137        4.599739188E-01
                         Error138        4.599322089E-01
                         Error139        4.598906311E-01
                         Error140        4.598491842E-01
                         Error141        4.598078671E-01
                         Error142        4.597666787E-01
                         Error143        4.597256178E-01
                         Error144        4.596846833E-01
                         Error145        4.596438740E-01
                         Error146        4.596031889E-01
                         Error147        4.595626269E-01
                         Error148        4.595221869E-01
                         Error149        4.594818678E-01
                         Error150        4.594416686E-01
                         Error151        4.594015883E-01
                         Error152        4.593616258E-01
                         Error153        4.593217801E-01
                         Error154        4.592820503E-01
                         Error155        4.592424353E-01
                         Error156        4.592029341E-01
                         Error157        4.591635459E-01
                         Error158        4.591242696E-01
                         Error159        4.590851042E-01
                         Error160        4.590460489E-01
                         Error161        4.590071028E-01
                         Error162        4.589682648E-01
                         Error163        4.589295342E-01
                         Error164        4.588909100E-01
                         Error165        4.588523914E-01
                         Error166        4.588139774E-01
                         Error167        4.587756672E-01
                         Error168        4.587374600E-01
                         Error169        4.586993548E-01
                         Error170        4.586613510E-01
                         Error171        4.586234476E-01
                         Error172        4.585856438E-01
                         Error173        4.585479389E-01
                         Error174        4.585103319E-01
                         Error175        4.584728223E-01
                         Error176        4.584354090E-01
                         Error177        4.583980915E-01
                         Error178        4.583608689E-01
                         Error179        4.583237404E-01
                         Error180        4.582867054E-01
                         Error181        4.582497630E-01
                         Error182        4.582129126E-01
                         Error183        4.581761534E-01
                         Error184        4.581394847E-01
                         Error185        4.581029059E-01
                         Error186        4.580664161E-01
                         Error187        4.580300148E-01
                         Error188        4.579937012E-01
                         Error189        4.579574746E-01
                         Error190        4.579213345E-01
                         Error191        4.578852800E-01
                         Error192        4.578493107E-01
                         Error193        4.578134257E-01
                         Error194        4.577776246E-01
                         Error195        4.577419066E-01
                         Error196        4.577062711E-01
                         Error197        4.576707175E-01
                         Error198        4.576352453E-01
                         Error199        4.575998537E-01
                         Error200        4.575645422E-01
                         Error201        4.575293102E-01
                         Error202        4.574941571E-01
                         Error203        4.574590823E-01
                         Error204        4.574240853E-01
                         Error205        4.573891654E-01
                         Error206        4.573543222E-01
                         Error207        4.573195550E-01
                         Error208        4.572848634E-01
                         Error209        4.572502467E-01
                         Error210        4.572157045E-01
                         Error211        4.571812362E-01
                         Error212        4.571468413E-01
                         Error213        4.571125192E-01
                         Error214        4.570782694E-01
                         Error215        4.570440915E-01
                         Error216        4.570099849E-01
                         Error217        4.569759491E-01
                         Error218        4.569419837E-01
                         Error219        4.569080881E-01
                         Error220        4.568742619E-01
                         Error221        4.568405046E-01
                         Error222        4.568068156E-01
                         Error223        4.567731946E-01
                         Error224        4.567396411E-01
                         Error225        4.567061546E-01
                         Error226        4.566727347E-01
                         Error227        4.566393809E-01
                         Error228        4.566060928E-01
                         Error229        4.565728699E-01
                         Error230        4.565397119E-01
                         Error231        4.565066182E-01
                         Error232        4.564735884E-01
                         Error233        4.564406222E-01
                         Error234        4.564077191E-01
                         Error235        4.563748786E-01
                         Error236        4.563421005E-01
                         Error237        4.563093843E-01
                         Error238        4.562767295E-01
                         Error239        4.562441359E-01
                         Error240        4.562116029E-01
                         Error241        4.561791303E-01
                         Error242        4.561467176E-01
                         Error243        4.561143645E-01
                         Error244        4.560820705E-01
                         Error245        4.560498354E-01
                         Error246        4.560176586E-01
                         Error247        4.559855400E-01
                         Error248        4.559534791E-01
                         Error249        4.559214756E-01
                         Error250        4.558895290E-01
                         Error251        4.558576391E-01
                         Error252        4.558258056E-01
                         Error253        4.557940280E-01
                         Error254        4.557623061E-01
                         Error255        4.557306394E-01
                         Error256        4.556990278E-01
                         Error257        4.556674707E-01
                         Error258        4.556359680E-01
                         Error259        4.556045194E-01
                         Error260        4.555731243E-01
                         Error261        4.555417827E-01
                         Error262        4.555104941E-01
                         Error263        4.554792583E-01
                         Error264        4.554480749E-01
                         Error265        4.554169436E-01
                         Error266        4.553858642E-01
                         Error267        4.553548363E-01
                         Error268        4.553238597E-01
                         Error269        4.552929341E-01
                         Error270        4.552620591E-01
                         Error271        4.552312346E-01
                         Error272        4.552004601E-01
                         Error273        4.551697355E-01
                         Error274        4.551390604E-01
                         Error275        4.551084346E-01
                         Error276        4.550778579E-01
                         Error277        4.550473298E-01
                         Error278        4.550168503E-01
                         Error279        4.549864190E-01
                         Error280        4.549560356E-01
                         Error281        4.549257000E-01
                         Error282        4.548954118E-01
                         Error283        4.548651708E-01
                         Error284        4.548349768E-01
                         Error285        4.548048294E-01
                         Error286        4.547747285E-01
                         Error287        4.547446738E-01
                         Error288        4.547146651E-01
                         Error289        4.546847022E-01
                         Error290        4.546547847E-01
                         Error291        4.546249125E-01
                         Error292        4.545950854E-01
                         Error293        4.545653030E-01
                         Error294        4.545355653E-01
                         Error295        4.545058719E-01
                         Error296        4.544762226E-01
                         Error297        4.544466172E-01
                         Error298        4.544170556E-01
                         Error299        4.543875375E-01
                         Error300        4.543580626E-01
                         Error301        4.543286307E-01
                         Error302        4.542992418E-01
                         Error303        4.542698954E-01
                         Error304        4.542405916E-01
                         Error305        4.542113299E-01
                         Error306        4.541821103E-01
                         Error307        4.541529325E-01
                         Error308        4.541237964E-01
                         Error309        4.540947017E-01
                         Error310        4.540656482E-01
                         Error311        4.540366358E-01
                         Error312        4.540076643E-01
                         Error313        4.539787334E-01
                         Error314        4.539498430E-01
                         Error315        4.539209930E-01
                         Error316        4.538921830E-01
                         Error317        4.538634130E-01
                         Error318        4.538346827E-01
                         Error319        4.538059921E-01
                         Error320        4.537773408E-01
                         Error321        4.537487288E-01
                         Error322        4.537201558E-01
                         Error323        4.536916217E-01
                         Error324        4.536631263E-01
                         Error325        4.536346695E-01
                         Error326        4.536062510E-01
                         Error327        4.535778708E-01
                         Error328        4.535495286E-01
                         Error329        4.535212243E-01
                         Error330        4.534929577E-01
                         Error331        4.534647287E-01
                         Error332        4.534365371E-01
                         Error333        4.534083827E-01
                         Error334        4.533802655E-01
                         Error335        4.533521852E-01
                         Error336        4.533241416E-01
                         Error337        4.532961347E-01
                         Error338        4.532681643E-01
                         Error339        4.532402302E-01
                         Error340        4.532123324E-01
                         Error341        4.531844705E-01
                         Error342        4.531566446E-01
                         Error343        4.531288544E-01
                         Error344        4.531010999E-01
                         Error345        4.530733808E-01
                         Error346        4.530456970E-01
                         Error347        4.530180485E-01
                         Error348        4.529904350E-01
                         Error349        4.529628564E-01
                         Error350        4.529353127E-01
                         Error351        4.529078035E-01
                         Error352        4.528803289E-01
                         Error353        4.528528887E-01
                         Error354        4.528254828E-01
                         Error355        4.527981110E-01
                         Error356        4.527707731E-01
                         Error357        4.527434692E-01
                         Error358        4.527161990E-01
                         Error359        4.526889625E-01
                         Error360        4.526617594E-01
                         Error361        4.526345897E-01
                         Error362        4.526074533E-01
                         Error363        4.525803500E-01
                         Error364        4.525532798E-01
                         Error365        4.525262424E-01
                         Error366        4.524992378E-01
                         Error367        4.524722659E-01
                         Error368        4.524453265E-01
                         Error369        4.524184196E-01
                         Error370        4.523915450E-01
                         Error371        4.523647026E-01
                         Error372        4.523378923E-01
                         Error373        4.523111139E-01
                         Error374        4.522843675E-01
                         Error375        4.522576528E-01
                         Error376        4.522309698E-01
                         Error377        4.522043183E-01
                         Error378        4.521776983E-01
                         Error379        4.521511096E-01
                         Error380        4.521245521E-01
                         Error381        4.520980258E-01
                         Error382        4.520715305E-01
                         Error383        4.520450661E-01
                         Error384        4.520186325E-01
                         Error385        4.519922297E-01
                         Error386        4.519658575E-01
                         Error387        4.519395158E-01
                         Error388        4.519132045E-01
                         Error389        4.518869236E-01
                         Error390        4.518606728E-01
                         Error391        4.518344523E-01
                         Error392        4.518082617E-01
                         Error393        4.517821011E-01
                         Error394        4.517559704E-01
                         Error395        4.517298694E-01
                         Error396        4.517037980E-01
                         Error397        4.516777563E-01
                         Error398        4.516517440E-01
                         Error399        4.516257611E-01
                         Error400        4.515998075E-01
                         Error401        4.515738832E-01
                         Error402        4.515479879E-01
                         Error403        4.515221217E-01
                         Error404        4.514962844E-01
                         Error405        4.514704760E-01
                         Error406        4.514446964E-01
                         Error407        4.514189455E-01
                         Error408        4.513932232E-01
                         Error409        4.513675294E-01
                         Error410        4.513418640E-01
                         Error411        4.513162270E-01
                         Error412        4.512906183E-01
                         Error413        4.512650378E-01
                         Error414        4.512394854E-01
                         Error415        4.512139610E-01
                         Error416        4.511884646E-01
                         Error417        4.511629961E-01
                         Error418        4.511375553E-01
                         Error419        4.511121423E-01
                         Error420        4.510867569E-01
                         Error421        4.510613991E-01
                         Error422        4.510360688E-01
                         Error423        4.510107658E-01
                         Error424        4.509854903E-01
                         Error425        4.509602420E-01
                         Error426        4.509350208E-01
                         Error427        4.509098268E-01
                         Error428        4.508846599E-01
                         Error429        4.508595199E-01
                         Error430        4.508344068E-01
                         Error431        4.508093205E-01
                         Error432        4.507842610E-01
                         Error433        4.507592282E-01
                         Error434        4.507342220E-01
                         Error435        4.507092423E-01
                         Error436        4.506842891E-01
                         Error437        4.506593624E-01
                         Error438        4.506344619E-01
                         Error439        4.506095877E-01
                         Error440        4.505847398E-01
                         Error441        4.505599180E-01
                         Error442        4.505351222E-01
                         Error443        4.505103525E-01
                         Error444        4.504856086E-01
                         Error445        4.504608907E-01
                         Error446        4.504361986E-01
                         Error447        4.504115322E-01
                         Error448        4.503868915E-01
                         Error449        4.503622764E-01
                         Error450        4.503376869E-01
                         Error451        4.503131229E-01
                         Error452        4.502885843E-01
                         Error453        4.502640710E-01
                         Error454        4.502395831E-01
                         Error455        4.502151204E-01
                         Error456        4.501906829E-01
                         Error457        4.501662706E-01
                         Error458        4.501418833E-01
                         Error459        4.501175210E-01
                         Error460        4.500931836E-01
                         Error461        4.500688712E-01
                         Error462        4.500445835E-01
                         Error463        4.500203207E-01
                         Error464        4.499960825E-01
                         Error465        4.499718690E-01
                         Error466        4.499476801E-01
                         Error467        4.499235158E-01
                         Error468        4.498993759E-01
                         Error469        4.498752605E-01
                         Error470        4.498511694E-01
                         Error471        4.498271027E-01
                         Error472        4.498030602E-01
                         Error473        4.497790419E-01
                         Error474        4.497550478E-01
                         Error475        4.497310778E-01
                         Error476        4.497071319E-01
                         Error477        4.496832099E-01
                         Error478        4.496593119E-01
                         Error479        4.496354377E-01
                         Error480        4.496115874E-01
                         Error481        4.495877609E-01
                         Error482        4.495639581E-01
                         Error483        4.495401790E-01
                         Error484        4.495164235E-01
                         Error485        4.494926916E-01
                         Error486        4.494689833E-01
                         Error487        4.494452984E-01
                         Error488        4.494216369E-01
                         Error489        4.493979988E-01
                         Error490        4.493743840E-01
                         Error491        4.493507925E-01
                         Error492        4.493272243E-01
                         Error493        4.493036792E-01
                         Error494        4.492801573E-01
                         Error495        4.492566584E-01
                         Error496        4.492331826E-01
                         Error497        4.492097297E-01
                         Error498        4.491862999E-01
                         Error499        4.491628928E-01
                         Error500        4.491395087E-01
                         Error        4.491395087E-01
