-xyz
refined.xyz
-dens
../../cube_files/ester/9_SCAN_1_2_6_8_F/O.d.cube
-esp
../../cube_files/ester/9_SCAN_1_2_6_8_F/O.p.cube
-stepsize
0.2
-n_steps
200
-learning_rate
0.5
   1.4512794255033987        2.0428751638262055       0.36628370870950322     
   1.6451339970710162        2.2380872913285992       0.91168669833515659     
  0.32821251493755504        3.1774606549311346       -1.4493000897706050     
  0.43238874761651191        3.0129515935240434       -1.1445939267487575     
   3.0955868511551619        2.9185365235765968      -0.14168887103866237     
   2.6701151156552254        2.6992452342792514      -0.23306807012595021     
   8.7567412846866810E-002   3.6479946415879576        2.2820729960335036     
   3.4708957674531660       -1.9147717744386061       -2.8669310773721833E-002
   2.8266496242574015       -2.3945994369014540        1.0112630199829161E-002
   3.4143663416360477       -1.4852662012125206       -1.2404910425799912E-003
  0.19145907579255753      -0.79415251773109063        1.9063619809266682E-002
   1.3395456069029343       0.10258833209222808       0.28414878669227273     
   1.2048753209435137       0.38337981801348120       0.80603468963324432     
 -0.66950368163900320       -1.0703531035630900       -6.3588865431786948E-002
  -1.2580470461898108       -1.5123410684415066       0.35576923911239960     
  -1.4140090607428861       -1.8687272036153491        3.4111366846441447E-003
  -1.2693243488189296       -1.5749261426417032      -0.51737661726050710     
  -3.9783586298071598      -0.46278723076000089      -0.21764612576240575     
  -2.5761889118647052      -0.19470847062685526      -0.43299939372258284     
  -4.3877928762242711      -0.61858141326749716      -0.12132170233301365     
  -3.9812479415487352       0.71033692602713205        1.7734828873201178     
  -3.9731342456636685       0.54840853868455808        1.6398937707470100     
  -3.4971611158966072       0.75517673491710868       -1.1153283219286576     
  -3.6634892087775266        1.0941433380720831       -1.5906661283293222     
First
                         Total        9.396456396E-01
Step size:       0.20
Step size in Bohr:       0.38
Learning Rate:       1.00
# Steps:        200
                         Error  1        9.328655098E-01
                         Error  2        9.265485666E-01
                         Error  3        9.206610055E-01
                         Error  4        9.151711413E-01
                         Error  5        9.100493321E-01
                         Error  6        9.052678964E-01
                         Error  7        9.008010264E-01
                         Error  8        8.966246979E-01
                         Error  9        8.927165788E-01
                         Error 10        8.890559377E-01
                         Error 11        8.856235519E-01
                         Error 12        8.824016183E-01
                         Error 13        8.793736654E-01
                         Error 14        8.765244681E-01
                         Error 15        8.738399658E-01
                         Error 16        8.713071838E-01
                         Error 17        8.689141582E-01
                         Error 18        8.666498644E-01
                         Error 19        8.645041496E-01
                         Error 20        8.624676692E-01
                         Error 21        8.605318264E-01
                         Error 22        8.586887160E-01
                         Error 23        8.569310720E-01
                         Error 24        8.552522179E-01
                         Error 25        8.536460211E-01
                         Error 26        8.521068500E-01
                         Error 27        8.506295342E-01
                         Error 28        8.492093280E-01
                         Error 29        8.478418763E-01
                         Error 30        8.465231824E-01
                         Error 31        8.452495799E-01
                         Error 32        8.440177047E-01
                         Error 33        8.428244709E-01
                         Error 34        8.416670475E-01
                         Error 35        8.405428377E-01
                         Error 36        8.394494591E-01
                         Error 37        8.383847260E-01
                         Error 38        8.373466332E-01
                         Error 39        8.363333407E-01
                         Error 40        8.353431598E-01
                         Error 41        8.343745408E-01
                         Error 42        8.334260607E-01
                         Error 43        8.324964132E-01
                         Error 44        8.315843985E-01
                         Error 45        8.306889145E-01
                         Error 46        8.298089483E-01
                         Error 47        8.289435690E-01
                         Error 48        8.280919205E-01
                         Error 49        8.272532154E-01
                         Error 50        8.264267292E-01
                         Error 51        8.256117948E-01
                         Error 52        8.248077977E-01
                         Error 53        8.240141718E-01
                         Error 54        8.232303952E-01
                         Error 55        8.224559862E-01
                         Error 56        8.216905002E-01
                         Error 57        8.209335268E-01
                         Error 58        8.201846864E-01
                         Error 59        8.194436280E-01
                         Error 60        8.187100265E-01
                         Error 61        8.179835810E-01
                         Error 62        8.172640124E-01
                         Error 63        8.165510615E-01
                         Error 64        8.158444879E-01
                         Error 65        8.151440677E-01
                         Error 66        8.144495928E-01
                         Error 67        8.137608692E-01
                         Error 68        8.130777159E-01
                         Error 69        8.123999641E-01
                         Error 70        8.117274557E-01
                         Error 71        8.110600430E-01
                         Error 72        8.103975874E-01
                         Error 73        8.097399590E-01
                         Error 74        8.090870356E-01
                         Error 75        8.084387023E-01
                         Error 76        8.077948509E-01
                         Error 77        8.071553794E-01
                         Error 78        8.065201913E-01
                         Error 79        8.058891953E-01
                         Error 80        8.052623051E-01
                         Error 81        8.046394386E-01
                         Error 82        8.040205181E-01
                         Error 83        8.034054694E-01
                         Error 84        8.027942219E-01
                         Error 85        8.021867084E-01
                         Error 86        8.015828645E-01
                         Error 87        8.009826286E-01
                         Error 88        8.003859420E-01
                         Error 89        7.997927480E-01
                         Error 90        7.992029924E-01
                         Error 91        7.986166229E-01
                         Error 92        7.980335894E-01
                         Error 93        7.974538433E-01
                         Error 94        7.968773378E-01
                         Error 95        7.963040280E-01
                         Error 96        7.957338699E-01
                         Error 97        7.951668213E-01
                         Error 98        7.946028413E-01
                         Error 99        7.940418900E-01
                         Error100        7.934839287E-01
                         Error101        7.929289200E-01
                         Error102        7.923768273E-01
                         Error103        7.918276150E-01
                         Error104        7.912812485E-01
                         Error105        7.907376940E-01
                         Error106        7.901969185E-01
                         Error107        7.896588897E-01
                         Error108        7.891235764E-01
                         Error109        7.885909476E-01
                         Error110        7.880609734E-01
                         Error111        7.875336243E-01
                         Error112        7.870088714E-01
                         Error113        7.864866865E-01
                         Error114        7.859670419E-01
                         Error115        7.854499105E-01
                         Error116        7.849352656E-01
                         Error117        7.844230812E-01
                         Error118        7.839133316E-01
                         Error119        7.834059915E-01
                         Error120        7.829010363E-01
                         Error121        7.823984416E-01
                         Error122        7.818981835E-01
                         Error123        7.814002386E-01
                         Error124        7.809045837E-01
                         Error125        7.804111962E-01
                         Error126        7.799200536E-01
                         Error127        7.794311340E-01
                         Error128        7.789444157E-01
                         Error129        7.784598774E-01
                         Error130        7.779774981E-01
                         Error131        7.774972571E-01
                         Error132        7.770191342E-01
                         Error133        7.765431092E-01
                         Error134        7.760691624E-01
                         Error135        7.755972743E-01
                         Error136        7.751274258E-01
                         Error137        7.746595979E-01
                         Error138        7.741937721E-01
                         Error139        7.737299299E-01
                         Error140        7.732680533E-01
                         Error141        7.728081244E-01
                         Error142        7.723501256E-01
                         Error143        7.718940395E-01
                         Error144        7.714398491E-01
                         Error145        7.709875374E-01
                         Error146        7.705370878E-01
                         Error147        7.700884839E-01
                         Error148        7.696417094E-01
                         Error149        7.691967483E-01
                         Error150        7.687535850E-01
                         Error151        7.683122037E-01
                         Error152        7.678725893E-01
                         Error153        7.674347264E-01
                         Error154        7.669986001E-01
                         Error155        7.665641957E-01
                         Error156        7.661314986E-01
                         Error157        7.657004944E-01
                         Error158        7.652711688E-01
                         Error159        7.648435080E-01
                         Error160        7.644174980E-01
                         Error161        7.639931252E-01
                         Error162        7.635703761E-01
                         Error163        7.631492373E-01
                         Error164        7.627296957E-01
                         Error165        7.623117384E-01
                         Error166        7.618953525E-01
                         Error167        7.614805253E-01
                         Error168        7.610672443E-01
                         Error169        7.606554972E-01
                         Error170        7.602452717E-01
                         Error171        7.598365559E-01
                         Error172        7.594293378E-01
                         Error173        7.590236057E-01
                         Error174        7.586193478E-01
                         Error175        7.582165529E-01
                         Error176        7.578152094E-01
                         Error177        7.574153063E-01
                         Error178        7.570168324E-01
                         Error179        7.566197768E-01
                         Error180        7.562241288E-01
                         Error181        7.558298776E-01
                         Error182        7.554370126E-01
                         Error183        7.550455236E-01
                         Error184        7.546554001E-01
                         Error185        7.542666320E-01
                         Error186        7.538792091E-01
                         Error187        7.534931217E-01
                         Error188        7.531083598E-01
                         Error189        7.527249137E-01
                         Error190        7.523427738E-01
                         Error191        7.519619307E-01
                         Error192        7.515823748E-01
                         Error193        7.512040971E-01
                         Error194        7.508270882E-01
                         Error195        7.504513391E-01
                         Error196        7.500768408E-01
                         Error197        7.497035846E-01
                         Error198        7.493315615E-01
                         Error199        7.489607630E-01
                         Error200        7.485911805E-01
                         Error        7.485911805E-01
