-xyz
refined.xyz
-dens
/home/unibas/boittier/RDKit_G2/B.pdb/SCAN_1_2_3_4_S_36_10.0/3_SCAN/B.d.cube
-esp
/home/unibas/boittier/RDKit_G2/B.pdb/SCAN_1_2_3_4_S_36_10.0/3_SCAN/B.p.cube
-stepsize
0.2
-n_steps
10
-learning_rate
0.5
   3.6373439311147138        2.6329477137001795       0.96989449912952519     
   3.1455347793708199       -2.3286725874733141E-002 -0.36001631719359373     
   2.7492278631550504       0.19420958694381316       0.57011380536258538     
   5.7461926627542885       -1.2414933148245133       0.18351488477665037     
   2.8080078807393036       -7.2701692842080945E-002  0.80027373183911721     
  0.96612588484270190       -1.1782059541884966       -6.7119902174991364E-002
   1.5002223785383959       -3.6657692792446626      -0.95029307073761105     
   2.4100899368114628       -1.8037723594945312      -0.34276793472027922     
   1.8404168446328637       -1.4597514206151738      -0.26309760819265854     
  -1.4017621386141654        1.6586051356095017        3.6080251102821551E-002
  -1.3511392727199925        1.8425555757702292        6.1700134184912853E-002
  -1.0532305427004858        3.2749948842438039      -0.13897207415282134     
  -1.0544467819872736        2.5430981177010170      -0.15556749456754698     
 -0.97630419874760510      -0.77445668532330791       -6.6633687434325501E-003
  -1.1779394658697766      -0.44769232828503275       0.31828211465265194     
  -1.5335000915271841      -0.48937171831519510      -0.90577755307601782     
  -1.1589054045405494       0.63737618160035114      -0.11732423945491181     
  -2.6537273492840208       -1.0646560690728355        1.1638564628659347     
  -2.9678411050366034       -1.0290741261755809      -0.70836673440643216     
  -5.1764722854477583       -7.9453345633802241E-002  0.57739542062606641     
  -3.1272486440449865       -3.6433910508788725       0.29631770186190809     
First
                         Total        4.352500870E-01
Step size:       0.20
Step size in Bohr:       0.38
Learning Rate:       1.00
# Steps:         10
                         Error  1        4.319953238E-01
                         Error  2        4.289444539E-01
                         Error  3        4.260855282E-01
                         Error  4        4.234071655E-01
                         Error  5        4.208985407E-01
                         Error  6        4.185493720E-01
                         Error  7        4.163499059E-01
                         Error  8        4.142909020E-01
                         Error  9        4.123636159E-01
                         Error 10        4.105597823E-01
                         Error        4.105597823E-01
