-xyz
refined.xyz
-dens
/home/unibas/boittier/RDKit_G2/B.pdb/SCAN_1_2_3_4_S_36_10.0/8_SCAN_1_2_3_4_F/B.d.cube
-esp
/home/unibas/boittier/RDKit_G2/B.pdb/SCAN_1_2_3_4_S_36_10.0/8_SCAN_1_2_3_4_F/B.p.cube
-stepsize
0.2
-n_steps
5
-learning_rate
0.5
  -3.1680242437490054       0.25004825582244078       -3.1073332048826487     
  -3.4404926648007743       0.59697431877106033        6.5206962158232087E-002
  -6.3643470762638827      -0.27246918361666284        4.9146412566133953E-002
  -4.0925958812649883      -0.32380323491308050       0.21733006859996457     
  -3.5594877497305291      -0.87102283638914724       -8.6968603251022528E-002
  -2.7989684677791749      -0.50083631178579024        1.0314557340446964     
  -1.4219696587344326       -5.3900936927612532E-002   1.8332296917992152     
  -2.3342548192757993      -0.25615204501128291       0.78913067281638249     
  -1.3177705755880138        2.9747962981752304E-002  0.86496168862348954     
  -2.1808231547184187      -0.77907186076713386        3.6546847941443636     
   1.9927891821141224        2.9030861783051907      -0.12482366628193105     
   1.8010530809008796        2.2790268433755814        8.5798380984433709E-002
   1.6514467733378362        1.4874686565934920       -6.9439141891327431E-003
   1.8775774539759529        2.5371011246647459      -0.18416826477261172     
  0.73029336558412505      -0.34501327878991178       -4.1146454560490002E-004
   1.0801452868131649       0.40309086608702993       0.23619355850951670     
  0.55959326586464087      -0.82500337547347358       0.23726416751544008     
   1.2123837299260452      -0.64910932267328181       0.58998678732790844     
   4.9766371790195469       -1.5197381473997924      -0.86460275224592076     
   1.6809263245465724       -1.6665044725064735       0.12815790974184074     
   2.1524581201602100       -1.3573345325817363      -0.56367111484338217     
   2.6187749722967260       -1.0754511673129654      -0.29018342705738576     
   2.4984588176483826       -1.3990302812735089        4.1969034088916541E-003
   1.8885459616214311       -4.1890412591829751      -0.79713513539722625     
   1.9894470473868131       -4.1013169564281746      -0.49132507871887371     
First
                         Total        9.427279189E-01
Step size:       0.20
Step size in Bohr:       0.38
Learning Rate:       1.00
# Steps:          5
                         Error  1        9.328678196E-01
                         Error  2        9.234988641E-01
                         Error  3        9.145946506E-01
                         Error  4        9.061298213E-01
                         Error  5        8.980800700E-01
                         Error        8.980800700E-01
