-xyz
refined.xyz
-dens
/home/unibas/boittier/RDKit_G2/B.pdb/SCAN_1_2_3_4_S_36_10.0/20_SCAN/B.d.cube
-esp
/home/unibas/boittier/RDKit_G2/B.pdb/SCAN_1_2_3_4_S_36_10.0/20_SCAN/B.p.cube
-stepsize
0.2
-n_steps
100
-learning_rate
0.5
  -3.9746584327080612        2.9713833399941678      -0.50443189151654300     
  -3.5335220355458330      -0.43779178309862132       0.67914795674418360     
  -3.7306464081039756      -0.72477222840380950        3.8743014623389735E-002
  -6.2691759776232443       -1.0895718233748770        3.1365819331206087E-002
  -3.4740322868907021      -0.62888874219329405      -0.57523873205252096     
  -1.7642839495580454      -0.24814160559634971       0.27787616311251795     
  -1.4214323756240821       -6.6174323808045332E-002  0.25919997214548035     
  -1.8413602618587797       -2.6541267447188126       0.31799945084233083     
  -1.8938595315542990       -2.6653945422328453      -0.21844369244714587     
  -1.9998445282821007       -2.5603085372400209       0.81570078114373912     
   3.4095290631849604       -2.3603344573668990      -0.31900716672313045     
   2.7524418239371728       -1.6910651610023615      -0.19415132124722928     
  0.65719699604981774       0.86967907569587954      -0.59509675422368258     
  0.42178614105052631       0.86488432560557871      -0.35843170693127252     
   1.0836706906196494       0.93680897611202418       0.65215820048236872     
   1.5158886478329539      -0.28719782952207323      -0.15642061412442892     
   4.2750607208668256        3.2194047708312836       -4.3593305569554451E-002
   2.0334215427725688        1.9765092028720348        5.2758729376996133E-002
   1.7297920767256763        2.1290921636721891      -0.58749748439362059     
   1.9210602956000686        2.1658810919403813       0.75057901047730824     
 -0.34508905441455279        4.2343997600465126       0.19888688706204088     
First
                         Total        4.379655472E+00
Step size:       0.20
Step size in Bohr:       0.38
Learning Rate:       1.00
# Steps:        100
                         Error  1        4.313399170E+00
                         Error  2        4.247324746E+00
                         Error  3        4.181440230E+00
                         Error  4        4.115754098E+00
                         Error  5        4.050275300E+00
                         Error  6        3.985013288E+00
                         Error  7        3.919978048E+00
                         Error  8        3.855180130E+00
                         Error  9        3.790630684E+00
                         Error 10        3.726341491E+00
                         Error 11        3.662325003E+00
                         Error 12        3.598594377E+00
                         Error 13        3.535163515E+00
                         Error 14        3.472047098E+00
                         Error 15        3.409260627E+00
                         Error 16        3.346820458E+00
                         Error 17        3.284743833E+00
                         Error 18        3.223048918E+00
                         Error 19        3.161754821E+00
                         Error 20        3.100881619E+00
                         Error 21        3.040450367E+00
                         Error 22        2.980483100E+00
                         Error 23        2.921002820E+00
                         Error 24        2.862033474E+00
                         Error 25        2.803599904E+00
                         Error 26        2.745727787E+00
                         Error 27        2.688443540E+00
                         Error 28        2.631774215E+00
                         Error 29        2.575747359E+00
                         Error 30        2.520390851E+00
                         Error 31        2.465732727E+00
                         Error 32        2.411800969E+00
                         Error 33        2.358623304E+00
                         Error 34        2.306226974E+00
                         Error 35        2.254638520E+00
                         Error 36        2.203883566E+00
                         Error 37        2.153986622E+00
                         Error 38        2.104970894E+00
                         Error 39        2.056858129E+00
                         Error 40        2.009668474E+00
                         Error 41        1.963420368E+00
                         Error 42        1.918130450E+00
                         Error 43        1.873813502E+00
                         Error 44        1.830482406E+00
                         Error 45        1.788148121E+00
                         Error 46        1.746819681E+00
                         Error 47        1.706504201E+00
                         Error 48        1.667206903E+00
                         Error 49        1.628931146E+00
                         Error 50        1.591678467E+00
                         Error 51        1.555448633E+00
                         Error 52        1.520239691E+00
                         Error 53        1.486048033E+00
                         Error 54        1.452868457E+00
                         Error 55        1.420694236E+00
                         Error 56        1.389517192E+00
                         Error 57        1.359327767E+00
                         Error 58        1.330115099E+00
                         Error 59        1.301867099E+00
                         Error 60        1.274570527E+00
                         Error 61        1.248211074E+00
                         Error 62        1.222773434E+00
                         Error 63        1.198241386E+00
                         Error 64        1.174597869E+00
                         Error 65        1.151825057E+00
                         Error 66        1.129904437E+00
                         Error 67        1.108816882E+00
                         Error 68        1.088542723E+00
                         Error 69        1.069061820E+00
                         Error 70        1.050353634E+00
                         Error 71        1.032397295E+00
                         Error 72        1.015171666E+00
                         Error 73        9.986554124E-01
                         Error 74        9.828270603E-01
                         Error 75        9.676650598E-01
                         Error 76        9.531478427E-01
                         Error 77        9.392538787E-01
                         Error 78        9.259617282E-01
                         Error 79        9.132500942E-01
                         Error 80        9.010978690E-01
                         Error 81        8.894841804E-01
                         Error 82        8.783884326E-01
                         Error 83        8.677903460E-01
                         Error 84        8.576699924E-01
                         Error 85        8.480078275E-01
                         Error 86        8.387847203E-01
                         Error 87        8.299819790E-01
                         Error 88        8.215813735E-01
                         Error 89        8.135651556E-01
                         Error 90        8.059160748E-01
                         Error 91        7.986173920E-01
                         Error 92        7.916528903E-01
                         Error 93        7.850068822E-01
                         Error 94        7.786642153E-01
                         Error 95        7.726102746E-01
                         Error 96        7.668309827E-01
                         Error 97        7.613127985E-01
                         Error 98        7.560427126E-01
                         Error 99        7.510082424E-01
                         Error100        7.461974244E-01
                         Error        7.461974244E-01
