atom_charge_dict:  {0: [0, 1], 2: [2, 3], 3: [4, 5], 4: [6], 6: [7, 8, 9], 1: [10, 11, 12], 5: [13, 14, 15, 16], 7: [17, 18], 9: [19], 8: [20, 21], 10: [22, 23]}
2
2 [2, 3] [ 0.08200791 -0.03590208 -0.0855465 ]
2 [2, 3] [ 0.15257106 -0.12001264 -0.26858594]
0
0 [0, 1] [ 0.09621706 -0.24017146 -0.21877803]
0 [0, 1] [ 0.09601799 -0.14973279 -0.52449488]
1
1 [10, 11, 12] [ 0.52303457 -0.04338063  0.22747615]
1 [10, 11, 12] [-0.10511114  0.18015694 -0.19397645]
1 [10, 11, 12] [ 0.02290266  0.36761974 -0.42115556]
3
3 [4, 5] [ 0.05881941 -0.08346072  0.11262729]
3 [4, 5] [ 0.27421437 -0.11516602  0.25356898]
0
4
4 [6] [ 0.18865899  0.24540984 -0.23958459]
6
6 [7, 8, 9] [-0.1676111  -0.23349314 -0.05561485]
6 [7, 8, 9] [ 0.23467694 -0.31531443  0.08975737]
6 [7, 8, 9] [-0.20324645 -0.0091695  -0.07825875]
1
5
5 [13, 14, 15, 16] [-0.29646183  0.00840266 -0.08576029]
5 [13, 14, 15, 16] [ 0.12523665  0.02269559 -0.16550832]
5 [13, 14, 15, 16] [ 0.22118278 -0.23553925  0.08696239]
5 [13, 14, 15, 16] [-0.04091575 -0.00749037  0.29948699]
8
8 [20, 21] [ 0.22627493 -0.05105546  0.19788175]
8 [20, 21] [ 0.23957443 -0.04296156  0.32016226]
7
7 [17, 18] [0.3008481  0.09968661 0.27434208]
7 [17, 18] [-0.50212209  0.12448119  0.22940734]
9
9 [19] [-0.39912839  0.08378145 -0.34488811]
10
10 [22, 23] [ 0.01533212 -0.34565047  0.20646439]
10 [22, 23] [ 0.0256653  -0.04456524  0.04463213]
7
5
RMSD using the Kabsch algorithm: 0.9052753904347098
1 [-1.09401949  0.90821989 -0.26613673]
2 [-1.09421856  0.99865856 -0.57185357]
3 [-1.23460669  1.52814404  0.8720612 ]
4 [-1.16404354  1.44403348  0.68902175]
5 [-2.10299987  0.98391575 -0.42146417]
6 [-1.88760491  0.95221045 -0.28052249]
7 [-0.36516072  2.08439094 -0.84885147]
8 [-1.27796626 -1.498894   -0.24335045]
9 [-0.87567823 -1.58071528 -0.09797822]
10 [-1.31360161 -1.27457035 -0.26599434]
11 [-0.0306809  -0.25048145  0.29030852]
12 [-0.65882661 -0.02694389 -0.13114409]
13 [-0.53081281  0.16051891 -0.3583232 ]
14 [ 0.4392249  -0.18645724  0.50660256]
15 [ 0.86092339 -0.17216432  0.42685453]
16 [ 0.95686952 -0.43039916  0.67932524]
17 [ 0.69477099 -0.20235027  0.89184984]
18 [ 2.15028255  0.2474704  -0.00990694]
19 [ 1.34731237  0.27226498 -0.05484168]
20 [2.33363054 0.19946219 0.00425282]
21 [ 2.16142707 -0.64263302 -0.88726766]
22 [ 2.17472656 -0.63453911 -0.76498714]
23 [ 1.74412956  0.80748284 -0.49614032]
24 [ 1.75446275  1.10856806 -0.65797257]
