-xyz
refined.xyz
-dens
/home/unibas/boittier/RDKit_G2/B.pdb/SCAN_1_2_3_4_S_36_10.0/17_SCAN/B.d.cube
-esp
/home/unibas/boittier/RDKit_G2/B.pdb/SCAN_1_2_3_4_S_36_10.0/17_SCAN/B.p.cube
-stepsize
0.2
-n_steps
10
-learning_rate
0.5
  -4.0205918102045999        3.0020054833765544        6.6954855858957815E-002
  -3.4883523051693723      -0.52354225616704686       0.77717610304895812     
  -3.7440460107367248      -0.70186377243114062       0.12379580692970510     
  -6.2672802002198642       -1.1047253811787778       0.21147699274747625     
  -3.5158590199965576      -0.57754606287284915      -0.49221983443112471     
  -1.7437239902570556      -0.31476538100258439       0.15683587920870903     
  -1.4406246786866030       -3.5630599533656403E-002  0.13155644691329788     
  -1.8861244677033289       -2.6267769962750100        5.5570832736573900E-002
  -1.9217156024555511       -2.6359453852237147      -0.47362852841420588     
  -1.9563447343217149       -2.6457844275082261       0.56905504899657622     
   3.4353905643652296       -2.2903322163251425      -0.43429155357285409     
   2.7865593353532789       -1.7721777495129691      -0.26811731198723887     
  0.67551124059066125       0.76206214802549177      -0.75888245899427420     
  0.39469875656285996       0.90309323739404224      -0.51750470330939724     
   1.0896606696913154       0.91270904810575793       0.49001149866008098     
   1.4782511088976611      -0.23482926372642238      -0.27818867934677721     
   4.3165304878358270        3.1839659356492231       0.57130743325431343     
   2.0486003882047230        2.0583218942068155       0.37099169748070987     
   1.8117931889315382        2.1356985953548779      -0.29624447863842113     
   1.8995215316886769        2.0242214152474998        1.0599126842125957     
 -0.37311437036674000        4.2391891575834117      -0.19781276906830048     
First
                         Total        8.071650784E+00
Step size:       0.20
Step size in Bohr:       0.38
Learning Rate:       1.00
# Steps:         10
                         Error  1        8.027263612E+00
                         Error  2        7.983087634E+00
                         Error  3        7.939124856E+00
                         Error  4        7.895377290E+00
                         Error  5        7.851846947E+00
                         Error  6        7.808535840E+00
                         Error  7        7.765445983E+00
                         Error  8        7.722579387E+00
                         Error  9        7.679938064E+00
                         Error 10        7.637524023E+00
                         Error        7.637524023E+00
