-xyz
refined.xyz
-dens
/home/unibas/boittier/RDKit_G2/B.pdb/SCAN_1_2_3_4_S_36_10.0/8_SCAN/B.d.cube
-esp
/home/unibas/boittier/RDKit_G2/B.pdb/SCAN_1_2_3_4_S_36_10.0/8_SCAN/B.p.cube
-stepsize
0.2
-n_steps
0
-learning_rate
0.5
  -3.2116235291832993       0.29251770905380381       -3.3555563016827281     
  -3.0825260073082710       0.37323504451890399      -0.36374728068353324     
  -2.7457850554659227      -0.46585080399352868      -0.86609465689837983     
  -5.9115703099822010      -0.29060489776002030       0.16776601143598960     
  -2.8747051077788108      -0.76448445267793730      -0.71812845793524382     
  -1.2547212447030371      -0.47348641915637640       0.55274672935317126     
  -2.0928953471665155      -0.66427837378716004        3.4078621721244819     
  -2.7298633277086801      -0.58410877228566127        1.1562971894896401     
  -2.1109199262882528      -0.44807588075127147       0.93807500329088578     
   1.8210370830615805        1.4619647735075441      -0.25695728347090480     
   1.8226199631180009        1.6521508543903729      -0.28696827204634673     
   2.0088467155239234        3.1105779361268882      -0.14816609073338063     
   1.7981736763187410        2.4136357292008790       -7.3118044806026905E-002
  0.71412738542370946      -0.73382111125172633        6.5428990985269900E-002
  0.92980588564337674      -0.48980318004476242      -0.31812509474175010     
   1.5071168895784612      -0.61611599547877860       0.81227620820450452     
   1.3234161926775914       0.55700890608355669        2.3836938520488724E-002
   2.1095287016105195       -1.6054122489781126       -1.1318898182328385     
   2.6248165433079307       -1.5277897061969168       0.69403536678760935     
   4.8614694190618861       -1.3968759594446627      -0.86269085654463817     
   1.8871742966177560       -4.1323992009102373       -4.0853901824797381E-002
First
                         Total        1.296191636E+00
Step size:       0.20
Step size in Bohr:       0.38
Learning Rate:       1.00
# Steps:          0
                         Error        1.296191636E+00
                         Error        1.296191636E+00
                         Error        1.296191636E+00
                         Error        1.296191636E+00
                         Error        1.296191636E+00
