-xyz
refined.xyz
-dens
/home/unibas/boittier/RDKit_G2/B.pdb/SCAN_1_2_3_4_S_36_-10.0/6_SCAN/B.d.cube
-esp
/home/unibas/boittier/RDKit_G2/B.pdb/SCAN_1_2_3_4_S_36_-10.0/6_SCAN/B.p.cube
-stepsize
0.2
-n_steps
10
-learning_rate
0.5
   3.3084283828660572        1.8733449217874754       -2.5646889406666995     
   2.9628286770657546      -0.48292088782267378      -0.75877601676947315     
   2.8108297034192113       0.45979795654783689      -0.36774589034052763     
   5.8347280448722021      -0.90024618562079861      -0.11057863114310935     
   2.9745012006126732       0.49969141086821717       -5.5953185373692808E-002
   1.0396953241774223      -0.93666909332313641       0.84183573200382766     
   1.9208810862290855       -2.7157407096880859        2.4449461005846516     
   2.5763045303566332       -1.3521266083705474       0.97009794725553011     
   1.9597942944371416       -1.0902629518778355       0.89105375903868633     
  -1.6525610021589314        1.5840088102054193       0.29286328331758332     
  -1.6391210339109574        1.7724100001999221       0.33395784043909210     
  -1.4797468400141645        3.2361258713725629       0.22341364131040309     
  -1.3860783375469807        2.5107259447701655       0.20700943466280922     
 -0.92435763065422749      -0.79005749760387578       0.36218957822300335     
  -1.2511404807174669      -0.50155834637236774       0.62305553144386050     
  -1.2546405469357058      -0.54165705672859776      -0.65055672426860056     
  -1.2481043620604542       0.59158063129120808       0.20929298869334434     
  -2.8721966345480352       -1.3760042713086467       0.59085282959044350     
  -2.3917323596138163       -1.1876716378012759       -1.2363931910758235     
  -5.0433444103776601      -0.61037181341940572      -0.95836246777291945     
  -2.5847088542890471       -3.8960399074554894      -0.51689977628625250     
First
                         Total        6.006939232E-01
Step size:       0.20
Step size in Bohr:       0.38
Learning Rate:       1.00
# Steps:         10
                         Error  1        5.902836113E-01
                         Error  2        5.803871095E-01
                         Error  3        5.709849603E-01
                         Error  4        5.620579624E-01
                         Error  5        5.535871977E-01
                         Error  6        5.455540578E-01
                         Error  7        5.379402691E-01
                         Error  8        5.307279174E-01
                         Error  9        5.238994702E-01
                         Error 10        5.174377979E-01
                         Error        5.174377979E-01
