Running in analysis mode

Reading "/home/unibas/boittier/RDKit_G2/B.pdb/SCAN_1_2_3_4_S_36_10.0/20_SCAN/B.p.cube"...

  B.pdb Potential
  Electrostatic potential from Total SCF Density
   10  -10.306443   -7.527125   -6.697690
  112    0.166667    0.000000    0.000000
  100    0.000000    0.166667    0.000000
   82    0.000000    0.000000    0.166667
    6    6.000000    1.647841    2.478139    0.109580
    6    6.000000    0.908125    0.078144    0.054922
    6    6.000000   -1.626491   -1.014373    0.243686
    6    6.000000   -3.793691    0.202894   -0.184938
    1    1.000000    3.621462    2.969791   -0.085232
    1    1.000000    0.280901    3.972265    0.371919
    9    9.000000    2.708055   -1.759014   -0.184563
    1    1.000000   -1.649572   -2.994970    0.779684
    1    1.000000   -3.846949    2.157691   -0.796769
    1    1.000000   -5.593047   -0.742475    0.051964
  1.17718E-03  1.22469E-03  1.27364E-03  1.32403E-03  1.37586E-03  1.42911E-03
       .            .            .            .            .            .
       .            .            .            .            .            .
       .            .            .            .            .            .
  4.44897E-04  4.06497E-04  3.69611E-04  3.34235E-04  3.00361E-04  2.67974E-04

764300 out of 918400 gridpoints are considered (83.2%).

...done!

Reading "21charges.cube"...

  Fitted ESP
  Electrostatic potential fitted from 21 point charges.
   10  -10.306443   -7.527125   -6.697690
  112    0.166667    0.000000    0.000000
  100    0.000000    0.166667    0.000000
   82    0.000000    0.000000    0.166667
    6    6.000000    1.647841    2.478139    0.109580
    6    6.000000    0.908125    0.078144    0.054922
    6    6.000000   -1.626491   -1.014373    0.243686
    6    6.000000   -3.793691    0.202894   -0.184938
    1    1.000000    3.621462    2.969791   -0.085232
    1    1.000000    0.280901    3.972265    0.371919
    9    9.000000    2.708055   -1.759014   -0.184563
    1    1.000000   -1.649572   -2.994970    0.779684
    1    1.000000   -3.846949    2.157691   -0.796769
    1    1.000000   -5.593047   -0.742475    0.051964
  1.21823E-03  1.26422E-03  1.31154E-03  1.36017E-03  1.41011E-03  1.46134E-03
       .            .            .            .            .            .
       .            .            .            .            .            .
       .            .            .            .            .            .
  2.70435E-04  2.36076E-04  2.03159E-04  1.71678E-04  1.41624E-04  1.12981E-04

764300 out of 918400 gridpoints are considered (83.2%).

...done!

                       Measure       RMSE[kcal/mol/e]   MaxError[kcal/mol/e]   NPoints
                         Total        5.560476858E-01        4.833341484E+00    764300
Close (  1.20 < r <   1.66 )          1.076289673E+00        4.833341484E+00    154854
Mid-range ( 1.66 < r <  2.20)         3.907342395E-01        1.828029210E+00    280171
Far-range (  2.20         < r)        2.073420313E-01        9.395322774E-01    329275
Did analysis and wrote slice data
