-xyz
refined.xyz
-dens
../../cube_files/fbutone/1_SCAN_1_2_6_8_F/N.d.cube
-esp
../../cube_files/fbutone/1_SCAN_1_2_6_8_F/N.p.cube
-stepsize
0.2
-n_steps
100
-learning_rate
0.5
  -5.0582351797742557       -2.5816826603384628       0.25617094354801573     
  -3.7172266072394922       -1.7092537314115905       -8.4396490027980331E-002
  -3.6035334950914639       -2.3173785764805013      -0.79092371770721392     
  -3.0055254011703454       -3.3582399249582235       -1.4147060845616497     
  -6.5728489525031302       -1.0737654220096033       -1.6667616731147263     
  -5.1329526300723325       -2.7913839306866559        1.7144441272493980     
  -4.9594286458832659       -2.4097523930194296       0.94781119940722092     
  -3.9784503317422208        2.5914075682946160      -0.43351057564742407     
  -3.0204461554787585        2.9736379659675842        2.4250597737296358E-002
  -3.5485389533744223        2.8181357693697873      -0.22233198411244368     
  -3.3866506963960252        7.1919866243636388E-002   7.1152795563595467E-002
  -2.2329048743303965       0.81724081853429498       0.55386465261899531     
 -0.39905626630420443       -1.0309921899711345        2.1659315401506145     
 -0.63136380599031161      -0.99186430648626900        1.6836844276345133     
 -0.27719743292547205       -1.9562891436625067        2.8816580195573831     
 -0.23817939326145490       -1.7238381671864003        2.7359713841491642     
   3.0495918915455247E-002   1.3178841528346275        2.9415941713272478     
  0.18996006247084951        1.8193557237679039        2.4836586554962876     
   8.4372361743000075E-003   1.0419482309396808        2.9595382342264989     
   1.3141462162919233       0.64290771091374066      -0.37296537228396681     
   1.4152230876812095      -0.63748581660791381      -0.46649756820117844     
   1.8673027909153435       -1.2444896181833067       -1.2223369090413587     
   1.8061681332785997       -1.5170966787271158       -1.4567207775807398     
   3.4055314011248927      -0.48427635144997333       0.87076166064399307     
   4.6525911391697283      -0.75365942422591403        1.6346964836490698     
   4.1106315238372773      -0.64920877326997151        1.5218175078982195     
   4.4201044759203070      -0.68030268993243592        1.3495921854808566     
   2.5507197668769170        2.8957701309616604       -1.7056321362723070     
   2.4340479258791872        1.4669407462587118       -1.0084917876237516     
   2.4367480576297504        2.2312500271417899       -1.3177478801930200     
First
                         Total        6.873412475E-01
Step size:       0.20
Step size in Bohr:       0.38
Learning Rate:       1.00
# Steps:        100
                         Error  1        6.703365556E-01
                         Error  2        6.541779318E-01
                         Error  3        6.388330321E-01
                         Error  4        6.242697705E-01
                         Error  5        6.104563869E-01
                         Error  6        5.973615126E-01
                         Error  7        5.849542313E-01
                         Error  8        5.732041386E-01
                         Error  9        5.620813970E-01
                         Error 10        5.515567879E-01
                         Error 11        5.416017603E-01
                         Error 12        5.321884744E-01
                         Error 13        5.232898429E-01
                         Error 14        5.148795657E-01
                         Error 15        5.069321620E-01
                         Error 16        4.994229961E-01
                         Error 17        4.923282989E-01
                         Error 18        4.856251848E-01
                         Error 19        4.792916628E-01
                         Error 20        4.733066434E-01
                         Error 21        4.676499409E-01
                         Error 22        4.623022706E-01
                         Error 23        4.572452425E-01
                         Error 24        4.524613507E-01
                         Error 25        4.479339591E-01
                         Error 26        4.436472847E-01
                         Error 27        4.395863769E-01
                         Error 28        4.357370951E-01
                         Error 29        4.320860844E-01
                         Error 30        4.286207490E-01
                         Error 31        4.253292246E-01
                         Error 32        4.222003499E-01
                         Error 33        4.192236370E-01
                         Error 34        4.163892419E-01
                         Error 35        4.136879342E-01
                         Error 36        4.111110679E-01
                         Error 37        4.086505510E-01
                         Error 38        4.062988173E-01
                         Error 39        4.040487972E-01
                         Error 40        4.018938902E-01
                         Error 41        3.998279381E-01
                         Error 42        3.978451988E-01
                         Error 43        3.959403213E-01
                         Error 44        3.941083218E-01
                         Error 45        3.923445604E-01
                         Error 46        3.906447198E-01
                         Error 47        3.890047837E-01
                         Error 48        3.874210178E-01
                         Error 49        3.858899505E-01
                         Error 50        3.844083556E-01
                         Error 51        3.829732354E-01
                         Error 52        3.815818050E-01
                         Error 53        3.802314778E-01
                         Error 54        3.789198514E-01
                         Error 55        3.776446946E-01
                         Error 56        3.764039354E-01
                         Error 57        3.751956496E-01
                         Error 58        3.740180501E-01
                         Error 59        3.728694772E-01
                         Error 60        3.717483889E-01
                         Error 61        3.706533529E-01
                         Error 62        3.695830381E-01
                         Error 63        3.685362073E-01
                         Error 64        3.675117105E-01
                         Error 65        3.665084782E-01
                         Error 66        3.655255154E-01
                         Error 67        3.645618963E-01
                         Error 68        3.636167588E-01
                         Error 69        3.626893002E-01
                         Error 70        3.617787723E-01
                         Error 71        3.608844778E-01
                         Error 72        3.600057658E-01
                         Error 73        3.591420293E-01
                         Error 74        3.582927009E-01
                         Error 75        3.574572505E-01
                         Error 76        3.566351824E-01
                         Error 77        3.558260324E-01
                         Error 78        3.550293658E-01
                         Error 79        3.542447752E-01
                         Error 80        3.534718779E-01
                         Error 81        3.527103150E-01
                         Error 82        3.519597487E-01
                         Error 83        3.512198615E-01
                         Error 84        3.504903539E-01
                         Error 85        3.497709440E-01
                         Error 86        3.490613654E-01
                         Error 87        3.483613663E-01
                         Error 88        3.476707089E-01
                         Error 89        3.469891675E-01
                         Error 90        3.463165285E-01
                         Error 91        3.456525888E-01
                         Error 92        3.449971557E-01
                         Error 93        3.443500456E-01
                         Error 94        3.437110836E-01
                         Error 95        3.430801029E-01
                         Error 96        3.424569444E-01
                         Error 97        3.418414555E-01
                         Error 98        3.412334906E-01
                         Error 99        3.406329098E-01
                         Error100        3.400395790E-01
                         Error        3.400395790E-01
