-xyz
refined.xyz
-dens
/home/unibas/boittier/RDKit_G2/B.pdb/SCAN_1_2_3_4_S_36_10.0/10_SCAN/B.d.cube
-esp
/home/unibas/boittier/RDKit_G2/B.pdb/SCAN_1_2_3_4_S_36_10.0/10_SCAN/B.p.cube
-stepsize
0.2
-n_steps
10
-learning_rate
0.5
   3.3040397597443563        1.2629088349635835       -3.1378636653754604     
   3.0628107337626500      -0.26634081916659796      -0.60548274182620077     
   2.8284727450924931       0.71083729643627791      -0.58197589399653671     
   5.9311167354866603      -0.17715076331198804       0.18931500573911250     
   2.9688126758186244       0.89944698440322390      -0.30247098964682423     
   1.2990064459953454        8.8795301066436974E-003  0.53410808504149421     
   2.0260891513221484       -1.3044665414315764        3.1612427724486305     
   2.7631523052106437      -0.20932416263367581        1.1335181201066591     
   2.1261883277219038      -0.18440229005873809       0.89227623458073679     
  -2.0262794575921577       -1.2784281937341686      -0.44060661888686942     
  -2.0682674546698414       -1.4431318652954188      -0.50066011428166823     
  -2.4806611680028037       -2.8732378966911560      -0.50173581556287106     
  -2.1690958477398463       -2.2156472698854373      -0.36642309515459676     
 -0.58498796005403719       0.66438705781679241        9.5886616011944967E-002
 -0.84109681007740911       0.51928939842209099      -0.32012424536895073     
  -1.4014078865350683       0.61996804177928144       0.82166161321426678     
  -1.3920918632786092      -0.49906001080899470       -7.2939454017096589E-002
  -1.8590225963918243        1.9158292383281588      -0.89242009520146082     
  -2.3633733437644477        1.6569707792465640       0.92025797587712932     
  -4.6047448349376419        2.0804235247377529      -0.56712869284029854     
  -1.2376930467519034        4.1902362980890970       0.53522565964453905     
First
                         Total        8.330481292E-01
Step size:       0.20
Step size in Bohr:       0.38
Learning Rate:       1.00
# Steps:         10
                         Error  1        8.163601154E-01
                         Error  2        8.003517670E-01
                         Error  3        7.850039737E-01
                         Error  4        7.702975572E-01
                         Error  5        7.562133069E-01
                         Error  6        7.427320166E-01
                         Error  7        7.298345194E-01
                         Error  8        7.175017226E-01
                         Error  9        7.057146412E-01
                         Error 10        6.944544312E-01
                         Error        6.944544312E-01
