atom_charge_dict:  {8: [0], 3: [1, 3, 4], 9: [2], 2: [5, 6, 7, 8], 7: [9], 6: [10, 11, 12, 13], 1: [14, 15, 16, 17], 4: [18], 0: [19, 20, 21, 22], 5: [23, 24]}
4
4 [18] [ 0.22590902 -0.01474261 -0.03791793]
0
0 [19, 20, 21, 22] [-0.49801849  0.15038675  0.21432381]
0 [19, 20, 21, 22] [-0.2489407   0.31091112 -0.15230651]
0 [19, 20, 21, 22] [-0.00420968  0.4612142  -0.00831824]
0 [19, 20, 21, 22] [-0.06649126  0.28989114  0.1455045 ]
5
5 [23, 24] [-0.10530835 -0.14634642 -0.35672887]
5 [23, 24] [-0.04510061 -0.09508692 -0.19228866]
6
6 [10, 11, 12, 13] [ 0.13528339  0.25832824 -0.04628514]
6 [10, 11, 12, 13] [ 0.03604687 -0.06594108  0.07028432]
6 [10, 11, 12, 13] [-0.04601889 -0.48815248  0.01627649]
6 [10, 11, 12, 13] [ 0.07622357  0.06940512 -0.07106189]
1
1 [14, 15, 16, 17] [-0.10709093 -0.10440803 -0.09049547]
1 [14, 15, 16, 17] [0.07447919 0.28983806 0.03330324]
1 [14, 15, 16, 17] [-0.19853984 -0.35575834  0.03736619]
1 [14, 15, 16, 17] [ 0.1479633  -0.26404002  0.21804996]
2
2 [5, 6, 7, 8] [-0.55917698 -0.0707699   0.05121316]
2 [5, 6, 7, 8] [0.17225069 0.16037983 0.46276141]
2 [5, 6, 7, 8] [-0.30976644  0.04846486 -0.09013251]
2 [5, 6, 7, 8] [ 0.22271648  0.20434459 -0.04110839]
7
7 [9] [-0.04709685 -0.0674006   0.37396891]
2
3
3 [1, 3, 4] [0.12615175 0.38463538 0.38844442]
3 [1, 3, 4] [-0.2284012  -0.09081224  0.46784134]
3 [1, 3, 4] [ 0.06086629 -0.39499536  0.31220523]
8
8 [0] [ 0.09762936  0.03913721 -0.2292988 ]
3
9
9 [2] [-0.39963794 -0.0021094   0.04256935]
RMSD using the Kabsch algorithm: 1.1397963986325117
1 [-1.67953539  0.13080654 -1.64525369]
2 [-1.81477212  0.31213337  0.03336136]
3 [-3.36967031 -0.14070774  0.02486255]
4 [-2.16932506 -0.16331425  0.11275828]
5 [-1.88005758 -0.46749738 -0.04287783]
6 [-1.48108004 -0.2579287   0.55283698]
7 [-0.74965237 -0.02677897  0.96438522]
8 [-1.2316695  -0.13869394  0.41149131]
9 [-0.69918658  0.01718579  0.46051542]
10 [-1.15375412 -0.4061559   1.93696462]
11 [ 1.05058338  1.53059252 -0.06837723]
12 [0.95134687 1.2063232  0.04819223]
13 [ 0.86928111  0.7841118  -0.00581559]
14 [ 0.99152356  1.34166939 -0.09315397]
15 [ 3.86873570e-01 -1.81990674e-01  5.35989931e-05]
16 [0.56844369 0.21225542 0.1238523 ]
17 [ 0.29542467 -0.43334098  0.12791525]
18 [ 0.6419278  -0.34162266  0.30859903]
19 [ 2.63232979 -0.80521981 -0.45783628]
20 [ 0.88893168 -0.87953934  0.06965211]
21 [ 1.13800947 -0.71901496 -0.29697821]
22 [ 1.38274049 -0.56871188 -0.15298994]
23 [ 1.32045890e+00 -7.40034938e-01  8.32798808e-04]
24 [ 0.99590317 -2.21754732 -0.42182452]
25 [ 1.0561109  -2.16628782 -0.25738431]
