atom_charge_dict:  {8: [0], 3: [1, 3, 4], 9: [2], 2: [5, 6, 7, 8], 7: [9], 6: [10, 11, 12, 13], 1: [14, 15, 16, 17], 4: [18], 0: [19, 20, 21, 22], 5: [23, 24]}
4
4 [18] [0.21002497 0.04666872 0.06571028]
0
0 [19, 20, 21, 22] [-0.56267455  0.00130947 -0.03675785]
0 [19, 20, 21, 22] [-0.23552623  0.23832677 -0.26736573]
0 [19, 20, 21, 22] [-0.13947559  0.4338053  -0.05550909]
0 [19, 20, 21, 22] [-0.2057893   0.2593649   0.06513168]
5
5 [23, 24] [ 0.09636767 -0.15642721 -0.34128756]
5 [23, 24] [ 0.07621643 -0.08656735 -0.18664993]
6
6 [10, 11, 12, 13] [0.07017149 0.26355815 0.00395623]
6 [10, 11, 12, 13] [ 0.01045582 -0.0726434   0.07132222]
6 [10, 11, 12, 13] [ 0.0795343  -0.51055255  0.02989682]
6 [10, 11, 12, 13] [ 0.06254424  0.06911142 -0.04620403]
1
1 [14, 15, 16, 17] [-0.03566971 -0.12243171 -0.10814281]
1 [14, 15, 16, 17] [-0.02987956  0.27932824  0.0402276 ]
1 [14, 15, 16, 17] [-0.09572723 -0.39510211 -0.02829203]
1 [14, 15, 16, 17] [ 0.11272956 -0.22529748  0.26513678]
2
2 [5, 6, 7, 8] [-0.49495095 -0.20169858 -0.18414679]
2 [5, 6, 7, 8] [-0.06725424  0.16826207  0.48270059]
2 [5, 6, 7, 8] [-0.23159679 -0.058463   -0.17514554]
2 [5, 6, 7, 8] [0.15131754 0.26295424 0.02157657]
7
7 [9] [-0.00477769 -0.37212454 -0.16910448]
2
3
3 [1, 3, 4] [ 0.21659532 -0.43427618  0.23233026]
3 [1, 3, 4] [-0.15250224 -0.4781253  -0.19151919]
3 [1, 3, 4] [ 0.0319396  -0.15310373 -0.494728  ]
8
8 [0] [0.08697274 0.21727772 0.10032732]
3
9
9 [2] [-0.38409036 -0.10996081  0.01248048]
RMSD using the Kabsch algorithm: 0.9197613967584762
1 [-1.81352201  1.18033541  0.7781512 ]
2 [-1.72089525 -0.45082672  0.44529755]
3 [-3.2946062  -0.59497217  0.12916665]
4 [-2.0899928  -0.49467584  0.0214481 ]
5 [-1.90555097 -0.16965427 -0.28176072]
6 [-1.33070824 -0.82047266 -0.4344745 ]
7 [-0.90301152 -0.45051201  0.23237288]
8 [-1.06735407 -0.67723708 -0.42547325]
9 [-0.68443975 -0.35581983 -0.22875114]
10 [-0.89948053 -1.9824255  -0.86158127]
11 [ 0.64064123  1.59001386 -0.10825046]
12 [ 0.58092556  1.25381231 -0.04088447]
13 [ 0.65000404  0.81590315 -0.08230987]
14 [ 0.63301398  1.39556713 -0.15841072]
15 [ 0.48469543 -0.2074821  -0.20042864]
16 [ 0.49048559  0.19427785 -0.05205822]
17 [ 0.42463792 -0.4801525  -0.12057785]
18 [ 0.6330947  -0.31034787  0.17285095]
19 [ 2.78760328 -0.16960433  0.40966421]
20 [ 1.08204143 -0.73950976  0.14700574]
21 [ 1.40918975 -0.50249245 -0.08360214]
22 [ 1.50524039 -0.30701392  0.1282545 ]
23 [ 1.43892668 -0.48145432  0.24889527]
24 [ 1.73927493 -1.97883712 -0.10211437]
25 [ 1.71912368 -1.90897726  0.05252326]
