Running in analysis mode

Reading "/home/unibas/boittier/RDKit_G2/B.pdb/SCAN_1_2_3_4_S_36_10.0/32_SCAN/B.p.cube"...

  B.pdb Potential
  Electrostatic potential from Total SCF Density
   10  -10.160704   -7.893537   -6.981890
  120    0.166667    0.000000    0.000000
   91    0.000000    0.166667    0.000000
   84    0.000000    0.000000    0.166667
    6    6.000000    3.092219   -1.380785    0.345714
    6    6.000000    0.987677   -0.116443   -0.191705
    6    6.000000   -1.559302   -1.156401   -0.469138
    6    6.000000   -3.647952   -0.034686    0.391731
    1    1.000000    4.853813   -0.401941    0.685625
    1    1.000000    3.066368   -3.422587    0.409787
    9    9.000000    1.062478    2.459622   -0.200591
    1    1.000000   -1.647193   -3.067727   -1.210770
    1    1.000000   -3.602778    1.846865    1.198423
    1    1.000000   -5.468365   -0.961317    0.262642
  2.31130E-03  2.36779E-03  2.42502E-03  2.48294E-03  2.54149E-03  2.60061E-03
       .            .            .            .            .            .
       .            .            .            .            .            .
       .            .            .            .            .            .
 -1.93769E-03 -1.90864E-03 -1.87980E-03 -1.85117E-03 -1.82274E-03 -1.79453E-03

763190 out of 917280 gridpoints are considered (83.2%).

...done!

Reading "21charges.cube"...

  Fitted ESP
  Electrostatic potential fitted from 21 point charges.
   10  -10.160704   -7.893537   -6.981890
  120    0.166667    0.000000    0.000000
   91    0.000000    0.166667    0.000000
   84    0.000000    0.000000    0.166667
    6    6.000000    3.092219   -1.380785    0.345714
    6    6.000000    0.987677   -0.116443   -0.191705
    6    6.000000   -1.559302   -1.156401   -0.469138
    6    6.000000   -3.647952   -0.034686    0.391731
    1    1.000000    4.853813   -0.401941    0.685625
    1    1.000000    3.066368   -3.422587    0.409787
    9    9.000000    1.062478    2.459622   -0.200591
    1    1.000000   -1.647193   -3.067727   -1.210770
    1    1.000000   -3.602778    1.846865    1.198423
    1    1.000000   -5.468365   -0.961317    0.262642
  2.19007E-03  2.24596E-03  2.30279E-03  2.36050E-03  2.41907E-03  2.47843E-03
       .            .            .            .            .            .
       .            .            .            .            .            .
       .            .            .            .            .            .
 -2.22599E-03 -2.19285E-03 -2.15986E-03 -2.12703E-03 -2.09437E-03 -2.06189E-03

763190 out of 917280 gridpoints are considered (83.2%).

...done!

                       Measure       RMSE[kcal/mol/e]   MaxError[kcal/mol/e]   NPoints
                         Total        1.101697098E+00        1.131995707E+01    763190
Close (  1.20 < r <   1.66 )          1.943417389E+00        1.131995707E+01    155229
Mid-range ( 1.66 < r <  2.20)         9.572532852E-01        3.704464500E+00    275763
Far-range (  2.20         < r)        5.127547710E-01        1.940083575E+00    332198
Did analysis and wrote slice data
