-xyz
refined.xyz
-dens
/home/unibas/boittier/RDKit_G2/B.pdb/SCAN_1_2_3_4_S_36_-10.0/17_SCAN_1_2_3_4_F/B.d.cube
-esp
/home/unibas/boittier/RDKit_G2/B.pdb/SCAN_1_2_3_4_S_36_-10.0/17_SCAN_1_2_3_4_F/B.p.cube
-stepsize
0.2
-n_steps
50
-learning_rate
0.5
  -3.8135330671850092        2.6466920442094151      -0.48072482276848194     
  -3.5122957979547174      -0.27064356746610307       0.84274082255218485     
  -6.3223436880882815       -1.0702825862503971        4.6363429525284355E-002
  -4.0504832287057075      -0.83309654035136627       -5.6794548743868335E-002
  -3.5893557342759363      -0.53174776530570123      -0.62344470907763627     
  -2.5683005919978741       -1.4967636455331643       0.42735234828187374     
  -1.4741358223192655       -1.2683067671605945      -0.84083165378939873     
  -2.0112402871476101       -1.3671584923931455       0.39188886179793714     
  -1.0571940015726400       -1.2056358157221829        9.4162331138088959E-002
  -1.5523166969814064       -3.8505880317011658       0.45551691361976826     
   3.2513085721987895       -2.0307841862387037      -0.11831563994520553     
   2.7474384981867956       -1.6142328580140457      -0.23278540714166029     
   2.2636853317839147      -0.96338100791230863       -7.5548772759191987E-002
   3.0040296875643495       -1.7696730806037835       -1.6476572784083422E-002
  0.66362576389593408       0.21308763097646000       0.25237854304324608     
   1.2285601716117529      -0.31397278541290624       -8.9037929376257499E-002
  0.23803530139618131       0.51224044693952697       0.11477328969158818     
  0.74448264115652674       0.62816208493054271      -0.42232624133369367     
   3.9274786792599650        3.2693238226140666      -0.10749336749479997     
  0.82225587582107218        1.8049313491153642       -6.6386605884535294E-002
   1.5440966812078247        1.8036116291237543       0.43375835920768901     
   1.9779000092600829        1.7443473161466112        1.2888712203720494E-002
   1.6438984994939250        1.9441919972558799      -0.18971961977042842     
   9.6862729588948801E-002   4.2178234901754390       0.90455735018570327     
  0.17026459145198244        4.1658388289711201       0.58274018577672904     
First
                         Total        5.658495550E-01
Step size:       0.20
Step size in Bohr:       0.38
Learning Rate:       1.00
# Steps:         50
                         Error  1        5.643190113E-01
                         Error  2        5.628547805E-01
                         Error  3        5.614516435E-01
                         Error  4        5.601048194E-01
                         Error  5        5.588099292E-01
                         Error  6        5.575629634E-01
                         Error  7        5.563602511E-01
                         Error  8        5.551984324E-01
                         Error  9        5.540744320E-01
                         Error 10        5.529854357E-01
                         Error 11        5.519288681E-01
                         Error 12        5.509023724E-01
                         Error 13        5.499037920E-01
                         Error 14        5.489311534E-01
                         Error 15        5.479826502E-01
                         Error 16        5.470566293E-01
                         Error 17        5.461515773E-01
                         Error 18        5.452661086E-01
                         Error 19        5.443989544E-01
                         Error 20        5.435489524E-01
                         Error 21        5.427150380E-01
                         Error 22        5.418962354E-01
                         Error 23        5.410916501E-01
                         Error 24        5.403004618E-01
                         Error 25        5.395219179E-01
                         Error 26        5.387553278E-01
                         Error 27        5.380000571E-01
                         Error 28        5.372555233E-01
                         Error 29        5.365211908E-01
                         Error 30        5.357965671E-01
                         Error 31        5.350811987E-01
                         Error 32        5.343746682E-01
                         Error 33        5.336765908E-01
                         Error 34        5.329866118E-01
                         Error 35        5.323044035E-01
                         Error 36        5.316296633E-01
                         Error 37        5.309621115E-01
                         Error 38        5.303014889E-01
                         Error 39        5.296475557E-01
                         Error 40        5.290000893E-01
                         Error 41        5.283588829E-01
                         Error 42        5.277237444E-01
                         Error 43        5.270944949E-01
                         Error 44        5.264709678E-01
                         Error 45        5.258530075E-01
                         Error 46        5.252404686E-01
                         Error 47        5.246332150E-01
                         Error 48        5.240311193E-01
                         Error 49        5.234340619E-01
                         Error 50        5.228419301E-01
                         Error        5.228419301E-01
