-xyz
refined.xyz
-dens
/home/unibas/boittier/RDKit_G2/B.pdb/SCAN_1_2_3_4_S_36_10.0/21_SCAN/B.d.cube
-esp
/home/unibas/boittier/RDKit_G2/B.pdb/SCAN_1_2_3_4_S_36_10.0/21_SCAN/B.p.cube
-stepsize
0.2
-n_steps
10
-learning_rate
0.5
  -3.9600733257642431        2.9921615338264260      -0.46060446361748536     
  -3.5268894321130309      -0.44593169657974907       0.68253658835193598     
  -3.7353206558780410      -0.69325968027159057        3.4872370543725627E-002
  -6.2658698431445199       -1.0748797968691173        1.4572365716095586E-002
  -3.4624139250075641      -0.63427600269320317      -0.57261615451578951     
  -1.7444599826745482      -0.27812558549744942       0.27047864726068555     
  -1.4379741058105782       -2.0985188710116454E-003  0.25316003386657521     
  -1.8830797913414441       -2.6104367660232382       0.30701913691326671     
  -1.8805795258903248       -2.6758452185534845      -0.21940107079302126     
  -1.9900496924724838       -2.5752906323101095       0.81326057947918884     
   3.3862188721098638       -2.3597508458259369      -0.30361365673366514     
   2.7792018868569883       -1.7609420153299717      -0.18586254460979565     
  0.68403294323758701       0.79199261640121621      -0.61161978889898261     
  0.40381983128272830       0.92852369941549617      -0.36698022637212091     
   1.0941586743424279       0.91080128129045923       0.64182400963138952     
   1.4786177476164040      -0.21733758036639675      -0.15659452087243528     
   4.2934782304834584        3.2162345809172277       -3.1716981403476771E-002
   2.0311927495088340        2.0642093667393269        5.5110023557770532E-002
   1.7514157049596697        2.0575906895181335      -0.59983265842701483     
   1.9267406430876530        2.1147158960480827       0.75119789304436346     
 -0.33604408275171010        4.2486091543907598       0.15086134225739273     
First
                         Total        1.440499194E+00
Step size:       0.20
Step size in Bohr:       0.38
Learning Rate:       1.00
# Steps:         10
                         Error  1        1.426388034E+00
                         Error  2        1.412838290E+00
                         Error  3        1.399829766E+00
                         Error  4        1.387342500E+00
                         Error  5        1.375356810E+00
                         Error  6        1.363853335E+00
                         Error  7        1.352813068E+00
                         Error  8        1.342217390E+00
                         Error  9        1.332048100E+00
                         Error 10        1.322287433E+00
                         Error        1.322287433E+00
