-xyz
refined.xyz
-dens
/home/unibas/boittier/RDKit_G2/B.pdb/SCAN_1_2_3_4_S_36_-10.0/5_SCAN/B.d.cube
-esp
/home/unibas/boittier/RDKit_G2/B.pdb/SCAN_1_2_3_4_S_36_-10.0/5_SCAN/B.p.cube
-stepsize
0.2
-n_steps
0
-learning_rate
0.5
  -3.4228575041476921        2.2692202103679668        2.0230490363149620     
  -2.9506487093910718      -0.39743761105257747       0.76434098607551038     
  -2.8381037531743774       0.44679138576419242       0.17746497704515762     
  -5.7923245128378076       -1.0759563675648871       0.20370490720152143     
  -3.0040918535591619       0.40794141857618288      -0.13659721843634226     
 -0.99272096553855205       -1.0578098999511747      -0.74240089906904694     
  -1.7587503760556638       -3.2169177930309427       -1.8795281129886228     
  -2.5047964396784659       -1.5708609394983637      -0.79681614804513834     
  -1.9074740194648314       -1.2708853576288395      -0.74744631026311281     
   1.5535598955918157        1.6219271580812291      -0.32002369922896112     
   1.5223963581677622        1.8082201760539356      -0.35740893289091286     
   1.2832418600478841        3.2605367552845661      -0.23683662548886028     
   1.2319575246130179        2.5306771126367500      -0.21637697218371993     
  0.96681604290282108      -0.79013048016213727      -0.36091607512298352     
   1.2577207245419069      -0.48351766275884506      -0.63393393038138746     
   1.3256450146482670      -0.52281106868949168       0.63920877464971426     
   1.2138494507276816       0.60923171355401262      -0.21961912065028932     
   2.9415521834650900       -1.2585843651300490      -0.62159231335281573     
   2.4957595094749845       -1.0919700070293972        1.2166291498371937     
   5.1014632090867043      -0.35509761796012773       0.86799434622140903     
   2.8380744813545737       -3.7861858242016933       0.49695633892439145     
First
                         Total        5.078984029E-01
Step size:       0.20
Step size in Bohr:       0.38
Learning Rate:       1.00
# Steps:          0
                         Error        5.078984029E-01
