-xyz
refined.xyz
-dens
/home/unibas/boittier/RDKit_G2/B.pdb/SCAN_1_2_3_4_S_36_10.0/12_SCAN/B.d.cube
-esp
/home/unibas/boittier/RDKit_G2/B.pdb/SCAN_1_2_3_4_S_36_10.0/12_SCAN/B.p.cube
-stepsize
0.2
-n_steps
100
-learning_rate
0.5
  -3.5721494271535215        2.8602152902567135       0.17200914692675592     
  -3.0673911745843401       -6.9916709202419935E-002  0.60777940888457083     
  -2.8168035034736914       0.38323563801441624      -0.28563534078869951     
  -5.8124811966865773       -1.0215341132091846       0.13848918981697370     
  -2.9334178242686182       0.19166226605216782      -0.56329031020390852     
 -0.99389389016341412       -1.2275764977485086      -0.26992824496272821     
  -1.6103270136083774       -3.7769046624263019       -9.8413928064312262E-002
  -2.4639163733429523       -1.8206690860659789       -7.5099484161094243E-002
  -1.8825319717189981       -1.4899012092812121      -0.12098017297451827     
   1.4408982746978456        1.5379730543882126      -0.20578913005180341     
   1.3972968584491923        1.7239395766098711      -0.23011098525439169     
   1.1400126789000078        3.1651693236287555       -6.1110103847934480E-003
   1.1182544942691925        2.4326051706451159       -4.6006216213282944E-003
  0.94240366461601743      -0.87473974098535823      -0.23200782347096099     
   1.1685812228670873      -0.54873291688214509      -0.53964463477001456     
   1.4645719486887427      -0.62464781201721264       0.69647682708981729     
   1.1614368804856678       0.52743253140019197       -8.4948576562768177E-002
   2.8763527887116145      -0.92909072558871419       -1.1227634338227637     
   2.8285310594950728       -1.1973182289220539       0.77794541156871921     
   5.2418508760700115       -7.1932526257746834E-002   3.5922659347075274E-002
   3.2110626626693333       -3.6118902576021288      -0.54785793893836032     
First
                         Total        9.220304710E+00
Step size:       0.20
Step size in Bohr:       0.38
Learning Rate:       1.00
# Steps:        100
                         Error  1        9.165585712E+00
                         Error  2        9.111152529E+00
                         Error  3        9.057008243E+00
                         Error  4        9.003155946E+00
                         Error  5        8.949598733E+00
                         Error  6        8.896339705E+00
                         Error  7        8.843381965E+00
                         Error  8        8.790728615E+00
                         Error  9        8.738382760E+00
                         Error 10        8.686347501E+00
                         Error 11        8.634625932E+00
                         Error 12        8.583221146E+00
                         Error 13        8.532136225E+00
                         Error 14        8.481374241E+00
                         Error 15        8.430938255E+00
                         Error 16        8.380831314E+00
                         Error 17        8.331056448E+00
                         Error 18        8.281616669E+00
                         Error 19        8.232514969E+00
                         Error 20        8.183754315E+00
                         Error 21        8.135337651E+00
                         Error 22        8.087267892E+00
                         Error 23        8.039547922E+00
                         Error 24        7.992180593E+00
                         Error 25        7.945168722E+00
                         Error 26        7.898515087E+00
                         Error 27        7.852222425E+00
                         Error 28        7.806293432E+00
                         Error 29        7.760730755E+00
                         Error 30        7.715536994E+00
                         Error 31        7.670714696E+00
                         Error 32        7.626266355E+00
                         Error 33        7.582194406E+00
                         Error 34        7.538501226E+00
                         Error 35        7.495189128E+00
                         Error 36        7.452260359E+00
                         Error 37        7.409717098E+00
                         Error 38        7.367561453E+00
                         Error 39        7.325795457E+00
                         Error 40        7.284421066E+00
                         Error 41        7.243440158E+00
                         Error 42        7.202854527E+00
                         Error 43        7.162665882E+00
                         Error 44        7.122875847E+00
                         Error 45        7.083485953E+00
                         Error 46        7.044497638E+00
                         Error 47        7.005912248E+00
                         Error 48        6.967731029E+00
                         Error 49        6.929955128E+00
                         Error 50        6.892585591E+00
                         Error 51        6.855623358E+00
                         Error 52        6.819069266E+00
                         Error 53        6.782924042E+00
                         Error 54        6.747188304E+00
                         Error 55        6.711862558E+00
                         Error 56        6.676947199E+00
                         Error 57        6.642442506E+00
                         Error 58        6.608348645E+00
                         Error 59        6.574665663E+00
                         Error 60        6.541393490E+00
                         Error 61        6.508531940E+00
                         Error 62        6.476080703E+00
                         Error 63        6.444039356E+00
                         Error 64        6.412407350E+00
                         Error 65        6.381184020E+00
                         Error 66        6.350368579E+00
                         Error 67        6.319960121E+00
                         Error 68        6.289957618E+00
                         Error 69        6.260359926E+00
                         Error 70        6.231165780E+00
                         Error 71        6.202373797E+00
                         Error 72        6.173982479E+00
                         Error 73        6.145990209E+00
                         Error 74        6.118395258E+00
                         Error 75        6.091195783E+00
                         Error 76        6.064389829E+00
                         Error 77        6.037975330E+00
                         Error 78        6.011950113E+00
                         Error 79        5.986311901E+00
                         Error 80        5.961058308E+00
                         Error 81        5.936186851E+00
                         Error 82        5.911694944E+00
                         Error 83        5.887579908E+00
                         Error 84        5.863838965E+00
                         Error 85        5.840469250E+00
                         Error 86        5.817467807E+00
                         Error 87        5.794831595E+00
                         Error 88        5.772557490E+00
                         Error 89        5.750642287E+00
                         Error 90        5.729082708E+00
                         Error 91        5.707875398E+00
                         Error 92        5.687016935E+00
                         Error 93        5.666503828E+00
                         Error 94        5.646332525E+00
                         Error 95        5.626499411E+00
                         Error 96        5.607000819E+00
                         Error 97        5.587833026E+00
                         Error 98        5.568992259E+00
                         Error 99        5.550474701E+00
                         Error100        5.532276492E+00
                         Error        5.532276492E+00
