-xyz
refined.xyz
-dens
/home/unibas/boittier/RDKit_G2/B.pdb/SCAN_1_2_3_4_S_36_-10.0/19_SCAN_1_2_3_4_F/B.d.cube
-esp
/home/unibas/boittier/RDKit_G2/B.pdb/SCAN_1_2_3_4_S_36_-10.0/19_SCAN_1_2_3_4_F/B.p.cube
-stepsize
0.2
-n_steps
500
-learning_rate
0.5
   3.7297907916123907        2.5725829530380628      -0.51086912500712789     
   3.4589266415120647      -0.57541870095276959      -0.87624947951182786     
   6.3366732250187372       -1.0793420493964290        3.7682511598665813E-002
   4.0096560255494023      -0.76421330103151286       0.13574097471957161     
   3.6115482030857295      -0.32281647095952803       0.58693783481119310     
   2.4713088848281388       -1.5310611218437413       -6.4853736353528896E-002
   1.4311723035501602       -1.2671960673952203       0.98959418194584448     
   1.9473124295571693       -1.2554785643075774       -4.0150277590561417E-002
   1.0024208877387923       -1.1600504937494738       0.13891133035729167     
   1.5377464989842631       -3.9191036116702831       0.67182888379348471     
  -2.9647288501419498       -1.8690648447077414      -0.10099929765599386     
  -2.5504496353600534       -1.5303323018091881        2.6582971559454931E-002
  -2.0441574866759296      -0.88016723104674333       -1.4661762601993231E-002
  -2.7370875872709726       -1.6453453565347389      -0.14218705152869618     
 -0.60122351013303688       0.16823587626148254      -0.11411917669446187     
  -1.1366623073971156      -0.29551276340867877       0.11703524331075536     
 -0.22756593344605397       0.46853566059782492        7.0726804740447041E-002
 -0.75362340530511363       0.56567787323068830       0.42980194309835223     
  -3.9535610685681273        3.2293095641494785       -5.7358552249414461E-002
 -0.81056875858914090        1.7416001075255632       0.20937023223858928     
  -1.4380239639644121        1.7560886667595730      -0.27891382293187256     
  -1.8543515308868803        1.6427044317462578       -1.4395572842256503E-002
  -1.5699364716298081        1.8285997984028539       0.23053013608817791     
 -0.12014739539353736        4.1632576747719154      -0.42482331027540149     
 -0.11953221157275690        4.1086062862522228      -0.14633704410364268     
First
                         Total        4.587528841E-01
Step size:       0.20
Step size in Bohr:       0.38
Learning Rate:       1.00
# Steps:        500
                         Error  1        4.573744825E-01
                         Error  2        4.561053910E-01
                         Error  3        4.549359079E-01
                         Error  4        4.538571680E-01
                         Error  5        4.528610770E-01
                         Error  6        4.519402494E-01
                         Error  7        4.510879510E-01
                         Error  8        4.502980451E-01
                         Error  9        4.495649422E-01
                         Error 10        4.488835538E-01
                         Error 11        4.482492493E-01
                         Error 12        4.476578166E-01
                         Error 13        4.471054256E-01
                         Error 14        4.465885944E-01
                         Error 15        4.461041584E-01
                         Error 16        4.456492426E-01
                         Error 17        4.452212349E-01
                         Error 18        4.448177631E-01
                         Error 19        4.444366727E-01
                         Error 20        4.440760075E-01
                         Error 21        4.437339912E-01
                         Error 22        4.434090112E-01
                         Error 23        4.430996038E-01
                         Error 24        4.428044397E-01
                         Error 25        4.425223127E-01
                         Error 26        4.422521275E-01
                         Error 27        4.419928897E-01
                         Error 28        4.417436967E-01
                         Error 29        4.415037290E-01
                         Error 30        4.412722422E-01
                         Error 31        4.410485606E-01
                         Error 32        4.408320704E-01
                         Error 33        4.406222139E-01
                         Error 34        4.404184847E-01
                         Error 35        4.402204225E-01
                         Error 36        4.400276088E-01
                         Error 37        4.398396634E-01
                         Error 38        4.396562406E-01
                         Error 39        4.394770256E-01
                         Error 40        4.393017324E-01
                         Error 41        4.391301004E-01
                         Error 42        4.389618925E-01
                         Error 43        4.387968928E-01
                         Error 44        4.386349043E-01
                         Error 45        4.384757476E-01
                         Error 46        4.383192590E-01
                         Error 47        4.381652893E-01
                         Error 48        4.380137019E-01
                         Error 49        4.378643724E-01
                         Error 50        4.377171867E-01
                         Error 51        4.375720406E-01
                         Error 52        4.374288386E-01
                         Error 53        4.372874934E-01
                         Error 54        4.371479247E-01
                         Error 55        4.370100587E-01
                         Error 56        4.368738280E-01
                         Error 57        4.367391701E-01
                         Error 58        4.366060278E-01
                         Error 59        4.364743481E-01
                         Error 60        4.363440824E-01
                         Error 61        4.362151855E-01
                         Error 62        4.360876157E-01
                         Error 63        4.359613343E-01
                         Error 64        4.358363053E-01
                         Error 65        4.357124953E-01
                         Error 66        4.355898734E-01
                         Error 67        4.354684105E-01
                         Error 68        4.353480794E-01
                         Error 69        4.352288549E-01
                         Error 70        4.351107132E-01
                         Error 71        4.349936319E-01
                         Error 72        4.348775901E-01
                         Error 73        4.347625679E-01
                         Error 74        4.346485466E-01
                         Error 75        4.345355085E-01
                         Error 76        4.344234368E-01
                         Error 77        4.343123156E-01
                         Error 78        4.342021297E-01
                         Error 79        4.340928646E-01
                         Error 80        4.339845064E-01
                         Error 81        4.338770420E-01
                         Error 82        4.337704587E-01
                         Error 83        4.336647441E-01
                         Error 84        4.335598868E-01
                         Error 85        4.334558752E-01
                         Error 86        4.333526985E-01
                         Error 87        4.332503462E-01
                         Error 88        4.331488081E-01
                         Error 89        4.330480741E-01
                         Error 90        4.329481348E-01
                         Error 91        4.328489808E-01
                         Error 92        4.327506030E-01
                         Error 93        4.326529925E-01
                         Error 94        4.325561407E-01
                         Error 95        4.324600391E-01
                         Error 96        4.323646795E-01
                         Error 97        4.322700538E-01
                         Error 98        4.321761542E-01
                         Error 99        4.320829728E-01
                         Error100        4.319905020E-01
                         Error101        4.318987344E-01
                         Error102        4.318076628E-01
                         Error103        4.317172798E-01
                         Error104        4.316275784E-01
                         Error105        4.315385516E-01
                         Error106        4.314501927E-01
                         Error107        4.313624947E-01
                         Error108        4.312754512E-01
                         Error109        4.311890555E-01
                         Error110        4.311033012E-01
                         Error111        4.310181819E-01
                         Error112        4.309336914E-01
                         Error113        4.308498234E-01
                         Error114        4.307665717E-01
                         Error115        4.306839305E-01
                         Error116        4.306018936E-01
                         Error117        4.305204553E-01
                         Error118        4.304396096E-01
                         Error119        4.303593508E-01
                         Error120        4.302796733E-01
                         Error121        4.302005714E-01
                         Error122        4.301220395E-01
                         Error123        4.300440722E-01
                         Error124        4.299666641E-01
                         Error125        4.298898097E-01
                         Error126        4.298135037E-01
                         Error127        4.297377410E-01
                         Error128        4.296625162E-01
                         Error129        4.295878243E-01
                         Error130        4.295136601E-01
                         Error131        4.294400187E-01
                         Error132        4.293668950E-01
                         Error133        4.292942841E-01
                         Error134        4.292221812E-01
                         Error135        4.291505814E-01
                         Error136        4.290794799E-01
                         Error137        4.290088721E-01
                         Error138        4.289387532E-01
                         Error139        4.288691186E-01
                         Error140        4.287999637E-01
                         Error141        4.287312840E-01
                         Error142        4.286630750E-01
                         Error143        4.285953323E-01
                         Error144        4.285280515E-01
                         Error145        4.284612281E-01
                         Error146        4.283948580E-01
                         Error147        4.283289368E-01
                         Error148        4.282634603E-01
                         Error149        4.281984243E-01
                         Error150        4.281338247E-01
                         Error151        4.280696574E-01
                         Error152        4.280059183E-01
                         Error153        4.279426035E-01
                         Error154        4.278797089E-01
                         Error155        4.278172306E-01
                         Error156        4.277551648E-01
                         Error157        4.276935075E-01
                         Error158        4.276322549E-01
                         Error159        4.275714033E-01
                         Error160        4.275109489E-01
                         Error161        4.274508881E-01
                         Error162        4.273912170E-01
                         Error163        4.273319322E-01
                         Error164        4.272730301E-01
                         Error165        4.272145069E-01
                         Error166        4.271563594E-01
                         Error167        4.270985838E-01
                         Error168        4.270411769E-01
                         Error169        4.269841351E-01
                         Error170        4.269274551E-01
                         Error171        4.268711336E-01
                         Error172        4.268151672E-01
                         Error173        4.267595526E-01
                         Error174        4.267042866E-01
                         Error175        4.266493660E-01
                         Error176        4.265947875E-01
                         Error177        4.265405481E-01
                         Error178        4.264866445E-01
                         Error179        4.264330738E-01
                         Error180        4.263798327E-01
                         Error181        4.263269184E-01
                         Error182        4.262743278E-01
                         Error183        4.262220579E-01
                         Error184        4.261701058E-01
                         Error185        4.261184686E-01
                         Error186        4.260671434E-01
                         Error187        4.260161272E-01
                         Error188        4.259654174E-01
                         Error189        4.259150111E-01
                         Error190        4.258649056E-01
                         Error191        4.258150980E-01
                         Error192        4.257655857E-01
                         Error193        4.257163659E-01
                         Error194        4.256674361E-01
                         Error195        4.256187936E-01
                         Error196        4.255704357E-01
                         Error197        4.255223599E-01
                         Error198        4.254745637E-01
                         Error199        4.254270444E-01
                         Error200        4.253797997E-01
                         Error201        4.253328269E-01
                         Error202        4.252861237E-01
                         Error203        4.252396876E-01
                         Error204        4.251935162E-01
                         Error205        4.251476071E-01
                         Error206        4.251019579E-01
                         Error207        4.250565664E-01
                         Error208        4.250114301E-01
                         Error209        4.249665469E-01
                         Error210        4.249219144E-01
                         Error211        4.248775304E-01
                         Error212        4.248333926E-01
                         Error213        4.247894989E-01
                         Error214        4.247458471E-01
                         Error215        4.247024350E-01
                         Error216        4.246592604E-01
                         Error217        4.246163213E-01
                         Error218        4.245736156E-01
                         Error219        4.245311412E-01
                         Error220        4.244888960E-01
                         Error221        4.244468780E-01
                         Error222        4.244050852E-01
                         Error223        4.243635156E-01
                         Error224        4.243221672E-01
                         Error225        4.242810381E-01
                         Error226        4.242401263E-01
                         Error227        4.241994299E-01
                         Error228        4.241589470E-01
                         Error229        4.241186757E-01
                         Error230        4.240786142E-01
                         Error231        4.240387607E-01
                         Error232        4.239991132E-01
                         Error233        4.239596701E-01
                         Error234        4.239204294E-01
                         Error235        4.238813895E-01
                         Error236        4.238425486E-01
                         Error237        4.238039050E-01
                         Error238        4.237654569E-01
                         Error239        4.237272026E-01
                         Error240        4.236891404E-01
                         Error241        4.236512688E-01
                         Error242        4.236135860E-01
                         Error243        4.235760903E-01
                         Error244        4.235387803E-01
                         Error245        4.235016542E-01
                         Error246        4.234647105E-01
                         Error247        4.234279476E-01
                         Error248        4.233913640E-01
                         Error249        4.233549581E-01
                         Error250        4.233187284E-01
                         Error251        4.232826733E-01
                         Error252        4.232467915E-01
                         Error253        4.232110813E-01
                         Error254        4.231755414E-01
                         Error255        4.231401703E-01
                         Error256        4.231049665E-01
                         Error257        4.230699286E-01
                         Error258        4.230350552E-01
                         Error259        4.230003450E-01
                         Error260        4.229657964E-01
                         Error261        4.229314083E-01
                         Error262        4.228971791E-01
                         Error263        4.228631076E-01
                         Error264        4.228291925E-01
                         Error265        4.227954324E-01
                         Error266        4.227618259E-01
                         Error267        4.227283719E-01
                         Error268        4.226950691E-01
                         Error269        4.226619161E-01
                         Error270        4.226289118E-01
                         Error271        4.225960549E-01
                         Error272        4.225633441E-01
                         Error273        4.225307782E-01
                         Error274        4.224983561E-01
                         Error275        4.224660765E-01
                         Error276        4.224339383E-01
                         Error277        4.224019403E-01
                         Error278        4.223700814E-01
                         Error279        4.223383603E-01
                         Error280        4.223067759E-01
                         Error281        4.222753272E-01
                         Error282        4.222440130E-01
                         Error283        4.222128322E-01
                         Error284        4.221817838E-01
                         Error285        4.221508665E-01
                         Error286        4.221200794E-01
                         Error287        4.220894214E-01
                         Error288        4.220588915E-01
                         Error289        4.220284886E-01
                         Error290        4.219982117E-01
                         Error291        4.219680597E-01
                         Error292        4.219380316E-01
                         Error293        4.219081266E-01
                         Error294        4.218783434E-01
                         Error295        4.218486813E-01
                         Error296        4.218191391E-01
                         Error297        4.217897160E-01
                         Error298        4.217604110E-01
                         Error299        4.217312231E-01
                         Error300        4.217021514E-01
                         Error301        4.216731950E-01
                         Error302        4.216443529E-01
                         Error303        4.216156243E-01
                         Error304        4.215870083E-01
                         Error305        4.215585039E-01
                         Error306        4.215301103E-01
                         Error307        4.215018267E-01
                         Error308        4.214736520E-01
                         Error309        4.214455856E-01
                         Error310        4.214176264E-01
                         Error311        4.213897738E-01
                         Error312        4.213620268E-01
                         Error313        4.213343847E-01
                         Error314        4.213068466E-01
                         Error315        4.212794117E-01
                         Error316        4.212520792E-01
                         Error317        4.212248483E-01
                         Error318        4.211977183E-01
                         Error319        4.211706883E-01
                         Error320        4.211437576E-01
                         Error321        4.211169254E-01
                         Error322        4.210901910E-01
                         Error323        4.210635535E-01
                         Error324        4.210370124E-01
                         Error325        4.210105668E-01
                         Error326        4.209842159E-01
                         Error327        4.209579592E-01
                         Error328        4.209317958E-01
                         Error329        4.209057251E-01
                         Error330        4.208797464E-01
                         Error331        4.208538589E-01
                         Error332        4.208280620E-01
                         Error333        4.208023550E-01
                         Error334        4.207767372E-01
                         Error335        4.207512080E-01
                         Error336        4.207257667E-01
                         Error337        4.207004126E-01
                         Error338        4.206751451E-01
                         Error339        4.206499635E-01
                         Error340        4.206248673E-01
                         Error341        4.205998557E-01
                         Error342        4.205749282E-01
                         Error343        4.205500841E-01
                         Error344        4.205253228E-01
                         Error345        4.205006437E-01
                         Error346        4.204760463E-01
                         Error347        4.204515298E-01
                         Error348        4.204270938E-01
                         Error349        4.204027376E-01
                         Error350        4.203784607E-01
                         Error351        4.203542624E-01
                         Error352        4.203301423E-01
                         Error353        4.203060997E-01
                         Error354        4.202821341E-01
                         Error355        4.202582450E-01
                         Error356        4.202344317E-01
                         Error357        4.202106938E-01
                         Error358        4.201870306E-01
                         Error359        4.201634418E-01
                         Error360        4.201399267E-01
                         Error361        4.201164848E-01
                         Error362        4.200931157E-01
                         Error363        4.200698187E-01
                         Error364        4.200465934E-01
                         Error365        4.200234393E-01
                         Error366        4.200003559E-01
                         Error367        4.199773427E-01
                         Error368        4.199543991E-01
                         Error369        4.199315248E-01
                         Error370        4.199087192E-01
                         Error371        4.198859819E-01
                         Error372        4.198633123E-01
                         Error373        4.198407101E-01
                         Error374        4.198181747E-01
                         Error375        4.197957057E-01
                         Error376        4.197733027E-01
                         Error377        4.197509651E-01
                         Error378        4.197286926E-01
                         Error379        4.197064847E-01
                         Error380        4.196843409E-01
                         Error381        4.196622609E-01
                         Error382        4.196402441E-01
                         Error383        4.196182902E-01
                         Error384        4.195963988E-01
                         Error385        4.195745694E-01
                         Error386        4.195528016E-01
                         Error387        4.195310951E-01
                         Error388        4.195094493E-01
                         Error389        4.194878639E-01
                         Error390        4.194663385E-01
                         Error391        4.194448727E-01
                         Error392        4.194234661E-01
                         Error393        4.194021183E-01
                         Error394        4.193808289E-01
                         Error395        4.193595976E-01
                         Error396        4.193384240E-01
                         Error397        4.193173076E-01
                         Error398        4.192962482E-01
                         Error399        4.192752453E-01
                         Error400        4.192542986E-01
                         Error401        4.192334077E-01
                         Error402        4.192125723E-01
                         Error403        4.191917920E-01
                         Error404        4.191710665E-01
                         Error405        4.191503954E-01
                         Error406        4.191297784E-01
                         Error407        4.191092150E-01
                         Error408        4.190887051E-01
                         Error409        4.190682482E-01
                         Error410        4.190478440E-01
                         Error411        4.190274922E-01
                         Error412        4.190071924E-01
                         Error413        4.189869444E-01
                         Error414        4.189667478E-01
                         Error415        4.189466023E-01
                         Error416        4.189265075E-01
                         Error417        4.189064632E-01
                         Error418        4.188864691E-01
                         Error419        4.188665248E-01
                         Error420        4.188466301E-01
                         Error421        4.188267845E-01
                         Error422        4.188069879E-01
                         Error423        4.187872400E-01
                         Error424        4.187675404E-01
                         Error425        4.187478888E-01
                         Error426        4.187282850E-01
                         Error427        4.187087287E-01
                         Error428        4.186892196E-01
                         Error429        4.186697574E-01
                         Error430        4.186503418E-01
                         Error431        4.186309726E-01
                         Error432        4.186116494E-01
                         Error433        4.185923721E-01
                         Error434        4.185731403E-01
                         Error435        4.185539538E-01
                         Error436        4.185348123E-01
                         Error437        4.185157155E-01
                         Error438        4.184966632E-01
                         Error439        4.184776552E-01
                         Error440        4.184586911E-01
                         Error441        4.184397707E-01
                         Error442        4.184208939E-01
                         Error443        4.184020602E-01
                         Error444        4.183832695E-01
                         Error445        4.183645215E-01
                         Error446        4.183458160E-01
                         Error447        4.183271528E-01
                         Error448        4.183085315E-01
                         Error449        4.182899520E-01
                         Error450        4.182714141E-01
                         Error451        4.182529175E-01
                         Error452        4.182344619E-01
                         Error453        4.182160472E-01
                         Error454        4.181976731E-01
                         Error455        4.181793394E-01
                         Error456        4.181610458E-01
                         Error457        4.181427922E-01
                         Error458        4.181245784E-01
                         Error459        4.181064040E-01
                         Error460        4.180882690E-01
                         Error461        4.180701730E-01
                         Error462        4.180521159E-01
                         Error463        4.180340975E-01
                         Error464        4.180161175E-01
                         Error465        4.179981758E-01
                         Error466        4.179802722E-01
                         Error467        4.179624063E-01
                         Error468        4.179445782E-01
                         Error469        4.179267874E-01
                         Error470        4.179090339E-01
                         Error471        4.178913175E-01
                         Error472        4.178736379E-01
                         Error473        4.178559950E-01
                         Error474        4.178383885E-01
                         Error475        4.178208184E-01
                         Error476        4.178032843E-01
                         Error477        4.177857862E-01
                         Error478        4.177683237E-01
                         Error479        4.177508968E-01
                         Error480        4.177335053E-01
                         Error481        4.177161490E-01
                         Error482        4.176988276E-01
                         Error483        4.176815411E-01
                         Error484        4.176642892E-01
                         Error485        4.176470718E-01
                         Error486        4.176298887E-01
                         Error487        4.176127397E-01
                         Error488        4.175956247E-01
                         Error489        4.175785435E-01
                         Error490        4.175614959E-01
                         Error491        4.175444818E-01
                         Error492        4.175275010E-01
                         Error493        4.175105533E-01
                         Error494        4.174936385E-01
                         Error495        4.174767566E-01
                         Error496        4.174599073E-01
                         Error497        4.174430906E-01
                         Error498        4.174263061E-01
                         Error499        4.174095538E-01
                         Error500        4.173928336E-01
                         Error        4.173928336E-01
