-xyz
refined.xyz
-dens
/home/unibas/boittier/RDKit_G2/B.pdb/SCAN_1_2_3_4_S_36_10.0/5_SCAN/B.d.cube
-esp
/home/unibas/boittier/RDKit_G2/B.pdb/SCAN_1_2_3_4_S_36_10.0/5_SCAN/B.p.cube
-stepsize
0.2
-n_steps
10
-learning_rate
0.5
   3.4351950867421741        2.3619750829826427        1.8727249593362756     
   3.1528837711253423       0.15951290983966668      -0.16999704041013877     
   2.6944031739399601       0.10331385025522494       0.75528295533322964     
   5.7851045885645789       -1.0491730540915587       0.17262222702222627     
   2.7536890326362022      -0.21381920534350871       0.90884768274512984     
   1.0613510227596876       -1.0457960852625352      -0.26907355736461408     
   1.7429568504340089       -3.2400189573391929       -1.8229352471460398     
   2.5251461747337611       -1.5631761046069048      -0.64586131899184984     
   1.9382025431532381       -1.2623711367727330      -0.52653511088093985     
  -1.5082537081098149        1.6200982620058744       -4.2691951850160727E-003
  -1.4686786668301981        1.8073018562454004        1.6836439307326152E-002
  -1.2849275931532615        3.2547887052628268      -0.21102027866562906     
  -1.2370732780021156        2.5243888603553959      -0.22427905587723163     
 -0.92062491069826802      -0.78247949709505760       -6.6833597080146342E-002
  -1.1204781224771103      -0.46721275164967924       0.27034123311265118     
  -1.5589122254810865      -0.54441218042104522      -0.92477314875699557     
  -1.2071700701948835       0.61253198897246530      -0.17025457221710197     
  -2.4590024440852805       -1.1621323327171389        1.2611775528265090     
  -2.9274796735555140       -1.1861116840604693      -0.57868855719213808     
  -5.0862173002435904      -0.36905684773160224       0.87325826977004084     
  -2.8156287439229040       -3.7849377521024872       0.47241028530778417     
First
                         Total        5.443594237E-01
Step size:       0.20
Step size in Bohr:       0.38
Learning Rate:       1.00
# Steps:         10
                         Error  1        5.370651488E-01
                         Error  2        5.301098599E-01
                         Error  3        5.234808721E-01
                         Error  4        5.171657228E-01
                         Error  5        5.111521837E-01
                         Error  6        5.054282731E-01
                         Error  7        4.999822662E-01
                         Error  8        4.948027050E-01
                         Error  9        4.898784078E-01
                         Error 10        4.851984769E-01
                         Error        4.851984769E-01
