-xyz
global_fitted_global.xyz
-dens
/home/unibas/boittier/RDKit_G2/B.pdb/SCAN_1_2_3_4_S_36_10.0/12_SCAN/B.d.cube
-esp
/home/unibas/boittier/RDKit_G2/B.pdb/SCAN_1_2_3_4_S_36_10.0/12_SCAN/B.p.cube
-stepsize
0.2
-n_steps
0
-learning_rate
0.5
   3.4413761423918805        2.0424458626151067       -2.5761034653122512     
   3.0757956394881183      -0.20253205889410736      -0.68804467110663226     
   2.8718416693071842       0.70658870108143668      -0.34039790380554030     
   5.9184100912751809      -0.50438789075067370       0.14858561620519473     
   3.0133135479007684       0.79641362365059210       -1.1965167285610877E-002
   1.2858546525250478      -0.31419535277541755       0.38975201907551565     
   1.8844870459394223       -2.4092550899452667        2.4929184846161156     
   2.7355553571430762      -0.75504100939036856       0.89369938901860169     
   2.0992268888058052      -0.62223516453809780       0.68720980557511657     
  -2.2121780779275282       -1.1012825306097764      -0.45223384626761631     
  -2.2783741940986375       -1.2485813116198861      -0.52028868023448838     
  -2.8785441350373180       -2.6150462851413736      -0.56499743088685661     
  -2.4756819810579875       -2.0076177724258555      -0.41794182471439761     
 -0.50064718790614016       0.60054772872685447        9.4765642707873077E-002
 -0.79075348907978438       0.52268709719328477      -0.31621629097410220     
  -1.2756021609702497       0.63143474186087911       0.85927157447116820     
  -1.4627567749431831      -0.43495289989611374       -8.4092604044711139E-002
  -1.6184929470981411        2.0777998759475231      -0.79496577388367806     
  -2.0986243765278796        1.7803731739318496        1.0186646530134253     
  -4.3097745192161696        2.5743900293577924      -0.35701342078330378     
 -0.66319970828729757        4.1607716443513079       0.73179126287715879     
First
                         Total        6.526345712E-01
Step size:       0.20
Step size in Bohr:       0.38
Learning Rate:       1.00
# Steps:          0
                         Error        6.526345712E-01
