-xyz
refined.xyz
-dens
/home/unibas/boittier/RDKit_G2/B.pdb/SCAN_1_2_3_4_S_36_10.0/17_SCAN/B.d.cube
-esp
/home/unibas/boittier/RDKit_G2/B.pdb/SCAN_1_2_3_4_S_36_10.0/17_SCAN/B.p.cube
-stepsize
0.2
-n_steps
100
-learning_rate
0.5
  -4.0218590206673523        2.9973359970270912        6.7136102017344268E-002
  -3.4928881423279861      -0.50998256876090897       0.77688647834792079     
  -3.7354271843525924      -0.72466893032353752       0.12387892602595173     
  -6.2669292913620582       -1.1064406310706938       0.21149412408081356     
  -3.5216541666726191      -0.56045537326884187      -0.49203749685672099     
  -1.7648279012942931      -0.26295451920477469       0.15654324197063765     
  -1.4227804865815241       -8.0239803156828562E-002  0.13150343112297580     
  -1.8483135194963223       -2.6665729116613224        5.5175549984706411E-002
  -1.9374032952322757       -2.6180022849323099      -0.47431315493745013     
  -1.9715664069550252       -2.6284071064780417       0.56993552316625407     
   3.4460728777341934       -2.3057339936355121      -0.43569518758771170     
   2.7496431044132765       -1.7136053103601032      -0.26831469049040102     
  0.65119141740233411       0.83468801718180408      -0.75521441303145453     
  0.41589051453264825       0.83726440644077671      -0.51840551915932487     
   1.0807080927408395       0.94024733093372459       0.48880117152637637     
   1.5130498456888268      -0.31042039120554937      -0.27782493007986586     
   4.3091108721199562        3.1730794289796518       0.56977091779680100     
   2.0560173898038747        1.9660006525866869       0.35756931847306400     
   1.8030086932364704        2.1950468734412589      -0.28190301089221015     
   1.8928531972244904        2.0773322942708483        1.0621419682191489     
 -0.37008524771626533        4.2290232810359276      -0.19779967185880626     
First
                         Total        8.430231924E+00
Step size:       0.20
Step size in Bohr:       0.38
Learning Rate:       1.00
# Steps:        100
                         Error  1        8.378536162E+00
                         Error  2        8.327071622E+00
                         Error  3        8.275840985E+00
                         Error  4        8.224846953E+00
                         Error  5        8.174092241E+00
                         Error  6        8.123579580E+00
                         Error  7        8.073311715E+00
                         Error  8        8.023291404E+00
                         Error  9        7.973521418E+00
                         Error 10        7.924004539E+00
                         Error 11        7.874743558E+00
                         Error 12        7.825741277E+00
                         Error 13        7.777000504E+00
                         Error 14        7.728524054E+00
                         Error 15        7.680314748E+00
                         Error 16        7.632375410E+00
                         Error 17        7.584708867E+00
                         Error 18        7.537317946E+00
                         Error 19        7.490205475E+00
                         Error 20        7.443374278E+00
                         Error 21        7.396827176E+00
                         Error 22        7.350566986E+00
                         Error 23        7.304596513E+00
                         Error 24        7.258918559E+00
                         Error 25        7.213535910E+00
                         Error 26        7.168451341E+00
                         Error 27        7.123667612E+00
                         Error 28        7.079187465E+00
                         Error 29        7.035013623E+00
                         Error 30        6.991148789E+00
                         Error 31        6.947595640E+00
                         Error 32        6.904356829E+00
                         Error 33        6.861434979E+00
                         Error 34        6.818832684E+00
                         Error 35        6.776552504E+00
                         Error 36        6.734596963E+00
                         Error 37        6.692968548E+00
                         Error 38        6.651669705E+00
                         Error 39        6.610702837E+00
                         Error 40        6.570070300E+00
                         Error 41        6.529774403E+00
                         Error 42        6.489817405E+00
                         Error 43        6.450201509E+00
                         Error 44        6.410928862E+00
                         Error 45        6.372001553E+00
                         Error 46        6.333421610E+00
                         Error 47        6.295190994E+00
                         Error 48        6.257311602E+00
                         Error 49        6.219785260E+00
                         Error 50        6.182613720E+00
                         Error 51        6.145798662E+00
                         Error 52        6.109341687E+00
                         Error 53        6.073244317E+00
                         Error 54        6.037507990E+00
                         Error 55        6.002134060E+00
                         Error 56        5.967123794E+00
                         Error 57        5.932478369E+00
                         Error 58        5.898198871E+00
                         Error 59        5.864286291E+00
                         Error 60        5.830741525E+00
                         Error 61        5.797565370E+00
                         Error 62        5.764758524E+00
                         Error 63        5.732321582E+00
                         Error 64        5.700255039E+00
                         Error 65        5.668559281E+00
                         Error 66        5.637234591E+00
                         Error 67        5.606281142E+00
                         Error 68        5.575699000E+00
                         Error 69        5.545488121E+00
                         Error 70        5.515648349E+00
                         Error 71        5.486179419E+00
                         Error 72        5.457080951E+00
                         Error 73        5.428352456E+00
                         Error 74        5.399993329E+00
                         Error 75        5.372002854E+00
                         Error 76        5.344380201E+00
                         Error 77        5.317124430E+00
                         Error 78        5.290234485E+00
                         Error 79        5.263709201E+00
                         Error 80        5.237547301E+00
                         Error 81        5.211747396E+00
                         Error 82        5.186307991E+00
                         Error 83        5.161227479E+00
                         Error 84        5.136504151E+00
                         Error 85        5.112136187E+00
                         Error 86        5.088121667E+00
                         Error 87        5.064458568E+00
                         Error 88        5.041144766E+00
                         Error 89        5.018178040E+00
                         Error 90        4.995556072E+00
                         Error 91        4.973276451E+00
                         Error 92        4.951336674E+00
                         Error 93        4.929734150E+00
                         Error 94        4.908466202E+00
                         Error 95        4.887530067E+00
                         Error 96        4.866922906E+00
                         Error 97        4.846641798E+00
                         Error 98        4.826683749E+00
                         Error 99        4.807045694E+00
                         Error100        4.787724499E+00
                         Error        4.787724499E+00
