-xyz
refined.xyz
-dens
/home/unibas/boittier/RDKit_G2/B.pdb/SCAN_1_2_3_4_S_36_-10.0/9_SCAN_1_2_3_4_F/B.d.cube
-esp
/home/unibas/boittier/RDKit_G2/B.pdb/SCAN_1_2_3_4_S_36_-10.0/9_SCAN_1_2_3_4_F/B.p.cube
-stepsize
0.2
-n_steps
50
-learning_rate
0.5
  -3.2140541225699018       0.56238315245337112       -3.0908078243555033     
  -3.4904434664115973       0.95206004576203695       0.10631373136854023     
  -6.3833462346825778        4.5310209062934440E-002   9.0363503646989918E-002
  -4.1069841915361920       -4.0197327538669309E-002  0.23714891287822698     
  -3.5407026295675821      -0.51491407944365508       -8.8744449771709782E-002
  -2.6880656079622982        5.9834631550815448E-002   1.5009014095430560     
  -1.9385118048938297      -0.23007378175809642        2.2053271394064017E-002
  -2.1425570682414512      -0.11558310118230002        1.3708958375216491     
  -1.3166710075130357      -0.29584817755426773       0.79995821264738221     
  -2.1589432998027251      -0.47240485144340127        3.6682691197460819     
   2.2281036279783564       -2.7755123668347483      -0.31128531663228753     
   1.9007304995937737       -2.1961361555615277      -0.34804331997938054     
   1.7487932847676637       -1.4100609345263801      -0.15976522013826935     
   2.1308531731007805       -2.4388101314886379      -0.17797585179611339     
  0.82412572999540601       0.30636860530858145       0.40281755795138652     
   1.0463655396688913      -0.39748671320476708       -1.8848364657207358E-003
  0.50627900948905502       0.76079286490279063       0.33984677700222177     
  0.87547798728471216       0.65475476083342654      -0.32808024823426396     
   4.8157488324425861        1.9172910379904027      -0.79998508773474875     
   1.4677727859633736        1.7165195585049788       -1.7635048231175558E-002
   2.2423919353914319        1.4441927802438297       0.31079767092447436     
   2.5240794472551653        1.2268780587196781      -0.17089622800187546     
   2.2510484244987454        1.5432005775797470      -0.33852915323032384     
   1.8962525858658461        4.2185724542479637       0.88398779010470518     
   1.8486781117709870        4.1443307905728508       0.57171537211256906     
First
                         Total        6.612259611E-01
Step size:       0.20
Step size in Bohr:       0.38
Learning Rate:       1.00
# Steps:         50
                         Error  1        6.586386734E-01
                         Error  2        6.561939896E-01
                         Error  3        6.538809668E-01
                         Error  4        6.516894942E-01
                         Error  5        6.496102362E-01
                         Error  6        6.476345792E-01
                         Error  7        6.457545799E-01
                         Error  8        6.439629175E-01
                         Error  9        6.422528479E-01
                         Error 10        6.406181615E-01
                         Error 11        6.390531424E-01
                         Error 12        6.375525317E-01
                         Error 13        6.361114921E-01
                         Error 14        6.347255752E-01
                         Error 15        6.333906917E-01
                         Error 16        6.321030825E-01
                         Error 17        6.308592933E-01
                         Error 18        6.296561497E-01
                         Error 19        6.284907352E-01
                         Error 20        6.273603704E-01
                         Error 21        6.262625937E-01
                         Error 22        6.251951437E-01
                         Error 23        6.241559429E-01
                         Error 24        6.231430828E-01
                         Error 25        6.221548097E-01
                         Error 26        6.211895124E-01
                         Error 27        6.202457100E-01
                         Error 28        6.193220418E-01
                         Error 29        6.184172564E-01
                         Error 30        6.175302038E-01
                         Error 31        6.166598258E-01
                         Error 32        6.158051493E-01
                         Error 33        6.149652788E-01
                         Error 34        6.141393899E-01
                         Error 35        6.133267237E-01
                         Error 36        6.125265810E-01
                         Error 37        6.117383174E-01
                         Error 38        6.109613389E-01
                         Error 39        6.101950975E-01
                         Error 40        6.094390876E-01
                         Error 41        6.086928421E-01
                         Error 42        6.079559295E-01
                         Error 43        6.072279510E-01
                         Error 44        6.065085373E-01
                         Error 45        6.057973468E-01
                         Error 46        6.050940627E-01
                         Error 47        6.043983914E-01
                         Error 48        6.037100604E-01
                         Error 49        6.030288163E-01
                         Error 50        6.023544238E-01
                         Error        6.023544238E-01
