-xyz
refined.xyz
-dens
../../cube_files/fbuta/2_SCAN_1_2_3_4_F/B.d.cube
-esp
../../cube_files/fbuta/2_SCAN_1_2_3_4_F/B.p.cube
-stepsize
0.2
-n_steps
100
-learning_rate
0.5
   3.4547654044951011        2.2417400196354094        1.4585107293083726     
   3.4881320783624687      -0.21197711875553110      -0.63204882049141020     
   6.2330617408680853       -1.1032326588339905       0.21207561066937319     
   3.9637768074737418      -0.93783726629314468       0.10562794512248548     
   3.3817563974702618      -0.88896836640433274       0.67949991814490340     
   2.5453255760728308       -1.6128397657424809      -0.36933317762759882     
   1.4969994937294435      -0.87398034252080692       -1.4131336621968131     
   2.1457693056141971       -1.2240775895294880      -0.22174433051566958     
   1.2749095960632875      -0.67720005485347523      -0.48004098182324656     
   1.6917707826700277       -3.7121033071369989       -1.5739117954066610     
  -1.2058150129405036        3.0602812454105131      -0.19493127197828428     
  -1.1581223698589864        2.3925390459567981      -0.34556229520917420     
  -1.2488904114980202        1.6010773909899279      -0.19063523326954876     
  -1.2013236396204283        2.6838177708849584      -0.10460471928040124     
 -0.86760542826500719      -0.38820602043724173        3.5732055802682849E-002
 -0.96516891267097282       0.39975933161413801      -0.28586003759558820     
 -0.80426737001170656      -0.91668648326837532      -0.14573856829989476     
  -1.3197437100474025      -0.60627927265023052      -0.61225432899888055     
  -5.2947871907518609      -0.31583290795193042       0.68684699953663175     
  -2.1075279053544711       -1.4230033219802927        9.2677376829070459E-004
  -2.5150559157525438      -0.91921883261314707       0.61163278032017543     
  -2.8769627227705614      -0.56463871066861049       0.27328965945639011     
  -2.8274058608105839      -0.94061314482259428        2.4616983248063388E-002
  -3.0284270252606516       -3.6729112987246122        1.1651484256610696     
  -3.0862499697461478       -3.6011957437547100       0.84344789416994315     
First
                         Total        5.068805236E-01
Step size:       0.20
Step size in Bohr:       0.38
Learning Rate:       1.00
# Steps:        100
                         Error  1        5.043597147E-01
                         Error  2        5.019756914E-01
                         Error  3        4.997191835E-01
                         Error  4        4.975815278E-01
                         Error  5        4.955546350E-01
                         Error  6        4.936309579E-01
                         Error  7        4.918034591E-01
                         Error  8        4.900655818E-01
                         Error  9        4.884112201E-01
                         Error 10        4.868346913E-01
                         Error 11        4.853307095E-01
                         Error 12        4.838943598E-01
                         Error 13        4.825210743E-01
                         Error 14        4.812066096E-01
                         Error 15        4.799470247E-01
                         Error 16        4.787386605E-01
                         Error 17        4.775781212E-01
                         Error 18        4.764622553E-01
                         Error 19        4.753881393E-01
                         Error 20        4.743530613E-01
                         Error 21        4.733545061E-01
                         Error 22        4.723901414E-01
                         Error 23        4.714578046E-01
                         Error 24        4.705554902E-01
                         Error 25        4.696813392E-01
                         Error 26        4.688336277E-01
                         Error 27        4.680107574E-01
                         Error 28        4.672112463E-01
                         Error 29        4.664337202E-01
                         Error 30        4.656769046E-01
                         Error 31        4.649396174E-01
                         Error 32        4.642207621E-01
                         Error 33        4.635193211E-01
                         Error 34        4.628343503E-01
                         Error 35        4.621649733E-01
                         Error 36        4.615103764E-01
                         Error 37        4.608698037E-01
                         Error 38        4.602425531E-01
                         Error 39        4.596279722E-01
                         Error 40        4.590254542E-01
                         Error 41        4.584344348E-01
                         Error 42        4.578543891E-01
                         Error 43        4.572848283E-01
                         Error 44        4.567252970E-01
                         Error 45        4.561753712E-01
                         Error 46        4.556346551E-01
                         Error 47        4.551027798E-01
                         Error 48        4.545794007E-01
                         Error 49        4.540641959E-01
                         Error 50        4.535568646E-01
                         Error 51        4.530571252E-01
                         Error 52        4.525647143E-01
                         Error 53        4.520793848E-01
                         Error 54        4.516009051E-01
                         Error 55        4.511290580E-01
                         Error 56        4.506636392E-01
                         Error 57        4.502044568E-01
                         Error 58        4.497513299E-01
                         Error 59        4.493040882E-01
                         Error 60        4.488625713E-01
                         Error 61        4.484266275E-01
                         Error 62        4.479961134E-01
                         Error 63        4.475708935E-01
                         Error 64        4.471508393E-01
                         Error 65        4.467358291E-01
                         Error 66        4.463257471E-01
                         Error 67        4.459204835E-01
                         Error 68        4.455199336E-01
                         Error 69        4.451239978E-01
                         Error 70        4.447325810E-01
                         Error 71        4.443455923E-01
                         Error 72        4.439629450E-01
                         Error 73        4.435845560E-01
                         Error 74        4.432103455E-01
                         Error 75        4.428402370E-01
                         Error 76        4.424741572E-01
                         Error 77        4.421120354E-01
                         Error 78        4.417538035E-01
                         Error 79        4.413993959E-01
                         Error 80        4.410487495E-01
                         Error 81        4.407018029E-01
                         Error 82        4.403584971E-01
                         Error 83        4.400187749E-01
                         Error 84        4.396825808E-01
                         Error 85        4.393498609E-01
                         Error 86        4.390205631E-01
                         Error 87        4.386946365E-01
                         Error 88        4.383720319E-01
                         Error 89        4.380527011E-01
                         Error 90        4.377365974E-01
                         Error 91        4.374236751E-01
                         Error 92        4.371138897E-01
                         Error 93        4.368071978E-01
                         Error 94        4.365035568E-01
                         Error 95        4.362029254E-01
                         Error 96        4.359052628E-01
                         Error 97        4.356105293E-01
                         Error 98        4.353186860E-01
                         Error 99        4.350296949E-01
                         Error100        4.347435184E-01
                         Error        4.347435184E-01
