atom_charge_dict:  {0: [0, 1], 2: [2, 3], 3: [4, 5], 4: [6], 6: [7, 8, 9], 1: [10, 11, 12], 5: [13, 14, 15, 16], 7: [17, 18], 9: [19], 8: [20, 21], 10: [22, 23]}
2
2 [2, 3] [-0.01495208 -0.08359678  0.12442927]
2 [2, 3] [ 0.0401756  -0.17065123  0.28567283]
0
0 [0, 1] [ 0.09724474 -0.26806362  0.19458995]
0 [0, 1] [ 0.19982816 -0.16476181  0.48320478]
1
1 [10, 11, 12] [-0.51211096 -0.26291145  0.01006422]
1 [10, 11, 12] [0.09543027 0.21162337 0.15034125]
1 [10, 11, 12] [0.02416582 0.36021183 0.42651138]
3
3 [4, 5] [-0.07935904 -0.10586573 -0.08304847]
3 [4, 5] [-0.30450899 -0.22190968 -0.13140426]
0
4
4 [6] [-0.1261799   0.16230922  0.32826326]
6
6 [7, 8, 9] [ 0.2321966  -0.13666818 -0.0175752 ]
6 [7, 8, 9] [-0.10872378 -0.39058205  0.00294732]
6 [7, 8, 9] [ 0.20228251  0.09061638 -0.00306049]
1
5
5 [13, 14, 15, 16] [ 0.27062167  0.18760725 -0.02877394]
5 [13, 14, 15, 16] [-0.04082206 -0.0462827   0.19314081]
5 [13, 14, 15, 16] [-0.12335361 -0.23487413  0.00668093]
5 [13, 14, 15, 16] [-0.04678975 -0.0794013  -0.26890808]
8
8 [20, 21] [-0.17776195 -0.2533656   0.02871134]
8 [20, 21] [-0.17346836 -0.33905442 -0.04198097]
7
7 [17, 18] [-0.25197303 -0.26866603 -0.11773617]
7 [17, 18] [ 0.49002323 -0.12680486 -0.23169622]
9
9 [19] [ 0.32615686  0.39109056 -0.05291863]
10
10 [22, 23] [ 0.07311876 -0.25764621  0.29552854]
10 [22, 23] [-0.01489827 -0.07827281  0.04399061]
7
5
RMSD using the Kabsch algorithm: 0.720888812954757
1 [0.767984   1.08104298 0.19382899]
2 [0.87056742 1.18434479 0.48244382]
3 [ 0.17368258  1.68143977 -0.76693658]
4 [ 0.22881027  1.59438532 -0.60569302]
5 [ 1.63811402  1.54442302 -0.07497852]
6 [ 1.41296407  1.42837906 -0.12333431]
7 [0.04633868 1.93043563 1.20762102]
8 [ 1.83671894 -1.01325359 -0.01517115]
9 [ 1.49579856 -1.26716745  0.00535137]
10 [ 1.80680486e+00 -7.85969025e-01 -6.56439590e-04]
11 [ 0.10131578 -0.42024741  0.01008803]
12 [0.70885701 0.05428741 0.15036506]
13 [0.63759256 0.20287586 0.42653519]
14 [-0.35428609 -0.56640647 -0.03364978]
15 [-0.66572983 -0.80029643  0.18826497]
16 [-0.74826137 -0.98888785  0.0018051 ]
17 [-0.67169752 -0.83341502 -0.27378392]
18 [-2.10525672 -0.24489646 -0.11517337]
19 [-1.36326046 -0.10303529 -0.22913341]
20 [-2.32192    -0.32733919 -0.06420068]
21 [-2.10678568  0.37589411  0.93848673]
22 [-2.1024921   0.2902053   0.86779441]
23 [-1.85061796  0.39962232 -0.59020633]
24 [-1.938635    0.57899572 -0.84174426]
