-xyz
refined.xyz
-dens
/home/unibas/boittier/RDKit_G2/B.pdb/SCAN_1_2_3_4_S_36_10.0/4_SCAN/B.d.cube
-esp
/home/unibas/boittier/RDKit_G2/B.pdb/SCAN_1_2_3_4_S_36_10.0/4_SCAN/B.p.cube
-stepsize
0.2
-n_steps
0
-learning_rate
0.5
   3.5501105730304898        2.5413861013047674        1.3912396907892415     
   3.1545918343850534        6.0241443670917980E-002 -0.27391101504391224     
   2.7207810801450960       0.15953407523311891       0.65977073964270216     
   5.7593888037318006       -1.1677912007073667       0.19587246899560723     
   2.7759112202639673      -0.13217262912020464       0.85867850303145221     
   1.0077149461511363       -1.1252913348215832      -0.16741588865437582     
   1.6047098415333712       -3.5076852094523363       -1.3545672672311841     
   2.4608308036342930       -1.7061124830173642      -0.48937198276745697     
   1.8835631582424559       -1.3798829069430605      -0.39163184992223732     
  -1.4461609245466100        1.6432604060825649        7.8943250058561704E-003
  -1.3998970000856021        1.8286913830356220        3.1323204317916395E-002
  -1.1489012716718712        3.2681202298752958      -0.18315695978881977     
  -1.1303043870987595        2.5365552358813566      -0.19766881312264542     
 -0.95413537917229674      -0.77942901897341599       -4.2285141915919158E-002
  -1.1540340056220524      -0.45714353958341691       0.28839342074468233     
  -1.5485773089992299      -0.51318281405053823      -0.92331826517215221     
  -1.1798427465984738       0.62645085481725893      -0.15074180555057140     
  -2.5604728697489660       -1.1045883595972035        1.2177178405685063     
  -2.9602053209898544       -1.0956353168223114      -0.63853737105810993     
  -5.1348760456210307      -0.19701158603996879       0.73906551922674557     
  -2.9978346569247449       -3.7040007944525355       0.39354976360912358     
First
                         Total        4.725852972E-01
Step size:       0.20
Step size in Bohr:       0.38
Learning Rate:       1.00
# Steps:          0
                         Error        4.725852972E-01
