-xyz
refined.xyz
-dens
../../cube_files/acrolein/17_SCAN_1_2_6_8_F/O.d.cube
-esp
../../cube_files/acrolein/17_SCAN_1_2_6_8_F/O.p.cube
-stepsize
0.2
-n_steps
1
-learning_rate
0.5
   3.6744544797627188        2.4847575407937947      -0.49030404731090532     
   3.5123080624144261        2.1387135237090349      -0.45575048683614844     
   5.0914078465102737      -0.91491983183303727       0.31191925565988959     
   4.9427712488588469      -0.77901763275603331       0.29995443542624994     
   2.8687216075919433       -9.9688228928337799E-002  0.15536032935094460     
   3.1497925033541350      -0.84574945436007998       0.18932840377477550     
   3.9541700955074082       0.12711321060125444        7.8132883326782851E-002
   2.5135190712034561       0.83554397192564522      -0.21370276966360352     
   2.0258438352081467       -1.1618022378810835       -1.0163444831452760E-002
   1.3007801942766390       -5.0957197438003005E-002  -9.8387836445242127E-002
   1.5530362055221787      -0.14482262166061430        6.0356364599269755E-002
   1.5574889529837839      -0.64321051771534010        6.2095366617074849E-002
  0.52922307792765855      -0.78538080207817462        3.4948160856597799E-002
  0.48772086649587809      -0.75602121937761324       -3.4680722086100259E-003
   1.6129941987767957      -0.24973825119853982      -0.62865765311977329     
 -0.72843789806061510        2.5584196269960264       0.28806620635550145     
 -0.78086737264437089        2.5223724952469251      -0.32755948635338084     
 -0.70530120659634776        2.5496714038610580      -0.62978356545143288     
  -1.2907521765316339      -0.34042291913400285      -0.25773303016337412     
  -2.5869881399429997       0.15879927209835148       -3.5168910662479833E-002
  -3.4392993188387959      -0.87574812063305474       0.37764549255508528     
  -3.7756493192153044      -0.55036728118196399       0.30569504516071300     
  -3.8807864108082963        9.7392355206767547E-002  0.10898093027607553     
First
                         Total        1.401769754E+01
Step size:       0.20
Step size in Bohr:       0.38
Learning Rate:       1.00
# Steps:          1
                         Error  1        1.397310309E+01
                         Error        1.397310309E+01
