-xyz
refined.xyz
-dens
/home/unibas/boittier/RDKit_G2/B.pdb/SCAN_1_2_3_4_S_36_-10.0/19_SCAN/B.d.cube
-esp
/home/unibas/boittier/RDKit_G2/B.pdb/SCAN_1_2_3_4_S_36_-10.0/19_SCAN/B.p.cube
-stepsize
0.2
-n_steps
0
-learning_rate
0.5
   3.8936113566922166        2.9235513315886048      -0.60000101049929266     
   3.1939116080706644        3.2608958998852191E-003 -0.61153454063596269     
   2.9606667850760915       0.56774803358800219       0.22318909035957255     
   5.8803611673336755       -1.0323831137654487        4.0231146404967694E-002
   3.0648203877797502       0.40311638519894366       0.52276358767713160     
   1.2083686183139606      -0.63907125259501674      -0.12584285021526284     
   1.5698130051645200       -3.5305253673560881       0.49030074514378441     
   2.6447890290885674       -1.3044852780348903        8.9738239528324312E-002
   2.0064054314276540       -1.1096311888953716        2.8786861581865747E-002
  -2.4631215257470371      -0.87326358440521079      -0.22321692357110384     
  -2.5573633040712358       -1.0368884925626403      -0.26089034861958560     
  -3.3558596897639190       -2.2741888071594638      -0.14932218503467548     
  -2.8401228373432823       -1.7574839392972563       -9.6640527665973461E-002
 -0.43300181829320100       0.55394837277964659       -8.5550263311990934E-002
 -0.80915642220079176       0.49006040239366755      -0.41357731110607976     
  -1.0218528377974239       0.67468945328346186       0.83049759687569935     
  -1.5582189708069563      -0.32378208823809967       -3.3776905131231889E-002
  -1.4935781646468966        2.1187516922266929      -0.92142645927889244     
  -1.6606554308414339        2.0042315809370632       0.96656716662987341     
  -3.9674142575863471        3.0359403205536997       -6.4682996656024908E-002
  -1.0742048174272524E-002   4.1535648834881016       0.22371088729438765     
First
                         Total        1.559564362E+00
Step size:       0.20
Step size in Bohr:       0.38
Learning Rate:       1.00
# Steps:          0
                         Error        1.559564362E+00
