-xyz
refined.xyz
-dens
/home/unibas/boittier/RDKit_G2/B.pdb/SCAN_1_2_3_4_S_36_10.0/26_SCAN_1_2_3_4_F/B.d.cube
-esp
/home/unibas/boittier/RDKit_G2/B.pdb/SCAN_1_2_3_4_S_36_10.0/26_SCAN_1_2_3_4_F/B.p.cube
-stepsize
0.2
-n_steps
1
-learning_rate
0.5
   4.3638401283892527      -0.77448770788449584      -0.92687952752712066     
   2.8887802258124977        1.6506814791783624       0.66497862190993884     
   4.7823951673308125        3.7333709246418838      -0.46837872859748991     
   2.9709045553743665        2.3818989098356247      -0.20693142955589686     
   2.5798719774181671        1.9199341970104122      -0.75609877513227863     
   1.2529889802901584        2.3135071319504767        7.5787616681804004E-002
   1.2380547541844933        1.1192821519002323        1.0645658178618289     
   1.1152615438387810        1.7602387375207960       -5.2073315778560038E-002
  0.79735676325585858       0.82477963626257678       0.24126183953345715     
 -0.59759767834483157        3.7102256064651247       0.88727407109590217     
  0.76664006243581384       -3.6897203004149444       -2.7241081304575599E-003
  0.54497542069711402       -3.0874617407705207       0.24257723502078302     
  -2.3177948187049050E-002  -2.5043805433813331       0.31714594151842429     
  0.57218150123005784       -3.3538254384323203       -2.8381878268195149E-002
 -0.84527462491169414      -0.69864195986093514       0.38877056636394813     
 -0.37087676098569750       -1.3890872774419007       0.55630154377213892     
  -1.0312024201269641      -0.23135654807639980       0.66343342961418750     
  -1.0496721008081569      -0.78135079430328247        1.1823617203883583     
  -5.3714468383370724       0.23946392028257277      -0.92882382594830093     
  -2.2785865618463843      -0.60641183681455835        1.2047590884113384     
  -2.8642784820412670       0.30988748168632352       0.42376360453058282     
  -3.0435095983491101       0.11746915725324691      -0.14184179031424804     
  -2.9947305042053336      -0.27008178048414161       0.12236318006977505     
  -4.0815262624663102      -0.51983417543034072        2.8692427045706843     
  -4.0280283707416213      -0.77461341759662328        2.6635416234980167     
First
                         Total        3.466619803E+00
Step size:       0.20
Step size in Bohr:       0.38
Learning Rate:       1.00
# Steps:          1
                         Error  1        3.450137233E+00
                         Error        3.450137233E+00
