-xyz
refined.xyz
-dens
/home/unibas/boittier/RDKit_G2/B.pdb/SCAN_1_2_3_4_S_36_10.0/20_SCAN_1_2_3_4_F/B.d.cube
-esp
/home/unibas/boittier/RDKit_G2/B.pdb/SCAN_1_2_3_4_S_36_10.0/20_SCAN_1_2_3_4_F/B.p.cube
-stepsize
0.2
-n_steps
500
-learning_rate
0.5
  -3.6490375390279337        2.5022082094781095      -0.89956051996550712     
  -3.5224156195795846      -0.14661282334089276       0.69699933968845185     
  -6.3342310487073705       -1.0109952796071484        8.0078818766254292E-002
  -3.9985602988103182      -0.73514073079304543        8.3452273321615977E-002
  -3.5413036346452604      -0.64994883597195818      -0.71914712774936007     
  -2.4536496285737486       -1.5085110329538909       0.46427927432822963     
  -1.4649987950512764       -1.2239164178099251      -0.62149598098479608     
  -1.9497798920160454       -1.2291286012232383       0.57584942225854374     
  -1.0247756788700173       -1.1344821664278244       0.17754043030630004     
  -1.5876774448408446       -3.8279983688919406        1.0719295002020977     
   2.9285669335173998       -1.8689916264852422      -0.19359351510139475     
   2.5006314931199194       -1.5327836184079611      -0.23707382186664036     
   2.0165856833844442      -0.87568586906159518       -7.9732966137231243E-002
   2.7132181184132373       -1.6520956180038664       -9.8158351605626026E-002
  0.61551426675391185       0.16678569351193598       0.24051659421432225     
   1.1169422066348274      -0.28592534057396224       -2.6712533289545107E-002
  0.23061337365915158       0.46000791051369216       0.18629898918704449     
  0.72296759800034360       0.58332756489912108      -0.28574840053183903     
   3.9666968174777493        3.2118409014292886      -0.15414657207220450     
  0.80329999927178120        1.7441678995141394        3.8993389413037136E-002
   1.5011557727744618        1.7159259717928013       0.40173020133279203     
   1.8538388680666507        1.6261346845317834        2.4773700795434710E-002
   1.5428043502659781        1.8380189496084200      -0.10456014523312748     
  0.24726192910052078        4.0822958012139852        1.0258891097140430     
  0.21733022235918237        4.0596311569980159       0.71513320399246094     
First
                         Total        4.364139068E-01
Step size:       0.20
Step size in Bohr:       0.38
Learning Rate:       1.00
# Steps:        500
                         Error  1        4.353417773E-01
                         Error  2        4.343579605E-01
                         Error  3        4.334544329E-01
                         Error  4        4.326238827E-01
                         Error  5        4.318596510E-01
                         Error  6        4.311556776E-01
                         Error  7        4.305064496E-01
                         Error  8        4.299069552E-01
                         Error  9        4.293526397E-01
                         Error 10        4.288393659E-01
                         Error 11        4.283633766E-01
                         Error 12        4.279212617E-01
                         Error 13        4.275099262E-01
                         Error 14        4.271265623E-01
                         Error 15        4.267686234E-01
                         Error 16        4.264337997E-01
                         Error 17        4.261199973E-01
                         Error 18        4.258253177E-01
                         Error 19        4.255480401E-01
                         Error 20        4.252866048E-01
                         Error 21        4.250395985E-01
                         Error 22        4.248057402E-01
                         Error 23        4.245838691E-01
                         Error 24        4.243729337E-01
                         Error 25        4.241719807E-01
                         Error 26        4.239801467E-01
                         Error 27        4.237966492E-01
                         Error 28        4.236207789E-01
                         Error 29        4.234518934E-01
                         Error 30        4.232894101E-01
                         Error 31        4.231328012E-01
                         Error 32        4.229815882E-01
                         Error 33        4.228353373E-01
                         Error 34        4.226936550E-01
                         Error 35        4.225561846E-01
                         Error 36        4.224226027E-01
                         Error 37        4.222926156E-01
                         Error 38        4.221659570E-01
                         Error 39        4.220423850E-01
                         Error 40        4.219216803E-01
                         Error 41        4.218036433E-01
                         Error 42        4.216880930E-01
                         Error 43        4.215748647E-01
                         Error 44        4.214638088E-01
                         Error 45        4.213547892E-01
                         Error 46        4.212476819E-01
                         Error 47        4.211423742E-01
                         Error 48        4.210387632E-01
                         Error 49        4.209367553E-01
                         Error 50        4.208362651E-01
                         Error 51        4.207372145E-01
                         Error 52        4.206395323E-01
                         Error 53        4.205431533E-01
                         Error 54        4.204480180E-01
                         Error 55        4.203540718E-01
                         Error 56        4.202612647E-01
                         Error 57        4.201695506E-01
                         Error 58        4.200788874E-01
                         Error 59        4.199892364E-01
                         Error 60        4.199005617E-01
                         Error 61        4.198128304E-01
                         Error 62        4.197260120E-01
                         Error 63        4.196400785E-01
                         Error 64        4.195550036E-01
                         Error 65        4.194707632E-01
                         Error 66        4.193873349E-01
                         Error 67        4.193046977E-01
                         Error 68        4.192228321E-01
                         Error 69        4.191417197E-01
                         Error 70        4.190613437E-01
                         Error 71        4.189816879E-01
                         Error 72        4.189027373E-01
                         Error 73        4.188244778E-01
                         Error 74        4.187468959E-01
                         Error 75        4.186699791E-01
                         Error 76        4.185937154E-01
                         Error 77        4.185180934E-01
                         Error 78        4.184431024E-01
                         Error 79        4.183687319E-01
                         Error 80        4.182949723E-01
                         Error 81        4.182218141E-01
                         Error 82        4.181492483E-01
                         Error 83        4.180772662E-01
                         Error 84        4.180058596E-01
                         Error 85        4.179350204E-01
                         Error 86        4.178647408E-01
                         Error 87        4.177950135E-01
                         Error 88        4.177258311E-01
                         Error 89        4.176571867E-01
                         Error 90        4.175890734E-01
                         Error 91        4.175214846E-01
                         Error 92        4.174544139E-01
                         Error 93        4.173878550E-01
                         Error 94        4.173218017E-01
                         Error 95        4.172562481E-01
                         Error 96        4.171911883E-01
                         Error 97        4.171266166E-01
                         Error 98        4.170625274E-01
                         Error 99        4.169989152E-01
                         Error100        4.169357746E-01
                         Error101        4.168731004E-01
                         Error102        4.168108873E-01
                         Error103        4.167491302E-01
                         Error104        4.166878242E-01
                         Error105        4.166269643E-01
                         Error106        4.165665456E-01
                         Error107        4.165065634E-01
                         Error108        4.164470129E-01
                         Error109        4.163878895E-01
                         Error110        4.163291887E-01
                         Error111        4.162709060E-01
                         Error112        4.162130368E-01
                         Error113        4.161555768E-01
                         Error114        4.160985218E-01
                         Error115        4.160418673E-01
                         Error116        4.159856093E-01
                         Error117        4.159297435E-01
                         Error118        4.158742658E-01
                         Error119        4.158191722E-01
                         Error120        4.157644587E-01
                         Error121        4.157101213E-01
                         Error122        4.156561561E-01
                         Error123        4.156025592E-01
                         Error124        4.155493268E-01
                         Error125        4.154964552E-01
                         Error126        4.154439406E-01
                         Error127        4.153917792E-01
                         Error128        4.153399676E-01
                         Error129        4.152885020E-01
                         Error130        4.152373789E-01
                         Error131        4.151865948E-01
                         Error132        4.151361462E-01
                         Error133        4.150860297E-01
                         Error134        4.150362418E-01
                         Error135        4.149867791E-01
                         Error136        4.149376384E-01
                         Error137        4.148888164E-01
                         Error138        4.148403098E-01
                         Error139        4.147921153E-01
                         Error140        4.147442298E-01
                         Error141        4.146966502E-01
                         Error142        4.146493732E-01
                         Error143        4.146023960E-01
                         Error144        4.145557153E-01
                         Error145        4.145093282E-01
                         Error146        4.144632317E-01
                         Error147        4.144174228E-01
                         Error148        4.143718987E-01
                         Error149        4.143266564E-01
                         Error150        4.142816931E-01
                         Error151        4.142370060E-01
                         Error152        4.141925922E-01
                         Error153        4.141484491E-01
                         Error154        4.141045738E-01
                         Error155        4.140609638E-01
                         Error156        4.140176162E-01
                         Error157        4.139745286E-01
                         Error158        4.139316981E-01
                         Error159        4.138891224E-01
                         Error160        4.138467987E-01
                         Error161        4.138047246E-01
                         Error162        4.137628976E-01
                         Error163        4.137213152E-01
                         Error164        4.136799750E-01
                         Error165        4.136388745E-01
                         Error166        4.135980113E-01
                         Error167        4.135573831E-01
                         Error168        4.135169875E-01
                         Error169        4.134768222E-01
                         Error170        4.134368849E-01
                         Error171        4.133971733E-01
                         Error172        4.133576853E-01
                         Error173        4.133184185E-01
                         Error174        4.132793708E-01
                         Error175        4.132405400E-01
                         Error176        4.132019240E-01
                         Error177        4.131635206E-01
                         Error178        4.131253277E-01
                         Error179        4.130873433E-01
                         Error180        4.130495652E-01
                         Error181        4.130119916E-01
                         Error182        4.129746203E-01
                         Error183        4.129374493E-01
                         Error184        4.129004767E-01
                         Error185        4.128637006E-01
                         Error186        4.128271190E-01
                         Error187        4.127907300E-01
                         Error188        4.127545317E-01
                         Error189        4.127185222E-01
                         Error190        4.126826998E-01
                         Error191        4.126470626E-01
                         Error192        4.126116087E-01
                         Error193        4.125763365E-01
                         Error194        4.125412441E-01
                         Error195        4.125063298E-01
                         Error196        4.124715918E-01
                         Error197        4.124370285E-01
                         Error198        4.124026381E-01
                         Error199        4.123684190E-01
                         Error200        4.123343695E-01
                         Error201        4.123004881E-01
                         Error202        4.122667730E-01
                         Error203        4.122332227E-01
                         Error204        4.121998356E-01
                         Error205        4.121666101E-01
                         Error206        4.121335446E-01
                         Error207        4.121006377E-01
                         Error208        4.120678879E-01
                         Error209        4.120352935E-01
                         Error210        4.120028532E-01
                         Error211        4.119705654E-01
                         Error212        4.119384288E-01
                         Error213        4.119064418E-01
                         Error214        4.118746031E-01
                         Error215        4.118429113E-01
                         Error216        4.118113649E-01
                         Error217        4.117799626E-01
                         Error218        4.117487030E-01
                         Error219        4.117175848E-01
                         Error220        4.116866066E-01
                         Error221        4.116557672E-01
                         Error222        4.116250652E-01
                         Error223        4.115944993E-01
                         Error224        4.115640683E-01
                         Error225        4.115337709E-01
                         Error226        4.115036058E-01
                         Error227        4.114735719E-01
                         Error228        4.114436678E-01
                         Error229        4.114138924E-01
                         Error230        4.113842445E-01
                         Error231        4.113547229E-01
                         Error232        4.113253265E-01
                         Error233        4.112960540E-01
                         Error234        4.112669044E-01
                         Error235        4.112378764E-01
                         Error236        4.112089691E-01
                         Error237        4.111801812E-01
                         Error238        4.111515117E-01
                         Error239        4.111229595E-01
                         Error240        4.110945235E-01
                         Error241        4.110662026E-01
                         Error242        4.110379959E-01
                         Error243        4.110099022E-01
                         Error244        4.109819205E-01
                         Error245        4.109540499E-01
                         Error246        4.109262893E-01
                         Error247        4.108986377E-01
                         Error248        4.108710941E-01
                         Error249        4.108436576E-01
                         Error250        4.108163272E-01
                         Error251        4.107891019E-01
                         Error252        4.107619809E-01
                         Error253        4.107349631E-01
                         Error254        4.107080476E-01
                         Error255        4.106812335E-01
                         Error256        4.106545200E-01
                         Error257        4.106279061E-01
                         Error258        4.106013910E-01
                         Error259        4.105749737E-01
                         Error260        4.105486534E-01
                         Error261        4.105224293E-01
                         Error262        4.104963004E-01
                         Error263        4.104702661E-01
                         Error264        4.104443253E-01
                         Error265        4.104184774E-01
                         Error266        4.103927214E-01
                         Error267        4.103670566E-01
                         Error268        4.103414823E-01
                         Error269        4.103159975E-01
                         Error270        4.102906016E-01
                         Error271        4.102652937E-01
                         Error272        4.102400732E-01
                         Error273        4.102149391E-01
                         Error274        4.101898909E-01
                         Error275        4.101649278E-01
                         Error276        4.101400489E-01
                         Error277        4.101152537E-01
                         Error278        4.100905414E-01
                         Error279        4.100659112E-01
                         Error280        4.100413626E-01
                         Error281        4.100168947E-01
                         Error282        4.099925069E-01
                         Error283        4.099681986E-01
                         Error284        4.099439690E-01
                         Error285        4.099198175E-01
                         Error286        4.098957435E-01
                         Error287        4.098717462E-01
                         Error288        4.098478251E-01
                         Error289        4.098239795E-01
                         Error290        4.098002088E-01
                         Error291        4.097765124E-01
                         Error292        4.097528895E-01
                         Error293        4.097293398E-01
                         Error294        4.097058624E-01
                         Error295        4.096824569E-01
                         Error296        4.096591226E-01
                         Error297        4.096358589E-01
                         Error298        4.096126653E-01
                         Error299        4.095895413E-01
                         Error300        4.095664861E-01
                         Error301        4.095434994E-01
                         Error302        4.095205805E-01
                         Error303        4.094977288E-01
                         Error304        4.094749439E-01
                         Error305        4.094522251E-01
                         Error306        4.094295720E-01
                         Error307        4.094069841E-01
                         Error308        4.093844607E-01
                         Error309        4.093620015E-01
                         Error310        4.093396058E-01
                         Error311        4.093172732E-01
                         Error312        4.092950032E-01
                         Error313        4.092727953E-01
                         Error314        4.092506490E-01
                         Error315        4.092285638E-01
                         Error316        4.092065393E-01
                         Error317        4.091845749E-01
                         Error318        4.091626701E-01
                         Error319        4.091408247E-01
                         Error320        4.091190379E-01
                         Error321        4.090973095E-01
                         Error322        4.090756390E-01
                         Error323        4.090540259E-01
                         Error324        4.090324697E-01
                         Error325        4.090109701E-01
                         Error326        4.089895266E-01
                         Error327        4.089681388E-01
                         Error328        4.089468063E-01
                         Error329        4.089255286E-01
                         Error330        4.089043053E-01
                         Error331        4.088831360E-01
                         Error332        4.088620203E-01
                         Error333        4.088409579E-01
                         Error334        4.088199483E-01
                         Error335        4.087989911E-01
                         Error336        4.087780859E-01
                         Error337        4.087572323E-01
                         Error338        4.087364301E-01
                         Error339        4.087156787E-01
                         Error340        4.086949778E-01
                         Error341        4.086743271E-01
                         Error342        4.086537261E-01
                         Error343        4.086331746E-01
                         Error344        4.086126721E-01
                         Error345        4.085922183E-01
                         Error346        4.085718129E-01
                         Error347        4.085514555E-01
                         Error348        4.085311457E-01
                         Error349        4.085108833E-01
                         Error350        4.084906679E-01
                         Error351        4.084704991E-01
                         Error352        4.084503766E-01
                         Error353        4.084303001E-01
                         Error354        4.084102693E-01
                         Error355        4.083902838E-01
                         Error356        4.083703434E-01
                         Error357        4.083504477E-01
                         Error358        4.083305964E-01
                         Error359        4.083107892E-01
                         Error360        4.082910258E-01
                         Error361        4.082713059E-01
                         Error362        4.082516292E-01
                         Error363        4.082319954E-01
                         Error364        4.082124042E-01
                         Error365        4.081928553E-01
                         Error366        4.081733485E-01
                         Error367        4.081538834E-01
                         Error368        4.081344598E-01
                         Error369        4.081150774E-01
                         Error370        4.080957360E-01
                         Error371        4.080764351E-01
                         Error372        4.080571747E-01
                         Error373        4.080379543E-01
                         Error374        4.080187739E-01
                         Error375        4.079996330E-01
                         Error376        4.079805314E-01
                         Error377        4.079614689E-01
                         Error378        4.079424453E-01
                         Error379        4.079234602E-01
                         Error380        4.079045134E-01
                         Error381        4.078856047E-01
                         Error382        4.078667338E-01
                         Error383        4.078479006E-01
                         Error384        4.078291046E-01
                         Error385        4.078103458E-01
                         Error386        4.077916239E-01
                         Error387        4.077729387E-01
                         Error388        4.077542898E-01
                         Error389        4.077356772E-01
                         Error390        4.077171005E-01
                         Error391        4.076985596E-01
                         Error392        4.076800542E-01
                         Error393        4.076615841E-01
                         Error394        4.076431492E-01
                         Error395        4.076247491E-01
                         Error396        4.076063836E-01
                         Error397        4.075880527E-01
                         Error398        4.075697560E-01
                         Error399        4.075514933E-01
                         Error400        4.075332645E-01
                         Error401        4.075150693E-01
                         Error402        4.074969076E-01
                         Error403        4.074787791E-01
                         Error404        4.074606837E-01
                         Error405        4.074426211E-01
                         Error406        4.074245912E-01
                         Error407        4.074065938E-01
                         Error408        4.073886287E-01
                         Error409        4.073706956E-01
                         Error410        4.073527945E-01
                         Error411        4.073349251E-01
                         Error412        4.073170873E-01
                         Error413        4.072992809E-01
                         Error414        4.072815057E-01
                         Error415        4.072637614E-01
                         Error416        4.072460481E-01
                         Error417        4.072283654E-01
                         Error418        4.072107132E-01
                         Error419        4.071930914E-01
                         Error420        4.071754998E-01
                         Error421        4.071579381E-01
                         Error422        4.071404063E-01
                         Error423        4.071229042E-01
                         Error424        4.071054316E-01
                         Error425        4.070879884E-01
                         Error426        4.070705744E-01
                         Error427        4.070531894E-01
                         Error428        4.070358333E-01
                         Error429        4.070185060E-01
                         Error430        4.070012073E-01
                         Error431        4.069839370E-01
                         Error432        4.069666950E-01
                         Error433        4.069494811E-01
                         Error434        4.069322952E-01
                         Error435        4.069151372E-01
                         Error436        4.068980069E-01
                         Error437        4.068809042E-01
                         Error438        4.068638289E-01
                         Error439        4.068467809E-01
                         Error440        4.068297601E-01
                         Error441        4.068127663E-01
                         Error442        4.067957993E-01
                         Error443        4.067788592E-01
                         Error444        4.067619456E-01
                         Error445        4.067450585E-01
                         Error446        4.067281978E-01
                         Error447        4.067113633E-01
                         Error448        4.066945549E-01
                         Error449        4.066777724E-01
                         Error450        4.066610159E-01
                         Error451        4.066442850E-01
                         Error452        4.066275798E-01
                         Error453        4.066109000E-01
                         Error454        4.065942456E-01
                         Error455        4.065776164E-01
                         Error456        4.065610124E-01
                         Error457        4.065444333E-01
                         Error458        4.065278792E-01
                         Error459        4.065113498E-01
                         Error460        4.064948451E-01
                         Error461        4.064783649E-01
                         Error462        4.064619092E-01
                         Error463        4.064454778E-01
                         Error464        4.064290706E-01
                         Error465        4.064126875E-01
                         Error466        4.063963285E-01
                         Error467        4.063799933E-01
                         Error468        4.063636819E-01
                         Error469        4.063473942E-01
                         Error470        4.063311300E-01
                         Error471        4.063148894E-01
                         Error472        4.062986721E-01
                         Error473        4.062824781E-01
                         Error474        4.062663073E-01
                         Error475        4.062501595E-01
                         Error476        4.062340347E-01
                         Error477        4.062179328E-01
                         Error478        4.062018537E-01
                         Error479        4.061857973E-01
                         Error480        4.061697635E-01
                         Error481        4.061537521E-01
                         Error482        4.061377632E-01
                         Error483        4.061217966E-01
                         Error484        4.061058522E-01
                         Error485        4.060899300E-01
                         Error486        4.060740298E-01
                         Error487        4.060581515E-01
                         Error488        4.060422952E-01
                         Error489        4.060264606E-01
                         Error490        4.060106477E-01
                         Error491        4.059948564E-01
                         Error492        4.059790866E-01
                         Error493        4.059633383E-01
                         Error494        4.059476113E-01
                         Error495        4.059319056E-01
                         Error496        4.059162211E-01
                         Error497        4.059005577E-01
                         Error498        4.058849154E-01
                         Error499        4.058692939E-01
                         Error500        4.058536934E-01
                         Error        4.058536934E-01
