-xyz
refined.xyz
-dens
/home/unibas/boittier/RDKit_G2/B.pdb/SCAN_1_2_3_4_S_36_-10.0/15_SCAN/B.d.cube
-esp
/home/unibas/boittier/RDKit_G2/B.pdb/SCAN_1_2_3_4_S_36_-10.0/15_SCAN/B.p.cube
-stepsize
0.2
-n_steps
0
-learning_rate
0.5
  -3.7231162358208123        2.7568462467715116       -1.3664495648477923     
  -3.2125918452127031       0.29814764385762071       0.33050756516446173     
  -2.8832660264467842       0.37059733426998409      -0.64730016832140758     
  -5.8971128250043039      -0.85399813669153735       0.15167410564070596     
  -2.9700397339627118        7.8529601720906811E-002 -0.83401705384090064     
  -1.1717291864502404      -0.60295584034674621       0.56451039830236205     
  -1.6582242897870865       -3.3160398846626022        1.2934756909514309     
  -2.6478683807110395       -1.2141454634743678       0.56837714696480490     
  -2.0019684875839792       -1.0404163185432826       0.52538509478742601     
   2.4515715197934327      -0.92487920722243633       -2.6505666565708685E-002
   2.5458098174082169       -1.0925895524028597       -1.8363572962161026E-002
   3.2713695259519606       -2.3323331384066988      -0.36122644918477831     
   2.7712767287790516       -1.8037436042826971      -0.28220697645363568     
  0.47654733702806118       0.54542707153070968       0.30969003613157770     
  0.90344340690323777       0.44998536161721442       0.55833904260322698     
  0.89417115244106726       0.72437201637136428      -0.68732384008213609     
   1.5455182276242021      -0.34636565009221731       -8.4480782863052377E-003
   1.7494016885515633        1.9729639032953292        1.0837577473091662     
   1.4944601469639911        2.1004916687120350      -0.79355178488357614     
   4.0024636826985995        2.9861184447301596      -0.17923407875886732     
  0.10852067283522650        4.1346935886032128       0.55788661296907105     
First
                         Total        1.519892254E+00
Step size:       0.20
Step size in Bohr:       0.38
Learning Rate:       1.00
# Steps:          0
                         Error        1.519892254E+00
