Running in analysis mode

Reading "/home/unibas/boittier/RDKit_G2/B.pdb/SCAN_1_2_3_4_S_36_10.0/25_SCAN/B.p.cube"...

  B.pdb Potential
  Electrostatic potential from Total SCF Density
   10  -10.222655   -6.977651   -7.052857
  114    0.166667    0.000000    0.000000
   96    0.000000    0.166667    0.000000
   87    0.000000    0.000000    0.166667
    6    6.000000    2.124010    2.272351    0.118217
    6    6.000000    0.916791    0.076972    0.109778
    6    6.000000   -1.717867   -0.464899    0.811962
    6    6.000000   -3.709903    0.267789   -0.540105
    1    1.000000    4.108756    2.386190   -0.361975
    1    1.000000    1.114036    3.984034    0.587523
    9    9.000000    2.241440   -2.086762   -0.385287
    1    1.000000   -1.962772   -1.679498    2.452483
    1    1.000000   -3.494000    1.391454   -2.240295
    1    1.000000   -5.617169   -0.214600    0.030725
  4.30836E-04  4.54498E-04  4.79081E-04  5.04613E-04  5.31121E-04  5.58632E-04
       .            .            .            .            .            .
       .            .            .            .            .            .
       .            .            .            .            .            .
  6.70486E-04  6.42626E-04  6.15867E-04  5.90198E-04  5.65601E-04  5.42058E-04

797596 out of 952128 gridpoints are considered (83.8%).

...done!

Reading "21charges.cube"...

  Fitted ESP
  Electrostatic potential fitted from 21 point charges.
   10  -10.222655   -6.977651   -7.052857
  114    0.166667    0.000000    0.000000
   96    0.000000    0.166667    0.000000
   87    0.000000    0.000000    0.166667
    6    6.000000    2.124010    2.272351    0.118217
    6    6.000000    0.916791    0.076972    0.109778
    6    6.000000   -1.717867   -0.464899    0.811962
    6    6.000000   -3.709903    0.267789   -0.540105
    1    1.000000    4.108756    2.386190   -0.361975
    1    1.000000    1.114036    3.984034    0.587523
    9    9.000000    2.241440   -2.086762   -0.385287
    1    1.000000   -1.962772   -1.679498    2.452483
    1    1.000000   -3.494000    1.391454   -2.240295
    1    1.000000   -5.617169   -0.214600    0.030725
  2.89599E-04  3.04058E-04  3.19182E-04  3.34999E-04  3.51537E-04  3.68826E-04
       .            .            .            .            .            .
       .            .            .            .            .            .
       .            .            .            .            .            .
  8.06269E-04  7.73245E-04  7.41405E-04  7.10738E-04  6.81228E-04  6.52854E-04

797596 out of 952128 gridpoints are considered (83.8%).

...done!

                       Measure       RMSE[kcal/mol/e]   MaxError[kcal/mol/e]   NPoints
                         Total        1.189232308E+00        8.504303253E+00    797596
Close (  1.20 < r <   1.66 )          1.960299783E+00        8.504303253E+00    155940
Mid-range ( 1.66 < r <  2.20)         1.137234614E+00        3.836724670E+00    278602
Far-range (  2.20         < r)        6.811810420E-01        2.139581386E+00    363054
Did analysis and wrote slice data
