node26.cluster
-xyz
refined.xyz
-dens
../../cubes/2_SCAN_1_2_3_4_F/B.d.cube
-esp
../../cubes/2_SCAN_1_2_3_4_F/B.p.cube
   3.5432573016729405        2.4474742925595612       0.81104373895997650     
   3.4254893779891735      -0.35616339518469309      -0.76108061297288798     
   6.2388694233545072       -1.1067254030895768        5.6758107957461300E-002
   3.9706569168247268      -0.94010426076693532        5.5734628128141984E-002
   3.4434345457821953      -0.78069796251612755       0.65630436523066549     
   2.5315509436301777       -1.6618459775317600       -8.2277383187765687E-002
   1.5557995109890081      -0.89912338915610668       -1.1804783163831811     
   2.1293209034112603       -1.2694752591550038        4.3348501141215440E-002
   1.2838047075441990      -0.70523332847824971      -0.25790037461718551     
   1.5842507317043013       -3.9601710292807977      -0.87569161218771863     
  -1.1565054132832708        3.0678132285425197       -8.1033261706352236E-002
  -1.1106065052972938        2.4028601983351394      -0.24349038392220052     
  -1.2182263796847816        1.6074613383233751       -9.0936354170554012E-002
  -1.1637834585284941        2.6935935269424047       -2.9455972593788568E-003
 -0.86909571805764751      -0.38076956178226518       0.13693629347144537     
 -0.94611377817661513       0.40433152545346457      -0.19328366331350294     
 -0.80389090420543652      -0.91150938138119753       -3.3086535691390639E-002
  -1.3058382471023682      -0.60160615644971382      -0.52107848935393342     
  -5.3564172567625974      -0.26739824160587977       0.30578991197372835     
  -2.1284488669408836       -1.4053891437344268       -7.2561325537271182E-002
  -2.5928721798879502      -0.90784979669450283       0.49992403121677209     
  -2.9112260092981979      -0.54123170668781950       0.13937368173644182     
  -2.8454569580231883      -0.91366248775392445      -0.11789028541356554     
  -3.1921442846000545       -3.6669397217666688       0.93267125838427944     
  -3.2163035228876664       -3.5875472501149086       0.61321995793317763     
First
                         Total        1.148218425E+00
                         Error  1        1.147578656E+00
                         Error  2        1.146943925E+00
                         Error  3        1.146314127E+00
                         Error  4        1.145689162E+00
                         Error  5        1.145068929E+00
                         Error  6        1.144453333E+00
                         Error  7        1.143842278E+00
                         Error  8        1.143235674E+00
                         Error  9        1.142633431E+00
                         Error 10        1.142035461E+00
                         Error 11        1.141441680E+00
                         Error 12        1.140852005E+00
                         Error 13        1.140266355E+00
                         Error 14        1.139684651E+00
                         Error 15        1.139106817E+00
                         Error 16        1.138532779E+00
                         Error 17        1.137962463E+00
                         Error 18        1.137395798E+00
                         Error 19        1.136832715E+00
                         Error 20        1.136273148E+00
                         Error 21        1.135717029E+00
                         Error 22        1.135164296E+00
                         Error 23        1.134614885E+00
                         Error 24        1.134068737E+00
                         Error 25        1.133525791E+00
                         Error 26        1.132985990E+00
                         Error 27        1.132449278E+00
                         Error 28        1.131915599E+00
                         Error 29        1.131384901E+00
                         Error 30        1.130857131E+00
                         Error 31        1.130332238E+00
                         Error 32        1.129810172E+00
                         Error 33        1.129290887E+00
                         Error 34        1.128774333E+00
                         Error 35        1.128260466E+00
                         Error 36        1.127749240E+00
                         Error 37        1.127240613E+00
                         Error 38        1.126734541E+00
                         Error 39        1.126230983E+00
                         Error 40        1.125729899E+00
                         Error 41        1.125231249E+00
                         Error 42        1.124734995E+00
                         Error 43        1.124241099E+00
                         Error 44        1.123749524E+00
                         Error 45        1.123260236E+00
                         Error 46        1.122773199E+00
                         Error 47        1.122288380E+00
                         Error 48        1.121805745E+00
                         Error 49        1.121325263E+00
                         Error 50        1.120846901E+00
                         Error 51        1.120370629E+00
                         Error 52        1.119896417E+00
                         Error 53        1.119424237E+00
                         Error 54        1.118954059E+00
                         Error 55        1.118485856E+00
                         Error 56        1.118019600E+00
                         Error 57        1.117555266E+00
                         Error 58        1.117092828E+00
                         Error 59        1.116632259E+00
                         Error 60        1.116173537E+00
                         Error 61        1.115716637E+00
                         Error 62        1.115261534E+00
                         Error 63        1.114808208E+00
                         Error 64        1.114356635E+00
                         Error 65        1.113906794E+00
                         Error 66        1.113458663E+00
                         Error 67        1.113012222E+00
                         Error 68        1.112567451E+00
                         Error 69        1.112124329E+00
                         Error 70        1.111682838E+00
                         Error 71        1.111242958E+00
                         Error 72        1.110804672E+00
                         Error 73        1.110367962E+00
                         Error 74        1.109932809E+00
                         Error 75        1.109499197E+00
                         Error 76        1.109067109E+00
                         Error 77        1.108636528E+00
                         Error 78        1.108207440E+00
                         Error 79        1.107779827E+00
                         Error 80        1.107353676E+00
                         Error 81        1.106928970E+00
                         Error 82        1.106505696E+00
                         Error 83        1.106083840E+00
                         Error 84        1.105663386E+00
                         Error 85        1.105244323E+00
                         Error 86        1.104826635E+00
                         Error 87        1.104410312E+00
                         Error 88        1.103995339E+00
                         Error 89        1.103581704E+00
                         Error 90        1.103169396E+00
                         Error 91        1.102758402E+00
                         Error 92        1.102348711E+00
                         Error 93        1.101940311E+00
                         Error 94        1.101533191E+00
                         Error 95        1.101127341E+00
                         Error 96        1.100722749E+00
                         Error 97        1.100319406E+00
                         Error 98        1.099917301E+00
                         Error 99        1.099516424E+00
                         Error100        1.099116765E+00
                         Error        1.099116765E+00

real	13m33.927s
user	13m33.792s
sys	0m0.009s
