-xyz
refined.xyz
-dens
/home/unibas/boittier/RDKit_G2/B.pdb/SCAN_1_2_3_4_S_36_-10.0/31_SCAN_1_2_3_4_F/B.d.cube
-esp
/home/unibas/boittier/RDKit_G2/B.pdb/SCAN_1_2_3_4_S_36_-10.0/31_SCAN_1_2_3_4_F/B.p.cube
-stepsize
0.2
-n_steps
0
-learning_rate
0.5
  -3.3511038219589868        2.0531501163045651       -1.8897424251079862     
  -3.5058100088682096       -4.1712920237343819E-002  0.55860640167029907     
  -6.2550688483534014      -0.97931588250787205      -0.20550872778321225     
  -3.9820137329150853      -0.86503132555710116       -7.2250894481126662E-002
  -3.3906484653380811      -0.91629833881107769      -0.62952698438860855     
  -2.6089566198581657       -1.4632298924636762       0.52730207140578844     
  -1.4908536071380682      -0.77337462400276380        1.5360942081512015     
  -2.2009003530762516       -1.0898458573092014       0.37078944200237357     
  -1.2935407649250590      -0.58442775946088965       0.59201705031175245     
  -1.8346691737117784       -3.3987787440106927        2.0749800744497153     
   1.3407676702043494        3.0484560660090145       0.21687419174911365     
   1.2688016768557742        2.3817547423205654       0.36418939019448460     
   1.3217906156155821        1.5865928987478874       0.20931834449496589     
   1.3152251015222391        2.6724604190987096       0.12093152268833267     
  0.84474001928359610      -0.38842207161179332       -6.7878210050305449E-003
  0.99000025443324435       0.39371453818465058       0.31357364049414554     
  0.76741916740495442      -0.91600376838380348       0.17622510085089868     
   1.3118554384643559      -0.62810656224671135       0.62526962070454772     
   5.2418912941298537      -0.49920212543582321      -0.82758484454339543     
   2.0384527888605155       -1.4752480651649800       -2.7094645213743780E-002
   2.4433513231716568      -0.98384065406924692      -0.65063490383049016     
   2.8342207297985160      -0.64790031479962662      -0.32414303684495838     
   2.7771340900549366       -1.0226619225243525       -7.4491715224478491E-002
   2.8156009350212092       -3.7542665676130533       -1.2327372606750102     
   2.8872572297898511       -3.6893944024818377      -0.91647151836655061     
First
                         Total        6.918671908E-01
Step size:       0.20
Step size in Bohr:       0.38
Learning Rate:       1.00
# Steps:          0
                         Error        6.918671908E-01
