-xyz
refined.xyz
-dens
/home/unibas/boittier/RDKit_G2/B.pdb/SCAN_1_2_3_4_S_36_10.0/5_SCAN_1_2_3_4_F/B.d.cube
-esp
/home/unibas/boittier/RDKit_G2/B.pdb/SCAN_1_2_3_4_S_36_10.0/5_SCAN_1_2_3_4_F/B.p.cube
-stepsize
0.2
-n_steps
5
-learning_rate
0.5
  -3.3516094956874780        2.0531301948574692       -1.8899517027457786     
  -3.5045679723000318       -4.2113659866878143E-002  0.55805708080288996     
  -6.2554173026407458      -0.97893489794667088      -0.20543675815470749     
  -3.9829864110815687      -0.86396659355516248       -7.1707454861347303E-002
  -3.3895812833065189      -0.91717087845103440      -0.62981414811039593     
  -2.6097176601228878       -1.4621860496301060       0.52857537579604830     
  -1.4899083149330177      -0.77331060647609040        1.5353395720764167     
  -2.1995804329661812       -1.0902670875871656       0.36990121412682414     
  -1.2945226635123948      -0.58388136083133724       0.59255427941139083     
  -1.8349652998277495       -3.3983790405757923        2.0755939810330859     
   1.3394987048612494        3.0478378545999809       0.21618742505563804     
   1.2692049687156168        2.3811064079913100       0.36479088510017976     
   1.3204119705273838        1.5865514322432690       0.20878505258757593     
   1.3155440960231857        2.6715751740553113       0.12182685525349533     
  0.84550166993449205      -0.38874378205010923       -6.7312838443147234E-003
  0.98884008185393402       0.39399772288773816       0.31332495792894816     
  0.76647235354670773      -0.91521721188595395       0.17665642545027552     
   1.3125896550655487      -0.62810731950390941       0.62477750333953008     
   5.2415000914501846      -0.49922212557408846      -0.82771398392377959     
   2.0376846405488500       -1.4747056599563493       -2.6740213296127503E-002
   2.4437385133648508      -0.98432479299636988      -0.65048852424354398     
   2.8331226213981839      -0.64763420235628510      -0.32403913009324264     
   2.7773706008255612       -1.0229212042620262       -7.4717590924556085E-002
   2.8154989850876051       -3.7544736233659228       -1.2330385272942630     
   2.8871204235991548       -3.6885703207375009      -0.91576145949915166     
First
                         Total        6.483453173E-01
Step size:       0.20
Step size in Bohr:       0.38
Learning Rate:       1.00
# Steps:          5
                         Error  1        6.431774260E-01
                         Error  2        6.382793760E-01
                         Error  3        6.336347510E-01
                         Error  4        6.292280113E-01
                         Error  5        6.250444664E-01
                         Error        6.250444664E-01
