-xyz
global_0_fit.xyz
-dens
/home/unibas/boittier/RDKit_G2/B.pdb/SCAN_1_2_3_4_S_36_10.0/0_SCAN_1_2_3_4_F/B.d.cube
-esp
/home/unibas/boittier/RDKit_G2/B.pdb/SCAN_1_2_3_4_S_36_10.0/0_SCAN_1_2_3_4_F/B.p.cube
-stepsize
0.2
-n_steps
500
-learning_rate
0.5
  -3.6555553503009675        2.4514911076332857        6.7581877941682604E-003
  -3.3586082079188104      -0.63648839524238687       0.83159691783145129     
  -6.2074050172613955       -1.2858578254769089        1.1620131410772038E-002
  -3.9501029555849709       -1.0303428862531430       -6.1496982514905769E-002
  -3.4748935748630725      -0.71329681468772899      -0.64163115639697244     
  -2.4159165490762367       -1.8382820586623296      -0.21702708979531005     
  -1.5616134313754546       -1.0157060577329036       0.93936865536207037     
  -2.0330044121313104       -1.4211187792895512      -0.31589493823058401     
  -1.2368136321290197      -0.81198447494613180        3.4428015102762506E-002
  -1.4337790988569763       -4.0952233991198312       -3.9307340605970506E-002
   1.0072761561185029        3.0801947007025983       -8.7403190696709824E-003
  0.98182107633487947        2.4109652399136423       0.14244001902001294     
   1.1411917316744640        1.6245946029204159        1.8757193242332715E-002
   1.0366542189526129        2.7027719139786885       -9.7729725981728660E-002
  0.91213168151486201      -0.38136877978441197      -0.21948311387756800     
  0.92188583304402305       0.41461420843386865        9.9555468912254808E-002
  0.86124452975518528      -0.91252331927538555       -3.7548940522927302E-002
   1.2930747563474965      -0.56435531618130685       0.48517310069966885     
   5.3880186784272412       -4.1810376470516462E-002   4.3159228275732847E-002
   2.1993331088995669       -1.3357432483364424       0.14295721175329312     
   2.6896460235574886      -0.82737797002099456      -0.40053566805827218     
   2.9569170024337206      -0.43734521487246497       -1.4955044122231793E-002
   2.8797309623354517      -0.80595473363310732       0.23842267261995126     
   3.4661402841597817       -3.5594444217010550      -0.70058254431360423     
   3.4539447843023079       -3.4745539482236794      -0.38118949579389089     
First
                         Total        3.504487779E-01
Step size:       0.20
Step size in Bohr:       0.38
Learning Rate:       1.00
# Steps:        500
                         Error  1        3.504417008E-01
                         Error  2        3.504350963E-01
                         Error  3        3.504289218E-01
                         Error  4        3.504231390E-01
                         Error  5        3.504177132E-01
                         Error  6        3.504126128E-01
                         Error  7        3.504078095E-01
                         Error  8        3.504032774E-01
                         Error  9        3.503989933E-01
                         Error 10        3.503949360E-01
                         Error 11        3.503910865E-01
                         Error 12        3.503874275E-01
                         Error 13        3.503839434E-01
                         Error 14        3.503806200E-01
                         Error 15        3.503774446E-01
                         Error 16        3.503744055E-01
                         Error 17        3.503714924E-01
                         Error 18        3.503686958E-01
                         Error 19        3.503660071E-01
                         Error 20        3.503634185E-01
                         Error 21        3.503609231E-01
                         Error 22        3.503585146E-01
                         Error 23        3.503561871E-01
                         Error 24        3.503539355E-01
                         Error 25        3.503517552E-01
                         Error 26        3.503496418E-01
                         Error 27        3.503475915E-01
                         Error 28        3.503456008E-01
                         Error 29        3.503436666E-01
                         Error 30        3.503417861E-01
                         Error 31        3.503399565E-01
                         Error 32        3.503381757E-01
                         Error 33        3.503364413E-01
                         Error 34        3.503347516E-01
                         Error 35        3.503331048E-01
                         Error 36        3.503314991E-01
                         Error 37        3.503299333E-01
                         Error 38        3.503284059E-01
                         Error 39        3.503269158E-01
                         Error 40        3.503254619E-01
                         Error 41        3.503240430E-01
                         Error 42        3.503226584E-01
                         Error 43        3.503213071E-01
                         Error 44        3.503199885E-01
                         Error 45        3.503187017E-01
                         Error 46        3.503174460E-01
                         Error 47        3.503162210E-01
                         Error 48        3.503150260E-01
                         Error 49        3.503138604E-01
                         Error 50        3.503127239E-01
                         Error 51        3.503116158E-01
                         Error 52        3.503105359E-01
                         Error 53        3.503094836E-01
                         Error 54        3.503084587E-01
                         Error 55        3.503074607E-01
                         Error 56        3.503064893E-01
                         Error 57        3.503055441E-01
                         Error 58        3.503046249E-01
                         Error 59        3.503037314E-01
                         Error 60        3.503028632E-01
                         Error 61        3.503020201E-01
                         Error 62        3.503012018E-01
                         Error 63        3.503004081E-01
                         Error 64        3.502996387E-01
                         Error 65        3.502988933E-01
                         Error 66        3.502981718E-01
                         Error 67        3.502974739E-01
                         Error 68        3.502967993E-01
                         Error 69        3.502961478E-01
                         Error 70        3.502955193E-01
                         Error 71        3.502949134E-01
                         Error 72        3.502943301E-01
                         Error 73        3.502937690E-01
                         Error 74        3.502932299E-01
                         Error 75        3.502927128E-01
                         Error 76        3.502922172E-01
                         Error 77        3.502917431E-01
                         Error 78        3.502912903E-01
                         Error 79        3.502908586E-01
                         Error 80        3.502904476E-01
                         Error 81        3.502900574E-01
                         Error 82        3.502896876E-01
                         Error 83        3.502893381E-01
                         Error 84        3.502890087E-01
                         Error 85        3.502886992E-01
                         Error 86        3.502884094E-01
                         Error 87        3.502881392E-01
                         Error 88        3.502878883E-01
                         Error 89        3.502876565E-01
                         Error 90        3.502874437E-01
                         Error 91        3.502872498E-01
                         Error 92        3.502870744E-01
                         Error 93        3.502869175E-01
                         Error 94        3.502867788E-01
                         Error 95        3.502866583E-01
                         Error 96        3.502865556E-01
                         Error 97        3.502864707E-01
                         Error 98        3.502864034E-01
                         Error 99        3.502863534E-01
                         Error100        3.502863207E-01
                         Error101        3.502863051E-01
                         Error102        3.502863063E-01
                         Error103        3.502863243E-01
                         Error104        3.502863588E-01
                         Error105        3.502864098E-01
                         Error106        3.502864769E-01
                         Error107        3.502865602E-01
                         Error108        3.502866594E-01
                         Error109        3.502867743E-01
                         Error110        3.502869049E-01
                         Error111        3.502870509E-01
                         Error112        3.502872122E-01
                         Error113        3.502873886E-01
                         Error114        3.502875800E-01
                         Error115        3.502877863E-01
                         Error116        3.502880073E-01
                         Error117        3.502882429E-01
                         Error118        3.502884928E-01
                         Error119        3.502887570E-01
                         Error120        3.502890353E-01
                         Error121        3.502893277E-01
                         Error122        3.502896338E-01
                         Error123        3.502899537E-01
                         Error124        3.502902871E-01
                         Error125        3.502906339E-01
                         Error126        3.502909941E-01
                         Error127        3.502913674E-01
                         Error128        3.502917537E-01
                         Error129        3.502921529E-01
                         Error130        3.502925649E-01
                         Error131        3.502929896E-01
                         Error132        3.502934268E-01
                         Error133        3.502938763E-01
                         Error134        3.502943382E-01
                         Error135        3.502948122E-01
                         Error136        3.502952982E-01
                         Error137        3.502957961E-01
                         Error138        3.502963058E-01
                         Error139        3.502968272E-01
                         Error140        3.502973602E-01
                         Error141        3.502979045E-01
                         Error142        3.502984603E-01
                         Error143        3.502990272E-01
                         Error144        3.502996053E-01
                         Error145        3.503001943E-01
                         Error146        3.503007943E-01
                         Error147        3.503014050E-01
                         Error148        3.503020264E-01
                         Error149        3.503026584E-01
                         Error150        3.503033009E-01
                         Error151        3.503039537E-01
                         Error152        3.503046168E-01
                         Error153        3.503052901E-01
                         Error154        3.503059734E-01
                         Error155        3.503066667E-01
                         Error156        3.503073699E-01
                         Error157        3.503080829E-01
                         Error158        3.503088055E-01
                         Error159        3.503095378E-01
                         Error160        3.503102796E-01
                         Error161        3.503110308E-01
                         Error162        3.503117913E-01
                         Error163        3.503125610E-01
                         Error164        3.503133399E-01
                         Error165        3.503141278E-01
                         Error166        3.503149248E-01
                         Error167        3.503157306E-01
                         Error168        3.503165452E-01
                         Error169        3.503173685E-01
                         Error170        3.503182005E-01
                         Error171        3.503190411E-01
                         Error172        3.503198901E-01
                         Error173        3.503207476E-01
                         Error174        3.503216133E-01
                         Error175        3.503224874E-01
                         Error176        3.503233695E-01
                         Error177        3.503242598E-01
                         Error178        3.503251582E-01
                         Error179        3.503260644E-01
                         Error180        3.503269786E-01
                         Error181        3.503279006E-01
                         Error182        3.503288303E-01
                         Error183        3.503297676E-01
                         Error184        3.503307126E-01
                         Error185        3.503316651E-01
                         Error186        3.503326251E-01
                         Error187        3.503335924E-01
                         Error188        3.503345671E-01
                         Error189        3.503355491E-01
                         Error190        3.503365382E-01
                         Error191        3.503375346E-01
                         Error192        3.503385379E-01
                         Error193        3.503395483E-01
                         Error194        3.503405657E-01
                         Error195        3.503415900E-01
                         Error196        3.503426211E-01
                         Error197        3.503436589E-01
                         Error198        3.503447035E-01
                         Error199        3.503457547E-01
                         Error200        3.503468126E-01
                         Error201        3.503478770E-01
                         Error202        3.503489479E-01
                         Error203        3.503500252E-01
                         Error204        3.503511089E-01
                         Error205        3.503521990E-01
                         Error206        3.503532953E-01
                         Error207        3.503543979E-01
                         Error208        3.503555066E-01
                         Error209        3.503566215E-01
                         Error210        3.503577424E-01
                         Error211        3.503588694E-01
                         Error212        3.503600023E-01
                         Error213        3.503611411E-01
                         Error214        3.503622859E-01
                         Error215        3.503634365E-01
                         Error216        3.503645928E-01
                         Error217        3.503657549E-01
                         Error218        3.503669227E-01
                         Error219        3.503680961E-01
                         Error220        3.503692752E-01
                         Error221        3.503704598E-01
                         Error222        3.503716499E-01
                         Error223        3.503728455E-01
                         Error224        3.503740466E-01
                         Error225        3.503752530E-01
                         Error226        3.503764648E-01
                         Error227        3.503776819E-01
                         Error228        3.503789042E-01
                         Error229        3.503801318E-01
                         Error230        3.503813646E-01
                         Error231        3.503826025E-01
                         Error232        3.503838455E-01
                         Error233        3.503850936E-01
                         Error234        3.503863468E-01
                         Error235        3.503876049E-01
                         Error236        3.503888680E-01
                         Error237        3.503901361E-01
                         Error238        3.503914090E-01
                         Error239        3.503926868E-01
                         Error240        3.503939694E-01
                         Error241        3.503952568E-01
                         Error242        3.503965489E-01
                         Error243        3.503978458E-01
                         Error244        3.503991474E-01
                         Error245        3.504004536E-01
                         Error246        3.504017644E-01
                         Error247        3.504030798E-01
                         Error248        3.504043998E-01
                         Error249        3.504057243E-01
                         Error250        3.504070533E-01
                         Error251        3.504083867E-01
                         Error252        3.504097246E-01
                         Error253        3.504110669E-01
                         Error254        3.504124136E-01
                         Error255        3.504137646E-01
                         Error256        3.504151200E-01
                         Error257        3.504164796E-01
                         Error258        3.504178435E-01
                         Error259        3.504192116E-01
                         Error260        3.504205840E-01
                         Error261        3.504219605E-01
                         Error262        3.504233411E-01
                         Error263        3.504247259E-01
                         Error264        3.504261148E-01
                         Error265        3.504275078E-01
                         Error266        3.504289048E-01
                         Error267        3.504303058E-01
                         Error268        3.504317109E-01
                         Error269        3.504331199E-01
                         Error270        3.504345328E-01
                         Error271        3.504359497E-01
                         Error272        3.504373705E-01
                         Error273        3.504387952E-01
                         Error274        3.504402237E-01
                         Error275        3.504416560E-01
                         Error276        3.504430922E-01
                         Error277        3.504445321E-01
                         Error278        3.504459758E-01
                         Error279        3.504474233E-01
                         Error280        3.504488745E-01
                         Error281        3.504503293E-01
                         Error282        3.504517879E-01
                         Error283        3.504532501E-01
                         Error284        3.504547159E-01
                         Error285        3.504561854E-01
                         Error286        3.504576585E-01
                         Error287        3.504591351E-01
                         Error288        3.504606153E-01
                         Error289        3.504620990E-01
                         Error290        3.504635863E-01
                         Error291        3.504650770E-01
                         Error292        3.504665713E-01
                         Error293        3.504680690E-01
                         Error294        3.504695701E-01
                         Error295        3.504710747E-01
                         Error296        3.504725826E-01
                         Error297        3.504740940E-01
                         Error298        3.504756087E-01
                         Error299        3.504771268E-01
                         Error300        3.504786482E-01
                         Error301        3.504801730E-01
                         Error302        3.504817010E-01
                         Error303        3.504832323E-01
                         Error304        3.504847669E-01
                         Error305        3.504863048E-01
                         Error306        3.504878459E-01
                         Error307        3.504893902E-01
                         Error308        3.504909378E-01
                         Error309        3.504924885E-01
                         Error310        3.504940424E-01
                         Error311        3.504955994E-01
                         Error312        3.504971596E-01
                         Error313        3.504987230E-01
                         Error314        3.505002894E-01
                         Error315        3.505018590E-01
                         Error316        3.505034316E-01
                         Error317        3.505050073E-01
                         Error318        3.505065861E-01
                         Error319        3.505081679E-01
                         Error320        3.505097528E-01
                         Error321        3.505113406E-01
                         Error322        3.505129315E-01
                         Error323        3.505145254E-01
                         Error324        3.505161222E-01
                         Error325        3.505177220E-01
                         Error326        3.505193248E-01
                         Error327        3.505209305E-01
                         Error328        3.505225391E-01
                         Error329        3.505241507E-01
                         Error330        3.505257651E-01
                         Error331        3.505273825E-01
                         Error332        3.505290027E-01
                         Error333        3.505306258E-01
                         Error334        3.505322517E-01
                         Error335        3.505338805E-01
                         Error336        3.505355121E-01
                         Error337        3.505371466E-01
                         Error338        3.505387838E-01
                         Error339        3.505404238E-01
                         Error340        3.505420667E-01
                         Error341        3.505437123E-01
                         Error342        3.505453607E-01
                         Error343        3.505470118E-01
                         Error344        3.505486657E-01
                         Error345        3.505503223E-01
                         Error346        3.505519816E-01
                         Error347        3.505536436E-01
                         Error348        3.505553084E-01
                         Error349        3.505569758E-01
                         Error350        3.505586459E-01
                         Error351        3.505603187E-01
                         Error352        3.505619942E-01
                         Error353        3.505636723E-01
                         Error354        3.505653530E-01
                         Error355        3.505670364E-01
                         Error356        3.505687224E-01
                         Error357        3.505704110E-01
                         Error358        3.505721023E-01
                         Error359        3.505737961E-01
                         Error360        3.505754925E-01
                         Error361        3.505771915E-01
                         Error362        3.505788931E-01
                         Error363        3.505805972E-01
                         Error364        3.505823039E-01
                         Error365        3.505840131E-01
                         Error366        3.505857249E-01
                         Error367        3.505874392E-01
                         Error368        3.505891560E-01
                         Error369        3.505908753E-01
                         Error370        3.505925971E-01
                         Error371        3.505943215E-01
                         Error372        3.505960483E-01
                         Error373        3.505977776E-01
                         Error374        3.505995093E-01
                         Error375        3.506012435E-01
                         Error376        3.506029802E-01
                         Error377        3.506047193E-01
                         Error378        3.506064609E-01
                         Error379        3.506082049E-01
                         Error380        3.506099513E-01
                         Error381        3.506117002E-01
                         Error382        3.506134514E-01
                         Error383        3.506152051E-01
                         Error384        3.506169611E-01
                         Error385        3.506187196E-01
                         Error386        3.506204804E-01
                         Error387        3.506222436E-01
                         Error388        3.506240092E-01
                         Error389        3.506257771E-01
                         Error390        3.506275474E-01
                         Error391        3.506293201E-01
                         Error392        3.506310950E-01
                         Error393        3.506328724E-01
                         Error394        3.506346520E-01
                         Error395        3.506364340E-01
                         Error396        3.506382182E-01
                         Error397        3.506400048E-01
                         Error398        3.506417937E-01
                         Error399        3.506435849E-01
                         Error400        3.506453784E-01
                         Error401        3.506471742E-01
                         Error402        3.506489722E-01
                         Error403        3.506507725E-01
                         Error404        3.506525751E-01
                         Error405        3.506543800E-01
                         Error406        3.506561871E-01
                         Error407        3.506579964E-01
                         Error408        3.506598080E-01
                         Error409        3.506616218E-01
                         Error410        3.506634379E-01
                         Error411        3.506652562E-01
                         Error412        3.506670767E-01
                         Error413        3.506688994E-01
                         Error414        3.506707243E-01
                         Error415        3.506725514E-01
                         Error416        3.506743808E-01
                         Error417        3.506762123E-01
                         Error418        3.506780460E-01
                         Error419        3.506798819E-01
                         Error420        3.506817200E-01
                         Error421        3.506835602E-01
                         Error422        3.506854026E-01
                         Error423        3.506872472E-01
                         Error424        3.506890939E-01
                         Error425        3.506909428E-01
                         Error426        3.506927938E-01
                         Error427        3.506946470E-01
                         Error428        3.506965022E-01
                         Error429        3.506983597E-01
                         Error430        3.507002192E-01
                         Error431        3.507020809E-01
                         Error432        3.507039447E-01
                         Error433        3.507058106E-01
                         Error434        3.507076786E-01
                         Error435        3.507095487E-01
                         Error436        3.507114209E-01
                         Error437        3.507132952E-01
                         Error438        3.507151716E-01
                         Error439        3.507170501E-01
                         Error440        3.507189306E-01
                         Error441        3.507208133E-01
                         Error442        3.507226980E-01
                         Error443        3.507245847E-01
                         Error444        3.507264735E-01
                         Error445        3.507283644E-01
                         Error446        3.507302573E-01
                         Error447        3.507321523E-01
                         Error448        3.507340493E-01
                         Error449        3.507359484E-01
                         Error450        3.507378495E-01
                         Error451        3.507397526E-01
                         Error452        3.507416578E-01
                         Error453        3.507435649E-01
                         Error454        3.507454741E-01
                         Error455        3.507473853E-01
                         Error456        3.507492986E-01
                         Error457        3.507512138E-01
                         Error458        3.507531310E-01
                         Error459        3.507550502E-01
                         Error460        3.507569714E-01
                         Error461        3.507588946E-01
                         Error462        3.507608198E-01
                         Error463        3.507627470E-01
                         Error464        3.507646761E-01
                         Error465        3.507666073E-01
                         Error466        3.507685404E-01
                         Error467        3.507704754E-01
                         Error468        3.507724124E-01
                         Error469        3.507743514E-01
                         Error470        3.507762923E-01
                         Error471        3.507782352E-01
                         Error472        3.507801801E-01
                         Error473        3.507821268E-01
                         Error474        3.507840755E-01
                         Error475        3.507860262E-01
                         Error476        3.507879788E-01
                         Error477        3.507899333E-01
                         Error478        3.507918897E-01
                         Error479        3.507938481E-01
                         Error480        3.507958083E-01
                         Error481        3.507977705E-01
                         Error482        3.507997346E-01
                         Error483        3.508017006E-01
                         Error484        3.508036685E-01
                         Error485        3.508056383E-01
                         Error486        3.508076100E-01
                         Error487        3.508095836E-01
                         Error488        3.508115591E-01
                         Error489        3.508135365E-01
                         Error490        3.508155157E-01
                         Error491        3.508174969E-01
                         Error492        3.508194799E-01
                         Error493        3.508214647E-01
                         Error494        3.508234515E-01
                         Error495        3.508254401E-01
                         Error496        3.508274306E-01
                         Error497        3.508294229E-01
                         Error498        3.508314171E-01
                         Error499        3.508334131E-01
                         Error500        3.508354110E-01
                         Error        3.508354110E-01
