-xyz
refined.xyz
-dens
/home/unibas/boittier/RDKit_G2/B.pdb/SCAN_1_2_3_4_S_36_10.0/9_SCAN/B.d.cube
-esp
/home/unibas/boittier/RDKit_G2/B.pdb/SCAN_1_2_3_4_S_36_10.0/9_SCAN/B.p.cube
-stepsize
0.2
-n_steps
100
-learning_rate
0.5
   3.5919057009087525       -2.7133973807488805      -0.79192690465040028     
   3.0792131630263757       -7.4479623936294134E-002  0.53189836434943183     
   2.8183790512886446      -0.21536570178484932      -0.45726685180860682     
   5.7941091081837754        1.0639560757973925       0.35588602771615646     
   2.9304560223724243        5.6860513034774789E-002 -0.65906670120913113     
   1.0194991778383700        1.0683427937768386      -0.17926588800099433     
   1.6695332381572894        3.6097309062724530       0.23794983747147103     
   2.5109833049365076        1.5973581121384870        3.5174172829457083E-002
   1.9184860677336724        1.2896835052255313       -2.6499229365537710E-002
  -1.4861629486157182       -1.6247899712446114      -0.28922556542545352     
  -1.4472105878449564       -1.8090772499903953      -0.32918924905773267     
  -1.2133564627126781       -3.2636498411426826      -0.23541338832803102     
  -1.1741002143970232       -2.5342867819148482      -0.17529340070930080     
 -0.93320011368476585       0.77239683265458281      -0.13151152853470369     
  -1.1720071260306217       0.47706313414944418      -0.45988077536858563     
  -1.4446896692685745       0.45950844964621934       0.78378554371043485     
  -1.1813245464023410      -0.63211117204388589       -9.3033173206385766E-002
  -2.7918503339753142        1.2446844590215171      -0.87738599341867518     
  -2.7893846063909065        1.0181766784376949        1.0068209922496272     
  -5.2275264505234311       0.28746348420686024        3.1682473923518820E-002
  -2.9804370624252599        3.7288556674032578       0.31320566054112159     
First
                         Total        4.463450030E+00
Step size:       0.20
Step size in Bohr:       0.38
Learning Rate:       1.00
# Steps:        100
                         Error  1        4.450953725E+00
                         Error  2        4.438703247E+00
                         Error  3        4.426694029E+00
                         Error  4        4.414921533E+00
                         Error  5        4.403381248E+00
                         Error  6        4.392068694E+00
                         Error  7        4.380979426E+00
                         Error  8        4.370109034E+00
                         Error  9        4.359453147E+00
                         Error 10        4.349007436E+00
                         Error 11        4.338767612E+00
                         Error 12        4.328729433E+00
                         Error 13        4.318888701E+00
                         Error 14        4.309241270E+00
                         Error 15        4.299783038E+00
                         Error 16        4.290509959E+00
                         Error 17        4.281418036E+00
                         Error 18        4.272503327E+00
                         Error 19        4.263761944E+00
                         Error 20        4.255190054E+00
                         Error 21        4.246783881E+00
                         Error 22        4.238539706E+00
                         Error 23        4.230453866E+00
                         Error 24        4.222522758E+00
                         Error 25        4.214742837E+00
                         Error 26        4.207110617E+00
                         Error 27        4.199622671E+00
                         Error 28        4.192275633E+00
                         Error 29        4.185066194E+00
                         Error 30        4.177991107E+00
                         Error 31        4.171047184E+00
                         Error 32        4.164231296E+00
                         Error 33        4.157540374E+00
                         Error 34        4.150971407E+00
                         Error 35        4.144521446E+00
                         Error 36        4.138187597E+00
                         Error 37        4.131967026E+00
                         Error 38        4.125856959E+00
                         Error 39        4.119854675E+00
                         Error 40        4.113957513E+00
                         Error 41        4.108162867E+00
                         Error 42        4.102468190E+00
                         Error 43        4.096870985E+00
                         Error 44        4.091368813E+00
                         Error 45        4.085959290E+00
                         Error 46        4.080640082E+00
                         Error 47        4.075408909E+00
                         Error 48        4.070263545E+00
                         Error 49        4.065201811E+00
                         Error 50        4.060221583E+00
                         Error 51        4.055320782E+00
                         Error 52        4.050497382E+00
                         Error 53        4.045749402E+00
                         Error 54        4.041074909E+00
                         Error 55        4.036472019E+00
                         Error 56        4.031938889E+00
                         Error 57        4.027473725E+00
                         Error 58        4.023074774E+00
                         Error 59        4.018740329E+00
                         Error 60        4.014468723E+00
                         Error 61        4.010258331E+00
                         Error 62        4.006107570E+00
                         Error 63        4.002014896E+00
                         Error 64        3.997978804E+00
                         Error 65        3.993997828E+00
                         Error 66        3.990070539E+00
                         Error 67        3.986195544E+00
                         Error 68        3.982371487E+00
                         Error 69        3.978597047E+00
                         Error 70        3.974870938E+00
                         Error 71        3.971191906E+00
                         Error 72        3.967558731E+00
                         Error 73        3.963970225E+00
                         Error 74        3.960425231E+00
                         Error 75        3.956922624E+00
                         Error 76        3.953461306E+00
                         Error 77        3.950040212E+00
                         Error 78        3.946658303E+00
                         Error 79        3.943314568E+00
                         Error 80        3.940008025E+00
                         Error 81        3.936737716E+00
                         Error 82        3.933502712E+00
                         Error 83        3.930302105E+00
                         Error 84        3.927135017E+00
                         Error 85        3.924000589E+00
                         Error 86        3.920897988E+00
                         Error 87        3.917826404E+00
                         Error 88        3.914785048E+00
                         Error 89        3.911773154E+00
                         Error 90        3.908789977E+00
                         Error 91        3.905834790E+00
                         Error 92        3.902906890E+00
                         Error 93        3.900005590E+00
                         Error 94        3.897130225E+00
                         Error 95        3.894280147E+00
                         Error 96        3.891454725E+00
                         Error 97        3.888653348E+00
                         Error 98        3.885875420E+00
                         Error 99        3.883120363E+00
                         Error100        3.880387615E+00
                         Error        3.880387615E+00
