-xyz
global_fitted_global.xyz
-dens
/home/unibas/boittier/RDKit_G2/B.pdb/SCAN_1_2_3_4_S_36_10.0/3_SCAN/B.d.cube
-esp
/home/unibas/boittier/RDKit_G2/B.pdb/SCAN_1_2_3_4_S_36_10.0/3_SCAN/B.p.cube
-stepsize
0.2
-n_steps
0
-learning_rate
0.5
   3.6373630961311534        2.6329021558393242       0.97010511765816521     
   3.1448607131922328       -2.3708313534472562E-002 -0.36074220037506854     
   2.7495388523999384       0.19462669863024185       0.57086799180843228     
   5.7463168664797815       -1.2412555671004457       0.18381486320310719     
   2.8073367572970569       -7.3107832247476523E-002  0.79896655073143341     
  0.96649088678592987       -1.1784104864043952       -6.6240313780253288E-002
   1.5005374624317951       -3.6655645650143871      -0.94997650110443921     
   2.4102973162599914       -1.8038845836096826      -0.34203812932399802     
   1.8398088862251294       -1.4591102626349126      -0.26398682738203960     
  -1.4009858247560558        1.6581041619919550        3.7235558400289526E-002
  -1.3512152811061284        1.8426445532628324        6.0315214174554307E-002
  -1.0527738424907997        3.2746573324451345      -0.13809404977799550     
  -1.0545246993133859        2.5428946186080710      -0.15669442218682100     
 -0.97564761878070250      -0.77466777667395192       -5.3139784864881740E-003
  -1.1782838539707374      -0.44717137654234768       0.31661203234661284     
  -1.5341088091147286      -0.48908127911719557      -0.90686921727840519     
  -1.1582111197843730       0.63701290690610890      -0.11597976638881569     
  -2.6541700160319852       -1.0645010690247863        1.1626463281859258     
  -2.9680165712641617       -1.0291639671244868      -0.70943841670562580     
  -5.1761984690328955       -7.9592966118051098E-002  0.57819857099752581     
  -3.1268924352262184       -3.6433591532029532       0.29710250650134784     
First
                         Total        4.046986636E-01
Step size:       0.20
Step size in Bohr:       0.38
Learning Rate:       1.00
# Steps:          0
                         Error        4.046986636E-01
