-xyz
refined.xyz
-dens
/home/unibas/boittier/RDKit_G2/B.pdb/SCAN_1_2_3_4_S_36_10.0/12_SCAN_1_2_3_4_F/B.d.cube
-esp
/home/unibas/boittier/RDKit_G2/B.pdb/SCAN_1_2_3_4_S_36_10.0/12_SCAN_1_2_3_4_F/B.p.cube
-stepsize
0.2
-n_steps
0
-learning_rate
0.5
  -4.4856186702713421      -0.23746303284814169      -0.81251858272645627     
  -2.2235546633476413        2.0759985887614660      -0.80584389171374815     
  -4.2218192302916107        4.2658545556351024      -0.15292346631352807     
  -2.6520859896327744        2.6387652678173650        8.9845049146059425E-002
  -2.6096086089679846        2.0238210873910298       0.62176342053270450     
  -1.0269226087210972        2.2721647098031732       0.59492162839697083     
 -0.57404757687976626        1.1959142386873740      -0.70976130303756713     
  -1.0032270357467090        1.6988280278112189       0.62876430315638632     
 -0.66904399589838248       0.78245712094009079       0.17677343820743621     
   1.1171754803717744        3.3897221956419497        1.0719802951230024     
  -1.3150583129763849       -3.6595260743874785      -0.20028149149150565     
 -0.89580007132195760       -3.1161762116318372      -0.21938595033861721     
 -0.33224963189193890       -2.6138508659196789        7.9203023292770638E-002
  -1.0876714989453855       -3.3904651668848027       -3.5564734858935493E-002
  0.62727158354500767      -0.98347091772460271       0.66141351005017568     
  0.21145048009605283       -1.5694955693386829       0.19329216259784704     
  0.96798929427840230      -0.54088986086948776       0.58494037636310381     
   1.1950259667286744       -1.0569214199168790        7.2005278337018835E-002
   5.4135656087186330       0.33110137551453861      -0.71145198910644247     
   2.2661787622657106       -1.0934636276735747       0.69225045434695054     
   2.7837194765979172      -0.59157360239208656       -8.0216505329106000E-002
   3.0455130810212481       -4.2733530427697806E-002 -0.12991990443100859     
   3.0362606123029905      -0.11934480748340595       0.31737869102732313     
   3.8137925836805029       -2.7197383513563813        1.5313526197787879     
   3.8262423257769380       -2.4319880426599636        1.6938697139982926     
First
                         Total        4.048672668E+00
Step size:       0.20
Step size in Bohr:       0.38
Learning Rate:       1.00
# Steps:          0
                         Error        4.048672668E+00
