-xyz
refined.xyz
-dens
/home/unibas/boittier/RDKit_G2/B.pdb/SCAN_1_2_3_4_S_36_10.0/10_SCAN/B.d.cube
-esp
/home/unibas/boittier/RDKit_G2/B.pdb/SCAN_1_2_3_4_S_36_10.0/10_SCAN/B.p.cube
-stepsize
0.2
-n_steps
100
-learning_rate
0.5
  -3.8048508222009483        3.1947325654649736       0.21008557930227262     
  -3.5452941649598642      -0.37606601400275924       0.65703857197905569     
  -3.7762663138790362      -0.53400126028872130       -1.6045827291195882E-002
  -6.3285301791986805      -0.75310515453693805       -3.2752397131376260E-002
  -3.5276418689652118      -0.34941021920615789      -0.61281217045114078     
  -1.7809545965936833      -0.21644569363813906       0.11404419706016286     
  -1.4263795719644341       -5.7443795913973236E-002  0.11230008446672531     
  -2.0266218413281507       -2.5981586793559841      -0.13814242709636188     
  -2.0912866725078576       -2.5122032002079919      -0.66642691274269739     
  -2.1670557479091910       -2.5817305538548978       0.37335944730584553     
   3.3665342922575117       -2.3158774915188571      -0.78538489778699594     
   2.7221379386012217       -1.6674745082532580      -0.54125189331031098     
  0.73906895351214130       0.75788672226393672      -0.64320619593402661     
  0.49539382526987680       0.76327052295634035      -0.41507235044838880     
   1.1219853312587285       0.75212600530491469       0.61846515038574801     
   1.4924170081923540      -0.47875099471786270      -0.21010404150243259     
   4.3736981466373814        3.0111857196366367       0.79296141227136829     
   2.1692495221400265        1.7323462323380614        7.4141145322780488E-002
   1.9071719029738725        1.9140048254375450      -0.57679349727635520     
   2.0401989140913304        1.9227120796261550       0.76879695340253740     
  -6.4128003180749293E-002   4.1718036902954490       0.20638402367900616     
First
                         Total        8.667289791E+00
Step size:       0.20
Step size in Bohr:       0.38
Learning Rate:       1.00
# Steps:        100
                         Error  1        8.618225710E+00
                         Error  2        8.569406739E+00
                         Error  3        8.520835029E+00
                         Error  4        8.472512732E+00
                         Error  5        8.424441991E+00
                         Error  6        8.376624949E+00
                         Error  7        8.329063738E+00
                         Error  8        8.281760487E+00
                         Error  9        8.234717314E+00
                         Error 10        8.187936331E+00
                         Error 11        8.141419637E+00
                         Error 12        8.095169319E+00
                         Error 13        8.049187453E+00
                         Error 14        8.003476100E+00
                         Error 15        7.958037306E+00
                         Error 16        7.912873099E+00
                         Error 17        7.867985490E+00
                         Error 18        7.823376471E+00
                         Error 19        7.779048012E+00
                         Error 20        7.735002063E+00
                         Error 21        7.691240548E+00
                         Error 22        7.647765367E+00
                         Error 23        7.604578395E+00
                         Error 24        7.561681476E+00
                         Error 25        7.519076428E+00
                         Error 26        7.476765035E+00
                         Error 27        7.434749050E+00
                         Error 28        7.393030194E+00
                         Error 29        7.351610148E+00
                         Error 30        7.310490560E+00
                         Error 31        7.269673038E+00
                         Error 32        7.229159149E+00
                         Error 33        7.188950420E+00
                         Error 34        7.149048334E+00
                         Error 35        7.109454328E+00
                         Error 36        7.070169795E+00
                         Error 37        7.031196078E+00
                         Error 38        6.992534474E+00
                         Error 39        6.954186224E+00
                         Error 40        6.916152522E+00
                         Error 41        6.878434504E+00
                         Error 42        6.841033254E+00
                         Error 43        6.803949797E+00
                         Error 44        6.767185102E+00
                         Error 45        6.730740076E+00
                         Error 46        6.694615569E+00
                         Error 47        6.658812365E+00
                         Error 48        6.623331188E+00
                         Error 49        6.588172696E+00
                         Error 50        6.553337481E+00
                         Error 51        6.518826071E+00
                         Error 52        6.484638922E+00
                         Error 53        6.450776426E+00
                         Error 54        6.417238901E+00
                         Error 55        6.384026599E+00
                         Error 56        6.351139696E+00
                         Error 57        6.318578299E+00
                         Error 58        6.286342442E+00
                         Error 59        6.254432084E+00
                         Error 60        6.222847111E+00
                         Error 61        6.191587335E+00
                         Error 62        6.160652493E+00
                         Error 63        6.130042246E+00
                         Error 64        6.099756181E+00
                         Error 65        6.069793808E+00
                         Error 66        6.040154563E+00
                         Error 67        6.010837805E+00
                         Error 68        5.981842818E+00
                         Error 69        5.953168811E+00
                         Error 70        5.924814916E+00
                         Error 71        5.896780194E+00
                         Error 72        5.869063628E+00
                         Error 73        5.841664128E+00
                         Error 74        5.814580531E+00
                         Error 75        5.787811603E+00
                         Error 76        5.761356035E+00
                         Error 77        5.735212449E+00
                         Error 78        5.709379396E+00
                         Error 79        5.683855358E+00
                         Error 80        5.658638749E+00
                         Error 81        5.633727916E+00
                         Error 82        5.609121140E+00
                         Error 83        5.584816637E+00
                         Error 84        5.560812561E+00
                         Error 85        5.537107002E+00
                         Error 86        5.513697993E+00
                         Error 87        5.490583505E+00
                         Error 88        5.467761454E+00
                         Error 89        5.445229698E+00
                         Error 90        5.422986043E+00
                         Error 91        5.401028243E+00
                         Error 92        5.379353999E+00
                         Error 93        5.357960968E+00
                         Error 94        5.336846755E+00
                         Error 95        5.316008923E+00
                         Error 96        5.295444993E+00
                         Error 97        5.275152443E+00
                         Error 98        5.255128712E+00
                         Error 99        5.235371203E+00
                         Error100        5.215877283E+00
                         Error        5.215877283E+00
