Running in analysis mode

Reading "/home/unibas/boittier/RDKit_G2/B.pdb/SCAN_1_2_3_4_S_36_10.0/1_SCAN/B.p.cube"...

  B.pdb Potential
  Electrostatic potential from Total SCF Density
   10   -9.731691   -7.808853   -6.627927
  121    0.166667    0.000000    0.000000
   90    0.000000    0.166667    0.000000
   80    0.000000    0.000000    0.166667
    6    6.000000   -3.218938   -1.253243    0.090284
    6    6.000000   -0.984664   -0.103208   -0.054783
    6    6.000000    1.490403   -1.296101   -0.115175
    6    6.000000    3.683728   -0.063915    0.099022
    1    1.000000   -4.956211   -0.181833    0.185754
    1    1.000000   -3.313683   -3.293735    0.105566
    9    9.000000   -0.914037    2.468386   -0.054398
    1    1.000000    1.455568   -3.340576   -0.276034
    1    1.000000    3.754437    1.973941    0.275556
    1    1.000000    5.463051   -1.074474    0.082655
  1.55450E-03  1.60736E-03  1.66155E-03  1.71705E-03  1.77383E-03  1.83185E-03
       .            .            .            .            .            .
       .            .            .            .            .            .
       .            .            .            .            .            .
 -1.49123E-04 -1.72125E-04 -1.94391E-04 -2.15887E-04 -2.36585E-04 -2.56461E-04

717469 out of 871200 gridpoints are considered (82.4%).

...done!

Reading "21charges.cube"...

  Fitted ESP
  Electrostatic potential fitted from 21 point charges.
   10   -9.731691   -7.808853   -6.627927
  121    0.166667    0.000000    0.000000
   90    0.000000    0.166667    0.000000
   80    0.000000    0.000000    0.166667
    6    6.000000   -3.218938   -1.253243    0.090284
    6    6.000000   -0.984664   -0.103208   -0.054783
    6    6.000000    1.490403   -1.296101   -0.115175
    6    6.000000    3.683728   -0.063915    0.099022
    1    1.000000   -4.956211   -0.181833    0.185754
    1    1.000000   -3.313683   -3.293735    0.105566
    9    9.000000   -0.914037    2.468386   -0.054398
    1    1.000000    1.455568   -3.340576   -0.276034
    1    1.000000    3.754437    1.973941    0.275556
    1    1.000000    5.463051   -1.074474    0.082655
  1.61892E-03  1.67054E-03  1.72335E-03  1.77732E-03  1.83242E-03  1.88860E-03
       .            .            .            .            .            .
       .            .            .            .            .            .
       .            .            .            .            .            .
 -2.10590E-04 -2.31755E-04 -2.52229E-04 -2.71981E-04 -2.90982E-04 -3.09211E-04

717469 out of 871200 gridpoints are considered (82.4%).

...done!

                       Measure       RMSE[kcal/mol/e]   MaxError[kcal/mol/e]   NPoints
                         Total        3.892042747E-01        4.165909863E+00    717469
Close (  1.20 < r <   1.66 )          8.015552580E-01        4.165909863E+00    154899
Mid-range ( 1.66 < r <  2.20)         1.673926727E-01        5.978282711E-01    271739
Far-range (  2.20         < r)        7.292801370E-02        2.993847677E-01    290831
Did analysis and wrote slice data
