-xyz
refined.xyz
-dens
/home/unibas/boittier/RDKit_G2/B.pdb/SCAN_1_2_3_4_S_36_10.0/1_SCAN/B.d.cube
-esp
/home/unibas/boittier/RDKit_G2/B.pdb/SCAN_1_2_3_4_S_36_10.0/1_SCAN/B.p.cube
-stepsize
0.2
-n_steps
0
-learning_rate
0.5
   3.7311619351119920        2.6958498917823355       0.25073977335917103     
   3.1024404944661410      -0.14174015764297937      -0.49337400788627628     
   2.8030837538717943       0.23799078168019719       0.42095764517672968     
   5.7422749085539220       -1.3036337760939150        5.3178225866897952E-002
   2.8847845406653274        1.3111930108017892E-002  0.68638355876358070     
  0.91847073864009843       -1.2300279139056078       0.13710215127832143     
   1.3899375508035570       -3.8006196878074836      -0.28439006988964483     
   2.3541513629430768       -1.9023522227695522       -6.1280803404429048E-002
   1.7924891234412001       -1.5399669965074485       -1.1993068670946249E-002
  -1.3597269591386691        1.6747068271157763       0.11492132325184093     
  -1.3053594568861948        1.8572225378518463       0.14331322948323955     
 -0.95656476123448242        3.2804276309338793       -4.0495162332740371E-002
 -0.97775667631610774        2.5489869855860880       -5.7502910823927868E-002
  -1.0014431418331409      -0.76686256581297763        9.3675756339780092E-002
  -1.2108696584192018      -0.43411266470631515       0.40767215814966773     
  -1.5015313369780690      -0.46687993944877848      -0.83389625423576630     
  -1.1378689550736376       0.64957587726900179       -2.5886016681811504E-002
  -2.8116879491129136       -1.0220264635206622        1.0393753895057349     
  -2.9239570082553068      -0.96037552293027761      -0.85512835029647394     
  -5.2313915083183140        3.6292337624379806E-002  0.20074994875797264     
  -3.2572272047476765       -3.5787168068223845        9.5041621053826783E-002
First
                         Total        3.892039801E-01
Step size:       0.20
Step size in Bohr:       0.38
Learning Rate:       1.00
# Steps:          0
                         Error        3.892039801E-01
