-xyz
global_fitted_global.xyz
-dens
/home/unibas/boittier/RDKit_G2/B.pdb/SCAN_1_2_3_4_S_36_10.0/16_SCAN/B.d.cube
-esp
/home/unibas/boittier/RDKit_G2/B.pdb/SCAN_1_2_3_4_S_36_10.0/16_SCAN/B.p.cube
-stepsize
0.2
-n_steps
0
-learning_rate
0.5
   3.8089135627726916        2.8076867849852927       -1.0937115708856464     
   3.1583950018068006       -5.0098608005579706E-002 -0.64221319474380167     
   2.9328942275597623       0.57425264928006725        8.4012176282775367E-002
   5.8703265422050288      -0.97718640042739813        8.1245491022536892E-002
   3.0497340646558544       0.49519010501468597       0.42923566687511655     
   1.2136356651798377      -0.63568683708373463       -8.9323717860119306E-003
   1.6005815619965524       -3.4396764764829211       0.93223280891440585     
   2.6428011698741325       -1.2937146830484274       0.26138983062127902     
   2.0164941786127284       -1.0512246708485742       0.15772659165450262     
  -2.4316690183362186      -0.89292954557250803      -0.27973521359260844     
  -2.5269818227435543       -1.0235410953574293      -0.33100932566940450     
  -3.3160040768948984       -2.2929639825416284      -0.27487353489784799     
  -2.8132702171854893       -1.7482590788608898      -0.19349183747533319     
 -0.43576804113672474       0.53445439889254731       -2.2261019855695442E-002
 -0.78752920583974984       0.51341580819625698      -0.37964385748014456     
  -1.0617124168094836       0.67011522277528046       0.85610497717695289     
  -1.5497567640451795      -0.34942954925952519       -3.9910072125125443E-002
  -1.4379516784111817        2.1442735407283422      -0.87356733048191104     
  -1.7103791380164668        1.9670001512968089       0.99781257218493369     
  -3.9594865572623150        3.0195908022892555      -0.12189621819245020     
  -3.3463531790992915E-002   4.1232410292598098       0.42150469296796311     
First
                         Total        6.073530288E-01
Step size:       0.20
Step size in Bohr:       0.38
Learning Rate:       1.00
# Steps:          0
                         Error        6.073530288E-01
