-xyz
refined.xyz
-dens
/home/unibas/boittier/RDKit_G2/B.pdb/SCAN_1_2_3_4_S_36_10.0/10_SCAN_1_2_3_4_F/B.d.cube
-esp
/home/unibas/boittier/RDKit_G2/B.pdb/SCAN_1_2_3_4_S_36_10.0/10_SCAN_1_2_3_4_F/B.p.cube
-stepsize
0.2
-n_steps
50
-learning_rate
0.5
   3.2711169848610004        1.1513336443149547       -2.9123079679731831     
   3.3775430939131370      -0.72710268048181625      -0.34883162713908772     
   6.3903272139272760      -0.18081516634057110        7.5474957138930043E-002
   4.1227130002829977      -0.12478884507036381       0.22654637352424631     
   3.6330602370801448       0.59480681656082035       0.29398145564607270     
   2.8082564223267452      -0.32161422249517335        1.0200335980754158     
   1.3620869038378070      -0.55894240729014821        1.7439213558912661     
   2.3061675365348022      -0.39843131914996793       0.72508952450114306     
   1.2662313872718833      -0.53804074714643435       0.80178223270817828     
   2.1059082526827555       -1.3314270559823211        3.4466248241629236     
  -2.4407977219525283       -2.6427938194124421      -0.46172471711538854     
  -2.1580661455736747       -2.1040602394037147      -0.18754420360169607     
  -1.8666740186789996       -1.3333392057552784      -0.20207644486204154     
  -2.2719516830178348       -2.3137217981060409      -0.47663788863883122     
 -0.66724365493715632       0.29983667765546163       -1.2277292632108465E-002
  -1.1314462914760892      -0.39947383233890255       0.14793035394220239     
 -0.42413761224444374       0.70197470795618888       0.27661552613879670     
  -1.0976822711033283       0.61773528156537949       0.59621084504751820     
  -4.6798145776352786        2.2523939514253586      -0.56238460186268624     
  -1.4046790507901827        1.7213456587160332       0.35211800023486411     
  -1.9145153983156824        1.6014595359368531      -0.35979486775548353     
  -2.4164276839389225        1.3579104767716137      -0.11891649176238628     
  -2.2439928053493094        1.6144615623397529       0.20818419706003513     
  -1.1899847998954889        4.3560801006890948      -0.20285485133671505     
  -1.3316165338478230        4.2338747755923798        8.7293977566784350E-002
First
                         Total        6.323218043E-01
Step size:       0.20
Step size in Bohr:       0.38
Learning Rate:       1.00
# Steps:         50
                         Error  1        6.308608275E-01
                         Error  2        6.294490015E-01
                         Error  3        6.280830937E-01
                         Error  4        6.267601109E-01
                         Error  5        6.254772825E-01
                         Error  6        6.242320439E-01
                         Error  7        6.230220216E-01
                         Error  8        6.218450186E-01
                         Error  9        6.206990016E-01
                         Error 10        6.195820888E-01
                         Error 11        6.184925380E-01
                         Error 12        6.174287371E-01
                         Error 13        6.163891930E-01
                         Error 14        6.153725238E-01
                         Error 15        6.143774494E-01
                         Error 16        6.134027843E-01
                         Error 17        6.124474301E-01
                         Error 18        6.115103691E-01
                         Error 19        6.105906577E-01
                         Error 20        6.096874211E-01
                         Error 21        6.087998480E-01
                         Error 22        6.079271853E-01
                         Error 23        6.070687343E-01
                         Error 24        6.062238456E-01
                         Error 25        6.053919163E-01
                         Error 26        6.045723857E-01
                         Error 27        6.037647323E-01
                         Error 28        6.029684708E-01
                         Error 29        6.021831491E-01
                         Error 30        6.014083461E-01
                         Error 31        6.006436690E-01
                         Error 32        5.998887512E-01
                         Error 33        5.991432505E-01
                         Error 34        5.984068468E-01
                         Error 35        5.976792408E-01
                         Error 36        5.969601523E-01
                         Error 37        5.962493184E-01
                         Error 38        5.955464929E-01
                         Error 39        5.948514442E-01
                         Error 40        5.941639549E-01
                         Error 41        5.934838202E-01
                         Error 42        5.928108473E-01
                         Error 43        5.921448542E-01
                         Error 44        5.914856692E-01
                         Error 45        5.908331299E-01
                         Error 46        5.901870826E-01
                         Error 47        5.895473817E-01
                         Error 48        5.889138889E-01
                         Error 49        5.882864730E-01
                         Error 50        5.876650090E-01
                         Error        5.876650090E-01
