Running in analysis mode

Reading "/home/unibas/boittier/RDKit_G2/B.pdb/SCAN_1_2_3_4_S_36_10.0/15_SCAN/B.p.cube"...

  B.pdb Potential
  Electrostatic potential from Total SCF Density
   10   -8.188690   -7.484334   -6.786295
  112    0.166667    0.000000    0.000000
  100    0.000000    0.166667    0.000000
   83    0.000000    0.000000    0.166667
    6    6.000000   -1.675938    2.463830    0.151609
    6    6.000000   -0.907917    0.073474    0.076464
    6    6.000000    1.635065   -0.971582    0.367013
    6    6.000000    3.770140    0.207850   -0.273543
    1    1.000000   -3.643804    2.942186   -0.122924
    1    1.000000   -0.334645    3.960552    0.511657
    9    9.000000   -2.667125   -1.785986   -0.263660
    1    1.000000    1.697067   -2.868455    1.150343
    1    1.000000    3.763862    2.061641   -1.146446
    1    1.000000    5.593548   -0.663480    0.051047
 -4.91398E-03 -5.01276E-03 -5.11256E-03 -5.21327E-03 -5.31477E-03 -5.41693E-03
       .            .            .            .            .            .
       .            .            .            .            .            .
       .            .            .            .            .            .
  2.39508E-03  2.35283E-03  2.31103E-03  2.26970E-03  2.22887E-03  2.18855E-03

775489 out of 929600 gridpoints are considered (83.4%).

...done!

Reading "21charges.cube"...

  Fitted ESP
  Electrostatic potential fitted from 21 point charges.
   10   -8.188690   -7.484334   -6.786295
  112    0.166667    0.000000    0.000000
  100    0.000000    0.166667    0.000000
   83    0.000000    0.000000    0.166667
    6    6.000000   -1.675938    2.463830    0.151609
    6    6.000000   -0.907917    0.073474    0.076464
    6    6.000000    1.635065   -0.971582    0.367013
    6    6.000000    3.770140    0.207850   -0.273543
    1    1.000000   -3.643804    2.942186   -0.122924
    1    1.000000   -0.334645    3.960552    0.511657
    9    9.000000   -2.667125   -1.785986   -0.263660
    1    1.000000    1.697067   -2.868455    1.150343
    1    1.000000    3.763862    2.061641   -1.146446
    1    1.000000    5.593548   -0.663480    0.051047
 -5.46792E-03 -5.57752E-03 -5.68820E-03 -5.79984E-03 -5.91231E-03 -6.02548E-03
       .            .            .            .            .            .
       .            .            .            .            .            .
       .            .            .            .            .            .
  3.05494E-03  3.00279E-03  2.95106E-03  2.89981E-03  2.84905E-03  2.79884E-03

775489 out of 929600 gridpoints are considered (83.4%).

...done!

                       Measure       RMSE[kcal/mol/e]   MaxError[kcal/mol/e]   NPoints
                         Total        1.183826992E+00        9.154350980E+00    775489
Close (  1.20 < r <   1.66 )          1.914906741E+00        9.154350980E+00    154973
Mid-range ( 1.66 < r <  2.20)         1.113085160E+00        3.941609490E+00    280550
Far-range (  2.20         < r)        7.091170726E-01        2.144361126E+00    339966
Did analysis and wrote slice data
