-xyz
refined.xyz
-dens
/home/unibas/boittier/RDKit_G2/B.pdb/SCAN_1_2_3_4_S_36_10.0/15_SCAN/B.d.cube
-esp
/home/unibas/boittier/RDKit_G2/B.pdb/SCAN_1_2_3_4_S_36_10.0/15_SCAN/B.p.cube
-stepsize
0.2
-n_steps
10
-learning_rate
0.5
   3.7067057069386991        2.6737917751076448       -1.5262466219866508     
   3.1292990869859181      -0.12623493053894572      -0.68900825874548677     
   2.9179124795600204       0.62863253788716478       -1.4473848852698175E-002
   5.8811900195936211      -0.87468065112534144       0.11397586537960255     
   3.0409824167699613       0.54797608583189705       0.31113118918699312     
   1.2323093598277157      -0.57461155149098042        9.2517175480491112E-002
   1.6568316899677706       -3.2820762815901157        1.3583541120464941     
   2.6648531005130076       -1.2018739198212942       0.41917862250428645     
   2.0283809875663508       -1.0248733294994850       0.30604489748947317     
  -2.4043374324094708      -0.90158650264390439      -0.34101915579841030     
  -2.4906344466848793       -1.0660895129001369      -0.39150085881636043     
  -3.2644256004246910       -2.3239143076780100      -0.38646547231241896     
  -2.7684984936622481       -1.7974058799142794      -0.27335073249249758     
 -0.43721198896777252       0.56076897345255317        1.6825820487817306E-002
 -0.78077471529845011       0.49814433194719265      -0.34520194158318590     
  -1.1081957773574564       0.64086166334593331       0.87909778138899930     
  -1.5398531787680851      -0.34343561825796887       -5.7049315213560610E-002
  -1.4286853244797855        2.1469916369089788      -0.82740560793981421     
  -1.7824378139838790        1.9222962399485883        1.0244919003938864     
  -3.9887554139570489        2.9840007789927574      -0.17514475314573960     
  -9.9082204197069104E-002   4.1190956902532205       0.57372795041425495     
First
                         Total        1.529079807E+00
Step size:       0.20
Step size in Bohr:       0.38
Learning Rate:       1.00
# Steps:         10
                         Error  1        1.489764214E+00
                         Error  2        1.451541582E+00
                         Error  3        1.414403307E+00
                         Error  4        1.378339466E+00
                         Error  5        1.343338936E+00
                         Error  6        1.309389505E+00
                         Error  7        1.276477976E+00
                         Error  8        1.244590268E+00
                         Error  9        1.213711505E+00
                         Error 10        1.183826100E+00
                         Error        1.183826100E+00
