-xyz
refined.xyz
-dens
/home/unibas/boittier/RDKit_G2/B.pdb/SCAN_1_2_3_4_S_36_10.0/33_SCAN/B.d.cube
-esp
/home/unibas/boittier/RDKit_G2/B.pdb/SCAN_1_2_3_4_S_36_10.0/33_SCAN/B.p.cube
-stepsize
0.2
-n_steps
0
-learning_rate
0.5
  -3.9072368831794786        2.8851709906764249        1.1643600289135900     
  -3.4031061766689108      -0.69394054991322818       0.78958557502735571     
  -3.7330215016853732      -0.68782084761066342       0.14613142541211788     
  -6.2557805340815156       -1.0836184231482309       0.28186290032465633     
  -3.5663722506411943      -0.41097537179948340      -0.43859342840558591     
  -1.7568802393936358      -0.25071272228093716      -0.23047121481770763     
  -1.4512839095674448        3.6723603084609195E-002 -0.21339083299845404     
  -1.9491889624253489       -2.5127088671774276      -0.62598735659531635     
  -2.0344295212715995       -2.3918722871898299       -1.1354143568651851     
  -1.9585055598973451       -2.6769477431568514      -0.13472995728610937     
   3.3576493798575813       -2.3992067224346472       0.12838428870612270     
   2.7550058260365899       -1.8001823326776523       0.10314832316490676     
  0.78859453450399930       0.77439618190776660      -0.82077416600215092     
  0.47703953634831459       0.93898790567846147      -0.61331484093838007     
   1.0437306460232652       0.90817115178309005       0.47221427662704246     
   1.4977542442527016      -0.21979242103435290      -0.26348679808363185     
   4.3509940525587876        3.1532384514772880       0.13091533851035503     
   2.0691770615708434        2.0569904798162124       -3.3129825294587641E-002
   1.8738846181395925        2.0188287650136503      -0.71706371939423263     
   1.8850857841636617        2.1065067877124379       0.64454568415498670     
 -0.24063453730027762        4.2787412526200548      -0.27308065295009976     
First
                         Total        7.331267581E+00
Step size:       0.20
Step size in Bohr:       0.38
Learning Rate:       1.00
# Steps:          0
                         Error        7.331267581E+00
