-xyz
refined.xyz
-dens
/home/unibas/boittier/RDKit_G2/B.pdb/SCAN_1_2_3_4_S_36_10.0/4_SCAN/B.d.cube
-esp
/home/unibas/boittier/RDKit_G2/B.pdb/SCAN_1_2_3_4_S_36_10.0/4_SCAN/B.p.cube
-stepsize
0.2
-n_steps
0
-learning_rate
0.5
   3.8131817638064454        2.7721567099951909        1.6211044784258339     
   3.6277393006524918      -0.25270737061286397      -0.43580606211400813     
   3.7373421165048804      -0.64830699603554465       0.15951147854536141     
   6.2544076036236582       -1.0394725589954859       0.37917510257615283     
   3.3676429146869000      -0.74157686617417418       0.70809308279609684     
   1.7307815066194419      -0.17437410303231718      -0.63229910928530264     
   1.4183144416801448       0.10329882227677868      -0.59276966121820418     
   2.0140439808714357       -2.4008295704502545      -0.85854782780381300     
   1.9223677808446009       -2.6024705183455601      -0.37655228527255824     
   2.1941100927036872       -2.2537825514477143       -1.3215255911138521     
  -3.1955679711080727       -2.4554185851311350       0.59621180232336735     
  -2.6464120396757740       -1.8455902637199626       0.37290206366271145     
 -0.69322874162895010       0.77846311524074663       0.42134519032850454     
 -0.43075508167918491       0.94950062225561782       0.15857138457110911     
  -1.1895244849175166       0.89376053147625834      -0.80144110814807235     
  -1.4659842734414252      -0.23936208521398303        1.0530838138939578E-002
  -4.4362010539769754        3.0547682230613922       0.14498800171417933     
  -2.1341601107532577        2.0217170043290498      -0.11725594330149067     
  -1.8133101732857648        1.9949366682376757       0.51811729949542273     
  -2.0816307315064226        2.0700935806798380      -0.81760295046961040     
  0.11647193463233629        4.3067657279764235      -0.32265858512383999     
First
                         Total        7.266353448E+00
Step size:       0.20
Step size in Bohr:       0.38
Learning Rate:       1.00
# Steps:          0
                         Error        7.266353448E+00
