-xyz
refined.xyz
-dens
/home/unibas/boittier/RDKit_G2/B.pdb/SCAN_1_2_3_4_S_36_-10.0/3_SCAN_1_2_3_4_F/B.d.cube
-esp
/home/unibas/boittier/RDKit_G2/B.pdb/SCAN_1_2_3_4_S_36_-10.0/3_SCAN_1_2_3_4_F/B.p.cube
-stepsize
0.2
-n_steps
50
-learning_rate
0.5
  -3.5373879094176104        2.3481475676305559        1.0612910320167595     
  -3.2484216267279393      -0.83040481385220488       0.88398021517238690     
  -6.2151466118145997       -1.1986984488488595       0.21470458137676587     
  -3.9656001175089326      -0.95448209713402365        3.3330220203341243E-003
  -3.5593151966867485      -0.48263482354833487      -0.51845584488479013     
  -2.4521878862852171       -1.7252810806875105      -0.64714248264487240     
  -1.6734443310293858      -0.92383116781660646       0.57626568429519509     
  -2.0458613107792294       -1.3213450685970611      -0.70862861931285037     
  -1.2623316047663460      -0.74150537098609870      -0.29898761711205851     
  -1.5836702497687440       -3.8882703619569958       -1.1854410048069091     
   1.1114354676207796        3.0671012569381340      -0.17070314480052645     
   1.0502491886196388        2.4032411851140298       -2.1321862916168388E-002
   1.1941010278252213        1.6113345551444669      -0.12069609274333662     
   1.1349644571063022        2.6893603768557637      -0.25640215822348178     
  0.92188486214101029      -0.38846903370493874      -0.36287870290584900     
  0.92998126595591302       0.40766849435402552       -5.0979355344391020E-002
  0.83813036416252806      -0.91655991054119079      -0.18312209411528169     
   1.2332139491659391      -0.57717986429234813       0.37132583802649488     
   5.3231360489744635      -0.18435459445897909       0.60924462359935572     
   2.1128618972494633       -1.3737473968934952       0.24882021806511406     
   2.6974496254099911      -0.89915466338003858      -0.22501922945726274     
   2.9156892373359309      -0.50665589809978384       0.18561807074108747     
   2.7864960705831057      -0.86248714862363862       0.43230854021684506     
   3.4130751105418460       -3.6617190787440679      -0.32134848301762220     
   3.3544201024254168       -3.5656983565545493       -1.1414634505709146E-002
First
                         Total        4.115655161E-01
Step size:       0.20
Step size in Bohr:       0.38
Learning Rate:       1.00
# Steps:         50
                         Error  1        4.109604449E-01
                         Error  2        4.103773337E-01
                         Error  3        4.098146694E-01
                         Error  4        4.092710614E-01
                         Error  5        4.087452319E-01
                         Error  6        4.082360061E-01
                         Error  7        4.077423043E-01
                         Error  8        4.072631336E-01
                         Error  9        4.067975810E-01
                         Error 10        4.063448066E-01
                         Error 11        4.059040374E-01
                         Error 12        4.054745623E-01
                         Error 13        4.050557263E-01
                         Error 14        4.046469262E-01
                         Error 15        4.042476061E-01
                         Error 16        4.038572539E-01
                         Error 17        4.034753967E-01
                         Error 18        4.031015988E-01
                         Error 19        4.027354573E-01
                         Error 20        4.023766005E-01
                         Error 21        4.020246846E-01
                         Error 22        4.016793914E-01
                         Error 23        4.013404267E-01
                         Error 24        4.010075177E-01
                         Error 25        4.006804115E-01
                         Error 26        4.003588735E-01
                         Error 27        4.000426859E-01
                         Error 28        3.997316459E-01
                         Error 29        3.994255652E-01
                         Error 30        3.991242680E-01
                         Error 31        3.988275906E-01
                         Error 32        3.985353803E-01
                         Error 33        3.982474940E-01
                         Error 34        3.979637981E-01
                         Error 35        3.976841673E-01
                         Error 36        3.974084842E-01
                         Error 37        3.971366382E-01
                         Error 38        3.968685257E-01
                         Error 39        3.966040488E-01
                         Error 40        3.963431152E-01
                         Error 41        3.960856379E-01
                         Error 42        3.958315345E-01
                         Error 43        3.955807268E-01
                         Error 44        3.953331409E-01
                         Error 45        3.950887063E-01
                         Error 46        3.948473563E-01
                         Error 47        3.946090269E-01
                         Error 48        3.943736574E-01
                         Error 49        3.941411896E-01
                         Error 50        3.939115678E-01
                         Error        3.939115678E-01
