atom_charge_dict:  {6: [0, 1], 5: [2, 3], 0: [4, 5, 6, 7], 1: [8, 9, 10, 11, 14], 7: [12, 13], 4: [15, 16, 17], 2: [18], 3: [19, 20, 21, 22]}
3
3 [19, 20, 21, 22] [-0.2230981   0.43680291  0.10014838]
3 [19, 20, 21, 22] [-0.1828248  -0.27516234 -0.08348712]
3 [19, 20, 21, 22] [ 0.0480278  -0.22864359 -0.05491619]
3 [19, 20, 21, 22] [ 0.31076844 -0.00420123  0.03342866]
2
2 [18] [-0.31914541 -0.42971977 -0.16341904]
1
1 [8, 9, 10, 11, 14] [-5.09191786e-01  2.08273306e-01  7.41010927e-05]
1 [8, 9, 10, 11, 14] [0.15364692 0.40160036 0.12187484]
1 [8, 9, 10, 11, 14] [0.01133663 0.43636311 0.02691309]
1 [8, 9, 10, 11, 14] [-0.15547986  0.22692037  0.00881431]
1 [8, 9, 10, 11, 14] [-0.03921219  0.392475    0.39250938]
4
4 [15, 16, 17] [-0.16181771  0.03765813 -0.2652448 ]
4 [15, 16, 17] [-0.16341929 -0.07957206  0.03006386]
4 [15, 16, 17] [-0.19610456 -0.08954307  0.1918987 ]
2
1
5
5 [2, 3] [-0.00178702 -0.01642705  0.05308231]
5 [2, 3] [ 0.09375283 -0.02462861  0.0704943 ]
0
0 [4, 5, 6, 7] [ 0.13425893  0.26739737 -0.00438989]
0 [4, 5, 6, 7] [-0.16914429  0.53832367 -0.06945442]
0 [4, 5, 6, 7] [-0.29817404 -0.1100749   0.0420033 ]
0 [4, 5, 6, 7] [ 0.56567678 -0.10312461  0.0198463 ]
6
6 [0, 1] [ 0.07222355 -0.1530529  -0.00424338]
6 [0, 1] [ 0.03486495  0.0796622  -0.06144321]
7
7 [12, 13] [-0.28742884  0.21208201 -0.02114023]
7 [12, 13] [ 0.13216209  0.37004132 -0.07102615]
1
0
RMSD using the Kabsch algorithm: 0.6785716991019192
1 [-1.00392562 -1.61603522  0.19185109]
2 [-1.04128421 -1.38332011  0.13465127]
3 [-2.55929417 -0.38275142  0.01786399]
4 [-2.46375432 -0.39095298  0.03527598]
5 [-1.34577823 -0.19952354  0.03333355]
6 [-1.64918145  0.07140276 -0.03173097]
7 [-1.7782112  -0.57699581  0.07972674]
8 [-0.91436038 -0.57004553  0.05756974]
9 [-1.17374179  0.80003977 -0.06519512]
10 [-0.51090308  0.99336683  0.05660562]
11 [-0.65321338  1.02812958 -0.03835613]
12 [-0.82002986  0.81868684 -0.05645491]
13 [-1.34555476  1.80898844 -0.21494919]
14 [-0.92596384  1.96694775 -0.26483511]
15 [-0.70376219  0.98424147  0.32724016]
16 [1.18472768 1.43561464 0.0280997 ]
17 [1.1831261  1.31838446 0.32340837]
18 [1.15044083 1.30841344 0.48524321]
19 [ 0.48118665  0.03880984 -0.09188754]
20 [ 1.2032477  -0.15392267  0.0346077 ]
21 [ 1.243521   -0.86588792 -0.14902781]
22 [ 1.4743736  -0.81936917 -0.12045687]
23 [ 1.73711424 -0.59492681 -0.03211203]
