-xyz
refined.xyz
-dens
/home/unibas/boittier/RDKit_G2/B.pdb/SCAN_1_2_3_4_S_36_10.0/19_SCAN/B.d.cube
-esp
/home/unibas/boittier/RDKit_G2/B.pdb/SCAN_1_2_3_4_S_36_10.0/19_SCAN/B.p.cube
-stepsize
0.2
-n_steps
0
-learning_rate
0.5
  -3.8874011196237541        2.9400276429373093      -0.43461185282026893     
  -3.2071540954054250       0.14692558556166063       0.48283374988298855     
  -2.9340764660432312       0.47065653619765546      -0.46079716109529262     
  -5.8659880741917343       -1.0301266975901295        8.2660321822467714E-002
  -3.0256095120166209       0.23154912609370762      -0.71008771442360308     
  -1.1820414917404520      -0.64825633528483706       0.34964486901213532     
  -1.5627055034719597       -3.5333714812764252       0.43263647466484728     
  -2.6338139120799631       -1.3059701687170404       0.23863144256962227     
  -1.9920807262103835       -1.1128552737197221       0.24872895584349483     
   2.4748207259533705      -0.87232210759272188        9.5052083811699870E-002
   2.5720825000039200       -1.0371274520351348       0.11634189493993237     
   3.3561723307993554       -2.2651047000751494      -0.12496914320510982     
   2.8380090380959695       -1.7484900670638690      -0.10599807328899102     
  0.44716246470405413       0.54622252002790861       0.21113172969427868     
  0.85216499524368572       0.46898292560791960       0.49954583856510387     
  0.94832098991937386       0.71047576293676862      -0.74924768420668864     
   1.5622835388240741      -0.32402984016919190        1.5247317982457893E-002
   1.5996970102244417        2.0435637551037873        1.0178668689443124     
   1.5376859482643519        2.0643388200075092      -0.87983506368730691     
   3.9488199747001889        3.0392028744501687       -6.2736642968498291E-002
  -8.4020422503628452E-003   4.1379050463636382       0.20726375603550157     
First
                         Total        1.583215537E+00
Step size:       0.20
Step size in Bohr:       0.38
Learning Rate:       1.00
# Steps:          0
                         Error        1.583215537E+00
                         Error        1.583215537E+00
                         Error        1.583215537E+00
                         Error        1.583215537E+00
                         Error        1.583215537E+00
