-xyz
refined.xyz
-dens
/home/unibas/boittier/RDKit_G2/B.pdb/SCAN_1_2_3_4_S_36_10.0/11_SCAN/B.d.cube
-esp
/home/unibas/boittier/RDKit_G2/B.pdb/SCAN_1_2_3_4_S_36_10.0/11_SCAN/B.p.cube
-stepsize
0.2
-n_steps
100
-learning_rate
0.5
  -3.8135506761661810        3.1896130793181894       0.14068918651217432     
  -3.5364624952149439      -0.38232605895019672       0.71096719240727158     
  -3.7760823292948618      -0.54941580519581779        4.3136648068493433E-002
  -6.3232765374822302      -0.77206969759500088        3.4632294015810624E-004
  -3.5369130067044678      -0.37061934247078143      -0.55923192301885338     
  -1.7814021378933347      -0.22092650154127014       0.14092266968097533     
  -1.4277426859024893       -6.0121529254354843E-002  0.13227128801117990     
  -2.0173249730253158       -2.6057819947899179       -7.9500486455559891E-002
  -2.0899131204342232       -2.5264249682577526      -0.60778810296515595     
  -2.1505970290756586       -2.5840253135949194       0.43371578261777810     
   3.4019989338898480       -2.3556063584013822      -0.62798893818650492     
   2.6404065737917715       -1.9250918780323591      -0.25581298955081661     
  0.72241337811485007       0.75741267513973609      -0.66345959306677338     
  0.48196357847405275       0.76423526516987694      -0.43196671842950607     
   1.1150399622827185       0.78734468356570020       0.59120940873933148     
   1.4906770044539823      -0.45018348264621177      -0.22501701363877857     
   4.3215231388258406        3.0745228182627731       0.61753541764437392     
   2.1414332190089320        1.7735480543804389        1.8669108484786780E-002
   1.8020538052276920        2.1398867337126246      -0.24337918788938895     
   2.0193428912869944        1.9720643299799605       0.71230096123467102     
  -7.7030758976809652E-002   4.1805323645527146       0.10187304891397582     
First
                         Total        8.710550197E+00
Step size:       0.20
Step size in Bohr:       0.38
Learning Rate:       1.00
# Steps:        100
                         Error  1        8.657343986E+00
                         Error  2        8.604401849E+00
                         Error  3        8.551726493E+00
                         Error  4        8.499320630E+00
                         Error  5        8.447186975E+00
                         Error  6        8.395328250E+00
                         Error  7        8.343747176E+00
                         Error  8        8.292446476E+00
                         Error  9        8.241428873E+00
                         Error 10        8.190697089E+00
                         Error 11        8.140253841E+00
                         Error 12        8.090101842E+00
                         Error 13        8.040243801E+00
                         Error 14        7.990682415E+00
                         Error 15        7.941420376E+00
                         Error 16        7.892460361E+00
                         Error 17        7.843805038E+00
                         Error 18        7.795457057E+00
                         Error 19        7.747419054E+00
                         Error 20        7.699693646E+00
                         Error 21        7.652283430E+00
                         Error 22        7.605190980E+00
                         Error 23        7.558418847E+00
                         Error 24        7.511969555E+00
                         Error 25        7.465845601E+00
                         Error 26        7.420049450E+00
                         Error 27        7.374583537E+00
                         Error 28        7.329450259E+00
                         Error 29        7.284651978E+00
                         Error 30        7.240191019E+00
                         Error 31        7.196069661E+00
                         Error 32        7.152290142E+00
                         Error 33        7.108854656E+00
                         Error 34        7.065765344E+00
                         Error 35        7.023024300E+00
                         Error 36        6.980633564E+00
                         Error 37        6.938595121E+00
                         Error 38        6.896910898E+00
                         Error 39        6.855582761E+00
                         Error 40        6.814612516E+00
                         Error 41        6.774001902E+00
                         Error 42        6.733752593E+00
                         Error 43        6.693866192E+00
                         Error 44        6.654344233E+00
                         Error 45        6.615188173E+00
                         Error 46        6.576399396E+00
                         Error 47        6.537979206E+00
                         Error 48        6.499928829E+00
                         Error 49        6.462249406E+00
                         Error 50        6.424941995E+00
                         Error 51        6.388007570E+00
                         Error 52        6.351447015E+00
                         Error 53        6.315261123E+00
                         Error 54        6.279450598E+00
                         Error 55        6.244016051E+00
                         Error 56        6.208957996E+00
                         Error 57        6.174276854E+00
                         Error 58        6.139972946E+00
                         Error 59        6.106046496E+00
                         Error 60        6.072497628E+00
                         Error 61        6.039326364E+00
                         Error 62        6.006532627E+00
                         Error 63        5.974116235E+00
                         Error 64        5.942076904E+00
                         Error 65        5.910414246E+00
                         Error 66        5.879127770E+00
                         Error 67        5.848216879E+00
                         Error 68        5.817680873E+00
                         Error 69        5.787518946E+00
                         Error 70        5.757730190E+00
                         Error 71        5.728313589E+00
                         Error 72        5.699268028E+00
                         Error 73        5.670592285E+00
                         Error 74        5.642285037E+00
                         Error 75        5.614344859E+00
                         Error 76        5.586770225E+00
                         Error 77        5.559559510E+00
                         Error 78        5.532710989E+00
                         Error 79        5.506222842E+00
                         Error 80        5.480093152E+00
                         Error 81        5.454319906E+00
                         Error 82        5.428901002E+00
                         Error 83        5.403834245E+00
                         Error 84        5.379117352E+00
                         Error 85        5.354747953E+00
                         Error 86        5.330723593E+00
                         Error 87        5.307041737E+00
                         Error 88        5.283699767E+00
                         Error 89        5.260694990E+00
                         Error 90        5.238024636E+00
                         Error 91        5.215685864E+00
                         Error 92        5.193675762E+00
                         Error 93        5.171991352E+00
                         Error 94        5.150629592E+00
                         Error 95        5.129587377E+00
                         Error 96        5.108861545E+00
                         Error 97        5.088448877E+00
                         Error 98        5.068346103E+00
                         Error 99        5.048549902E+00
                         Error100        5.029056907E+00
                         Error        5.029056907E+00
