-xyz
refined.xyz
-dens
../../cube_files/ester/7_SCAN_1_2_6_8_F/O.d.cube
-esp
../../cube_files/ester/7_SCAN_1_2_6_8_F/O.p.cube
-stepsize
0.2
-n_steps
200
-learning_rate
0.5
   1.6128516093349798        2.0032038574627422       0.32940529728911561     
   1.7693013262271073        2.2001322454641539       0.88574499348039926     
  0.73622993184220620        3.1511190847944444       -1.6390850924283789     
  0.78914434028264269        2.9888670533281050       -1.2954758114571103     
   3.3596704401796678        2.7122532605058502       -5.2419468738693333E-002
   2.9259056963591230        2.5399043711066587      -0.16752167593537745     
  0.21603847674551804        3.7751928301503068        2.0681217373098937     
   3.2763043805182996       -2.1548141593506309       0.34754275149309860     
   2.5741708518792370       -2.5670769491945151       0.18683794078700589     
   3.2121176388529911       -1.7223124330114916       0.36849514160036717     
  0.11913046414418166      -0.72859257518436971       -8.2921600933975451E-002
   1.3324846196874156        6.4466019653938167E-002  0.26767632229501559     
   1.1620169584264555       0.36588903641175674       0.77345486021885013     
 -0.71390234338502012      -0.93754094634159191      -0.53412948090559742     
  -1.4341819420234485       -1.2648406715926928      -0.29043691642692748     
  -1.5214170364488984       -1.6898818858376516      -0.68141689723281706     
  -1.2532037588064568       -1.2871656767354214       -1.1816653665377437     
  -4.0297103248734745      -0.21272281731950193      -0.10490879383094012     
  -2.5980687767534727       0.10480381433101181      -0.25185896194343627     
  -4.4149501332754237      -0.36999302514088761       -4.9884194447746701E-002
  -3.8329961496587357      -0.21833744501388505        2.2293466297338203     
  -3.8391618646969219      -0.33873339644615158        2.0249816816187796     
  -3.5238040446328314        1.2917549029961186      -0.28568012659548908     
  -3.6833646127227153        1.8468825539004687      -0.48246518801347554     
First
                         Total        1.257589346E+00
Step size:       0.20
Step size in Bohr:       0.38
Learning Rate:       1.00
# Steps:        200
                         Error  1        1.249175464E+00
                         Error  2        1.241216800E+00
                         Error  3        1.233685949E+00
                         Error  4        1.226556858E+00
                         Error  5        1.219804798E+00
                         Error  6        1.213406340E+00
                         Error  7        1.207339317E+00
                         Error  8        1.201582784E+00
                         Error  9        1.196116982E+00
                         Error 10        1.190923292E+00
                         Error 11        1.185984188E+00
                         Error 12        1.181283191E+00
                         Error 13        1.176804824E+00
                         Error 14        1.172534564E+00
                         Error 15        1.168458794E+00
                         Error 16        1.164564757E+00
                         Error 17        1.160840513E+00
                         Error 18        1.157274890E+00
                         Error 19        1.153857446E+00
                         Error 20        1.150578425E+00
                         Error 21        1.147428715E+00
                         Error 22        1.144399813E+00
                         Error 23        1.141483788E+00
                         Error 24        1.138673240E+00
                         Error 25        1.135961277E+00
                         Error 26        1.133341472E+00
                         Error 27        1.130807840E+00
                         Error 28        1.128354808E+00
                         Error 29        1.125977186E+00
                         Error 30        1.123670144E+00
                         Error 31        1.121429188E+00
                         Error 32        1.119250133E+00
                         Error 33        1.117129089E+00
                         Error 34        1.115062437E+00
                         Error 35        1.113046809E+00
                         Error 36        1.111079073E+00
                         Error 37        1.109156318E+00
                         Error 38        1.107275835E+00
                         Error 39        1.105435105E+00
                         Error 40        1.103631786E+00
                         Error 41        1.101863700E+00
                         Error 42        1.100128820E+00
                         Error 43        1.098425263E+00
                         Error 44        1.096751276E+00
                         Error 45        1.095105228E+00
                         Error 46        1.093485602E+00
                         Error 47        1.091890986E+00
                         Error 48        1.090320067E+00
                         Error 49        1.088771622E+00
                         Error 50        1.087244513E+00
                         Error 51        1.085737679E+00
                         Error 52        1.084250134E+00
                         Error 53        1.082780956E+00
                         Error 54        1.081329289E+00
                         Error 55        1.079894334E+00
                         Error 56        1.078475345E+00
                         Error 57        1.077071627E+00
                         Error 58        1.075682532E+00
                         Error 59        1.074307454E+00
                         Error 60        1.072945827E+00
                         Error 61        1.071597124E+00
                         Error 62        1.070260850E+00
                         Error 63        1.068936544E+00
                         Error 64        1.067623773E+00
                         Error 65        1.066322134E+00
                         Error 66        1.065031246E+00
                         Error 67        1.063750756E+00
                         Error 68        1.062480329E+00
                         Error 69        1.061219655E+00
                         Error 70        1.059968439E+00
                         Error 71        1.058726405E+00
                         Error 72        1.057493295E+00
                         Error 73        1.056268865E+00
                         Error 74        1.055052884E+00
                         Error 75        1.053845137E+00
                         Error 76        1.052645420E+00
                         Error 77        1.051453538E+00
                         Error 78        1.050269312E+00
                         Error 79        1.049092567E+00
                         Error 80        1.047923142E+00
                         Error 81        1.046760882E+00
                         Error 82        1.045605641E+00
                         Error 83        1.044457278E+00
                         Error 84        1.043315664E+00
                         Error 85        1.042180670E+00
                         Error 86        1.041052180E+00
                         Error 87        1.039930077E+00
                         Error 88        1.038814254E+00
                         Error 89        1.037704607E+00
                         Error 90        1.036601036E+00
                         Error 91        1.035503447E+00
                         Error 92        1.034411748E+00
                         Error 93        1.033325852E+00
                         Error 94        1.032245676E+00
                         Error 95        1.031171140E+00
                         Error 96        1.030102164E+00
                         Error 97        1.029038676E+00
                         Error 98        1.027980604E+00
                         Error 99        1.026927877E+00
                         Error100        1.025880429E+00
                         Error101        1.024838195E+00
                         Error102        1.023801114E+00
                         Error103        1.022769123E+00
                         Error104        1.021742164E+00
                         Error105        1.020720181E+00
                         Error106        1.019703118E+00
                         Error107        1.018690921E+00
                         Error108        1.017683538E+00
                         Error109        1.016680918E+00
                         Error110        1.015683011E+00
                         Error111        1.014689769E+00
                         Error112        1.013701145E+00
                         Error113        1.012717092E+00
                         Error114        1.011737567E+00
                         Error115        1.010762524E+00
                         Error116        1.009791921E+00
                         Error117        1.008825715E+00
                         Error118        1.007863867E+00
                         Error119        1.006906334E+00
                         Error120        1.005953078E+00
                         Error121        1.005004061E+00
                         Error122        1.004059243E+00
                         Error123        1.003118587E+00
                         Error124        1.002182058E+00
                         Error125        1.001249618E+00
                         Error126        1.000321233E+00
                         Error127        9.993968680E-01
                         Error128        9.984764882E-01
                         Error129        9.975600604E-01
                         Error130        9.966475514E-01
                         Error131        9.957389286E-01
                         Error132        9.948341600E-01
                         Error133        9.939332138E-01
                         Error134        9.930360591E-01
                         Error135        9.921426651E-01
                         Error136        9.912530016E-01
                         Error137        9.903670389E-01
                         Error138        9.894847475E-01
                         Error139        9.886060984E-01
                         Error140        9.877310631E-01
                         Error141        9.868596134E-01
                         Error142        9.859917215E-01
                         Error143        9.851273599E-01
                         Error144        9.842665015E-01
                         Error145        9.834091196E-01
                         Error146        9.825551877E-01
                         Error147        9.817046798E-01
                         Error148        9.808575701E-01
                         Error149        9.800138332E-01
                         Error150        9.791734440E-01
                         Error151        9.783363775E-01
                         Error152        9.775026094E-01
                         Error153        9.766721154E-01
                         Error154        9.758448715E-01
                         Error155        9.750208540E-01
                         Error156        9.742000396E-01
                         Error157        9.733824051E-01
                         Error158        9.725679277E-01
                         Error159        9.717565849E-01
                         Error160        9.709483542E-01
                         Error161        9.701432135E-01
                         Error162        9.693411411E-01
                         Error163        9.685421153E-01
                         Error164        9.677461148E-01
                         Error165        9.669531185E-01
                         Error166        9.661631054E-01
                         Error167        9.653760550E-01
                         Error168        9.645919467E-01
                         Error169        9.638107604E-01
                         Error170        9.630324760E-01
                         Error171        9.622570738E-01
                         Error172        9.614845343E-01
                         Error173        9.607148379E-01
                         Error174        9.599479656E-01
                         Error175        9.591838985E-01
                         Error176        9.584226177E-01
                         Error177        9.576641047E-01
                         Error178        9.569083411E-01
                         Error179        9.561553087E-01
                         Error180        9.554049897E-01
                         Error181        9.546573660E-01
                         Error182        9.539124202E-01
                         Error183        9.531701348E-01
                         Error184        9.524304925E-01
                         Error185        9.516934762E-01
                         Error186        9.509590690E-01
                         Error187        9.502272542E-01
                         Error188        9.494980152E-01
                         Error189        9.487713356E-01
                         Error190        9.480471991E-01
                         Error191        9.473255896E-01
                         Error192        9.466064913E-01
                         Error193        9.458898883E-01
                         Error194        9.451757650E-01
                         Error195        9.444641060E-01
                         Error196        9.437548960E-01
                         Error197        9.430481199E-01
                         Error198        9.423437625E-01
                         Error199        9.416418091E-01
                         Error200        9.409422449E-01
                         Error        9.409422449E-01
