-xyz
refined.xyz
-dens
/home/unibas/boittier/RDKit_G2/B.pdb/SCAN_1_2_3_4_S_36_10.0/15_SCAN_1_2_3_4_F/B.d.cube
-esp
/home/unibas/boittier/RDKit_G2/B.pdb/SCAN_1_2_3_4_S_36_10.0/15_SCAN_1_2_3_4_F/B.p.cube
-stepsize
0.2
-n_steps
500
-learning_rate
0.5
   3.6210887525379643        2.4064735528572156       -1.3459517378800721     
   3.3842589944613373      -0.64660209662214929      -0.74775717632960792     
   6.3454445524974705      -0.90460176185558727        4.7465279236236689E-002
   4.0407189979185274      -0.68629984263014665        2.9631673790142581E-002
   3.6095138610046797      -0.15904559556883516       0.67272003339055719     
   2.5326364521334930       -1.4225887199247276       0.34505633939450725     
   1.2885878017774695       -1.2615196731826757        1.1455914983294795     
   2.0487201182420351       -1.2047783990254999        6.3819143009085505E-002
   1.0479465036194120       -1.1143644102892565       0.32996902955881802     
   1.6428811161174171       -3.6748143016095924        1.4677827080068062     
  -2.9594083721638755       -1.9799429126272219      -0.31432518603495513     
  -2.5389400749827136       -1.6268535310756456      -0.13917826467602668     
  -2.0490408513881611      -0.95847908058744247      -0.13648300170915598     
  -2.7188788033922413       -1.7442778178571978      -0.35125200275329194     
 -0.60129754870992458       0.17651353509415121       -3.9882937310593426E-002
  -1.1495135353555792      -0.32931635587648123        7.8303616982272117E-002
 -0.25116766696737236       0.45840654222430932       0.13462061390317337     
 -0.83824928675489119       0.55567256486760030       0.51811768496543986     
  -3.9914255695641034        3.1924741510995851      -0.11719892477381805     
 -0.88236975401485085        1.7294211601577230       0.31700362956414085     
  -1.4588407582266107        1.7737009715003598      -0.22886830010911721     
  -1.9099448175858653        1.6431942768700003        1.5718489747483480E-002
  -1.6577023803341435        1.8215217500282448       0.28268552949513392     
 -0.10900835031879322        4.1946719217901061      -0.11622674767089133     
 -0.20436758614599090        4.1501428542336063       0.17991904467607750     
First
                         Total        4.230081726E-01
Step size:       0.20
Step size in Bohr:       0.38
Learning Rate:       1.00
# Steps:        500
                         Error  1        4.218255842E-01
                         Error  2        4.207347666E-01
                         Error  3        4.197279772E-01
                         Error  4        4.187981058E-01
                         Error  5        4.179386274E-01
                         Error  6        4.171435580E-01
                         Error  7        4.164074135E-01
                         Error  8        4.157251700E-01
                         Error  9        4.150922282E-01
                         Error 10        4.145043786E-01
                         Error 11        4.139577708E-01
                         Error 12        4.134488836E-01
                         Error 13        4.129744983E-01
                         Error 14        4.125316733E-01
                         Error 15        4.121177212E-01
                         Error 16        4.117301870E-01
                         Error 17        4.113668290E-01
                         Error 18        4.110256003E-01
                         Error 19        4.107046321E-01
                         Error 20        4.104022187E-01
                         Error 21        4.101168034E-01
                         Error 22        4.098469651E-01
                         Error 23        4.095914076E-01
                         Error 24        4.093489475E-01
                         Error 25        4.091185053E-01
                         Error 26        4.088990961E-01
                         Error 27        4.086898209E-01
                         Error 28        4.084898598E-01
                         Error 29        4.082984643E-01
                         Error 30        4.081149516E-01
                         Error 31        4.079386985E-01
                         Error 32        4.077691363E-01
                         Error 33        4.076057459E-01
                         Error 34        4.074480535E-01
                         Error 35        4.072956266E-01
                         Error 36        4.071480701E-01
                         Error 37        4.070050234E-01
                         Error 38        4.068661572E-01
                         Error 39        4.067311705E-01
                         Error 40        4.065997885E-01
                         Error 41        4.064717598E-01
                         Error 42        4.063468548E-01
                         Error 43        4.062248635E-01
                         Error 44        4.061055939E-01
                         Error 45        4.059888702E-01
                         Error 46        4.058745316E-01
                         Error 47        4.057624308E-01
                         Error 48        4.056524331E-01
                         Error 49        4.055444149E-01
                         Error 50        4.054382628E-01
                         Error 51        4.053338730E-01
                         Error 52        4.052311502E-01
                         Error 53        4.051300069E-01
                         Error 54        4.050303626E-01
                         Error 55        4.049321435E-01
                         Error 56        4.048352816E-01
                         Error 57        4.047397142E-01
                         Error 58        4.046453837E-01
                         Error 59        4.045522370E-01
                         Error 60        4.044602250E-01
                         Error 61        4.043693024E-01
                         Error 62        4.042794272E-01
                         Error 63        4.041905609E-01
                         Error 64        4.041026673E-01
                         Error 65        4.040157133E-01
                         Error 66        4.039296678E-01
                         Error 67        4.038445022E-01
                         Error 68        4.037601897E-01
                         Error 69        4.036767053E-01
                         Error 70        4.035940257E-01
                         Error 71        4.035121292E-01
                         Error 72        4.034309953E-01
                         Error 73        4.033506051E-01
                         Error 74        4.032709405E-01
                         Error 75        4.031919848E-01
                         Error 76        4.031137219E-01
                         Error 77        4.030361370E-01
                         Error 78        4.029592158E-01
                         Error 79        4.028829451E-01
                         Error 80        4.028073120E-01
                         Error 81        4.027323045E-01
                         Error 82        4.026579111E-01
                         Error 83        4.025841209E-01
                         Error 84        4.025109234E-01
                         Error 85        4.024383087E-01
                         Error 86        4.023662673E-01
                         Error 87        4.022947899E-01
                         Error 88        4.022238677E-01
                         Error 89        4.021534924E-01
                         Error 90        4.020836557E-01
                         Error 91        4.020143497E-01
                         Error 92        4.019455670E-01
                         Error 93        4.018773001E-01
                         Error 94        4.018095419E-01
                         Error 95        4.017422856E-01
                         Error 96        4.016755243E-01
                         Error 97        4.016092517E-01
                         Error 98        4.015434614E-01
                         Error 99        4.014781472E-01
                         Error100        4.014133032E-01
                         Error101        4.013489233E-01
                         Error102        4.012850020E-01
                         Error103        4.012215337E-01
                         Error104        4.011585127E-01
                         Error105        4.010959339E-01
                         Error106        4.010337920E-01
                         Error107        4.009720817E-01
                         Error108        4.009107981E-01
                         Error109        4.008499363E-01
                         Error110        4.007894913E-01
                         Error111        4.007294585E-01
                         Error112        4.006698330E-01
                         Error113        4.006106104E-01
                         Error114        4.005517861E-01
                         Error115        4.004933557E-01
                         Error116        4.004353147E-01
                         Error117        4.003776588E-01
                         Error118        4.003203839E-01
                         Error119        4.002634858E-01
                         Error120        4.002069602E-01
                         Error121        4.001508032E-01
                         Error122        4.000950108E-01
                         Error123        4.000395790E-01
                         Error124        3.999845039E-01
                         Error125        3.999297817E-01
                         Error126        3.998754087E-01
                         Error127        3.998213812E-01
                         Error128        3.997676953E-01
                         Error129        3.997143476E-01
                         Error130        3.996613344E-01
                         Error131        3.996086523E-01
                         Error132        3.995562976E-01
                         Error133        3.995042671E-01
                         Error134        3.994525573E-01
                         Error135        3.994011649E-01
                         Error136        3.993500866E-01
                         Error137        3.992993190E-01
                         Error138        3.992488590E-01
                         Error139        3.991987035E-01
                         Error140        3.991488492E-01
                         Error141        3.990992932E-01
                         Error142        3.990500322E-01
                         Error143        3.990010634E-01
                         Error144        3.989523836E-01
                         Error145        3.989039901E-01
                         Error146        3.988558798E-01
                         Error147        3.988080500E-01
                         Error148        3.987604977E-01
                         Error149        3.987132202E-01
                         Error150        3.986662147E-01
                         Error151        3.986194784E-01
                         Error152        3.985730088E-01
                         Error153        3.985268031E-01
                         Error154        3.984808586E-01
                         Error155        3.984351729E-01
                         Error156        3.983897433E-01
                         Error157        3.983445672E-01
                         Error158        3.982996423E-01
                         Error159        3.982549660E-01
                         Error160        3.982105359E-01
                         Error161        3.981663495E-01
                         Error162        3.981224045E-01
                         Error163        3.980786986E-01
                         Error164        3.980352293E-01
                         Error165        3.979919945E-01
                         Error166        3.979489918E-01
                         Error167        3.979062191E-01
                         Error168        3.978636740E-01
                         Error169        3.978213545E-01
                         Error170        3.977792583E-01
                         Error171        3.977373833E-01
                         Error172        3.976957275E-01
                         Error173        3.976542886E-01
                         Error174        3.976130648E-01
                         Error175        3.975720539E-01
                         Error176        3.975312540E-01
                         Error177        3.974906630E-01
                         Error178        3.974502791E-01
                         Error179        3.974101002E-01
                         Error180        3.973701245E-01
                         Error181        3.973303501E-01
                         Error182        3.972907751E-01
                         Error183        3.972513976E-01
                         Error184        3.972122160E-01
                         Error185        3.971732283E-01
                         Error186        3.971344328E-01
                         Error187        3.970958277E-01
                         Error188        3.970574113E-01
                         Error189        3.970191819E-01
                         Error190        3.969811379E-01
                         Error191        3.969432774E-01
                         Error192        3.969055990E-01
                         Error193        3.968681009E-01
                         Error194        3.968307815E-01
                         Error195        3.967936393E-01
                         Error196        3.967566726E-01
                         Error197        3.967198800E-01
                         Error198        3.966832599E-01
                         Error199        3.966468107E-01
                         Error200        3.966105311E-01
                         Error201        3.965744194E-01
                         Error202        3.965384742E-01
                         Error203        3.965026942E-01
                         Error204        3.964670778E-01
                         Error205        3.964316236E-01
                         Error206        3.963963303E-01
                         Error207        3.963611965E-01
                         Error208        3.963262208E-01
                         Error209        3.962914018E-01
                         Error210        3.962567383E-01
                         Error211        3.962222289E-01
                         Error212        3.961878724E-01
                         Error213        3.961536673E-01
                         Error214        3.961196126E-01
                         Error215        3.960857069E-01
                         Error216        3.960519490E-01
                         Error217        3.960183376E-01
                         Error218        3.959848716E-01
                         Error219        3.959515497E-01
                         Error220        3.959183709E-01
                         Error221        3.958853338E-01
                         Error222        3.958524374E-01
                         Error223        3.958196805E-01
                         Error224        3.957870620E-01
                         Error225        3.957545808E-01
                         Error226        3.957222357E-01
                         Error227        3.956900257E-01
                         Error228        3.956579498E-01
                         Error229        3.956260068E-01
                         Error230        3.955941957E-01
                         Error231        3.955625154E-01
                         Error232        3.955309650E-01
                         Error233        3.954995434E-01
                         Error234        3.954682496E-01
                         Error235        3.954370826E-01
                         Error236        3.954060415E-01
                         Error237        3.953751253E-01
                         Error238        3.953443329E-01
                         Error239        3.953136635E-01
                         Error240        3.952831162E-01
                         Error241        3.952526900E-01
                         Error242        3.952223839E-01
                         Error243        3.951921972E-01
                         Error244        3.951621288E-01
                         Error245        3.951321779E-01
                         Error246        3.951023437E-01
                         Error247        3.950726252E-01
                         Error248        3.950430216E-01
                         Error249        3.950135322E-01
                         Error250        3.949841559E-01
                         Error251        3.949548920E-01
                         Error252        3.949257398E-01
                         Error253        3.948966983E-01
                         Error254        3.948677667E-01
                         Error255        3.948389444E-01
                         Error256        3.948102305E-01
                         Error257        3.947816242E-01
                         Error258        3.947531248E-01
                         Error259        3.947247314E-01
                         Error260        3.946964435E-01
                         Error261        3.946682602E-01
                         Error262        3.946401807E-01
                         Error263        3.946122045E-01
                         Error264        3.945843307E-01
                         Error265        3.945565586E-01
                         Error266        3.945288876E-01
                         Error267        3.945013169E-01
                         Error268        3.944738459E-01
                         Error269        3.944464739E-01
                         Error270        3.944192003E-01
                         Error271        3.943920243E-01
                         Error272        3.943649452E-01
                         Error273        3.943379626E-01
                         Error274        3.943110756E-01
                         Error275        3.942842838E-01
                         Error276        3.942575863E-01
                         Error277        3.942309827E-01
                         Error278        3.942044723E-01
                         Error279        3.941780546E-01
                         Error280        3.941517288E-01
                         Error281        3.941254944E-01
                         Error282        3.940993509E-01
                         Error283        3.940732975E-01
                         Error284        3.940473339E-01
                         Error285        3.940214593E-01
                         Error286        3.939956732E-01
                         Error287        3.939699751E-01
                         Error288        3.939443644E-01
                         Error289        3.939188406E-01
                         Error290        3.938934031E-01
                         Error291        3.938680513E-01
                         Error292        3.938427849E-01
                         Error293        3.938176031E-01
                         Error294        3.937925055E-01
                         Error295        3.937674917E-01
                         Error296        3.937425610E-01
                         Error297        3.937177130E-01
                         Error298        3.936929472E-01
                         Error299        3.936682630E-01
                         Error300        3.936436601E-01
                         Error301        3.936191378E-01
                         Error302        3.935946958E-01
                         Error303        3.935703336E-01
                         Error304        3.935460506E-01
                         Error305        3.935218464E-01
                         Error306        3.934977206E-01
                         Error307        3.934736728E-01
                         Error308        3.934497023E-01
                         Error309        3.934258089E-01
                         Error310        3.934019920E-01
                         Error311        3.933782513E-01
                         Error312        3.933545863E-01
                         Error313        3.933309965E-01
                         Error314        3.933074815E-01
                         Error315        3.932840410E-01
                         Error316        3.932606745E-01
                         Error317        3.932373815E-01
                         Error318        3.932141617E-01
                         Error319        3.931910147E-01
                         Error320        3.931679401E-01
                         Error321        3.931449374E-01
                         Error322        3.931220064E-01
                         Error323        3.930991465E-01
                         Error324        3.930763574E-01
                         Error325        3.930536387E-01
                         Error326        3.930309900E-01
                         Error327        3.930084111E-01
                         Error328        3.929859014E-01
                         Error329        3.929634606E-01
                         Error330        3.929410884E-01
                         Error331        3.929187844E-01
                         Error332        3.928965482E-01
                         Error333        3.928743795E-01
                         Error334        3.928522780E-01
                         Error335        3.928302432E-01
                         Error336        3.928082749E-01
                         Error337        3.927863727E-01
                         Error338        3.927645362E-01
                         Error339        3.927427651E-01
                         Error340        3.927210591E-01
                         Error341        3.926994179E-01
                         Error342        3.926778411E-01
                         Error343        3.926563285E-01
                         Error344        3.926348796E-01
                         Error345        3.926134942E-01
                         Error346        3.925921719E-01
                         Error347        3.925709125E-01
                         Error348        3.925497156E-01
                         Error349        3.925285809E-01
                         Error350        3.925075081E-01
                         Error351        3.924864970E-01
                         Error352        3.924655472E-01
                         Error353        3.924446584E-01
                         Error354        3.924238303E-01
                         Error355        3.924030626E-01
                         Error356        3.923823552E-01
                         Error357        3.923617075E-01
                         Error358        3.923411195E-01
                         Error359        3.923205907E-01
                         Error360        3.923001210E-01
                         Error361        3.922797100E-01
                         Error362        3.922593574E-01
                         Error363        3.922390631E-01
                         Error364        3.922188267E-01
                         Error365        3.921986479E-01
                         Error366        3.921785265E-01
                         Error367        3.921584623E-01
                         Error368        3.921384549E-01
                         Error369        3.921185041E-01
                         Error370        3.920986097E-01
                         Error371        3.920787714E-01
                         Error372        3.920589889E-01
                         Error373        3.920392620E-01
                         Error374        3.920195904E-01
                         Error375        3.919999740E-01
                         Error376        3.919804124E-01
                         Error377        3.919609054E-01
                         Error378        3.919414528E-01
                         Error379        3.919220543E-01
                         Error380        3.919027097E-01
                         Error381        3.918834188E-01
                         Error382        3.918641813E-01
                         Error383        3.918449970E-01
                         Error384        3.918258657E-01
                         Error385        3.918067871E-01
                         Error386        3.917877611E-01
                         Error387        3.917687873E-01
                         Error388        3.917498656E-01
                         Error389        3.917309957E-01
                         Error390        3.917121775E-01
                         Error391        3.916934107E-01
                         Error392        3.916746951E-01
                         Error393        3.916560304E-01
                         Error394        3.916374166E-01
                         Error395        3.916188532E-01
                         Error396        3.916003403E-01
                         Error397        3.915818775E-01
                         Error398        3.915634646E-01
                         Error399        3.915451015E-01
                         Error400        3.915267879E-01
                         Error401        3.915085236E-01
                         Error402        3.914903085E-01
                         Error403        3.914721422E-01
                         Error404        3.914540248E-01
                         Error405        3.914359558E-01
                         Error406        3.914179352E-01
                         Error407        3.913999628E-01
                         Error408        3.913820383E-01
                         Error409        3.913641616E-01
                         Error410        3.913463324E-01
                         Error411        3.913285507E-01
                         Error412        3.913108162E-01
                         Error413        3.912931287E-01
                         Error414        3.912754880E-01
                         Error415        3.912578940E-01
                         Error416        3.912403465E-01
                         Error417        3.912228453E-01
                         Error418        3.912053902E-01
                         Error419        3.911879810E-01
                         Error420        3.911706176E-01
                         Error421        3.911532998E-01
                         Error422        3.911360274E-01
                         Error423        3.911188003E-01
                         Error424        3.911016182E-01
                         Error425        3.910844811E-01
                         Error426        3.910673887E-01
                         Error427        3.910503408E-01
                         Error428        3.910333374E-01
                         Error429        3.910163782E-01
                         Error430        3.909994631E-01
                         Error431        3.909825919E-01
                         Error432        3.909657644E-01
                         Error433        3.909489805E-01
                         Error434        3.909322401E-01
                         Error435        3.909155429E-01
                         Error436        3.908988888E-01
                         Error437        3.908822777E-01
                         Error438        3.908657094E-01
                         Error439        3.908491837E-01
                         Error440        3.908327006E-01
                         Error441        3.908162597E-01
                         Error442        3.907998611E-01
                         Error443        3.907835044E-01
                         Error444        3.907671897E-01
                         Error445        3.907509167E-01
                         Error446        3.907346853E-01
                         Error447        3.907184953E-01
                         Error448        3.907023466E-01
                         Error449        3.906862390E-01
                         Error450        3.906701725E-01
                         Error451        3.906541468E-01
                         Error452        3.906381619E-01
                         Error453        3.906222175E-01
                         Error454        3.906063135E-01
                         Error455        3.905904499E-01
                         Error456        3.905746263E-01
                         Error457        3.905588429E-01
                         Error458        3.905430992E-01
                         Error459        3.905273954E-01
                         Error460        3.905117311E-01
                         Error461        3.904961063E-01
                         Error462        3.904805208E-01
                         Error463        3.904649746E-01
                         Error464        3.904494674E-01
                         Error465        3.904339991E-01
                         Error466        3.904185697E-01
                         Error467        3.904031789E-01
                         Error468        3.903878267E-01
                         Error469        3.903725128E-01
                         Error470        3.903572373E-01
                         Error471        3.903419999E-01
                         Error472        3.903268006E-01
                         Error473        3.903116392E-01
                         Error474        3.902965155E-01
                         Error475        3.902814295E-01
                         Error476        3.902663811E-01
                         Error477        3.902513700E-01
                         Error478        3.902363963E-01
                         Error479        3.902214597E-01
                         Error480        3.902065601E-01
                         Error481        3.901916975E-01
                         Error482        3.901768716E-01
                         Error483        3.901620825E-01
                         Error484        3.901473299E-01
                         Error485        3.901326137E-01
                         Error486        3.901179339E-01
                         Error487        3.901032903E-01
                         Error488        3.900886828E-01
                         Error489        3.900741113E-01
                         Error490        3.900595756E-01
                         Error491        3.900450757E-01
                         Error492        3.900306115E-01
                         Error493        3.900161827E-01
                         Error494        3.900017894E-01
                         Error495        3.899874313E-01
                         Error496        3.899731085E-01
                         Error497        3.899588207E-01
                         Error498        3.899445679E-01
                         Error499        3.899303500E-01
                         Error500        3.899161668E-01
                         Error        3.899161668E-01
