-xyz
refined.xyz
-dens
/home/unibas/boittier/RDKit_G2/B.pdb/SCAN_1_2_3_4_S_36_10.0/20_SCAN_1_2_3_4_F/B.d.cube
-esp
/home/unibas/boittier/RDKit_G2/B.pdb/SCAN_1_2_3_4_S_36_10.0/20_SCAN_1_2_3_4_F/B.p.cube
-stepsize
0.2
-n_steps
1
-learning_rate
0.5
   4.5857294403296622       0.30259915016479561      -0.26933898349685426     
   2.2293849191026038        2.1183790905990354       0.84868883304658782     
   3.6110988159071087        4.6928094915848737        3.3360930001989648E-002
   2.2403303789735447        2.8787925946120581       -2.0609577944714555E-004
   2.0846163018602799        2.3518689413028619      -0.60490600867326139     
  0.59019516146576234        2.3207007018573287       -1.2941037779182713E-003
  0.72343506200749363        1.0818436117054278        1.0563312395903088     
  0.63102894579818325        1.7606253194740333      -0.14964935716366398     
  0.55982447106671185       0.74064036820334800       0.15359788385959217     
  -1.6821564158460676        3.1273640347202245       0.49284971617994844     
   1.8777949691289355       -3.5604533175669619      -0.17988621789938464     
   1.4415105997310382       -3.0696255354500184        2.5324764359078895E-002
  0.73148921180987991       -2.6721769139793561       -9.8746777421948422E-003
   1.5965944275264785       -3.2960733043676309      -0.23904386393302882     
 -0.54734088051808261       -1.1852453135176939       -8.0822096108350727E-002
   7.0842504191239497E-002  -1.7249434682538460       0.16950492445045603     
 -0.90916757669188841      -0.81613547653771490       0.15867325584776301     
 -0.86852101156129291       -1.3868410357502996       0.65029607675653978     
  -5.4933602869821501       0.17909186559179760      -0.30714013264999601     
  -2.0725007405627904       -1.5721485239594053       0.41718037930720514     
  -2.8228643120691141      -0.46603180452006859       0.44789250840863254     
  -3.0756773981769827      -0.18064150258201800       -4.2647633255760743E-002
  -2.9807375038666537      -0.61612101761605487      -0.18196971914935958     
  -3.6535605391655412       -3.0119668142463532        1.4166397457479527     
  -3.6239890731050690       -3.0094456166807340        1.0860685296151855     
First
                         Total        3.725996295E+00
Step size:       0.20
Step size in Bohr:       0.38
Learning Rate:       1.00
# Steps:          1
                         Error  1        3.703979210E+00
                         Error        3.703979210E+00
