-xyz
refined.xyz
-dens
/home/unibas/boittier/RDKit_G2/B.pdb/SCAN_1_2_3_4_S_36_10.0/17_SCAN/B.d.cube
-esp
/home/unibas/boittier/RDKit_G2/B.pdb/SCAN_1_2_3_4_S_36_10.0/17_SCAN/B.p.cube
-stepsize
0.2
-n_steps
10
-learning_rate
0.5
   4.0142576975233997        2.9506972368083759      -0.52825499927038966     
   3.4970362221330351      -0.64747996216093517      -0.65245741948326930     
   3.7384093185528737      -0.71683879131825201        2.5659971708465332E-002
   6.2610933118204208       -1.1255776074316903        9.8955377245093193E-002
   3.4933001867928142      -0.50695507995407174       0.61062910444511442     
   1.7456376833809661      -0.32421929070876421        6.5696793137858577E-003
   1.4486963948537179       -2.7358915351807057E-002   6.0347992498183817E-003
   1.8759634326634269       -2.6063941220431595       0.34195648049544108     
   1.8917066668444267       -2.5448068849761785       0.86858961973703330     
   1.9516605725904279       -2.7142244264834727      -0.15908005330091513     
  -3.4357565886885633       -2.3281878831034506        4.6877694013089763E-002
  -2.8184830189923287       -1.7445381177346011        3.9155827117092964E-003
 -0.74094779209595862       0.75894714170241062       0.70195662039889584     
 -0.43147526587153645       0.91992284194439089       0.48862611763524699     
  -1.0323220861780276       0.93119527987684070      -0.57876227552737369     
  -1.4949122584724333      -0.20147253767631357       0.14426557197142628     
  -4.2565813129050456        3.2604193806904127       -9.7344413333822211E-002
  -2.0052054377026551        2.0936281053165215       -1.7678978591743558E-002
  -1.7988136203740135        2.0241955169471186       0.66051167295723878     
  -1.8319925669365866        2.1632685471473359      -0.69645218779744744     
  0.37326584562285986        4.2369777271894833       0.26018238093383617     
First
                         Total        3.977907541E-01
Step size:       0.20
Step size in Bohr:       0.38
Learning Rate:       1.00
# Steps:         10
                         Error  1        3.971194401E-01
                         Error  2        3.964894684E-01
                         Error  3        3.958979512E-01
                         Error  4        3.953422016E-01
                         Error  5        3.948197206E-01
                         Error  6        3.943281842E-01
                         Error  7        3.938654322E-01
                         Error  8        3.934294569E-01
                         Error  9        3.930183927E-01
                         Error 10        3.926305066E-01
                         Error        3.926305066E-01
