-xyz
refined.xyz
-dens
/home/unibas/boittier/RDKit_G2/B.pdb/SCAN_1_2_3_4_S_36_-10.0/11_SCAN_1_2_3_4_F/B.d.cube
-esp
/home/unibas/boittier/RDKit_G2/B.pdb/SCAN_1_2_3_4_S_36_-10.0/11_SCAN_1_2_3_4_F/B.p.cube
-stepsize
0.2
-n_steps
50
-learning_rate
0.5
  -3.3260841639878658        1.5790825774788979       -2.6489500971630409     
  -3.5446348036369986       0.62126098686175035       0.44549870437341937     
  -6.3862705773110342      -0.33061199129511637        7.8604927817841397E-002
  -4.0997346770807921      -0.38356014084933288       0.14589789890930471     
  -3.5186435180689917      -0.63036863724527725      -0.35365744878596739     
  -2.6691544347310092      -0.64696144916850640        1.3443005284191876     
  -1.8532746667528159      -0.68251128128742589      -0.13457666373462121     
  -2.1037079453369292      -0.70276504666215311        1.2031795212652163     
  -1.2441939238377080      -0.71720123647858092       0.66671719362354587     
  -2.0224746025599321       -2.0963943980482824        3.0763701350142756     
   2.6528461260046585       -2.5050976644059220      -0.49992742521990846     
   2.2382016030585339       -1.9864637597989947      -0.50942542113049616     
   1.9600080427218114       -1.2480603478388395      -0.26389917017837683     
   2.4989028285658881       -2.2021000844603518      -0.35078681336315831     
  0.76727683631808619       0.25115544109202331       0.38592685895558637     
   1.1075518659859389      -0.37783814046354591       -5.7157068072310149E-002
  0.38752742590575584       0.64747680967818977       0.34846845266473314     
  0.78008763704159090       0.65821887810373325      -0.31017460913337125     
   4.4853150635147037        2.5616302875136352      -0.51299464645148318     
   1.1979372227904204        1.7704481907064809       0.12807428809450830     
   1.9950052718025615        1.5898779168742749       0.45685973699559107     
   2.3162726454693625        1.4669210253040719       -3.5493869053561861E-002
   2.0003207435938597        1.7540234294641388      -0.17597998831752015     
   1.2105759215423688        4.2035826700042858        1.2917878754823597     
   1.1910634994629958        4.1546287032567673       0.96636024943028120     
First
                         Total        6.108463696E-01
Step size:       0.20
Step size in Bohr:       0.38
Learning Rate:       1.00
# Steps:         50
                         Error  1        6.091634220E-01
                         Error  2        6.075522196E-01
                         Error  3        6.060075201E-01
                         Error  4        6.045244811E-01
                         Error  5        6.030986307E-01
                         Error  6        6.017258408E-01
                         Error  7        6.004023017E-01
                         Error  8        5.991244983E-01
                         Error  9        5.978891882E-01
                         Error 10        5.966933810E-01
                         Error 11        5.955343192E-01
                         Error 12        5.944094605E-01
                         Error 13        5.933164611E-01
                         Error 14        5.922531606E-01
                         Error 15        5.912175676E-01
                         Error 16        5.902078465E-01
                         Error 17        5.892223056E-01
                         Error 18        5.882593855E-01
                         Error 19        5.873176490E-01
                         Error 20        5.863957711E-01
                         Error 21        5.854925306E-01
                         Error 22        5.846068015E-01
                         Error 23        5.837375454E-01
                         Error 24        5.828838050E-01
                         Error 25        5.820446971E-01
                         Error 26        5.812194069E-01
                         Error 27        5.804071827E-01
                         Error 28        5.796073307E-01
                         Error 29        5.788192102E-01
                         Error 30        5.780422296E-01
                         Error 31        5.772758425E-01
                         Error 32        5.765195437E-01
                         Error 33        5.757728664E-01
                         Error 34        5.750353787E-01
                         Error 35        5.743066809E-01
                         Error 36        5.735864032E-01
                         Error 37        5.728742028E-01
                         Error 38        5.721697622E-01
                         Error 39        5.714727868E-01
                         Error 40        5.707830035E-01
                         Error 41        5.701001583E-01
                         Error 42        5.694240155E-01
                         Error 43        5.687543558E-01
                         Error 44        5.680909750E-01
                         Error 45        5.674336831E-01
                         Error 46        5.667823028E-01
                         Error 47        5.661366687E-01
                         Error 48        5.654966262E-01
                         Error 49        5.648620307E-01
                         Error 50        5.642327472E-01
                         Error        5.642327472E-01
