-xyz
refined.xyz
-dens
../../cube_files/acrolein/12_SCAN_1_2_6_8_F/O.d.cube
-esp
../../cube_files/acrolein/12_SCAN_1_2_6_8_F/O.p.cube
-stepsize
0.2
-n_steps
1
-learning_rate
0.5
  -4.4184731015503322        7.5966378542015503E-002  0.80914868502802295     
  -4.0766988756067857       0.20941556938562864       0.68643204818012049     
  -3.0686753847250250        3.5610218057204306       0.32954098545118171     
  -3.0436290752884330        3.3668296549526686       0.35986885706577570     
  -2.1557660985508682        1.3918568711427719       0.14009845005829244     
  -1.8095049454503203        2.0953896364275852        2.7049597714269607E-002
  -2.9774851729939216        2.0068707639884780       0.41561138648814705     
  -2.5508865035941732       0.40539772058035972       0.24889577662452134     
 -0.87155134391900024        1.4531561864651270      -0.30520238535800098     
  -1.1144647256923903       0.17209489080660942      -0.13375158594984266     
  -1.1702473815878163       0.45218333939210714        3.6998882341272308E-003
 -0.86249762892091808       0.79414143842823048      -0.19239369884040361     
  -6.8074032860590494E-002  0.15614076740087030      -0.38790939852840939     
  -7.0784527701982222E-002   9.8879462241086805E-002 -0.41565183369944120     
  -1.3937147586793306       0.41794201267060643      -0.65957964451849038     
  -1.4953122163971890       -2.9995569904976671       0.58031222797503756     
  -1.5608666571761822       -3.0768708534680997       -3.3236161802287688E-002
  -1.6872804453693004       -3.0662277200362098      -0.31423628906341239     
  0.81079287905781183       -1.6744309110077911      -0.59933214640913968     
   2.4813150098807562      -0.28380537677544482       0.24177831358474458     
   3.3640094790666542       0.79374163263649467       0.45887745173738659     
   3.6801061982503649       0.44211214396539689       0.48428313982632964     
   3.7709014411033039      -0.23077641865711734       0.45468168142030863     
First
                         Total        2.210328138E+01
Step size:       0.20
Step size in Bohr:       0.38
Learning Rate:       1.00
# Steps:          1
                         Error  1        2.204841399E+01
                         Error        2.204841399E+01
