-xyz
refined.xyz
-dens
/home/unibas/boittier/RDKit_G2/B.pdb/SCAN_1_2_3_4_S_36_10.0/18_SCAN_1_2_3_4_F/B.d.cube
-esp
/home/unibas/boittier/RDKit_G2/B.pdb/SCAN_1_2_3_4_S_36_10.0/18_SCAN_1_2_3_4_F/B.p.cube
-stepsize
0.2
-n_steps
50
-learning_rate
0.5
   3.8424900117083252        2.6788796689527583       -2.2722266760423566E-002
   3.4791511113631888      -0.38877913781447726      -0.78952102472238705     
   6.3212241887360099       -1.0935854358746167       -3.2067821521504412E-002
   4.0603388970892977      -0.81874247590969895        6.8805596086611985E-005
   3.6052877920189279      -0.47711197078537482       0.70153839974976218     
   2.5676959713848260       -1.5155344162960402      -0.19635646618447525     
   1.4118024857167588       -1.2810410097444540       0.91539187507359654     
   2.0341245865840500       -1.3563043692844461      -0.32799891589699098     
   1.0529466118224073       -1.2202852093028276        4.3707130353596142E-002
   1.5420243123600286       -3.8683907709546541        1.7992108931753289E-002
  -3.2565418999626639       -2.0222483485460523       -9.9416348915751778E-003
  -2.7625341822522040       -1.6116838675274017       0.13793395591103583     
  -2.2651826241777053      -0.95807774012538205        1.2309550242531988E-002
  -3.0074802069605187       -1.7634470171598489       -9.4664024693810231E-002
 -0.64822923482339889       0.21761518530898569      -0.20921965182620417     
  -1.2316461674614489      -0.31410062262761290        9.2054366139797436E-002
 -0.23670825655658106       0.51309361152907262       -3.8961870732457361E-002
 -0.77237727154772562       0.62098040049342551       0.47261286422880749     
  -3.9283818452413826        3.2701406747952695        4.0996476369186158E-002
 -0.82820663807228756        1.8029477043710405       0.13948026242727746     
  -1.5137920123379438        1.8166731759396648      -0.38503640109568155     
  -1.9745003922151412        1.7479548431988858       -1.9214308077759458E-002
  -1.6573518402723559        1.9359821711027463       0.23457544449321438     
  -3.8063895795000295E-002   4.2452389302289211      -0.69228875240476107     
 -0.14479156732960183        4.1852300581874582      -0.37940027219563011     
First
                         Total        6.010092989E-01
Step size:       0.20
Step size in Bohr:       0.38
Learning Rate:       1.00
# Steps:         50
                         Error  1        5.991008177E-01
                         Error  2        5.972806199E-01
                         Error  3        5.955414244E-01
                         Error  4        5.938765751E-01
                         Error  5        5.922799892E-01
                         Error  6        5.907461107E-01
                         Error  7        5.892698658E-01
                         Error  8        5.878466228E-01
                         Error  9        5.864721543E-01
                         Error 10        5.851426031E-01
                         Error 11        5.838544503E-01
                         Error 12        5.826044859E-01
                         Error 13        5.813897823E-01
                         Error 14        5.802076694E-01
                         Error 15        5.790557125E-01
                         Error 16        5.779316909E-01
                         Error 17        5.768335800E-01
                         Error 18        5.757595329E-01
                         Error 19        5.747078654E-01
                         Error 20        5.736770415E-01
                         Error 21        5.726656597E-01
                         Error 22        5.716724414E-01
                         Error 23        5.706962197E-01
                         Error 24        5.697359297E-01
                         Error 25        5.687905990E-01
                         Error 26        5.678593396E-01
                         Error 27        5.669413402E-01
                         Error 28        5.660358593E-01
                         Error 29        5.651422192E-01
                         Error 30        5.642597996E-01
                         Error 31        5.633880333E-01
                         Error 32        5.625264007E-01
                         Error 33        5.616744259E-01
                         Error 34        5.608316724E-01
                         Error 35        5.599977400E-01
                         Error 36        5.591722612E-01
                         Error 37        5.583548985E-01
                         Error 38        5.575453413E-01
                         Error 39        5.567433040E-01
                         Error 40        5.559485233E-01
                         Error 41        5.551607564E-01
                         Error 42        5.543797793E-01
                         Error 43        5.536053849E-01
                         Error 44        5.528373814E-01
                         Error 45        5.520755912E-01
                         Error 46        5.513198496E-01
                         Error 47        5.505700034E-01
                         Error 48        5.498259101E-01
                         Error 49        5.490874370E-01
                         Error 50        5.483544601E-01
                         Error        5.483544601E-01
