-xyz
refined.xyz
-dens
/home/unibas/boittier/RDKit_G2/B.pdb/SCAN_1_2_3_4_S_36_10.0/20_SCAN/B.d.cube
-esp
/home/unibas/boittier/RDKit_G2/B.pdb/SCAN_1_2_3_4_S_36_10.0/20_SCAN/B.p.cube
-stepsize
0.2
-n_steps
100
-learning_rate
0.5
  -3.6857619432022970        2.7012415778760670      -0.37452980807662678     
  -3.0821037290750990      -0.10061741998876336       0.52389723056068727     
  -2.8044834518134807       0.22856052121818465      -0.41466550592019163     
  -5.7557801255570800       -1.2437946206368196       0.11358075994860756     
  -2.8965530844272496       -8.0273001059403305E-003 -0.66554580457251389     
 -0.93699585708092081       -1.2111443460808062      -0.15178597061658475     
  -1.4025140616519620       -3.7846876281475192       0.45309075078884214     
  -2.3736731620017344       -1.8737793602730510        6.5561234628497264E-002
  -1.8096483402790462       -1.5154890093938607        1.0567841226233356E-002
   1.3611481031225114        1.6743581792153921      -0.11758119526027321     
   1.3073303342850899        1.8580728900198598      -0.13828714411549886     
  0.97376963990169463        3.2747588677885098       0.10240364019703184     
  0.99087310468329626        2.5435142041942052        9.4579985539034656E-002
  0.98877470423158964      -0.76375495744884658      -0.14128900408236528     
   1.1937861937926268      -0.42767547632419489      -0.45289455024526404     
   1.5107223418545457      -0.48473438774365307       0.77904116570162973     
   1.1386426818122026       0.64814281503688831       -6.7135743735636405E-004
   2.8142710422674879       -1.0263141217011555       -1.0530325308523609     
   2.9035161241482097      -0.98806075399417381       0.84225631640494736     
   5.2330015970312367       -1.7700882310274489E-003 -0.17261514570234715     
   3.2246770040609563       -3.5974352831869356      -0.13435555205997302     
First
                         Total        7.387271952E+00
Step size:       0.20
Step size in Bohr:       0.38
Learning Rate:       1.00
# Steps:        100
                         Error  1        7.336516976E+00
                         Error  2        7.286057614E+00
                         Error  3        7.235897707E+00
                         Error  4        7.186041111E+00
                         Error  5        7.136491692E+00
                         Error  6        7.087253324E+00
                         Error  7        7.038329889E+00
                         Error  8        6.989725270E+00
                         Error  9        6.941443352E+00
                         Error 10        6.893488018E+00
                         Error 11        6.845863144E+00
                         Error 12        6.798572599E+00
                         Error 13        6.751620241E+00
                         Error 14        6.705009912E+00
                         Error 15        6.658745435E+00
                         Error 16        6.612830612E+00
                         Error 17        6.567269218E+00
                         Error 18        6.522064999E+00
                         Error 19        6.477221668E+00
                         Error 20        6.432742900E+00
                         Error 21        6.388632326E+00
                         Error 22        6.344893533E+00
                         Error 23        6.301530058E+00
                         Error 24        6.258545381E+00
                         Error 25        6.215942924E+00
                         Error 26        6.173726044E+00
                         Error 27        6.131898031E+00
                         Error 28        6.090462100E+00
                         Error 29        6.049421388E+00
                         Error 30        6.008778950E+00
                         Error 31        5.968537752E+00
                         Error 32        5.928700669E+00
                         Error 33        5.889270477E+00
                         Error 34        5.850249852E+00
                         Error 35        5.811641362E+00
                         Error 36        5.773447464E+00
                         Error 37        5.735670497E+00
                         Error 38        5.698312682E+00
                         Error 39        5.661376113E+00
                         Error 40        5.624862755E+00
                         Error 41        5.588774439E+00
                         Error 42        5.553112859E+00
                         Error 43        5.517879565E+00
                         Error 44        5.483075962E+00
                         Error 45        5.448703308E+00
                         Error 46        5.414762705E+00
                         Error 47        5.381255099E+00
                         Error 48        5.348181280E+00
                         Error 49        5.315541873E+00
                         Error 50        5.283337339E+00
                         Error 51        5.251567975E+00
                         Error 52        5.220233906E+00
                         Error 53        5.189335088E+00
                         Error 54        5.158871307E+00
                         Error 55        5.128842172E+00
                         Error 56        5.099247123E+00
                         Error 57        5.070085422E+00
                         Error 58        5.041356158E+00
                         Error 59        5.013058247E+00
                         Error 60        4.985190430E+00
                         Error 61        4.957751274E+00
                         Error 62        4.930739176E+00
                         Error 63        4.904152361E+00
                         Error 64        4.877988887E+00
                         Error 65        4.852246644E+00
                         Error 66        4.826923357E+00
                         Error 67        4.802016592E+00
                         Error 68        4.777523754E+00
                         Error 69        4.753442093E+00
                         Error 70        4.729768707E+00
                         Error 71        4.706500547E+00
                         Error 72        4.683634419E+00
                         Error 73        4.661166989E+00
                         Error 74        4.639094787E+00
                         Error 75        4.617414215E+00
                         Error 76        4.596121546E+00
                         Error 77        4.575212933E+00
                         Error 78        4.554684415E+00
                         Error 79        4.534531919E+00
                         Error 80        4.514751267E+00
                         Error 81        4.495338184E+00
                         Error 82        4.476288298E+00
                         Error 83        4.457597152E+00
                         Error 84        4.439260206E+00
                         Error 85        4.421272842E+00
                         Error 86        4.403630375E+00
                         Error 87        4.386328051E+00
                         Error 88        4.369361061E+00
                         Error 89        4.352724541E+00
                         Error 90        4.336413579E+00
                         Error 91        4.320423223E+00
                         Error 92        4.304748484E+00
                         Error 93        4.289384342E+00
                         Error 94        4.274325754E+00
                         Error 95        4.259567655E+00
                         Error 96        4.245104967E+00
                         Error 97        4.230932600E+00
                         Error 98        4.217045463E+00
                         Error 99        4.203438463E+00
                         Error100        4.190106513E+00
                         Error        4.190106513E+00
