-xyz
refined.xyz
-dens
../../cube_files/fbutone/8_SCAN_1_2_6_8_F/N.d.cube
-esp
../../cube_files/fbutone/8_SCAN_1_2_6_8_F/N.p.cube
-stepsize
0.2
-n_steps
100
-learning_rate
0.5
  -5.0223961917177471       -2.3585951887170813       0.97418735701993286     
  -4.2268965532133995       -1.4812997242503989      -0.12751639679149562     
  -4.8761126664274617       -1.8653445026867981      -0.85063891917684464     
  -5.2697982539317216       -2.6642919438286903       -1.7162145761787730     
  -6.9905081918280230      -0.26861901178159969        1.2555782444149259     
  -4.0067296459118147       -3.0090989567527595        1.8382918286505194     
  -4.4418814373613520       -2.3993324145169339        1.2503109531212415     
  -3.5557924053311907        2.7094397486908455       0.31775986722012817     
  -2.5615064469861175        2.8832665092145899      -0.12632904592737512     
  -3.0678659949370397        2.8715612541413611       0.12816693461758519     
  -3.4409291401352093       0.14766717292611806       -6.2869623783580270E-002
  -2.1734456476224704       0.66453290557567390      -0.58262481657629517     
 -0.67120051272682557       -1.0902425043958244       -2.3836815779508997     
 -0.89274483649117420       -1.4969473256218897       -1.4944164720346063     
  -6.3986483313431722E-002  0.21444808912993224       -3.5125000460431286     
  -7.2033042273746947E-002  0.17904846329837112       -3.3112480281640901     
 -0.36136823254402906       -2.4899603575748577       -1.7595419469853437     
 -0.24682197488879759       -2.6368772999903656       -1.1127094284447154     
 -0.31179155827842958       -2.1907253354230725       -1.9396699020884498     
   1.2410522055931805      -0.34839273540688831       0.67771190164597439     
   1.5932887896291918       0.71958756057198958        5.2263645479177674E-002
   2.3920345387590638        1.5146493231174778       0.18975972008362715     
   2.4103331023998025        1.8410758052778615       0.14833934668612531     
   3.3703316998035753      -0.79668949911257581      -0.73478401046749575     
   4.5430979469353545       -1.4717475851710906       -1.3340750157572396     
   4.0187265162334711       -1.3267258819662875       -1.2589613904682115     
   4.3305668967024058       -1.2948275280866686       -1.1068172254994477     
   1.7827749487893227       -1.3115497641507101        3.2497120070191801     
   2.0360438528520355      -0.69291359885248771        1.8072983381859438     
   1.8598255826551160       -1.0550201350396131        2.5248803002744706     
First
                         Total        1.603187072E+00
Step size:       0.20
Step size in Bohr:       0.38
Learning Rate:       1.00
# Steps:        100
                         Error  1        1.578652804E+00
                         Error  2        1.554884492E+00
                         Error  3        1.531864763E+00
                         Error  4        1.509575762E+00
                         Error  5        1.487999225E+00
                         Error  6        1.467116551E+00
                         Error  7        1.446908868E+00
                         Error  8        1.427357102E+00
                         Error  9        1.408442047E+00
                         Error 10        1.390144422E+00
                         Error 11        1.372444940E+00
                         Error 12        1.355324360E+00
                         Error 13        1.338763543E+00
                         Error 14        1.322743503E+00
                         Error 15        1.307245455E+00
                         Error 16        1.292250859E+00
                         Error 17        1.277741456E+00
                         Error 18        1.263699307E+00
                         Error 19        1.250106824E+00
                         Error 20        1.236946795E+00
                         Error 21        1.224202413E+00
                         Error 22        1.211857294E+00
                         Error 23        1.199895492E+00
                         Error 24        1.188301519E+00
                         Error 25        1.177060349E+00
                         Error 26        1.166157431E+00
                         Error 27        1.155578691E+00
                         Error 28        1.145310538E+00
                         Error 29        1.135339863E+00
                         Error 30        1.125654034E+00
                         Error 31        1.116240902E+00
                         Error 32        1.107088784E+00
                         Error 33        1.098186466E+00
                         Error 34        1.089523191E+00
                         Error 35        1.081088651E+00
                         Error 36        1.072872975E+00
                         Error 37        1.064866723E+00
                         Error 38        1.057060869E+00
                         Error 39        1.049446793E+00
                         Error 40        1.042016267E+00
                         Error 41        1.034761443E+00
                         Error 42        1.027674838E+00
                         Error 43        1.020749325E+00
                         Error 44        1.013978116E+00
                         Error 45        1.007354750E+00
                         Error 46        1.000873081E+00
                         Error 47        9.945272640E-01
                         Error 48        9.883117433E-01
                         Error 49        9.822212391E-01
                         Error 50        9.762507357E-01
                         Error 51        9.703954696E-01
                         Error 52        9.646509180E-01
                         Error 53        9.590127872E-01
                         Error 54        9.534770019E-01
                         Error 55        9.480396947E-01
                         Error 56        9.426971958E-01
                         Error 57        9.374460231E-01
                         Error 58        9.322828729E-01
                         Error 59        9.272046108E-01
                         Error 60        9.222082630E-01
                         Error 61        9.172910078E-01
                         Error 62        9.124501678E-01
                         Error 63        9.076832021E-01
                         Error 64        9.029876994E-01
                         Error 65        8.983613704E-01
                         Error 66        8.938020418E-01
                         Error 67        8.893076498E-01
                         Error 68        8.848762339E-01
                         Error 69        8.805059316E-01
                         Error 70        8.761949727E-01
                         Error 71        8.719416741E-01
                         Error 72        8.677444354E-01
                         Error 73        8.636017336E-01
                         Error 74        8.595121194E-01
                         Error 75        8.554742128E-01
                         Error 76        8.514866989E-01
                         Error 77        8.475483247E-01
                         Error 78        8.436578953E-01
                         Error 79        8.398142707E-01
                         Error 80        8.360163626E-01
                         Error 81        8.322631315E-01
                         Error 82        8.285535841E-01
                         Error 83        8.248867702E-01
                         Error 84        8.212617808E-01
                         Error 85        8.176777455E-01
                         Error 86        8.141338300E-01
                         Error 87        8.106292347E-01
                         Error 88        8.071631923E-01
                         Error 89        8.037349658E-01
                         Error 90        8.003438474E-01
                         Error 91        7.969891562E-01
                         Error 92        7.936702372E-01
                         Error 93        7.903864595E-01
                         Error 94        7.871372150E-01
                         Error 95        7.839219175E-01
                         Error 96        7.807400008E-01
                         Error 97        7.775909182E-01
                         Error 98        7.744741414E-01
                         Error 99        7.713891589E-01
                         Error100        7.683354759E-01
                         Error        7.683354759E-01
