-xyz
refined.xyz
-dens
/home/unibas/boittier/RDKit_G2/B.pdb/SCAN_1_2_3_4_S_36_-10.0/36_SCAN/B.d.cube
-esp
/home/unibas/boittier/RDKit_G2/B.pdb/SCAN_1_2_3_4_S_36_-10.0/36_SCAN/B.p.cube
-stepsize
0.2
-n_steps
0
-learning_rate
0.5
  -3.7591639169806177        2.6987237471114449        8.7960338621216466E-002
  -3.0866864350073597      -0.18826619371868630       0.55282538604221465     
  -2.8369302113322079       0.26295758877711023      -0.34374103261129196     
  -5.7531863387033200       -1.3211788311558452        1.9286459704055799E-002
  -2.9327453440668938        5.9129557197912387E-002 -0.62117575634302391     
 -0.91123962373316136       -1.2393000656969215      -0.23851060161999740     
  -1.3798938086504053       -3.8204935792384100       -3.2931197036386729E-002
  -2.3493180996377867       -1.9159802210016244       -7.5449592934123094E-002
  -1.7876990963630142       -1.5519107713510054      -0.11086618907493456     
   1.3575828627681896        1.6816847277662057      -0.15925307761042609     
   1.3032248839869951        1.8640126508934920      -0.18884444285490246     
  0.94464665257003932        3.2857528826044478       -1.2684381888330685E-002
  0.96820870435181061        2.5543861684507112        4.3842321198410347E-003
   1.0084583467825201      -0.76942513857870332      -0.14820661966405801     
   1.2241740873437525      -0.43566086026174788      -0.45682260868455909     
   1.4847373563919100      -0.46820018679619696       0.79141535074529890     
   1.1365393549975886       0.64743644886244056       -2.4499786808017000E-002
   2.8874252644084417       -1.0207638281506402      -0.97207124997228089     
   2.8896695706199940      -0.94877828367588124       0.92539090899618426     
   5.2501296133718087        6.0971222538895579E-002  -9.6199718945447763E-004
   3.2981892333507612       -3.5733989140508484        1.0290887011864334E-002
First
                         Total        3.878213088E-01
Step size:       0.20
Step size in Bohr:       0.38
Learning Rate:       1.00
# Steps:          0
                         Error        3.878213088E-01
