-xyz
refined.xyz
-dens
/home/unibas/boittier/RDKit_G2/B.pdb/SCAN_1_2_3_4_S_36_10.0/26_SCAN/B.d.cube
-esp
/home/unibas/boittier/RDKit_G2/B.pdb/SCAN_1_2_3_4_S_36_10.0/26_SCAN/B.p.cube
-stepsize
0.2
-n_steps
10
-learning_rate
0.5
  -3.3100438805386481        1.4052186499690928       -3.0703120339224346     
  -3.1602436707901389       0.70915222376749854      -0.17660801395400255     
  -2.7619069020309053       0.10620996330808430      -0.83534232983013690     
  -5.9270464644611263      -0.12959005462229234       0.22059420837077501     
  -2.8722143613786839      -0.24403239282529873      -0.85614461787247331     
  -1.1606206379101387       -3.0598141319534422E-002  0.98531539162577375     
  -2.0280261806209432       -1.3346021750850610        3.1573691968460569     
  -2.7172932829614793      -0.23837841629430992        1.2668103036121710     
  -2.0619992453511156      -0.16568844850737835        1.1141637112256781     
   2.1127337259885666       -1.2928480157098521      -0.13268570589906503     
   2.1755217528848103       -1.4522332831611315      -0.13993066497212373     
   2.4855781455015036       -2.8694051385805937      -0.47333742617153318     
   2.1702673150520289       -2.2074190260139019      -0.37571853733905730     
  0.67244746456276316       0.63443431984178855       0.37831108362903337     
   1.0942478196099557       0.48928794633797357       0.55860093760065077     
  0.94401261344533971       0.70114325037783487      -0.68553566030340818     
   1.4047712731858875      -0.50896056734462347       -2.2869686260873573E-002
   2.3289463458063477        1.7177438676009160       0.97737265596705880     
   1.8967183412013948        1.8561400632802860      -0.86510394406193358     
   4.6059248504007702        2.0802712885165344      -0.56793953762888871     
   1.2409631156366490        4.1886254531404408       0.51485854046955992     
First
                         Total        5.952766534E-01
Step size:       0.20
Step size in Bohr:       0.38
Learning Rate:       1.00
# Steps:         10
                         Error  1        5.913612240E-01
                         Error  2        5.876324673E-01
                         Error  3        5.840798602E-01
                         Error  4        5.806934093E-01
                         Error  5        5.774636335E-01
                         Error  6        5.743815460E-01
                         Error  7        5.714386362E-01
                         Error  8        5.686268515E-01
                         Error  9        5.659385782E-01
                         Error 10        5.633666237E-01
                         Error        5.633666237E-01
