-xyz
refined.xyz
-dens
/home/unibas/boittier/RDKit_G2/B.pdb/SCAN_1_2_3_4_S_36_10.0/22_SCAN_1_2_3_4_F/B.d.cube
-esp
/home/unibas/boittier/RDKit_G2/B.pdb/SCAN_1_2_3_4_S_36_10.0/22_SCAN_1_2_3_4_F/B.p.cube
-stepsize
0.2
-n_steps
500
-learning_rate
0.5
  -3.4630527768536048        2.2356011484955149       -1.6442666236986909     
  -3.5468446811011329       0.10954063371201771       0.59326267011732059     
  -6.3594366927950832      -0.79785656186262066        7.2574928290629517E-002
  -4.0019896134077184      -0.60879862532817519       0.11153217329819522     
  -3.4962081696540697      -0.73761919914552920      -0.64755691567404416     
  -2.4791606522660974       -1.3343387353004195       0.78764635906843505     
  -1.5848035306672192       -1.1054113167300810      -0.39319884511488140     
  -1.9576895793309199       -1.0737623039988022       0.81824489524180266     
  -1.0662514699495025       -1.0273227130360378       0.38306044039251658     
  -1.7441555097926087       -3.4081270692379317        2.0015022922489321     
   2.7742473550405502       -1.9319274924487326      -0.34033626662834232     
   2.3683573880657791       -1.5871413357503279      -0.34667353322098060     
   1.9320873269943841      -0.90798788505786876      -0.14507767338406799     
   2.5822280913285631       -1.7135272746942392      -0.23410528949655118     
  0.62880623175801564       0.17966917006266681       0.30052280098167894     
   1.0793190125298160      -0.29024132913165990       -1.2267587917088901E-002
  0.25199856849587338       0.48404431856732533       0.27502723200730611     
  0.71324305943805255       0.59214337029588182      -0.21627334745075105     
   4.0867587954727416        3.0731743985260440      -0.24912574801504328     
  0.87299076364753891        1.7298426152854673       0.14335659314428276     
   1.5914774111756018        1.6626638108721394       0.44684789569266181     
   1.9050728003366624        1.5619894115591468        4.0268438459544857E-002
   1.5934840368146386        1.8003040317625820       -4.7940862821452046E-002
  0.50994797437756845        4.0347312688813322        1.2413911337024885     
  0.44609877363133743        4.0354981353358781       0.94884752064804023     
First
                         Total        4.276128000E-01
Step size:       0.20
Step size in Bohr:       0.38
Learning Rate:       1.00
# Steps:        500
                         Error  1        4.270361775E-01
                         Error  2        4.265080933E-01
                         Error  3        4.260240362E-01
                         Error  4        4.255799092E-01
                         Error  5        4.251719927E-01
                         Error  6        4.247969113E-01
                         Error  7        4.244516025E-01
                         Error  8        4.241332885E-01
                         Error  9        4.238394506E-01
                         Error 10        4.235678052E-01
                         Error 11        4.233162826E-01
                         Error 12        4.230830070E-01
                         Error 13        4.228662788E-01
                         Error 14        4.226645583E-01
                         Error 15        4.224764504E-01
                         Error 16        4.223006918E-01
                         Error 17        4.221361382E-01
                         Error 18        4.219817531E-01
                         Error 19        4.218365982E-01
                         Error 20        4.216998236E-01
                         Error 21        4.215706597E-01
                         Error 22        4.214484099E-01
                         Error 23        4.213324432E-01
                         Error 24        4.212221884E-01
                         Error 25        4.211171283E-01
                         Error 26        4.210167945E-01
                         Error 27        4.209207630E-01
                         Error 28        4.208286498E-01
                         Error 29        4.207401071E-01
                         Error 30        4.206548202E-01
                         Error 31        4.205725038E-01
                         Error 32        4.204928996E-01
                         Error 33        4.204157738E-01
                         Error 34        4.203409144E-01
                         Error 35        4.202681294E-01
                         Error 36        4.201972449E-01
                         Error 37        4.201281034E-01
                         Error 38        4.200605619E-01
                         Error 39        4.199944910E-01
                         Error 40        4.199297734E-01
                         Error 41        4.198663026E-01
                         Error 42        4.198039822E-01
                         Error 43        4.197427245E-01
                         Error 44        4.196824503E-01
                         Error 45        4.196230874E-01
                         Error 46        4.195645705E-01
                         Error 47        4.195068400E-01
                         Error 48        4.194498421E-01
                         Error 49        4.193935278E-01
                         Error 50        4.193378524E-01
                         Error 51        4.192827755E-01
                         Error 52        4.192282602E-01
                         Error 53        4.191742729E-01
                         Error 54        4.191207832E-01
                         Error 55        4.190677632E-01
                         Error 56        4.190151875E-01
                         Error 57        4.189630330E-01
                         Error 58        4.189112785E-01
                         Error 59        4.188599047E-01
                         Error 60        4.188088941E-01
                         Error 61        4.187582304E-01
                         Error 62        4.187078989E-01
                         Error 63        4.186578860E-01
                         Error 64        4.186081793E-01
                         Error 65        4.185587674E-01
                         Error 66        4.185096398E-01
                         Error 67        4.184607867E-01
                         Error 68        4.184121993E-01
                         Error 69        4.183638694E-01
                         Error 70        4.183157893E-01
                         Error 71        4.182679520E-01
                         Error 72        4.182203510E-01
                         Error 73        4.181729802E-01
                         Error 74        4.181258339E-01
                         Error 75        4.180789070E-01
                         Error 76        4.180321944E-01
                         Error 77        4.179856917E-01
                         Error 78        4.179393944E-01
                         Error 79        4.178932987E-01
                         Error 80        4.178474006E-01
                         Error 81        4.178016966E-01
                         Error 82        4.177561833E-01
                         Error 83        4.177108576E-01
                         Error 84        4.176657164E-01
                         Error 85        4.176207568E-01
                         Error 86        4.175759761E-01
                         Error 87        4.175313718E-01
                         Error 88        4.174869412E-01
                         Error 89        4.174426820E-01
                         Error 90        4.173985920E-01
                         Error 91        4.173546689E-01
                         Error 92        4.173109107E-01
                         Error 93        4.172673153E-01
                         Error 94        4.172238807E-01
                         Error 95        4.171806050E-01
                         Error 96        4.171374865E-01
                         Error 97        4.170945233E-01
                         Error 98        4.170517137E-01
                         Error 99        4.170090561E-01
                         Error100        4.169665487E-01
                         Error101        4.169241901E-01
                         Error102        4.168819786E-01
                         Error103        4.168399127E-01
                         Error104        4.167979910E-01
                         Error105        4.167562121E-01
                         Error106        4.167145744E-01
                         Error107        4.166730767E-01
                         Error108        4.166317175E-01
                         Error109        4.165904956E-01
                         Error110        4.165494095E-01
                         Error111        4.165084582E-01
                         Error112        4.164676402E-01
                         Error113        4.164269543E-01
                         Error114        4.163863993E-01
                         Error115        4.163459741E-01
                         Error116        4.163056774E-01
                         Error117        4.162655081E-01
                         Error118        4.162254650E-01
                         Error119        4.161855470E-01
                         Error120        4.161457530E-01
                         Error121        4.161060819E-01
                         Error122        4.160665326E-01
                         Error123        4.160271041E-01
                         Error124        4.159877952E-01
                         Error125        4.159486050E-01
                         Error126        4.159095324E-01
                         Error127        4.158705765E-01
                         Error128        4.158317362E-01
                         Error129        4.157930105E-01
                         Error130        4.157543984E-01
                         Error131        4.157158991E-01
                         Error132        4.156775115E-01
                         Error133        4.156392348E-01
                         Error134        4.156010679E-01
                         Error135        4.155630100E-01
                         Error136        4.155250602E-01
                         Error137        4.154872176E-01
                         Error138        4.154494812E-01
                         Error139        4.154118503E-01
                         Error140        4.153743240E-01
                         Error141        4.153369013E-01
                         Error142        4.152995816E-01
                         Error143        4.152623639E-01
                         Error144        4.152252474E-01
                         Error145        4.151882313E-01
                         Error146        4.151513148E-01
                         Error147        4.151144971E-01
                         Error148        4.150777775E-01
                         Error149        4.150411551E-01
                         Error150        4.150046291E-01
                         Error151        4.149681989E-01
                         Error152        4.149318637E-01
                         Error153        4.148956227E-01
                         Error154        4.148594752E-01
                         Error155        4.148234205E-01
                         Error156        4.147874579E-01
                         Error157        4.147515866E-01
                         Error158        4.147158059E-01
                         Error159        4.146801153E-01
                         Error160        4.146445138E-01
                         Error161        4.146090010E-01
                         Error162        4.145735762E-01
                         Error163        4.145382386E-01
                         Error164        4.145029876E-01
                         Error165        4.144678225E-01
                         Error166        4.144327428E-01
                         Error167        4.143977478E-01
                         Error168        4.143628369E-01
                         Error169        4.143280094E-01
                         Error170        4.142932647E-01
                         Error171        4.142586023E-01
                         Error172        4.142240215E-01
                         Error173        4.141895218E-01
                         Error174        4.141551025E-01
                         Error175        4.141207631E-01
                         Error176        4.140865030E-01
                         Error177        4.140523217E-01
                         Error178        4.140182185E-01
                         Error179        4.139841929E-01
                         Error180        4.139502445E-01
                         Error181        4.139163725E-01
                         Error182        4.138825766E-01
                         Error183        4.138488561E-01
                         Error184        4.138152106E-01
                         Error185        4.137816395E-01
                         Error186        4.137481424E-01
                         Error187        4.137147186E-01
                         Error188        4.136813678E-01
                         Error189        4.136480893E-01
                         Error190        4.136148828E-01
                         Error191        4.135817478E-01
                         Error192        4.135486836E-01
                         Error193        4.135156900E-01
                         Error194        4.134827664E-01
                         Error195        4.134499123E-01
                         Error196        4.134171273E-01
                         Error197        4.133844109E-01
                         Error198        4.133517628E-01
                         Error199        4.133191823E-01
                         Error200        4.132866692E-01
                         Error201        4.132542229E-01
                         Error202        4.132218431E-01
                         Error203        4.131895292E-01
                         Error204        4.131572810E-01
                         Error205        4.131250979E-01
                         Error206        4.130929796E-01
                         Error207        4.130609256E-01
                         Error208        4.130289355E-01
                         Error209        4.129970090E-01
                         Error210        4.129651457E-01
                         Error211        4.129333451E-01
                         Error212        4.129016069E-01
                         Error213        4.128699306E-01
                         Error214        4.128383160E-01
                         Error215        4.128067626E-01
                         Error216        4.127752700E-01
                         Error217        4.127438380E-01
                         Error218        4.127124661E-01
                         Error219        4.126811539E-01
                         Error220        4.126499012E-01
                         Error221        4.126187076E-01
                         Error222        4.125875726E-01
                         Error223        4.125564961E-01
                         Error224        4.125254775E-01
                         Error225        4.124945167E-01
                         Error226        4.124636132E-01
                         Error227        4.124327668E-01
                         Error228        4.124019770E-01
                         Error229        4.123712436E-01
                         Error230        4.123405663E-01
                         Error231        4.123099448E-01
                         Error232        4.122793786E-01
                         Error233        4.122488676E-01
                         Error234        4.122184114E-01
                         Error235        4.121880097E-01
                         Error236        4.121576622E-01
                         Error237        4.121273687E-01
                         Error238        4.120971287E-01
                         Error239        4.120669421E-01
                         Error240        4.120368084E-01
                         Error241        4.120067276E-01
                         Error242        4.119766992E-01
                         Error243        4.119467230E-01
                         Error244        4.119167987E-01
                         Error245        4.118869260E-01
                         Error246        4.118571047E-01
                         Error247        4.118273345E-01
                         Error248        4.117976151E-01
                         Error249        4.117679463E-01
                         Error250        4.117383278E-01
                         Error251        4.117087593E-01
                         Error252        4.116792406E-01
                         Error253        4.116497714E-01
                         Error254        4.116203516E-01
                         Error255        4.115909807E-01
                         Error256        4.115616587E-01
                         Error257        4.115323852E-01
                         Error258        4.115031600E-01
                         Error259        4.114739829E-01
                         Error260        4.114448536E-01
                         Error261        4.114157719E-01
                         Error262        4.113867376E-01
                         Error263        4.113577504E-01
                         Error264        4.113288102E-01
                         Error265        4.112999166E-01
                         Error266        4.112710695E-01
                         Error267        4.112422686E-01
                         Error268        4.112135137E-01
                         Error269        4.111848047E-01
                         Error270        4.111561413E-01
                         Error271        4.111275232E-01
                         Error272        4.110989503E-01
                         Error273        4.110704224E-01
                         Error274        4.110419393E-01
                         Error275        4.110135007E-01
                         Error276        4.109851064E-01
                         Error277        4.109567564E-01
                         Error278        4.109284502E-01
                         Error279        4.109001879E-01
                         Error280        4.108719691E-01
                         Error281        4.108437937E-01
                         Error282        4.108156614E-01
                         Error283        4.107875722E-01
                         Error284        4.107595258E-01
                         Error285        4.107315219E-01
                         Error286        4.107035606E-01
                         Error287        4.106756415E-01
                         Error288        4.106477644E-01
                         Error289        4.106199293E-01
                         Error290        4.105921359E-01
                         Error291        4.105643840E-01
                         Error292        4.105366736E-01
                         Error293        4.105090043E-01
                         Error294        4.104813760E-01
                         Error295        4.104537886E-01
                         Error296        4.104262420E-01
                         Error297        4.103987358E-01
                         Error298        4.103712700E-01
                         Error299        4.103438444E-01
                         Error300        4.103164589E-01
                         Error301        4.102891132E-01
                         Error302        4.102618073E-01
                         Error303        4.102345410E-01
                         Error304        4.102073140E-01
                         Error305        4.101801263E-01
                         Error306        4.101529778E-01
                         Error307        4.101258681E-01
                         Error308        4.100987973E-01
                         Error309        4.100717652E-01
                         Error310        4.100447716E-01
                         Error311        4.100178163E-01
                         Error312        4.099908992E-01
                         Error313        4.099640203E-01
                         Error314        4.099371792E-01
                         Error315        4.099103760E-01
                         Error316        4.098836104E-01
                         Error317        4.098568824E-01
                         Error318        4.098301917E-01
                         Error319        4.098035383E-01
                         Error320        4.097769220E-01
                         Error321        4.097503426E-01
                         Error322        4.097238001E-01
                         Error323        4.096972943E-01
                         Error324        4.096708252E-01
                         Error325        4.096443924E-01
                         Error326        4.096179960E-01
                         Error327        4.095916358E-01
                         Error328        4.095653117E-01
                         Error329        4.095390235E-01
                         Error330        4.095127712E-01
                         Error331        4.094865545E-01
                         Error332        4.094603735E-01
                         Error333        4.094342279E-01
                         Error334        4.094081177E-01
                         Error335        4.093820426E-01
                         Error336        4.093560027E-01
                         Error337        4.093299978E-01
                         Error338        4.093040278E-01
                         Error339        4.092780925E-01
                         Error340        4.092521919E-01
                         Error341        4.092263258E-01
                         Error342        4.092004942E-01
                         Error343        4.091746969E-01
                         Error344        4.091489337E-01
                         Error345        4.091232047E-01
                         Error346        4.090975097E-01
                         Error347        4.090718485E-01
                         Error348        4.090462212E-01
                         Error349        4.090206275E-01
                         Error350        4.089950673E-01
                         Error351        4.089695407E-01
                         Error352        4.089440474E-01
                         Error353        4.089185873E-01
                         Error354        4.088931604E-01
                         Error355        4.088677666E-01
                         Error356        4.088424057E-01
                         Error357        4.088170777E-01
                         Error358        4.087917825E-01
                         Error359        4.087665199E-01
                         Error360        4.087412899E-01
                         Error361        4.087160923E-01
                         Error362        4.086909272E-01
                         Error363        4.086657943E-01
                         Error364        4.086406936E-01
                         Error365        4.086156250E-01
                         Error366        4.085905884E-01
                         Error367        4.085655838E-01
                         Error368        4.085406109E-01
                         Error369        4.085156698E-01
                         Error370        4.084907603E-01
                         Error371        4.084658824E-01
                         Error372        4.084410360E-01
                         Error373        4.084162209E-01
                         Error374        4.083914372E-01
                         Error375        4.083666846E-01
                         Error376        4.083419632E-01
                         Error377        4.083172728E-01
                         Error378        4.082926134E-01
                         Error379        4.082679848E-01
                         Error380        4.082433870E-01
                         Error381        4.082188200E-01
                         Error382        4.081942836E-01
                         Error383        4.081697777E-01
                         Error384        4.081453022E-01
                         Error385        4.081208572E-01
                         Error386        4.080964425E-01
                         Error387        4.080720580E-01
                         Error388        4.080477036E-01
                         Error389        4.080233794E-01
                         Error390        4.079990851E-01
                         Error391        4.079748207E-01
                         Error392        4.079505862E-01
                         Error393        4.079263814E-01
                         Error394        4.079022064E-01
                         Error395        4.078780609E-01
                         Error396        4.078539451E-01
                         Error397        4.078298586E-01
                         Error398        4.078058016E-01
                         Error399        4.077817739E-01
                         Error400        4.077577755E-01
                         Error401        4.077338063E-01
                         Error402        4.077098661E-01
                         Error403        4.076859550E-01
                         Error404        4.076620729E-01
                         Error405        4.076382197E-01
                         Error406        4.076143954E-01
                         Error407        4.075905998E-01
                         Error408        4.075668329E-01
                         Error409        4.075430946E-01
                         Error410        4.075193849E-01
                         Error411        4.074957037E-01
                         Error412        4.074720510E-01
                         Error413        4.074484266E-01
                         Error414        4.074248305E-01
                         Error415        4.074012627E-01
                         Error416        4.073777230E-01
                         Error417        4.073542114E-01
                         Error418        4.073307279E-01
                         Error419        4.073072724E-01
                         Error420        4.072838448E-01
                         Error421        4.072604451E-01
                         Error422        4.072370731E-01
                         Error423        4.072137289E-01
                         Error424        4.071904124E-01
                         Error425        4.071671235E-01
                         Error426        4.071438621E-01
                         Error427        4.071206283E-01
                         Error428        4.070974219E-01
                         Error429        4.070742428E-01
                         Error430        4.070510911E-01
                         Error431        4.070279666E-01
                         Error432        4.070048693E-01
                         Error433        4.069817992E-01
                         Error434        4.069587562E-01
                         Error435        4.069357402E-01
                         Error436        4.069127512E-01
                         Error437        4.068897890E-01
                         Error438        4.068668538E-01
                         Error439        4.068439453E-01
                         Error440        4.068210636E-01
                         Error441        4.067982086E-01
                         Error442        4.067753803E-01
                         Error443        4.067525785E-01
                         Error444        4.067298033E-01
                         Error445        4.067070545E-01
                         Error446        4.066843322E-01
                         Error447        4.066616362E-01
                         Error448        4.066389666E-01
                         Error449        4.066163232E-01
                         Error450        4.065937060E-01
                         Error451        4.065711151E-01
                         Error452        4.065485502E-01
                         Error453        4.065260114E-01
                         Error454        4.065034985E-01
                         Error455        4.064810117E-01
                         Error456        4.064585508E-01
                         Error457        4.064361157E-01
                         Error458        4.064137064E-01
                         Error459        4.063913229E-01
                         Error460        4.063689651E-01
                         Error461        4.063466330E-01
                         Error462        4.063243264E-01
                         Error463        4.063020455E-01
                         Error464        4.062797900E-01
                         Error465        4.062575601E-01
                         Error466        4.062353555E-01
                         Error467        4.062131763E-01
                         Error468        4.061910225E-01
                         Error469        4.061688939E-01
                         Error470        4.061467906E-01
                         Error471        4.061247124E-01
                         Error472        4.061026594E-01
                         Error473        4.060806315E-01
                         Error474        4.060586286E-01
                         Error475        4.060366508E-01
                         Error476        4.060146979E-01
                         Error477        4.059927699E-01
                         Error478        4.059708668E-01
                         Error479        4.059489885E-01
                         Error480        4.059271350E-01
                         Error481        4.059053062E-01
                         Error482        4.058835021E-01
                         Error483        4.058617227E-01
                         Error484        4.058399679E-01
                         Error485        4.058182376E-01
                         Error486        4.057965319E-01
                         Error487        4.057748506E-01
                         Error488        4.057531938E-01
                         Error489        4.057315613E-01
                         Error490        4.057099532E-01
                         Error491        4.056883695E-01
                         Error492        4.056668100E-01
                         Error493        4.056452747E-01
                         Error494        4.056237636E-01
                         Error495        4.056022766E-01
                         Error496        4.055808138E-01
                         Error497        4.055593750E-01
                         Error498        4.055379602E-01
                         Error499        4.055165694E-01
                         Error500        4.054952025E-01
                         Error        4.054952025E-01
