-xyz
global_fitted_global.xyz
-dens
/home/unibas/boittier/RDKit_G2/B.pdb/SCAN_1_2_3_4_S_36_10.0/23_SCAN/B.d.cube
-esp
/home/unibas/boittier/RDKit_G2/B.pdb/SCAN_1_2_3_4_S_36_10.0/23_SCAN/B.p.cube
-stepsize
0.2
-n_steps
0
-learning_rate
0.5
  -3.5258187482100953        2.4116193163176267       -2.1081164321818555     
  -3.2029977659760158       0.46421080519021723       0.15406452532867160     
  -2.8016670752668915       0.27797249776407018      -0.74681999048012260     
  -5.9020740614163598      -0.61975973413381114       0.17497824953677005     
  -2.9093161818617546       -3.6042270284936083E-002 -0.90226253894687136     
  -1.1616454433771224      -0.47138553981718051       0.75310958673981832     
  -1.8005461833560088       -2.8339791145218940        2.0744130029046506     
  -2.6702914200092569      -0.98014889822566476       0.87973270553543637     
  -2.0320976725406039      -0.80167546278327695       0.79227584929737149     
   2.3603094040418791       -1.0296738920175663      -0.11961737831634596     
   2.4450577890925489       -1.1864278354165647      -0.11984881293704636     
   3.0561742137780126       -2.4861673148266705      -0.50903377341945821     
   2.6034248075143047       -1.9110533916747621      -0.39543242635230452     
  0.53641781169285496       0.55480860113269115       0.35756684047554016     
  0.95907767675682665       0.46194991523167722       0.57370601813093225     
  0.87248960601217829       0.72853315969781440      -0.66925366893216953     
   1.5076071148564583      -0.40149764212289618       -3.5471382678095631E-002
   1.9201782218268126        1.8853057691269381        1.1025333963047323     
   1.5701825604359800        2.0666470152870930      -0.75492456591735524     
   4.1589926329849671        2.7741665987185460      -0.27928657162017484     
  0.40380300099886218        4.1351145549269326       0.71284152665208522     
First
                         Total        8.011735583E-01
Step size:       0.20
Step size in Bohr:       0.38
Learning Rate:       1.00
# Steps:          0
                         Error        8.011735583E-01
