-xyz
refined.xyz
-dens
/home/unibas/boittier/RDKit_G2/B.pdb/SCAN_1_2_3_4_S_36_10.0/26_SCAN/B.d.cube
-esp
/home/unibas/boittier/RDKit_G2/B.pdb/SCAN_1_2_3_4_S_36_10.0/26_SCAN/B.p.cube
-stepsize
0.2
-n_steps
1
-learning_rate
0.5
  -3.3099263733890618        1.4057924226310647       -3.0811274854521287     
  -3.1577690154714948       0.71659012610382444      -0.14393569351808325     
  -2.7682029954121017        9.7633220917804145E-002 -0.87531368004124444     
  -5.9310710465074630      -0.13207208291736885       0.20852238055006886     
  -2.8721744220457488      -0.24067405873925063      -0.82599726158436360     
  -1.1592073687364586       -1.3313752551276322E-003  0.98558840362346833     
  -2.0254194492601316       -1.3397195218062523        3.1428067455716953     
  -2.7186676926680677      -0.19977910288445283        1.2706078597027703     
  -2.0672343656489396      -0.20487038238508332        1.1130465081203362     
   2.1261419012849676       -1.2830623175132028      -0.14032403130163315     
   2.1752394506532489       -1.4691022466221881      -0.13322493671877308     
   2.4964303992269952       -2.8677284342671623      -0.48198564401972427     
   2.1662180613487640       -2.2242244261223676      -0.36961060911559002     
  0.67321223001764963       0.66038224600103501       0.37728207474935516     
   1.0987064170423035       0.46662774725581663       0.56322039187245465     
  0.94437088011093950       0.68486527690585053      -0.68399499073316583     
   1.4130552657170579      -0.49132337979311996       -2.9383682219647992E-002
   2.3357579799897672        1.7087064448343572       0.97982350326788292     
   1.9012507518203510        1.8475523591927996      -0.86338981304310081     
   4.6035707886773158        2.0827991798329397      -0.57137160805472487     
   1.2319094838058227        4.1958292583711918       0.51516043450048765     
First
                         Total        1.510136843E+00
Step size:       0.20
Step size in Bohr:       0.38
Learning Rate:       1.00
# Steps:          1
                         Error  1        1.471335331E+00
                         Error        1.471335331E+00
