                                     G D M A

                                 by Anthony Stone

                           version 2.2.03, 21 June 2007

               Distributed Multipoles from Gaussian wavefunctions


Starting at 11:58:51 on 19 May 2021 

GDMA



Using SCF density matrix from file L.pdb.fchk


                         Distributed Multipole Analysis

Standard DMA for products of primitives with exponent greater than 4.00000
Using 80-point Euler-MacLaurin radial quadrature
Using 590-point Lebedev quadrature
Becke smoothing parameter = 3

Positions and radii in angstrom
Multipole moments in atomic units, ea_0^k for rank k

C          x = -1.508825  y = -0.450312  z =  0.067007
           Maximum rank =  2   Radius =  0.650
                   Q00  =  -0.087323
|Q1| =   0.082578  Q10  =  -0.016344  Q11c =   0.073749  Q11s =   0.033362
|Q2| =   1.160327  Q20  =  -1.023114  Q21c =   0.145324  Q21s =  -0.454128
                   Q22c =   0.139914  Q22s =   0.229498

C          x = -0.657476  y =  0.565439  z = -0.125718
           Maximum rank =  2   Radius =  0.650
                   Q00  =  -0.119210
|Q1| =   0.102531  Q10  =   0.016748  Q11c =   0.078935  Q11s =  -0.063257
|Q2| =   1.199305  Q20  =  -1.081702  Q21c =   0.180687  Q21s =  -0.471166
                   Q22c =   0.048043  Q22s =   0.106297

C          x =  0.789462  y =  0.441793  z =  0.143051
           Maximum rank =  2   Radius =  0.650
                   Q00  =   0.158401
|Q1| =   0.186799  Q10  =  -0.057670  Q11c =   0.061835  Q11s =  -0.166567
|Q2| =   0.634200  Q20  =  -0.490914  Q21c =   0.133211  Q21s =   0.336583
                   Q22c =   0.053924  Q22s =  -0.165139

O          x =  1.465983  y = -0.558330  z = -0.125029
           Maximum rank =  2   Radius =  0.650
                   Q00  =  -0.373962
|Q1| =   0.525974  Q10  =   0.097049  Q11c =  -0.277985  Q11s =   0.435838
|Q2| =   1.014234  Q20  =  -0.138040  Q21c =  -0.346193  Q21s =   0.069187
                   Q22c =  -0.306288  Q22s =  -0.889475

H          x =  1.276852  y =  1.327363  z =  0.580093
           Maximum rank =  2   Radius =  0.325
                   Q00  =   0.103733
|Q1| =   0.148412  Q10  =  -0.056946  Q11c =  -0.056620  Q11s =  -0.124810
|Q2| =   0.131509  Q20  =  -0.070452  Q21c =   0.051586  Q21s =   0.081390
                   Q22c =  -0.012618  Q22s =   0.053724

H          x = -2.577454  y = -0.333339  z = -0.077191
           Maximum rank =  2   Radius =  0.325
                   Q00  =   0.093778
|Q1| =   0.124486  Q10  =   0.010264  Q11c =   0.123961  Q11s =   0.005027
|Q2| =   0.194608  Q20  =  -0.127253  Q21c =   0.042726  Q21s =  -0.024637
                   Q22c =   0.138062  Q22s =  -0.013613

H          x = -1.149108  y = -1.428954  z =  0.372106
           Maximum rank =  2   Radius =  0.325
                   Q00  =   0.118255
|Q1| =   0.119780  Q10  =  -0.035773  Q11c =   0.011174  Q11s =   0.113766
|Q2| =   0.177990  Q20  =  -0.121253  Q21c =   0.029357  Q21s =  -0.086296
                   Q22c =  -0.060388  Q22s =  -0.070870

H          x = -1.017123  y =  1.560054  z = -0.380817
           Maximum rank =  2   Radius =  0.325
                   Q00  =   0.106328
|Q1| =   0.134655  Q10  =   0.031826  Q11c =   0.047185  Q11s =  -0.122036
|Q2| =   0.175658  Q20  =  -0.125252  Q21c =   0.035190  Q21s =  -0.076500
                   Q22c =  -0.069125  Q22s =  -0.057432

Total multipoles
referred to origin at x =   0.000000,  y =    0.000000,  z =    0.000000
                   Q00  =  -0.000000
|Q1| =   1.297915  Q10  =   0.244265  Q11c =  -1.007973  Q11s =   0.780326
|Q2| =   5.295762  Q20  =  -0.918050  Q21c =   1.340505  Q21s =  -1.232093
                   Q22c =  -1.740103  Q22s =   4.567200

CPU time used:      0m 6.533s          Total:      0m 6.533s

Finished at 11:58:58 on 19 May 2021 
