-xyz
refined.xyz
-dens
../../cube_files/fbutone/10_SCAN_1_2_6_8_F/N.d.cube
-esp
../../cube_files/fbutone/10_SCAN_1_2_6_8_F/N.p.cube
-stepsize
0.2
-n_steps
1
-learning_rate
0.5
  -3.9127004998906445        3.0215000838028558      -0.69240393618853635     
  -3.5493891822425589        1.8119848241206966       0.34484658446889710     
  -4.0650339762640444        2.2974773108058746       0.96607359302192808     
  -4.2320021031457511        3.0921640017342411        2.0472842428758633     
  -6.4239368640128527        1.7719813877676938       -1.3282439483970672     
  -2.6963678676717868        3.3853696295056630       -1.4376452761350429     
  -3.2833279937088800        2.8966800426217052       -1.0030937351370182     
  -4.3857875250463438       -2.3117751658715524      -0.60820583182874921     
  -3.5342922059913011       -2.8914157547181132      -0.14754313781415737     
  -4.0029320454826927       -2.6223610179640686      -0.42234000793355403     
  -3.3634677134975202        1.9060318301673058E-002   7.2495986531834547E-002
  -2.4048885273257805      -0.95351015248644444       0.57619038169781689     
 -0.24961154768189722       -1.5979156743537515        1.9490892666646142     
 -0.40303231216089813       0.43365506523150971        1.6342009755496365     
  -2.2550827329118998E-003  -2.5941335567952901        2.5244647869016257     
   5.9526128886704119E-003  -2.3495803772562232        2.4109153258450662     
 -0.14831459214453796       0.65099561948034323        3.0686162832248551     
  -5.7794148380625306E-002   1.2231823528709660        2.6875652735622815     
 -0.12997143045087456       0.36288047721850736        3.0398654154484994     
   1.2143777682164059       0.65442684968131148      -0.27939970690550414     
   1.4955752075606170      -0.57034878259138111      -0.55932740109034829     
   2.0633868690941961      -0.96477574959341250       -1.3729305391111510     
   2.0502002980385212       -1.2144545491785554       -1.6485586228944142     
   3.4436327736608421      -0.28193417926018677       0.84294533804995264     
   4.7154603554768180      -0.43847933428154479        1.5972780569149645     
   4.1658523124033202      -0.42447537110302519        1.4806813687622402     
   4.4765728541015806      -0.37448032644238627        1.3153927626471205     
   2.0479232028969392        3.2600323758668130       -1.2461141798316877     
   2.1673885890319937        1.7447583463381688      -0.77046503429838109     
   2.0468496897614710        2.5300822411533765      -0.96573764881565227     
First
                         Total        4.626626862E+00
Step size:       0.20
Step size in Bohr:       0.38
Learning Rate:       1.00
# Steps:          1
                         Error  1        4.554147781E+00
                         Error        4.554147781E+00
