-xyz
refined.xyz
-dens
/home/unibas/boittier/RDKit_G2/B.pdb/SCAN_1_2_3_4_S_36_10.0/29_SCAN_1_2_3_4_F/B.d.cube
-esp
/home/unibas/boittier/RDKit_G2/B.pdb/SCAN_1_2_3_4_S_36_10.0/29_SCAN_1_2_3_4_F/B.p.cube
-stepsize
0.2
-n_steps
500
-learning_rate
0.5
   3.1202517981479452        1.0573072269857997       -2.7277392722422160     
   3.3566490228172516       -1.0327554926198306      -0.47124255820482813     
   6.3713858464488808      -0.50565494134765876       -3.8069728179010741E-002
   3.9960725257134735      -0.46379307126427805        9.8566386429669028E-002
   3.5276186767105542       0.26673974609762235       0.33867043443755712     
   2.5411467534409340      -0.78825628899384659        1.2616829653487234     
   1.8647352915621573      -0.28807451634318770        5.8713557150683632E-002
   1.9841944498063817      -0.71023061033060642        1.1359321724971596     
   1.2282852510545188      -0.28955556171504088       0.76197806709922788     
   2.1206468588895384       -2.0925264712854137        3.4196210801118476     
  -1.5337807179623455        2.4609715217108401       0.12297022113540859     
  -1.3456550464319157        2.0203705395206017        8.7318992359306388E-002
  -1.2997482374127476        1.1844089680440137       0.13007038589548109     
  -1.4755314167050770        2.2008849626831530       0.19261403995698470     
 -0.77361327774822164      -0.39874458807994834       0.36802681563845868     
 -0.88294020718058486       0.26033565214839433       0.15916578504980103     
 -0.56530631008140686      -0.81253540024044624       0.29488701340432610     
 -0.99345428036349037      -0.62616991672754174      -0.18206984859279748     
  -5.0903884108180195       -1.0520007656572248      -0.97661124183252912     
  -1.6644952045139079       -1.5317238486289568      -0.19206463466318396     
  -2.3018719104894592       -1.2123395105226069        7.5409114811755384E-002
  -2.4433680267703304      -0.86580861041288804      -0.24451244410451459     
  -2.2837547223150532       -1.2109930351103539      -0.40970598434036359     
  -2.5718542685437558       -3.8654645392497957       0.18888613966131190     
  -2.4972051656571130       -3.8857567010751022       -9.3178132635024752E-002
First
                         Total        4.911232849E-01
Step size:       0.20
Step size in Bohr:       0.38
Learning Rate:       1.00
# Steps:        500
                         Error  1        4.888217127E-01
                         Error  2        4.866937773E-01
                         Error  3        4.847259921E-01
                         Error  4        4.829058402E-01
                         Error  5        4.812217184E-01
                         Error  6        4.796628820E-01
                         Error  7        4.782193911E-01
                         Error  8        4.768820589E-01
                         Error  9        4.756424015E-01
                         Error 10        4.744925905E-01
                         Error 11        4.734254073E-01
                         Error 12        4.724342000E-01
                         Error 13        4.715128424E-01
                         Error 14        4.706556958E-01
                         Error 15        4.698575721E-01
                         Error 16        4.691137007E-01
                         Error 17        4.684196962E-01
                         Error 18        4.677715287E-01
                         Error 19        4.671654963E-01
                         Error 20        4.665981994E-01
                         Error 21        4.660665168E-01
                         Error 22        4.655675835E-01
                         Error 23        4.650987699E-01
                         Error 24        4.646576635E-01
                         Error 25        4.642420507E-01
                         Error 26        4.638499010E-01
                         Error 27        4.634793517E-01
                         Error 28        4.631286944E-01
                         Error 29        4.627963625E-01
                         Error 30        4.624809188E-01
                         Error 31        4.621810456E-01
                         Error 32        4.618955344E-01
                         Error 33        4.616232766E-01
                         Error 34        4.613632558E-01
                         Error 35        4.611145396E-01
                         Error 36        4.608762727E-01
                         Error 37        4.606476705E-01
                         Error 38        4.604280135E-01
                         Error 39        4.602166411E-01
                         Error 40        4.600129475E-01
                         Error 41        4.598163766E-01
                         Error 42        4.596264178E-01
                         Error 43        4.594426025E-01
                         Error 44        4.592645005E-01
                         Error 45        4.590917166E-01
                         Error 46        4.589238877E-01
                         Error 47        4.587606803E-01
                         Error 48        4.586017879E-01
                         Error 49        4.584469286E-01
                         Error 50        4.582958434E-01
                         Error 51        4.581482939E-01
                         Error 52        4.580040607E-01
                         Error 53        4.578629420E-01
                         Error 54        4.577247520E-01
                         Error 55        4.575893193E-01
                         Error 56        4.574564863E-01
                         Error 57        4.573261073E-01
                         Error 58        4.571980484E-01
                         Error 59        4.570721855E-01
                         Error 60        4.569484045E-01
                         Error 61        4.568265997E-01
                         Error 62        4.567066735E-01
                         Error 63        4.565885356E-01
                         Error 64        4.564721024E-01
                         Error 65        4.563572966E-01
                         Error 66        4.562440464E-01
                         Error 67        4.561322854E-01
                         Error 68        4.560219518E-01
                         Error 69        4.559129883E-01
                         Error 70        4.558053415E-01
                         Error 71        4.556989619E-01
                         Error 72        4.555938033E-01
                         Error 73        4.554898226E-01
                         Error 74        4.553869796E-01
                         Error 75        4.552852367E-01
                         Error 76        4.551845590E-01
                         Error 77        4.550849134E-01
                         Error 78        4.549862693E-01
                         Error 79        4.548885977E-01
                         Error 80        4.547918715E-01
                         Error 81        4.546960652E-01
                         Error 82        4.546011548E-01
                         Error 83        4.545071175E-01
                         Error 84        4.544139320E-01
                         Error 85        4.543215781E-01
                         Error 86        4.542300366E-01
                         Error 87        4.541392894E-01
                         Error 88        4.540493194E-01
                         Error 89        4.539601100E-01
                         Error 90        4.538716459E-01
                         Error 91        4.537839120E-01
                         Error 92        4.536968944E-01
                         Error 93        4.536105795E-01
                         Error 94        4.535249543E-01
                         Error 95        4.534400064E-01
                         Error 96        4.533557241E-01
                         Error 97        4.532720958E-01
                         Error 98        4.531891107E-01
                         Error 99        4.531067581E-01
                         Error100        4.530250278E-01
                         Error101        4.529439102E-01
                         Error102        4.528633955E-01
                         Error103        4.527834748E-01
                         Error104        4.527041392E-01
                         Error105        4.526253799E-01
                         Error106        4.525471887E-01
                         Error107        4.524695574E-01
                         Error108        4.523924782E-01
                         Error109        4.523159435E-01
                         Error110        4.522399456E-01
                         Error111        4.521644775E-01
                         Error112        4.520895320E-01
                         Error113        4.520151021E-01
                         Error114        4.519411812E-01
                         Error115        4.518677626E-01
                         Error116        4.517948399E-01
                         Error117        4.517224067E-01
                         Error118        4.516504569E-01
                         Error119        4.515789844E-01
                         Error120        4.515079833E-01
                         Error121        4.514374478E-01
                         Error122        4.513673721E-01
                         Error123        4.512977507E-01
                         Error124        4.512285781E-01
                         Error125        4.511598489E-01
                         Error126        4.510915577E-01
                         Error127        4.510236994E-01
                         Error128        4.509562688E-01
                         Error129        4.508892609E-01
                         Error130        4.508226707E-01
                         Error131        4.507564933E-01
                         Error132        4.506907240E-01
                         Error133        4.506253581E-01
                         Error134        4.505603908E-01
                         Error135        4.504958176E-01
                         Error136        4.504316339E-01
                         Error137        4.503678354E-01
                         Error138        4.503044175E-01
                         Error139        4.502413761E-01
                         Error140        4.501787069E-01
                         Error141        4.501164055E-01
                         Error142        4.500544680E-01
                         Error143        4.499928902E-01
                         Error144        4.499316681E-01
                         Error145        4.498707977E-01
                         Error146        4.498102751E-01
                         Error147        4.497500964E-01
                         Error148        4.496902578E-01
                         Error149        4.496307555E-01
                         Error150        4.495715859E-01
                         Error151        4.495127452E-01
                         Error152        4.494542299E-01
                         Error153        4.493960363E-01
                         Error154        4.493381609E-01
                         Error155        4.492806003E-01
                         Error156        4.492233510E-01
                         Error157        4.491664096E-01
                         Error158        4.491097728E-01
                         Error159        4.490534372E-01
                         Error160        4.489973996E-01
                         Error161        4.489416567E-01
                         Error162        4.488862054E-01
                         Error163        4.488310426E-01
                         Error164        4.487761650E-01
                         Error165        4.487215696E-01
                         Error166        4.486672535E-01
                         Error167        4.486132135E-01
                         Error168        4.485594468E-01
                         Error169        4.485059505E-01
                         Error170        4.484527215E-01
                         Error171        4.483997571E-01
                         Error172        4.483470545E-01
                         Error173        4.482946109E-01
                         Error174        4.482424235E-01
                         Error175        4.481904896E-01
                         Error176        4.481388065E-01
                         Error177        4.480873716E-01
                         Error178        4.480361822E-01
                         Error179        4.479852358E-01
                         Error180        4.479345298E-01
                         Error181        4.478840617E-01
                         Error182        4.478338290E-01
                         Error183        4.477838291E-01
                         Error184        4.477340598E-01
                         Error185        4.476845185E-01
                         Error186        4.476352029E-01
                         Error187        4.475861106E-01
                         Error188        4.475372394E-01
                         Error189        4.474885868E-01
                         Error190        4.474401507E-01
                         Error191        4.473919288E-01
                         Error192        4.473439189E-01
                         Error193        4.472961188E-01
                         Error194        4.472485263E-01
                         Error195        4.472011394E-01
                         Error196        4.471539557E-01
                         Error197        4.471069734E-01
                         Error198        4.470601904E-01
                         Error199        4.470136045E-01
                         Error200        4.469672137E-01
                         Error201        4.469210162E-01
                         Error202        4.468750099E-01
                         Error203        4.468291928E-01
                         Error204        4.467835631E-01
                         Error205        4.467381189E-01
                         Error206        4.466928582E-01
                         Error207        4.466477792E-01
                         Error208        4.466028801E-01
                         Error209        4.465581591E-01
                         Error210        4.465136143E-01
                         Error211        4.464692441E-01
                         Error212        4.464250466E-01
                         Error213        4.463810201E-01
                         Error214        4.463371630E-01
                         Error215        4.462934735E-01
                         Error216        4.462499499E-01
                         Error217        4.462065907E-01
                         Error218        4.461633941E-01
                         Error219        4.461203586E-01
                         Error220        4.460774825E-01
                         Error221        4.460347643E-01
                         Error222        4.459922025E-01
                         Error223        4.459497955E-01
                         Error224        4.459075418E-01
                         Error225        4.458654398E-01
                         Error226        4.458234881E-01
                         Error227        4.457816853E-01
                         Error228        4.457400298E-01
                         Error229        4.456985202E-01
                         Error230        4.456571552E-01
                         Error231        4.456159333E-01
                         Error232        4.455748531E-01
                         Error233        4.455339133E-01
                         Error234        4.454931124E-01
                         Error235        4.454524492E-01
                         Error236        4.454119224E-01
                         Error237        4.453715306E-01
                         Error238        4.453312726E-01
                         Error239        4.452911470E-01
                         Error240        4.452511526E-01
                         Error241        4.452112881E-01
                         Error242        4.451715524E-01
                         Error243        4.451319442E-01
                         Error244        4.450924622E-01
                         Error245        4.450531054E-01
                         Error246        4.450138725E-01
                         Error247        4.449747623E-01
                         Error248        4.449357737E-01
                         Error249        4.448969056E-01
                         Error250        4.448581568E-01
                         Error251        4.448195263E-01
                         Error252        4.447810129E-01
                         Error253        4.447426155E-01
                         Error254        4.447043330E-01
                         Error255        4.446661645E-01
                         Error256        4.446281088E-01
                         Error257        4.445901649E-01
                         Error258        4.445523318E-01
                         Error259        4.445146085E-01
                         Error260        4.444769939E-01
                         Error261        4.444394871E-01
                         Error262        4.444020870E-01
                         Error263        4.443647928E-01
                         Error264        4.443276035E-01
                         Error265        4.442905180E-01
                         Error266        4.442535355E-01
                         Error267        4.442166551E-01
                         Error268        4.441798758E-01
                         Error269        4.441431967E-01
                         Error270        4.441066169E-01
                         Error271        4.440701356E-01
                         Error272        4.440337519E-01
                         Error273        4.439974648E-01
                         Error274        4.439612736E-01
                         Error275        4.439251774E-01
                         Error276        4.438891753E-01
                         Error277        4.438532666E-01
                         Error278        4.438174504E-01
                         Error279        4.437817259E-01
                         Error280        4.437460922E-01
                         Error281        4.437105487E-01
                         Error282        4.436750946E-01
                         Error283        4.436397290E-01
                         Error284        4.436044512E-01
                         Error285        4.435692604E-01
                         Error286        4.435341559E-01
                         Error287        4.434991370E-01
                         Error288        4.434642029E-01
                         Error289        4.434293529E-01
                         Error290        4.433945862E-01
                         Error291        4.433599023E-01
                         Error292        4.433253003E-01
                         Error293        4.432907796E-01
                         Error294        4.432563395E-01
                         Error295        4.432219794E-01
                         Error296        4.431876985E-01
                         Error297        4.431534962E-01
                         Error298        4.431193718E-01
                         Error299        4.430853248E-01
                         Error300        4.430513544E-01
                         Error301        4.430174600E-01
                         Error302        4.429836411E-01
                         Error303        4.429498969E-01
                         Error304        4.429162269E-01
                         Error305        4.428826305E-01
                         Error306        4.428491070E-01
                         Error307        4.428156559E-01
                         Error308        4.427822767E-01
                         Error309        4.427489686E-01
                         Error310        4.427157312E-01
                         Error311        4.426825639E-01
                         Error312        4.426494661E-01
                         Error313        4.426164372E-01
                         Error314        4.425834768E-01
                         Error315        4.425505843E-01
                         Error316        4.425177591E-01
                         Error317        4.424850008E-01
                         Error318        4.424523087E-01
                         Error319        4.424196824E-01
                         Error320        4.423871214E-01
                         Error321        4.423546252E-01
                         Error322        4.423221932E-01
                         Error323        4.422898249E-01
                         Error324        4.422575200E-01
                         Error325        4.422252778E-01
                         Error326        4.421930980E-01
                         Error327        4.421609799E-01
                         Error328        4.421289233E-01
                         Error329        4.420969275E-01
                         Error330        4.420649922E-01
                         Error331        4.420331169E-01
                         Error332        4.420013012E-01
                         Error333        4.419695445E-01
                         Error334        4.419378465E-01
                         Error335        4.419062067E-01
                         Error336        4.418746248E-01
                         Error337        4.418431002E-01
                         Error338        4.418116325E-01
                         Error339        4.417802214E-01
                         Error340        4.417488664E-01
                         Error341        4.417175671E-01
                         Error342        4.416863232E-01
                         Error343        4.416551341E-01
                         Error344        4.416239996E-01
                         Error345        4.415929192E-01
                         Error346        4.415618926E-01
                         Error347        4.415309193E-01
                         Error348        4.414999991E-01
                         Error349        4.414691314E-01
                         Error350        4.414383160E-01
                         Error351        4.414075525E-01
                         Error352        4.413768405E-01
                         Error353        4.413461796E-01
                         Error354        4.413155696E-01
                         Error355        4.412850101E-01
                         Error356        4.412545006E-01
                         Error357        4.412240409E-01
                         Error358        4.411936307E-01
                         Error359        4.411632695E-01
                         Error360        4.411329572E-01
                         Error361        4.411026932E-01
                         Error362        4.410724774E-01
                         Error363        4.410423094E-01
                         Error364        4.410121888E-01
                         Error365        4.409821154E-01
                         Error366        4.409520889E-01
                         Error367        4.409221089E-01
                         Error368        4.408921752E-01
                         Error369        4.408622873E-01
                         Error370        4.408324452E-01
                         Error371        4.408026483E-01
                         Error372        4.407728965E-01
                         Error373        4.407431895E-01
                         Error374        4.407135270E-01
                         Error375        4.406839086E-01
                         Error376        4.406543342E-01
                         Error377        4.406248034E-01
                         Error378        4.405953160E-01
                         Error379        4.405658716E-01
                         Error380        4.405364701E-01
                         Error381        4.405071112E-01
                         Error382        4.404777945E-01
                         Error383        4.404485199E-01
                         Error384        4.404192871E-01
                         Error385        4.403900957E-01
                         Error386        4.403609457E-01
                         Error387        4.403318367E-01
                         Error388        4.403027684E-01
                         Error389        4.402737407E-01
                         Error390        4.402447533E-01
                         Error391        4.402158060E-01
                         Error392        4.401868984E-01
                         Error393        4.401580304E-01
                         Error394        4.401292018E-01
                         Error395        4.401004123E-01
                         Error396        4.400716617E-01
                         Error397        4.400429498E-01
                         Error398        4.400142763E-01
                         Error399        4.399856410E-01
                         Error400        4.399570438E-01
                         Error401        4.399284843E-01
                         Error402        4.398999624E-01
                         Error403        4.398714779E-01
                         Error404        4.398430305E-01
                         Error405        4.398146201E-01
                         Error406        4.397862464E-01
                         Error407        4.397579093E-01
                         Error408        4.397296085E-01
                         Error409        4.397013439E-01
                         Error410        4.396731152E-01
                         Error411        4.396449223E-01
                         Error412        4.396167649E-01
                         Error413        4.395886429E-01
                         Error414        4.395605560E-01
                         Error415        4.395325042E-01
                         Error416        4.395044872E-01
                         Error417        4.394765047E-01
                         Error418        4.394485568E-01
                         Error419        4.394206431E-01
                         Error420        4.393927634E-01
                         Error421        4.393649177E-01
                         Error422        4.393371058E-01
                         Error423        4.393093274E-01
                         Error424        4.392815823E-01
                         Error425        4.392538705E-01
                         Error426        4.392261918E-01
                         Error427        4.391985459E-01
                         Error428        4.391709328E-01
                         Error429        4.391433522E-01
                         Error430        4.391158041E-01
                         Error431        4.390882882E-01
                         Error432        4.390608043E-01
                         Error433        4.390333524E-01
                         Error434        4.390059323E-01
                         Error435        4.389785438E-01
                         Error436        4.389511868E-01
                         Error437        4.389238610E-01
                         Error438        4.388965665E-01
                         Error439        4.388693030E-01
                         Error440        4.388420703E-01
                         Error441        4.388148684E-01
                         Error442        4.387876971E-01
                         Error443        4.387605562E-01
                         Error444        4.387334457E-01
                         Error445        4.387063653E-01
                         Error446        4.386793149E-01
                         Error447        4.386522944E-01
                         Error448        4.386253037E-01
                         Error449        4.385983427E-01
                         Error450        4.385714111E-01
                         Error451        4.385445089E-01
                         Error452        4.385176359E-01
                         Error453        4.384907921E-01
                         Error454        4.384639772E-01
                         Error455        4.384371912E-01
                         Error456        4.384104339E-01
                         Error457        4.383837052E-01
                         Error458        4.383570050E-01
                         Error459        4.383303331E-01
                         Error460        4.383036895E-01
                         Error461        4.382770741E-01
                         Error462        4.382504866E-01
                         Error463        4.382239270E-01
                         Error464        4.381973952E-01
                         Error465        4.381708911E-01
                         Error466        4.381444145E-01
                         Error467        4.381179653E-01
                         Error468        4.380915434E-01
                         Error469        4.380651488E-01
                         Error470        4.380387813E-01
                         Error471        4.380124408E-01
                         Error472        4.379861271E-01
                         Error473        4.379598402E-01
                         Error474        4.379335801E-01
                         Error475        4.379073464E-01
                         Error476        4.378811393E-01
                         Error477        4.378549585E-01
                         Error478        4.378288040E-01
                         Error479        4.378026757E-01
                         Error480        4.377765734E-01
                         Error481        4.377504971E-01
                         Error482        4.377244466E-01
                         Error483        4.376984219E-01
                         Error484        4.376724230E-01
                         Error485        4.376464495E-01
                         Error486        4.376205016E-01
                         Error487        4.375945791E-01
                         Error488        4.375686819E-01
                         Error489        4.375428098E-01
                         Error490        4.375169629E-01
                         Error491        4.374911411E-01
                         Error492        4.374653441E-01
                         Error493        4.374395721E-01
                         Error494        4.374138248E-01
                         Error495        4.373881021E-01
                         Error496        4.373624041E-01
                         Error497        4.373367306E-01
                         Error498        4.373110815E-01
                         Error499        4.372854567E-01
                         Error500        4.372598562E-01
                         Error        4.372598562E-01
