-xyz
refined.xyz
-dens
/home/unibas/boittier/RDKit_G2/B.pdb/SCAN_1_2_3_4_S_36_10.0/13_SCAN/B.d.cube
-esp
/home/unibas/boittier/RDKit_G2/B.pdb/SCAN_1_2_3_4_S_36_10.0/13_SCAN/B.p.cube
-stepsize
0.2
-n_steps
0
-learning_rate
0.5
   3.5212897848829599        2.3098668339696946       -2.2428329782033920     
   3.0874937892313898      -0.19530749944678963      -0.70692407500641641     
   2.8867465533710495       0.69619575899051145      -0.22242959237367191     
   5.9041659277313245      -0.64404521420590066       0.13420061500944963     
   3.0279374845603302       0.69859490084386777       0.10583218901245034     
   1.2682610376660384      -0.42048373135019251       0.29021170496324261     
   1.8020553671968083       -2.7899716089665834        2.1162425125830211     
   2.7110598848543495      -0.94114967111187775       0.73719391235095177     
   2.0747759535748651      -0.81114704372947932       0.57148670080101560     
  -2.2967639633251409       -1.0076540121644713      -0.43269315186739371     
  -2.3671540194557577       -1.1779850765452253      -0.48842894656852093     
  -3.0498986349919859       -2.4867098366510652      -0.53376429517846868     
  -2.6025070165062489       -1.9265396884187189      -0.38613664472495585     
 -0.46927575942405458       0.59110597113601304        6.8797015455411240E-002
 -0.77740622455229669       0.50335216835875274      -0.31918570251460959     
  -1.2117346830783493       0.62733506255497284       0.87372546784599436     
  -1.4973118079202192      -0.38802835405168190       -8.4964941343166470E-002
  -1.5212878393157632        2.1154799372569730      -0.78335914093960601     
  -1.9701614607095472        1.8339445586708603        1.0400442436306208     
  -4.1675561596341106        2.7682337662587639      -0.27789644286850823     
 -0.41002165164124693        4.1418932366395760       0.72524566449786865     
First
                         Total        1.529042534E+00
Step size:       0.20
Step size in Bohr:       0.38
Learning Rate:       1.00
# Steps:          0
                         Error        1.529042534E+00
