{0, 1, 2, 3, 4, 5, 6, 7, 8, 9, 10} {0, 1, 2, 3, 5, 6, 7}
Something is wrong with Atoms?
atom_charge_dict:  {3: [0, 1, 2, 3, 6], 0: [4, 5, 8], 1: [7, 9, 10, 11, 14], 2: [12], 5: [13, 18], 6: [15, 16, 17], 7: [19, 20, 21, 22]}
3
3 [0, 1, 2, 3, 6] [ 0.14028084  1.37121699 -0.10595248]
3 [0, 1, 2, 3, 6] [ 0.28836835  1.22940409 -0.13629115]
3 [0, 1, 2, 3, 6] [ 0.1151258  -0.61893971 -0.18719062]
3 [0, 1, 2, 3, 6] [ 0.16101868 -0.53318281 -0.20998299]
3 [0, 1, 2, 3, 6] [ 0.45088369  0.1286188  -0.27247409]
2
2 [12] [ 1.41665155 -0.01183224 -0.15017398]
1
1 [7, 9, 10, 11, 14] [-0.84721182 -0.06561697  0.25340596]
1 [7, 9, 10, 11, 14] [-0.10296239 -0.25453418  0.04828192]
1 [7, 9, 10, 11, 14] [-0.21651376 -0.37528496  0.00574653]
1 [7, 9, 10, 11, 14] [-0.10950275 -0.61920516  0.0217218 ]
1 [7, 9, 10, 11, 14] [-0.13956101 -0.3734121   0.36821093]
4
2
1
5
5 [13, 18] [-0.21837538 -1.26897843 -0.01837434]
5 [13, 18] [-0.1002717   0.51293466  0.03440842]
0
0 [4, 5, 8] [0.05222841 0.56333397 0.01842551]
0 [4, 5, 8] [ 0.0491722   0.15344464 -0.03275127]
0 [4, 5, 8] [ 0.64157341  0.23522525 -0.22016722]
6
6 [15, 16, 17] [ 0.52931083  0.26485675 -0.45680192]
6 [15, 16, 17] [ 0.7102068   0.24212217 -0.18424602]
6 [15, 16, 17] [ 0.74756422  0.2195813  -0.02521887]
7
7 [19, 20, 21, 22] [-0.52268627  0.27864777 -0.1066907 ]
7 [19, 20, 21, 22] [-0.09177133 -0.31023481  0.0756092 ]
7 [19, 20, 21, 22] [ 0.0849498  -0.13501986  0.04194313]
7 [19, 20, 21, 22] [ 0.16581548  0.20107895 -0.03837273]
1
0
RMSD using the Kabsch algorithm: 0.7820643185056028
1 [-2.25072394  0.72986822  0.39766951]
2 [-2.10263643  0.58805533  0.36733084]
3 [-2.27587898 -1.26028848  0.31643137]
4 [-2.2299861  -1.17453158  0.29363899]
5 [-1.36861184 -0.40313268  0.14707532]
6 [-1.37166804 -0.81302201  0.09589854]
7 [-1.94012109 -0.51272996  0.23114789]
8 [-1.37824623  0.14938183  0.14371391]
9 [-0.77926684 -0.7312414  -0.09151741]
10 [-0.6339968  -0.03953539 -0.06141013]
11 [-0.74754817 -0.16028616 -0.10394551]
12 [-0.64053717 -0.40420637 -0.08797024]
13 [-0.13043075 -1.54184276 -0.95064045]
14 [ 0.4983303  -1.40276655 -0.64110296]
15 [-0.67059542 -0.15841331  0.25851889]
16 [-0.29149931  1.64624632 -0.33837687]
17 [-0.11060335  1.62351174 -0.06582097]
18 [-0.07324593  1.60097087  0.09320618]
19 [ 0.61643399  0.37914654 -0.5883202 ]
20 [1.32054517 0.0993626  0.19808138]
21 [ 1.75146011 -0.48951998  0.38038128]
22 [ 1.92818124 -0.31430503  0.34671522]
23 [2.00904692 0.02179378 0.26639935]
