-xyz
refined.xyz
-dens
../../cube_files/acrolein/4_SCAN_1_2_6_8_F/O.d.cube
-esp
../../cube_files/acrolein/4_SCAN_1_2_6_8_F/O.p.cube
-stepsize
0.2
-n_steps
1
-learning_rate
0.5
  -4.2532518352487596        1.3792510477561584       0.75148645775754430     
  -3.9734069896859632        1.1112635180041470       0.69415468091927379     
  -4.3007879689030073       -2.3816000661978403       0.59796862443171883     
  -4.2140630013377169       -2.2195430085973809       0.55489727264081201     
  -2.5863015463004912      -0.76181035401444019       0.27793207038891338     
  -2.5920769394060033       -1.5363889256353807       0.18122197545147584     
  -3.6662975161749989      -0.96891920671111298       0.43680621530932223     
  -2.6045079124581689       0.28229073835526775       0.27157993729888036     
  -1.4726008968577711       -1.3818459690741065      -0.17294284264526449     
  -1.1980803107986930       -7.4711053034376126E-002 -0.11604831806810809     
  -1.4126613106963735      -0.30289694783513005      -0.19642855121476124     
  -1.2104398151267823      -0.76383932947932964      -0.16623966897212736     
 -0.24647839776288244       -2.9136605400117439       -1.7964500890689505     
  0.94170779599688659       -2.6508445890151853       -1.2115090068825893     
  -1.2672416835935325      -0.29935776926075103       0.48852990476311281     
 -0.55085387080532267        3.1109546752655395      -0.63943960726986437     
 -0.20901003304747889        3.0679925473378677      -0.12438360452374145     
 -0.13841475255727853        3.0253964781247564       0.17613414747746414     
   1.1648914110214594       0.71648312256587754       -1.1117640436143990     
   2.4954687059293024       0.18776810393739873       0.37431956265450755     
   3.3097799362535398      -0.92505868756630050       0.71881645046804887     
   3.6437344637154534      -0.59395042161779688       0.65519680029355820     
   3.7965484581495343        4.1184271844356142E-002  0.50342181105480821     
First
                         Total        1.821053750E+01
Step size:       0.20
Step size in Bohr:       0.38
Learning Rate:       1.00
# Steps:          1
                         Error  1        1.816114354E+01
                         Error        1.816114354E+01
