-xyz
refined.xyz
-dens
/home/unibas/boittier/RDKit_G2/B.pdb/SCAN_1_2_3_4_S_36_10.0/9_SCAN/B.d.cube
-esp
/home/unibas/boittier/RDKit_G2/B.pdb/SCAN_1_2_3_4_S_36_10.0/9_SCAN/B.p.cube
-stepsize
0.2
-n_steps
10
-learning_rate
0.5
   3.2501380660890193       0.59242512878353126       -3.3438353118409867     
   3.0711467664344894      -0.32942190565888341      -0.51122768737790192     
   2.7903589213966078       0.64076985646040763      -0.73347078313418523     
   5.9266434273106885        3.7677675429528337E-002  0.20296923897719860     
   2.9333919488434121       0.87206559881942503      -0.50170765809954065     
   1.2836026841945745       0.23152523182859649       0.56547392244478234     
   2.0752097379184407      -0.43313842238583283        3.3998268542930608     
   2.7549118766595719       0.16738430548975403        1.1847336017458301     
   2.1288090950059422       0.10312624884532426       0.95431787261553103     
  -1.9298183798066295       -1.3679119032397298      -0.37815905339545597     
  -1.9469324320738981       -1.5551702783271804      -0.41936861018032867     
  -2.2564172334748296       -2.9982724024570744      -0.36860704878940304     
  -1.9888905427006460       -2.3270710229418974      -0.25084482244806416     
 -0.64666956104609941       0.70530925106894626        8.1788145398076648E-002
 -0.87725632798292286       0.50319486453757001      -0.31696091206570004     
  -1.4557190742210493       0.61160791432972850       0.81445857781442499     
  -1.3612403590566640      -0.52484334130478949       -4.0581159969980421E-002
  -1.9850606555491930        1.7805368803238235      -0.99839078732870778     
  -2.4947215265982470        1.5921072461867349       0.82092042742224391     
  -4.7433435535537356        1.7630962428518473      -0.71450697784964412     
  -1.5589875683252485        4.1827012430667274       0.29385940202432320     
First
                         Total        1.455227061E+00
Step size:       0.20
Step size in Bohr:       0.38
Learning Rate:       1.00
# Steps:         10
                         Error  1        1.417876861E+00
                         Error  2        1.381499430E+00
                         Error  3        1.346091795E+00
                         Error  4        1.311649806E+00
                         Error  5        1.278168186E+00
                         Error  6        1.245640582E+00
                         Error  7        1.214059621E+00
                         Error  8        1.183416960E+00
                         Error  9        1.153703343E+00
                         Error 10        1.124908652E+00
                         Error        1.124908652E+00
