atom_charge_dict:  {0: [0, 1], 2: [2, 3], 3: [4], 4: [5, 6], 6: [7, 8, 9], 1: [10, 11], 5: [12, 13], 8: [14, 15], 9: [16, 17, 18], 7: [19, 20], 10: [21, 22], 11: [23, 24, 25, 26], 12: [27, 28, 29]}
2
2 [2, 3] [-0.26581829 -0.4207412  -0.2976032 ]
2 [2, 3] [ 0.04316513 -0.00672228  0.10033229]
0
0 [0, 1] [-0.02447847  0.45614016 -0.3436738 ]
0 [0, 1] [ 0.21008991 -0.25867844  0.03818968]
3
3 [4] [-0.38752222  0.03452876  0.07138209]
4
4 [5, 6] [-0.03622215  0.02586795 -0.10545688]
4 [5, 6] [-0.2471579  -0.14147321  0.32694204]
0
1
1 [10, 11] [-0.23562594  0.31981056  0.00572168]
1 [10, 11] [ 0.12922718 -0.38137693 -0.02581536]
6
6 [7, 8, 9] [-0.25617376  0.15415922  0.02664642]
6 [7, 8, 9] [ 0.08630941 -0.27962344 -0.02292208]
6 [7, 8, 9] [-0.09137716 -0.09307323 -0.02266383]
1
5
5 [12, 13] [0.22933165 0.1254264  0.34152258]
5 [12, 13] [0.15368641 0.53715385 0.097798  ]
8
8 [14, 15] [ 0.02678126 -0.04055995 -0.10029019]
8 [14, 15] [-0.00451981  0.00564789  0.14654871]
5
7
7 [19, 20] [-0.36891258  0.16589459  0.37675703]
7 [19, 20] [-0.25211129  0.33225324 -0.27521368]
9
9 [16, 17, 18] [ 0.03913387  0.18059009 -0.10344632]
9 [16, 17, 18] [0.09637288 0.27208475 0.26374645]
9 [16, 17, 18] [ 0.01031396  0.12601865 -0.17934414]
5
8
10
10 [21, 22] [-0.04016192 -0.36896532  0.31544512]
10 [21, 22] [-0.03203969 -0.24143766  0.21364314]
7
11
11 [23, 24, 25, 26] [-0.41689667  0.29478785  0.0023515 ]
11 [23, 24, 25, 26] [ 0.21960473 -0.14908741 -0.05954161]
11 [23, 24, 25, 26] [-0.05746656 -0.07383724 -0.02535671]
11 [23, 24, 25, 26] [ 0.10616694  0.00413982 -0.00686395]
12
12 [27, 28, 29] [0.05196764 0.22240646 0.38961332]
12 [27, 28, 29] [ 0.09178842 -0.06195872 -0.40592873]
12 [27, 28, 29] [0.0314777  0.02826778 0.01246386]
7
5
RMSD using the Kabsch algorithm: 1.1593879127779667
1 [-1.70683905  1.72372334 -0.36725922]
2 [-1.47227067  1.00890474  0.01460426]
3 [-1.34871499  1.28303464  0.48440663]
4 [-1.03973157  1.69705356  0.88234212]
5 [-3.11905557  1.56025559  0.19380137]
6 [-1.35948904  1.72689472 -1.06849128]
7 [-1.57042478  1.55955355 -0.63609237]
8 [-2.7820012  -0.82013131  0.09847426]
9 [-2.43951803 -1.25391397  0.04890576]
10 [-2.6172046  -1.06736376  0.04916401]
11 [-1.78520913  0.0929635  -0.03822699]
12 [-1.42035601 -0.608224   -0.06976404]
13 [ 0.04004292 -0.76889649  0.08164534]
14 [-0.03560232 -0.35716904 -0.16207924]
15 [-0.11781424 -1.27943739 -1.39986106]
16 [-0.1491153  -1.23322955 -1.15302216]
17 [-0.10953947 -1.60274857  0.27144119]
18 [-0.05230046 -1.51125391  0.63863396]
19 [-0.13835938 -1.65732001  0.19554337]
20 [0.67119857 0.08911418 0.37530179]
21 [ 0.78799987  0.25547284 -0.27666892]
22 [ 1.12890967  0.6370335  -0.55488065]
23 [ 1.1370319   0.76456116 -0.65668263]
24 [ 1.77290654 -0.54811702 -0.15310747]
25 [ 2.40940795 -0.99199229 -0.21500058]
26 [ 2.13233666 -0.91674212 -0.18081569]
27 [ 2.29597016 -0.83876505 -0.16232292]
28 [1.12912753 0.66689186 1.68004953]
29 [1.16894832 0.38252668 0.88450749]
30 [1.10863759 0.47275318 1.30290007]
