-xyz
refined.xyz
-dens
../../cube_files/fbutone/15_SCAN_1_2_6_8_F/N.d.cube
-esp
../../cube_files/fbutone/15_SCAN_1_2_6_8_F/N.p.cube
-stepsize
0.2
-n_steps
100
-learning_rate
0.5
  -3.2254583420578227        3.2573650282698412      -0.69401933571261765     
  -2.7821883478579044        1.9065536358832640        2.7598052236093663E-002
  -2.5487019609180828        2.4245840742265745       0.91539586410239993     
  -1.9648079133860243        3.2069664577971224        1.6673849615179464     
  -5.8941608027842660        2.9484557529261379       0.36623150503305535     
  -2.5690619532862873        3.2633580636232118       -2.0191558949540633     
  -2.9676727435978703        2.9471290923458033       -1.2020403621699052     
  -5.2572203460902607       -1.5498235590967542       0.18608937771589334     
  -4.6100209509963275       -2.3695539822605416        9.2418491569783406E-002
  -4.9457999007236726       -2.0170251860896022        9.2906509122578307E-002
  -3.3735563296413824       0.17567554607532945       -7.2238551094328446E-002
  -2.6840838600698813       -1.1493767840623279      -0.13183492439828048     
   7.5670160844212825E-002  -1.4530037909078903       0.15428733905107000     
  -6.7278638874027685E-002 -0.67495166271670259      -0.30628537799523753     
 -0.22263665059838961       -2.4177862557434926       -2.6453540116851180     
 -0.28178708740453284       -2.3304660970474869       -2.1788961052513591     
 -0.20699959295371406       -3.0287558538195802       0.51294950809314632     
  -9.8833538709708277E-002  -2.8558560008624756        1.2068432715508004     
 -0.26146133686157158       -3.1318809159969065       0.36952340577102821     
   1.2683814743498634       0.16840140176819926       0.70921759938871065     
   1.4891039322401267       0.48277369257098296      -0.52282847876585758     
   2.1333300967597126        1.2038188478164265       -1.0485724687328848     
   2.1486788807237716        1.4448111959199936       -1.2409503152628893     
   3.3503078145128828       -1.0357910569945634      -0.28933118794400969     
   4.5531211553108744       -1.8745937391375411      -0.40629221691675577     
   4.0295323004224350       -1.7323915343381686      -0.34169212937233689     
   4.3387547998171661       -1.5850362322356335      -0.30674586246562713     
   2.1337417879293317        1.2602429645820081        3.1748334929821698     
   2.2089921737390683       0.72287066237636377        1.6714769060449484     
   2.0950214252687878       0.89337402667385146        2.4621243079209130     
First
                         Total        1.285684259E+00
Step size:       0.20
Step size in Bohr:       0.38
Learning Rate:       1.00
# Steps:        100
                         Error  1        1.267675358E+00
                         Error  2        1.250557047E+00
                         Error  3        1.234290392E+00
                         Error  4        1.218836996E+00
                         Error  5        1.204159116E+00
                         Error  6        1.190219778E+00
                         Error  7        1.176982874E+00
                         Error  8        1.164413244E+00
                         Error  9        1.152476747E+00
                         Error 10        1.141140318E+00
                         Error 11        1.130372017E+00
                         Error 12        1.120141062E+00
                         Error 13        1.110417854E+00
                         Error 14        1.101173994E+00
                         Error 15        1.092382286E+00
                         Error 16        1.084016743E+00
                         Error 17        1.076052569E+00
                         Error 18        1.068466153E+00
                         Error 19        1.061235044E+00
                         Error 20        1.054337931E+00
                         Error 21        1.047754610E+00
                         Error 22        1.041465956E+00
                         Error 23        1.035453885E+00
                         Error 24        1.029701323E+00
                         Error 25        1.024192165E+00
                         Error 26        1.018911235E+00
                         Error 27        1.013844248E+00
                         Error 28        1.008977774E+00
                         Error 29        1.004299190E+00
                         Error 30        9.997966487E-01
                         Error 31        9.954590357E-01
                         Error 32        9.912759323E-01
                         Error 33        9.872375786E-01
                         Error 34        9.833348375E-01
                         Error 35        9.795591599E-01
                         Error 36        9.759025512E-01
                         Error 37        9.723575388E-01
                         Error 38        9.689171416E-01
                         Error 39        9.655748399E-01
                         Error 40        9.623245479E-01
                         Error 41        9.591605861E-01
                         Error 42        9.560776565E-01
                         Error 43        9.530708180E-01
                         Error 44        9.501354640E-01
                         Error 45        9.472673001E-01
                         Error 46        9.444623244E-01
                         Error 47        9.417168081E-01
                         Error 48        9.390272771E-01
                         Error 49        9.363904955E-01
                         Error 50        9.338034491E-01
                         Error 51        9.312633309E-01
                         Error 52        9.287675269E-01
                         Error 53        9.263136028E-01
                         Error 54        9.238992916E-01
                         Error 55        9.215224826E-01
                         Error 56        9.191812101E-01
                         Error 57        9.168736434E-01
                         Error 58        9.145980777E-01
                         Error 59        9.123529252E-01
                         Error 60        9.101367066E-01
                         Error 61        9.079480440E-01
                         Error 62        9.057856535E-01
                         Error 63        9.036483384E-01
                         Error 64        9.015349836E-01
                         Error 65        8.994445493E-01
                         Error 66        8.973760658E-01
                         Error 67        8.953286288E-01
                         Error 68        8.933013944E-01
                         Error 69        8.912935750E-01
                         Error 70        8.893044354E-01
                         Error 71        8.873332888E-01
                         Error 72        8.853794936E-01
                         Error 73        8.834424500E-01
                         Error 74        8.815215972E-01
                         Error 75        8.796164105E-01
                         Error 76        8.777263988E-01
                         Error 77        8.758511021E-01
                         Error 78        8.739900896E-01
                         Error 79        8.721429570E-01
                         Error 80        8.703093254E-01
                         Error 81        8.684888389E-01
                         Error 82        8.666811632E-01
                         Error 83        8.648859842E-01
                         Error 84        8.631030061E-01
                         Error 85        8.613319507E-01
                         Error 86        8.595725559E-01
                         Error 87        8.578245743E-01
                         Error 88        8.560877727E-01
                         Error 89        8.543619306E-01
                         Error 90        8.526468397E-01
                         Error 91        8.509423029E-01
                         Error 92        8.492481332E-01
                         Error 93        8.475641538E-01
                         Error 94        8.458901964E-01
                         Error 95        8.442261015E-01
                         Error 96        8.425717171E-01
                         Error 97        8.409268988E-01
                         Error 98        8.392915087E-01
                         Error 99        8.376654154E-01
                         Error100        8.360484934E-01
                         Error        8.360484934E-01
