-xyz
refined.xyz
-dens
/home/unibas/boittier/RDKit_G2/B.pdb/SCAN_1_2_3_4_S_36_10.0/9_SCAN/B.d.cube
-esp
/home/unibas/boittier/RDKit_G2/B.pdb/SCAN_1_2_3_4_S_36_10.0/9_SCAN/B.p.cube
-stepsize
0.2
-n_steps
0
-learning_rate
0.5
   3.4915069728880295       0.72514871350380594       -3.6591907833246564     
   3.5614162684202189      -0.52695899629355614      -0.24916843074984474     
   3.8440503816444274        9.3381574993329441E-002  -7.9002215894094369E-003
   6.4074638650098459       0.12029937362311845       -3.6001780526869080E-002
   3.5973065932618495       0.71330019816264301        2.5818446315993733E-002
   1.4931452253711730      -0.95932638287934502       0.99098816459480599     
   1.1138888769416091       -1.0877623187522145       0.86461835040521262     
   2.3459702562736147      -0.23185754472746858        2.1649992200415897     
   2.3775454882377867       0.28633931294557236        2.2738951426634699     
   2.4134460068845414      -0.74021538705210022        2.0914168378157982     
  -2.1595800740497344        3.1385374258326717      -0.13970875857079734     
  -1.8718209186167549        2.3472232899466978       -3.0879055083400574E-002
 -0.85595474477647826      -0.80215784465717244      -0.54545215475583853     
 -0.72534936687342377       -1.0757849313407797      -0.27110424304270936     
  -1.5892906903692665      -0.81647339424610699       0.55764473431623296     
  -1.2930109880037530       0.39495304330100978      -0.12379465775091596     
  -5.1360703822372971       -1.5760580804474742       -1.1715578955459960     
  -2.7167655698665993       -1.4769753066791802      -0.41491660650443385     
  -2.2893823290460724       -1.5232809192390147      -0.98286060211274073     
  -2.8215587485277052       -1.5917773008298006       0.27168695532580200     
  -1.4815825682210553       -4.4345546992282845      -0.17821086588665491     
First
                         Total        7.642238156E+00
Step size:       0.20
Step size in Bohr:       0.38
Learning Rate:       1.00
# Steps:          0
                         Error        7.642238156E+00
