node34.cluster
/home/unibas/boittier/FDCM/fbuta/0_1
atom_charge_dict:  {8: [0], 3: [1, 3, 4], 9: [2], 2: [5, 6, 7, 8], 7: [9], 6: [10, 11, 12, 13], 1: [14, 15, 16, 17], 4: [18], 0: [19, 20, 21, 22], 5: [23, 24]}
4
4 [18] [-0.22289506  0.06033724 -0.0006947 ]
0
0 [19, 20, 21, 22] [ 0.54249827 -0.03579723 -0.13303551]
0 [19, 20, 21, 22] [0.31083197 0.2357875  0.17515037]
0 [19, 20, 21, 22] [ 0.1455558   0.43603692 -0.01673361]
0 [19, 20, 21, 22] [ 0.17494739  0.23876543 -0.15057915]
5
5 [23, 24] [-0.00214048 -0.13045944  0.3757404 ]
5 [23, 24] [-0.01425073 -0.08899378  0.20615316]
6
6 [10, 11, 12, 13] [-0.0547439   0.29768564  0.00609852]
6 [10, 11, 12, 13] [-0.04098317 -0.05669448 -0.07278648]
6 [10, 11, 12, 13] [-0.11573975 -0.47353738 -0.0005832 ]
6 [10, 11, 12, 13] [-0.06484403  0.09804407  0.054986  ]
1
1 [14, 15, 16, 17] [ 0.04778462 -0.12399937  0.11434765]
1 [14, 15, 16, 17] [ 0.02724996  0.29613665 -0.05599479]
1 [14, 15, 16, 17] [ 0.07305195 -0.40523359  0.01808733]
1 [14, 15, 16, 17] [-0.17332809 -0.2256611  -0.24597596]
2
2 [5, 6, 7, 8] [ 0.49233134 -0.26401989  0.08857203]
2 [5, 6, 7, 8] [-0.00071619  0.16060702 -0.49872255]
2 [5, 6, 7, 8] [ 0.2894982  -0.04618036  0.15127909]
2 [5, 6, 7, 8] [-0.14679137  0.26843715 -0.01136391]
7
7 [9] [-0.01834983 -0.37717928 -0.05015312]
2
3
3 [1, 3, 4] [-0.132708   -0.21867596 -0.50276186]
3 [1, 3, 4] [ 0.13759102 -0.5099183  -0.04791833]
3 [1, 3, 4] [-0.14413991 -0.3999774   0.25895458]
8
8 [0] [-0.06117815  0.24228203  0.03959699]
3
9
9 [2] [ 0.38355402 -0.11333337 -0.00074155]
RMSD using the Kabsch algorithm: 0.6818803080329952
1 [1.90624743 1.27715856 0.35825944]
2 [ 1.81807073 -0.24746054 -0.3954781 ]
3 [ 3.28663015 -0.65905615  0.07386023]
4 [ 2.08836975 -0.53870288  0.05936543]
5 [ 1.80663882 -0.42876198  0.36623834]
6 [ 1.29791759 -0.94667569 -0.03520935]
7 [ 0.80487007 -0.52204877 -0.62250393]
8 [ 1.09508446 -0.72883615  0.02749771]
9 [ 0.65879489 -0.41421864 -0.13514529]
10 [ 0.79013631 -2.12879484 -0.37149797]
11 [-0.55606026  1.62843244 -0.05478488]
12 [-0.54229953  1.27405232 -0.13366988]
13 [-0.61705611  0.85720943 -0.0614666 ]
14 [-0.56616039  1.42879088 -0.0058974 ]
15 [-0.47432311 -0.20281764  0.06275712]
16 [-0.49485777  0.21731838 -0.10758531]
17 [-0.44905577 -0.48405186 -0.0335032 ]
18 [-0.69543581 -0.30447937 -0.29756648]
19 [-2.83985049 -0.05437404  0.18111041]
20 [-1.1573352  -0.71821224 -0.03675281]
21 [-1.3890015  -0.44662751  0.27143307]
22 [-1.55427768 -0.2463781   0.07954909]
23 [-1.52488608 -0.44364959 -0.05429645]
24 [-1.75887    -1.89396402  0.50079762]
25 [-1.77098025 -1.85249836  0.33121038]

real	0m8.676s
user	0m8.636s
sys	0m0.011s
-xyz
refined.xyz
-dens
../../cube_files/fbuta/1_SCAN_1_2_3_4_F/B.d.cube
-esp
../../cube_files/fbuta/1_SCAN_1_2_3_4_F/B.p.cube
-stepsize
0.2
-n_steps
1
-learning_rate
0.5
   3.6022855678747248        2.4134799020525461       0.67701221930349953     
   3.4356557507240071      -0.46763265391066544      -0.74734530251917963     
   6.2108308627094297       -1.2454356243659890       0.13957560996823246     
   3.9464468756203437       -1.0180009087852990       0.11218440737760466     
   3.4140525736788780      -0.81024272307986855       0.69209014994240037     
   2.4527087826184810       -1.7889577745836269       -6.6536033176244222E-002
   1.5209839968401691      -0.98652920502471231       -1.1763619330174813     
   2.0694097135613077       -1.3773007227750662        5.1963135965103262E-002
   1.2449419155770425      -0.78275979427690778      -0.25538758381332888     
   1.4931412323225925       -4.0228392205687324      -0.70202942721079353     
  -1.0508015944436335        3.0772913308197940      -0.10352841519314496     
  -1.0247975822058184        2.4076099583458319      -0.25259946405409850     
  -1.1660670501880024        1.6198910486576867      -0.11615503347298861     
  -1.0698880751033359        2.7000234451075409       -1.1144467869382368E-002
 -0.89634077012066848      -0.38326978465837130       0.11859377101446784     
 -0.93514565211389156       0.41067221412376870      -0.20330677576482567     
 -0.84859242141465030      -0.91472545004258843       -6.3311867702930458E-002
  -1.3141832270948541      -0.57538261656410306      -0.56231916062564369     
  -5.3665396540177506      -0.10275204720567317       0.34224906516329778     
  -2.1870465626352416       -1.3572244414525703       -6.9452742803998033E-002
  -2.6248324309288962      -0.84400367933034515       0.51293415929117370     
  -2.9371591306306373      -0.46558712287969511       0.15032598749885354     
  -2.8816170633298741      -0.83837621463124634      -0.10260542865876228     
  -3.3237825964413434       -3.5790732866609587       0.94637034769260098     
  -3.3466676466322123       -3.5007145412172553       0.62589691098223510     
First
                         Total        3.964916215E-01
Step size:       0.20
Step size in Bohr:       0.38
Learning Rate:       1.00
# Steps:          1
                         Error  1        3.954807469E-01
                         Error        3.954807469E-01
/home/unibas/boittier/FDCM/fbuta/1_2
atom_charge_dict:  {8: [0], 3: [1, 3, 4], 9: [2], 2: [5, 6, 7, 8], 7: [9], 6: [10, 11, 12, 13], 1: [14, 15, 16, 17], 4: [18], 0: [19, 20, 21, 22], 5: [23, 24]}
4
4 [18] [-0.22474893  0.04940977  0.01913224]
0
0 [19, 20, 21, 22] [ 0.52886344 -0.0126837  -0.18288339]
0 [19, 20, 21, 22] [0.31345344 0.25484872 0.14026704]
0 [19, 20, 21, 22] [ 0.12110887  0.44204955 -0.03913875]
0 [19, 20, 21, 22] [ 0.14781942  0.24317129 -0.17117519]
5
5 [23, 24] [ 0.039641   -0.12111208  0.37679047]
5 [23, 24] [ 0.00965056 -0.0844641   0.20829316]
6
6 [10, 11, 12, 13] [-0.06893525  0.29466609  0.00783859]
6 [10, 11, 12, 13] [-0.04287082 -0.05937068 -0.06953036]
6 [10, 11, 12, 13] [-0.09178515 -0.47864006  0.01025115]
6 [10, 11, 12, 13] [-0.06584869  0.09524468  0.05854045]
1
1 [14, 15, 16, 17] [ 0.06137928 -0.12038138  0.11168861]
1 [14, 15, 16, 17] [ 0.00871965  0.29656581 -0.05960017]
1 [14, 15, 16, 17] [ 0.09418858 -0.40093183  0.01578155]
1 [14, 15, 16, 17] [-0.17787699 -0.23631818 -0.23235273]
2
2 [5, 6, 7, 8] [ 0.51085927 -0.23606768  0.05692163]
2 [5, 6, 7, 8] [-0.04271784  0.15558308 -0.49847577]
2 [5, 6, 7, 8] [ 0.30099024 -0.02898912  0.1318327 ]
2 [5, 6, 7, 8] [-0.16167004  0.25997873 -0.00308709]
7
7 [9] [ 1.81806632e-04 -3.54818073e-01 -1.38628926e-01]
2
3
3 [1, 3, 4] [-0.09004543 -0.09553968 -0.54859772]
3 [1, 3, 4] [ 0.15913434 -0.48115133 -0.15621345]
3 [1, 3, 4] [-0.14674676 -0.4527786   0.14593665]
8
8 [0] [-0.07277009  0.22356192  0.09346686]
3
9
9 [2] [ 0.38731629 -0.09967421 -0.00379409]
RMSD using the Kabsch algorithm: 0.7503185278386235
1 [1.82764105 1.18660532 0.77143097]
2 [ 1.84740333 -0.11210874 -0.3354775 ]
3 [ 3.29785488 -0.5845067   0.11273121]
4 [ 2.0965831  -0.49772039  0.05690677]
5 [ 1.790702   -0.46934766  0.35905687]
6 [ 1.34663825 -0.85480259 -0.19347646]
7 [ 0.79306113 -0.46315184 -0.74887386]
8 [ 1.13676922 -0.64772403 -0.11856538]
9 [ 0.67410894 -0.35875618 -0.25348518]
10 [ 0.89500741 -1.96494493 -0.8314645 ]
11 [-0.63944574  1.62111597 -0.10438874]
12 [-0.61338131  1.2670792  -0.18175769]
13 [-0.66229564  0.84780983 -0.10197618]
14 [-0.63635918  1.42169457 -0.05368688]
15 [-0.45899063 -0.20544922  0.01930277]
16 [-0.51165026  0.21149796 -0.15198601]
17 [-0.42618132 -0.48599968 -0.07660429]
18 [-0.6982469  -0.32138603 -0.32473857]
19 [-2.80227484 -0.16692308  0.36323382]
20 [-1.11580227e+00 -7.53538906e-01  9.39474085e-04]
21 [-1.33121227 -0.48600649  0.3240899 ]
22 [-1.52355684 -0.29880566  0.14468411]
23 [-1.49684629 -0.49768392  0.01264767]
24 [-1.60316572 -1.94355375  0.61612876]
25 [-1.63315616 -1.90690576  0.44763145]

real	0m8.668s
user	0m8.633s
sys	0m0.013s
-xyz
refined.xyz
-dens
../../cube_files/fbuta/2_SCAN_1_2_3_4_F/B.d.cube
-esp
../../cube_files/fbuta/2_SCAN_1_2_3_4_F/B.p.cube
-stepsize
0.2
-n_steps
1
-learning_rate
0.5
   3.4537410386698122        2.2423590758123195        1.4577932573973797     
   3.4910863416589870      -0.21185481975198889      -0.63396059696172813     
   6.2320425275713740       -1.1045575870169715       0.21303111678100300     
   3.9619678585151061      -0.94055522047350260       0.10753820687796248     
   3.3839363553769761      -0.88693853071193784       0.67851914245489875     
   2.5447774892699258       -1.6153427945563434      -0.36561752569698824     
   1.4986683435203292      -0.87523013241843350       -1.4151665028718634     
   2.1481824896543764       -1.2240210263758553      -0.22405610545959248     
   1.2738812779608006      -0.67795093291122199      -0.47901756704956028     
   1.6913188915498083       -3.7132077705189133       -1.5712401826657447     
  -1.2083773139737843        3.0634652021546231      -0.19726612211924602     
  -1.1591226773694854        2.3944326718043047      -0.34347225963874367     
  -1.2515573714014601        1.6021283763408132      -0.19270704981934988     
  -1.2025445621934256        2.6866133660215414      -0.10145350295928249     
 -0.86736658493106322      -0.38824276671239816        3.6476946474966569E-002
 -0.96687885415426955       0.39967322831891594      -0.28721193583979571     
 -0.80536597913585373      -0.91840629222872228      -0.14476112880590897     
  -1.3194954006953459      -0.60733156869372362      -0.61366696377053109     
  -5.2955319782669337      -0.31543889788077295       0.68641244116141298     
  -2.1085607038555936       -1.4239821568515281        1.7753487224100529E-003
  -2.5156266114156844      -0.91841916285052738       0.61244115457383774     
  -2.8791051640748799      -0.56466086793656578       0.27341334156932656     
  -2.8286295438708313      -0.94048630596052096        2.3900635084267846E-002
  -3.0295441365778033       -3.6727842899261809        1.1643146112486031     
  -3.0862178576135588       -3.6035296385440470       0.84590083802519522     
First
                         Total        5.655254103E-01
Step size:       0.20
Step size in Bohr:       0.38
Learning Rate:       1.00
# Steps:          1
                         Error  1        5.611458695E-01
                         Error        5.611458695E-01
/home/unibas/boittier/FDCM/fbuta/2_3
atom_charge_dict:  {8: [0], 3: [1, 3, 4], 9: [2], 2: [5, 6, 7, 8], 7: [9], 6: [10, 11, 12, 13], 1: [14, 15, 16, 17], 4: [18], 0: [19, 20, 21, 22], 5: [23, 24]}
4
4 [18] [ 0.22691402  0.02639198 -0.0335482 ]
0
0 [19, 20, 21, 22] [-0.51479474  0.04071904  0.21606848]
0 [19, 20, 21, 22] [-0.29423274  0.28557339 -0.12130929]
0 [19, 20, 21, 22] [-0.072999    0.45200031  0.04471833]
0 [19, 20, 21, 22] [-0.11121552  0.25657174  0.17906564]
5
5 [23, 24] [-0.07581394 -0.11581072 -0.37291413]
5 [23, 24] [-0.03155433 -0.08266767 -0.20680472]
6
6 [10, 11, 12, 13] [ 0.09767932  0.28611119 -0.01504235]
6 [10, 11, 12, 13] [ 0.04242509 -0.06375957  0.06588245]
6 [10, 11, 12, 13] [ 0.04114326 -0.48545357 -0.01596375]
6 [10, 11, 12, 13] [ 0.07001319  0.088251   -0.06436332]
1
1 [14, 15, 16, 17] [-0.08263982 -0.11302176 -0.10549764]
1 [14, 15, 16, 17] [0.02668417 0.29566168 0.05881323]
1 [14, 15, 16, 17] [-0.13569635 -0.3891083  -0.00584972]
1 [14, 15, 16, 17] [ 0.17211201 -0.25426698  0.21728367]
2
2 [5, 6, 7, 8] [-0.53650992 -0.17889752 -0.01147353]
2 [5, 6, 7, 8] [0.10204987 0.14824194 0.49202532]
2 [5, 6, 7, 8] [-0.31249507  0.00432464 -0.10542388]
2 [5, 6, 7, 8] [ 0.18854717  0.24088653 -0.01226301]
7
7 [9] [-0.0301821  -0.27728041  0.25946126]
2
3
3 [1, 3, 4] [0.07539841 0.10852315 0.54837016]
3 [1, 3, 4] [-0.19864582 -0.37681548  0.31587403]
3 [1, 3, 4] [ 0.11238452 -0.48361606  0.03726124]
8
8 [0] [ 0.09126431  0.16864228 -0.1650526 ]
3
9
9 [2] [-0.39401657 -0.06516137  0.02184848]
RMSD using the Kabsch algorithm: 0.9190702039805574
1 [-1.71597304  0.89219763 -1.26288003]
2 [-1.85192879  0.09456452  0.23812427]
3 [-3.33050229 -0.41341752 -0.07331977]
4 [-2.12597302 -0.39077411  0.00562813]
5 [-1.81494267 -0.49757469 -0.27298465]
6 [-1.42001802 -0.65425087  0.37502254]
7 [-0.78145823 -0.32711141  0.87852138]
8 [-1.19600316 -0.47102871  0.28107219]
9 [-0.69496092 -0.23446682  0.37423305]
10 [-1.0570723  -1.5032036   1.41982842]
11 [0.80577582 1.59928455 0.10226402]
12 [0.7505216  1.24941379 0.18318882]
13 [0.74923977 0.8277198  0.10134262]
14 [0.7781097  1.40142436 0.05294305]
15 [ 0.42940825 -0.20245849  0.00257406]
16 [0.53873224 0.20622495 0.16688493]
17 [ 0.37635172 -0.47854503  0.10222198]
18 [ 0.68416008 -0.34370372  0.32535537]
19 [ 2.73861878 -0.40197204 -0.48723122]
20 [ 1.02747099 -0.81523798 -0.01615873]
21 [ 1.24803299 -0.57038364 -0.3535365 ]
22 [ 1.46926673 -0.40395671 -0.18750888]
23 [ 1.43105021 -0.59938529 -0.05316157]
24 [ 1.34935603 -2.04715066 -0.65492843]
25 [ 1.39361564 -2.01400761 -0.48881902]

real	0m8.802s
user	0m8.775s
sys	0m0.013s
-xyz
refined.xyz
-dens
../../cube_files/fbuta/3_SCAN_1_2_3_4_F/B.d.cube
-esp
../../cube_files/fbuta/3_SCAN_1_2_3_4_F/B.p.cube
-stepsize
0.2
-n_steps
1
-learning_rate
0.5
  -3.2427190936748165        1.6860091711408225       -2.3864973918994434     
  -3.4996382103190307       0.17870104369113496       0.44998964538512404     
  -6.2937371880727238      -0.78124588209702317      -0.13855427870091971     
  -4.0175067544895562      -0.73845603910805235        1.0635632709287737E-002
  -3.4297445819049273      -0.94027988986964028      -0.51586623172375412     
  -2.6834451473235670       -1.2363549529025346       0.70868988730219196     
  -1.4767420372791691      -0.61815097360416682        1.6601648048978268     
  -2.2601184247650346      -0.89011525353205434       0.53114945178217099     
  -1.3132858148797697      -0.44307808172542179       0.70719796987724171     
  -1.9975771378314111       -2.8406431094465665        2.6830868556876379     
   1.5226956264948224        3.0222097941802852       0.19325099089541070     
   1.4182802663503937        2.3610498882825666       0.34617670291991809     
   1.4158579643209017        1.5641637250682991       0.19150978814533498     
   1.4704142219220493        2.6483082257364368       0.10004785651606792     
  0.81146397968771977      -0.38259110107713984        4.8642763879378605E-003
   1.0180563843957966       0.38970866820958239       0.31536681173249886     
  0.71120167220126074      -0.90431904962521403       0.19317154166955350     
   1.2928751732022128      -0.64950589500896660       0.61483253878606203     
   5.1752394587932269      -0.75961706466573597      -0.92073357393417032     
   1.9416387700038162       -1.5405765157970841       -3.0535578815453074E-002
   2.3584405422347148       -1.0778688599026722      -0.66808715334971569     
   2.7765117276664539      -0.76336755271861267      -0.35434042831451568     
   2.7042929605214425       -1.1326740403216689      -0.10046080169792641     
   2.5499133494625035       -3.8685540850102553       -1.2376353699259184     
   2.6335518812533425       -3.8059228026280691      -0.92373406391463930     
First
                         Total        8.453267867E-01
Step size:       0.20
Step size in Bohr:       0.38
Learning Rate:       1.00
# Steps:          1
                         Error  1        8.347044179E-01
                         Error        8.347044179E-01
/home/unibas/boittier/FDCM/fbuta/3_4
atom_charge_dict:  {8: [0], 3: [1, 3, 4], 9: [2], 2: [5, 6, 7, 8], 7: [9], 6: [10, 11, 12, 13], 1: [14, 15, 16, 17], 4: [18], 0: [19, 20, 21, 22], 5: [23, 24]}
4
4 [18] [ 0.22738453 -0.01406389 -0.03743962]
0
0 [19, 20, 21, 22] [-0.4969045   0.14701251  0.21193474]
0 [19, 20, 21, 22] [-0.24841958  0.31236686 -0.15330922]
0 [19, 20, 21, 22] [-1.24913881e-04  4.59993155e-01 -9.24955275e-03]
0 [19, 20, 21, 22] [-0.06530069  0.29012602  0.14756975]
5
5 [23, 24] [-0.10172297 -0.14526129 -0.35608879]
5 [23, 24] [-0.04894481 -0.10023684 -0.19527006]
6
6 [10, 11, 12, 13] [ 0.14097871  0.26418378 -0.04401679]
6 [10, 11, 12, 13] [ 0.03709465 -0.06571488  0.06722625]
6 [10, 11, 12, 13] [-0.03963736 -0.48547467  0.01820612]
6 [10, 11, 12, 13] [ 0.07769525  0.07098813 -0.07592401]
1
1 [14, 15, 16, 17] [-0.108484   -0.10408078 -0.0902171 ]
1 [14, 15, 16, 17] [0.07904055 0.29018073 0.03396739]
1 [14, 15, 16, 17] [-0.19698822 -0.36036521  0.0340067 ]
1 [14, 15, 16, 17] [ 0.14667256 -0.2653272   0.22269643]
2
2 [5, 6, 7, 8] [-0.55848861 -0.07964331  0.04235215]
2 [5, 6, 7, 8] [0.16846476 0.15939367 0.4697132 ]
2 [5, 6, 7, 8] [-0.31479306  0.0534554  -0.08234273]
2 [5, 6, 7, 8] [ 0.22574642  0.20176842 -0.04519115]
7
7 [9] [-0.04720353 -0.07391762  0.37071992]
2
3
3 [1, 3, 4] [0.11899053 0.38988205 0.38979482]
3 [1, 3, 4] [-0.22369554 -0.1007418   0.47016558]
3 [1, 3, 4] [ 0.0561775  -0.38651448  0.30894882]
8
8 [0] [ 0.10134833  0.04007902 -0.22832177]
3
9
9 [2] [-0.39752995 -0.00600968  0.0437921 ]
RMSD using the Kabsch algorithm: 1.1397049557446453
1 [-1.67581642  0.13174835 -1.64427665]
2 [-1.82193334  0.31738004  0.03471176]
3 [-3.36756233 -0.14460802  0.02608531]
4 [-2.1646194  -0.17324381  0.11508252]
5 [-1.88474636 -0.45901649 -0.04613424]
6 [-1.48039167 -0.2668021   0.54397596]
7 [-0.7534383  -0.02776512  0.97133701]
8 [-1.23669612 -0.13370339  0.41928109]
9 [-0.69615665  0.01460962  0.45643266]
10 [-1.15386081 -0.41267292  1.93371563]
11 [ 1.05627871  1.53644806 -0.06610887]
12 [0.95239464 1.2065494  0.04513417]
13 [ 0.87566263  0.7867896  -0.00388596]
14 [ 0.99299524  1.34325241 -0.09801609]
15 [ 3.85480500e-01 -1.81663417e-01  3.31959118e-04]
16 [0.57300505 0.21259809 0.12451646]
17 [ 0.29697628 -0.43794785  0.12455577]
18 [ 0.64063706 -0.34290984  0.3132455 ]
19 [ 2.6338053  -0.80454108 -0.45735797]
20 [ 0.89004566 -0.88291357  0.06726304]
21 [ 1.13853058 -0.71755922 -0.29798092]
22 [ 1.38682525 -0.56993293 -0.15392125]
23 [ 1.32164947 -0.73980006  0.00289805]
24 [ 0.99948854 -2.21646219 -0.42118444]
25 [ 1.0522667  -2.17143774 -0.26036571]

real	0m8.878s
user	0m8.864s
sys	0m0.011s
-xyz
refined.xyz
-dens
../../cube_files/fbuta/4_SCAN_1_2_3_4_F/B.d.cube
-esp
../../cube_files/fbuta/4_SCAN_1_2_3_4_F/B.p.cube
-stepsize
0.2
-n_steps
1
-learning_rate
0.5
  -3.1668340768168188       0.24896830727377381       -3.1072325504937157     
  -3.4429550359349808       0.59976135898188454        6.5595725992500631E-002
  -6.3637705068184101      -0.27326955126765151        4.9294090719708354E-002
  -4.0905378365157388      -0.32738336297264792       0.21747444603316746     
  -3.5616544409869668      -0.86741545464356418       -8.7181076510463626E-002
  -2.7975348231096246      -0.50418289971580665        1.0279655850958802     
  -1.4237920427516706       -5.2468471545676965E-002   1.8355609285158643     
  -2.3370169713375848      -0.25266279602107589       0.79232642232524797     
  -1.3155454064005510        2.7608187637748069E-002  0.86253272358030253     
  -2.1804809195737525      -0.77983879461775363        3.6541929424595647     
   1.9960774674388218        2.9034660304310780      -0.12492765635975606     
   1.7997650420110534        2.2800479230605704        8.5291213467245094E-002
   1.6547625473537941        1.4868168677391604       -7.3434049418687527E-003
   1.8764890521559714        2.5383791692086159      -0.18522356543347968     
  0.72845257098017768      -0.34329410528673981        6.2731181746451456E-004
   1.0828226213823735       0.40175216821253495       0.23530200019208775     
  0.56120383417296071      -0.82760149138061401       0.23537628703724806     
   1.2106285968844652      -0.64800567961654276       0.59194819638205498     
   4.9771706849127577       -1.5203622996847730      -0.86428130647130963     
   1.6819425350635795       -1.6684648459807976       0.12710871717451655     
   2.1515109768270375       -1.3559904079947480      -0.56310233869367510     
   2.6207199035507425       -1.0770171419496664      -0.29086901264290055     
   2.4975555345411231       -1.3980195011229062        5.4765285566005873E-003
   1.8887596135780584       -4.1885065013010445      -0.79592324580990570     
   1.9884958801806754       -4.1034226198357864      -0.49201987981143736     
First
                         Total        1.087814746E+00
Step size:       0.20
Step size in Bohr:       0.38
Learning Rate:       1.00
# Steps:          1
                         Error  1        1.071491388E+00
                         Error        1.071491388E+00
/home/unibas/boittier/FDCM/fbuta/4_5
atom_charge_dict:  {8: [0], 3: [1, 3, 4], 9: [2], 2: [5, 6, 7, 8], 7: [9], 6: [10, 11, 12, 13], 1: [14, 15, 16, 17], 4: [18], 0: [19, 20, 21, 22], 5: [23, 24]}
4
4 [18] [-0.22237153  0.05494755 -0.02879879]
0
0 [19, 20, 21, 22] [ 0.4679964  -0.2523599   0.17554609]
0 [19, 20, 21, 22] [ 0.19441059 -0.3225045  -0.20230509]
0 [19, 20, 21, 22] [-0.0735472  -0.4482879  -0.07339594]
0 [19, 20, 21, 22] [ 0.01870116 -0.31471118  0.10365631]
5
5 [23, 24] [ 0.12227466  0.17653951 -0.33489796]
5 [23, 24] [ 0.0635919   0.11792199 -0.18053973]
6
6 [10, 11, 12, 13] [-0.18270178 -0.23086786 -0.07004438]
6 [10, 11, 12, 13] [-0.02640111  0.06389113  0.07377179]
6 [10, 11, 12, 13] [0.12046012 0.46736592 0.06776523]
6 [10, 11, 12, 13] [-0.08769542 -0.04869556 -0.08240775]
1
1 [14, 15, 16, 17] [ 0.12541193  0.09316414 -0.07974188]
1 [14, 15, 16, 17] [-0.12694063 -0.27480987  0.00452771]
1 [14, 15, 16, 17] [0.25431596 0.31655087 0.06976022]
1 [14, 15, 16, 17] [-0.1026825   0.26219641  0.24950299]
2
2 [5, 6, 7, 8] [ 0.56320905 -0.02677427  0.04684864]
2 [5, 6, 7, 8] [-0.2000502  -0.17509594  0.45128798]
2 [5, 6, 7, 8] [ 0.30108583 -0.09975588 -0.08976355]
2 [5, 6, 7, 8] [-0.25753895 -0.15237161 -0.06465752]
7
7 [9] [ 0.03780245 -0.13295897  0.35501636]
2
3
3 [1, 3, 4] [-0.16621348 -0.52224547  0.13276197]
3 [1, 3, 4] [ 0.21333064 -0.17787615  0.45183529]
3 [1, 3, 4] [-0.0352402   0.17470104  0.46511182]
8
8 [0] [-0.0964041   0.08559973 -0.21766695]
3
9
9 [2] [ 0.39573096 -0.0416239   0.04072488]
RMSD using the Kabsch algorithm: 0.9920322386340057
1 [ 1.72631115  0.61021258 -1.53926111]
2 [ 1.79681411 -0.39551763 -0.18813837]
3 [ 3.37893137 -0.09066538  0.04450374]
4 [ 2.17635823 -0.05114831  0.13093495]
5 [1.92778739 0.30142888 0.14421148]
6 [ 1.48821415 -0.15170238  0.52956814]
7 [ 0.7249549  -0.30002405  0.93400747]
8 [ 1.22609093 -0.22468398  0.39295594]
9 [ 0.66746615 -0.27729971  0.41806197]
10 [ 1.11539151 -0.69416705  1.82271258]
11 [-1.3013084  -1.40754214 -0.24494532]
12 [-1.14500773 -1.11278314 -0.10112914]
13 [-0.9981465  -0.70930835 -0.10713571]
14 [-1.20630204 -1.22536983 -0.25730868]
15 [-0.35275611  0.1572607  -0.00653871]
16 [-0.60510867 -0.21071331  0.07773088]
17 [-0.22385208  0.38064744  0.14296339]
18 [-0.58085055  0.32629297  0.32270616]
19 [-2.47844676  1.19038094 -0.2971672 ]
20 [-0.74208217  0.91696146  0.18492205]
21 [-1.01566798  0.84681686 -0.19292913]
22 [-1.28362577  0.72103346 -0.06401999]
23 [-1.19137741  0.85461018  0.11303227]
24 [-0.6364117   2.30550696 -0.10868855]
25 [-0.69509446  2.24688944  0.04566968]

real	0m8.902s
user	0m8.860s
sys	0m0.016s
-xyz
refined.xyz
-dens
../../cube_files/fbuta/5_SCAN_1_2_3_4_F/B.d.cube
-esp
../../cube_files/fbuta/5_SCAN_1_2_3_4_F/B.p.cube
-stepsize
0.2
-n_steps
1
-learning_rate
0.5
   3.2622552772832982        1.1531346564758769       -2.9087819291968691     
   3.3954865705161623      -0.74741999537235249      -0.35553000016873593     
   6.3852548889142655      -0.17133272975284231        8.4099871140776231E-002
   4.1127210114517991       -9.6656294726291933E-002  0.24743120116130624     
   3.6429901899776937       0.56961802270991446       0.27252020441286340     
   2.8123171546777788      -0.28667594181635020        1.0007387447377218     
   1.3699662098506595      -0.56696328599601387        1.7650183257973131     
   2.3169760623609092      -0.42459119300091946       0.74257910310053754     
   1.2613282174389413      -0.52402051518534631       0.79002263612363477     
   2.1077844759742033       -1.3117856137915942        3.4444275905753234     
  -2.4591164830081249       -2.6598691456862280      -0.46287956129645053     
  -2.1637510279012320       -2.1028553718426326      -0.19110638104292382     
  -1.8862235165930923       -1.3403985245886401      -0.20245714175243151     
  -2.2795804787613902       -2.3156133812308757      -0.48624294136834983     
 -0.66661244050111568       0.29717965635143134       -1.2356366702472948E-002
  -1.1434896686947620      -0.39819044176662977       0.14689008181822408     
 -0.42301912683555343       0.71931940499225544       0.27016166042052264     
  -1.0976484508060234       0.61660434968890832       0.60982626882899549     
  -4.6835855924910526        2.2494939661172224      -0.56156462384164485     
  -1.4023320695876620        1.7328060207034952       0.34945203158939486     
  -1.9193343260307520        1.6002519442223424      -0.36458321463898896     
  -2.4257011614605095        1.3625557700843418      -0.12098023893580817     
  -2.2513770199619314        1.6149791762531789       0.21360003542473338     
  -1.2026438177667944        4.3567767259346617      -0.20539158796967094     
  -1.3135381548782972        4.2460056727749924        8.6303181978347604E-002
First
                         Total        1.152435055E+00
Step size:       0.20
Step size in Bohr:       0.38
Learning Rate:       1.00
# Steps:          1
                         Error  1        1.134406167E+00
                         Error        1.134406167E+00
/home/unibas/boittier/FDCM/fbuta/5_6
atom_charge_dict:  {8: [0], 3: [1, 3, 4], 9: [2], 2: [5, 6, 7, 8], 7: [9], 6: [10, 11, 12, 13], 1: [14, 15, 16, 17], 4: [18], 0: [19, 20, 21, 22], 5: [23, 24]}
4
4 [18] [-0.2130852   0.08734665 -0.01614089]
0
0 [19, 20, 21, 22] [ 0.43268099 -0.32658614  0.14040357]
0 [19, 20, 21, 22] [ 0.1397323  -0.33250821 -0.22930696]
0 [19, 20, 21, 22] [-0.13908847 -0.42788527 -0.09710556]
0 [19, 20, 21, 22] [-0.02296818 -0.32021073  0.08360654]
5
5 [23, 24] [ 0.13511475  0.17928255 -0.3284801 ]
5 [23, 24] [ 0.07367306  0.11937453 -0.17560914]
6
6 [10, 11, 12, 13] [-0.21658116 -0.19911379 -0.07084958]
6 [10, 11, 12, 13] [-0.01362279  0.06291544  0.07801265]
6 [10, 11, 12, 13] [0.18858207 0.44153307 0.08333712]
6 [10, 11, 12, 13] [-0.09756006 -0.03132935 -0.07976974]
1
1 [14, 15, 16, 17] [ 0.13342365  0.07924547 -0.08196816]
1 [14, 15, 16, 17] [-0.16418068 -0.25448937 -0.00160763]
1 [14, 15, 16, 17] [0.29958888 0.2736189  0.07082578]
1 [14, 15, 16, 17] [-0.05259183  0.26000848  0.2668943 ]
2
2 [5, 6, 7, 8] [ 0.55538555 -0.1072582   0.01480962]
2 [5, 6, 7, 8] [-0.20118153 -0.16999636  0.4526516 ]
2 [5, 6, 7, 8] [ 0.2793988  -0.13512832 -0.11071962]
2 [5, 6, 7, 8] [-0.27919782 -0.11171994 -0.05764397]
7
7 [9] [ 0.02006622 -0.25059386  0.28630407]
2
3
3 [1, 3, 4] [-0.19041242 -0.5270105  -0.06205175]
3 [1, 3, 4] [ 0.19177786 -0.33505533  0.3638244 ]
3 [1, 3, 4] [-0.04333912  0.00222827  0.49624936]
8
8 [0] [-0.08610755  0.15861792 -0.17723474]
3
9
9 [2] [ 0.39248513 -0.07049001  0.03141928]
RMSD using the Kabsch algorithm: 0.8111690434729175
1 [ 1.79884633  1.00118466 -1.24783231]
2 [ 1.78776127 -0.40464414 -0.32505959]
3 [ 3.37268563 -0.26866785  0.03252261]
4 [ 2.16995155 -0.21268897  0.10081655]
5 [1.93483457 0.12459463 0.23324151]
6 [ 1.46067987 -0.4531738   0.39897148]
7 [ 0.70411278 -0.51591196  0.83681346]
8 [ 1.18469312 -0.48104392  0.27344224]
9 [ 0.62609649 -0.45763554  0.32651789]
10 [ 1.02591528 -1.3566664   1.44162658]
11 [-1.50558278 -1.26528109 -0.27964853]
12 [-1.30262441 -1.00325186 -0.1307863 ]
13 [-1.10041955 -0.62463423 -0.12546183]
14 [-1.38656167 -1.09749665 -0.2885687 ]
15 [-0.3363019   0.13531389 -0.01960095]
16 [-0.63390623 -0.19842095  0.06075959]
17 [-0.17013667  0.32968732  0.13319299]
18 [-0.52231738  0.3160769   0.32926151]
19 [-2.29829764  1.47620661 -0.16751938]
20 [-0.60403232  0.93085748  0.22446863]
21 [-0.896981    0.92493541 -0.1452419 ]
22 [-1.17580177  0.82955835 -0.0130405 ]
23 [-1.05968149  0.93723289  0.1676716 ]
24 [-0.3118419   2.30783459  0.01074194]
25 [-0.37328359  2.24792657  0.1636129 ]

real	0m8.740s
user	0m8.708s
sys	0m0.015s
-xyz
refined.xyz
-dens
../../cube_files/fbuta/6_SCAN_1_2_3_4_F/B.d.cube
-esp
../../cube_files/fbuta/6_SCAN_1_2_3_4_F/B.p.cube
-stepsize
0.2
-n_steps
1
-learning_rate
0.5
   3.3993268988327805        1.8919648002723626       -2.3580613116304776     
   3.3783791824153000      -0.76466659353935895      -0.61427360686019861     
   6.3734521533361193      -0.50770865919216246        6.1458833188927926E-002
   4.1006141437600503      -0.40192391089111601       0.19051567495054272     
   3.6563074375005815       0.23544972690265720       0.44076257556186471     
   2.7602849096283300      -0.85637436433216096       0.75394683605955715     
   1.3305803177014497      -0.97493231190230589        1.5813482652000299     
   2.2387455368433375      -0.90904126304417221       0.51673095074327080     
   1.1831509025530407      -0.86480583442365433       0.61702938689370501     
   1.9386989066687781       -2.5637279401881807        2.7242794111109774     
  -2.8451391048272892       -2.3910347320969199      -0.52845914059062449     
  -2.4616033778520765       -1.8958712417275108      -0.24715029697090490     
  -2.0794915669419409       -1.1803876212363635      -0.23708850485868260     
  -2.6202218174530172       -2.0739680887634893      -0.54531580505306043     
 -0.63551848345116524       0.25570618697279035       -3.7040429418290735E-002
  -1.1979091710769114      -0.37496126046050915       0.11481897770362386     
 -0.32151170682060259       0.62301874216544650       0.25169828007525519     
 -0.98703680286817153       0.59729876634795320       0.62221408416088830     
  -4.3431531015345284        2.7896261965836628      -0.31656574734058318     
  -1.1414556497703605        1.7590656936962132       0.42418423557757567     
  -1.6950484351463508        1.7478746007564101      -0.27446742206443231     
  -2.2219433276671183        1.5676380827088494       -2.4642968643375836E-002
  -2.0025077958901427        1.7711134764203547       0.31685340238321846     
 -0.58929579183503822        4.3611753164988016        2.0299318592879985E-002
 -0.70540374884473955        4.2479655627850432       0.30918356539645614     
First
                         Total        1.159665131E+00
Step size:       0.20
Step size in Bohr:       0.38
Learning Rate:       1.00
# Steps:          1
                         Error  1        1.140889136E+00
                         Error        1.140889136E+00
/home/unibas/boittier/FDCM/fbuta/6_7
atom_charge_dict:  {8: [0], 3: [1, 3, 4], 9: [2], 2: [5, 6, 7, 8], 7: [9], 6: [10, 11, 12, 13], 1: [14, 15, 16, 17], 4: [18], 0: [19, 20, 21, 22], 5: [23, 24]}
4
4 [18] [-0.20426526  0.10745879 -0.00473216]
0
0 [19, 20, 21, 22] [ 0.40605699 -0.36751937  0.1169883 ]
0 [19, 20, 21, 22] [ 0.09486759 -0.34292132 -0.23663669]
0 [19, 20, 21, 22] [-0.18452107 -0.41213343 -0.08986494]
0 [19, 20, 21, 22] [-0.04913587 -0.31688507  0.08447697]
5
5 [23, 24] [ 0.13418543  0.16744717 -0.33507105]
5 [23, 24] [ 0.07531535  0.11272236 -0.17920247]
6
6 [10, 11, 12, 13] [-0.23944736 -0.17590736 -0.05733716]
6 [10, 11, 12, 13] [-0.00171869  0.0623031   0.07973133]
6 [10, 11, 12, 13] [0.23625137 0.41933573 0.07562689]
6 [10, 11, 12, 13] [-0.105769   -0.01992748 -0.07269419]
1
1 [14, 15, 16, 17] [ 0.13413568  0.06811401 -0.09056461]
1 [14, 15, 16, 17] [-0.18778612 -0.23766854  0.00690664]
1 [14, 15, 16, 17] [0.32910965 0.24181118 0.05223136]
1 [14, 15, 16, 17] [-0.0073156   0.25799064  0.27399147]
2
2 [5, 6, 7, 8] [ 0.5417766  -0.16091291 -0.02867565]
2 [5, 6, 7, 8] [-0.18306184 -0.15982171  0.46384363]
2 [5, 6, 7, 8] [ 0.25595736 -0.15861347 -0.13349841]
2 [5, 6, 7, 8] [-0.2922722  -0.08318623 -0.03814873]
7
7 [9] [ 0.0006873  -0.3195955   0.20750342]
2
3
3 [1, 3, 4] [-0.20031644 -0.48274891 -0.21097382]
3 [1, 3, 4] [ 0.16573572 -0.42837239  0.26565598]
3 [1, 3, 4] [-0.06691835 -0.13089289  0.47597107]
8
8 [0] [-0.07252361  0.20435009 -0.13019293]
3
9
9 [2] [ 0.38807117 -0.09418758  0.02307695]
RMSD using the Kabsch algorithm: 0.7432255138387006
1 [ 1.88948584  1.22156058 -0.90472073]
2 [ 1.79354418 -0.38056589 -0.40106743]
3 [ 3.3596191  -0.41704271  0.0305955 ]
4 [ 2.15959634 -0.32618937  0.07556238]
5 [ 1.92694227 -0.02870987  0.28587747]
6 [ 1.42088671 -0.64559988  0.23370882]
7 [ 0.69604827 -0.64450868  0.72622811]
8 [ 1.13506747 -0.64330044  0.12888607]
9 [ 0.58683791 -0.5678732   0.22423575]
10 [ 0.92600991 -1.74794371  1.00696286]
11 [-1.6470767  -1.15324754 -0.23113741]
12 [-1.40934803 -0.91503708 -0.09406892]
13 [-1.17137797 -0.55800445 -0.09817335]
14 [-1.51339834 -0.99726765 -0.24649444]
15 [-0.3323656   0.1219583  -0.03885026]
16 [-0.65428739 -0.18382425  0.05862099]
17 [-0.13739162  0.29565547  0.10394571]
18 [-0.47381687  0.31183493  0.32570582]
19 [-2.15473284  1.64764379 -0.09111977]
20 [-0.50276217  0.93998756  0.20985357]
21 [-0.81395158  0.96458562 -0.14377142]
22 [-1.09334023  0.8953735   0.00300033]
23 [-0.95795504  0.99062187  0.17734224]
24 [-0.09146993  2.28423296 -0.01815541]
25 [-0.15034001  2.22950815  0.13771317]

real	0m8.824s
user	0m8.812s
sys	0m0.009s
-xyz
refined.xyz
-dens
../../cube_files/fbuta/7_SCAN_1_2_3_4_F/B.d.cube
-esp
../../cube_files/fbuta/7_SCAN_1_2_3_4_F/B.p.cube
-stepsize
0.2
-n_steps
1
-learning_rate
0.5
   3.5706107554019173        2.3084149457366561       -1.7096744050131396     
   3.3893072981639567      -0.71916530998845729      -0.75790759606342495     
   6.3487599909234333      -0.78809649691014472        5.7817112573707460E-002
   4.0810456174261276      -0.61640856660085896       0.14279219694291301     
   3.6413931512119571       -5.4253783035894280E-002  0.54023011475124449     
   2.6850867385749875       -1.2200069612873046       0.44164566897735691     
   1.3153405966316518       -1.2179448993521900        1.3723722348247887     
   2.1449666563575756       -1.2156616453672890       0.24355937293054122     
   1.1089629314083331       -1.0731248297601657       0.42374415218396899     
   1.7499051106786971       -3.3031348967922196        1.9028840273503707     
  -3.1125238763252443       -2.1793220057031935      -0.43678640299682064     
  -2.6632817964534512       -1.7291694690452188      -0.17776449179436996     
  -2.2135835497054006       -1.0544755811020019      -0.18552075350995068     
  -2.8599083789751392       -1.8845627383564485      -0.46580698120597125     
 -0.62807995956997797       0.23046778140379004       -7.3416342761461029E-002
  -1.2364239802257271      -0.34737748951095604       0.11077762019137161     
 -0.25963253636969913       0.55870786321835797       0.19642891858161923     
 -0.89538412044038085       0.58928260544564803       0.61549480212026531     
  -4.0718549389893743        3.1135955214189455      -0.17219141765626686     
 -0.95008281661111027        1.7763190545603127       0.39656576830043577     
  -1.5381455587325061        1.8228026412955523      -0.27168861219123897     
  -2.0661136026690654        1.6920107019526023        5.6697966045469650E-003
  -1.8102726579108446        1.8720040263982649       0.33512827081499191     
 -0.17285312338271580        4.3165747082333041       -3.4308757776324549E-002
 -0.28410143897473822        4.2131597902151388       0.26024018004339733     
First
                         Total        1.173314715E+00
Step size:       0.20
Step size in Bohr:       0.38
Learning Rate:       1.00
# Steps:          1
                         Error  1        1.153668141E+00
                         Error        1.153668141E+00
/home/unibas/boittier/FDCM/fbuta/7_8
atom_charge_dict:  {8: [0], 3: [1, 3, 4], 9: [2], 2: [5, 6, 7, 8], 7: [9], 6: [10, 11, 12, 13], 1: [14, 15, 16, 17], 4: [18], 0: [19, 20, 21, 22], 5: [23, 24]}
4
4 [18] [-0.19945264  0.1159814   0.00774204]
0
0 [19, 20, 21, 22] [ 0.39908261 -0.38065361  0.09759639]
0 [19, 20, 21, 22] [ 0.06110351 -0.35459509 -0.23027417]
0 [19, 20, 21, 22] [-0.20785927 -0.40673533 -0.05885175]
0 [19, 20, 21, 22] [-0.05471071 -0.311205    0.10021909]
5
5 [23, 24] [ 0.11225026  0.15006333 -0.35101267]
5 [23, 24] [ 0.0643062   0.10316807 -0.18893214]
6
6 [10, 11, 12, 13] [-0.25139634 -0.1648371  -0.03450595]
6 [10, 11, 12, 13] [0.00804668 0.06307037 0.0788438 ]
6 [10, 11, 12, 13] [0.26129129 0.4080436  0.05012818]
6 [10, 11, 12, 13] [-0.11249207 -0.01529612 -0.06311035]
1
1 [14, 15, 16, 17] [ 0.12889532  0.06115084 -0.10250437]
1 [14, 15, 16, 17] [-0.19739201 -0.22857432  0.02577404]
1 [14, 15, 16, 17] [0.34329153 0.22605686 0.02092366]
1 [14, 15, 16, 17] [0.02845333 0.26032674 0.27056602]
2
2 [5, 6, 7, 8] [ 0.52796943 -0.19016936 -0.0733995 ]
2 [5, 6, 7, 8] [-0.15041014 -0.14657112  0.47964494]
2 [5, 6, 7, 8] [ 0.23474982 -0.17266191 -0.15320836]
2 [5, 6, 7, 8] [-0.29847855 -0.0679216  -0.01194135]
7
7 [9] [-0.01613309 -0.36089489  0.12134162]
2
3
3 [1, 3, 4] [-0.19745517 -0.4083055  -0.33437842]
3 [1, 3, 4] [ 0.1404411  -0.48641811  0.1592923 ]
3 [1, 3, 4] [-0.09796349 -0.24159209  0.42446712]
8
8 [0] [-0.05799016  0.23452132 -0.07473784]
3
9
9 [2] [ 0.3832387  -0.11381254  0.01331358]
RMSD using the Kabsch algorithm: 0.7696024462912848
1 [ 1.98900618  1.35996491 -0.49904836]
2 [ 1.81674013 -0.31928258 -0.43530623]
3 [ 3.34970972 -0.52882595  0.03083622]
4 [ 2.15463641 -0.39739519  0.05836449]
5 [ 1.91623181 -0.15256917  0.32353931]
6 [ 1.38981302 -0.74203694  0.05901858]
7 [ 0.71143345 -0.6984387   0.61206301]
8 [ 1.09659342 -0.72452949 -0.02079028]
9 [ 0.56336504 -0.61978918  0.12047673]
10 [ 0.84645664 -1.96030221  0.54103454]
11 [-1.72118281 -1.09517207 -0.13391291]
12 [-1.46173979 -0.8672646  -0.02056316]
13 [-1.20849518 -0.52229137 -0.04927878]
14 [-1.58227854 -0.94563109 -0.16251731]
15 [-0.33701857  0.11735314 -0.07017906]
16 [-0.6633059  -0.17237202  0.05809934]
17 [-0.12262236  0.28225917  0.05324896]
18 [-0.43746056  0.31652905  0.30289133]
19 [-2.09116516  1.71743558 -0.03707661]
20 [-0.45024436  0.94952062  0.15572913]
21 [-0.78822346  0.97557914 -0.17214143]
22 [-1.05718624e+00  9.23438901e-01 -7.19012489e-04]
23 [-0.90403768  1.01896923  0.15835183]
24 [-0.00880586  2.2694061  -0.15613054]
25 [-0.05674992  2.22251085  0.00594999]

real	0m8.752s
user	0m8.720s
sys	0m0.014s
-xyz
refined.xyz
-dens
../../cube_files/fbuta/8_SCAN_1_2_3_4_F/B.d.cube
-esp
../../cube_files/fbuta/8_SCAN_1_2_3_4_F/B.p.cube
-stepsize
0.2
-n_steps
1
-learning_rate
0.5
   3.7586769347077578        2.5699612229977946      -0.94306473060277884     
   3.4331412859783241      -0.60335663543001017      -0.82260955949269254     
   6.3300339612807610      -0.99933621102904147        5.8272010200093372E-002
   4.0716727062261979      -0.75096806950589956       0.11029289644574368     
   3.6211533149744581      -0.28831394548185674       0.61140068537855818     
   2.6263659754133379       -1.4022465960773989       0.11152894985231432     
   1.3444143803205126       -1.3198578655912916        1.1566314661586450     
   2.0722612283746993       -1.3691623012670393       -3.9287936259677893E-002
   1.0646056374554871       -1.1712318034820284       0.22766802454405760     
   1.5995712255331793       -3.7044342922143443        1.0224071085550337     
  -3.2525641256634721       -2.0695752750199796      -0.25305871620758641     
  -2.7622878699027273       -1.6388925657080080       -3.8858742584990461E-002
  -2.2837249145793845      -0.98698765124442656       -9.3123391787738791E-002
  -2.9900731032631445       -1.7869837732449254      -0.30711320732414127     
 -0.63687279484583714       0.22176529179765500      -0.13261920411202863     
  -1.2534664936264484      -0.32573590556025922       0.10979184739108977     
 -0.23172266814469183       0.53339251839730684       0.10062595646565355     
 -0.82668064033027810       0.59815320884712164       0.57238166153711034     
  -3.9517294383418871        3.2454828793204484       -7.0064629596866990E-002
 -0.85083853380908747        1.7943339293339653       0.29428540241782458     
  -1.4895264617647603        1.8435773956828660      -0.32530016218371477     
  -1.9977924551373312        1.7450466160143636       -1.3587366849977277E-003
  -1.7083836168868396        1.9255727772384743       0.29924158739051920     
  -1.6640659560607982E-002   4.2885560006694110      -0.29504396592447646     
 -0.10724181128685470        4.1999368117950047        1.1243853938202701E-002
First
                         Total        1.224243430E+00
Step size:       0.20
Step size in Bohr:       0.38
Learning Rate:       1.00
# Steps:          1
                         Error  1        1.203413324E+00
                         Error        1.203413324E+00
/home/unibas/boittier/FDCM/fbuta/8_9
atom_charge_dict:  {8: [0], 3: [1, 3, 4], 9: [2], 2: [5, 6, 7, 8], 7: [9], 6: [10, 11, 12, 13], 1: [14, 15, 16, 17], 4: [18], 0: [19, 20, 21, 22], 5: [23, 24]}
4
4 [18] [ 0.19701066  0.11811127 -0.02298864]
0
0 [19, 20, 21, 22] [-0.40688502 -0.37739844 -0.07579489]
0 [19, 20, 21, 22] [-0.03348654 -0.36925862  0.21193515]
0 [19, 20, 21, 22] [ 0.21408653 -0.40784176  0.00774861]
0 [19, 20, 21, 22] [ 0.04331992 -0.30337289 -0.12610983]
5
5 [23, 24] [-0.07101503  0.126063    0.37067113]
5 [23, 24] [-0.04196512  0.09008532  0.20146355]
6
6 [10, 11, 12, 13] [ 0.25487178 -0.1630233   0.00471573]
6 [10, 11, 12, 13] [-0.01586726  0.06602883 -0.0753059 ]
6 [10, 11, 12, 13] [-0.26840383  0.40626664 -0.00990182]
6 [10, 11, 12, 13] [ 0.11804008 -0.01613646  0.05173906]
1
1 [14, 15, 16, 17] [-0.119358    0.05588014  0.116227  ]
1 [14, 15, 16, 17] [ 0.19611451 -0.22518963 -0.05268887]
1 [14, 15, 16, 17] [-0.3456515   0.22226095  0.01976451]
1 [14, 15, 16, 17] [-0.05582363  0.27009636 -0.25658437]
2
2 [5, 6, 7, 8] [-0.51618246 -0.20193284  0.11469981]
2 [5, 6, 7, 8] [ 0.10694729 -0.12599056 -0.49683271]
2 [5, 6, 7, 8] [-0.21715633 -0.18184156  0.16747898]
2 [5, 6, 7, 8] [ 0.29919951 -0.06353143 -0.01834391]
7
7 [9] [ 0.02383454 -0.37982057 -0.02065416]
2
3
3 [1, 3, 4] [ 0.18311224 -0.3011383   0.43945737]
3 [1, 3, 4] [-0.12777821 -0.51434901 -0.03146238]
3 [1, 3, 4] [ 0.12196905 -0.34257969 -0.34035892]
8
8 [0] [0.05058298 0.247692   0.00397893]
3
9
9 [2] [-0.3806837  -0.12263258  0.00641635]
RMSD using the Kabsch algorithm: 0.8719932501266391
1 [-2.04038056  1.41842785  0.00361645]
2 [-1.84281703 -0.21458029  0.43936476]
3 [-3.34574286 -0.57717604  0.00640841]
4 [-2.15370748 -0.427791   -0.03155499]
5 [-1.90396022 -0.25602168 -0.34045152]
6 [-1.37372861 -0.76974823  0.11477813]
7 [-0.75059886 -0.69380595 -0.49675439]
8 [-1.07470247 -0.74965695  0.16755729]
9 [-0.55834663 -0.63134681 -0.01826559]
10 [-0.8153407  -2.03349764 -0.02033083]
11 [ 1.74099712 -1.08278002  0.00475648]
12 [ 1.47025808 -0.8537279  -0.07526515]
13 [ 1.21772151 -0.51349008 -0.00986107]
14 [ 1.60416542 -0.93589319  0.0517798 ]
15 [0.34652097 0.1144849  0.1162323 ]
16 [ 0.66199348 -0.16658487 -0.05268358]
17 [0.12022746 0.28086572 0.0197698 ]
18 [ 0.41005534  0.32870113 -0.25657908]
19 [ 2.08337479  1.72774758 -0.0230659 ]
20 [ 0.43282787  0.95836126 -0.07583088]
21 [0.80622635 0.96650108 0.21189916]
22 [1.05379941 0.92791793 0.00771262]
23 [ 0.8830328   1.0323868  -0.12614581]
24 [0.0299911  2.2530799  0.37069812]
25 [0.05904101 2.21710221 0.20149054]

real	0m8.749s
user	0m8.734s
sys	0m0.010s
-xyz
refined.xyz
-dens
../../cube_files/fbuta/9_SCAN_1_2_3_4_F/B.d.cube
-esp
../../cube_files/fbuta/9_SCAN_1_2_3_4_F/B.p.cube
-stepsize
0.2
-n_steps
1
-learning_rate
0.5
  -3.8557604496048117        2.6804401678616756        6.8340907588396692E-003
  -3.4824194861535944      -0.40549798473926996       0.83027907309590165     
  -6.3225376937861801       -1.0907046460281913        1.2110141567127209E-002
  -4.0699172914899933      -0.80840782099848052       -5.9630286483569293E-002
  -3.5979633673686537      -0.48381085598922224      -0.64336013996999863     
  -2.5959708362465062       -1.4546133314905438       0.21689923256530436     
  -1.4184262756926878       -1.3111032327979528      -0.93872974533854803     
  -2.0308933390654129       -1.4166463239469214       0.31663739454423734     
  -1.0551222219008902       -1.1930725688980444       -3.4516966375729090E-002
  -1.5407706134587824       -3.8427536152295914       -3.8419698770732591E-002
   3.2900077345047469       -2.0461576999750788        8.9884364542423285E-003
   2.7783851014241052       -1.6133119080087990      -0.14223052008786896     
   2.3011601485014164      -0.97035561913600510       -1.8634718567778531E-002
   3.0314332974724176       -1.7685818032601424        9.7849644283557177E-002
  0.65482972294021446       0.21634511529330366       0.21964720729247952     
   1.2509863647338553      -0.31479977922342622       -9.9557534601710920E-002
  0.22719697246572396       0.53075928462116762        3.7359513222674355E-002
  0.77489228144040623       0.62115510906140647      -0.48486418341167953     
   3.9370077757168103        3.2649697410914102       -4.3588241915501570E-002
  0.81792612530516751        1.8110403066563643      -0.14329959076639179     
   1.5235469873725924        1.8264223323181501       0.40043138087535379     
   1.9913922816911842        1.7535107596951769        1.4574747734226156E-002
   1.6686901546736299        1.9509283135472206      -0.23838103125104726     
   5.6674963861404519E-002   4.2577039406515693       0.70051791602734470     
  0.11157133780665328        4.1897159762269212       0.38076194250237477     
First
                         Total        1.280376221E+00
Step size:       0.20
Step size in Bohr:       0.38
Learning Rate:       1.00
# Steps:          1
                         Error  1        1.258812615E+00
                         Error        1.258812615E+00
/home/unibas/boittier/FDCM/fbuta/9_10
atom_charge_dict:  {8: [0], 3: [1, 3, 4], 9: [2], 2: [5, 6, 7, 8], 7: [9], 6: [10, 11, 12, 13], 1: [14, 15, 16, 17], 4: [18], 0: [19, 20, 21, 22], 5: [23, 24]}
4
4 [18] [ 0.19418472  0.11896166 -0.03783586]
0
0 [19, 20, 21, 22] [-0.41642269 -0.3709181  -0.05263899]
0 [19, 20, 21, 22] [-0.01245562 -0.3821932   0.18986632]
0 [19, 20, 21, 22] [ 0.20970204 -0.40801726 -0.04347563]
0 [19, 20, 21, 22] [ 0.0255622  -0.29440805 -0.14977451]
5
5 [23, 24] [-0.02705799  0.10144827  0.38379838]
5 [23, 24] [-0.01779467  0.07657115  0.21043494]
6
6 [10, 11, 12, 13] [ 0.25212703 -0.16539203 -0.02511817]
6 [10, 11, 12, 13] [-0.02194725  0.06916822 -0.0710344 ]
6 [10, 11, 12, 13] [-0.26318981  0.40853577  0.03054651]
6 [10, 11, 12, 13] [ 0.12214867 -0.01901821  0.03979725]
1
1 [14, 15, 16, 17] [-0.10741246  0.05257558  0.1287652 ]
1 [14, 15, 16, 17] [ 0.18760978 -0.22485149 -0.07908441]
1 [14, 15, 16, 17] [-0.33951855  0.22414424  0.06032727]
1 [14, 15, 16, 17] [-0.07610857  0.28044453 -0.23997957]
2
2 [5, 6, 7, 8] [-0.50660472 -0.19956967  0.1548665 ]
2 [5, 6, 7, 8] [ 0.05824188 -0.10798919 -0.50904323]
2 [5, 6, 7, 8] [-0.20378417 -0.18494639  0.17999678]
2 [5, 6, 7, 8] [ 0.29512452 -0.06701896 -0.04843174]
7
7 [9] [ 0.01810056 -0.37190881  0.08151305]
2
3
3 [1, 3, 4] [ 0.15504093 -0.17571278  0.51211373]
3 [1, 3, 4] [-0.13730347 -0.50345035  0.09867163]
3 [1, 3, 4] [ 0.13062823 -0.42121518 -0.23134087]
8
8 [0] [ 0.05776715  0.2367762  -0.06708414]
3
9
9 [2] [-0.38370377 -0.11006832  0.02556068]
RMSD using the Kabsch algorithm: 0.870451125357309
1 [-1.98914028  1.36212295 -0.49185082]
2 [-1.85913267 -0.08667981  0.41107955]
3 [-3.35017848 -0.52500289  0.0430648 ]
4 [-2.15147708 -0.41441738 -0.00236255]
5 [-1.88354537 -0.33218221 -0.33237505]
6 [-1.36846049 -0.75139492  0.28743804]
7 [-0.80361388 -0.65981443 -0.37647169]
8 [-1.06563993 -0.73677163  0.31256832]
9 [-0.56673125 -0.61884421  0.08413979]
10 [-0.84454421 -1.97119336  0.50165313]
11 [ 1.72187222 -1.09575664 -0.12463043]
12 [ 1.44779795 -0.86119638 -0.17054666]
13 [ 1.20655539 -0.52182884 -0.06896576]
14 [ 1.59189386 -0.94938282 -0.05971501]
15 [0.35850142 0.10877418 0.16112808]
16 [ 0.65352367 -0.16865289 -0.04672153]
17 [0.12639534 0.28034284 0.09269014]
18 [ 0.38980532  0.33664313 -0.20761669]
19 [ 2.08592423  1.72038567 -0.08270583]
20 [0.43293761 0.95924184 0.0055509 ]
21 [0.83690468 0.94796675 0.24805621]
22 [1.05906235 0.92214268 0.01471426]
23 [ 0.8749225   1.03575189 -0.09158462]
24 [0.09405633 2.2207794  0.57885778]
25 [0.10331965 2.19590228 0.40549435]

real	0m8.723s
user	0m8.710s
sys	0m0.011s
-xyz
refined.xyz
-dens
../../cube_files/fbuta/10_SCAN_1_2_3_4_F/B.d.cube
-esp
../../cube_files/fbuta/10_SCAN_1_2_3_4_F/B.p.cube
-stepsize
0.2
-n_steps
1
-learning_rate
0.5
  -3.7589303616970229        2.5740393323996762      -0.92946334026726163     
  -3.5132515831644566      -0.16380109272283319       0.77682776352911609     
  -6.3309197977818039      -0.99211166929683381        8.1380674135089162E-002
  -4.0657024389588390      -0.78313534489831349       -4.4645689779284686E-003
  -3.5593848969444246      -0.62773340629984220      -0.62809780620224842     
  -2.5860155316622051       -1.4199306055038352       0.54317916624947293     
  -1.5186101403684829       -1.2468685748110178      -0.71142838560278487     
  -2.0137676229833343       -1.3922966065809663       0.59066852474295706     
  -1.0709668401700090       -1.1694460638152784       0.15900116844113149     
  -1.5959572591914535       -3.7250155942635654       0.94798702349449238     
   3.2538669231638404       -2.0706799458883327      -0.23551738060516619     
   2.7359416076105818       -1.6274253023002185      -0.32228647854259929     
   2.2800592331849034      -0.98611358605908084      -0.13032639528802481     
   3.0082434183648457       -1.7940735143498050      -0.11284502008225662     
  0.67746950821157914       0.20555340758094631       0.30448794477823687     
   1.2349807442787002      -0.31870777866717220       -8.8290891719555162E-002
  0.23885257410531677       0.52977118279051882       0.17515898697772866     
  0.73662529068505267       0.63616331198289899      -0.39233868122285931     
   3.9418255197244618        3.2510577515325805      -0.15629137482683783     
  0.81813351621675723        1.8127043705750483        1.0489684638111136E-002
   1.5815206442253562        1.7913975323335245       0.46875830205644825     
   2.0013377897411231        1.7425971216681799        2.7805919813311940E-002
   1.6533639108684386        1.9572874140198080      -0.17306985125403906     
  0.17774070999129785        4.1966648513864211        1.0938826720764512     
  0.19524584915983018        4.1496539055530581       0.76627326287953446     
First
                         Total        1.267494171E+00
Step size:       0.20
Step size in Bohr:       0.38
Learning Rate:       1.00
# Steps:          1
                         Error  1        1.246024193E+00
                         Error        1.246024193E+00
/home/unibas/boittier/FDCM/fbuta/10_11
atom_charge_dict:  {8: [0], 3: [1, 3, 4], 9: [2], 2: [5, 6, 7, 8], 7: [9], 6: [10, 11, 12, 13], 1: [14, 15, 16, 17], 4: [18], 0: [19, 20, 21, 22], 5: [23, 24]}
4
4 [18] [ 0.19547917  0.11234928 -0.04955345]
0
0 [19, 20, 21, 22] [-0.43499636 -0.35157616 -0.03089782]
0 [19, 20, 21, 22] [-0.01368818 -0.38824776  0.17674495]
0 [19, 20, 21, 22] [ 0.18759285 -0.41432386 -0.0747221 ]
0 [19, 20, 21, 22] [ 0.00046188 -0.2891561  -0.16160504]
5
5 [23, 24] [0.00798829 0.08746918 0.38806533]
5 [23, 24] [0.00235028 0.06890032 0.21381467]
6
6 [10, 11, 12, 13] [ 0.24084333 -0.1767632  -0.04790653]
6 [10, 11, 12, 13] [-0.02463202  0.07106173 -0.06846468]
6 [10, 11, 12, 13] [-0.23988929  0.4198949   0.05635969]
6 [10, 11, 12, 13] [ 0.12408097 -0.02505506  0.02885722]
1
1 [14, 15, 16, 17] [-0.09339107  0.05620316  0.13780963]
1 [14, 15, 16, 17] [ 0.16923705 -0.23257651 -0.09654293]
1 [14, 15, 16, 17] [-0.32199764  0.23887805  0.09119957]
1 [14, 15, 16, 17] [-0.08302589  0.28661042 -0.23048199]
2
2 [5, 6, 7, 8] [-0.50131608 -0.17450869  0.19694242]
2 [5, 6, 7, 8] [ 0.00835949 -0.10514455 -0.51294466]
2 [5, 6, 7, 8] [-0.19719269 -0.17565094  0.19554805]
2 [5, 6, 7, 8] [ 0.28588135 -0.08216577 -0.07405089]
7
7 [9] [ 0.00296339 -0.34025472  0.17186893]
2
3
3 [1, 3, 4] [ 0.1215385  -0.04621417  0.54783583]
3 [1, 3, 4] [-0.15992497 -0.46031836  0.21155075]
3 [1, 3, 4] [ 0.12765571 -0.46800594 -0.1122192 ]
8
8 [0] [ 0.0721379   0.20844652 -0.12337615]
3
9
9 [2] [-0.3888558  -0.08735645  0.03397517]
RMSD using the Kabsch algorithm: 0.7690445564087309
1 [-1.88977683  1.22551678 -0.89818229]
2 [-1.87229301  0.05594239  0.35763798]
3 [-3.3604122  -0.41004541  0.04161648]
4 [-2.15375648 -0.3581618   0.0213529 ]
5 [-1.8661758  -0.36584938 -0.30241705]
6 [-1.38043624 -0.65914222  0.45942638]
7 [-0.87076067 -0.58977808 -0.2504607 ]
8 [-1.07631286 -0.66028446  0.45803202]
9 [-0.59323882 -0.56679929  0.18843307]
10 [-0.92244812 -1.76837273  0.97173002]
11 [ 1.6484441  -1.1541256  -0.22174171]
12 [ 1.38296875 -0.90630067 -0.24229986]
13 [ 1.16771147 -0.55746751 -0.11747549]
14 [ 1.53168174 -1.00241746 -0.14497795]
15 [0.37309221 0.11004427 0.18949276]
16 [ 0.63572033 -0.17873539 -0.0448598 ]
17 [0.14448565 0.29271916 0.1428827 ]
18 [ 0.38345739  0.34045154 -0.17879886]
19 [ 2.14597426  1.6524856  -0.13594583]
20 [0.47384767 0.95591067 0.06198439]
21 [0.89515586 0.91923907 0.26962716]
22 [1.09643688 0.89316297 0.01816011]
23 [ 0.90930592  1.01833073 -0.06872283]
24 [0.23371139 2.20422375 0.70516936]
25 [0.22807338 2.18565488 0.5309187 ]

real	0m8.807s
user	0m8.792s
sys	0m0.012s
-xyz
refined.xyz
-dens
../../cube_files/fbuta/11_SCAN_1_2_3_4_F/B.d.cube
-esp
../../cube_files/fbuta/11_SCAN_1_2_3_4_F/B.p.cube
-stepsize
0.2
-n_steps
1
-learning_rate
0.5
  -3.5711606525558501        2.3158910704526110       -1.6973185447197987     
  -3.5381210245700023       0.10571580154090861       0.67583782922124658     
  -6.3502587281555041      -0.77487351971619223        7.8643752480326928E-002
  -4.0700098851686359      -0.67682770365514366        4.0351126641535159E-002
  -3.5265611695036849      -0.69135512633618545      -0.57148540349508681     
  -2.6086464247828101       -1.2455982649009525       0.86819003370291803     
  -1.6454991848746541       -1.1145190376620009      -0.47330211997443267     
  -2.0339365257491671       -1.2477568021891705       0.86555506966042184     
  -1.1210588884994366       -1.0710954344291639       0.35608689635517521     
  -1.7431743089660563       -3.3417401506878455        1.8363035984718461     
   3.1151078774206948       -2.1809812941943036      -0.41903109930030202     
   2.6134321695819542       -1.7126600617201850      -0.45788036914953639     
   2.2066548762492562       -1.0534609098488597      -0.22199649508932109     
   2.8944589998398524       -1.8942944624530054      -0.27396862085274726     
  0.70504209892140401       0.20795353065038652       0.35808942031164359     
   1.2013373164909842      -0.33776094407739454       -8.4772732101598941E-002
  0.27303830484193720       0.55315904414414852       0.27000916861333796     
  0.72462945358181852       0.64336016459790790      -0.33788086982249749     
   4.0553036228322323        3.1227452019104915      -0.25690037907809193     
  0.89544232434315241        1.8064093598919850       0.11713351849912819     
   1.6915994101174170        1.7371100819268328       0.50952148407586750     
   2.0719654210292275        1.6878333900416227        3.4317628463854083E-002
   1.7183391454688464        1.9243661872990809      -0.12986732829512762     
  0.44165051596910598        4.1653792060797130        1.3325769580194244     
  0.43099621582203385        4.1302891339086569        1.0032909334633024     
First
                         Total        1.222552404E+00
Step size:       0.20
Step size in Bohr:       0.38
Learning Rate:       1.00
# Steps:          1
                         Error  1        1.201398743E+00
                         Error        1.201398743E+00
/home/unibas/boittier/FDCM/fbuta/11_12
atom_charge_dict:  {8: [0], 3: [1, 3, 4], 9: [2], 2: [5, 6, 7, 8], 7: [9], 6: [10, 11, 12, 13], 1: [14, 15, 16, 17], 4: [18], 0: [19, 20, 21, 22], 5: [23, 24]}
4
4 [18] [ 0.20246418  0.09294262 -0.06047802]
0
0 [19, 20, 21, 22] [-0.46775394 -0.30818761 -0.00562393]
0 [19, 20, 21, 22] [-0.04154567 -0.38484169  0.17950896]
0 [19, 20, 21, 22] [ 0.14269669 -0.43063646 -0.08185541]
0 [19, 20, 21, 22] [-0.03595893 -0.28794129 -0.15971245]
5
5 [23, 24] [0.03690629 0.086725   0.38652824]
5 [23, 24] [0.02035144 0.06851121 0.2130128 ]
6
6 [10, 11, 12, 13] [ 0.21842841 -0.20013403 -0.06136619]
6 [10, 11, 12, 13] [-0.02276928  0.07216932 -0.06818301]
6 [10, 11, 12, 13] [-0.19355286  0.44199435  0.0645985 ]
6 [10, 11, 12, 13] [ 0.12292587 -0.03650211  0.02007776]
1
1 [14, 15, 16, 17] [-0.07695187  0.06725159  0.14284425]
1 [14, 15, 16, 17] [ 0.13837429 -0.24949759 -0.10333573]
1 [14, 15, 16, 17] [-0.28975986  0.27031923  0.10939167]
1 [14, 15, 16, 17] [-0.0722523   0.28993484 -0.23022088]
2
2 [5, 6, 7, 8] [-0.49955339 -0.12171672  0.23727749]
2 [5, 6, 7, 8] [-0.04048157 -0.11316073 -0.50977701]
2 [5, 6, 7, 8] [-0.19797219 -0.15226167  0.21316685]
2 [5, 6, 7, 8] [ 0.27023066 -0.1110693  -0.09278461]
7
7 [9] [-0.01577074 -0.28036612  0.25788271]
2
3
3 [1, 3, 4] [0.09812704 0.10218527 0.54483696]
3 [1, 3, 4] [-0.1849815  -0.38104975  0.32088772]
3 [1, 3, 4] [ 0.11455416 -0.48380778  0.02522742]
8
8 [0] [ 0.08572191  0.16430099 -0.17178362]
3
9
9 [2] [-0.39327263 -0.06108594  0.03997435]
RMSD using the Kabsch algorithm: 0.7448942460496246
1 [-1.79918434  1.00666081 -1.24269816]
2 [-1.8800493   0.22465429  0.28178414]
3 [-3.37349589 -0.25910133  0.04103059]
4 [-2.16315784 -0.25858073  0.05783489]
5 [-1.86362218 -0.36133876 -0.23782541]
6 [-1.40489692 -0.4673455   0.6215817 ]
7 [-0.9458251  -0.45878951 -0.1254728 ]
8 [-1.10331572 -0.49789045  0.59747106]
9 [-0.63511286 -0.45669808  0.2915196 ]
10 [-1.02166108 -1.38595869  1.41354284]
11 [ 1.50713051 -1.26651406 -0.27018843]
12 [ 1.26593282 -0.99421071 -0.27700525]
13 [ 1.09514924 -0.62438567 -0.14422374]
14 [ 1.41162798 -1.10288214 -0.18874448]
15 [0.39278956 0.12335599 0.20526015]
16 [ 0.60811571 -0.19339319 -0.04091983]
17 [0.17998157 0.32642363 0.17180757]
18 [ 0.39748912  0.34603924 -0.16780498]
19 [ 2.28802694  1.48140041 -0.21200045]
20 [0.56929434 0.94913112 0.07839298]
21 [0.99550261 0.87247704 0.26352586]
22 [1.17974496 0.82668227 0.00216149]
23 [ 1.00108935  0.96937744 -0.07569554]
24 [0.4844297  2.21535535 0.72554813]
25 [0.46787485 2.19714157 0.55203269]

real	0m8.712s
user	0m8.700s
sys	0m0.007s
-xyz
refined.xyz
-dens
../../cube_files/fbuta/12_SCAN_1_2_3_4_F/B.d.cube
-esp
../../cube_files/fbuta/12_SCAN_1_2_3_4_F/B.p.cube
-stepsize
0.2
-n_steps
1
-learning_rate
0.5
  -3.3999656500310320        1.9023132325344523       -2.3483591796694565     
  -3.5527782758991631       0.42453508984641775       0.53249484202755615     
  -6.3749833170467909      -0.48963055340660827        7.7536576451883277E-002
  -4.0877758919067935      -0.48864675627301629       0.10929209739215866     
  -3.5217355264012373      -0.68283128566271423      -0.44942488469242564     
  -2.6548704061318622      -0.88315501009402564        1.1746191737350933     
  -1.7873503978672134      -0.86698652714855695      -0.23710923121390132     
  -2.0849645411245881      -0.94087659847509575        1.1290566703000153     
  -1.2001893734109257      -0.86303429538000387       0.55089220823555163     
  -1.9306596288383118       -2.6190823461522101        2.6712088282090605     
   2.8480639066197915       -2.3933647102984432      -0.51058214101362898     
   2.3922663239414845       -1.8787859483576650      -0.52346405042043698     
   2.0695321330359784       -1.1799179189403153      -0.27254337022230440     
   2.6675902640775671       -2.0841451895268355      -0.35667536933594113     
  0.74226469423867580       0.23310903725012486       0.38788547068517698     
   1.1491721481656436      -0.36546016107446844       -7.7327269234719928E-002
  0.34011587078338873       0.61685126842911175       0.32466924613706716     
  0.75114558242381158       0.65391940043327479      -0.31710545164900894     
   4.3237442845690159        2.7994410578883344      -0.40062278711988814     
   1.0758103808145574        1.7935978668934520       0.14814125620923160     
   1.8812272882137966        1.6487426511370866       0.49799170826725053     
   2.2293948791087206        1.5622030839888248        4.0846302469853104E-003
   1.8917846993078857        1.8318578768891862      -0.14304384756752056     
  0.91543945251918135        4.1864148910479866        1.3710872605155968     
  0.88415531814540627        4.1519958254177443        1.0431905914847521     
First
                         Total        1.176176688E+00
Step size:       0.20
Step size in Bohr:       0.38
Learning Rate:       1.00
# Steps:          1
                         Error  1        1.155902748E+00
                         Error        1.155902748E+00
/home/unibas/boittier/FDCM/fbuta/12_13
atom_charge_dict:  {8: [0], 3: [1, 3, 4], 9: [2], 2: [5, 6, 7, 8], 7: [9], 6: [10, 11, 12, 13], 1: [14, 15, 16, 17], 4: [18], 0: [19, 20, 21, 22], 5: [23, 24]}
4
4 [18] [ 0.21080467  0.05932032 -0.07298181]
0
0 [19, 20, 21, 22] [-0.50615129 -0.23820678  0.02993193]
0 [19, 20, 21, 22] [-0.0876001  -0.36342504  0.2054281 ]
0 [19, 20, 21, 22] [ 0.07737834 -0.45078101 -0.05800716]
0 [19, 20, 21, 22] [-0.08261022 -0.28888842 -0.13939329]
5
5 [23, 24] [0.06460194 0.10365427 0.3786065 ]
5 [23, 24] [0.03855586 0.07752306 0.20737281]
6
6 [10, 11, 12, 13] [ 0.18481483 -0.23173178 -0.06038808]
6 [10, 11, 12, 13] [-0.01619972  0.07137292 -0.07104675]
6 [10, 11, 12, 13] [-0.12652153  0.46747242  0.04947882]
6 [10, 11, 12, 13] [ 0.11758618 -0.05248125  0.01606372]
1
1 [14, 15, 16, 17] [-0.05896817  0.08430735  0.1422306 ]
1 [14, 15, 16, 17] [ 0.09653159 -0.27127877 -0.09572434]
1 [14, 15, 16, 17] [-0.24301295  0.31339994  0.10812254]
1 [14, 15, 16, 17] [-0.04374278  0.28599437 -0.24225847]
2
2 [5, 6, 7, 8] [-0.49792432 -0.03877296  0.26713921]
2 [5, 6, 7, 8] [-0.0834482  -0.1304155  -0.50043145]
2 [5, 6, 7, 8] [-0.20521524 -0.11233322  0.2300499 ]
2 [5, 6, 7, 8] [ 0.24679385 -0.15246591 -0.09900968]
7
7 [9] [-0.03450181 -0.17094068  0.33909509]
2
3
3 [1, 3, 4] [0.09394428 0.28351945 0.47710521]
3 [1, 3, 4] [-0.20805049 -0.23640172  0.42822177]
3 [1, 3, 4] [ 0.09105703 -0.4480015   0.1968193 ]
8
8 [0] [ 0.09617385  0.09269148 -0.21445438]
3
9
9 [2] [-0.39626114 -0.02984569  0.04560716]
RMSD using the Kabsch algorithm: 0.8139977063771302
1 [-1.72643662  0.61680002 -1.53628826]
2 [-1.86905315  0.41021025  0.15613925]
3 [-3.37944726 -0.07871307  0.04938072]
4 [-2.17104791 -0.10971093  0.10725581]
5 [-1.8719404  -0.32131071 -0.12414666]
6 [-1.42294213 -0.16342484  0.74994495]
7 [-1.008466   -0.25506738 -0.0176257 ]
8 [-1.13023304 -0.23698509  0.71285565]
9 [-0.67822395 -0.27711779  0.38379607]
10 [-1.11216177 -0.73138833  1.8070813 ]
11 [ 1.303241   -1.40850924 -0.23519323]
12 [ 1.10222645 -1.10540454 -0.2458519 ]
13 [ 0.99190465 -0.70930505 -0.12532633]
14 [ 1.23601235 -1.22925872 -0.15874143]
15 [0.41920622 0.1484092  0.21544594]
16 [ 0.57470598 -0.20717692 -0.02250899]
17 [0.23516144 0.3775018  0.18133788]
18 [ 0.43443161  0.35009622 -0.16904313]
19 [ 2.46702701  1.19446426 -0.34151109]
20 [0.70409027 0.93100557 0.03918247]
21 [1.12264146 0.8057873  0.21467864]
22 [ 1.2876199   0.71843134 -0.04875662]
23 [ 1.12763134  0.88032393 -0.13014275]
24 [0.82359416 2.23259472 0.60462382]
25 [0.79754808 2.20646351 0.43339012]

real	0m8.851s
user	0m8.837s
sys	0m0.011s
-xyz
refined.xyz
-dens
../../cube_files/fbuta/13_SCAN_1_2_3_4_F/B.d.cube
-esp
../../cube_files/fbuta/13_SCAN_1_2_3_4_F/B.p.cube
-stepsize
0.2
-n_steps
1
-learning_rate
0.5
  -3.2624923831428720        1.1655831131564982       -2.9031640561787428     
  -3.5319985701011025       0.77518501770511228       0.29506042072392158     
  -6.3862297838233646      -0.14874613995852937        9.3316031847348560E-002
  -4.1026859638234079      -0.20732360388183435       0.20268410342625365     
  -3.5374546822757491      -0.60718924211256720      -0.23460319387654216     
  -2.6889709092629772      -0.30882818763184383        1.4171905716276272     
  -1.9057245496832169      -0.48200748230194079       -3.3307748256586500E-002
  -2.1358309122051118      -0.44783691771324519        1.3471019388621104     
  -1.2816575111802382      -0.52367672902264528       0.72526946148478266     
  -2.1016811591103584       -1.3821236383201985        3.4148887467889613     
   2.4627685666257744       -2.6616967073814086      -0.44445079988150277     
   2.0829061189306324       -2.0889118450732571      -0.46459276399336613     
   1.8744281223378294       -1.3403922758313951      -0.23683244479820961     
   2.3357248276861844       -2.3229623116076721      -0.29997783255834498     
  0.79218494676735085       0.28045274615891441       0.40713382102909351     
   1.0860369121294515      -0.39150763482854239       -4.2535833343578779E-002
  0.44439072258914136       0.71337500461972281       0.34267892590052640     
  0.82095676966082554       0.66158597989669521      -0.31944521166094303     
   4.6620053920336302        2.2572103103932784      -0.64536243484955536     
   1.3305377748696894        1.7593455404904259        7.4044140375371270E-002
   2.1214848963614132        1.5227173206217270       0.40568383688271120     
   2.4332489571979510        1.3576384746229595       -9.2136656905531217E-002
   2.1309143959001218        1.6635711206668160      -0.24593415357652326     
   1.5563673992959337        4.2189925750944006        1.1425734316899421     
   1.5071474372712346        4.1696117428155892       0.81898863834962221     
First
                         Total        1.102383198E+00
Step size:       0.20
Step size in Bohr:       0.38
Learning Rate:       1.00
# Steps:          1
                         Error  1        1.084457164E+00
                         Error        1.084457164E+00
/home/unibas/boittier/FDCM/fbuta/13_14
atom_charge_dict:  {8: [0], 3: [1, 3, 4], 9: [2], 2: [5, 6, 7, 8], 7: [9], 6: [10, 11, 12, 13], 1: [14, 15, 16, 17], 4: [18], 0: [19, 20, 21, 22], 5: [23, 24]}
4
4 [18] [-0.21542758 -0.01399375 -0.08168801]
0
0 [19, 20, 21, 22] [0.53639531 0.14752694 0.06614333]
0 [19, 20, 21, 22] [0.13815908 0.3123294  0.25539957]
0 [19, 20, 21, 22] [-0.00358377  0.46099544  0.00655593]
0 [19, 20, 21, 22] [ 0.13098962  0.2885254  -0.09652828]
5
5 [23, 24] [-0.09090609 -0.14391454  0.3595222 ]
5 [23, 24] [-0.05627546 -0.09852815  0.19402114]
6
6 [10, 11, 12, 13] [-0.14281117  0.26439207 -0.03408641]
6 [10, 11, 12, 13] [ 0.00433149 -0.06539416 -0.07829467]
6 [10, 11, 12, 13] [ 4.58562056e-02 -4.84673280e-01  1.37077312e-04]
6 [10, 11, 12, 13] [-0.10719838  0.06955555  0.02258053]
1
1 [14, 15, 16, 17] [ 0.04311267 -0.10720242  0.13198757]
1 [14, 15, 16, 17] [-0.04893469  0.29201937 -0.0661965 ]
1 [14, 15, 16, 17] [ 0.18625103 -0.35911876  0.0728459 ]
1 [14, 15, 16, 17] [-0.00365278 -0.26290293 -0.27083899]
2
2 [5, 6, 7, 8] [ 0.4950615  -0.07927646  0.26375369]
2 [5, 6, 7, 8] [ 0.10877683  0.16557806 -0.48501255]
2 [5, 6, 7, 8] [0.22041328 0.04876024 0.23777621]
2 [5, 6, 7, 8] [-0.21478487  0.20378722 -0.07911368]
7
7 [9] [ 0.04759397 -0.03311447  0.37692714]
2
3
3 [1, 3, 4] [-0.12485969 -0.4806377   0.26494685]
3 [1, 3, 4] [ 0.22414551 -0.03820484  0.4806203 ]
3 [1, 3, 4] [-0.05174483  0.28699729  0.40322541]
8
8 [0] [-0.10151529  0.03243757 -0.22903232]
3
9
9 [2] [ 0.39733152 -0.01864168  0.04216463]
RMSD using the Kabsch algorithm: 0.9961418498634107
1 [ 1.6756484   0.12490649 -1.64487608]
2 [ 1.8160483  -0.55305028 -0.09013091]
3 [ 3.36734748 -0.15746545  0.02439963]
4 [ 2.1650535  -0.11061742  0.12554253]
5 [1.88916317 0.21458471 0.04814764]
6 [ 1.41694446 -0.26679668  0.76531188]
7 [ 1.03065979 -0.02194216  0.01654564]
8 [ 1.14229624 -0.13875998  0.7393344 ]
9 [0.70709809 0.016267   0.42244452]
10 [ 1.15421897 -0.37299268  1.93975192]
11 [-1.05788732  1.5367262  -0.05596417]
12 [-0.91074466  1.20693997 -0.10017243]
13 [-0.86921995  0.78766085 -0.02174069]
14 [-1.02227453e+00  1.34188967e+00  7.02763957e-04]
15 [-0.45087088 -0.18479988  0.22255145]
16 [-0.54291825  0.21442191  0.02436738]
17 [-0.30773252 -0.43671622  0.16340979]
18 [-0.49763634 -0.34050039 -0.18027511]
19 [-2.62198805 -0.80404337 -0.5017339 ]
20 [-0.85073689 -0.88221499 -0.078703  ]
21 [-1.24897312 -0.71741253  0.11055324]
22 [-1.39071597 -0.56874649 -0.1382904 ]
23 [-1.25614258 -0.74121653 -0.24137461]
24 [-1.19251184 -2.21500272  0.2940646 ]
25 [-1.15788121 -2.16961633  0.12856354]

real	0m8.855s
user	0m8.841s
sys	0m0.011s
-xyz
refined.xyz
-dens
../../cube_files/fbuta/14_SCAN_1_2_3_4_F/B.d.cube
-esp
../../cube_files/fbuta/14_SCAN_1_2_3_4_F/B.p.cube
-stepsize
0.2
-n_steps
1
-learning_rate
0.5
   3.1665165661755581       0.23603905280962123       -3.1083652962482877     
   3.4318339235666482       -1.0451135703278631      -0.17032274190052168     
   6.3633645153101774      -0.29756656894885875        4.6108623737805755E-002
   4.0913581706846687      -0.20903663068413406       0.23724099713008776     
   3.5700009888028945       0.40550632965212668        9.0985862435579504E-002
   2.6776369569773819      -0.50417265904792474        1.4462298589245421     
   1.9476647264956091       -4.1464678975971329E-002   3.1266734249675812E-002
   2.1586270452095846      -0.26221835152348533        1.3971395328881335     
   1.3362217260364477        3.0740170698616225E-002  0.79830444019965163     
   2.1811577436982734      -0.70485402136099795        3.6655998837452777     
  -1.9991173043629960        2.9039916513315149      -0.10575696345702253     
  -1.7210579783383009        2.2807859913512161      -0.18929846741845710     
  -1.6425876418925209        1.4884632830086009       -4.1083944962797159E-002
  -1.9318188867946000        2.5358039759085664        1.3280314098500555E-003
 -0.85202248980959294      -0.34922115571419038       0.42056129204965920     
  -1.0259667958243215       0.40519869444300133        4.6047673474445092E-002
 -0.58153018799769429      -0.82527405356452987       0.30879974023431161     
 -0.94039638936639103      -0.64345248395006394      -0.34067057626477798     
  -4.9548393177096832       -1.5194217628729707      -0.94813965297096525     
  -1.6076597265843222       -1.6671447070796419      -0.14872710735750022     
  -2.3602171412675776       -1.3557132001943932       0.20891534334043282     
  -2.6280723088441782       -1.0747750933567375      -0.26133097633344554     
  -2.3737654457292527       -1.4006962430378334      -0.45613191285023430     
  -2.2535207785369575       -4.1857485037943087       0.55570154887267165     
  -2.1880783694362811       -4.0999806580394180       0.24294987111676308     
First
                         Total        9.681825662E-01
Step size:       0.20
Step size in Bohr:       0.38
Learning Rate:       1.00
# Steps:          1
                         Error  1        9.552326353E-01
                         Error        9.552326353E-01
/home/unibas/boittier/FDCM/fbuta/14_15
atom_charge_dict:  {8: [0], 3: [1, 3, 4], 9: [2], 2: [5, 6, 7, 8], 7: [9], 6: [10, 11, 12, 13], 1: [14, 15, 16, 17], 4: [18], 0: [19, 20, 21, 22], 5: [23, 24]}
4
4 [18] [-0.21526904  0.02982985 -0.07771419]
0
0 [19, 20, 21, 22] [0.55332058 0.05252081 0.07056785]
0 [19, 20, 21, 22] [0.1870448  0.25406497 0.28683911]
0 [19, 20, 21, 22] [0.06967192 0.45168582 0.06067575]
0 [19, 20, 21, 22] [ 0.17464751  0.27384716 -0.06517554]
5
5 [23, 24] [-0.11101869 -0.16971607  0.34216148]
5 [23, 24] [-0.07035314 -0.11089435  0.18245559]
6
6 [10, 11, 12, 13] [-0.09858091  0.28576475 -0.00493715]
6 [10, 11, 12, 13] [-0.01252392 -0.05900737 -0.08242857]
6 [10, 11, 12, 13] [-0.03602398 -0.48435847 -0.03423973]
6 [10, 11, 12, 13] [-0.09210306  0.08411871  0.03591997]
1
1 [14, 15, 16, 17] [ 0.0341225  -0.12248817  0.12065929]
1 [14, 15, 16, 17] [-0.00401651  0.30022631 -0.0431099 ]
1 [14, 15, 16, 17] [ 0.12839836 -0.38904059  0.03399946]
1 [14, 15, 16, 17] [-0.06769746 -0.23737819 -0.28566574]
2
2 [5, 6, 7, 8] [ 0.49078865 -0.18502153  0.21441604]
2 [5, 6, 7, 8] [ 0.10086237  0.18231461 -0.48077263]
2 [5, 6, 7, 8] [ 0.24234304 -0.00949989  0.22031513]
2 [5, 6, 7, 8] [-0.17975299  0.24370047 -0.04655931]
7
7 [9] [ 0.03578024 -0.24767066  0.28783588]
2
3
3 [1, 3, 4] [-0.19188326 -0.52690701 -0.04849596]
3 [1, 3, 4] [ 0.20713348 -0.33192331  0.36020343]
3 [1, 3, 4] [-0.02253128  0.00935417  0.49693829]
8
8 [0] [-0.0920469   0.16270596 -0.16985659]
3
9
9 [2] [ 0.39273251 -0.07471179  0.01356394]
RMSD using the Kabsch algorithm: 1.1430891846814994
1 [ 1.71529364  0.88668201 -1.26723051]
2 [ 1.73545557 -0.54083601 -0.3586429 ]
3 [ 3.32917961 -0.42320025 -0.08167893]
4 [ 2.13447232 -0.34585231  0.0500565 ]
5 [ 1.90480755 -0.00457483  0.18679135]
6 [ 1.3742433  -0.66058866  0.60076235]
7 [ 0.98431703 -0.29325252 -0.09442633]
8 [ 1.12579769 -0.48506702  0.60666144]
9 [ 0.70370166 -0.23186667  0.339787  ]
10 [ 1.0625265  -1.47424791  1.44764263]
11 [-0.80649538  1.59896404  0.11242161]
12 [-0.72043839  1.25419192  0.03493019]
13 [-0.74393845  0.82884082  0.08311903]
14 [-0.80001752  1.397318    0.15327873]
15 [-0.4779388  -0.21192808  0.2287257 ]
16 [-0.51607781  0.2107864   0.06495651]
17 [-0.38366294 -0.4784805   0.14206587]
18 [-0.57975876 -0.3268181  -0.17759933]
19 [-2.727068   -0.39824418 -0.53132895]
20 [-0.98908432 -0.80328117 -0.16165725]
21 [-1.35536011 -0.60173701  0.05461402]
22 [-1.47273298 -0.40411615 -0.17154934]
23 [-1.3677574  -0.58195482 -0.29740063]
24 [-1.536485  -2.1009179  0.0601112]
25 [-1.49581945 -2.04209618 -0.0995947 ]

real	0m8.761s
user	0m8.745s
sys	0m0.010s
-xyz
refined.xyz
-dens
../../cube_files/fbuta/15_SCAN_1_2_3_4_F/B.d.cube
-esp
../../cube_files/fbuta/15_SCAN_1_2_3_4_F/B.p.cube
-stepsize
0.2
-n_steps
1
-learning_rate
0.5
   3.2414352009741703        1.6755861675514605       -2.3947186027434038     
   3.2795357338014868       -1.0220319395803885      -0.67773684962763769     
   6.2912376785656638      -0.79973256653458880      -0.15435080107850180     
   4.0335680985233218      -0.65356614357227549        9.4593073549628370E-002
   3.5995645993507472       -8.6451680028294068E-003  0.35298449571035434     
   2.5969434706351602       -1.2483316518457601        1.1352763046177774     
   1.8600895997273745      -0.55416695366461155      -0.17843989446046488     
   2.1274493069056581      -0.91664382567670832        1.1464239687900337     
   1.3298034198667066      -0.43816450008901459       0.64210437374097340     
   2.0078840838991692       -2.7859247962884450        2.7356481034617710     
  -1.5240553932887608        3.0216041262787177       0.21244605762862639     
  -1.3614312515283400        2.3700792412723830        6.6008493974163973E-002
  -1.4058399206377217        1.5662821510508722       0.15707220219099424     
  -1.5118140169736765        2.6405483344789626       0.28965482585435692     
 -0.90317342882078100      -0.40048602911627873       0.43222893660377459     
 -0.97524571261734561       0.39832856591316762       0.12275001906101773     
 -0.72501787632830683      -0.90419710840743694       0.26846558341965038     
  -1.0955852817389600      -0.61759670272610889      -0.33561408432220741     
  -5.1534116476741412      -0.75257242577846672       -1.0040662000802727     
  -1.8690984868603846       -1.5179814136129794      -0.30548791993246227     
  -2.5612594013995627       -1.1371181404604465       0.10320554095567908     
  -2.7830619907972669      -0.76366885482890023      -0.32418126670776304     
  -2.5846868849608269       -1.0997352277684020      -0.56200574290816752     
  -2.9035358377495246       -3.9701594467933861       0.11359370709985567     
  -2.8266890942724903       -3.8590025060819704      -0.18820669839575899     
First
                         Total        7.365549914E-01
Step size:       0.20
Step size in Bohr:       0.38
Learning Rate:       1.00
# Steps:          1
                         Error  1        7.302736281E-01
                         Error        7.302736281E-01
/home/unibas/boittier/FDCM/fbuta/15_16
atom_charge_dict:  {8: [0], 3: [1, 3, 4], 9: [2], 2: [5, 6, 7, 8], 7: [9], 6: [10, 11, 12, 13], 1: [14, 15, 16, 17], 4: [18], 0: [19, 20, 21, 22], 5: [23, 24]}
4
4 [18] [0.21562332 0.05179841 0.06394579]
0
0 [19, 20, 21, 22] [-0.55916934 -0.0041478  -0.03520455]
0 [19, 20, 21, 22] [-0.22961997  0.23260553 -0.27383684]
0 [19, 20, 21, 22] [-0.11883351  0.44196766 -0.05522929]
0 [19, 20, 21, 22] [-0.19700943  0.25509365  0.07670425]
5
5 [23, 24] [ 0.10601533 -0.15902458 -0.34878672]
5 [23, 24] [ 0.06970127 -0.1039565  -0.18677474]
6
6 [10, 11, 12, 13] [ 0.06896356  0.29425802 -0.00227253]
6 [10, 11, 12, 13] [ 0.02548338 -0.05698     0.08079268]
6 [10, 11, 12, 13] [ 0.08800968 -0.47809868  0.02894663]
6 [10, 11, 12, 13] [ 0.07962994  0.09298016 -0.04330881]
1
1 [14, 15, 16, 17] [-0.03161319 -0.12578145 -0.11778139]
1 [14, 15, 16, 17] [-0.02299115  0.29917381  0.04387902]
1 [14, 15, 16, 17] [-0.09051532 -0.40031421 -0.02461305]
1 [14, 15, 16, 17] [ 0.11575999 -0.22789628  0.27782742]
2
2 [5, 6, 7, 8] [-0.48438606 -0.23844826 -0.17229767]
2 [5, 6, 7, 8] [-0.07850717  0.17313267  0.48832101]
2 [5, 6, 7, 8] [-0.25778763 -0.03694752 -0.19864926]
2 [5, 6, 7, 8] [0.15551578 0.26195783 0.03176444]
7
7 [9] [-0.00665972 -0.33825349 -0.17617475]
2
3
3 [1, 3, 4] [ 0.22550845 -0.45508899  0.24258362]
3 [1, 3, 4] [-0.1689649  -0.45651423 -0.21434339]
3 [1, 3, 4] [ 0.04217379 -0.17246264 -0.46471838]
8
8 [0] [0.0736964  0.21979487 0.10021673]
3
9
9 [2] [-0.38579081 -0.10545593  0.00746353]
RMSD using the Kabsch algorithm: 0.9186647042510233
1 [-1.82679834  1.18285256  0.7780406 ]
2 [-1.71198212 -0.47163953  0.45555091]
3 [-3.29630664 -0.59046729  0.12414971]
4 [-2.10645546e+00 -4.73064769e-01 -1.37610949e-03]
5 [-1.89531678 -0.18901318 -0.2517511 ]
6 [-1.32014334 -0.85722234 -0.42262538]
7 [-0.91426445 -0.44564141  0.2379933 ]
8 [-1.09354491 -0.65572159 -0.44897696]
9 [-0.6802415  -0.35681625 -0.21856327]
10 [-0.90136256 -1.94855445 -0.86865154]
11 [ 0.6394333   1.62071373 -0.11447922]
12 [ 0.59595312  1.26947571 -0.03141401]
13 [ 0.65847942  0.84835703 -0.08326006]
14 [ 0.65009968  1.41943587 -0.1555155 ]
15 [ 0.48875196 -0.21083184 -0.21006722]
16 [ 0.497374    0.21412342 -0.0484068 ]
17 [ 0.42984983 -0.4853646  -0.11689887]
18 [ 0.63612514 -0.31294666  0.1855416 ]
19 [ 2.79320162 -0.16447464  0.40789973]
20 [ 1.08554665 -0.74496703  0.14855904]
21 [ 1.41509601 -0.5082137  -0.09007325]
22 [ 1.52588247 -0.29885156  0.1285343 ]
23 [ 1.44770655 -0.48572557  0.26046784]
24 [ 1.74892258 -1.98143449 -0.10961353]
25 [ 1.71260853 -1.92636641  0.05239845]

real	0m8.628s
user	0m8.614s
sys	0m0.011s
-xyz
refined.xyz
-dens
../../cube_files/fbuta/16_SCAN_1_2_3_4_F/B.d.cube
-esp
../../cube_files/fbuta/16_SCAN_1_2_3_4_F/B.p.cube
-stepsize
0.2
-n_steps
1
-learning_rate
0.5
  -3.4521485556094067        2.2352673828765526        1.4702836558080381     
  -3.2351773352250373      -0.89126954745584830       0.86086644951045699     
  -6.2291167815817117       -1.1158214670778390       0.23460894339981458     
  -3.9806239231567129      -0.89396285392073704       -2.6004700574138199E-003
  -3.5816296378405270      -0.35718314809619367      -0.47574063281705792     
  -2.4947093672633129       -1.6199154453935563      -0.79864622121202355     
  -1.7277094133361257      -0.84214021270235739       0.44974215514835159     
  -2.0665003943215048       -1.2391342216444603      -0.84844350023277582     
  -1.2854701321134674      -0.67428498123404967      -0.41302471484861042     
  -1.7033283740796659       -3.6822342441166631       -1.6415135146106712     
   1.2083538203392605        3.0627050690261579      -0.21633437777809869     
   1.1261881775183971        2.3989614109879787       -5.9363872713683957E-002
   1.2443457542505973        1.6031624349636096      -0.15733871681136355     
   1.2285103555924002        2.6823450483194531      -0.29388169836708627     
  0.92360733991865762      -0.39841442817483830      -0.39696950777320061     
  0.93990063361901532       0.40463462791511073       -9.1475602055732422E-002
  0.81229844824504294      -0.91720616603211513      -0.22090684624819898     
   1.2021022903496972      -0.59138348449329758       0.35062280253633882     
   5.2783860797525968      -0.31081202347867071       0.77081877612673777     
   2.0513858615930167       -1.4077836560997097       0.28073590299186646     
   2.6741438988743709      -0.96038469804700244      -0.17021376790788320     
   2.8834999686114609      -0.56474760830809445       0.24289462456515293     
   2.7357688901584059      -0.91788830170116154       0.49221288096469357     
   3.3049847000437151       -3.7443685254684089      -0.20713955221733341     
   3.2363610824274511       -3.6403049390636126        9.9018716402774903E-002
First
                         Total        5.614284565E-01
Step size:       0.20
Step size in Bohr:       0.38
Learning Rate:       1.00
# Steps:          1
                         Error  1        5.559848152E-01
                         Error        5.559848152E-01
/home/unibas/boittier/FDCM/fbuta/16_17
atom_charge_dict:  {8: [0], 3: [1, 3, 4], 9: [2], 2: [5, 6, 7, 8], 7: [9], 6: [10, 11, 12, 13], 1: [14, 15, 16, 17], 4: [18], 0: [19, 20, 21, 22], 5: [23, 24]}
4
4 [18] [0.2179385  0.06133214 0.04483548]
0
0 [19, 20, 21, 22] [-0.55911093 -0.03178356  0.01702326]
0 [19, 20, 21, 22] [-0.26548407  0.22618729 -0.24540566]
0 [19, 20, 21, 22] [-0.14479865  0.43635318 -0.03292529]
0 [19, 20, 21, 22] [-0.20107009  0.24324714  0.10100308]
5
5 [23, 24] [ 0.08032827 -0.14635592 -0.36096277]
5 [23, 24] [ 0.05681769 -0.09651239 -0.19496713]
6
6 [10, 11, 12, 13] [ 0.05413132  0.2972645  -0.00391556]
6 [10, 11, 12, 13] [ 0.03356018 -0.05611995  0.07829902]
6 [10, 11, 12, 13] [ 0.1131845  -0.47337943  0.01838111]
6 [10, 11, 12, 13] [ 0.07183393  0.09714487 -0.04764785]
1
1 [14, 15, 16, 17] [-0.03323368 -0.12635608 -0.1166634 ]
1 [14, 15, 16, 17] [-0.03466195  0.29730292  0.04828101]
1 [14, 15, 16, 17] [-0.07213785 -0.40420562 -0.02244815]
1 [14, 15, 16, 17] [ 0.1451364  -0.22360744  0.2672301 ]
2
2 [5, 6, 7, 8] [-0.48119386 -0.26361819 -0.14195166]
2 [5, 6, 7, 8] [-0.05489188  0.16573232  0.49408966]
2 [5, 6, 7, 8] [-0.26814412 -0.04975108 -0.18135588]
2 [5, 6, 7, 8] [0.14289433 0.26981691 0.02383722]
7
7 [9] [ 0.01436726 -0.37017981 -0.09096634]
2
3
3 [1, 3, 4] [ 0.21545677 -0.37659972  0.35851439]
3 [1, 3, 4] [-0.14353402 -0.50004554 -0.11082575]
3 [1, 3, 4] [ 0.08022272 -0.27530899 -0.40648212]
8
8 [0] [0.06176547 0.24028962 0.04713522]
3
9
9 [2] [-0.3826161  -0.11611816  0.01158347]
RMSD using the Kabsch algorithm: 0.7489289786041912
1 [-1.90571038  1.27518202  0.3656077 ]
2 [-1.73534577 -0.40537901  0.46565157]
3 [-3.28568059 -0.66191026  0.08625352]
4 [-2.09433657 -0.52882484 -0.00368857]
5 [-1.87057983 -0.30408828 -0.29934494]
6 [-1.28676266 -0.94628351 -0.26564255]
7 [-0.86046067 -0.51693299  0.37039877]
8 [-1.07371292 -0.73241639 -0.30504677]
9 [-0.66267446 -0.41284841 -0.09985367]
10 [-0.79407179 -2.12185357 -0.41196563]
11 [ 0.55544556  1.62801819 -0.06475345]
12 [0.53487442 1.27463373 0.01746113]
13 [ 0.61449875  0.85737426 -0.04245679]
14 [ 0.57314817  1.42789855 -0.10848574]
15 [ 0.48886558 -0.20516376 -0.1681629 ]
16 [ 0.4874373   0.21849523 -0.0032185 ]
17 [ 0.44996141 -0.4830133  -0.07394765]
18 [ 0.66723566 -0.30241513  0.2157306 ]
19 [ 2.83491932 -0.05338126  0.22644162]
20 [ 1.14073418 -0.71419593  0.11322975]
21 [ 1.43436104 -0.45622508 -0.14919917]
22 [ 1.55504646 -0.24605919  0.0632812 ]
23 [ 1.49877502 -0.43916523  0.19720957]
24 [ 1.83706309 -1.9098605  -0.23609076]
25 [ 1.81355251 -1.86001697 -0.07009512]

real	0m8.548s
user	0m8.530s
sys	0m0.016s
-xyz
refined.xyz
-dens
../../cube_files/fbuta/17_SCAN_1_2_3_4_F/B.d.cube
-esp
../../cube_files/fbuta/17_SCAN_1_2_3_4_F/B.p.cube
-stepsize
0.2
-n_steps
1
-learning_rate
0.5
  -3.6012706885371415        2.4097447856904424       0.69089841717133638     
  -3.2793282461566000      -0.76605530396410992       0.87995393684005319     
  -6.2090364571867109       -1.2508291128876849       0.16299552087024233     
  -3.9577225257852611      -0.99933410746558249       -6.9703964254145302E-003
  -3.5348835676477814      -0.57464357532414934      -0.56567996115366748     
  -2.4316290064782198       -1.7882166727733364      -0.50199166451393129     
  -1.6260350087347815      -0.97686178369140086       0.69995222427654979     
  -2.0290233487900462       -1.3840663944355593      -0.57645484255626711     
  -1.2522732428024643      -0.78017041791544295      -0.18869608397689505     
  -1.5005781976509138       -4.0097221318513956      -0.77850222017499904     
   1.0496399836223027        3.0765084994244654      -0.12236629265984864     
   1.0107661634734140        2.4087086652160075        3.2996748879466631E-002
   1.1612343338012239        1.6202025318698889       -8.0231696058758767E-002
   1.0830930728981356        2.6983371992452692      -0.20500833988726558     
  0.92382205603703704      -0.38770332010639585      -0.31778183049343184     
  0.92112300843980677       0.41289614722431689       -6.0820812013686410E-003
  0.85030383552338207      -0.91276285351532715      -0.13974081547865230     
   1.2608926507624123      -0.57148176574622689       0.40767174748431462     
   5.3572211066538840      -0.10087596415216465       0.42791265028276693     
   2.1556751819467541       -1.3496347064150389       0.21397322107526331     
   2.7105495323042850      -0.86214045006530393      -0.28194556767083195     
   2.9386119216640991      -0.46498448910035106       0.11958413750557347     
   2.8322743113263220      -0.82990200616381216       0.37267208492310483     
   3.4715461180816725       -3.6091132780880288      -0.44614687635966876     
   3.4271175580647917       -3.5149226568464202      -0.13246057848353979     
First
                         Total        4.700325667E-01
Step size:       0.20
Step size in Bohr:       0.38
Learning Rate:       1.00
# Steps:          1
                         Error  1        4.634034565E-01
                         Error        4.634034565E-01
