node34.cluster
/home/unibas/boittier/FDCM/fbutone/0_1
Traceback (most recent call last):
  File "/home/unibas/boittier/AdjustReference-System/ARS.py", line 243, in <module>
    atom_positions, atom_names = read_cube_file(pcube)
  File "/home/unibas/boittier/AdjustReference-System/ARS.py", line 205, in read_cube_file
    pcube_data, pcube_meta = read_cube(filepath)
  File "/home/unibas/boittier/AdjustReference-System/Cube.py", line 167, in read_cube
    with open(fname, 'r') as cube:
FileNotFoundError: [Errno 2] No such file or directory: '../../cube_files/fbutone/0_SCAN_1_2_6_8_F/N.d.cube'
cp: cannot stat ‘fbutone-0-1.xyz’: No such file or directory

real	0m0.005s
user	0m0.000s
sys	0m0.004s
-xyz
refined.xyz
-dens
../../cube_files/fbutone/1_SCAN_1_2_6_8_F/N.d.cube
-esp
../../cube_files/fbutone/1_SCAN_1_2_6_8_F/N.p.cube
-stepsize
0.2
-n_steps
1
-learning_rate
0.5
ERROR: Could not open "../../cube_files/fbutone/1_SCAN_1_2_6_8_F/N.p.cube".
cp: cannot stat ‘refined.xyz’: No such file or directory
/home/unibas/boittier/FDCM/fbutone/1_2
Traceback (most recent call last):
  File "/home/unibas/boittier/AdjustReference-System/ARS.py", line 239, in <module>
    c_positions, c_charges = read_mdcm_xyz(xyz_file_name)
  File "/home/unibas/boittier/AdjustReference-System/ARS.py", line 215, in read_mdcm_xyz
    xyz_file = open(filepath).readlines()
FileNotFoundError: [Errno 2] No such file or directory: '../0_1/1_final.xyz'
cp: cannot stat ‘fbutone-1-2.xyz’: No such file or directory

real	0m0.004s
user	0m0.000s
sys	0m0.003s
-xyz
refined.xyz
-dens
../../cube_files/fbutone/2_SCAN_1_2_6_8_F/N.d.cube
-esp
../../cube_files/fbutone/2_SCAN_1_2_6_8_F/N.p.cube
-stepsize
0.2
-n_steps
1
-learning_rate
0.5
ERROR: Could not open "../../cube_files/fbutone/2_SCAN_1_2_6_8_F/N.p.cube".
cp: cannot stat ‘refined.xyz’: No such file or directory
/home/unibas/boittier/FDCM/fbutone/2_3
Traceback (most recent call last):
  File "/home/unibas/boittier/AdjustReference-System/ARS.py", line 239, in <module>
    c_positions, c_charges = read_mdcm_xyz(xyz_file_name)
  File "/home/unibas/boittier/AdjustReference-System/ARS.py", line 215, in read_mdcm_xyz
    xyz_file = open(filepath).readlines()
FileNotFoundError: [Errno 2] No such file or directory: '../1_2/2_final.xyz'
cp: cannot stat ‘fbutone-2-3.xyz’: No such file or directory

real	0m0.005s
user	0m0.001s
sys	0m0.003s
-xyz
refined.xyz
-dens
../../cube_files/fbutone/3_SCAN_1_2_6_8_F/N.d.cube
-esp
../../cube_files/fbutone/3_SCAN_1_2_6_8_F/N.p.cube
-stepsize
0.2
-n_steps
1
-learning_rate
0.5
ERROR: Could not open "../../cube_files/fbutone/3_SCAN_1_2_6_8_F/N.p.cube".
cp: cannot stat ‘refined.xyz’: No such file or directory
/home/unibas/boittier/FDCM/fbutone/3_4
Traceback (most recent call last):
  File "/home/unibas/boittier/AdjustReference-System/ARS.py", line 239, in <module>
    c_positions, c_charges = read_mdcm_xyz(xyz_file_name)
  File "/home/unibas/boittier/AdjustReference-System/ARS.py", line 215, in read_mdcm_xyz
    xyz_file = open(filepath).readlines()
FileNotFoundError: [Errno 2] No such file or directory: '../2_3/3_final.xyz'
cp: cannot stat ‘fbutone-3-4.xyz’: No such file or directory

real	0m0.004s
user	0m0.000s
sys	0m0.003s
-xyz
refined.xyz
-dens
../../cube_files/fbutone/4_SCAN_1_2_6_8_F/N.d.cube
-esp
../../cube_files/fbutone/4_SCAN_1_2_6_8_F/N.p.cube
-stepsize
0.2
-n_steps
1
-learning_rate
0.5
ERROR: Could not open "../../cube_files/fbutone/4_SCAN_1_2_6_8_F/N.p.cube".
cp: cannot stat ‘refined.xyz’: No such file or directory
/home/unibas/boittier/FDCM/fbutone/4_5
Traceback (most recent call last):
  File "/home/unibas/boittier/AdjustReference-System/ARS.py", line 239, in <module>
    c_positions, c_charges = read_mdcm_xyz(xyz_file_name)
  File "/home/unibas/boittier/AdjustReference-System/ARS.py", line 215, in read_mdcm_xyz
    xyz_file = open(filepath).readlines()
FileNotFoundError: [Errno 2] No such file or directory: '../3_4/4_final.xyz'
cp: cannot stat ‘fbutone-4-5.xyz’: No such file or directory

real	0m0.005s
user	0m0.000s
sys	0m0.004s
-xyz
refined.xyz
-dens
../../cube_files/fbutone/5_SCAN_1_2_6_8_F/N.d.cube
-esp
../../cube_files/fbutone/5_SCAN_1_2_6_8_F/N.p.cube
-stepsize
0.2
-n_steps
1
-learning_rate
0.5
ERROR: Could not open "../../cube_files/fbutone/5_SCAN_1_2_6_8_F/N.p.cube".
cp: cannot stat ‘refined.xyz’: No such file or directory
/home/unibas/boittier/FDCM/fbutone/5_6
Traceback (most recent call last):
  File "/home/unibas/boittier/AdjustReference-System/ARS.py", line 239, in <module>
    c_positions, c_charges = read_mdcm_xyz(xyz_file_name)
  File "/home/unibas/boittier/AdjustReference-System/ARS.py", line 215, in read_mdcm_xyz
    xyz_file = open(filepath).readlines()
FileNotFoundError: [Errno 2] No such file or directory: '../4_5/5_final.xyz'
cp: cannot stat ‘fbutone-5-6.xyz’: No such file or directory

real	0m0.005s
user	0m0.002s
sys	0m0.002s
-xyz
refined.xyz
-dens
../../cube_files/fbutone/6_SCAN_1_2_6_8_F/N.d.cube
-esp
../../cube_files/fbutone/6_SCAN_1_2_6_8_F/N.p.cube
-stepsize
0.2
-n_steps
1
-learning_rate
0.5
ERROR: Could not open "../../cube_files/fbutone/6_SCAN_1_2_6_8_F/N.p.cube".
cp: cannot stat ‘refined.xyz’: No such file or directory
/home/unibas/boittier/FDCM/fbutone/6_7
Traceback (most recent call last):
  File "/home/unibas/boittier/AdjustReference-System/ARS.py", line 239, in <module>
    c_positions, c_charges = read_mdcm_xyz(xyz_file_name)
  File "/home/unibas/boittier/AdjustReference-System/ARS.py", line 215, in read_mdcm_xyz
    xyz_file = open(filepath).readlines()
FileNotFoundError: [Errno 2] No such file or directory: '../5_6/6_final.xyz'
cp: cannot stat ‘fbutone-6-7.xyz’: No such file or directory

real	0m0.005s
user	0m0.002s
sys	0m0.002s
-xyz
refined.xyz
-dens
../../cube_files/fbutone/7_SCAN_1_2_6_8_F/N.d.cube
-esp
../../cube_files/fbutone/7_SCAN_1_2_6_8_F/N.p.cube
-stepsize
0.2
-n_steps
1
-learning_rate
0.5
ERROR: Could not open "../../cube_files/fbutone/7_SCAN_1_2_6_8_F/N.p.cube".
cp: cannot stat ‘refined.xyz’: No such file or directory
/home/unibas/boittier/FDCM/fbutone/7_8
Traceback (most recent call last):
  File "/home/unibas/boittier/AdjustReference-System/ARS.py", line 239, in <module>
    c_positions, c_charges = read_mdcm_xyz(xyz_file_name)
  File "/home/unibas/boittier/AdjustReference-System/ARS.py", line 215, in read_mdcm_xyz
    xyz_file = open(filepath).readlines()
FileNotFoundError: [Errno 2] No such file or directory: '../6_7/7_final.xyz'
cp: cannot stat ‘fbutone-7-8.xyz’: No such file or directory

real	0m0.004s
user	0m0.002s
sys	0m0.001s
-xyz
refined.xyz
-dens
../../cube_files/fbutone/8_SCAN_1_2_6_8_F/N.d.cube
-esp
../../cube_files/fbutone/8_SCAN_1_2_6_8_F/N.p.cube
-stepsize
0.2
-n_steps
1
-learning_rate
0.5
ERROR: Could not open "../../cube_files/fbutone/8_SCAN_1_2_6_8_F/N.p.cube".
cp: cannot stat ‘refined.xyz’: No such file or directory
/home/unibas/boittier/FDCM/fbutone/8_9
Traceback (most recent call last):
  File "/home/unibas/boittier/AdjustReference-System/ARS.py", line 239, in <module>
    c_positions, c_charges = read_mdcm_xyz(xyz_file_name)
  File "/home/unibas/boittier/AdjustReference-System/ARS.py", line 215, in read_mdcm_xyz
    xyz_file = open(filepath).readlines()
FileNotFoundError: [Errno 2] No such file or directory: '../7_8/8_final.xyz'
cp: cannot stat ‘fbutone-8-9.xyz’: No such file or directory

real	0m0.005s
user	0m0.001s
sys	0m0.003s
-xyz
refined.xyz
-dens
../../cube_files/fbutone/9_SCAN_1_2_6_8_F/N.d.cube
-esp
../../cube_files/fbutone/9_SCAN_1_2_6_8_F/N.p.cube
-stepsize
0.2
-n_steps
1
-learning_rate
0.5
ERROR: Could not open "../../cube_files/fbutone/9_SCAN_1_2_6_8_F/N.p.cube".
cp: cannot stat ‘refined.xyz’: No such file or directory
/home/unibas/boittier/FDCM/fbutone/9_10
Traceback (most recent call last):
  File "/home/unibas/boittier/AdjustReference-System/ARS.py", line 239, in <module>
    c_positions, c_charges = read_mdcm_xyz(xyz_file_name)
  File "/home/unibas/boittier/AdjustReference-System/ARS.py", line 215, in read_mdcm_xyz
    xyz_file = open(filepath).readlines()
FileNotFoundError: [Errno 2] No such file or directory: '../8_9/9_final.xyz'
cp: cannot stat ‘fbutone-9-10.xyz’: No such file or directory

real	0m0.004s
user	0m0.002s
sys	0m0.001s
-xyz
refined.xyz
-dens
../../cube_files/fbutone/10_SCAN_1_2_6_8_F/N.d.cube
-esp
../../cube_files/fbutone/10_SCAN_1_2_6_8_F/N.p.cube
-stepsize
0.2
-n_steps
1
-learning_rate
0.5
ERROR: Could not open "../../cube_files/fbutone/10_SCAN_1_2_6_8_F/N.p.cube".
cp: cannot stat ‘refined.xyz’: No such file or directory
/home/unibas/boittier/FDCM/fbutone/10_11
Traceback (most recent call last):
  File "/home/unibas/boittier/AdjustReference-System/ARS.py", line 239, in <module>
    c_positions, c_charges = read_mdcm_xyz(xyz_file_name)
  File "/home/unibas/boittier/AdjustReference-System/ARS.py", line 215, in read_mdcm_xyz
    xyz_file = open(filepath).readlines()
FileNotFoundError: [Errno 2] No such file or directory: '../9_10/10_final.xyz'
cp: cannot stat ‘fbutone-10-11.xyz’: No such file or directory

real	0m0.005s
user	0m0.000s
sys	0m0.003s
-xyz
refined.xyz
-dens
../../cube_files/fbutone/11_SCAN_1_2_6_8_F/N.d.cube
-esp
../../cube_files/fbutone/11_SCAN_1_2_6_8_F/N.p.cube
-stepsize
0.2
-n_steps
1
-learning_rate
0.5
ERROR: Could not open "../../cube_files/fbutone/11_SCAN_1_2_6_8_F/N.p.cube".
cp: cannot stat ‘refined.xyz’: No such file or directory
/home/unibas/boittier/FDCM/fbutone/11_12
Traceback (most recent call last):
  File "/home/unibas/boittier/AdjustReference-System/ARS.py", line 239, in <module>
    c_positions, c_charges = read_mdcm_xyz(xyz_file_name)
  File "/home/unibas/boittier/AdjustReference-System/ARS.py", line 215, in read_mdcm_xyz
    xyz_file = open(filepath).readlines()
FileNotFoundError: [Errno 2] No such file or directory: '../10_11/11_final.xyz'
cp: cannot stat ‘fbutone-11-12.xyz’: No such file or directory

real	0m0.005s
user	0m0.001s
sys	0m0.003s
-xyz
refined.xyz
-dens
../../cube_files/fbutone/12_SCAN_1_2_6_8_F/N.d.cube
-esp
../../cube_files/fbutone/12_SCAN_1_2_6_8_F/N.p.cube
-stepsize
0.2
-n_steps
1
-learning_rate
0.5
ERROR: Could not open "../../cube_files/fbutone/12_SCAN_1_2_6_8_F/N.p.cube".
cp: cannot stat ‘refined.xyz’: No such file or directory
/home/unibas/boittier/FDCM/fbutone/12_13
Traceback (most recent call last):
  File "/home/unibas/boittier/AdjustReference-System/ARS.py", line 239, in <module>
    c_positions, c_charges = read_mdcm_xyz(xyz_file_name)
  File "/home/unibas/boittier/AdjustReference-System/ARS.py", line 215, in read_mdcm_xyz
    xyz_file = open(filepath).readlines()
FileNotFoundError: [Errno 2] No such file or directory: '../11_12/12_final.xyz'
cp: cannot stat ‘fbutone-12-13.xyz’: No such file or directory

real	0m0.004s
user	0m0.001s
sys	0m0.002s
-xyz
refined.xyz
-dens
../../cube_files/fbutone/13_SCAN_1_2_6_8_F/N.d.cube
-esp
../../cube_files/fbutone/13_SCAN_1_2_6_8_F/N.p.cube
-stepsize
0.2
-n_steps
1
-learning_rate
0.5
ERROR: Could not open "../../cube_files/fbutone/13_SCAN_1_2_6_8_F/N.p.cube".
cp: cannot stat ‘refined.xyz’: No such file or directory
/home/unibas/boittier/FDCM/fbutone/13_14
Traceback (most recent call last):
  File "/home/unibas/boittier/AdjustReference-System/ARS.py", line 239, in <module>
    c_positions, c_charges = read_mdcm_xyz(xyz_file_name)
  File "/home/unibas/boittier/AdjustReference-System/ARS.py", line 215, in read_mdcm_xyz
    xyz_file = open(filepath).readlines()
FileNotFoundError: [Errno 2] No such file or directory: '../12_13/13_final.xyz'
cp: cannot stat ‘fbutone-13-14.xyz’: No such file or directory

real	0m0.004s
user	0m0.002s
sys	0m0.002s
-xyz
refined.xyz
-dens
../../cube_files/fbutone/14_SCAN_1_2_6_8_F/N.d.cube
-esp
../../cube_files/fbutone/14_SCAN_1_2_6_8_F/N.p.cube
-stepsize
0.2
-n_steps
1
-learning_rate
0.5
ERROR: Could not open "../../cube_files/fbutone/14_SCAN_1_2_6_8_F/N.p.cube".
cp: cannot stat ‘refined.xyz’: No such file or directory
/home/unibas/boittier/FDCM/fbutone/14_15
Traceback (most recent call last):
  File "/home/unibas/boittier/AdjustReference-System/ARS.py", line 239, in <module>
    c_positions, c_charges = read_mdcm_xyz(xyz_file_name)
  File "/home/unibas/boittier/AdjustReference-System/ARS.py", line 215, in read_mdcm_xyz
    xyz_file = open(filepath).readlines()
FileNotFoundError: [Errno 2] No such file or directory: '../13_14/14_final.xyz'
cp: cannot stat ‘fbutone-14-15.xyz’: No such file or directory

real	0m0.005s
user	0m0.002s
sys	0m0.002s
-xyz
refined.xyz
-dens
../../cube_files/fbutone/15_SCAN_1_2_6_8_F/N.d.cube
-esp
../../cube_files/fbutone/15_SCAN_1_2_6_8_F/N.p.cube
-stepsize
0.2
-n_steps
1
-learning_rate
0.5
ERROR: Could not open "../../cube_files/fbutone/15_SCAN_1_2_6_8_F/N.p.cube".
cp: cannot stat ‘refined.xyz’: No such file or directory
/home/unibas/boittier/FDCM/fbutone/15_16
Traceback (most recent call last):
  File "/home/unibas/boittier/AdjustReference-System/ARS.py", line 239, in <module>
    c_positions, c_charges = read_mdcm_xyz(xyz_file_name)
  File "/home/unibas/boittier/AdjustReference-System/ARS.py", line 215, in read_mdcm_xyz
    xyz_file = open(filepath).readlines()
FileNotFoundError: [Errno 2] No such file or directory: '../14_15/15_final.xyz'
cp: cannot stat ‘fbutone-15-16.xyz’: No such file or directory

real	0m0.005s
user	0m0.003s
sys	0m0.001s
-xyz
refined.xyz
-dens
../../cube_files/fbutone/16_SCAN_1_2_6_8_F/N.d.cube
-esp
../../cube_files/fbutone/16_SCAN_1_2_6_8_F/N.p.cube
-stepsize
0.2
-n_steps
1
-learning_rate
0.5
ERROR: Could not open "../../cube_files/fbutone/16_SCAN_1_2_6_8_F/N.p.cube".
cp: cannot stat ‘refined.xyz’: No such file or directory
/home/unibas/boittier/FDCM/fbutone/16_17
Traceback (most recent call last):
  File "/home/unibas/boittier/AdjustReference-System/ARS.py", line 239, in <module>
    c_positions, c_charges = read_mdcm_xyz(xyz_file_name)
  File "/home/unibas/boittier/AdjustReference-System/ARS.py", line 215, in read_mdcm_xyz
    xyz_file = open(filepath).readlines()
FileNotFoundError: [Errno 2] No such file or directory: '../15_16/16_final.xyz'
cp: cannot stat ‘fbutone-16-17.xyz’: No such file or directory

real	0m0.005s
user	0m0.001s
sys	0m0.003s
-xyz
refined.xyz
-dens
../../cube_files/fbutone/17_SCAN_1_2_6_8_F/N.d.cube
-esp
../../cube_files/fbutone/17_SCAN_1_2_6_8_F/N.p.cube
-stepsize
0.2
-n_steps
1
-learning_rate
0.5
ERROR: Could not open "../../cube_files/fbutone/17_SCAN_1_2_6_8_F/N.p.cube".
cp: cannot stat ‘refined.xyz’: No such file or directory
