node26.cluster
-xyz
out_charges.xyz
-dens
cubes/2_SCAN_1_2_3_4_F/B.d.cube
-esp
cubes/2_SCAN_1_2_3_4_F/B.p.cube
   3.6555579521824129        2.4514934143709515       -6.6757058055300173E-003
   3.3586066973152597      -0.63647128922178697      -0.83159942028661771     
   6.2074030829948148       -1.2858581286366284       -1.1591234602855388E-002
   3.9500984629219200       -1.0303441126240211        6.1488370272928972E-002
   3.4748897557486380      -0.71330603305083651       0.64162746346888366     
   2.4159138686458728       -1.8382727333424265       0.21699820665147881     
   1.5615950431360328       -1.0157005728627126      -0.93938866581795633     
   2.0330052785922823       -1.4211070643107195       0.31586970899417038     
   1.2368113673122432      -0.81197149393757062       -3.4443926292222163E-002
   1.4337628985070685       -4.0952108993479630        3.9241720956427514E-002
  -1.0073058161119055        3.0801957663853790        8.7361825697373809E-003
 -0.98184638365757682        2.4109655608208338      -0.14244012562277808     
  -1.1412068623028724        1.6245941063698308       -1.8749384775255177E-002
  -1.0366784968765683        2.7027732698702973        9.7728596886390171E-002
 -0.91212155762920866      -0.38134454858135775       0.21950043491616184     
 -0.92188926668438309       0.41463621405926504       -9.9543285723128358E-002
 -0.86123199188981214      -0.91249977578120534        3.7568944548355750E-002
  -1.2930745856296151      -0.56433970186177163      -0.48514816108115788     
  -5.3880251952924398       -4.1891764214225927E-002  -4.3172863354118900E-002
  -2.1993035684414135       -1.3357361069798821      -0.14294304776330799     
  -2.6896394482542267      -0.82739515415505094       0.40055186622604583     
  -2.9569144097111324      -0.43736175543319566        1.4974653915974351E-002
  -2.8797141085025424      -0.80596402261190969      -0.23840926738232129     
  -3.4660629157038176       -3.5594900106192120       0.70052983909093947     
  -3.4538643618488494       -3.4745926834756715       0.38113872889149658     
First
                         Total        2.303147608E+00
                         Error  1        2.300522295E+00
                         Error  2        2.297928287E+00
                         Error  3        2.295365160E+00
                         Error  4        2.292832491E+00
                         Error  5        2.290329863E+00
                         Error  6        2.287856862E+00
                         Error  7        2.285413079E+00
                         Error  8        2.282998109E+00
                         Error  9        2.280611552E+00
                         Error 10        2.278253009E+00
                         Error 11        2.275922090E+00
                         Error 12        2.273618406E+00
                         Error 13        2.271341574E+00
                         Error 14        2.269091212E+00
                         Error 15        2.266866946E+00
                         Error 16        2.264668405E+00
                         Error 17        2.262495221E+00
                         Error 18        2.260347032E+00
                         Error 19        2.258223480E+00
                         Error 20        2.256124208E+00
                         Error 21        2.254048868E+00
                         Error 22        2.251997113E+00
                         Error 23        2.249968602E+00
                         Error 24        2.247962996E+00
                         Error 25        2.245979961E+00
                         Error 26        2.244019169E+00
                         Error 27        2.242080293E+00
                         Error 28        2.240163012E+00
                         Error 29        2.238267009E+00
                         Error 30        2.236391970E+00
                         Error 31        2.234537586E+00
                         Error 32        2.232703551E+00
                         Error 33        2.230889564E+00
                         Error 34        2.229095327E+00
                         Error 35        2.227320547E+00
                         Error 36        2.225564934E+00
                         Error 37        2.223828201E+00
                         Error 38        2.222110067E+00
                         Error 39        2.220410253E+00
                         Error 40        2.218728485E+00
                         Error 41        2.217064491E+00
                         Error 42        2.215418005E+00
                         Error 43        2.213788763E+00
                         Error 44        2.212176504E+00
                         Error 45        2.210580974E+00
                         Error 46        2.209001918E+00
                         Error 47        2.207439088E+00
                         Error 48        2.205892238E+00
                         Error 49        2.204361125E+00
                         Error 50        2.202845512E+00
                         Error 51        2.201345161E+00
                         Error 52        2.199859843E+00
                         Error 53        2.198389327E+00
                         Error 54        2.196933388E+00
                         Error 55        2.195491804E+00
                         Error 56        2.194064357E+00
                         Error 57        2.192650830E+00
                         Error 58        2.191251011E+00
                         Error 59        2.189864690E+00
                         Error 60        2.188491662E+00
                         Error 61        2.187131723E+00
                         Error 62        2.185784672E+00
                         Error 63        2.184450313E+00
                         Error 64        2.183128450E+00
                         Error 65        2.181818894E+00
                         Error 66        2.180521454E+00
                         Error 67        2.179235946E+00
                         Error 68        2.177962187E+00
                         Error 69        2.176699996E+00
                         Error 70        2.175449197E+00
                         Error 71        2.174209615E+00
                         Error 72        2.172981077E+00
                         Error 73        2.171763414E+00
                         Error 74        2.170556461E+00
                         Error 75        2.169360052E+00
                         Error 76        2.168174027E+00
                         Error 77        2.166998226E+00
                         Error 78        2.165832492E+00
                         Error 79        2.164676672E+00
                         Error 80        2.163530614E+00
                         Error 81        2.162394169E+00
                         Error 82        2.161267189E+00
                         Error 83        2.160149531E+00
                         Error 84        2.159041051E+00
                         Error 85        2.157941609E+00
                         Error 86        2.156851069E+00
                         Error 87        2.155769293E+00
                         Error 88        2.154696149E+00
                         Error 89        2.153631505E+00
                         Error 90        2.152575233E+00
                         Error 91        2.151527204E+00
                         Error 92        2.150487293E+00
                         Error 93        2.149455378E+00
                         Error 94        2.148431337E+00
                         Error 95        2.147415051E+00
                         Error 96        2.146406404E+00
                         Error 97        2.145405278E+00
                         Error 98        2.144411562E+00
                         Error 99        2.143425143E+00
                         Error100        2.142445911E+00
                         Error        2.142445911E+00
