-xyz
refined.xyz
-dens
/home/unibas/boittier/RDKit_G2/B.pdb/SCAN_1_2_3_4_S_36_10.0/23_SCAN/B.d.cube
-esp
/home/unibas/boittier/RDKit_G2/B.pdb/SCAN_1_2_3_4_S_36_10.0/23_SCAN/B.p.cube
-stepsize
0.2
-n_steps
100
-learning_rate
0.5
  -3.6782577724100398        2.7474281557767992      -0.30561829124553952     
  -3.0851624813264431       -6.2341283176452628E-002  0.54252205970502576     
  -2.8061666999131334       0.26854648022479116      -0.39503102552238639     
  -5.7627384209936388       -1.1985610179128838       0.10206080003655894     
  -2.8987381702507031        3.2863967672756240E-002 -0.64657786978227583     
 -0.97368589948652617       -1.1627250429862470      -0.14838740481415674     
  -1.4256398549023293       -3.7517193078124329       0.46293154173201706     
  -2.4296353753872530       -1.7793636009922456        7.5966468655014011E-002
  -1.8554313161217990       -1.4384787938655494        1.5904043099512526E-002
   1.4150287252589038        1.6537802567999309      -0.14318342044926993     
   1.3670631823655086        1.8382583127624195      -0.17044762940250127     
   1.0688865199078219        3.2705903890978898        2.1548510854622022E-002
   1.0646403354699023        2.5387312782023774        3.4686765034768918E-002
  0.96580727504516317      -0.76901166963125678      -0.13766031912606702     
   1.1817511761621231      -0.44612699532321243      -0.45576543312442097     
   1.4903781869536161      -0.48306158163067159       0.77904429071585157     
   1.1541275939332585       0.64110366549494247       -2.9035955661523498E-002
   2.7877009616279316       -1.1028145637473228       -1.0320504696380783     
   2.8678276262050728       -1.0226581344884638       0.86233663013613937     
   5.2369756810595556      -0.12121325813077459      -0.10423995725469720     
   3.1215205860806430       -3.6620834020132871       -5.1350748168885234E-002
First
                         Total        7.708872021E+00
Step size:       0.20
Step size in Bohr:       0.38
Learning Rate:       1.00
# Steps:        100
                         Error  1        7.660981711E+00
                         Error  2        7.613397765E+00
                         Error  3        7.566123117E+00
                         Error  4        7.519160675E+00
                         Error  5        7.472513318E+00
                         Error  6        7.426183891E+00
                         Error  7        7.380175200E+00
                         Error  8        7.334490013E+00
                         Error  9        7.289131051E+00
                         Error 10        7.244100990E+00
                         Error 11        7.199402450E+00
                         Error 12        7.155037997E+00
                         Error 13        7.111010135E+00
                         Error 14        7.067321305E+00
                         Error 15        7.023973875E+00
                         Error 16        6.980970140E+00
                         Error 17        6.938312318E+00
                         Error 18        6.896002541E+00
                         Error 19        6.854042852E+00
                         Error 20        6.812435200E+00
                         Error 21        6.771181437E+00
                         Error 22        6.730283309E+00
                         Error 23        6.689742455E+00
                         Error 24        6.649560398E+00
                         Error 25        6.609738546E+00
                         Error 26        6.570278182E+00
                         Error 27        6.531180464E+00
                         Error 28        6.492446423E+00
                         Error 29        6.454076958E+00
                         Error 30        6.416072837E+00
                         Error 31        6.378434698E+00
                         Error 32        6.341163053E+00
                         Error 33        6.304258296E+00
                         Error 34        6.267720709E+00
                         Error 35        6.231550479E+00
                         Error 36        6.195747719E+00
                         Error 37        6.160312494E+00
                         Error 38        6.125244851E+00
                         Error 39        6.090544868E+00
                         Error 40        6.056212700E+00
                         Error 41        6.022248642E+00
                         Error 42        5.988653192E+00
                         Error 43        5.955427131E+00
                         Error 44        5.922571584E+00
                         Error 45        5.890088095E+00
                         Error 46        5.857978675E+00
                         Error 47        5.826245822E+00
                         Error 48        5.794892517E+00
                         Error 49        5.763922168E+00
                         Error 50        5.733338509E+00
                         Error 51        5.703145466E+00
                         Error 52        5.673346983E+00
                         Error 53        5.643946836E+00
                         Error 54        5.614948463E+00
                         Error 55        5.586354803E+00
                         Error 56        5.558168188E+00
                         Error 57        5.530390270E+00
                         Error 58        5.503021997E+00
                         Error 59        5.476063622E+00
                         Error 60        5.449514749E+00
                         Error 61        5.423374383E+00
                         Error 62        5.397641008E+00
                         Error 63        5.372312649E+00
                         Error 64        5.347386942E+00
                         Error 65        5.322861196E+00
                         Error 66        5.298732445E+00
                         Error 67        5.274997495E+00
                         Error 68        5.251652959E+00
                         Error 69        5.228695292E+00
                         Error 70        5.206120813E+00
                         Error 71        5.183925727E+00
                         Error 72        5.162106140E+00
                         Error 73        5.140658075E+00
                         Error 74        5.119577480E+00
                         Error 75        5.098860234E+00
                         Error 76        5.078502161E+00
                         Error 77        5.058499028E+00
                         Error 78        5.038846557E+00
                         Error 79        5.019540425E+00
                         Error 80        5.000576266E+00
                         Error 81        4.981949683E+00
                         Error 82        4.963656240E+00
                         Error 83        4.945691475E+00
                         Error 84        4.928050897E+00
                         Error 85        4.910729993E+00
                         Error 86        4.893724227E+00
                         Error 87        4.877029045E+00
                         Error 88        4.860639880E+00
                         Error 89        4.844552151E+00
                         Error 90        4.828761270E+00
                         Error 91        4.813262640E+00
                         Error 92        4.798051662E+00
                         Error 93        4.783123738E+00
                         Error 94        4.768474272E+00
                         Error 95        4.754098671E+00
                         Error 96        4.739992354E+00
                         Error 97        4.726150749E+00
                         Error 98        4.712569298E+00
                         Error 99        4.699243459E+00
                         Error100        4.686168710E+00
                         Error        4.686168710E+00
