Running in analysis mode

Reading "/home/unibas/boittier/RDKit_G2/B.pdb/SCAN_1_2_3_4_S_36_10.0/28_SCAN/B.p.cube"...

  B.pdb Potential
  Electrostatic potential from Total SCF Density
   10   -9.123242   -8.442851   -7.171535
  117    0.166667    0.000000    0.000000
   94    0.000000    0.166667    0.000000
   89    0.000000    0.000000    0.166667
    6    6.000000   -2.610490   -1.930099   -0.252719
    6    6.000000   -0.950148   -0.103160    0.152336
    6    6.000000    1.726915   -0.325915    0.940069
    6    6.000000    3.659387   -0.157971   -0.658783
    1    1.000000   -4.544073   -1.505510   -0.767272
    1    1.000000   -2.036510   -3.883463   -0.085011
    9    9.000000   -1.712062    2.358949   -0.057060
    1    1.000000    2.067844   -0.556811    2.953430
    1    1.000000    3.371241    0.092746   -2.672749
    1    1.000000    5.596069   -0.274626   -0.000276
  8.26816E-04  8.60346E-04  8.94798E-04  9.30151E-04  9.66376E-04  1.00344E-03
       .            .            .            .            .            .
       .            .            .            .            .            .
       .            .            .            .            .            .
  6.07754E-04  6.04845E-04  6.01737E-04  5.98431E-04  5.94927E-04  5.91228E-04

824122 out of 978822 gridpoints are considered (84.2%).

...done!

Reading "21charges.cube"...

  Fitted ESP
  Electrostatic potential fitted from 21 point charges.
   10   -9.123242   -8.442851   -7.171535
  117    0.166667    0.000000    0.000000
   94    0.000000    0.166667    0.000000
   89    0.000000    0.000000    0.166667
    6    6.000000   -2.610490   -1.930099   -0.252719
    6    6.000000   -0.950148   -0.103160    0.152336
    6    6.000000    1.726915   -0.325915    0.940069
    6    6.000000    3.659387   -0.157971   -0.658783
    1    1.000000   -4.544073   -1.505510   -0.767272
    1    1.000000   -2.036510   -3.883463   -0.085011
    9    9.000000   -1.712062    2.358949   -0.057060
    1    1.000000    2.067844   -0.556811    2.953430
    1    1.000000    3.371241    0.092746   -2.672749
    1    1.000000    5.596069   -0.274626   -0.000276
  1.53697E-03  1.57372E-03  1.61116E-03  1.64923E-03  1.68791E-03  1.72715E-03
       .            .            .            .            .            .
       .            .            .            .            .            .
       .            .            .            .            .            .
 -3.46979E-04 -3.42511E-04 -3.37994E-04 -3.33446E-04 -3.28882E-04 -3.24316E-04

824122 out of 978822 gridpoints are considered (84.2%).

...done!

                       Measure       RMSE[kcal/mol/e]   MaxError[kcal/mol/e]   NPoints
                         Total        1.267512342E+00        9.083074062E+00    824122
Close (  1.20 < r <   1.66 )          2.121857454E+00        9.083074062E+00    156546
Mid-range ( 1.66 < r <  2.20)         1.237962679E+00        3.751360165E+00    278840
Far-range (  2.20         < r)        7.025549726E-01        2.194724408E+00    388736
Did analysis and wrote slice data
