-xyz
refined.xyz
-dens
/home/unibas/boittier/RDKit_G2/B.pdb/SCAN_1_2_3_4_S_36_10.0/29_SCAN/B.d.cube
-esp
/home/unibas/boittier/RDKit_G2/B.pdb/SCAN_1_2_3_4_S_36_10.0/29_SCAN/B.p.cube
-stepsize
0.2
-n_steps
100
-learning_rate
0.5
  -3.4970868610845112        2.9150011138223024       0.36920313294692170     
  -3.0877054224300098       -5.6585717299064836E-002  0.54384204352695442     
  -2.8163179319018363       0.43812882713752105      -0.21295239363126051     
  -5.8324850448970542      -0.91379943683157649       -8.0667395765631408E-002
  -2.9039911096747937       0.26978812024236998      -0.60398454412180036     
  -1.0410628216144722       -1.2245371282344406      -0.25737223294958961     
  -1.6851858765127463       -3.7498220138001424      -0.32749621566357728     
  -2.4966161128319309       -1.7781212395070143      -0.21922488086081773     
  -1.9069289661360664       -1.4591154029175795      -0.22418407574557428     
   1.4941370179607156        1.4403906474816268      -0.12442789469416872     
   1.4577542009435063        1.6286125830725391      -0.14245501634198765     
   1.2182423833026008        3.0889616724413513       0.11174674698370528     
   1.1750500123513017        2.3576015098623535        9.2442089687852197E-002
  0.90076195687769167      -0.94881302542450641      -0.22432371733534390     
   1.1377451108131527      -0.62215184396221779      -0.52300180853219114     
   1.4380084499045811      -0.74952772930781197       0.70784633830655586     
   1.1757920645255191       0.43820682985776527       -3.3999220377557871E-002
   2.7799697102846022      -0.69935245929025314       -1.2159167558669242     
   2.7787996424676242       -1.3775694813087465       0.76090789025826433     
   5.2233834432325006      -0.17924607022731257        1.8964110091015344E-002
   2.9609010033652696       -3.4544064171896234       -1.2183719800714781     
First
                         Total        5.831326210E+00
Step size:       0.20
Step size in Bohr:       0.38
Learning Rate:       1.00
# Steps:        100
                         Error  1        5.807785279E+00
                         Error  2        5.784554532E+00
                         Error  3        5.761632209E+00
                         Error  4        5.739016481E+00
                         Error  5        5.716705451E+00
                         Error  6        5.694697158E+00
                         Error  7        5.672989575E+00
                         Error  8        5.651580615E+00
                         Error  9        5.630468128E+00
                         Error 10        5.609649907E+00
                         Error 11        5.589123685E+00
                         Error 12        5.568887142E+00
                         Error 13        5.548937904E+00
                         Error 14        5.529273545E+00
                         Error 15        5.509891589E+00
                         Error 16        5.490789512E+00
                         Error 17        5.471964746E+00
                         Error 18        5.453414679E+00
                         Error 19        5.435136654E+00
                         Error 20        5.417127981E+00
                         Error 21        5.399385926E+00
                         Error 22        5.381907723E+00
                         Error 23        5.364690575E+00
                         Error 24        5.347731649E+00
                         Error 25        5.331028087E+00
                         Error 26        5.314577003E+00
                         Error 27        5.298375487E+00
                         Error 28        5.282420605E+00
                         Error 29        5.266709405E+00
                         Error 30        5.251238913E+00
                         Error 31        5.236006144E+00
                         Error 32        5.221008094E+00
                         Error 33        5.206241750E+00
                         Error 34        5.191704086E+00
                         Error 35        5.177392071E+00
                         Error 36        5.163302665E+00
                         Error 37        5.149432825E+00
                         Error 38        5.135779505E+00
                         Error 39        5.122339658E+00
                         Error 40        5.109110238E+00
                         Error 41        5.096088202E+00
                         Error 42        5.083270512E+00
                         Error 43        5.070654135E+00
                         Error 44        5.058236045E+00
                         Error 45        5.046013228E+00
                         Error 46        5.033982677E+00
                         Error 47        5.022141400E+00
                         Error 48        5.010486417E+00
                         Error 49        4.999014763E+00
                         Error 50        4.987723490E+00
                         Error 51        4.976609666E+00
                         Error 52        4.965670378E+00
                         Error 53        4.954902733E+00
                         Error 54        4.944303859E+00
                         Error 55        4.933870906E+00
                         Error 56        4.923601044E+00
                         Error 57        4.913491471E+00
                         Error 58        4.903539406E+00
                         Error 59        4.893742096E+00
                         Error 60        4.884096812E+00
                         Error 61        4.874600853E+00
                         Error 62        4.865251547E+00
                         Error 63        4.856046246E+00
                         Error 64        4.846982336E+00
                         Error 65        4.838057229E+00
                         Error 66        4.829268368E+00
                         Error 67        4.820613226E+00
                         Error 68        4.812089307E+00
                         Error 69        4.803694146E+00
                         Error 70        4.795425310E+00
                         Error 71        4.787280397E+00
                         Error 72        4.779257038E+00
                         Error 73        4.771352895E+00
                         Error 74        4.763565663E+00
                         Error 75        4.755893071E+00
                         Error 76        4.748332878E+00
                         Error 77        4.740882878E+00
                         Error 78        4.733540898E+00
                         Error 79        4.726304796E+00
                         Error 80        4.719172466E+00
                         Error 81        4.712141831E+00
                         Error 82        4.705210850E+00
                         Error 83        4.698377515E+00
                         Error 84        4.691639847E+00
                         Error 85        4.684995904E+00
                         Error 86        4.678443775E+00
                         Error 87        4.671981579E+00
                         Error 88        4.665607471E+00
                         Error 89        4.659319636E+00
                         Error 90        4.653116290E+00
                         Error 91        4.646995681E+00
                         Error 92        4.640956090E+00
                         Error 93        4.634995827E+00
                         Error 94        4.629113233E+00
                         Error 95        4.623306681E+00
                         Error 96        4.617574572E+00
                         Error 97        4.611915339E+00
                         Error 98        4.606327443E+00
                         Error 99        4.600809375E+00
                         Error100        4.595359654E+00
                         Error        4.595359654E+00
