node26.cluster
-xyz
refined.xyz
-dens
../../cubes/8_SCAN_1_2_3_4_F/B.d.cube
-esp
../../cubes/8_SCAN_1_2_3_4_F/B.p.cube
-stepsize
0.2
-n_steps
500
-learning_rate
0.5
   3.6786250491686752        2.4829253250729901      -0.98926637862671185     
   3.2944639188644542      -0.60935233597657223      -0.92124560243591391     
   6.3280559790448585       -1.0957838240687625        4.8023780399322306E-003
   3.9873153808311059      -0.66783991427773692       -6.4325684706534117E-002
   3.5648264573313435      -0.34056073996211383       0.60893671537339711     
   2.2982551184829858       -1.5314114202459268        5.2757336810306865E-002
   1.2523436609493805       -1.4122588793311779       0.79443046696658282     
   1.8640284240542626       -1.1944850678457786      -0.23552815300532942     
  0.95329703463933158       -1.0780692139287273       -1.9841656430384425E-002
   1.5232887738184453       -3.7716072669021159        1.1856649671455823     
  -2.5224326876958498       -1.8277573818028583      -0.24329801316015126     
  -2.2610957945506769       -1.5825961432673772      -0.16798511905584476     
  -1.7665394804249452      -0.98777563777244215      -0.12869434634771193     
  -2.4151976767467556       -1.6479262527998189      -0.26874397601767042     
 -0.59526864461488327        4.1000608987221861E-002 -0.11146822891854959     
  -1.0583571566692747      -0.39967150644788557       -6.6058076140559210E-002
 -0.28959320069830041       0.27716066481469970        4.7161659998765038E-002
 -0.79397003218476048       0.40243748760346326       0.28739372066715102     
  -4.0043368144515918        3.1794905985924813       -7.8126023054673616E-002
 -0.82166842839970722        1.5933721687148670       0.27498046821733457     
  -1.3759685582120893        1.6422443440200594      -0.13008342043727661     
  -1.7935641314153101        1.4690501823337663        4.9056224863975206E-002
  -1.4857757615483442        1.6839931605747454       0.25896828027886054     
 -0.29366180874701064        4.0317572253025098        1.5225007357148742E-002
 -0.18988927448380699        4.0884391193978340       0.18885468813296485     
First
                         Total        6.193631053E-01
Step size:       0.20
Step size in Bohr:       0.38
Learning Rate:       1.00
# Steps:        500
                         Error  1        6.109714734E-01
                         Error  2        6.032491914E-01
                         Error  3        5.961470738E-01
                         Error  4        5.896186098E-01
                         Error  5        5.836199502E-01
                         Error  6        5.781098753E-01
                         Error  7        5.730497455E-01
                         Error  8        5.684034350E-01
                         Error  9        5.641372539E-01
                         Error 10        5.602198580E-01
                         Error 11        5.566221511E-01
                         Error 12        5.533171799E-01
                         Error 13        5.502800254E-01
                         Error 14        5.474876914E-01
                         Error 15        5.449189919E-01
                         Error 16        5.425544392E-01
                         Error 17        5.403761343E-01
                         Error 18        5.383676588E-01
                         Error 19        5.365139714E-01
                         Error 20        5.348013076E-01
                         Error 21        5.332170849E-01
                         Error 22        5.317498120E-01
                         Error 23        5.303890028E-01
                         Error 24        5.291250969E-01
                         Error 25        5.279493833E-01
                         Error 26        5.268539308E-01
                         Error 27        5.258315218E-01
                         Error 28        5.248755922E-01
                         Error 29        5.239801746E-01
                         Error 30        5.231398466E-01
                         Error 31        5.223496830E-01
                         Error 32        5.216052116E-01
                         Error 33        5.209023726E-01
                         Error 34        5.202374821E-01
                         Error 35        5.196071973E-01
                         Error 36        5.190084860E-01
                         Error 37        5.184385983E-01
                         Error 38        5.178950402E-01
                         Error 39        5.173755503E-01
                         Error 40        5.168780785E-01
                         Error 41        5.164007657E-01
                         Error 42        5.159419267E-01
                         Error 43        5.155000338E-01
                         Error 44        5.150737017E-01
                         Error 45        5.146616745E-01
                         Error 46        5.142628137E-01
                         Error 47        5.138760865E-01
                         Error 48        5.135005566E-01
                         Error 49        5.131353744E-01
                         Error 50        5.127797696E-01
                         Error 51        5.124330428E-01
                         Error 52        5.120945595E-01
                         Error 53        5.117637437E-01
                         Error 54        5.114400722E-01
                         Error 55        5.111230698E-01
                         Error 56        5.108123049E-01
                         Error 57        5.105073849E-01
                         Error 58        5.102079528E-01
                         Error 59        5.099136838E-01
                         Error 60        5.096242825E-01
                         Error 61        5.093394793E-01
                         Error 62        5.090590290E-01
                         Error 63        5.087827077E-01
                         Error 64        5.085103112E-01
                         Error 65        5.082416528E-01
                         Error 66        5.079765620E-01
                         Error 67        5.077148829E-01
                         Error 68        5.074564725E-01
                         Error 69        5.072011998E-01
                         Error 70        5.069489447E-01
                         Error 71        5.066995966E-01
                         Error 72        5.064530540E-01
                         Error 73        5.062092234E-01
                         Error 74        5.059680183E-01
                         Error 75        5.057293591E-01
                         Error 76        5.054931719E-01
                         Error 77        5.052593886E-01
                         Error 78        5.050279455E-01
                         Error 79        5.047987838E-01
                         Error 80        5.045718484E-01
                         Error 81        5.043470883E-01
                         Error 82        5.041244553E-01
                         Error 83        5.039039047E-01
                         Error 84        5.036853943E-01
                         Error 85        5.034688845E-01
                         Error 86        5.032543380E-01
                         Error 87        5.030417194E-01
                         Error 88        5.028309955E-01
                         Error 89        5.026221346E-01
                         Error 90        5.024151066E-01
                         Error 91        5.022098829E-01
                         Error 92        5.020064362E-01
                         Error 93        5.018047404E-01
                         Error 94        5.016047704E-01
                         Error 95        5.014065024E-01
                         Error 96        5.012099131E-01
                         Error 97        5.010149805E-01
                         Error 98        5.008216829E-01
                         Error 99        5.006299998E-01
                         Error100        5.004399111E-01
                         Error101        5.002513973E-01
                         Error102        5.000644396E-01
                         Error103        4.998790196E-01
                         Error104        4.996951194E-01
                         Error105        4.995127217E-01
                         Error106        4.993318094E-01
                         Error107        4.991523660E-01
                         Error108        4.989743753E-01
                         Error109        4.987978213E-01
                         Error110        4.986226885E-01
                         Error111        4.984489616E-01
                         Error112        4.982766258E-01
                         Error113        4.981056662E-01
                         Error114        4.979360686E-01
                         Error115        4.977678186E-01
                         Error116        4.976009023E-01
                         Error117        4.974353059E-01
                         Error118        4.972710160E-01
                         Error119        4.971080192E-01
                         Error120        4.969463023E-01
                         Error121        4.967858525E-01
                         Error122        4.966266568E-01
                         Error123        4.964687028E-01
                         Error124        4.963119779E-01
                         Error125        4.961564699E-01
                         Error126        4.960021666E-01
                         Error127        4.958490561E-01
                         Error128        4.956971266E-01
                         Error129        4.955463663E-01
                         Error130        4.953967636E-01
                         Error131        4.952483072E-01
                         Error132        4.951009858E-01
                         Error133        4.949547882E-01
                         Error134        4.948097033E-01
                         Error135        4.946657203E-01
                         Error136        4.945228284E-01
                         Error137        4.943810168E-01
                         Error138        4.942402750E-01
                         Error139        4.941005926E-01
                         Error140        4.939619593E-01
                         Error141        4.938243647E-01
                         Error142        4.936877988E-01
                         Error143        4.935522516E-01
                         Error144        4.934177131E-01
                         Error145        4.932841736E-01
                         Error146        4.931516234E-01
                         Error147        4.930200528E-01
                         Error148        4.928894524E-01
                         Error149        4.927598127E-01
                         Error150        4.926311245E-01
                         Error151        4.925033785E-01
                         Error152        4.923765656E-01
                         Error153        4.922506769E-01
                         Error154        4.921257033E-01
                         Error155        4.920016360E-01
                         Error156        4.918784663E-01
                         Error157        4.917561855E-01
                         Error158        4.916347851E-01
                         Error159        4.915142566E-01
                         Error160        4.913945915E-01
                         Error161        4.912757815E-01
                         Error162        4.911578185E-01
                         Error163        4.910406943E-01
                         Error164        4.909244008E-01
                         Error165        4.908089300E-01
                         Error166        4.906942741E-01
                         Error167        4.905804252E-01
                         Error168        4.904673756E-01
                         Error169        4.903551176E-01
                         Error170        4.902436436E-01
                         Error171        4.901329462E-01
                         Error172        4.900230179E-01
                         Error173        4.899138513E-01
                         Error174        4.898054392E-01
                         Error175        4.896977744E-01
                         Error176        4.895908497E-01
                         Error177        4.894846580E-01
                         Error178        4.893791925E-01
                         Error179        4.892744461E-01
                         Error180        4.891704120E-01
                         Error181        4.890670835E-01
                         Error182        4.889644538E-01
                         Error183        4.888625163E-01
                         Error184        4.887612645E-01
                         Error185        4.886606917E-01
                         Error186        4.885607916E-01
                         Error187        4.884615579E-01
                         Error188        4.883629841E-01
                         Error189        4.882650641E-01
                         Error190        4.881677916E-01
                         Error191        4.880711606E-01
                         Error192        4.879751650E-01
                         Error193        4.878797988E-01
                         Error194        4.877850560E-01
                         Error195        4.876909309E-01
                         Error196        4.875974175E-01
                         Error197        4.875045102E-01
                         Error198        4.874122032E-01
                         Error199        4.873204910E-01
                         Error200        4.872293678E-01
                         Error201        4.871388282E-01
                         Error202        4.870488668E-01
                         Error203        4.869594781E-01
                         Error204        4.868706568E-01
                         Error205        4.867823976E-01
                         Error206        4.866946952E-01
                         Error207        4.866075444E-01
                         Error208        4.865209402E-01
                         Error209        4.864348773E-01
                         Error210        4.863493509E-01
                         Error211        4.862643558E-01
                         Error212        4.861798872E-01
                         Error213        4.860959402E-01
                         Error214        4.860125099E-01
                         Error215        4.859295917E-01
                         Error216        4.858471806E-01
                         Error217        4.857652722E-01
                         Error218        4.856838616E-01
                         Error219        4.856029444E-01
                         Error220        4.855225160E-01
                         Error221        4.854425719E-01
                         Error222        4.853631076E-01
                         Error223        4.852841188E-01
                         Error224        4.852056010E-01
                         Error225        4.851275501E-01
                         Error226        4.850499616E-01
                         Error227        4.849728314E-01
                         Error228        4.848961553E-01
                         Error229        4.848199292E-01
                         Error230        4.847441490E-01
                         Error231        4.846688105E-01
                         Error232        4.845939098E-01
                         Error233        4.845194430E-01
                         Error234        4.844454060E-01
                         Error235        4.843717950E-01
                         Error236        4.842986062E-01
                         Error237        4.842258356E-01
                         Error238        4.841534797E-01
                         Error239        4.840815345E-01
                         Error240        4.840099965E-01
                         Error241        4.839388620E-01
                         Error242        4.838681273E-01
                         Error243        4.837977888E-01
                         Error244        4.837278431E-01
                         Error245        4.836582865E-01
                         Error246        4.835891157E-01
                         Error247        4.835203272E-01
                         Error248        4.834519175E-01
                         Error249        4.833838834E-01
                         Error250        4.833162214E-01
                         Error251        4.832489283E-01
                         Error252        4.831820008E-01
                         Error253        4.831154357E-01
                         Error254        4.830492298E-01
                         Error255        4.829833798E-01
                         Error256        4.829178827E-01
                         Error257        4.828527354E-01
                         Error258        4.827879348E-01
                         Error259        4.827234778E-01
                         Error260        4.826593614E-01
                         Error261        4.825955827E-01
                         Error262        4.825321387E-01
                         Error263        4.824690265E-01
                         Error264        4.824062432E-01
                         Error265        4.823437859E-01
                         Error266        4.822816519E-01
                         Error267        4.822198382E-01
                         Error268        4.821583422E-01
                         Error269        4.820971611E-01
                         Error270        4.820362921E-01
                         Error271        4.819757327E-01
                         Error272        4.819154800E-01
                         Error273        4.818555316E-01
                         Error274        4.817958847E-01
                         Error275        4.817365368E-01
                         Error276        4.816774854E-01
                         Error277        4.816187278E-01
                         Error278        4.815602617E-01
                         Error279        4.815020845E-01
                         Error280        4.814441938E-01
                         Error281        4.813865871E-01
                         Error282        4.813292621E-01
                         Error283        4.812722163E-01
                         Error284        4.812154475E-01
                         Error285        4.811589532E-01
                         Error286        4.811027312E-01
                         Error287        4.810467792E-01
                         Error288        4.809910949E-01
                         Error289        4.809356761E-01
                         Error290        4.808805205E-01
                         Error291        4.808256261E-01
                         Error292        4.807709905E-01
                         Error293        4.807166117E-01
                         Error294        4.806624876E-01
                         Error295        4.806086159E-01
                         Error296        4.805549947E-01
                         Error297        4.805016219E-01
                         Error298        4.804484954E-01
                         Error299        4.803956132E-01
                         Error300        4.803429733E-01
                         Error301        4.802905738E-01
                         Error302        4.802384126E-01
                         Error303        4.801864878E-01
                         Error304        4.801347975E-01
                         Error305        4.800833398E-01
                         Error306        4.800321129E-01
                         Error307        4.799811147E-01
                         Error308        4.799303436E-01
                         Error309        4.798797976E-01
                         Error310        4.798294750E-01
                         Error311        4.797793740E-01
                         Error312        4.797294928E-01
                         Error313        4.796798296E-01
                         Error314        4.796303827E-01
                         Error315        4.795811503E-01
                         Error316        4.795321309E-01
                         Error317        4.794833226E-01
                         Error318        4.794347239E-01
                         Error319        4.793863330E-01
                         Error320        4.793381484E-01
                         Error321        4.792901683E-01
                         Error322        4.792423913E-01
                         Error323        4.791948157E-01
                         Error324        4.791474399E-01
                         Error325        4.791002624E-01
                         Error326        4.790532816E-01
                         Error327        4.790064961E-01
                         Error328        4.789599042E-01
                         Error329        4.789135046E-01
                         Error330        4.788672957E-01
                         Error331        4.788212760E-01
                         Error332        4.787754442E-01
                         Error333        4.787297987E-01
                         Error334        4.786843382E-01
                         Error335        4.786390612E-01
                         Error336        4.785939663E-01
                         Error337        4.785490522E-01
                         Error338        4.785043175E-01
                         Error339        4.784597608E-01
                         Error340        4.784153809E-01
                         Error341        4.783711763E-01
                         Error342        4.783271457E-01
                         Error343        4.782832879E-01
                         Error344        4.782396015E-01
                         Error345        4.781960853E-01
                         Error346        4.781527381E-01
                         Error347        4.781095585E-01
                         Error348        4.780665453E-01
                         Error349        4.780236973E-01
                         Error350        4.779810133E-01
                         Error351        4.779384921E-01
                         Error352        4.778961325E-01
                         Error353        4.778539332E-01
                         Error354        4.778118933E-01
                         Error355        4.777700113E-01
                         Error356        4.777282863E-01
                         Error357        4.776867172E-01
                         Error358        4.776453026E-01
                         Error359        4.776040417E-01
                         Error360        4.775629332E-01
                         Error361        4.775219760E-01
                         Error362        4.774811692E-01
                         Error363        4.774405115E-01
                         Error364        4.774000020E-01
                         Error365        4.773596396E-01
                         Error366        4.773194233E-01
                         Error367        4.772793520E-01
                         Error368        4.772394247E-01
                         Error369        4.771996404E-01
                         Error370        4.771599981E-01
                         Error371        4.771204968E-01
                         Error372        4.770811356E-01
                         Error373        4.770419134E-01
                         Error374        4.770028293E-01
                         Error375        4.769638823E-01
                         Error376        4.769250715E-01
                         Error377        4.768863960E-01
                         Error378        4.768478548E-01
                         Error379        4.768094470E-01
                         Error380        4.767711718E-01
                         Error381        4.767330281E-01
                         Error382        4.766950152E-01
                         Error383        4.766571320E-01
                         Error384        4.766193779E-01
                         Error385        4.765817518E-01
                         Error386        4.765442529E-01
                         Error387        4.765068804E-01
                         Error388        4.764696335E-01
                         Error389        4.764325113E-01
                         Error390        4.763955129E-01
                         Error391        4.763586376E-01
                         Error392        4.763218845E-01
                         Error393        4.762852529E-01
                         Error394        4.762487419E-01
                         Error395        4.762123508E-01
                         Error396        4.761760787E-01
                         Error397        4.761399250E-01
                         Error398        4.761038888E-01
                         Error399        4.760679693E-01
                         Error400        4.760321659E-01
                         Error401        4.759964778E-01
                         Error402        4.759609042E-01
                         Error403        4.759254444E-01
                         Error404        4.758900977E-01
                         Error405        4.758548634E-01
                         Error406        4.758197407E-01
                         Error407        4.757847290E-01
                         Error408        4.757498275E-01
                         Error409        4.757150355E-01
                         Error410        4.756803525E-01
                         Error411        4.756457776E-01
                         Error412        4.756113103E-01
                         Error413        4.755769498E-01
                         Error414        4.755426955E-01
                         Error415        4.755085468E-01
                         Error416        4.754745029E-01
                         Error417        4.754405633E-01
                         Error418        4.754067273E-01
                         Error419        4.753729943E-01
                         Error420        4.753393636E-01
                         Error421        4.753058346E-01
                         Error422        4.752724068E-01
                         Error423        4.752390795E-01
                         Error424        4.752058521E-01
                         Error425        4.751727241E-01
                         Error426        4.751396947E-01
                         Error427        4.751067635E-01
                         Error428        4.750739298E-01
                         Error429        4.750411931E-01
                         Error430        4.750085528E-01
                         Error431        4.749760083E-01
                         Error432        4.749435591E-01
                         Error433        4.749112047E-01
                         Error434        4.748789444E-01
                         Error435        4.748467777E-01
                         Error436        4.748147041E-01
                         Error437        4.747827231E-01
                         Error438        4.747508340E-01
                         Error439        4.747190365E-01
                         Error440        4.746873299E-01
                         Error441        4.746557138E-01
                         Error442        4.746241876E-01
                         Error443        4.745927509E-01
                         Error444        4.745614030E-01
                         Error445        4.745301436E-01
                         Error446        4.744989721E-01
                         Error447        4.744678881E-01
                         Error448        4.744368910E-01
                         Error449        4.744059803E-01
                         Error450        4.743751557E-01
                         Error451        4.743444166E-01
                         Error452        4.743137625E-01
                         Error453        4.742831930E-01
                         Error454        4.742527076E-01
                         Error455        4.742223059E-01
                         Error456        4.741919874E-01
                         Error457        4.741617516E-01
                         Error458        4.741315982E-01
                         Error459        4.741015266E-01
                         Error460        4.740715365E-01
                         Error461        4.740416274E-01
                         Error462        4.740117988E-01
                         Error463        4.739820503E-01
                         Error464        4.739523816E-01
                         Error465        4.739227922E-01
                         Error466        4.738932816E-01
                         Error467        4.738638495E-01
                         Error468        4.738344955E-01
                         Error469        4.738052191E-01
                         Error470        4.737760200E-01
                         Error471        4.737468977E-01
                         Error472        4.737178519E-01
                         Error473        4.736888821E-01
                         Error474        4.736599880E-01
                         Error475        4.736311692E-01
                         Error476        4.736024253E-01
                         Error477        4.735737559E-01
                         Error478        4.735451606E-01
                         Error479        4.735166392E-01
                         Error480        4.734881911E-01
                         Error481        4.734598161E-01
                         Error482        4.734315137E-01
                         Error483        4.734032837E-01
                         Error484        4.733751256E-01
                         Error485        4.733470391E-01
                         Error486        4.733190239E-01
                         Error487        4.732910795E-01
                         Error488        4.732632057E-01
                         Error489        4.732354021E-01
                         Error490        4.732076684E-01
                         Error491        4.731800042E-01
                         Error492        4.731524092E-01
                         Error493        4.731248831E-01
                         Error494        4.730974255E-01
                         Error495        4.730700361E-01
                         Error496        4.730427145E-01
                         Error497        4.730154606E-01
                         Error498        4.729882738E-01
                         Error499        4.729611540E-01
                         Error500        4.729341008E-01
                         Error        4.729341008E-01

real	68m36.985s
user	68m36.299s
sys	0m0.014s
