                                     G D M A

                                 by Anthony Stone

                           version 2.2.03, 21 June 2007

               Distributed Multipoles from Gaussian wavefunctions


Starting at 9:24:42 on 26 May 2021  

GDMA



Using SCF density matrix from file N.pdb.fchk


                         Distributed Multipole Analysis

Standard DMA for products of primitives with exponent greater than 4.00000
Using 80-point Euler-MacLaurin radial quadrature
Using 590-point Lebedev quadrature
Becke smoothing parameter = 3

Positions and radii in angstrom
Multipole moments in atomic units, ea_0^k for rank k

C          x =  2.672215  y = -0.738452  z =  0.112799
           Maximum rank =  2   Radius =  0.650
                   Q00  =  -0.141111
|Q1| =   0.127058  Q10  =  -0.007393  Q11c =  -0.078772  Q11s =   0.099419
|Q2| =   0.202805  Q20  =  -0.078781  Q21c =   0.028789  Q21s =  -0.007437
                   Q22c =   0.031659  Q22s =  -0.181761

C          x =  1.475106  y =  0.131619  z = -0.148346
           Maximum rank =  2   Radius =  0.650
                   Q00  =   0.146443
|Q1| =   0.228245  Q10  =   0.028133  Q11c =  -0.076284  Q11s =   0.213272
|Q2| =   0.630172  Q20  =  -0.588571  Q21c =   0.161564  Q21s =   0.121514
                   Q22c =  -0.097269  Q22s =  -0.019265

H          x =  2.492948  y = -1.347223  z =  1.007927
           Maximum rank =  2   Radius =  0.325
                   Q00  =   0.110249
|Q1| =   0.137101  Q10  =  -0.100005  Q11c =  -0.023160  Q11s =   0.090881
|Q2| =   0.154579  Q20  =   0.066689  Q21c =  -0.045871  Q21s =  -0.131604
                   Q22c =  -0.004020  Q22s =   0.002710

H          x =  3.555566  y = -0.119482  z =  0.271937
           Maximum rank =  2   Radius =  0.325
                   Q00  =   0.111112
|Q1| =   0.131234  Q10  =  -0.020881  Q11c =  -0.126839  Q11s =  -0.026422
|Q2| =   0.161475  Q20  =  -0.114472  Q21c =   0.041692  Q21s =   0.019658
                   Q22c =   0.025432  Q22s =   0.100990

H          x =  2.846910  y = -1.427669  z = -0.721404
           Maximum rank =  2   Radius =  0.325
                   Q00  =   0.099471
|Q1| =   0.142153  Q10  =   0.084441  Q11c =  -0.059205  Q11s =   0.097836
|Q2| =   0.153219  Q20  =   0.050614  Q21c =  -0.008330  Q21s =   0.134396
                   Q22c =  -0.021753  Q22s =  -0.048057

C          x =  0.210749  y = -0.597108  z = -0.604940
           Maximum rank =  2   Radius =  0.650
                   Q00  =  -0.079417
|Q1| =   0.160222  Q10  =   0.078568  Q11c =  -0.083430  Q11s =   0.111972
|Q2| =   0.205452  Q20  =  -0.129906  Q21c =  -0.034184  Q21s =   0.018356
                   Q22c =   0.139913  Q22s =   0.065221

O          x =  1.500499  y =  1.356043  z = -0.021493
           Maximum rank =  2   Radius =  0.650
                   Q00  =  -0.337030
|Q1| =   0.526276  Q10  =  -0.054442  Q11c =  -0.082519  Q11s =  -0.516907
|Q2| =   0.936562  Q20  =  -0.213651  Q21c =  -0.188511  Q21s =   0.123195
                   Q22c =  -0.880618  Q22s =   0.072807

C          x = -1.067192  y = -0.079411  z = -0.003603
           Maximum rank =  2   Radius =  0.650
                   Q00  =   0.481977
|Q1| =   0.224158  Q10  =   0.104932  Q11c =  -0.173627  Q11s =   0.095340
|Q2| =   0.092666  Q20  =  -0.035902  Q21c =   0.055522  Q21s =  -0.021474
                   Q22c =   0.018015  Q22s =   0.058563

H          x =  0.277026  y = -1.660902  z = -0.364242
           Maximum rank =  2   Radius =  0.325
                   Q00  =   0.146120
|Q1| =   0.131350  Q10  =   0.003816  Q11c =  -0.019652  Q11s =   0.129815
|Q2| =   0.117166  Q20  =  -0.098015  Q21c =  -0.004480  Q21s =  -0.050162
                   Q22c =  -0.038695  Q22s =   0.009354

H          x =  0.129748  y = -0.508489  z = -1.694254
           Maximum rank =  2   Radius =  0.325
                   Q00  =   0.161568
|Q1| =   0.124007  Q10  =   0.121044  Q11c =  -0.005244  Q11s =   0.026431
|Q2| =   0.110356  Q20  =   0.095371  Q21c =   0.018962  Q21s =  -0.025797
                   Q22c =   0.045352  Q22s =   0.000982

F          x = -1.012763  y = -0.053606  z =  1.386809
           Maximum rank =  2   Radius =  0.650
                   Q00  =  -0.232132
|Q1| =   0.302830  Q10  =  -0.298884  Q11c =  -0.045550  Q11s =   0.017306
|Q2| =   0.742367  Q20  =   0.739931  Q21c =   0.037675  Q21s =   0.008219
                   Q22c =  -0.005139  Q22s =   0.045798

F          x = -2.131935  y = -0.920400  z = -0.342021
           Maximum rank =  2   Radius =  0.650
                   Q00  =  -0.247260
|Q1| =   0.295688  Q10  =   0.098505  Q11c =   0.182232  Q11s =   0.210997
|Q2| =   0.776304  Q20  =  -0.274687  Q21c =   0.286264  Q21s =   0.155778
                   Q22c =   0.104349  Q22s =   0.640385

F          x = -1.416574  y =  1.186843  z = -0.429619
           Maximum rank =  2   Radius =  0.650
                   Q00  =  -0.220010
|Q1| =   0.300274  Q10  =   0.118849  Q11c =   0.039131  Q11s =  -0.272962
|Q2| =   0.771122  Q20  =  -0.247058  Q21c =   0.140172  Q21s =  -0.383444
                   Q22c =  -0.519354  Q22s =  -0.311747

Total multipoles
referred to origin at x =   0.000000,  y =    0.000000,  z =    0.000000
                   Q00  =  -0.000021
|Q1| =   2.011749  Q10  =  -0.569551  Q11c =   1.129999  Q11s =  -1.563920
|Q2| =   8.188458  Q20  =   2.430818  Q21c =  -0.209267  Q21s =   0.686703
                   Q22c =   2.166071  Q22s =  -7.478954

CPU time used:      0m26.319s          Total:      0m26.319s

Finished at 9:25:8 on 26 May 2021   
