-xyz
refined.xyz
-dens
../../cube_files/fbutone/7_SCAN_1_2_6_8_F/N.d.cube
-esp
../../cube_files/fbutone/7_SCAN_1_2_6_8_F/N.p.cube
-stepsize
0.2
-n_steps
1
-learning_rate
0.5
  -5.5316219975425058       -1.9669958537764145       0.97723535431934383     
  -4.4705929166999763       -1.3850460906924120      -0.12212703841147407     
  -5.0236996529185296       -1.8065802427172413      -0.75730005068502326     
  -5.3270862807493398       -2.7712564305239176       -1.6536221353582448     
  -7.2621721763233138       0.29026678978755294       0.55698456903865567     
  -4.7875581533125224       -2.5104201469562177        2.1256186485588162     
  -4.9913422085214414       -2.0027860239426447        1.4407636949203106     
  -3.3421435147690861        2.7835113094908324       0.17805772787909918     
  -2.2678051690472953        2.8127981934946855      -0.16550070465934241     
  -2.8361256034086826        2.8462935943954442        3.6081792792824544E-002
  -3.5197772595367907       0.17276328801395072      -0.12990032872413096     
  -2.1369431074765881       0.47777513771728708      -0.46758839448010731     
 -0.41464071295056437      -0.91544982487321003       -2.1829185003260299     
  -1.0446428978044988       -1.9041865105788278      -0.99369120883832984     
 -0.23757863562142428       -1.0301956599307833       -3.3402485888037030     
 -0.21617847848929175       -1.0377416444422032       -3.0673197334615061     
 -0.45320004918130441       -2.9105247703681631      -0.68194289276676134     
 -0.32027772838375396       -2.8476511737621433       -1.2775448296101885E-003
 -0.43086014943403983       -2.7604726807181379      -0.92096379411335416     
   1.3001526287754435       -7.6608527163891632E-002  0.75170200489501227     
   1.6291911509556856       0.67058055497050573      -0.24389945954204462     
   2.4805598771161317        1.3964157976553300      -0.49445666607122396     
   2.5478812638035269        1.7263663448594042      -0.64550013747718726     
   3.3408183287740663       -1.1525901991416194      -0.47455869116192256     
   4.4556608119346430       -2.0780792464745050      -0.80924157117449547     
   3.9388969924219648       -1.8604718450331459      -0.77578275214664350     
   4.2689999192200521       -1.7861853853717788      -0.66670656351184909     
   1.9862642127590864        2.7256273382647366E-002   3.4826721715593520     
   2.1728889619977405        2.1792260011372157E-002   1.9003008627882643     
   2.0095593525147741       -1.4561819981401656E-002   2.7040131918950188     
First
                         Total        3.693353790E+00
Step size:       0.20
Step size in Bohr:       0.38
Learning Rate:       1.00
# Steps:          1
                         Error  1        3.631849608E+00
                         Error        3.631849608E+00
