-xyz
refined.xyz
-dens
/home/unibas/boittier/RDKit_G2/B.pdb/SCAN_1_2_3_4_S_36_10.0/19_SCAN/B.d.cube
-esp
/home/unibas/boittier/RDKit_G2/B.pdb/SCAN_1_2_3_4_S_36_10.0/19_SCAN/B.p.cube
-stepsize
0.2
-n_steps
100
-learning_rate
0.5
  -3.7229232772553700        2.6800478474820539      -0.39325944110899325     
  -3.0829016517035361      -0.11016649429565825       0.52013916283121164     
  -2.8100269296605651       0.21427929486529051      -0.42145812985831160     
  -5.7441606876534408       -1.2847641428149243       0.12490903293623615     
  -2.9011012081524430       -2.4711796467413245E-002 -0.67041650541775333     
 -0.92266196130510381       -1.2237887019967812      -0.15263803372615653     
  -1.3909612672055471       -3.7845360007728872       0.47069644874308925     
  -2.3537986568344778       -1.8992125450576653        6.1877791028258529E-002
  -1.7926943975168934       -1.5361043501626397        8.6359151589690281E-003
   1.3494827910364804        1.6785083015303057      -0.11367043015703891     
   1.2940401680129086        1.8618593157894630      -0.13328431934320242     
  0.95152247145480617        3.2759371169187306       0.11529516236133590     
  0.97324960429366925        2.5436618845484702       0.10428829035780801     
  0.99775596881044859      -0.76204966445324929      -0.14107658995996933     
   1.1996674341613212      -0.42229685586532817      -0.45071659722810620     
   1.5184385869690020      -0.48473395334203256       0.78048460913202078     
   1.1362484544335176       0.65008624552950978        8.5264058836094017E-003
   2.8232564409781267       -1.0027208127250751       -1.0563349467026841     
   2.9143090732745973      -0.97600371822584198       0.83906565325822202     
   5.2345257810384140        3.5836463988244825E-002 -0.17187935267185908     
   3.2556702482907265       -3.5762928097910676      -0.15477521654505114     
First
                         Total        7.443912222E+00
Step size:       0.20
Step size in Bohr:       0.38
Learning Rate:       1.00
# Steps:        100
                         Error  1        7.392483530E+00
                         Error  2        7.341356391E+00
                         Error  3        7.290534732E+00
                         Error  4        7.240022495E+00
                         Error  5        7.189823628E+00
                         Error  6        7.139942091E+00
                         Error  7        7.090381849E+00
                         Error  8        7.041146866E+00
                         Error  9        6.992241111E+00
                         Error 10        6.943668545E+00
                         Error 11        6.895433125E+00
                         Error 12        6.847538798E+00
                         Error 13        6.799989497E+00
                         Error 14        6.752789140E+00
                         Error 15        6.705941624E+00
                         Error 16        6.659450821E+00
                         Error 17        6.613320577E+00
                         Error 18        6.567554705E+00
                         Error 19        6.522156982E+00
                         Error 20        6.477131146E+00
                         Error 21        6.432480889E+00
                         Error 22        6.388209855E+00
                         Error 23        6.344321634E+00
                         Error 24        6.300819759E+00
                         Error 25        6.257707699E+00
                         Error 26        6.214988858E+00
                         Error 27        6.172666564E+00
                         Error 28        6.130744071E+00
                         Error 29        6.089224550E+00
                         Error 30        6.048111086E+00
                         Error 31        6.007406671E+00
                         Error 32        5.967114200E+00
                         Error 33        5.927236468E+00
                         Error 34        5.887776163E+00
                         Error 35        5.848735859E+00
                         Error 36        5.810118018E+00
                         Error 37        5.771924978E+00
                         Error 38        5.734158953E+00
                         Error 39        5.696822025E+00
                         Error 40        5.659916142E+00
                         Error 41        5.623443115E+00
                         Error 42        5.587404608E+00
                         Error 43        5.551802141E+00
                         Error 44        5.516637082E+00
                         Error 45        5.481910643E+00
                         Error 46        5.447623880E+00
                         Error 47        5.413777685E+00
                         Error 48        5.380372789E+00
                         Error 49        5.347409751E+00
                         Error 50        5.314888966E+00
                         Error 51        5.282810653E+00
                         Error 52        5.251174858E+00
                         Error 53        5.219981453E+00
                         Error 54        5.189230132E+00
                         Error 55        5.158920413E+00
                         Error 56        5.129051633E+00
                         Error 57        5.099622951E+00
                         Error 58        5.070633350E+00
                         Error 59        5.042081630E+00
                         Error 60        5.013966416E+00
                         Error 61        4.986286157E+00
                         Error 62        4.959039122E+00
                         Error 63        4.932223412E+00
                         Error 64        4.905836951E+00
                         Error 65        4.879877495E+00
                         Error 66        4.854342634E+00
                         Error 67        4.829229792E+00
                         Error 68        4.804536234E+00
                         Error 69        4.780259065E+00
                         Error 70        4.756395238E+00
                         Error 71        4.732941556E+00
                         Error 72        4.709894676E+00
                         Error 73        4.687251114E+00
                         Error 74        4.665007251E+00
                         Error 75        4.643159334E+00
                         Error 76        4.621703488E+00
                         Error 77        4.600635712E+00
                         Error 78        4.579951894E+00
                         Error 79        4.559647809E+00
                         Error 80        4.539719130E+00
                         Error 81        4.520161430E+00
                         Error 82        4.500970190E+00
                         Error 83        4.482140805E+00
                         Error 84        4.463668588E+00
                         Error 85        4.445548778E+00
                         Error 86        4.427776546E+00
                         Error 87        4.410346999E+00
                         Error 88        4.393255188E+00
                         Error 89        4.376496113E+00
                         Error 90        4.360064730E+00
                         Error 91        4.343955955E+00
                         Error 92        4.328164671E+00
                         Error 93        4.312685733E+00
                         Error 94        4.297513974E+00
                         Error 95        4.282644211E+00
                         Error 96        4.268071249E+00
                         Error 97        4.253789886E+00
                         Error 98        4.239794920E+00
                         Error 99        4.226081153E+00
                         Error100        4.212643393E+00
                         Error        4.212643393E+00
