-xyz
refined.xyz
-dens
/home/unibas/boittier/RDKit_G2/B.pdb/SCAN_1_2_3_4_S_36_10.0/33_SCAN/B.d.cube
-esp
/home/unibas/boittier/RDKit_G2/B.pdb/SCAN_1_2_3_4_S_36_10.0/33_SCAN/B.p.cube
-stepsize
0.2
-n_steps
10
-learning_rate
0.5
  -4.0902205656336843        2.8874279123107134      -0.48237867295145759     
  -3.5320081059373911      -0.53299704149834792       0.64208336836403979     
  -3.7284777266209810      -0.78449297887755320       -7.7113124518112192E-003
  -6.2386458979928907       -1.2669964439480621       -5.2895993184820418E-002
  -3.4528807805805495      -0.71614594616963345      -0.61300006379886662     
  -1.7179603470916103      -0.40534663925694958       0.26524051897763573     
  -1.4260611595197874      -0.11383917639837561       0.24966066050479094     
  -1.8222243453705174       -2.6490110656502592       0.27155764991756254     
  -1.8128812982973272       -2.7125258019943952      -0.25501745185784608     
  -1.9349043464106075       -2.6187605285159101       0.77687569927151168     
   3.5002986487671168       -2.2424764790651790      -0.29363710446412694     
   2.8676826429654572       -1.6709926545147116      -0.17485079316282512     
  0.66318828823554499       0.78540928032593793      -0.59761182597622819     
  0.37467250043701378       0.91089142652971122      -0.35673527778421305     
   1.0542262724655673       0.92873850066270436       0.65936311400001069     
   1.4960689898203821      -0.18581679032084913      -0.12836763728248043     
   4.1653667811327955        3.3552245657735575       -3.3752258351089963E-002
   1.9513302631769123        2.1135436049744247        4.9785323567434682E-002
   1.6796645581920620        2.0836754907898904      -0.60791868183346798     
   1.8368486048869255        2.1722916025498011       0.74364560977862848     
 -0.50049094367833313        4.2048137587700429        7.9209007900032324E-002
First
                         Total        6.936613540E+00
Step size:       0.20
Step size in Bohr:       0.38
Learning Rate:       1.00
# Steps:         10
                         Error  1        6.893777754E+00
                         Error  2        6.851233188E+00
                         Error  3        6.808982332E+00
                         Error  4        6.767027645E+00
                         Error  5        6.725371563E+00
                         Error  6        6.684016488E+00
                         Error  7        6.642964793E+00
                         Error  8        6.602218814E+00
                         Error  9        6.561780851E+00
                         Error 10        6.521653163E+00
                         Error        6.521653163E+00
