-xyz
refined.xyz
-dens
/home/unibas/boittier/RDKit_G2/B.pdb/SCAN_1_2_3_4_S_36_-10.0/32_SCAN/B.d.cube
-esp
/home/unibas/boittier/RDKit_G2/B.pdb/SCAN_1_2_3_4_S_36_-10.0/32_SCAN/B.p.cube
-stepsize
0.2
-n_steps
10
-learning_rate
0.5
   3.5648451386511830        2.5301834968547152        1.3989598174826754     
   3.1692505006053739        8.8822363230981582E-002 -0.26781926228576247     
   2.7193827213704185       0.11972575503573357       0.65153808314972739     
   5.7688919632900113       -1.1801265352998447       0.18690790820340050     
   2.7941489198793033       -9.8776276075759561E-002  0.86087427100506009     
   1.0269834345078861       -1.1078666543806541      -0.16556636845138253     
   1.6052828534641712       -3.5318750580370781       -1.3616902753127702     
   2.4810627354105761       -1.6763588202847659      -0.48350281238853121     
   1.8614128648693906       -1.4133455512626634      -0.40204135862695317     
  -1.4275135766630920        1.6455127947230153        1.5064454087761669E-003
  -1.4060921618471549        1.8243022733433214        3.1499729366234575E-002
  -1.1349815688175922        3.2660757338638158      -0.18773947930461055     
  -1.1389128109497115        2.5317753202784954      -0.19708251833557819     
 -0.94429454781959632      -0.76466112524394225       -4.2604235492161802E-002
  -1.1618441977024971      -0.47362628982138288       0.28587630244025131     
  -1.5530010050276968      -0.52705330150675722      -0.91994166597317384     
  -1.1640256880570994       0.62995045805082761      -0.15265098312071931     
  -2.5730802790405289       -1.1066163318247491        1.2216336120123616     
  -2.9659227024294545       -1.1035101256483644      -0.63574171493344767     
  -5.1533491990018341      -0.18748225916193043       0.72900738387218877     
  -3.0280091991838654       -3.6996929805190901       0.40282352967011814     
First
                         Total        6.224899261E-01
Step size:       0.20
Step size in Bohr:       0.38
Learning Rate:       1.00
# Steps:         10
                         Error  1        6.153750323E-01
                         Error  2        6.086057220E-01
                         Error  3        6.021667369E-01
                         Error  4        5.960432353E-01
                         Error  5        5.902208034E-01
                         Error  6        5.846854648E-01
                         Error  7        5.794236880E-01
                         Error  8        5.744223913E-01
                         Error  9        5.696689463E-01
                         Error 10        5.651511792E-01
                         Error        5.651511792E-01
