-xyz
refined.xyz
-dens
/home/unibas/boittier/RDKit_G2/B.pdb/SCAN_1_2_3_4_S_36_-10.0/33_SCAN_1_2_3_4_F/B.d.cube
-esp
/home/unibas/boittier/RDKit_G2/B.pdb/SCAN_1_2_3_4_S_36_-10.0/33_SCAN_1_2_3_4_F/B.p.cube
-stepsize
0.2
-n_steps
0
-learning_rate
0.5
   3.5391769908099082        2.3539652694284379        1.0477475514815886     
   3.4677277660012842      -0.35576357803795061      -0.69517144250106311     
   6.2172431001439667       -1.1923107028748237       0.19330863312005067     
   3.9498417724887931      -0.99060623943945958       0.12161799882092132     
   3.3917603216542136      -0.85010141347944512       0.69755316430684144     
   2.4912931939852094       -1.7214730047739311      -0.21271955218130295     
   1.5082608912466251      -0.94325957720616971       -1.2951924463279070     
   2.1031022146101943       -1.3177027410939512       -8.3494572279321763E-002
   1.2568098996867498      -0.74210485048051411      -0.36663220055164325     
   1.5733903819634933       -3.9109224589917631       -1.1084480485681429     
  -1.1122434828147296        3.0725818531670814      -0.15474701421479903     
  -1.0780235862408205        2.4029631750187281      -0.30243368068438797     
  -1.1997737591846251        1.6132051601662838      -0.15913539295793575     
  -1.1211696280160277        2.6953690181808714       -6.0614415661497861E-002
 -0.88432879965860500      -0.38576916785496951        7.3431644877938893E-002
 -0.94844469127813669       0.40606452897625100      -0.24961359548001469     
 -0.83206544272400373      -0.91689615413202552      -0.10819257278175221     
  -1.3194621431738058      -0.58841173110214084      -0.59345443567082434     
  -5.3368762287403904      -0.18619893767991030       0.52356947353414229     
  -2.1574412266179386       -1.3840156339064251       -3.2909577735996766E-002
  -2.5758749660053968      -0.87276472723479492       0.56522271285917336     
  -2.9131938217467743      -0.50452542893956709       0.21472656088959141     
  -2.8629063125717900      -0.87900609975204858       -3.6801415799476794E-002
  -3.1977393332253872       -3.6157820334889950        1.0609617264353797     
  -3.2380418211748996       -3.5414911065126637       0.74123745494386484     
First
                         Total        4.624102063E-01
Step size:       0.20
Step size in Bohr:       0.38
Learning Rate:       1.00
# Steps:          0
                         Error        4.624102063E-01
