-xyz
refined.xyz
-dens
/home/unibas/boittier/RDKit_G2/B.pdb/SCAN_1_2_3_4_S_36_-10.0/21_SCAN_1_2_3_4_F/B.d.cube
-esp
/home/unibas/boittier/RDKit_G2/B.pdb/SCAN_1_2_3_4_S_36_-10.0/21_SCAN_1_2_3_4_F/B.p.cube
-stepsize
0.2
-n_steps
500
-learning_rate
0.5
   3.5601675876918986        2.3601106617169876       -1.3439056941675072     
   3.4060037570458417      -0.75048123979993253      -0.82488914374097566     
   6.3552011491188249      -0.91655411567611922        6.8234840710850064E-002
   4.0064940740343777      -0.66059249751340388       0.17100671699252468     
   3.6312433869563723      -0.11182832288981893       0.51643032688721147     
   2.5082129420175874       -1.4259214370991522       0.27608000723752635     
   1.3821287779278084       -1.2065746845600127        1.1952731951503244     
   1.9831680751905538       -1.1525043075489696       0.21701501877187518     
   1.0200375159954258       -1.1058366928920280       0.34521370699079884     
   1.6610579211395238       -3.6214596151010965        1.6548093755771265     
  -2.8601950165103700       -1.8887024719174657      -0.27948670160553363     
  -2.4763321138053311       -1.5530069085388876      -0.11824632621443346     
  -1.9871323075204277      -0.89005690618138844       -9.1242679290411063E-002
  -2.6402192351100031       -1.6667303631051154      -0.29935454909230741     
 -0.58300432422620330       0.17520714952573468       -2.9343502407086754E-002
  -1.1208332211207230      -0.30083860903701054       0.13130880169401968     
 -0.23414562890738366       0.47954521104790548       0.18486353143581510     
 -0.79779588452655470       0.55357474560133069       0.49798586659282995     
  -4.0063648283965385        3.1632379762904872      -0.16285126263592656     
 -0.85744493088424101        1.7191273705234145       0.32999549502141190     
  -1.4341042948243323        1.7480089635948513      -0.19671307254304782     
  -1.8654363110116166        1.6056972479758396        3.5964158904972518E-003
  -1.6106631542985916        1.7860953584798316       0.29168436436308126     
 -0.17020456497228828        4.1702111936347768       -9.8529338741579112E-002
 -0.18591324134809514        4.0987016929864639       0.18841258729410959     
First
                         Total        4.432957978E-01
Step size:       0.20
Step size in Bohr:       0.38
Learning Rate:       1.00
# Steps:        500
                         Error  1        4.423833418E-01
                         Error  2        4.415487144E-01
                         Error  3        4.407847745E-01
                         Error  4        4.400850209E-01
                         Error  5        4.394435387E-01
                         Error  6        4.388549492E-01
                         Error  7        4.383143634E-01
                         Error  8        4.378173397E-01
                         Error  9        4.373598447E-01
                         Error 10        4.369382165E-01
                         Error 11        4.365491317E-01
                         Error 12        4.361895753E-01
                         Error 13        4.358568125E-01
                         Error 14        4.355483633E-01
                         Error 15        4.352619789E-01
                         Error 16        4.349956213E-01
                         Error 17        4.347474429E-01
                         Error 18        4.345157696E-01
                         Error 19        4.342990845E-01
                         Error 20        4.340960129E-01
                         Error 21        4.339053098E-01
                         Error 22        4.337258472E-01
                         Error 23        4.335566032E-01
                         Error 24        4.333966522E-01
                         Error 25        4.332451560E-01
                         Error 26        4.331013550E-01
                         Error 27        4.329645615E-01
                         Error 28        4.328341524E-01
                         Error 29        4.327095633E-01
                         Error 30        4.325902832E-01
                         Error 31        4.324758487E-01
                         Error 32        4.323658405E-01
                         Error 33        4.322598784E-01
                         Error 34        4.321576180E-01
                         Error 35        4.320587471E-01
                         Error 36        4.319629830E-01
                         Error 37        4.318700692E-01
                         Error 38        4.317797734E-01
                         Error 39        4.316918850E-01
                         Error 40        4.316062127E-01
                         Error 41        4.315225834E-01
                         Error 42        4.314408399E-01
                         Error 43        4.313608395E-01
                         Error 44        4.312824527E-01
                         Error 45        4.312055622E-01
                         Error 46        4.311300612E-01
                         Error 47        4.310558528E-01
                         Error 48        4.309828488E-01
                         Error 49        4.309109694E-01
                         Error 50        4.308401416E-01
                         Error 51        4.307702994E-01
                         Error 52        4.307013823E-01
                         Error 53        4.306333356E-01
                         Error 54        4.305661093E-01
                         Error 55        4.304996577E-01
                         Error 56        4.304339395E-01
                         Error 57        4.303689165E-01
                         Error 58        4.303045542E-01
                         Error 59        4.302408209E-01
                         Error 60        4.301776876E-01
                         Error 61        4.301151279E-01
                         Error 62        4.300531174E-01
                         Error 63        4.299916338E-01
                         Error 64        4.299306567E-01
                         Error 65        4.298701673E-01
                         Error 66        4.298101482E-01
                         Error 67        4.297505835E-01
                         Error 68        4.296914585E-01
                         Error 69        4.296327596E-01
                         Error 70        4.295744742E-01
                         Error 71        4.295165906E-01
                         Error 72        4.294590981E-01
                         Error 73        4.294019866E-01
                         Error 74        4.293452468E-01
                         Error 75        4.292888698E-01
                         Error 76        4.292328477E-01
                         Error 77        4.291771726E-01
                         Error 78        4.291218376E-01
                         Error 79        4.290668359E-01
                         Error 80        4.290121611E-01
                         Error 81        4.289578073E-01
                         Error 82        4.289037689E-01
                         Error 83        4.288500405E-01
                         Error 84        4.287966171E-01
                         Error 85        4.287434939E-01
                         Error 86        4.286906663E-01
                         Error 87        4.286381299E-01
                         Error 88        4.285858806E-01
                         Error 89        4.285339143E-01
                         Error 90        4.284822273E-01
                         Error 91        4.284308159E-01
                         Error 92        4.283796765E-01
                         Error 93        4.283288056E-01
                         Error 94        4.282782001E-01
                         Error 95        4.282278567E-01
                         Error 96        4.281777723E-01
                         Error 97        4.281279440E-01
                         Error 98        4.280783688E-01
                         Error 99        4.280290438E-01
                         Error100        4.279799664E-01
                         Error101        4.279311338E-01
                         Error102        4.278825435E-01
                         Error103        4.278341928E-01
                         Error104        4.277860794E-01
                         Error105        4.277382006E-01
                         Error106        4.276905542E-01
                         Error107        4.276431377E-01
                         Error108        4.275959489E-01
                         Error109        4.275489856E-01
                         Error110        4.275022454E-01
                         Error111        4.274557262E-01
                         Error112        4.274094259E-01
                         Error113        4.273633424E-01
                         Error114        4.273174736E-01
                         Error115        4.272718173E-01
                         Error116        4.272263717E-01
                         Error117        4.271811348E-01
                         Error118        4.271361045E-01
                         Error119        4.270912790E-01
                         Error120        4.270466563E-01
                         Error121        4.270022346E-01
                         Error122        4.269580120E-01
                         Error123        4.269139867E-01
                         Error124        4.268701569E-01
                         Error125        4.268265208E-01
                         Error126        4.267830766E-01
                         Error127        4.267398226E-01
                         Error128        4.266967571E-01
                         Error129        4.266538784E-01
                         Error130        4.266111848E-01
                         Error131        4.265686747E-01
                         Error132        4.265263463E-01
                         Error133        4.264841981E-01
                         Error134        4.264422286E-01
                         Error135        4.264004360E-01
                         Error136        4.263588188E-01
                         Error137        4.263173755E-01
                         Error138        4.262761046E-01
                         Error139        4.262350044E-01
                         Error140        4.261940736E-01
                         Error141        4.261533107E-01
                         Error142        4.261127141E-01
                         Error143        4.260722824E-01
                         Error144        4.260320142E-01
                         Error145        4.259919081E-01
                         Error146        4.259519627E-01
                         Error147        4.259121764E-01
                         Error148        4.258725481E-01
                         Error149        4.258330763E-01
                         Error150        4.257937597E-01
                         Error151        4.257545969E-01
                         Error152        4.257155866E-01
                         Error153        4.256767275E-01
                         Error154        4.256380183E-01
                         Error155        4.255994577E-01
                         Error156        4.255610446E-01
                         Error157        4.255227775E-01
                         Error158        4.254846553E-01
                         Error159        4.254466767E-01
                         Error160        4.254088405E-01
                         Error161        4.253711456E-01
                         Error162        4.253335906E-01
                         Error163        4.252961745E-01
                         Error164        4.252588961E-01
                         Error165        4.252217542E-01
                         Error166        4.251847477E-01
                         Error167        4.251478754E-01
                         Error168        4.251111362E-01
                         Error169        4.250745291E-01
                         Error170        4.250380528E-01
                         Error171        4.250017064E-01
                         Error172        4.249654887E-01
                         Error173        4.249293987E-01
                         Error174        4.248934353E-01
                         Error175        4.248575974E-01
                         Error176        4.248218842E-01
                         Error177        4.247862944E-01
                         Error178        4.247508272E-01
                         Error179        4.247154814E-01
                         Error180        4.246802562E-01
                         Error181        4.246451505E-01
                         Error182        4.246101633E-01
                         Error183        4.245752937E-01
                         Error184        4.245405407E-01
                         Error185        4.245059035E-01
                         Error186        4.244713810E-01
                         Error187        4.244369723E-01
                         Error188        4.244026765E-01
                         Error189        4.243684927E-01
                         Error190        4.243344200E-01
                         Error191        4.243004576E-01
                         Error192        4.242666044E-01
                         Error193        4.242328597E-01
                         Error194        4.241992227E-01
                         Error195        4.241656923E-01
                         Error196        4.241322679E-01
                         Error197        4.240989485E-01
                         Error198        4.240657333E-01
                         Error199        4.240326215E-01
                         Error200        4.239996123E-01
                         Error201        4.239667049E-01
                         Error202        4.239338985E-01
                         Error203        4.239011923E-01
                         Error204        4.238685855E-01
                         Error205        4.238360773E-01
                         Error206        4.238036670E-01
                         Error207        4.237713538E-01
                         Error208        4.237391370E-01
                         Error209        4.237070158E-01
                         Error210        4.236749894E-01
                         Error211        4.236430572E-01
                         Error212        4.236112185E-01
                         Error213        4.235794724E-01
                         Error214        4.235478184E-01
                         Error215        4.235162557E-01
                         Error216        4.234847835E-01
                         Error217        4.234534013E-01
                         Error218        4.234221083E-01
                         Error219        4.233909039E-01
                         Error220        4.233597874E-01
                         Error221        4.233287581E-01
                         Error222        4.232978154E-01
                         Error223        4.232669586E-01
                         Error224        4.232361871E-01
                         Error225        4.232055003E-01
                         Error226        4.231748974E-01
                         Error227        4.231443780E-01
                         Error228        4.231139414E-01
                         Error229        4.230835869E-01
                         Error230        4.230533139E-01
                         Error231        4.230231220E-01
                         Error232        4.229930104E-01
                         Error233        4.229629786E-01
                         Error234        4.229330259E-01
                         Error235        4.229031519E-01
                         Error236        4.228733560E-01
                         Error237        4.228436375E-01
                         Error238        4.228139959E-01
                         Error239        4.227844307E-01
                         Error240        4.227549413E-01
                         Error241        4.227255272E-01
                         Error242        4.226961878E-01
                         Error243        4.226669227E-01
                         Error244        4.226377311E-01
                         Error245        4.226086128E-01
                         Error246        4.225795670E-01
                         Error247        4.225505934E-01
                         Error248        4.225216913E-01
                         Error249        4.224928604E-01
                         Error250        4.224641000E-01
                         Error251        4.224354098E-01
                         Error252        4.224067891E-01
                         Error253        4.223782376E-01
                         Error254        4.223497548E-01
                         Error255        4.223213401E-01
                         Error256        4.222929931E-01
                         Error257        4.222647133E-01
                         Error258        4.222365003E-01
                         Error259        4.222083537E-01
                         Error260        4.221802728E-01
                         Error261        4.221522574E-01
                         Error262        4.221243070E-01
                         Error263        4.220964210E-01
                         Error264        4.220685992E-01
                         Error265        4.220408410E-01
                         Error266        4.220131460E-01
                         Error267        4.219855138E-01
                         Error268        4.219579440E-01
                         Error269        4.219304362E-01
                         Error270        4.219029899E-01
                         Error271        4.218756048E-01
                         Error272        4.218482803E-01
                         Error273        4.218210163E-01
                         Error274        4.217938121E-01
                         Error275        4.217666675E-01
                         Error276        4.217395820E-01
                         Error277        4.217125554E-01
                         Error278        4.216855870E-01
                         Error279        4.216586767E-01
                         Error280        4.216318241E-01
                         Error281        4.216050286E-01
                         Error282        4.215782901E-01
                         Error283        4.215516081E-01
                         Error284        4.215249822E-01
                         Error285        4.214984121E-01
                         Error286        4.214718975E-01
                         Error287        4.214454380E-01
                         Error288        4.214190332E-01
                         Error289        4.213926828E-01
                         Error290        4.213663865E-01
                         Error291        4.213401439E-01
                         Error292        4.213139547E-01
                         Error293        4.212878185E-01
                         Error294        4.212617350E-01
                         Error295        4.212357040E-01
                         Error296        4.212097250E-01
                         Error297        4.211837977E-01
                         Error298        4.211579219E-01
                         Error299        4.211320972E-01
                         Error300        4.211063233E-01
                         Error301        4.210805999E-01
                         Error302        4.210549267E-01
                         Error303        4.210293033E-01
                         Error304        4.210037296E-01
                         Error305        4.209782051E-01
                         Error306        4.209527297E-01
                         Error307        4.209273029E-01
                         Error308        4.209019245E-01
                         Error309        4.208765943E-01
                         Error310        4.208513119E-01
                         Error311        4.208260770E-01
                         Error312        4.208008894E-01
                         Error313        4.207757488E-01
                         Error314        4.207506550E-01
                         Error315        4.207256076E-01
                         Error316        4.207006064E-01
                         Error317        4.206756510E-01
                         Error318        4.206507414E-01
                         Error319        4.206258771E-01
                         Error320        4.206010580E-01
                         Error321        4.205762837E-01
                         Error322        4.205515541E-01
                         Error323        4.205268688E-01
                         Error324        4.205022276E-01
                         Error325        4.204776303E-01
                         Error326        4.204530766E-01
                         Error327        4.204285662E-01
                         Error328        4.204040990E-01
                         Error329        4.203796747E-01
                         Error330        4.203552931E-01
                         Error331        4.203309539E-01
                         Error332        4.203066568E-01
                         Error333        4.202824017E-01
                         Error334        4.202581884E-01
                         Error335        4.202340165E-01
                         Error336        4.202098859E-01
                         Error337        4.201857964E-01
                         Error338        4.201617477E-01
                         Error339        4.201377396E-01
                         Error340        4.201137719E-01
                         Error341        4.200898444E-01
                         Error342        4.200659568E-01
                         Error343        4.200421090E-01
                         Error344        4.200183007E-01
                         Error345        4.199945318E-01
                         Error346        4.199708020E-01
                         Error347        4.199471111E-01
                         Error348        4.199234590E-01
                         Error349        4.198998453E-01
                         Error350        4.198762700E-01
                         Error351        4.198527328E-01
                         Error352        4.198292336E-01
                         Error353        4.198057721E-01
                         Error354        4.197823481E-01
                         Error355        4.197589615E-01
                         Error356        4.197356121E-01
                         Error357        4.197122996E-01
                         Error358        4.196890239E-01
                         Error359        4.196657849E-01
                         Error360        4.196425822E-01
                         Error361        4.196194158E-01
                         Error362        4.195962855E-01
                         Error363        4.195731911E-01
                         Error364        4.195501324E-01
                         Error365        4.195271092E-01
                         Error366        4.195041214E-01
                         Error367        4.194811688E-01
                         Error368        4.194582512E-01
                         Error369        4.194353685E-01
                         Error370        4.194125204E-01
                         Error371        4.193897069E-01
                         Error372        4.193669277E-01
                         Error373        4.193441828E-01
                         Error374        4.193214718E-01
                         Error375        4.192987948E-01
                         Error376        4.192761515E-01
                         Error377        4.192535417E-01
                         Error378        4.192309653E-01
                         Error379        4.192084222E-01
                         Error380        4.191859122E-01
                         Error381        4.191634351E-01
                         Error382        4.191409908E-01
                         Error383        4.191185791E-01
                         Error384        4.190962000E-01
                         Error385        4.190738532E-01
                         Error386        4.190515386E-01
                         Error387        4.190292560E-01
                         Error388        4.190070054E-01
                         Error389        4.189847865E-01
                         Error390        4.189625993E-01
                         Error391        4.189404435E-01
                         Error392        4.189183191E-01
                         Error393        4.188962259E-01
                         Error394        4.188741638E-01
                         Error395        4.188521326E-01
                         Error396        4.188301323E-01
                         Error397        4.188081626E-01
                         Error398        4.187862235E-01
                         Error399        4.187643147E-01
                         Error400        4.187424363E-01
                         Error401        4.187205880E-01
                         Error402        4.186987697E-01
                         Error403        4.186769814E-01
                         Error404        4.186552228E-01
                         Error405        4.186334938E-01
                         Error406        4.186117944E-01
                         Error407        4.185901244E-01
                         Error408        4.185684836E-01
                         Error409        4.185468721E-01
                         Error410        4.185252896E-01
                         Error411        4.185037359E-01
                         Error412        4.184822111E-01
                         Error413        4.184607150E-01
                         Error414        4.184392475E-01
                         Error415        4.184178084E-01
                         Error416        4.183963977E-01
                         Error417        4.183750152E-01
                         Error418        4.183536608E-01
                         Error419        4.183323345E-01
                         Error420        4.183110360E-01
                         Error421        4.182897653E-01
                         Error422        4.182685223E-01
                         Error423        4.182473069E-01
                         Error424        4.182261189E-01
                         Error425        4.182049583E-01
                         Error426        4.181838250E-01
                         Error427        4.181627188E-01
                         Error428        4.181416397E-01
                         Error429        4.181205875E-01
                         Error430        4.180995622E-01
                         Error431        4.180785636E-01
                         Error432        4.180575916E-01
                         Error433        4.180366462E-01
                         Error434        4.180157272E-01
                         Error435        4.179948346E-01
                         Error436        4.179739682E-01
                         Error437        4.179531280E-01
                         Error438        4.179323139E-01
                         Error439        4.179115257E-01
                         Error440        4.178907634E-01
                         Error441        4.178700268E-01
                         Error442        4.178493160E-01
                         Error443        4.178286307E-01
                         Error444        4.178079710E-01
                         Error445        4.177873366E-01
                         Error446        4.177667276E-01
                         Error447        4.177461438E-01
                         Error448        4.177255852E-01
                         Error449        4.177050516E-01
                         Error450        4.176845430E-01
                         Error451        4.176640593E-01
                         Error452        4.176436004E-01
                         Error453        4.176231661E-01
                         Error454        4.176027566E-01
                         Error455        4.175823715E-01
                         Error456        4.175620109E-01
                         Error457        4.175416747E-01
                         Error458        4.175213629E-01
                         Error459        4.175010752E-01
                         Error460        4.174808116E-01
                         Error461        4.174605721E-01
                         Error462        4.174403566E-01
                         Error463        4.174201650E-01
                         Error464        4.173999972E-01
                         Error465        4.173798532E-01
                         Error466        4.173597328E-01
                         Error467        4.173396360E-01
                         Error468        4.173195628E-01
                         Error469        4.172995129E-01
                         Error470        4.172794865E-01
                         Error471        4.172594833E-01
                         Error472        4.172395033E-01
                         Error473        4.172195465E-01
                         Error474        4.171996128E-01
                         Error475        4.171797020E-01
                         Error476        4.171598142E-01
                         Error477        4.171399492E-01
                         Error478        4.171201071E-01
                         Error479        4.171002876E-01
                         Error480        4.170804908E-01
                         Error481        4.170607166E-01
                         Error482        4.170409648E-01
                         Error483        4.170212355E-01
                         Error484        4.170015286E-01
                         Error485        4.169818440E-01
                         Error486        4.169621817E-01
                         Error487        4.169425415E-01
                         Error488        4.169229234E-01
                         Error489        4.169033274E-01
                         Error490        4.168837534E-01
                         Error491        4.168642012E-01
                         Error492        4.168446710E-01
                         Error493        4.168251625E-01
                         Error494        4.168056757E-01
                         Error495        4.167862106E-01
                         Error496        4.167667671E-01
                         Error497        4.167473452E-01
                         Error498        4.167279447E-01
                         Error499        4.167085657E-01
                         Error500        4.166892080E-01
                         Error        4.166892080E-01
