                                     G D M A

                                 by Anthony Stone

                           version 2.2.03, 21 June 2007

               Distributed Multipoles from Gaussian wavefunctions


Starting at 11:58:48 on 19 May 2021 

GDMA



Using SCF density matrix from file L.pdb.fchk


                         Distributed Multipole Analysis

Standard DMA for products of primitives with exponent greater than 4.00000
Using 80-point Euler-MacLaurin radial quadrature
Using 590-point Lebedev quadrature
Becke smoothing parameter = 3

Positions and radii in angstrom
Multipole moments in atomic units, ea_0^k for rank k

C          x = -1.759664  y =  0.140974  z = -0.071278
           Maximum rank =  2   Radius =  0.650
                   Q00  =  -0.100166
|Q1| =   0.069930  Q10  =  -0.002289  Q11c =   0.066159  Q11s =  -0.022537
|Q2| =   1.174537  Q20  =  -1.126058  Q21c =   0.223887  Q21s =  -0.123283
                   Q22c =   0.188936  Q22s =  -0.102521

C          x = -0.565499  y = -0.442554  z =  0.097838
           Maximum rank =  2   Radius =  0.650
                   Q00  =  -0.108519
|Q1| =   0.095679  Q10  =  -0.033607  Q11c =   0.075770  Q11s =   0.047789
|Q2| =   1.176038  Q20  =  -1.140264  Q21c =   0.158086  Q21s =  -0.149043
                   Q22c =   0.161499  Q22s =  -0.097859

C          x =  0.672558  y =  0.352312  z =  0.098504
           Maximum rank =  2   Radius =  0.650
                   Q00  =   0.152857
|Q1| =   0.181409  Q10  =  -0.027856  Q11c =   0.142455  Q11s =  -0.108811
|Q2| =   0.659042  Q20  =  -0.598363  Q21c =  -0.131096  Q21s =   0.154889
                   Q22c =   0.185552  Q22s =  -0.026303

O          x =  1.793561  y = -0.126221  z = -0.107252
           Maximum rank =  2   Radius =  0.650
                   Q00  =  -0.367363
|Q1| =   0.523591  Q10  =   0.079091  Q11c =  -0.476783  Q11s =   0.201420
|Q2| =   0.980092  Q20  =  -0.086944  Q21c =  -0.193744  Q21s =   0.022916
                   Q22c =   0.707796  Q22s =  -0.643416

H          x =  0.551939  y =  1.439371  z =  0.245492
           Maximum rank =  2   Radius =  0.325
                   Q00  =   0.105342
|Q1| =   0.152143  Q10  =  -0.022187  Q11c =   0.021278  Q11s =  -0.149005
|Q2| =   0.128057  Q20  =  -0.108879  Q21c =  -0.007325  Q21s =   0.034466
                   Q22c =  -0.056627  Q22s =   0.009779

H          x = -2.676048  y = -0.434380  z = -0.141872
           Maximum rank =  2   Radius =  0.325
                   Q00  =   0.096580
|Q1| =   0.121875  Q10  =   0.009497  Q11c =   0.112981  Q11s =   0.044707
|Q2| =   0.197980  Q20  =  -0.137590  Q21c =   0.028136  Q21s =   0.004009
                   Q22c =   0.070039  Q22s =   0.120632

H          x = -1.856568  y =  1.221989  z = -0.147733
           Maximum rank =  2   Radius =  0.325
                   Q00  =   0.096930
|Q1| =   0.131074  Q10  =   0.010425  Q11c =   0.039722  Q11s =  -0.124474
|Q2| =   0.180486  Q20  =  -0.136827  Q21c =   0.013553  Q21s =  -0.026316
                   Q22c =  -0.107087  Q22s =  -0.038854

H          x = -0.452177  y = -1.521607  z =  0.151745
           Maximum rank =  2   Radius =  0.325
                   Q00  =   0.124337
|Q1| =   0.125937  Q10  =  -0.010220  Q11c =   0.007299  Q11s =   0.125309
|Q2| =   0.166344  Q20  =  -0.141750  Q21c =   0.006832  Q21s =  -0.018993
                   Q22c =  -0.080470  Q22s =  -0.026350

Total multipoles
referred to origin at x =   0.000000,  y =    0.000000,  z =    0.000000
                   Q00  =  -0.000001
|Q1| =   1.483522  Q10  =   0.130760  Q11c =  -1.437764  Q11s =   0.341429
|Q2| =   4.689413  Q20  =  -0.357774  Q21c =   1.462309  Q21s =  -0.228672
                   Q22c =  -4.159805  Q22s =   1.538823

CPU time used:      0m 6.512s          Total:      0m 6.512s

Finished at 11:58:55 on 19 May 2021 
