-xyz
refined.xyz
-dens
/home/unibas/boittier/RDKit_G2/B.pdb/SCAN_1_2_3_4_S_36_10.0/33_SCAN/B.d.cube
-esp
/home/unibas/boittier/RDKit_G2/B.pdb/SCAN_1_2_3_4_S_36_10.0/33_SCAN/B.p.cube
-stepsize
0.2
-n_steps
1
-learning_rate
0.5
  -3.6147349820650359        2.5874813925826605        1.1308147898158205     
  -2.9771859956588083      -0.29612177847878368       0.69819736768453888     
  -2.8528652455039154       0.36418480914287482       -8.8137583247575646E-002
  -5.7420023033816516       -1.2502104775048979       0.22364446605787577     
  -2.9960943640911997       0.23438955013115587      -0.38869139287473276     
 -0.93044423108954766       -1.1794339156571803      -0.54297174329014086     
  -1.5091148963765222       -3.6511060353515186       -1.0121168075966034     
  -2.3994669868895757       -1.8055647512509372      -0.49330875382899547     
  -1.8244814304022994       -1.4612869241914033      -0.48429388739458706     
   1.4272066078553369        1.6589004829566663      -0.28144851693727663     
   1.3811865993763131        1.8428650974911867      -0.31478020065561618     
   1.0558969519240917        3.2754834754552862      -0.16396873706945608     
   1.0545524830307935        2.5437294621357487      -0.14664818715689007     
  0.99976429369028608      -0.77379386062815858      -0.30257541585547432     
   1.2493393918664082      -0.44728099864325588      -0.59285250430573244     
   1.4112456438186509      -0.48767559580092201       0.67172170467331083     
   1.1633054348873442       0.63825263765699458      -0.16637855221098857     
   2.9714048875416483       -1.1006958546352477      -0.75362329070753931     
   2.6648147930497612      -0.99570582902884897        1.1173362644871361     
   5.1770997790999740       -8.2661736019360388E-002  0.57993508968960539     
   3.1201506561787546       -3.6437689550436922       0.31215240073678302     
First
                         Total        4.224115975E-01
Step size:       0.20
Step size in Bohr:       0.38
Learning Rate:       1.00
# Steps:          1
                         Error  1        4.199800261E-01
                         Error        4.199800261E-01
