-xyz
refined.xyz
-dens
../../cube_files/ester/6_SCAN_1_2_6_8_F/O.d.cube
-esp
../../cube_files/ester/6_SCAN_1_2_6_8_F/O.p.cube
-stepsize
0.2
-n_steps
200
-learning_rate
0.5
   1.8528412014119500        1.8883069652995752       0.36939144119868866     
   1.9803968046326221        2.0574209555610370       0.95653193509936896     
   1.3140601369226519        3.1326009940124400       -1.6717211092665989     
   1.3081708055772188        2.9580323156413706       -1.3008282500400696     
   3.7064210536327034        2.3672728971586454       0.16359212030918543     
   3.2622817026852520        2.2508810678230273        2.5176744220634671E-002
  0.51720381586801756        3.8164543419233823        1.9875694521009906     
   2.9337250277767830       -2.4798871232476460       0.45696337246836261     
   2.1920210190269822       -2.7791798873775004       0.23180712609890897     
   2.9122498349067296       -2.0380535998494755       0.49574143908848078     
   4.7626338400826924E-002 -0.62147978316258345      -0.21371193079492540     
   1.3221708458924126        3.7264855244904718E-004  0.24595518267449937     
   1.1422842689159580       0.31349882994658856       0.75905936344583891     
 -0.77803601998211380      -0.70707235028475657      -0.77224476593624436     
  -1.5620227715644539      -0.88364097466140268      -0.58447187587399740     
  -1.6658847488273631       -1.3485030645755174       -1.0173532287240363     
  -1.2995722705675101      -0.91296468926191321       -1.4704732814105679     
  -4.0658959317205179        8.1957378213502532E-002  -6.2010550154499536E-002
  -2.5910552052372160       0.32674087964169318       -9.8302179551875327E-002
  -4.4357625551492710       -5.3164865631747896E-002  -4.7430925048132518E-002
  -3.8972147982363508      -0.74273637595438247        2.1311712887901759     
  -3.9093171434515104      -0.81350742102855433        1.9042133051715628     
  -3.4444024770795534        1.5118815205294374       0.28642332955276184     
  -3.5501502587043281        2.1262913195934940       0.31009063689539423     
First
                         Total        1.495348209E+00
Step size:       0.20
Step size in Bohr:       0.38
Learning Rate:       1.00
# Steps:        200
                         Error  1        1.480270262E+00
                         Error  2        1.465996322E+00
                         Error  3        1.452486063E+00
                         Error  4        1.439700234E+00
                         Error  5        1.427600749E+00
                         Error  6        1.416150761E+00
                         Error  7        1.405314712E+00
                         Error  8        1.395058382E+00
                         Error  9        1.385348916E+00
                         Error 10        1.376154838E+00
                         Error 11        1.367446062E+00
                         Error 12        1.359193888E+00
                         Error 13        1.351370986E+00
                         Error 14        1.343951380E+00
                         Error 15        1.336910423E+00
                         Error 16        1.330224762E+00
                         Error 17        1.323872304E+00
                         Error 18        1.317832178E+00
                         Error 19        1.312084692E+00
                         Error 20        1.306611286E+00
                         Error 21        1.301394491E+00
                         Error 22        1.296417877E+00
                         Error 23        1.291666012E+00
                         Error 24        1.287124409E+00
                         Error 25        1.282779482E+00
                         Error 26        1.278618501E+00
                         Error 27        1.274629545E+00
                         Error 28        1.270801457E+00
                         Error 29        1.267123805E+00
                         Error 30        1.263586837E+00
                         Error 31        1.260181444E+00
                         Error 32        1.256899119E+00
                         Error 33        1.253731925E+00
                         Error 34        1.250672454E+00
                         Error 35        1.247713798E+00
                         Error 36        1.244849518E+00
                         Error 37        1.242073613E+00
                         Error 38        1.239380489E+00
                         Error 39        1.236764936E+00
                         Error 40        1.234222102E+00
                         Error 41        1.231747469E+00
                         Error 42        1.229336830E+00
                         Error 43        1.226986268E+00
                         Error 44        1.224692138E+00
                         Error 45        1.222451046E+00
                         Error 46        1.220259835E+00
                         Error 47        1.218115565E+00
                         Error 48        1.216015501E+00
                         Error 49        1.213957097E+00
                         Error 50        1.211937983E+00
                         Error 51        1.209955954E+00
                         Error 52        1.208008957E+00
                         Error 53        1.206095080E+00
                         Error 54        1.204212545E+00
                         Error 55        1.202359694E+00
                         Error 56        1.200534984E+00
                         Error 57        1.198736978E+00
                         Error 58        1.196964337E+00
                         Error 59        1.195215813E+00
                         Error 60        1.193490243E+00
                         Error 61        1.191786542E+00
                         Error 62        1.190103698E+00
                         Error 63        1.188440769E+00
                         Error 64        1.186796874E+00
                         Error 65        1.185171190E+00
                         Error 66        1.183562950E+00
                         Error 67        1.181971438E+00
                         Error 68        1.180395981E+00
                         Error 69        1.178835954E+00
                         Error 70        1.177290771E+00
                         Error 71        1.175759881E+00
                         Error 72        1.174242772E+00
                         Error 73        1.172738961E+00
                         Error 74        1.171247997E+00
                         Error 75        1.169769457E+00
                         Error 76        1.168302941E+00
                         Error 77        1.166848078E+00
                         Error 78        1.165404515E+00
                         Error 79        1.163971922E+00
                         Error 80        1.162549989E+00
                         Error 81        1.161138422E+00
                         Error 82        1.159736946E+00
                         Error 83        1.158345299E+00
                         Error 84        1.156963235E+00
                         Error 85        1.155590522E+00
                         Error 86        1.154226940E+00
                         Error 87        1.152872280E+00
                         Error 88        1.151526345E+00
                         Error 89        1.150188948E+00
                         Error 90        1.148859911E+00
                         Error 91        1.147539064E+00
                         Error 92        1.146226247E+00
                         Error 93        1.144921306E+00
                         Error 94        1.143624097E+00
                         Error 95        1.142334478E+00
                         Error 96        1.141052318E+00
                         Error 97        1.139777489E+00
                         Error 98        1.138509869E+00
                         Error 99        1.137249342E+00
                         Error100        1.135995795E+00
                         Error101        1.134749122E+00
                         Error102        1.133509218E+00
                         Error103        1.132275986E+00
                         Error104        1.131049328E+00
                         Error105        1.129829153E+00
                         Error106        1.128615372E+00
                         Error107        1.127407899E+00
                         Error108        1.126206651E+00
                         Error109        1.125011547E+00
                         Error110        1.123822511E+00
                         Error111        1.122639466E+00
                         Error112        1.121462340E+00
                         Error113        1.120291061E+00
                         Error114        1.119125561E+00
                         Error115        1.117965772E+00
                         Error116        1.116811630E+00
                         Error117        1.115663070E+00
                         Error118        1.114520032E+00
                         Error119        1.113382454E+00
                         Error120        1.112250277E+00
                         Error121        1.111123445E+00
                         Error122        1.110001901E+00
                         Error123        1.108885590E+00
                         Error124        1.107774458E+00
                         Error125        1.106668454E+00
                         Error126        1.105567524E+00
                         Error127        1.104471620E+00
                         Error128        1.103380691E+00
                         Error129        1.102294689E+00
                         Error130        1.101213567E+00
                         Error131        1.100137279E+00
                         Error132        1.099065777E+00
                         Error133        1.097999017E+00
                         Error134        1.096936956E+00
                         Error135        1.095879550E+00
                         Error136        1.094826755E+00
                         Error137        1.093778531E+00
                         Error138        1.092734835E+00
                         Error139        1.091695628E+00
                         Error140        1.090660869E+00
                         Error141        1.089630519E+00
                         Error142        1.088604539E+00
                         Error143        1.087582891E+00
                         Error144        1.086565537E+00
                         Error145        1.085552441E+00
                         Error146        1.084543565E+00
                         Error147        1.083538874E+00
                         Error148        1.082538333E+00
                         Error149        1.081541906E+00
                         Error150        1.080549560E+00
                         Error151        1.079561259E+00
                         Error152        1.078576970E+00
                         Error153        1.077596660E+00
                         Error154        1.076620297E+00
                         Error155        1.075647848E+00
                         Error156        1.074679282E+00
                         Error157        1.073714567E+00
                         Error158        1.072753672E+00
                         Error159        1.071796566E+00
                         Error160        1.070843219E+00
                         Error161        1.069893601E+00
                         Error162        1.068947683E+00
                         Error163        1.068005436E+00
                         Error164        1.067066831E+00
                         Error165        1.066131839E+00
                         Error166        1.065200433E+00
                         Error167        1.064272584E+00
                         Error168        1.063348266E+00
                         Error169        1.062427451E+00
                         Error170        1.061510112E+00
                         Error171        1.060596223E+00
                         Error172        1.059685758E+00
                         Error173        1.058778691E+00
                         Error174        1.057874997E+00
                         Error175        1.056974650E+00
                         Error176        1.056077625E+00
                         Error177        1.055183898E+00
                         Error178        1.054293445E+00
                         Error179        1.053406240E+00
                         Error180        1.052522261E+00
                         Error181        1.051641484E+00
                         Error182        1.050763886E+00
                         Error183        1.049889443E+00
                         Error184        1.049018133E+00
                         Error185        1.048149933E+00
                         Error186        1.047284822E+00
                         Error187        1.046422776E+00
                         Error188        1.045563775E+00
                         Error189        1.044707796E+00
                         Error190        1.043854819E+00
                         Error191        1.043004822E+00
                         Error192        1.042157785E+00
                         Error193        1.041313687E+00
                         Error194        1.040472507E+00
                         Error195        1.039634226E+00
                         Error196        1.038798823E+00
                         Error197        1.037966279E+00
                         Error198        1.037136575E+00
                         Error199        1.036309690E+00
                         Error200        1.035485606E+00
                         Error        1.035485606E+00
