-xyz
refined.xyz
-dens
/home/unibas/boittier/RDKit_G2/B.pdb/SCAN_1_2_3_4_S_36_10.0/24_SCAN_1_2_3_4_F/B.d.cube
-esp
/home/unibas/boittier/RDKit_G2/B.pdb/SCAN_1_2_3_4_S_36_10.0/24_SCAN_1_2_3_4_F/B.p.cube
-stepsize
0.2
-n_steps
1
-learning_rate
0.5
   4.4840161180615326      -0.23696877462022015      -0.79783519362168298     
   2.6131571678176821        1.8661704406290416       0.79593963057492223     
   4.2265779815302862        4.2631956085334393      -0.13020639899607508     
   2.6193567323805040        2.6566291517741432       -2.6262684861117512E-002
   2.3155294574206509        2.1819660379244059      -0.61808199896612259     
  0.92058735429724781        2.3295251341147236       0.18018644027242836     
   1.0331115862141340        1.0887505539825217        1.1075156962719173     
  0.86587686406511688        1.7731412581417296        1.3314415104880729E-002
  0.67886097808072388       0.78091749295670532       0.24836926697281839     
  -1.1354440727699622        3.3999223764949060       0.99653858633024484     
   1.2966687787719260       -3.6692120607116618      -0.21126987462042818     
  0.97836581672012291       -3.1190726281134191        5.0351140980765090E-002
  0.33245486406052205       -2.6246950172773329       0.12135167818067784     
   1.0556128746525089       -3.3639475490444233      -0.23110207464106042     
 -0.72866113178584868      -0.95715760859491250       0.23095308577325530     
 -0.16892145910992523       -1.5839055957104515       0.39121257921237812     
 -0.99033853490391899      -0.53655402457195156       0.51729119587005945     
 -0.95636462326017180       -1.1107584089270317        1.0074847653965877     
  -5.4082400548172735       0.26738231571013560      -0.76929937618131605     
  -2.1969373172467770       -1.1095204781232317       0.97138153023543194     
  -2.8640124274542056       -2.3505874046511874E-002  0.47795066128922620     
  -3.0531911279647401       -1.4680180889758043E-002 -0.11561116456175809     
  -2.9815904502964243      -0.46631009466906542       -6.1022783967946640E-003
  -3.9611298106724386       -1.7195050489248409        2.5008316227621226     
  -3.9049351110501345       -1.8836368298113049        2.2179332439799255     
First
                         Total        3.560068761E+00
Step size:       0.20
Step size in Bohr:       0.38
Learning Rate:       1.00
# Steps:          1
                         Error  1        3.542429914E+00
                         Error        3.542429914E+00
