-xyz
refined.xyz
-dens
/home/unibas/boittier/RDKit_G2/B.pdb/SCAN_1_2_3_4_S_36_10.0/13_SCAN/B.d.cube
-esp
/home/unibas/boittier/RDKit_G2/B.pdb/SCAN_1_2_3_4_S_36_10.0/13_SCAN/B.p.cube
-stepsize
0.2
-n_steps
1
-learning_rate
0.5
   3.5212908279205708        2.3098626881930646       -2.2428309310493177     
   3.0874889096572065      -0.19530677124144191      -0.70691718656438152     
   2.8867303472741246       0.69618410925245444      -0.22243488218253829     
   5.9041622139734837      -0.64404056991127290       0.13419695835456225     
   3.0279234589671478       0.69857998535473254       0.10582225352474682     
   1.2682539143082912      -0.42048674437035105       0.29021228975539415     
   1.8020508744398591       -2.7899691501662391        2.1162369915437509     
   2.7110449607223668      -0.94115666668013009       0.73719206698381556     
   2.0747613584338960      -0.81114849034964542       0.57148771659832964     
  -2.2967457485314284       -1.0076595420182630      -0.43268273976785748     
  -2.3671317463002786       -1.1779869147317452      -0.48841620496920218     
  -3.0498880711997192       -2.4867039987731530      -0.53376225129125587     
  -2.6024763626668221       -1.9265317316182020      -0.38612912752397782     
 -0.46928250310354469       0.59109357152236208        6.8799293587942636E-002
 -0.77740470443579746       0.50334213906410852      -0.31916921273446969     
  -1.2117288130877790       0.62733299682535915       0.87371893112102939     
  -1.4973066228653820      -0.38803558153342066       -8.4963883649524508E-002
  -1.5212836663313205        2.1154772672467188      -0.78335167697756725     
  -1.9701549909552043        1.8339451407939555        1.0400419295695822     
  -4.1675478069729461        2.7682348668001109      -0.27789472989659048     
 -0.41002524396377255        4.1418893097702867       0.72524174928051843     
First
                         Total        1.528970085E+00
Step size:       0.20
Step size in Bohr:       0.38
Learning Rate:       1.00
# Steps:          1
                         Error  1        1.489449898E+00
                         Error        1.489449898E+00
