-xyz
refined.xyz
-dens
/home/unibas/boittier/RDKit_G2/B.pdb/SCAN_1_2_3_4_S_36_10.0/12_SCAN/B.d.cube
-esp
/home/unibas/boittier/RDKit_G2/B.pdb/SCAN_1_2_3_4_S_36_10.0/12_SCAN/B.p.cube
-stepsize
0.2
-n_steps
100
-learning_rate
0.5
  -3.8521326017693487        3.1598554242835677       0.10033267530970298     
  -3.5288127233161677      -0.40509299632640206       0.73600081035040044     
  -3.7713539840662862      -0.58290981612245640        7.2005931177298282E-002
  -6.3204010769638899      -0.83384188511613722       0.10835131817161026     
  -3.5391537435618341      -0.40796134653065141      -0.53420699897373769     
  -1.7798826843206523      -0.22671438356681245       0.15064999882866781     
  -1.4284195967365529       -6.1467810255362028E-002  0.13740758310749401     
  -1.9870131498585399       -2.6176751064742838       -4.0986153769044541E-002
  -2.0646746352057801       -2.5453255894338227      -0.56955840392917823     
  -2.1166180266979553       -2.5917559398284600       0.47297542615876437     
   3.4178432369757008       -2.3609647465088792      -0.54895119512960200     
   2.6569481913885045       -1.8893423646575891      -0.26265121862607604     
  0.70476650734886737       0.77457127341690912      -0.68434457295612583     
  0.46603023693022366       0.78094420324789982      -0.45107223460069606     
   1.1117967261419262       0.81697647299193810       0.56791945376452491     
   1.4931000631478752      -0.42542936342620502      -0.23820722674507419     
   4.3090100151132473        3.1107388259648738       0.53562108561359456     
   2.0494410240651253        1.8992918478592469       0.33637905128158591     
   1.7969787696048916        2.1395502514159883      -0.30636232619540882     
   2.0053735199034959        2.0116427465867899       0.66931274978135524     
 -0.12834196152210559        4.1944717371563236        3.1584642135379919E-002
First
                         Total        8.328446318E+00
Step size:       0.20
Step size in Bohr:       0.38
Learning Rate:       1.00
# Steps:        100
                         Error  1        8.282920072E+00
                         Error  2        8.237645557E+00
                         Error  3        8.192624659E+00
                         Error  4        8.147859251E+00
                         Error  5        8.103351195E+00
                         Error  6        8.059102336E+00
                         Error  7        8.015114504E+00
                         Error  8        7.971389513E+00
                         Error  9        7.927929160E+00
                         Error 10        7.884735221E+00
                         Error 11        7.841809454E+00
                         Error 12        7.799153595E+00
                         Error 13        7.756769357E+00
                         Error 14        7.714658429E+00
                         Error 15        7.672822476E+00
                         Error 16        7.631263135E+00
                         Error 17        7.589982018E+00
                         Error 18        7.548980706E+00
                         Error 19        7.508260750E+00
                         Error 20        7.467823670E+00
                         Error 21        7.427670954E+00
                         Error 22        7.387804054E+00
                         Error 23        7.348224389E+00
                         Error 24        7.308933339E+00
                         Error 25        7.269932246E+00
                         Error 26        7.231222415E+00
                         Error 27        7.192805108E+00
                         Error 28        7.154681547E+00
                         Error 29        7.116852908E+00
                         Error 30        7.079320326E+00
                         Error 31        7.042084886E+00
                         Error 32        7.005147631E+00
                         Error 33        6.968509551E+00
                         Error 34        6.932171590E+00
                         Error 35        6.896134640E+00
                         Error 36        6.860399540E+00
                         Error 37        6.824967078E+00
                         Error 38        6.789837988E+00
                         Error 39        6.755012948E+00
                         Error 40        6.720492579E+00
                         Error 41        6.686277448E+00
                         Error 42        6.652368060E+00
                         Error 43        6.618764864E+00
                         Error 44        6.585468248E+00
                         Error 45        6.552478539E+00
                         Error 46        6.519796004E+00
                         Error 47        6.487420845E+00
                         Error 48        6.455353205E+00
                         Error 49        6.423593161E+00
                         Error 50        6.392140726E+00
                         Error 51        6.360995848E+00
                         Error 52        6.330158413E+00
                         Error 53        6.299628238E+00
                         Error 54        6.269405075E+00
                         Error 55        6.239488613E+00
                         Error 56        6.209878471E+00
                         Error 57        6.180574204E+00
                         Error 58        6.151575299E+00
                         Error 59        6.122881178E+00
                         Error 60        6.094491196E+00
                         Error 61        6.066404642E+00
                         Error 62        6.038620740E+00
                         Error 63        6.011138645E+00
                         Error 64        5.983957450E+00
                         Error 65        5.957076182E+00
                         Error 66        5.930493802E+00
                         Error 67        5.904209211E+00
                         Error 68        5.878221241E+00
                         Error 69        5.852528666E+00
                         Error 70        5.827130196E+00
                         Error 71        5.802024480E+00
                         Error 72        5.777210108E+00
                         Error 73        5.752685607E+00
                         Error 74        5.728449451E+00
                         Error 75        5.704500053E+00
                         Error 76        5.680835770E+00
                         Error 77        5.657454904E+00
                         Error 78        5.634355706E+00
                         Error 79        5.611536371E+00
                         Error 80        5.588995044E+00
                         Error 81        5.566729820E+00
                         Error 82        5.544738745E+00
                         Error 83        5.523019819E+00
                         Error 84        5.501570995E+00
                         Error 85        5.480390184E+00
                         Error 86        5.459475252E+00
                         Error 87        5.438824025E+00
                         Error 88        5.418434290E+00
                         Error 89        5.398303796E+00
                         Error 90        5.378430255E+00
                         Error 91        5.358811347E+00
                         Error 92        5.339444716E+00
                         Error 93        5.320327977E+00
                         Error 94        5.301458714E+00
                         Error 95        5.282834486E+00
                         Error 96        5.264452824E+00
                         Error 97        5.246311235E+00
                         Error 98        5.228407202E+00
                         Error 99        5.210738191E+00
                         Error100        5.193301646E+00
                         Error        5.193301646E+00
