-xyz
refined.xyz
-dens
/home/unibas/boittier/RDKit_G2/B.pdb/SCAN_1_2_3_4_S_36_10.0/24_SCAN_1_2_3_4_F/B.d.cube
-esp
/home/unibas/boittier/RDKit_G2/B.pdb/SCAN_1_2_3_4_S_36_10.0/24_SCAN_1_2_3_4_F/B.p.cube
-stepsize
0.2
-n_steps
0
-learning_rate
0.5
  -3.3999641038762829        1.9022832755919024       -2.3491511311651392     
  -3.5532166204464932       0.42416089741096596       0.53486345178192873     
  -6.3749125411364087      -0.49001484070694895        7.6854547783352101E-002
  -4.0874173325653294      -0.48875571305898036       0.10612463508619842     
  -3.5220537158289984      -0.68282221527629772      -0.44668636364205577     
  -2.6546754398993970      -0.87902407750979561        1.1740757413254765     
  -1.7876619648507071      -0.86906374460806046      -0.23727277675533220     
  -2.0855040267748555      -0.94584491946263871        1.1293472795418815     
  -1.1996349964596926      -0.85943938459908276       0.55015760836825811     
  -1.9302885788852784       -2.6193485477179661        2.6701572506805191     
   2.8496228295550883       -2.3919907735314814      -0.51157040164958412     
   2.3915829614430351       -1.8806744087332568      -0.52282123312999540     
   2.0708226839550998       -1.1778000758095477      -0.27351069904896835     
   2.6669890365370605       -2.0859599500768939      -0.35594206939468465     
  0.74206005513780782       0.23002138520577098       0.38838557820211483     
   1.1499175722106911      -0.36284981831304980       -7.8118076787621074E-002
  0.34008662807792128       0.62003948754009575       0.32421444559891538     
  0.75100268229673239       0.65139180518752093      -0.31695765604040194     
   4.3235804493929892        2.8000716294545573      -0.40028480569368358     
   1.0754359110901277        1.7955740982804840       0.14819913847263541     
   1.8813754374815959        1.6467709052123107       0.49826429014524781     
   2.2294555254306490        1.5644108601042090        4.0084665717770186E-003
   1.8919976427686271        1.8300329002895968      -0.14295424518023320     
  0.91555830131072580        4.1856558838917293        1.3712506176635930     
  0.88280398827369133        4.1530768152993254        1.0437864189886470     
First
                         Total        1.294880531E+00
Step size:       0.20
Step size in Bohr:       0.38
Learning Rate:       1.00
# Steps:          0
                         Error        1.294880531E+00
