-xyz
refined.xyz
-dens
/home/unibas/boittier/RDKit_G2/B.pdb/SCAN_1_2_3_4_S_36_10.0/10_SCAN/B.d.cube
-esp
/home/unibas/boittier/RDKit_G2/B.pdb/SCAN_1_2_3_4_S_36_10.0/10_SCAN/B.p.cube
-stepsize
0.2
-n_steps
0
-learning_rate
0.5
  -3.5298675488579971        2.8887222179712326       0.27191536540969197     
  -3.0758187764078522       -4.6353195638978974E-002  0.54737579408022208     
  -2.8018599134891229       0.42436287721155463      -0.31547761474897695     
  -5.8244647666942901      -0.95024944542587009       -6.3710514666805011E-004
  -2.9120888328934282       0.24003030271990511      -0.61639316788682907     
  -1.0042290188532979       -1.2221016818230108      -0.31314653575245338     
  -1.6700193018994898       -3.7629236136694124      -0.21502178257721169     
  -2.4889892601215928       -1.7932396599885663      -0.16415610428594424     
  -1.9012500509769656       -1.4721064200304486      -0.18970739620059118     
   1.4864775265931920        1.4850762314547339      -0.13047108822603201     
   1.4475075188797792        1.6725141840754034      -0.15102012037614096     
   1.1888027034693651        3.1259361809151764       0.13739167081021683     
   1.1735818387371983        2.3788304392674204        7.7608015696676025E-002
  0.93191777444555968      -0.91612434698303513      -0.22752935679050790     
   1.1726979611325223      -0.58762584839927090      -0.52297705269051997     
   1.4392101541947606      -0.70029995704514392       0.71932960208518737     
   1.1803210959066981       0.47760053842241190       -4.0362007032206389E-002
   2.8489006165829824      -0.82769392137164544       -1.2218724464246891     
   2.7875752943211136       -1.3062004854428220       0.81528126591067540     
   5.2459380474728583       -9.8402133654502177E-002  -7.6648354909319696E-003
   3.1383154593231239       -3.5549371896359974      -0.89757879854525158     
First
                         Total        9.532948663E+00
Step size:       0.20
Step size in Bohr:       0.38
Learning Rate:       1.00
# Steps:          0
                         Error        9.532948663E+00
