-xyz
refined.xyz
-dens
/home/unibas/boittier/RDKit_G2/B.pdb/SCAN_1_2_3_4_S_36_10.0/20_SCAN/B.d.cube
-esp
/home/unibas/boittier/RDKit_G2/B.pdb/SCAN_1_2_3_4_S_36_10.0/20_SCAN/B.p.cube
-stepsize
0.2
-n_steps
10
-learning_rate
0.5
  -3.9733260354933098        2.9759955970175582      -0.50506004604129595     
  -3.5290573755139132      -0.45121365153678961       0.68125581873609919     
  -3.7391712422808072      -0.70215879223730182        3.5529603581845988E-002
  -6.2695120663697779       -1.0878738777896253        3.1102119037765968E-002
  -3.4682889367559659      -0.64586608541679003      -0.57311920629658786     
  -1.7434058286412009      -0.30002395512672464       0.27640920297603300     
  -1.4390823163543240       -2.1515392746893403E-002  0.26076793870917359     
  -1.8791819536203023       -2.6148928518196324       0.31138430046811710     
  -1.8782231903852871       -2.6830015052021983      -0.21469843463989965     
  -1.9845663471949702       -2.5775311399034546       0.81779958529647157     
   3.3989210860587216       -2.3448228420109696      -0.31861047790613917     
   2.7893319133656465       -1.7496273781863967      -0.19593056655196417     
  0.68129358503488557       0.79714586985496450      -0.60123790082108564     
  0.40079793964938187       0.93070944513992970      -0.35528749002517018     
   1.0926103494742221       0.90924129558409006       0.65243394821400136     
   1.4811237062950344      -0.21162212681426962      -0.15422631481886825     
   4.2823855644454731        3.2304593135099493       -4.3860433447002391E-002
   2.0254339810702593        2.0696903874541430        5.6201043011133267E-002
   1.7385080886545441        2.0685757428280698      -0.59567410458927184     
   1.9284571554077183        2.1129213648851710       0.75385858934729755     
 -0.34806633872639425        4.2445605814915695       0.19953053854797892     
First
                         Total        9.341594747E-01
Step size:       0.20
Step size in Bohr:       0.38
Learning Rate:       1.00
# Steps:         10
                         Error  1        9.208683542E-01
                         Error  2        9.081699189E-01
                         Error  3        8.960424692E-01
                         Error  4        8.844645152E-01
                         Error  5        8.734148258E-01
                         Error  6        8.628724741E-01
                         Error  7        8.528168782E-01
                         Error  8        8.432278401E-01
                         Error  9        8.340855791E-01
                         Error 10        8.253707628E-01
                         Error        8.253707628E-01
