-xyz
refined.xyz
-dens
/home/unibas/boittier/RDKit_G2/B.pdb/SCAN_1_2_3_4_S_36_10.0/36_SCAN_1_2_3_4_F/B.d.cube
-esp
/home/unibas/boittier/RDKit_G2/B.pdb/SCAN_1_2_3_4_S_36_10.0/36_SCAN_1_2_3_4_F/B.p.cube
-stepsize
0.2
-n_steps
1
-learning_rate
0.5
  -3.6512168347976370        2.4450214532514885        6.7648835097742169E-003
  -3.3606636665124840      -0.63008127673218983       0.83078162049793314     
  -6.2068467994774119       -1.2870504184340605        1.1604306570843848E-002
  -3.9474878030940861       -1.0386829859993620       -6.1378570330992824E-002
  -3.4772960653302127      -0.70544682561101546      -0.64113803274291004     
  -2.4120709836586847       -1.8503165009233398      -0.21716081745301946     
  -1.5632394072153879       -1.0111392605771807       0.93873180058903671     
  -2.0393368323450241       -1.4009926440679912      -0.31501589273828468     
  -1.2313460751722722      -0.82542932710365191        3.4738804465204387E-002
  -1.4337542055903381       -4.0960289494225428       -3.9255306986082310E-002
   1.0291954683194213        3.0756989113182871       -8.6313195561974702E-003
  0.95887185439777234        2.4134429022665076       0.14207100246809443     
   1.1556261409153277        1.6197802912865158        1.8889385531680042E-002
   1.0096680494663905        2.7045730351279298       -9.7719022559066851E-002
  0.90698953889265144      -0.37027608033725778      -0.21940660753368910     
  0.92900544365034865       0.40612953061975460        9.9838281437602067E-002
  0.86400570708994928      -0.92378673901563590       -3.7438257802568570E-002
   1.2906804070700513      -0.55723696761356889       0.48449554112140258     
   5.3882910391491849       -4.0959510591421777E-002   4.2262905091298722E-002
   2.1985072304219542       -1.3400397236604278       0.14307165764700391     
   2.0803547554945503       -2.0964904596723608      -0.91575834963190172     
   2.9619849575721129      -0.43135972184685933       -2.2129658793437510E-002
   2.8744609702127208      -0.81115385762747327       0.24552645691277802     
   3.4666280597795973       -3.5610455936229881      -0.69842846921299639     
   3.4520385965260707       -3.4707711652240905      -0.38439812328130318     
First
                         Total        7.102727886E+00
Step size:       0.20
Step size in Bohr:       0.38
Learning Rate:       1.00
# Steps:          1
                         Error  1        7.042449030E+00
                         Error        7.042449030E+00
