Running in analysis mode

Reading "/home/unibas/boittier/RDKit_G2/B.pdb/SCAN_1_2_3_4_S_36_10.0/9_SCAN/B.p.cube"...

  B.pdb Potential
  Electrostatic potential from Total SCF Density
   10   -8.963761   -6.906993   -7.147215
  116    0.166667    0.000000    0.000000
   94    0.000000    0.166667    0.000000
   89    0.000000    0.000000    0.166667
    6    6.000000   -2.451009    2.070219   -0.093423
    6    6.000000   -0.935804    0.091752    0.132037
    6    6.000000    1.735923    0.020368    0.947527
    6    6.000000    3.679089    0.227463   -0.634462
    1    1.000000   -4.413669    1.842751   -0.622655
    1    1.000000   -1.720742    3.950739    0.226720
    9    9.000000   -1.900428   -2.280943   -0.227446
    1    1.000000    2.057303   -0.375645    2.939019
    1    1.000000    3.399753    0.560525   -2.637548
    1    1.000000    5.612014    0.091306    0.031400
 -4.02655E-03 -4.10944E-03 -4.19330E-03 -4.27809E-03 -4.36372E-03 -4.45011E-03
       .            .            .            .            .            .
       .            .            .            .            .            .
       .            .            .            .            .            .
  2.23774E-03  2.21735E-03  2.19668E-03  2.17575E-03  2.15457E-03  2.13317E-03

815753 out of 970456 gridpoints are considered (84.1%).

...done!

Reading "21charges.cube"...

  Fitted ESP
  Electrostatic potential fitted from 21 point charges.
   10   -8.963761   -6.906993   -7.147215
  116    0.166667    0.000000    0.000000
   94    0.000000    0.166667    0.000000
   89    0.000000    0.000000    0.166667
    6    6.000000   -2.451009    2.070219   -0.093423
    6    6.000000   -0.935804    0.091752    0.132037
    6    6.000000    1.735923    0.020368    0.947527
    6    6.000000    3.679089    0.227463   -0.634462
    1    1.000000   -4.413669    1.842751   -0.622655
    1    1.000000   -1.720742    3.950739    0.226720
    9    9.000000   -1.900428   -2.280943   -0.227446
    1    1.000000    2.057303   -0.375645    2.939019
    1    1.000000    3.399753    0.560525   -2.637548
    1    1.000000    5.612014    0.091306    0.031400
 -4.06480E-03 -4.15153E-03 -4.23933E-03 -4.32813E-03 -4.41786E-03 -4.50841E-03
       .            .            .            .            .            .
       .            .            .            .            .            .
       .            .            .            .            .            .
  2.44640E-03  2.41941E-03  2.39221E-03  2.36484E-03  2.33731E-03  2.30965E-03

815753 out of 970456 gridpoints are considered (84.1%).

...done!

                       Measure       RMSE[kcal/mol/e]   MaxError[kcal/mol/e]   NPoints
                         Total        7.397218566E-01        6.227905978E+00    815753
Close (  1.20 < r <   1.66 )          1.332078594E+00        6.227905978E+00    156448
Mid-range ( 1.66 < r <  2.20)         6.494864186E-01        2.656640403E+00    278060
Far-range (  2.20         < r)        3.674277301E-01        1.356631546E+00    381245
Did analysis and wrote slice data
