-xyz
refined.xyz
-dens
/home/unibas/boittier/RDKit_G2/B.pdb/SCAN_1_2_3_4_S_36_10.0/22_SCAN_1_2_3_4_F/B.d.cube
-esp
/home/unibas/boittier/RDKit_G2/B.pdb/SCAN_1_2_3_4_S_36_10.0/22_SCAN_1_2_3_4_F/B.p.cube
-stepsize
0.2
-n_steps
5
-learning_rate
0.5
  -3.5694489608755799        2.3165969999166536       -1.6913822597479784     
  -3.5367772782593736       0.10723976759903295       0.66177783451654271     
  -6.3501137033271924      -0.77483793687893987        8.3232134039647646E-002
  -4.0701006964545430      -0.67754244295891919        5.8837249781826848E-002
  -3.5262364218975497      -0.69199589818348395      -0.58877674817344494     
  -2.6060059643365858       -1.2662221967241822       0.86780577569814510     
  -1.6441846989133289       -1.1048714757589755      -0.47313180312569542     
  -2.0336394567035549       -1.2269060409703929       0.86352416737720961     
  -1.1216757290010637       -1.0854607621567680       0.35779046677722887     
  -1.7450267250964173       -3.3432509573249214        1.8418209535248178     
   3.1080334846189670       -2.1793331147362056      -0.41439639648982296     
   2.6151535168374647       -1.7096049326742191      -0.46089645763285852     
   2.2008200628543797       -1.0552945116254384      -0.21729937899789753     
   2.8953410959649020       -1.8912319366553687      -0.27765667290627261     
  0.70283000180605226       0.21556441259773645       0.35502324972941546     
   1.1989799542488286      -0.34325807953927223       -8.1104657387206791E-002
  0.27615018969361810       0.54357582033171270       0.27143729183669113     
  0.72258447686786131       0.64915947203199864      -0.33798146576356436     
   4.0555346299608726        3.1232149103782909      -0.25585891263882721     
  0.89983412182052025        1.8011657346702135       0.11742757908381943     
   1.6867464380544703        1.7400855786721907       0.50754178497199121     
   2.0729407882968816        1.6843134061520360        3.6022918282121494E-002
   1.7135382228099316        1.9259644065131774      -0.12966464145423873     
  0.43580132778843561        4.1659015528680063        1.3327376289877313     
  0.43980170767722770        4.1274211491741211        1.0017184286918270     
First
                         Total        8.843414393E-01
Step size:       0.20
Step size in Bohr:       0.38
Learning Rate:       1.00
# Steps:          5
                         Error  1        8.773098572E-01
                         Error  2        8.706686150E-01
                         Error  3        8.643886867E-01
                         Error  4        8.584430292E-01
                         Error  5        8.528064830E-01
                         Error        8.528064830E-01
