atom_charge_dict:  {8: [0], 3: [1, 3, 4], 9: [2], 2: [5, 6, 7, 8], 7: [9], 6: [10, 11, 12, 13], 1: [14, 15, 16, 17], 4: [18], 0: [19, 20, 21, 22], 5: [23, 24]}
4
4 [18] [-0.22289506  0.06033724 -0.0006947 ]
0
0 [19, 20, 21, 22] [ 0.54249827 -0.03579723 -0.13303551]
0 [19, 20, 21, 22] [0.31083197 0.2357875  0.17515037]
0 [19, 20, 21, 22] [ 0.1455558   0.43603692 -0.01673361]
0 [19, 20, 21, 22] [ 0.17494739  0.23876543 -0.15057915]
5
5 [23, 24] [-0.00214048 -0.13045944  0.3757404 ]
5 [23, 24] [-0.01425073 -0.08899378  0.20615316]
6
6 [10, 11, 12, 13] [-0.0547439   0.29768564  0.00609852]
6 [10, 11, 12, 13] [-0.04098317 -0.05669448 -0.07278648]
6 [10, 11, 12, 13] [-0.11573975 -0.47353738 -0.0005832 ]
6 [10, 11, 12, 13] [-0.06484403  0.09804407  0.054986  ]
1
1 [14, 15, 16, 17] [ 0.04778462 -0.12399937  0.11434765]
1 [14, 15, 16, 17] [ 0.02724996  0.29613665 -0.05599479]
1 [14, 15, 16, 17] [ 0.07305195 -0.40523359  0.01808733]
1 [14, 15, 16, 17] [-0.17332809 -0.2256611  -0.24597596]
2
2 [5, 6, 7, 8] [ 0.49233134 -0.26401989  0.08857203]
2 [5, 6, 7, 8] [-0.00071619  0.16060702 -0.49872255]
2 [5, 6, 7, 8] [ 0.2894982  -0.04618036  0.15127909]
2 [5, 6, 7, 8] [-0.14679137  0.26843715 -0.01136391]
7
7 [9] [-0.01834983 -0.37717928 -0.05015312]
2
3
3 [1, 3, 4] [-0.132708   -0.21867596 -0.50276186]
3 [1, 3, 4] [ 0.13759102 -0.5099183  -0.04791833]
3 [1, 3, 4] [-0.14413991 -0.3999774   0.25895458]
8
8 [0] [-0.06117815  0.24228203  0.03959699]
3
9
9 [2] [ 0.38355402 -0.11333337 -0.00074155]
RMSD using the Kabsch algorithm: 0.6818803080329952
1 [1.90624743 1.27715856 0.35825944]
2 [ 1.81807073 -0.24746054 -0.3954781 ]
3 [ 3.28663015 -0.65905615  0.07386023]
4 [ 2.08836975 -0.53870288  0.05936543]
5 [ 1.80663882 -0.42876198  0.36623834]
6 [ 1.29791759 -0.94667569 -0.03520935]
7 [ 0.80487007 -0.52204877 -0.62250393]
8 [ 1.09508446 -0.72883615  0.02749771]
9 [ 0.65879489 -0.41421864 -0.13514529]
10 [ 0.79013631 -2.12879484 -0.37149797]
11 [-0.55606026  1.62843244 -0.05478488]
12 [-0.54229953  1.27405232 -0.13366988]
13 [-0.61705611  0.85720943 -0.0614666 ]
14 [-0.56616039  1.42879088 -0.0058974 ]
15 [-0.47432311 -0.20281764  0.06275712]
16 [-0.49485777  0.21731838 -0.10758531]
17 [-0.44905577 -0.48405186 -0.0335032 ]
18 [-0.69543581 -0.30447937 -0.29756648]
19 [-2.83985049 -0.05437404  0.18111041]
20 [-1.1573352  -0.71821224 -0.03675281]
21 [-1.3890015  -0.44662751  0.27143307]
22 [-1.55427768 -0.2463781   0.07954909]
23 [-1.52488608 -0.44364959 -0.05429645]
24 [-1.75887    -1.89396402  0.50079762]
25 [-1.77098025 -1.85249836  0.33121038]
