-xyz
refined.xyz
-dens
../../cube_files/fbuta/1_SCAN_1_2_3_4_F/B.d.cube
-esp
../../cube_files/fbuta/1_SCAN_1_2_3_4_F/B.p.cube
-stepsize
0.2
-n_steps
100
-learning_rate
0.5
   3.6022855678747248        2.4134799020525461       0.67701221930349953     
   3.4356557507240071      -0.46763265391066544      -0.74734530251917963     
   6.2108308627094297       -1.2454356243659890       0.13957560996823246     
   3.9464468756203437       -1.0180009087852990       0.11218440737760466     
   3.4140525736788780      -0.81024272307986855       0.69209014994240037     
   2.4527087826184810       -1.7889577745836269       -6.6536033176244222E-002
   1.5209839968401691      -0.98652920502471231       -1.1763619330174813     
   2.0694097135613077       -1.3773007227750662        5.1963135965103262E-002
   1.2449419155770425      -0.78275979427690778      -0.25538758381332888     
   1.4931412323225925       -4.0228392205687324      -0.70202942721079353     
  -1.0508015944436335        3.0772913308197940      -0.10352841519314496     
  -1.0247975822058184        2.4076099583458319      -0.25259946405409850     
  -1.1660670501880024        1.6198910486576867      -0.11615503347298861     
  -1.0698880751033359        2.7000234451075409       -1.1144467869382368E-002
 -0.89634077012066848      -0.38326978465837130       0.11859377101446784     
 -0.93514565211389156       0.41067221412376870      -0.20330677576482567     
 -0.84859242141465030      -0.91472545004258843       -6.3311867702930458E-002
  -1.3141832270948541      -0.57538261656410306      -0.56231916062564369     
  -5.3665396540177506      -0.10275204720567317       0.34224906516329778     
  -2.1870465626352416       -1.3572244414525703       -6.9452742803998033E-002
  -2.6248324309288962      -0.84400367933034515       0.51293415929117370     
  -2.9371591306306373      -0.46558712287969511       0.15032598749885354     
  -2.8816170633298741      -0.83837621463124634      -0.10260542865876228     
  -3.3237825964413434       -3.5790732866609587       0.94637034769260098     
  -3.3466676466322123       -3.5007145412172553       0.62589691098223510     
First
                         Total        3.964916215E-01
Step size:       0.20
Step size in Bohr:       0.38
Learning Rate:       1.00
# Steps:        100
                         Error  1        3.954807469E-01
                         Error  2        3.945247713E-01
                         Error  3        3.936197467E-01
                         Error  4        3.927620171E-01
                         Error  5        3.919481976E-01
                         Error  6        3.911751553E-01
                         Error  7        3.904399916E-01
                         Error  8        3.897400252E-01
                         Error  9        3.890727762E-01
                         Error 10        3.884359516E-01
                         Error 11        3.878274314E-01
                         Error 12        3.872452557E-01
                         Error 13        3.866876131E-01
                         Error 14        3.861528294E-01
                         Error 15        3.856393571E-01
                         Error 16        3.851457662E-01
                         Error 17        3.846707350E-01
                         Error 18        3.842130420E-01
                         Error 19        3.837715581E-01
                         Error 20        3.833452399E-01
                         Error 21        3.829331228E-01
                         Error 22        3.825343149E-01
                         Error 23        3.821479916E-01
                         Error 24        3.817733904E-01
                         Error 25        3.814098061E-01
                         Error 26        3.810565860E-01
                         Error 27        3.807131265E-01
                         Error 28        3.803788688E-01
                         Error 29        3.800532955E-01
                         Error 30        3.797359275E-01
                         Error 31        3.794263209E-01
                         Error 32        3.791240646E-01
                         Error 33        3.788287771E-01
                         Error 34        3.785401050E-01
                         Error 35        3.782577201E-01
                         Error 36        3.779813179E-01
                         Error 37        3.777106155E-01
                         Error 38        3.774453503E-01
                         Error 39        3.771852778E-01
                         Error 40        3.769301709E-01
                         Error 41        3.766798181E-01
                         Error 42        3.764340223E-01
                         Error 43        3.761925999E-01
                         Error 44        3.759553797E-01
                         Error 45        3.757222019E-01
                         Error 46        3.754929172E-01
                         Error 47        3.752673859E-01
                         Error 48        3.750454776E-01
                         Error 49        3.748270699E-01
                         Error 50        3.746120483E-01
                         Error 51        3.744003051E-01
                         Error 52        3.741917394E-01
                         Error 53        3.739862563E-01
                         Error 54        3.737837664E-01
                         Error 55        3.735841856E-01
                         Error 56        3.733874345E-01
                         Error 57        3.731934382E-01
                         Error 58        3.730021258E-01
                         Error 59        3.728134303E-01
                         Error 60        3.726272883E-01
                         Error 61        3.724436394E-01
                         Error 62        3.722624265E-01
                         Error 63        3.720835952E-01
                         Error 64        3.719070937E-01
                         Error 65        3.717328726E-01
                         Error 66        3.715608848E-01
                         Error 67        3.713910853E-01
                         Error 68        3.712234311E-01
                         Error 69        3.710578809E-01
                         Error 70        3.708943951E-01
                         Error 71        3.707329357E-01
                         Error 72        3.705734662E-01
                         Error 73        3.704159515E-01
                         Error 74        3.702603577E-01
                         Error 75        3.701066521E-01
                         Error 76        3.699548032E-01
                         Error 77        3.698047805E-01
                         Error 78        3.696565544E-01
                         Error 79        3.695100965E-01
                         Error 80        3.693653789E-01
                         Error 81        3.692223748E-01
                         Error 82        3.690810580E-01
                         Error 83        3.689414032E-01
                         Error 84        3.688033856E-01
                         Error 85        3.686669812E-01
                         Error 86        3.685321665E-01
                         Error 87        3.683989186E-01
                         Error 88        3.682672152E-01
                         Error 89        3.681370344E-01
                         Error 90        3.680083550E-01
                         Error 91        3.678811561E-01
                         Error 92        3.677554174E-01
                         Error 93        3.676311187E-01
                         Error 94        3.675082407E-01
                         Error 95        3.673867640E-01
                         Error 96        3.672666700E-01
                         Error 97        3.671479402E-01
                         Error 98        3.670305565E-01
                         Error 99        3.669145011E-01
                         Error100        3.667997566E-01
                         Error        3.667997566E-01
