-xyz
global_fitted_global.xyz
-dens
/home/unibas/boittier/RDKit_G2/B.pdb/SCAN_1_2_3_4_S_36_10.0/27_SCAN/B.d.cube
-esp
/home/unibas/boittier/RDKit_G2/B.pdb/SCAN_1_2_3_4_S_36_10.0/27_SCAN/B.p.cube
-stepsize
0.2
-n_steps
0
-learning_rate
0.5
  -3.2551434726449995       0.76266706367135761       -3.3093639692055583     
  -3.1371290084664656       0.75109663311347963      -0.31925575970980147     
  -2.7359220097848937       -3.3409757862563776E-002 -0.84181134035464344     
  -5.9239132688293443        7.7389231015898091E-002  0.22237669311969069     
  -2.8826328585550431      -0.34802453770968778      -0.74517678653629038     
  -1.1428619487696094       0.20298564833973634        1.0208268832972112     
  -2.0716862198766295      -0.49532465792819358        3.3954570990779738     
  -2.7104396921232352       0.14093770667734698        1.3281925454386836     
  -2.0647634347910642       0.11435541042585125        1.1651813154578015     
   2.0215223233499109       -1.3754261289650211       -7.5594469397578565E-002
   2.0582586348543397       -1.5592040855198654       -5.5779512965982846E-002
   2.2648453571644693       -2.9991707644121646      -0.34802587727197809     
   1.9891454093615601       -2.3212350096162773      -0.25739478368652607     
  0.73645071034112841       0.68665853694851120       0.36430157114377387     
   1.1398478599027306       0.48902530037402420       0.55793951774486694     
  0.98970471971418861       0.65718391721034330      -0.69802110699696918     
   1.3751966929032413      -0.52908873328481487        4.8714771714099521E-003
   2.4632540399661380        1.6591923487138707       0.88180012683431963     
   2.0278274684426436        1.7183033269363293      -0.96598761496582797     
   4.7392560732194511        1.7690420151374253      -0.71270884579196114     
   1.5531260749331388        4.1746035248105056       0.27823308593272794     
First
                         Total        1.169022761E+00
Step size:       0.20
Step size in Bohr:       0.38
Learning Rate:       1.00
# Steps:          0
                         Error        1.169022761E+00
