Running in analysis mode

Reading "/home/unibas/boittier/RDKit_G2/B.pdb/SCAN_1_2_3_4_S_36_10.0/30_SCAN/B.p.cube"...

  B.pdb Potential
  Electrostatic potential from Total SCF Density
   10   -9.413586   -8.106829   -7.088591
  118    0.166667    0.000000    0.000000
   92    0.000000    0.166667    0.000000
   87    0.000000    0.000000    0.166667
    6    6.000000   -2.900834   -1.594077   -0.444089
    6    6.000000   -0.981170   -0.123348    0.217007
    6    6.000000    1.651554   -0.892415    0.721509
    6    6.000000    3.627887   -0.026169   -0.575839
    1    1.000000   -4.733411   -0.802947   -0.886687
    1    1.000000   -2.656898   -3.621594   -0.512276
    9    9.000000   -1.316440    2.435651    0.221758
    1    1.000000    1.906156   -2.387034    2.105439
    1    1.000000    3.427840    1.422042   -2.011894
    1    1.000000    5.519652   -0.715274   -0.201937
  1.33307E-03  1.37391E-03  1.41557E-03  1.45798E-03  1.50111E-03  1.54489E-03
       .            .            .            .            .            .
       .            .            .            .            .            .
       .            .            .            .            .            .
 -8.41155E-04 -8.41628E-04 -8.41226E-04 -8.40003E-04 -8.38010E-04 -8.35297E-04

790011 out of 944472 gridpoints are considered (83.6%).

...done!

Reading "21charges.cube"...

  Fitted ESP
  Electrostatic potential fitted from 21 point charges.
   10   -9.413586   -8.106829   -7.088591
  118    0.166667    0.000000    0.000000
   92    0.000000    0.166667    0.000000
   87    0.000000    0.000000    0.166667
    6    6.000000   -2.900834   -1.594077   -0.444089
    6    6.000000   -0.981170   -0.123348    0.217007
    6    6.000000    1.651554   -0.892415    0.721509
    6    6.000000    3.627887   -0.026169   -0.575839
    1    1.000000   -4.733411   -0.802947   -0.886687
    1    1.000000   -2.656898   -3.621594   -0.512276
    9    9.000000   -1.316440    2.435651    0.221758
    1    1.000000    1.906156   -2.387034    2.105439
    1    1.000000    3.427840    1.422042   -2.011894
    1    1.000000    5.519652   -0.715274   -0.201937
  1.59452E-03  1.63739E-03  1.68103E-03  1.72539E-03  1.77044E-03  1.81610E-03
       .            .            .            .            .            .
       .            .            .            .            .            .
       .            .            .            .            .            .
 -1.25322E-03 -1.25021E-03 -1.24624E-03 -1.24135E-03 -1.23561E-03 -1.22908E-03

790011 out of 944472 gridpoints are considered (83.6%).

...done!

                       Measure       RMSE[kcal/mol/e]   MaxError[kcal/mol/e]   NPoints
                         Total        6.625073386E-01        6.306783918E+00    790011
Close (  1.20 < r <   1.66 )          1.200338517E+00        6.306783918E+00    155930
Mid-range ( 1.66 < r <  2.20)         5.479956691E-01        1.703876461E+00    276721
Far-range (  2.20         < r)        3.302836586E-01        8.240266094E-01    357360
Did analysis and wrote slice data
