-xyz
refined.xyz
-dens
/home/unibas/boittier/RDKit_G2/B.pdb/SCAN_1_2_3_4_S_36_10.0/31_SCAN/B.d.cube
-esp
/home/unibas/boittier/RDKit_G2/B.pdb/SCAN_1_2_3_4_S_36_10.0/31_SCAN/B.p.cube
-stepsize
0.2
-n_steps
0
-learning_rate
0.5
   3.5763412217400719        2.8569907208294723      -0.21145533281062448     
   3.0722324526640099       -5.6494956063534517E-002 -0.59119943651739526     
   2.8144713852340408       0.37977861354027814       0.31048621868289267     
   5.8164258507647997       -1.0081959918220444      -0.11891801153272875     
   2.9296319272071587       0.18324263015157671       0.58581890627449107     
   1.0039680782578306       -1.2367985554572472       0.23850912433802066     
   1.6214836788058569       -3.7803259001493168        3.6583141228777018E-002
   2.4700040908582603       -1.8230073973244643        5.5775220503023179E-002
   1.8874984438903020       -1.4949487035731301       0.10353994592949464     
  -1.4279995002823651        1.5300897852213062       0.28148236629622558     
  -1.3909742694434515        1.7169293639812677       0.30779703489361809     
  -1.1286012341726785        3.1579035682390750       0.11882683984221394     
  -1.1084790289151496        2.4264630687744657       0.10056017515221996     
 -0.92419893385770890      -0.88396851941263899       0.24643190001216689     
  -1.1453076606985759      -0.56457348903991666       0.56623410196431156     
  -1.4645680359527815      -0.61418815429083662      -0.66772749634196338     
  -1.1485376481164404       0.52174849808455526       0.13313277763943959     
  -2.8367597592165019      -0.86705894501452374        1.0907404368086659     
  -2.8290288997438240       -1.1870373593024601      -0.73481745618377892     
  -5.2381620830248705      -0.15490993851047485      -0.10080548040661563     
  -3.0907218277020534       -3.5885177189907713       0.69362103890346860     
First
                         Total        4.673381778E+00
Step size:       0.20
Step size in Bohr:       0.38
Learning Rate:       1.00
# Steps:          0
                         Error        4.673381778E+00
