-xyz
refined.xyz
-dens
/home/unibas/boittier/RDKit_G2/B.pdb/SCAN_1_2_3_4_S_36_10.0/23_SCAN_1_2_3_4_F/B.d.cube
-esp
/home/unibas/boittier/RDKit_G2/B.pdb/SCAN_1_2_3_4_S_36_10.0/23_SCAN_1_2_3_4_F/B.p.cube
-stepsize
0.2
-n_steps
0
-learning_rate
0.5
  -3.4812455896645340        2.1283334143485804       -2.0425297277194026     
  -3.5474151477964697       0.26067199392740303       0.61290043725838084     
  -6.3629599636751220      -0.63874224806868130        7.6031387717073212E-002
  -4.0780349001703451      -0.59137766343849396        6.9707864393833266E-002
  -3.5221385999683776      -0.69585584816265056      -0.51592123244604171     
  -2.6310406631606815       -1.0845206542757284        1.0253803966217747     
  -1.7170044784029423       -1.0083361822301469      -0.35391289807992349     
  -2.0578712377082859       -1.1200700237240662        1.0001849647065009     
  -1.1582621636956578      -0.97816878763119308       0.45405486695482850     
  -1.8356228950192324       -3.0261404481480794        2.2637438835942256     
   2.9991388907877932       -2.2750148207974004      -0.48009586337856436     
   2.5144823605861863       -1.7891930420027047      -0.50146813235674426     
   2.1472136587479982       -1.1083450899581624      -0.25522639595184893     
   2.7946982446768316       -1.9815703116195840      -0.32737229837299958     
  0.72210415711901665       0.21456730712275102       0.37559172966000998     
   1.1778694571869825      -0.34865933875398686       -8.3236576944859156E-002
  0.30188511273947982       0.58307030119723147       0.30186121651105907     
  0.73266064025593980       0.64571722110910845      -0.32379399498779154     
   4.1739809671876431        2.9875709159384161      -0.31753212559655447     
  0.97327802578854605        1.8036045777748033       0.14267957503648274     
   1.7774237932829808        1.6954184915899584       0.51128760026077069     
   2.1413061892807463        1.6366411953445357        2.5112143124026570E-002
   1.7935531762121577        1.8849525896987347      -0.12798985811723185     
  0.65360325304229017        4.1696284187812767        1.3805606257440524     
  0.63061067704708063        4.1383897422945504        1.0521363137828894     
First
                         Total        1.313353405E+00
Step size:       0.20
Step size in Bohr:       0.38
Learning Rate:       1.00
# Steps:          0
                         Error        1.313353405E+00
