-xyz
refined.xyz
-dens
/home/unibas/boittier/RDKit_G2/B.pdb/SCAN_1_2_3_4_S_36_-10.0/23_SCAN/B.d.cube
-esp
/home/unibas/boittier/RDKit_G2/B.pdb/SCAN_1_2_3_4_S_36_-10.0/23_SCAN/B.p.cube
-stepsize
0.2
-n_steps
0
-learning_rate
0.5
   3.5246850963176395        2.3187592435057329       -2.2422701470600126     
   3.0953866979571347      -0.19096769149641676      -0.70920204298297329     
   2.8959536624960891       0.69806724392686503      -0.21965555471533341     
   5.9176583486238687      -0.63908553576173677       0.13251351687650634     
   3.0379394977097740       0.69876174830002480       0.10827122417420182     
   1.2715399468911031      -0.42644505474737543       0.29197486741207207     
   1.8122162570957590       -2.8067745096840322        2.1093176580723578     
   2.7131811929534781      -0.94929921082938640       0.74013630831982402     
   2.0772131456586775      -0.81830274031432437       0.57399970241043641     
  -2.3019318410881682       -1.0112904302014987      -0.43401660407309617     
  -2.3727071960976542       -1.1814947151987341      -0.48965167213254251     
  -3.0585843924041805       -2.4886048904327325      -0.53427748280113629     
  -2.6099102065176787       -1.9293998966622521      -0.38688335706472005     
 -0.46654481599033237       0.58873649242138115        6.8293184210545976E-002
 -0.77471102741063225       0.50142332258543854      -0.31976054840580254     
  -1.2092769878895715       0.62738245677336490       0.87285705620082021     
  -1.4968689579044629      -0.38803650346485979       -8.5171991719464379E-002
  -1.5222220709742527        2.1236022614472034      -0.78115547378640260     
  -1.9773864659299440        1.8398706030817984        1.0403470158761288     
  -4.1734478628370271        2.7766525463365643      -0.28463602632289509     
 -0.41468338693396345        4.1517948268944771       0.73450732866380786     
First
                         Total        1.514929700E+00
Step size:       0.20
Step size in Bohr:       0.38
Learning Rate:       1.00
# Steps:          0
                         Error        1.514929700E+00
