-xyz
refined.xyz
-dens
/home/unibas/boittier/RDKit_G2/B.pdb/SCAN_1_2_3_4_S_36_10.0/5_SCAN/B.d.cube
-esp
/home/unibas/boittier/RDKit_G2/B.pdb/SCAN_1_2_3_4_S_36_10.0/5_SCAN/B.p.cube
-stepsize
0.2
-n_steps
10
-learning_rate
0.5
  -4.1496047694137221        2.8525743737201479        8.7353132057823690E-002
  -3.4544447761440487      -0.66424427966805433       0.74960899331950770     
  -3.6956967889741938      -0.84804217989049069        9.2266279230730844E-002
  -6.1959050316814190       -1.3799648021982309       0.15497546249315336     
  -3.4694705497410561      -0.70533995413912065      -0.52047936906234649     
  -1.7211645973755580      -0.36152338330373868       0.14235849329992178     
  -1.4318999037127385       -6.7599504894227086E-002  0.12340699472506557     
  -1.7417140403982385       -2.6753764196559375        1.8580194186209698E-002
  -1.7727447713389790       -2.6804457468036404      -0.51096125625068656     
  -1.8148036465524440       -2.7036354206611430       0.53123753293071874     
   3.5095404786953144       -2.1940796544561247      -0.43840362666456412     
   2.8973554431935797       -1.5695604062909418      -0.27473423565688943     
  0.64829975003433205       0.84583413734651491      -0.74009446751524166     
  0.35943471981107922       0.96928807102201597      -0.49858926908676754     
   1.0505494123221781        1.0056926495791489       0.51280666718879564     
   1.5064851837515514      -0.10645675498822232      -0.27027985057698928     
   4.1463417576544455        3.3056141716904985       0.65401650909806164     
   1.9346809444064876        2.0776494068913673       0.42737400999151215     
   1.6988610131058206        2.1504145484918520      -0.24073010794180616     
   1.7828846991342917        2.0299422006864773        1.1148922980991152     
 -0.55542971732424040        4.2588501444610030       -8.0387626619366298E-002
First
                         Total        7.658494744E+00
Step size:       0.20
Step size in Bohr:       0.38
Learning Rate:       1.00
# Steps:         10
                         Error  1        7.611879474E+00
                         Error  2        7.565564351E+00
                         Error  3        7.519552267E+00
                         Error  4        7.473846106E+00
                         Error  5        7.428448735E+00
                         Error  6        7.383363005E+00
                         Error  7        7.338591749E+00
                         Error  8        7.294137777E+00
                         Error  9        7.250003879E+00
                         Error 10        7.206192816E+00
                         Error        7.206192816E+00
