atom_charge_dict:  {0: [0, 1], 2: [2, 3], 3: [4, 5], 4: [6], 6: [7, 8, 9], 1: [10, 11, 12], 5: [13, 14, 15, 16], 7: [17, 18], 9: [19], 8: [20, 21], 10: [22, 23]}
2
2 [2, 3] [ 0.01893731 -0.1040784   0.13499136]
2 [2, 3] [ 0.1018775  -0.22880622  0.24348127]
0
0 [0, 1] [ 0.06607268 -0.32261414  0.1286047 ]
0 [0, 1] [ 0.31064124 -0.2901167   0.3351644 ]
1
1 [10, 11, 12] [-0.5035226  -0.05899611  0.28066683]
1 [10, 11, 12] [0.22610868 0.12807347 0.06412884]
1 [10, 11, 12] [0.34960465 0.27355786 0.34807437]
3
3 [4, 5] [-0.13922848 -0.06523613 -0.02803308]
3 [4, 5] [-0.40570053 -0.08627438  0.03464224]
0
4
4 [6] [0.09934976 0.13869725 0.34223845]
6
6 [7, 8, 9] [ 0.12548679 -0.21178036 -0.07019782]
6 [7, 8, 9] [-0.23588691 -0.29952739  0.09342179]
6 [7, 8, 9] [ 0.20069342  0.02298755 -0.08898268]
1
5
5 [13, 14, 15, 16] [ 0.29741482  0.0652604  -0.17632577]
5 [13, 14, 15, 16] [ 0.02149302 -0.03664479  0.21113776]
5 [13, 14, 15, 16] [-0.1850408  -0.12377226  0.05369396]
5 [13, 14, 15, 16] [-0.16500817 -0.05266365 -0.19060371]
8
8 [20, 21] [-0.1939934  -0.0353072   0.23931618]
8 [20, 21] [-0.20027212 -0.0978249   0.29637163]
7
7 [17, 18] [-0.28808314 -0.12875986  0.20774021]
7 [17, 18] [ 0.43264062 -0.33041067  0.11206392]
9
9 [19] [ 0.37332962 -0.01930236 -0.3562662 ]
10
10 [22, 23] [0.07822356 0.23929179 0.33833799]
10 [22, 23] [-0.01356114  0.02234183  0.077688  ]
7
5
RMSD using the Kabsch algorithm: 1.2229734191423582
1 [1.24294381 0.83449381 0.08594457]
2 [1.48751236 0.86699125 0.29250427]
3 [ 0.55300496  1.7411671  -0.46517526]
4 [ 0.63594515  1.61643927 -0.35668536]
5 [ 2.00994558  1.02364821 -0.55788795]
6 [ 1.74347354  1.00260995 -0.49521264]
7 [1.39898307 1.70617615 1.30721018]
8 [ 1.25233693 -1.46843233 -0.2597088 ]
9 [ 0.89096323 -1.55617936 -0.0960892 ]
10 [ 1.32754357 -1.23366441 -0.27849367]
11 [ 0.05163434 -0.26511584  0.34073795]
12 [ 0.78126562 -0.07804626  0.12419995]
13 [0.9047616  0.06743813 0.40814549]
14 [-0.43765066 -0.14785664  0.40953773]
15 [-0.71357247 -0.24976183  0.79700126]
16 [-0.92010628 -0.3368893   0.63955746]
17 [-0.90007365 -0.26578069  0.39525979]
18 [-2.13904321  0.01647753 -0.07345493]
19 [-1.41831945 -0.18517328 -0.16913121]
20 [-2.35983624  0.07772489 -0.00351364]
21 [-1.92848374  1.12422703 -0.43920568]
22 [-1.93476245  1.06170933 -0.38215024]
23 [-1.85767947 -0.3380763  -0.75895973]
24 [-1.94946418 -0.55502626 -1.01960973]
