-xyz
refined.xyz
-dens
../../cube_files/ester/13_SCAN_1_2_6_8_F/O.d.cube
-esp
../../cube_files/ester/13_SCAN_1_2_6_8_F/O.p.cube
-stepsize
0.2
-n_steps
200
-learning_rate
0.5
   2.3488233851540290        1.5769647526624049       0.16241169112147019     
   2.8109909727170437        1.6383760198958508       0.55275296223704817     
   1.0450279271538425        3.2903289488557559      -0.87905384883602278     
   1.2017621650043471        3.0546275172443353      -0.67403763555816065     
   3.7982466796661831        1.9344147617105223       -1.0542554366397130     
   3.2946874917299533        1.8946582217379251      -0.93581625906256205     
   2.6436948609174187        3.2242056438615991        2.4702692233119006     
   2.3665738148217614       -2.7749349403937997      -0.49077851370984849     
   1.6836764885788611       -2.9407527940898293      -0.18158226688545331     
   2.5086937605811848       -2.3312878731098126      -0.52627676038040461     
   9.7574763764642858E-002 -0.50099633029946500       0.64390140223631898     
   1.4763780533306550      -0.14748605564456610       0.23470389252624954     
   1.7097516308542888       0.12743958990416210       0.77128319093062003     
 -0.82703989221978602      -0.27940855054526570       0.77391415204665182     
  -1.3484565319066950      -0.47198145551291487        1.5061140967100843     
  -1.7387488728413660      -0.63662851647554508        1.2085884431108975     
  -1.7008926894051044      -0.50225271550920603       0.74693274390533804     
  -4.0422058351915897        3.1138017489262110E-002 -0.13880969146169106     
  -2.6802353238673424      -0.34992678412659373      -0.31961166400679214     
  -4.4594441990631264       0.14687875651679733       -6.6398151214904430E-003
  -3.6443060991569358        2.1244811842378999      -0.82997845620816035     
  -3.6561711507431305        2.0063398598221025      -0.72215928645219984     
  -3.5105054328660930      -0.63887161803766401       -1.4342260353667262     
  -3.6839533923263685       -1.0488476164670615       -1.9267831405742049     
First
                         Total        1.133822928E+00
Step size:       0.20
Step size in Bohr:       0.38
Learning Rate:       1.00
# Steps:        200
                         Error  1        1.121699349E+00
                         Error  2        1.110228081E+00
                         Error  3        1.099373488E+00
                         Error  4        1.089101308E+00
                         Error  5        1.079378680E+00
                         Error  6        1.070174154E+00
                         Error  7        1.061457695E+00
                         Error  8        1.053200678E+00
                         Error  9        1.045375870E+00
                         Error 10        1.037957409E+00
                         Error 11        1.030920777E+00
                         Error 12        1.024242765E+00
                         Error 13        1.017901434E+00
                         Error 14        1.011876078E+00
                         Error 15        1.006147173E+00
                         Error 16        1.000696339E+00
                         Error 17        9.955062864E-01
                         Error 18        9.905607698E-01
                         Error 19        9.858445403E-01
                         Error 20        9.813432955E-01
                         Error 21        9.770436326E-01
                         Error 22        9.729330005E-01
                         Error 23        9.689996537E-01
                         Error 24        9.652326076E-01
                         Error 25        9.616215944E-01
                         Error 26        9.581570215E-01
                         Error 27        9.548299310E-01
                         Error 28        9.516319605E-01
                         Error 29        9.485553068E-01
                         Error 30        9.455926901E-01
                         Error 31        9.427373206E-01
                         Error 32        9.399828672E-01
                         Error 33        9.373234266E-01
                         Error 34        9.347534957E-01
                         Error 35        9.322679443E-01
                         Error 36        9.298619904E-01
                         Error 37        9.275311759E-01
                         Error 38        9.252713450E-01
                         Error 39        9.230786229E-01
                         Error 40        9.209493967E-01
                         Error 41        9.188802966E-01
                         Error 42        9.168681796E-01
                         Error 43        9.149101127E-01
                         Error 44        9.130033588E-01
                         Error 45        9.111453624E-01
                         Error 46        9.093337367E-01
                         Error 47        9.075662521E-01
                         Error 48        9.058408243E-01
                         Error 49        9.041555042E-01
                         Error 50        9.025084686E-01
                         Error 51        9.008980106E-01
                         Error 52        8.993225316E-01
                         Error 53        8.977805336E-01
                         Error 54        8.962706119E-01
                         Error 55        8.947914485E-01
                         Error 56        8.933418058E-01
                         Error 57        8.919205209E-01
                         Error 58        8.905265006E-01
                         Error 59        8.891587159E-01
                         Error 60        8.878161979E-01
                         Error 61        8.864980335E-01
                         Error 62        8.852033612E-01
                         Error 63        8.839313679E-01
                         Error 64        8.826812851E-01
                         Error 65        8.814523861E-01
                         Error 66        8.802439831E-01
                         Error 67        8.790554243E-01
                         Error 68        8.778860916E-01
                         Error 69        8.767353985E-01
                         Error 70        8.756027875E-01
                         Error 71        8.744877286E-01
                         Error 72        8.733897171E-01
                         Error 73        8.723082723E-01
                         Error 74        8.712429356E-01
                         Error 75        8.701932694E-01
                         Error 76        8.691588553E-01
                         Error 77        8.681392933E-01
                         Error 78        8.671342004E-01
                         Error 79        8.661432098E-01
                         Error 80        8.651659694E-01
                         Error 81        8.642021415E-01
                         Error 82        8.632514014E-01
                         Error 83        8.623134371E-01
                         Error 84        8.613879482E-01
                         Error 85        8.604746455E-01
                         Error 86        8.595732500E-01
                         Error 87        8.586834928E-01
                         Error 88        8.578051140E-01
                         Error 89        8.569378628E-01
                         Error 90        8.560814966E-01
                         Error 91        8.552357805E-01
                         Error 92        8.544004875E-01
                         Error 93        8.535753972E-01
                         Error 94        8.527602963E-01
                         Error 95        8.519549778E-01
                         Error 96        8.511592408E-01
                         Error 97        8.503728901E-01
                         Error 98        8.495957363E-01
                         Error 99        8.488275951E-01
                         Error100        8.480682873E-01
                         Error101        8.473176387E-01
                         Error102        8.465754794E-01
                         Error103        8.458416443E-01
                         Error104        8.451159724E-01
                         Error105        8.443983068E-01
                         Error106        8.436884944E-01
                         Error107        8.429863862E-01
                         Error108        8.422918365E-01
                         Error109        8.416047035E-01
                         Error110        8.409248483E-01
                         Error111        8.402521357E-01
                         Error112        8.395864334E-01
                         Error113        8.389276123E-01
                         Error114        8.382755461E-01
                         Error115        8.376301113E-01
                         Error116        8.369911875E-01
                         Error117        8.363586567E-01
                         Error118        8.357324034E-01
                         Error119        8.351123149E-01
                         Error120        8.344982808E-01
                         Error121        8.338901931E-01
                         Error122        8.332879460E-01
                         Error123        8.326914361E-01
                         Error124        8.321005621E-01
                         Error125        8.315152248E-01
                         Error126        8.309353272E-01
                         Error127        8.303607740E-01
                         Error128        8.297914723E-01
                         Error129        8.292273307E-01
                         Error130        8.286682600E-01
                         Error131        8.281141725E-01
                         Error132        8.275649826E-01
                         Error133        8.270206061E-01
                         Error134        8.264809607E-01
                         Error135        8.259459657E-01
                         Error136        8.254155421E-01
                         Error137        8.248896122E-01
                         Error138        8.243681002E-01
                         Error139        8.238509315E-01
                         Error140        8.233380332E-01
                         Error141        8.228293336E-01
                         Error142        8.223247626E-01
                         Error143        8.218242514E-01
                         Error144        8.213277325E-01
                         Error145        8.208351399E-01
                         Error146        8.203464086E-01
                         Error147        8.198614750E-01
                         Error148        8.193802769E-01
                         Error149        8.189027530E-01
                         Error150        8.184288434E-01
                         Error151        8.179584892E-01
                         Error152        8.174916328E-01
                         Error153        8.170282176E-01
                         Error154        8.165681881E-01
                         Error155        8.161114899E-01
                         Error156        8.156580696E-01
                         Error157        8.152078748E-01
                         Error158        8.147608541E-01
                         Error159        8.143169573E-01
                         Error160        8.138761348E-01
                         Error161        8.134383381E-01
                         Error162        8.130035198E-01
                         Error163        8.125716331E-01
                         Error164        8.121426322E-01
                         Error165        8.117164723E-01
                         Error166        8.112931093E-01
                         Error167        8.108724999E-01
                         Error168        8.104546018E-01
                         Error169        8.100393732E-01
                         Error170        8.096267735E-01
                         Error171        8.092167625E-01
                         Error172        8.088093008E-01
                         Error173        8.084043501E-01
                         Error174        8.080018723E-01
                         Error175        8.076018304E-01
                         Error176        8.072041878E-01
                         Error177        8.068089090E-01
                         Error178        8.064159586E-01
                         Error179        8.060253024E-01
                         Error180        8.056369065E-01
                         Error181        8.052507377E-01
                         Error182        8.048667636E-01
                         Error183        8.044849520E-01
                         Error184        8.041052718E-01
                         Error185        8.037276920E-01
                         Error186        8.033521826E-01
                         Error187        8.029787138E-01
                         Error188        8.026072566E-01
                         Error189        8.022377824E-01
                         Error190        8.018702632E-01
                         Error191        8.015046715E-01
                         Error192        8.011409802E-01
                         Error193        8.007791628E-01
                         Error194        8.004191934E-01
                         Error195        8.000610463E-01
                         Error196        7.997046966E-01
                         Error197        7.993501194E-01
                         Error198        7.989972908E-01
                         Error199        7.986461869E-01
                         Error200        7.982967845E-01
                         Error        7.982967845E-01
