-xyz
refined.xyz
-dens
/home/unibas/boittier/RDKit_G2/B.pdb/SCAN_1_2_3_4_S_36_10.0/18_SCAN/B.d.cube
-esp
/home/unibas/boittier/RDKit_G2/B.pdb/SCAN_1_2_3_4_S_36_10.0/18_SCAN/B.p.cube
-stepsize
0.2
-n_steps
10
-learning_rate
0.5
  -3.9083624685059570        2.9582710862922115        8.7590827382792891E-002
  -3.1997650325765452        7.1502576834338499E-002  0.55255362517389095     
  -2.9486545740661185       0.52114727781398906      -0.34425685833089786     
  -5.8646403753153979       -1.0546942542815403        2.0079711398970100E-002
  -3.0453498257764338       0.31747507457719715      -0.62145349508030223     
  -1.1932474379707319      -0.64898775306627832       0.23807201257840174     
  -1.5496343552424814       -3.5594306666938280       -3.1196678076855812E-002
  -2.6358741273853461       -1.3156902743903858        7.4721678264839247E-002
  -1.9959956913516264       -1.1194253248513972       0.11023021175015295     
   2.4717967721404128      -0.86465779453140790       0.15919394849855978     
   2.5682523611495194       -1.0286058315009572       0.18876044843586101     
   3.3653092920611387       -2.2592792622772628        1.2566025288420608E-002
   2.8455954835084669       -1.7439574809901084       -4.4863359334812525E-003
  0.43790583895685620       0.55036267353562485       0.14814995943879486     
  0.82907233663475854       0.48099016542309364       0.45669091193969402     
  0.98285918300626207       0.69424734741349925      -0.79124882235992888     
   1.5625633332567779      -0.32067799449913842        2.4478022710559710E-002
   1.5372304844366043        2.0813633173203341       0.97212073719614789     
   1.5912592910373096        2.0331303616882570      -0.92522153468481105     
   3.9481954646552504        3.0412376403911279        1.5601331764476605E-003
  -1.7036977285616334E-002   4.1424403693450786       -1.0661526123818290E-002
First
                         Total        1.596374377E+00
Step size:       0.20
Step size in Bohr:       0.38
Learning Rate:       1.00
# Steps:         10
                         Error  1        1.555866217E+00
                         Error  2        1.516477020E+00
                         Error  3        1.478199719E+00
                         Error  4        1.441025750E+00
                         Error  5        1.404945171E+00
                         Error  6        1.369946769E+00
                         Error  7        1.336018167E+00
                         Error  8        1.303145922E+00
                         Error  9        1.271315620E+00
                         Error 10        1.240511959E+00
                         Error        1.240511959E+00
