Running in analysis mode

Reading "/home/unibas/boittier/RDKit_G2/B.pdb/SCAN_1_2_3_4_S_36_10.0/8_SCAN/B.p.cube"...

  B.pdb Potential
  Electrostatic potential from Total SCF Density
   10  -10.169673   -8.444001   -7.173433
  117    0.166667    0.000000    0.000000
   94    0.000000    0.166667    0.000000
   89    0.000000    0.000000    0.166667
    6    6.000000    2.607115   -1.931249   -0.256489
    6    6.000000    0.950154   -0.102132    0.154980
    6    6.000000   -1.727268   -0.329024    0.941267
    6    6.000000   -3.656921   -0.152869   -0.660680
    1    1.000000    4.539954   -1.509232   -0.775905
    1    1.000000    2.029543   -3.883635   -0.089435
    9    9.000000    1.713498    2.358771   -0.053462
    1    1.000000   -2.071525   -0.577436    2.951771
    1    1.000000   -3.363149    0.114576   -2.671680
    1    1.000000   -5.594793   -0.281577   -0.008077
  1.92504E-03  1.95144E-03  1.97782E-03  2.00417E-03  2.03048E-03  2.05672E-03
       .            .            .            .            .            .
       .            .            .            .            .            .
       .            .            .            .            .            .
 -3.68453E-03 -3.60626E-03 -3.52883E-03 -3.45229E-03 -3.37672E-03 -3.30215E-03

824121 out of 978822 gridpoints are considered (84.2%).

...done!

Reading "21charges.cube"...

  Fitted ESP
  Electrostatic potential fitted from 21 point charges.
   10  -10.169673   -8.444001   -7.173433
  117    0.166667    0.000000    0.000000
   94    0.000000    0.166667    0.000000
   89    0.000000    0.000000    0.166667
    6    6.000000    2.607115   -1.931249   -0.256489
    6    6.000000    0.950154   -0.102132    0.154980
    6    6.000000   -1.727268   -0.329024    0.941267
    6    6.000000   -3.656921   -0.152869   -0.660680
    1    1.000000    4.539954   -1.509232   -0.775905
    1    1.000000    2.029543   -3.883635   -0.089435
    9    9.000000    1.713498    2.358771   -0.053462
    1    1.000000   -2.071525   -0.577436    2.951771
    1    1.000000   -3.363149    0.114576   -2.671680
    1    1.000000   -5.594793   -0.281577   -0.008077
  2.24542E-03  2.27351E-03  2.30152E-03  2.32942E-03  2.35721E-03  2.38487E-03
       .            .            .            .            .            .
       .            .            .            .            .            .
       .            .            .            .            .            .
 -3.86530E-03 -3.78859E-03 -3.71260E-03 -3.63739E-03 -3.56303E-03 -3.48956E-03

824121 out of 978822 gridpoints are considered (84.2%).

...done!

                       Measure       RMSE[kcal/mol/e]   MaxError[kcal/mol/e]   NPoints
                         Total        1.001434275E+00        7.945399395E+00    824121
Close (  1.20 < r <   1.66 )          1.725804319E+00        7.945399395E+00    156522
Mid-range ( 1.66 < r <  2.20)         9.446333593E-01        3.119399771E+00    278923
Far-range (  2.20         < r)        5.353864084E-01        1.660983114E+00    388676
Did analysis and wrote slice data
