-xyz
refined.xyz
-dens
/home/unibas/boittier/RDKit_G2/B.pdb/SCAN_1_2_3_4_S_36_10.0/19_SCAN/B.d.cube
-esp
/home/unibas/boittier/RDKit_G2/B.pdb/SCAN_1_2_3_4_S_36_10.0/19_SCAN/B.p.cube
-stepsize
0.2
-n_steps
10
-learning_rate
0.5
  -4.0143970427562623        2.9504437080180352      -0.52421799891415111     
  -3.5269923924055679      -0.46273445556889592       0.68115547138268073     
  -3.7370369769623175      -0.71969637333231795        3.7777284851539840E-002
  -6.2598505781204379       -1.1349572537882449        4.3322611651887749E-002
  -3.4681405866586030      -0.66583402709590156      -0.57197106077443116     
  -1.7358051134219967      -0.32191038617177475       0.28233579691453248     
  -1.4337178564211692       -4.0898278812201025E-002  0.26819531345694297     
  -1.8705463334282928       -2.6168513875005468       0.32162054793011213     
  -1.8701364963962162       -2.6885652718097721      -0.20398358342936385     
  -1.9753361724211336       -2.5762611461916158       0.82791071235020908     
   3.4194746586542033       -2.3211322850495750      -0.33109588429211201     
   2.8051839304480595       -1.7317444679661260      -0.20391151974435384     
  0.67702560962666491       0.79922976421419545      -0.59057364364224352     
  0.39572445485755009       0.92890247115351821      -0.34346376991316063     
   1.0888174035166656       0.90656844075666188       0.66335853045819793     
   1.4855656876823575      -0.20583968398594416      -0.15096154363626785     
   4.2582684332076468        3.2583691908381294       -4.9351624345661843E-002
   2.0114469788003224        2.0785645244525850        5.8149188832396892E-002
   1.7209220238741787        2.0778699479845484      -0.59213050972733794     
   1.9179958336922354        2.1180080743458611       0.75651196270771282     
 -0.37599273055284460        4.2367250817661892       0.22387337252896838     
First
                         Total        6.541970399E-01
Step size:       0.20
Step size in Bohr:       0.38
Learning Rate:       1.00
# Steps:         10
                         Error  1        6.398735435E-01
                         Error  2        6.261975218E-01
                         Error  3        6.131490389E-01
                         Error  4        6.007082078E-01
                         Error  5        5.888552172E-01
                         Error  6        5.775703580E-01
                         Error  7        5.668340497E-01
                         Error  8        5.566268663E-01
                         Error  9        5.469295621E-01
                         Error 10        5.377230977E-01
                         Error        5.377230977E-01
