Running in analysis mode

Reading "/home/unibas/boittier/RDKit_G2/B.pdb/SCAN_1_2_3_4_S_36_10.0/16_SCAN/B.p.cube"...

  B.pdb Potential
  Electrostatic potential from Total SCF Density
   10   -8.152891   -7.529655   -6.699362
  112    0.166667    0.000000    0.000000
  100    0.000000    0.166667    0.000000
   82    0.000000    0.000000    0.166667
    6    6.000000   -1.640138    2.479675    0.110031
    6    6.000000   -0.907951    0.077305    0.056265
    6    6.000000    1.624142   -1.016903    0.244954
    6    6.000000    3.790781    0.199887   -0.186610
    1    1.000000   -3.612400    2.977323   -0.084376
    1    1.000000   -0.268624    3.969654    0.372284
    9    9.000000   -2.711457   -1.755430   -0.185894
    1    1.000000    1.649241   -2.996750    0.785372
    1    1.000000    3.843924    2.155193   -0.797186
    1    1.000000    5.589970   -0.746333    0.049109
 -4.79388E-03 -4.89169E-03 -4.99058E-03 -5.09045E-03 -5.19121E-03 -5.29272E-03
       .            .            .            .            .            .
       .            .            .            .            .            .
       .            .            .            .            .            .
  2.52881E-03  2.48185E-03  2.43536E-03  2.38938E-03  2.34393E-03  2.29905E-03

764369 out of 918400 gridpoints are considered (83.2%).

...done!

Reading "21charges.cube"...

  Fitted ESP
  Electrostatic potential fitted from 21 point charges.
   10   -8.152891   -7.529655   -6.699362
  112    0.166667    0.000000    0.000000
  100    0.000000    0.166667    0.000000
   82    0.000000    0.000000    0.166667
    6    6.000000   -1.640138    2.479675    0.110031
    6    6.000000   -0.907951    0.077305    0.056265
    6    6.000000    1.624142   -1.016903    0.244954
    6    6.000000    3.790781    0.199887   -0.186610
    1    1.000000   -3.612400    2.977323   -0.084376
    1    1.000000   -0.268624    3.969654    0.372284
    9    9.000000   -2.711457   -1.755430   -0.185894
    1    1.000000    1.649241   -2.996750    0.785372
    1    1.000000    3.843924    2.155193   -0.797186
    1    1.000000    5.589970   -0.746333    0.049109
 -4.90122E-03 -5.00238E-03 -5.10470E-03 -5.20809E-03 -5.31243E-03 -5.41760E-03
       .            .            .            .            .            .
       .            .            .            .            .            .
       .            .            .            .            .            .
  2.54987E-03  2.50429E-03  2.45912E-03  2.41438E-03  2.37011E-03  2.32635E-03

764369 out of 918400 gridpoints are considered (83.2%).

...done!

                       Measure       RMSE[kcal/mol/e]   MaxError[kcal/mol/e]   NPoints
                         Total        4.315525897E-01        6.300006816E+00    764369
Close (  1.20 < r <   1.66 )          8.848663096E-01        6.300006816E+00    154832
Mid-range ( 1.66 < r <  2.20)         2.443055117E-01        1.102515312E+00    279962
Far-range (  2.20         < r)        1.157155163E-01        5.286698250E-01    329575
Did analysis and wrote slice data
