-xyz
refined.xyz
-dens
/home/unibas/boittier/RDKit_G2/B.pdb/SCAN_1_2_3_4_S_36_10.0/19_SCAN/B.d.cube
-esp
/home/unibas/boittier/RDKit_G2/B.pdb/SCAN_1_2_3_4_S_36_10.0/19_SCAN/B.p.cube
-stepsize
0.2
-n_steps
100
-learning_rate
0.5
  -4.0156694780576112        2.9458190167810332      -0.52355776057768488     
  -3.5315558481870175      -0.44935916007981630       0.67896477157219837     
  -3.7283465983742525      -0.74222677389476233        4.1127609315382653E-002
  -6.2594949863525562       -1.1366498646097376        4.3594890557356818E-002
  -3.4740074758984911      -0.64891239079527541      -0.57419512882304102     
  -1.7570925351670745      -0.27020610597168099       0.28416313987353853     
  -1.4157159244102742       -8.5404494549817800E-002  0.26631748091849206     
  -1.8326243756923155       -2.6559510086531781       0.32845309367769959     
  -1.8858188834730663       -2.6710207881798476      -0.20782820251736200     
  -1.9906572892207126       -2.5590888851252847       0.82571465483988815     
   3.4302084809361992       -2.3365538034761504      -0.33160439222318916     
   2.7678189360730783       -1.6734984074594168      -0.20171349239881542     
  0.65234449621594637       0.87152237802524257      -0.58393693806035363     
  0.41724587270875718       0.86327278607105262      -0.34705682841106600     
   1.0796526539055251       0.93406335377010286       0.66327095257117052     
   1.5209440536880710      -0.28111298666409290      -0.15368258609187943     
   4.2510364429008831        3.2472535062665839       -4.9091860418627536E-002
   2.0201821407300833        1.9854680451490185        5.4259932789094870E-002
   1.7117536713342874        2.1382768061208735      -0.58364428704861804     
   1.9101451186527227        2.1709184714132097       0.75350230859391454     
 -0.37295341415825223        4.2265865224994164       0.22317125188769779     
First
                         Total        4.346727257E+00
Step size:       0.20
Step size in Bohr:       0.38
Learning Rate:       1.00
# Steps:        100
                         Error  1        4.278787249E+00
                         Error  2        4.211011762E+00
                         Error  3        4.143408435E+00
                         Error  4        4.075985362E+00
                         Error  5        4.008751122E+00
                         Error  6        3.941714809E+00
                         Error  7        3.874886074E+00
                         Error  8        3.808275158E+00
                         Error  9        3.741892935E+00
                         Error 10        3.675750952E+00
                         Error 11        3.609861479E+00
                         Error 12        3.544237551E+00
                         Error 13        3.478893020E+00
                         Error 14        3.413842608E+00
                         Error 15        3.349101955E+00
                         Error 16        3.284687674E+00
                         Error 17        3.220617403E+00
                         Error 18        3.156909855E+00
                         Error 19        3.093584861E+00
                         Error 20        3.030663415E+00
                         Error 21        2.968167701E+00
                         Error 22        2.906121113E+00
                         Error 23        2.844548261E+00
                         Error 24        2.783474950E+00
                         Error 25        2.722928143E+00
                         Error 26        2.662935889E+00
                         Error 27        2.603527223E+00
                         Error 28        2.544732028E+00
                         Error 29        2.486580865E+00
                         Error 30        2.429104763E+00
                         Error 31        2.372334981E+00
                         Error 32        2.316302749E+00
                         Error 33        2.261038984E+00
                         Error 34        2.206574005E+00
                         Error 35        2.152937253E+00
                         Error 36        2.100157027E+00
                         Error 37        2.048260237E+00
                         Error 38        1.997272198E+00
                         Error 39        1.947216454E+00
                         Error 40        1.898114640E+00
                         Error 41        1.849986385E+00
                         Error 42        1.802849235E+00
                         Error 43        1.756718625E+00
                         Error 44        1.711607856E+00
                         Error 45        1.667528106E+00
                         Error 46        1.624488446E+00
                         Error 47        1.582495876E+00
                         Error 48        1.541555367E+00
                         Error 49        1.501669914E+00
                         Error 50        1.462840593E+00
                         Error 51        1.425066623E+00
                         Error 52        1.388345443E+00
                         Error 53        1.352672783E+00
                         Error 54        1.318042747E+00
                         Error 55        1.284447898E+00
                         Error 56        1.251879344E+00
                         Error 57        1.220326831E+00
                         Error 58        1.189778828E+00
                         Error 59        1.160222627E+00
                         Error 60        1.131644421E+00
                         Error 61        1.104029403E+00
                         Error 62        1.077361842E+00
                         Error 63        1.051625170E+00
                         Error 64        1.026802061E+00
                         Error 65        1.002874504E+00
                         Error 66        9.798238789E-01
                         Error 67        9.576310220E-01
                         Error 68        9.362762961E-01
                         Error 69        9.157396530E-01
                         Error 70        8.960006946E-01
                         Error 71        8.770387327E-01
                         Error 72        8.588328456E-01
                         Error 73        8.413619333E-01
                         Error 74        8.246047703E-01
                         Error 75        8.085400565E-01
                         Error 76        7.931464666E-01
                         Error 77        7.784026967E-01
                         Error 78        7.642875101E-01
                         Error 79        7.507797798E-01
                         Error 80        7.378585304E-01
                         Error 81        7.255029767E-01
                         Error 82        7.136925611E-01
                         Error 83        7.024069888E-01
                         Error 84        6.916262603E-01
                         Error 85        6.813307022E-01
                         Error 86        6.715009956E-01
                         Error 87        6.621182024E-01
                         Error 88        6.531637888E-01
                         Error 89        6.446196471E-01
                         Error 90        6.364681144E-01
                         Error 91        6.286919894E-01
                         Error 92        6.212745468E-01
                         Error 93        6.141995492E-01
                         Error 94        6.074512565E-01
                         Error 95        6.010144336E-01
                         Error 96        5.948743552E-01
                         Error 97        5.890168089E-01
                         Error 98        5.834280964E-01
                         Error 99        5.780950322E-01
                         Error100        5.730049412E-01
                         Error        5.730049412E-01
