-xyz
global_0_fit.xyz
-dens
/home/unibas/boittier/RDKit_G2/B.pdb/SCAN_1_2_3_4_S_36_10.0/0_SCAN_1_2_3_4_F/B.d.cube
-esp
/home/unibas/boittier/RDKit_G2/B.pdb/SCAN_1_2_3_4_S_36_10.0/0_SCAN_1_2_3_4_F/B.p.cube
-stepsize
0.2
-n_steps
5
-learning_rate
0.5
  -3.6555553503009675        2.4514911076332857        6.7581877941682604E-003
  -3.3586082079188104      -0.63648839524238687       0.83159691783145129     
  -6.2074050172613955       -1.2858578254769089        1.1620131410772038E-002
  -3.9501029555849709       -1.0303428862531430       -6.1496982514905769E-002
  -3.4748935748630725      -0.71329681468772899      -0.64163115639697244     
  -2.4159165490762367       -1.8382820586623296      -0.21702708979531005     
  -1.5616134313754546       -1.0157060577329036       0.93936865536207037     
  -2.0330044121313104       -1.4211187792895512      -0.31589493823058401     
  -1.2368136321290197      -0.81198447494613180        3.4428015102762506E-002
  -1.4337790988569763       -4.0952233991198312       -3.9307340605970506E-002
   1.0072761561185029        3.0801947007025983       -8.7403190696709824E-003
  0.98182107633487947        2.4109652399136423       0.14244001902001294     
   1.1411917316744640        1.6245946029204159        1.8757193242332715E-002
   1.0366542189526129        2.7027719139786885       -9.7729725981728660E-002
  0.91213168151486201      -0.38136877978441197      -0.21948311387756800     
  0.92188583304402305       0.41461420843386865        9.9555468912254808E-002
  0.86124452975518528      -0.91252331927538555       -3.7548940522927302E-002
   1.2930747563474965      -0.56435531618130685       0.48517310069966885     
   5.3880186784272412       -4.1810376470516462E-002   4.3159228275732847E-002
   2.1993331088995669       -1.3357432483364424       0.14295721175329312     
   2.6896460235574886      -0.82737797002099456      -0.40053566805827218     
   2.9569170024337206      -0.43734521487246497       -1.4955044122231793E-002
   2.8797309623354517      -0.80595473363310732       0.23842267261995126     
   3.4661402841597817       -3.5594444217010550      -0.70058254431360423     
   3.4539447843023079       -3.4745539482236794      -0.38118949579389089     
First
                         Total        3.504487779E-01
Step size:       0.20
Step size in Bohr:       0.38
Learning Rate:       1.00
# Steps:          5
                         Error  1        3.504417008E-01
                         Error  2        3.504350963E-01
                         Error  3        3.504289218E-01
                         Error  4        3.504231390E-01
                         Error  5        3.504177132E-01
                         Error        3.504177132E-01
