-xyz
refined.xyz
-dens
../../cube_files/fbuta/17_SCAN_1_2_3_4_F/B.d.cube
-esp
../../cube_files/fbuta/17_SCAN_1_2_3_4_F/B.p.cube
-stepsize
0.2
-n_steps
100
-learning_rate
0.5
  -3.5740147035149832        2.4088980145604539       0.69454436380740592     
  -3.2994261111014294      -0.73493888940856922       0.85112853088649432     
  -6.2058024674159071       -1.2553894956979008       0.17353146536711495     
  -3.9248177291791140       -1.0259476791427702        4.6447403306192910E-002
  -3.5532104930209232      -0.55327513444579535      -0.63265727244485004     
  -2.4503079973595430       -1.7228234938139395      -0.52225877077156102     
  -1.6090569208139642      -0.98505841144505424       0.68747232432094763     
  -1.9791388106283789       -1.4170240692855838      -0.53455115608728110     
  -1.2557956602212474      -0.78030213995746978      -0.20533696572333118     
  -1.4941923676402089       -4.0724267063003348      -0.75113150684775143     
   1.0548999518349425        3.0204817936222885      -0.10981395358040751     
  0.97966966094033148        2.3713234113770176        1.4093857250558684E-002
   1.1490409853262298        1.5602983293325698       -7.5644359266228742E-002
   1.0495709288708468        2.6441209911621226      -0.21019339561752012     
  0.91311066733326063      -0.37987438627636072      -0.30004467992219269     
  0.91170674231405369       0.37584293046109385       -1.0319733499939988E-002
  0.84205792049804162      -0.90451069986774035      -0.14486637661438578     
   1.2503141294008453      -0.56561291822291848       0.38276675410084038     
   5.3479887211701822      -0.11063455632691428       0.43165783588960310     
   2.1490087909509441       -1.3410352253126878       0.21129433637769943     
   2.6977440747314563      -0.85085383514728685      -0.26824089494554632     
   2.9004314021656903      -0.48275836001399108       0.12265371360244993     
   2.8105427046773537      -0.82165461345759916       0.35220143549428623     
   3.4560410848847423       -3.6012961434636899      -0.42898915883242977     
   3.4351628013237132       -3.4843055834702876      -0.13318783864852049     
First
                         Total        4.970493800E-01
Step size:       0.20
Step size in Bohr:       0.38
Learning Rate:       1.00
# Steps:        100
                         Error  1        4.954691430E-01
                         Error  2        4.939707142E-01
                         Error  3        4.925481310E-01
                         Error  4        4.911958761E-01
                         Error  5        4.899088469E-01
                         Error  6        4.886823262E-01
                         Error  7        4.875119549E-01
                         Error  8        4.863937055E-01
                         Error  9        4.853238590E-01
                         Error 10        4.842989811E-01
                         Error 11        4.833159017E-01
                         Error 12        4.823716951E-01
                         Error 13        4.814636613E-01
                         Error 14        4.805893091E-01
                         Error 15        4.797463402E-01
                         Error 16        4.789326342E-01
                         Error 17        4.781462351E-01
                         Error 18        4.773853385E-01
                         Error 19        4.766482796E-01
                         Error 20        4.759335228E-01
                         Error 21        4.752396510E-01
                         Error 22        4.745653567E-01
                         Error 23        4.739094334E-01
                         Error 24        4.732707673E-01
                         Error 25        4.726483303E-01
                         Error 26        4.720411728E-01
                         Error 27        4.714484181E-01
                         Error 28        4.708692560E-01
                         Error 29        4.703029378E-01
                         Error 30        4.697487714E-01
                         Error 31        4.692061167E-01
                         Error 32        4.686743814E-01
                         Error 33        4.681530176E-01
                         Error 34        4.676415176E-01
                         Error 35        4.671394111E-01
                         Error 36        4.666462623E-01
                         Error 37        4.661616669E-01
                         Error 38        4.656852495E-01
                         Error 39        4.652166617E-01
                         Error 40        4.647555796E-01
                         Error 41        4.643017021E-01
                         Error 42        4.638547488E-01
                         Error 43        4.634144586E-01
                         Error 44        4.629805880E-01
                         Error 45        4.625529099E-01
                         Error 46        4.621312121E-01
                         Error 47        4.617152962E-01
                         Error 48        4.613049766E-01
                         Error 49        4.609000794E-01
                         Error 50        4.605004414E-01
                         Error 51        4.601059097E-01
                         Error 52        4.597163401E-01
                         Error 53        4.593315972E-01
                         Error 54        4.589515533E-01
                         Error 55        4.585760881E-01
                         Error 56        4.582050877E-01
                         Error 57        4.578384445E-01
                         Error 58        4.574760566E-01
                         Error 59        4.571178274E-01
                         Error 60        4.567636649E-01
                         Error 61        4.564134819E-01
                         Error 62        4.560671953E-01
                         Error 63        4.557247258E-01
                         Error 64        4.553859977E-01
                         Error 65        4.550509386E-01
                         Error 66        4.547194792E-01
                         Error 67        4.543915532E-01
                         Error 68        4.540670968E-01
                         Error 69        4.537460486E-01
                         Error 70        4.534283498E-01
                         Error 71        4.531139434E-01
                         Error 72        4.528027746E-01
                         Error 73        4.524947906E-01
                         Error 74        4.521899401E-01
                         Error 75        4.518881735E-01
                         Error 76        4.515894428E-01
                         Error 77        4.512937015E-01
                         Error 78        4.510009042E-01
                         Error 79        4.507110071E-01
                         Error 80        4.504239673E-01
                         Error 81        4.501397432E-01
                         Error 82        4.498582942E-01
                         Error 83        4.495795807E-01
                         Error 84        4.493035642E-01
                         Error 85        4.490302067E-01
                         Error 86        4.487594715E-01
                         Error 87        4.484913225E-01
                         Error 88        4.482257243E-01
                         Error 89        4.479626425E-01
                         Error 90        4.477020431E-01
                         Error 91        4.474438929E-01
                         Error 92        4.471881594E-01
                         Error 93        4.469348106E-01
                         Error 94        4.466838151E-01
                         Error 95        4.464351422E-01
                         Error 96        4.461887615E-01
                         Error 97        4.459446434E-01
                         Error 98        4.457027585E-01
                         Error 99        4.454630783E-01
                         Error100        4.452255743E-01
                         Error        4.452255743E-01
