-xyz
refined.xyz
-dens
/home/unibas/boittier/RDKit_G2/B.pdb/SCAN_1_2_3_4_S_36_10.0/31_SCAN/B.d.cube
-esp
/home/unibas/boittier/RDKit_G2/B.pdb/SCAN_1_2_3_4_S_36_10.0/31_SCAN/B.p.cube
-stepsize
0.2
-n_steps
10
-learning_rate
0.5
  -3.4139641827671157        2.2689010885360061        2.0179342597645986     
  -2.9414367200266951      -0.39619819294054159       0.76194906845562071     
  -2.8276964295528102       0.44876311835249372       0.17662062086627006     
  -5.7795002092364882       -1.0723601676250105       0.20362182616766047     
  -2.9934464864047294       0.41049335804193582      -0.13759691142495889     
 -0.99056543499407912       -1.0518822528070810      -0.74038790150890155     
  -1.7540611376558339       -3.2049625597360443       -1.8796467201433820     
  -2.5030478871880248       -1.5635367253687331      -0.79473752142191967     
  -1.9054373805363782       -1.2641182650251928      -0.74538706839619462     
   1.5559615667365823        1.6153045791322374      -0.31857799045315266     
   1.5252151632052997        1.8016230284472678      -0.35595326985730713     
   1.2895284230384421        3.2544908295275961      -0.23542015335083100     
   1.2364282065564558        2.5246190697506923      -0.21499112052342947     
  0.96445907484158111      -0.78706265261885600      -0.35958441403396535     
   1.2559905812166134      -0.48118726428343733      -0.63247802106597906     
   1.3238486058629546      -0.52071485598396494       0.64043810272876955     
   1.2146219202128579       0.61162146717081223      -0.21829620987846837     
   2.9293104267129131       -1.2594850656681109      -0.62296674040306188     
   2.4802011286570100       -1.0949617787320842        1.2145277910373997     
   5.0864109460046647      -0.36932043888900451       0.87244655463485632     
   2.8115143489194048       -3.7847813406118798       0.48928335295957082     
First
                         Total        5.017110733E-01
Step size:       0.20
Step size in Bohr:       0.38
Learning Rate:       1.00
# Steps:         10
                         Error  1        4.966281891E-01
                         Error  2        4.917983941E-01
                         Error  3        4.872105746E-01
                         Error  4        4.828539352E-01
                         Error  5        4.787180033E-01
                         Error  6        4.747926331E-01
                         Error  7        4.710680074E-01
                         Error  8        4.675346397E-01
                         Error  9        4.641833737E-01
                         Error 10        4.610053829E-01
                         Error        4.610053829E-01
