atom_charge_dict:  {0: [0, 1, 2], 2: [3], 3: [4], 4: [5, 6], 6: [7, 8, 9], 1: [10, 11], 8: [12, 14, 15], 5: [13], 9: [16, 17, 18], 7: [19, 20], 10: [21, 22], 11: [23, 24, 25, 26], 12: [27, 28, 29]}
2
2 [3] [ 0.00129753 -0.00773545 -0.16176658]
0
0 [0, 1, 2] [-0.14843957 -0.39447107  0.37808606]
0 [0, 1, 2] [ 0.26960866  0.06645902 -0.22282881]
0 [0, 1, 2] [-0.06320462 -0.12601116 -0.54016991]
3
3 [4] [-0.29467073  0.22692476  0.12679501]
4
4 [5, 6] [-0.0104781  -0.01017772  0.11855037]
4 [5, 6] [-0.20632327  0.30308968 -0.16256997]
0
1
1 [10, 11] [-0.35955159 -0.09476212  0.13984517]
1 [10, 11] [ 0.30686206  0.17414085 -0.13762629]
6
6 [7, 8, 9] [-0.26689469  0.07623922  0.15252331]
6 [7, 8, 9] [ 0.27045826  0.17302528 -0.08910499]
6 [7, 8, 9] [-0.01562971  0.14653198  0.05159992]
1
5
5 [13] [-0.27302497 -0.4535205   0.07911273]
8
8 [12, 14, 15] [-0.11410329 -0.16543978  0.50440929]
8 [12, 14, 15] [ 0.01070694  0.00673724 -0.08072628]
8 [12, 14, 15] [ 0.01537925 -0.04952592  0.05205693]
5
7
7 [19, 20] [-0.39840045 -0.11874046  0.36575563]
7 [19, 20] [-0.21537824  0.44640164  0.03211634]
9
9 [16, 17, 18] [0.03463227 0.11879677 0.03615894]
9 [16, 17, 18] [0.08711166 0.02298377 0.38768868]
9 [16, 17, 18] [ 0.05011673  0.23932955 -0.05335454]
5
8
10
10 [21, 22] [-0.08650567 -0.48201157 -0.01713236]
10 [21, 22] [-0.05741929 -0.28832535 -0.01995733]
7
11
11 [23, 24, 25, 26] [-0.3832146   0.24344306  0.17820698]
11 [23, 24, 25, 26] [ 0.23956576 -0.11871148 -0.13835855]
11 [23, 24, 25, 26] [-0.03997496 -0.02755943 -0.09480862]
11 [23, 24, 25, 26] [ 0.12947967 -0.00883803 -0.01527023]
12
12 [27, 28, 29] [ 0.01265584 -0.12460962  0.44397689]
12 [27, 28, 29] [ 0.14961164  0.20159596 -0.32125299]
12 [27, 28, 29] [0.0450086  0.01640919 0.0570622 ]
7
5
RMSD using the Kabsch algorithm: 1.2781851993179443
1 [-2.66691144 -1.25009048  0.50320625]
2 [-2.24886322 -0.78916039 -0.09770861]
3 [-2.58167649 -0.98163057 -0.41504971]
4 [-2.78914963 -1.41906586 -0.94223598]
5 [-3.6987563  -0.14308162  0.66253169]
6 [-2.13953127 -1.59156868  0.96808107]
7 [-2.33537644 -1.27830128  0.68696073]
8 [-1.8876162   1.44928314  0.17564411]
9 [-1.35026325  1.5460692  -0.06598419]
10 [-1.63635122  1.5195759   0.07472072]
11 [-1.82619422  0.07445493 -0.04661087]
12 [-1.15978057  0.3433579  -0.32408233]
13 [-0.1608275  -0.0371858  -1.29684201]
14 [-0.44769201 -0.80418123 -0.74656691]
15 [-0.03601728  0.13499122 -1.88197759]
16 [-0.03134496  0.07872807 -1.74919438]
17 [-0.18565089 -1.3125815  -0.93805539]
18 [-0.1331715  -1.4083945  -0.58652565]
19 [-0.17016642 -1.19204872 -1.02756887]
20 [ 0.65764104 -0.18207237  0.35665061]
21 [0.84066325 0.38306974 0.02301132]
22 [1.26485469 0.79775379 0.09207178]
23 [1.29394108 0.99144001 0.08924681]
24 [ 1.79194629 -0.43068345 -0.39765983]
25 [ 2.41472665 -0.792838   -0.71422537]
26 [ 2.13518594 -0.70168595 -0.67067544]
27 [ 2.30464057 -0.68296454 -0.59113704]
28 [ 0.95044533 -0.6987074   1.72868635]
29 [ 1.08740113 -0.37250182  0.96345647]
30 [ 0.98279809 -0.55768859  1.34177166]
