-xyz
refined.xyz
-dens
../../cube_files/fbutone/8_SCAN_1_2_6_8_F/N.d.cube
-esp
../../cube_files/fbutone/8_SCAN_1_2_6_8_F/N.p.cube
-stepsize
0.2
-n_steps
1
-learning_rate
0.5
  -5.0397322303938656       -2.3623286340476870       0.95092200243383662     
  -4.2497355757323021       -1.4912970061006268      -0.18464252089034069     
  -4.8786615196006284       -1.8550129400630155      -0.78433028386265347     
  -5.2707289198785894       -2.6816458266818932       -1.7805679529112066     
  -6.9896364071157526      -0.27038507828711972        1.2520034427902458     
  -4.0431281342320018       -3.0076289150701476        1.8294080835378248     
  -4.4132218804498864       -2.4156393200789452        1.2981676450746134     
  -3.5670776474000689        2.7387482104654173       0.33191926871296495     
  -2.5516277397984855        2.9216473683325899      -0.12469204238853733     
  -3.0922556464598774        2.8715822833355120       0.14120169328707724     
  -3.4510069307888540       0.14069942219119697       -8.8081783141345987E-002
  -2.1916676489092306       0.64885238808689438      -0.61242685377886352     
 -0.30391992669832957       -7.0270974993590224E-002  -2.4506762353717733     
 -0.84601528660724978       -1.5196822788497786       -1.4108069894178044     
  -6.8062785859390906E-002  0.25509643439466639       -3.5564222133826644     
  -5.9233389579641249E-002  0.14877448502152765       -3.3054983108798162     
 -0.35082933449754489       -2.4804195609664710       -1.7726677780190074     
 -0.25165765870425572       -2.6614798861945022       -1.1083728352570685     
 -0.32156793783048626       -2.2526456161365860       -1.9418237392735269     
   1.2427614592372278      -0.34406690493864156       0.67397197705028056     
   1.5886233143551944       0.72389689398761214        4.3485088089064129E-002
   2.3902289556253247        1.5075361734673960       0.17399045228088336     
   2.4451942579129264        1.8735500916959003       0.16865202737304757     
   3.3862877289422788      -0.81387377465862587      -0.75146817633130614     
   4.5631720313807103       -1.4982466777217267       -1.3496903339199009     
   4.0349166455128236       -1.3259942664045272       -1.2673928940645189     
   4.3551394865676407       -1.2906159425958688       -1.1170871126654522     
   1.7960813683786403       -1.3203656193834696        3.2667437655495699     
   2.0548903216036862      -0.70392641772010867        1.8206688679514647     
   1.8572192192106474       -1.0538786906746933        2.5355809597506829     
First
                         Total        4.024632581E+00
Step size:       0.20
Step size in Bohr:       0.38
Learning Rate:       1.00
# Steps:          1
                         Error  1        3.960013255E+00
                         Error        3.960013255E+00
