-xyz
refined.xyz
-dens
../../cube_files/ester/17_SCAN_1_2_6_8_F/O.d.cube
-esp
../../cube_files/ester/17_SCAN_1_2_6_8_F/O.p.cube
-stepsize
0.2
-n_steps
200
-learning_rate
0.5
   3.0403559136241154      -0.70222389095382098      -0.30495265444804986     
   3.3053326217072647      -0.83959338204663647      -0.82957906789568003     
   3.3348796054787013       -1.7592792200864777        1.8075967620292797     
   3.2184725503641225       -1.6747890975440030        1.4452520038358181     
   4.6670198637369493       0.22022290646423615       -3.4224713924567801E-002
   4.2307638018548088        4.5236273599349064E-002  0.11623397826353640     
   3.6009979746523584       -3.1765692334248303       -1.6318929742721475     
  0.58332686272237233        3.0538925788085223        1.5862516422502991E-002
  -5.1627655290869143E-002   2.8149447603915170       -9.1192885329904633E-002
   1.0131256156450763        2.8551798387874752       -3.8871163402260504E-003
  -1.0106356516935680E-002 -0.23808707041902571       -2.9107004237466514E-002
   1.3027403013939116       0.24558991361059038      -0.38613124620989281     
   1.5212424193819063      -0.23524377292031656      -0.83653752175593832     
 -0.55388934153383595      -0.93501446294902835      -0.15988134011570793     
  -1.1213689608230486       -1.3251714034068607      -0.76079351764842540     
  -1.5503202828188134       -1.3191586979652894      -0.30886775184618664     
  -1.2389129524779066       -1.3507332364895634        4.2108558139064348E-002
  -3.9940423961994429      -0.82970802111907582       -2.3552626500772660E-002
  -2.7703948497000579      -0.26710156057566892      -0.40796267862061197     
  -4.3354310072216871       -1.0863221937797662       0.10518125286427046     
  -3.7952423656254317        3.9984617880697668E-002   2.0235147252140622     
  -3.7700832971236831      -0.11114796099170987        1.8775502192029438     
  -3.8199118048556739       0.50542430230871582      -0.71896620619287355     
  -4.0999792620977864        1.0020150526791158       -1.1230598411544603     
First
                         Total        8.234130804E-01
Step size:       0.20
Step size in Bohr:       0.38
Learning Rate:       1.00
# Steps:        200
                         Error  1        8.189245117E-01
                         Error  2        8.146596135E-01
                         Error  3        8.106044468E-01
                         Error  4        8.067458813E-01
                         Error  5        8.030715597E-01
                         Error  6        7.995698623E-01
                         Error  7        7.962298716E-01
                         Error  8        7.930413379E-01
                         Error  9        7.899946445E-01
                         Error 10        7.870807750E-01
                         Error 11        7.842912806E-01
                         Error 12        7.816182490E-01
                         Error 13        7.790542737E-01
                         Error 14        7.765924254E-01
                         Error 15        7.742262236E-01
                         Error 16        7.719496103E-01
                         Error 17        7.697569245E-01
                         Error 18        7.676428775E-01
                         Error 19        7.656025304E-01
                         Error 20        7.636312720E-01
                         Error 21        7.617247980E-01
                         Error 22        7.598790915E-01
                         Error 23        7.580904047E-01
                         Error 24        7.563552413E-01
                         Error 25        7.546703398E-01
                         Error 26        7.530326588E-01
                         Error 27        7.514393618E-01
                         Error 28        7.498878037E-01
                         Error 29        7.483755185E-01
                         Error 30        7.469002067E-01
                         Error 31        7.454597242E-01
                         Error 32        7.440520723E-01
                         Error 33        7.426753871E-01
                         Error 34        7.413279310E-01
                         Error 35        7.400080836E-01
                         Error 36        7.387143339E-01
                         Error 37        7.374452728E-01
                         Error 38        7.361995861E-01
                         Error 39        7.349760479E-01
                         Error 40        7.337735146E-01
                         Error 41        7.325909193E-01
                         Error 42        7.314272662E-01
                         Error 43        7.302816260E-01
                         Error 44        7.291531311E-01
                         Error 45        7.280409716E-01
                         Error 46        7.269443909E-01
                         Error 47        7.258626824E-01
                         Error 48        7.247951855E-01
                         Error 49        7.237412833E-01
                         Error 50        7.227003985E-01
                         Error 51        7.216719915E-01
                         Error 52        7.206555574E-01
                         Error 53        7.196506236E-01
                         Error 54        7.186567478E-01
                         Error 55        7.176735154E-01
                         Error 56        7.167005383E-01
                         Error 57        7.157374524E-01
                         Error 58        7.147839163E-01
                         Error 59        7.138396097E-01
                         Error 60        7.129042318E-01
                         Error 61        7.119775003E-01
                         Error 62        7.110591495E-01
                         Error 63        7.101489297E-01
                         Error 64        7.092466062E-01
                         Error 65        7.083519576E-01
                         Error 66        7.074647756E-01
                         Error 67        7.065848636E-01
                         Error 68        7.057120363E-01
                         Error 69        7.048461186E-01
                         Error 70        7.039869452E-01
                         Error 71        7.031343595E-01
                         Error 72        7.022882137E-01
                         Error 73        7.014483675E-01
                         Error 74        7.006146880E-01
                         Error 75        6.997870492E-01
                         Error 76        6.989653312E-01
                         Error 77        6.981494203E-01
                         Error 78        6.973392082E-01
                         Error 79        6.965345917E-01
                         Error 80        6.957354727E-01
                         Error 81        6.949417573E-01
                         Error 82        6.941533559E-01
                         Error 83        6.933701830E-01
                         Error 84        6.925921566E-01
                         Error 85        6.918191983E-01
                         Error 86        6.910512329E-01
                         Error 87        6.902881880E-01
                         Error 88        6.895299943E-01
                         Error 89        6.887765852E-01
                         Error 90        6.880278962E-01
                         Error 91        6.872838656E-01
                         Error 92        6.865444335E-01
                         Error 93        6.858095424E-01
                         Error 94        6.850791364E-01
                         Error 95        6.843531617E-01
                         Error 96        6.836315661E-01
                         Error 97        6.829142989E-01
                         Error 98        6.822013109E-01
                         Error 99        6.814925547E-01
                         Error100        6.807879837E-01
                         Error101        6.800875530E-01
                         Error102        6.793912186E-01
                         Error103        6.786989378E-01
                         Error104        6.780106690E-01
                         Error105        6.773263714E-01
                         Error106        6.766460054E-01
                         Error107        6.759695321E-01
                         Error108        6.752969136E-01
                         Error109        6.746281127E-01
                         Error110        6.739630931E-01
                         Error111        6.733018192E-01
                         Error112        6.726442560E-01
                         Error113        6.719903693E-01
                         Error114        6.713401255E-01
                         Error115        6.706934915E-01
                         Error116        6.700504349E-01
                         Error117        6.694109239E-01
                         Error118        6.687749271E-01
                         Error119        6.681424137E-01
                         Error120        6.675133532E-01
                         Error121        6.668877159E-01
                         Error122        6.662654723E-01
                         Error123        6.656465933E-01
                         Error124        6.650310505E-01
                         Error125        6.644188156E-01
                         Error126        6.638098609E-01
                         Error127        6.632041589E-01
                         Error128        6.626016825E-01
                         Error129        6.620024051E-01
                         Error130        6.614063003E-01
                         Error131        6.608133420E-01
                         Error132        6.602235045E-01
                         Error133        6.596367624E-01
                         Error134        6.590530906E-01
                         Error135        6.584724643E-01
                         Error136        6.578948588E-01
                         Error137        6.573202501E-01
                         Error138        6.567486139E-01
                         Error139        6.561799267E-01
                         Error140        6.556141649E-01
                         Error141        6.550513053E-01
                         Error142        6.544913250E-01
                         Error143        6.539342012E-01
                         Error144        6.533799113E-01
                         Error145        6.528284332E-01
                         Error146        6.522797447E-01
                         Error147        6.517338241E-01
                         Error148        6.511906497E-01
                         Error149        6.506502001E-01
                         Error150        6.501124541E-01
                         Error151        6.495773907E-01
                         Error152        6.490449892E-01
                         Error153        6.485152289E-01
                         Error154        6.479880894E-01
                         Error155        6.474635507E-01
                         Error156        6.469415925E-01
                         Error157        6.464221952E-01
                         Error158        6.459053390E-01
                         Error159        6.453910046E-01
                         Error160        6.448791725E-01
                         Error161        6.443698237E-01
                         Error162        6.438629393E-01
                         Error163        6.433585005E-01
                         Error164        6.428564887E-01
                         Error165        6.423568855E-01
                         Error166        6.418596725E-01
                         Error167        6.413648317E-01
                         Error168        6.408723452E-01
                         Error169        6.403821951E-01
                         Error170        6.398943639E-01
                         Error171        6.394088339E-01
                         Error172        6.389255880E-01
                         Error173        6.384446090E-01
                         Error174        6.379658798E-01
                         Error175        6.374893835E-01
                         Error176        6.370151034E-01
                         Error177        6.365430229E-01
                         Error178        6.360731257E-01
                         Error179        6.356053953E-01
                         Error180        6.351398157E-01
                         Error181        6.346763707E-01
                         Error182        6.342150446E-01
                         Error183        6.337558216E-01
                         Error184        6.332986860E-01
                         Error185        6.328436223E-01
                         Error186        6.323906153E-01
                         Error187        6.319396497E-01
                         Error188        6.314907105E-01
                         Error189        6.310437825E-01
                         Error190        6.305988511E-01
                         Error191        6.301559015E-01
                         Error192        6.297149191E-01
                         Error193        6.292758895E-01
                         Error194        6.288387983E-01
                         Error195        6.284036313E-01
                         Error196        6.279703744E-01
                         Error197        6.275390136E-01
                         Error198        6.271095350E-01
                         Error199        6.266819249E-01
                         Error200        6.262561697E-01
                         Error        6.262561697E-01
