-xyz
refined.xyz
-dens
/home/unibas/boittier/RDKit_G2/B.pdb/SCAN_1_2_3_4_S_36_10.0/32_SCAN_1_2_3_4_F/B.d.cube
-esp
/home/unibas/boittier/RDKit_G2/B.pdb/SCAN_1_2_3_4_S_36_10.0/32_SCAN_1_2_3_4_F/B.p.cube
-stepsize
0.2
-n_steps
1
-learning_rate
0.5
   3.7886044603924178        2.2660821992434625       0.12108370530999325     
   3.4271866203082970      -0.82411846943572853      -0.46638581749171643     
   6.0064309098521811       -1.6030897651361717       0.92779557187085182     
   3.7987071157549663       -1.2186543868512396       0.53887022128964368     
   3.2467301669275690      -0.83192691172128275        1.0011806111231634     
   2.2117684344454092       -1.9290230450630530       0.41544982843678546     
   1.6142745975317880       -1.0791654731889264       -1.0249542453879001     
   1.8568995882783332       -1.4605941636258777       0.42289060621825458     
   1.1865946115122057      -0.85299727903626954      -0.17272931988486892     
   1.1350928328037975       -4.1197214771241706       0.13157359468720939     
 -0.80844252488611690        3.1865808600940588      -0.45097240974726044     
 -0.76277986921043073        2.5153702142410648      -0.58192108190415970     
  -1.0236418220379271        1.7423748916716870      -0.47917755752120911     
 -0.82411945126833019        2.8135871128976526      -0.35337855294575793     
 -0.94675483843820030      -0.25951286884526448      -0.18849327994575618     
 -0.87496114263453439       0.51753870370068122      -0.51951601000172110     
 -0.92196479679953014      -0.81009241466081616      -0.36266702306307896     
  -1.2533012638000860      -0.43112846196781118      -0.93324454104827326     
  -5.3401198704462187        2.4246081327460086E-002  0.60309922050137632     
  -2.2503489875200318       -1.1381639186533685      -0.70210567061790863     
  -2.3161770056712530       -1.8868311119370940       0.37368606363381979     
  -2.9571490154254807      -0.36866700021715715       0.14916176394808464     
  -2.9332842854530523      -0.61319695031378096      -0.25715333352027930     
  -3.5571667550645052       -3.5002794833402158      -0.42022820699459829     
  -3.5859752222312071       -3.2865694559933236      -0.66968078428767663     
First
                         Total        5.662722511E+00
Step size:       0.20
Step size in Bohr:       0.38
Learning Rate:       1.00
# Steps:          1
                         Error  1        5.605855280E+00
                         Error        5.605855280E+00
