-xyz
refined.xyz
-dens
/home/unibas/boittier/RDKit_G2/B.pdb/SCAN_1_2_3_4_S_36_10.0/17_SCAN/B.d.cube
-esp
/home/unibas/boittier/RDKit_G2/B.pdb/SCAN_1_2_3_4_S_36_10.0/17_SCAN/B.p.cube
-stepsize
0.2
-n_steps
10
-learning_rate
0.5
  -3.7231169262844097        2.7178121268703466       0.14279539679334241     
  -3.0522674687085729      -0.15617021740071338       0.62954282866268751     
  -2.8400657646716616       0.27615848663076059      -0.28549456277038260     
  -5.7497289312034443       -1.2667030368869414       0.23998658503566825     
  -2.9501539699759252        6.8584707594376459E-002 -0.55439015137104486     
 -0.93373263608998069       -1.2368695288982618      -0.24071629567084074     
  -1.4123854921700385       -3.8063737362038226        3.3236710159641046E-002
  -2.3674995369154437       -1.8985158600117713       -9.3016967728974244E-005
  -1.8053920726800354       -1.5397596260417765       -6.7579034091898527E-002
   1.3977650462958366        1.6978135512238588       0.10410210234087856     
   1.3470808475645497        1.8834886770004218       0.10054161604969954     
  0.95418810130398635        3.2731754456985009      -0.23241955258546790     
  0.97598382871802369        2.5424724469062481      -0.19307698130405243     
  0.98651879908242379      -0.78735682090516812      -0.24665973074682820     
   1.1915778125292540      -0.46167624472618052      -0.57054899648670598     
   1.5088987690010460      -0.47610116182812734       0.66459550217797381     
   1.1363400801929391       0.62962262553908965      -0.15401036555490011     
   2.8992001343842233      -0.90080227670219992       -1.0538989243987051     
   2.9013173312173177      -0.97545859781503574       0.74384705355476433     
   5.2489813780514769       -7.1464872553076379E-003   9.3217168831998251E-002
   3.2545619095233942       -3.5556078189741744      -0.40529662294381696     
First
                         Total        8.368869503E+00
Step size:       0.20
Step size in Bohr:       0.38
Learning Rate:       1.00
# Steps:         10
                         Error  1        8.307355454E+00
                         Error  2        8.246045742E+00
                         Error  3        8.184943990E+00
                         Error  4        8.124053886E+00
                         Error  5        8.063379181E+00
                         Error  6        8.002923694E+00
                         Error  7        7.942691308E+00
                         Error  8        7.882685972E+00
                         Error  9        7.822911701E+00
                         Error 10        7.763372578E+00
                         Error        7.763372578E+00
