-xyz
refined.xyz
-dens
/home/unibas/boittier/RDKit_G2/B.pdb/SCAN_1_2_3_4_S_36_10.0/16_SCAN_1_2_3_4_F/B.d.cube
-esp
/home/unibas/boittier/RDKit_G2/B.pdb/SCAN_1_2_3_4_S_36_10.0/16_SCAN_1_2_3_4_F/B.p.cube
-stepsize
0.2
-n_steps
0
-learning_rate
0.5
   3.7584467261833652        2.5702793571689377      -0.94292936710099096     
   3.4334631527814135      -0.60436437736816306      -0.82351449092980222     
   6.3299901153778730      -0.99901466469642564        5.8511215632543176E-002
   4.0714326882188416      -0.74965600567301316       0.11162684921089479     
   3.6214023894611924      -0.28933927269266962       0.61010359116119095     
   2.6265808530112160       -1.3996474165965949       0.11143948812432558     
   1.3444880645959443       -1.3210353783566029        1.1572762072032288     
   2.0723583841360780       -1.3717773003726856       -3.8502064977587402E-002
   1.0644887124631510       -1.1690208954096084       0.22754134442988333     
   1.5995369743200942       -3.7039679773651581        1.0229163239169687     
  -3.2533646951246054       -2.0688096530273232      -0.25320170429205796     
  -2.7617853933849972       -1.6401477459460445       -3.8794879731317476E-002
  -2.2844429898654868      -0.98573318770435359       -9.3210334010421142E-002
  -2.9895991596701834       -1.7881928598768766      -0.30716560672032561     
 -0.63684961838954657       0.22002653300744171      -0.13229308819438396     
  -1.2538902684069522      -0.32417470847807267       0.10973071911642174     
 -0.23165060584163571       0.53530838087769961       0.10057126524776389     
 -0.82672016972747298       0.59663438037230232       0.57287198648361837     
  -3.9517697003190779        3.2456764064659298       -7.0455337824263109E-002
 -0.85068393810904708        1.7955230563435072       0.29418739224020091     
  -1.4897298980091038        1.8423876474491019      -0.32520787099554421     
  -1.9979003756031473        1.7462772919007370       -1.5455329774683474E-003
  -1.7086319825695291        1.9244733424146276       0.29945429064620965     
  -1.6987181891441976E-002   4.2881867792528308      -0.29509182661569472     
 -0.10659971466662214        4.2005324824905754        1.0936538696139276E-002
First
                         Total        1.309793499E+00
Step size:       0.20
Step size in Bohr:       0.38
Learning Rate:       1.00
# Steps:          0
                         Error        1.309793499E+00
