                                     G D M A

                                 by Anthony Stone

                           version 2.2.03, 21 June 2007

               Distributed Multipoles from Gaussian wavefunctions


Starting at 11:10:18 on 19 May 2021 

GDMA



Using SCF density matrix from file B.pdb.fchk


                         Distributed Multipole Analysis

Standard DMA for products of primitives with exponent greater than 4.00000
Using 80-point Euler-MacLaurin radial quadrature
Using 590-point Lebedev quadrature
Becke smoothing parameter = 3

Positions and radii in angstrom
Multipole moments in atomic units, ea_0^k for rank k

C          x =  0.849360  y =  1.330161  z =  0.058190
           Maximum rank =  2   Radius =  0.650
                   Q00  =  -0.134744
|Q1| =   0.149986  Q10  =   0.001624  Q11c =  -0.015310  Q11s =  -0.149194
|Q2| =   1.369699  Q20  =  -1.320565  Q21c =  -0.265759  Q21s =   0.138094
                   Q22c =  -0.184261  Q22s =   0.092385

C          x =  0.465914  y =  0.056199  z =  0.032363
           Maximum rank =  2   Radius =  0.650
                   Q00  =   0.121364
|Q1| =   0.224036  Q10  =  -0.020370  Q11c =   0.130835  Q11s =  -0.180720
|Q2| =   1.059616  Q20  =  -1.042139  Q21c =  -0.147581  Q21s =   0.075011
                   Q22c =  -0.054477  Q22s =   0.079732

C          x = -0.861856  y = -0.551825  z =  0.132571
           Maximum rank =  2   Radius =  0.650
                   Q00  =  -0.085271
|Q1| =   0.134566  Q10  =  -0.020261  Q11c =   0.122380  Q11s =   0.052158
|Q2| =   1.241603  Q20  =  -1.112864  Q21c =   0.095674  Q21s =  -0.482885
                   Q22c =   0.228271  Q22s =  -0.093133

C          x = -2.014174  y =  0.089033  z = -0.101034
           Maximum rank =  2   Radius =  0.650
                   Q00  =  -0.125412
|Q1| =   0.084435  Q10  =   0.004383  Q11c =   0.078482  Q11s =  -0.030833
|Q2| =   1.279286  Q20  =  -1.097369  Q21c =   0.107699  Q21s =  -0.576696
                   Q22c =   0.271862  Q22s =  -0.119446

H          x =  1.891740  y =  1.601424  z = -0.044870
           Maximum rank =  2   Radius =  0.325
                   Q00  =   0.117327
|Q1| =   0.121869  Q10  =   0.007620  Q11c =  -0.098748  Q11s =  -0.071012
|Q2| =   0.191375  Q20  =  -0.150790  Q21c =  -0.036477  Q21s =   0.001720
                   Q22c =   0.098566  Q22s =   0.053270

H          x =  0.121114  y =  2.119332  z =  0.195060
           Maximum rank =  2   Radius =  0.325
                   Q00  =   0.105531
|Q1| =   0.129137  Q10  =  -0.014221  Q11c =   0.055025  Q11s =  -0.115958
|Q2| =   0.183936  Q20  =  -0.141637  Q21c =  -0.031948  Q21s =   0.032795
                   Q22c =  -0.014052  Q22s =  -0.107134

F          x =  1.469746  y = -0.930365  z = -0.099512
           Maximum rank =  2   Radius =  0.650
                   Q00  =  -0.317309
|Q1| =   0.282246  Q10  =   0.019250  Q11c =  -0.198855  Q11s =   0.199372
|Q2| =   0.824335  Q20  =  -0.297291  Q21c =  -0.065568  Q21s =   0.097239
                   Q22c =   0.044058  Q22s =  -0.758584

H          x = -0.862645  y = -1.599285  z =  0.420140
           Maximum rank =  2   Radius =  0.325
                   Q00  =   0.130465
|Q1| =   0.126264  Q10  =  -0.038109  Q11c =   0.029789  Q11s =   0.116632
|Q2| =   0.165437  Q20  =  -0.129893  Q21c =   0.002654  Q21s =  -0.078873
                   Q22c =  -0.060523  Q22s =  -0.024623

H          x = -2.046908  y =  1.125347  z = -0.424767
           Maximum rank =  2   Radius =  0.325
                   Q00  =   0.096678
|Q1| =   0.133499  Q10  =   0.038854  Q11c =   0.043699  Q11s =  -0.120011
|Q2| =   0.176044  Q20  =  -0.114872  Q21c =   0.012148  Q21s =  -0.098845
                   Q22c =  -0.088668  Q22s =  -0.004016

H          x = -2.966476  y = -0.414935  z =  0.017504
           Maximum rank =  2   Radius =  0.325
                   Q00  =   0.091369
|Q1| =   0.127222  Q10  =  -0.007681  Q11c =   0.120902  Q11s =   0.038849
|Q2| =   0.200820  Q20  =  -0.137456  Q21c =  -0.020223  Q21s =  -0.041503
                   Q22c =   0.089983  Q22s =   0.105859

Total multipoles
referred to origin at x =   0.000000,  y =    0.000000,  z =    0.000000
                   Q00  =  -0.000003
|Q1| =   0.946953  Q10  =   0.083900  Q11c =  -0.761546  Q11s =   0.556532
|Q2| =   5.113417  Q20  =  -3.221821  Q21c =   0.159488  Q21s =  -1.284605
                   Q22c =  -0.749151  Q22s =   3.678319

CPU time used:      0m11.722s          Total:      0m11.722s

Finished at 11:10:29 on 19 May 2021 
