-xyz
refined.xyz
-dens
/home/unibas/boittier/RDKit_G2/B.pdb/SCAN_1_2_3_4_S_36_10.0/10_SCAN/B.d.cube
-esp
/home/unibas/boittier/RDKit_G2/B.pdb/SCAN_1_2_3_4_S_36_10.0/10_SCAN/B.p.cube
-stepsize
0.2
-n_steps
10
-learning_rate
0.5
  -3.5298784974545896        2.8886753034764681       0.27192355175767530     
  -3.0757630100721043       -4.6381951567016258E-002  0.54731788640859447     
  -2.8017090261514710       0.42429261503509258      -0.31535415531198180     
  -5.8244294298030743      -0.95019102074662232       -6.3281748527381271E-004
  -2.9119619736708309       0.23996718835268319      -0.61621665742138632     
  -1.0041959314086017       -1.2220409792703322      -0.31311973373527702     
  -1.6699783012362184       -3.7628737021968632      -0.21498498176942363     
  -2.4889186117119086       -1.7930955371536224      -0.16413094235048420     
  -1.9011478512112370       -1.4720055264968903      -0.18966400769133654     
   1.4862844043017189        1.4849890893038902      -0.13040515831309013     
   1.4473067083220914        1.6723805079879475      -0.15094810881930321     
   1.1887497035910672        3.1258211091292352       0.13738101535947175     
   1.1733799487314573        2.3785824757057381        7.7600399789800725E-002
  0.93189210817655044      -0.91599757807068771      -0.22747736798517298     
   1.1726072167937385      -0.58758543449025780      -0.52281275968400698     
   1.4391615502930948      -0.70029783583845917       0.71925298016482642     
   1.1802330909534555       0.47762106366811974       -4.0354653006418550E-002
   2.8488455646964477      -0.82772705587010087       -1.2218140424579276     
   2.7875307150105204       -1.3062309220968280       0.81524152266922389     
   5.2458796491318322       -9.8466150046247217E-002  -7.6822300954608484E-003
   3.1383207620814892       -3.5548747158720815      -0.89758813140239813     
First
                         Total        9.531012053E+00
Step size:       0.20
Step size in Bohr:       0.38
Learning Rate:       1.00
# Steps:         10
                         Error  1        9.478698586E+00
                         Error  2        9.426707524E+00
                         Error  3        9.375041570E+00
                         Error  4        9.323703414E+00
                         Error  5        9.272695726E+00
                         Error  6        9.222021152E+00
                         Error  7        9.171682319E+00
                         Error  8        9.121681827E+00
                         Error  9        9.072022252E+00
                         Error 10        9.022706137E+00
                         Error        9.022706137E+00
