-xyz
refined.xyz
-dens
../../cube_files/ester/4_SCAN_1_2_6_8_F/O.d.cube
-esp
../../cube_files/ester/4_SCAN_1_2_6_8_F/O.p.cube
-stepsize
0.2
-n_steps
200
-learning_rate
0.5
  -2.4478263512604883       -1.3544427474072653       0.60656024112138063     
  -2.5338152283242379       -1.3960951295479807        1.1807051235114545     
  -2.7701969151310704       -2.8357879149147553       -1.3439609123318741     
  -2.6432843577758796       -2.6282153257513565       -1.0362005270582739     
  -4.3721879613855981       -1.1218384705785831       0.73682540543681441     
  -3.9452747402878545       -1.1643277895622020       0.48273058188409357     
  -1.5491070434728049       -3.5212818371706351        2.1714266683239898     
  -1.7504079572019042        3.1076536757347664       0.32204945841397359     
 -0.98719081052313373        3.0951632534316360        5.5763034504961326E-002
  -1.9327585111159069        2.7411303565459741       0.36406620931188161     
   1.1001764521728397E-002  0.23969644689249367      -0.52467972603112278     
  -1.2855786725532239       0.16104665691421641       0.18964871910402861     
  -1.1704233317978041      -0.13060361602902246       0.68088827155636611     
  0.82689102045820562      -0.11266504324773854       -1.0345032361975106     
   1.5631098515225974      -0.36514401938690561      -0.85069223205341660     
   1.8867941305210099        9.6471638462007847E-002  -1.3722992453658500     
   1.2684754834136296      -0.25855615004342564       -1.7362455623395203     
   4.0535929038146206      -0.72706559926650116       0.14789519836868184     
   2.5157038277281694      -0.67223064236929964       0.25703272187472770     
   4.3677894988907768      -0.63950025073170669        9.0928006766265945E-002
   4.1388005262763725        1.4392591493324163        1.1206110237605023     
   4.1751096756095452        1.3523107425310743       0.92333625104702066     
   3.2584811336367046       -1.3685572388930984        1.3704562995382616     
   3.2420741030794806       -1.7957597895982393        1.8788124284559011     
First
                         Total        1.406590462E+00
Step size:       0.20
Step size in Bohr:       0.38
Learning Rate:       1.00
# Steps:        200
                         Error  1        1.397130120E+00
                         Error  2        1.387993832E+00
                         Error  3        1.379166950E+00
                         Error  4        1.370635426E+00
                         Error  5        1.362385801E+00
                         Error  6        1.354405191E+00
                         Error  7        1.346681277E+00
                         Error  8        1.339202284E+00
                         Error  9        1.331956973E+00
                         Error 10        1.324934616E+00
                         Error 11        1.318124987E+00
                         Error 12        1.311518341E+00
                         Error 13        1.305105397E+00
                         Error 14        1.298877319E+00
                         Error 15        1.292825705E+00
                         Error 16        1.286942562E+00
                         Error 17        1.281220292E+00
                         Error 18        1.275651677E+00
                         Error 19        1.270229861E+00
                         Error 20        1.264948332E+00
                         Error 21        1.259800910E+00
                         Error 22        1.254781729E+00
                         Error 23        1.249885222E+00
                         Error 24        1.245106109E+00
                         Error 25        1.240439379E+00
                         Error 26        1.235880282E+00
                         Error 27        1.231424311E+00
                         Error 28        1.227067193E+00
                         Error 29        1.222804876E+00
                         Error 30        1.218633516E+00
                         Error 31        1.214549470E+00
                         Error 32        1.210549280E+00
                         Error 33        1.206629669E+00
                         Error 34        1.202787527E+00
                         Error 35        1.199019905E+00
                         Error 36        1.195324004E+00
                         Error 37        1.191697167E+00
                         Error 38        1.188136874E+00
                         Error 39        1.184640731E+00
                         Error 40        1.181206467E+00
                         Error 41        1.177831922E+00
                         Error 42        1.174515046E+00
                         Error 43        1.171253890E+00
                         Error 44        1.168046600E+00
                         Error 45        1.164891415E+00
                         Error 46        1.161786658E+00
                         Error 47        1.158730734E+00
                         Error 48        1.155722123E+00
                         Error 49        1.152759378E+00
                         Error 50        1.149841121E+00
                         Error 51        1.146966037E+00
                         Error 52        1.144132872E+00
                         Error 53        1.141340430E+00
                         Error 54        1.138587569E+00
                         Error 55        1.135873198E+00
                         Error 56        1.133196273E+00
                         Error 57        1.130555798E+00
                         Error 58        1.127950819E+00
                         Error 59        1.125380423E+00
                         Error 60        1.122843735E+00
                         Error 61        1.120339916E+00
                         Error 62        1.117868164E+00
                         Error 63        1.115427707E+00
                         Error 64        1.113017805E+00
                         Error 65        1.110637746E+00
                         Error 66        1.108286848E+00
                         Error 67        1.105964452E+00
                         Error 68        1.103669926E+00
                         Error 69        1.101402661E+00
                         Error 70        1.099162069E+00
                         Error 71        1.096947586E+00
                         Error 72        1.094758666E+00
                         Error 73        1.092594780E+00
                         Error 74        1.090455422E+00
                         Error 75        1.088340099E+00
                         Error 76        1.086248336E+00
                         Error 77        1.084179672E+00
                         Error 78        1.082133663E+00
                         Error 79        1.080109878E+00
                         Error 80        1.078107898E+00
                         Error 81        1.076127320E+00
                         Error 82        1.074167748E+00
                         Error 83        1.072228803E+00
                         Error 84        1.070310114E+00
                         Error 85        1.068411320E+00
                         Error 86        1.066532073E+00
                         Error 87        1.064672031E+00
                         Error 88        1.062830864E+00
                         Error 89        1.061008250E+00
                         Error 90        1.059203875E+00
                         Error 91        1.057417432E+00
                         Error 92        1.055648625E+00
                         Error 93        1.053897162E+00
                         Error 94        1.052162761E+00
                         Error 95        1.050445145E+00
                         Error 96        1.048744043E+00
                         Error 97        1.047059193E+00
                         Error 98        1.045390336E+00
                         Error 99        1.043737222E+00
                         Error100        1.042099603E+00
                         Error101        1.040477241E+00
                         Error102        1.038869899E+00
                         Error103        1.037277348E+00
                         Error104        1.035699363E+00
                         Error105        1.034135722E+00
                         Error106        1.032586210E+00
                         Error107        1.031050616E+00
                         Error108        1.029528734E+00
                         Error109        1.028020358E+00
                         Error110        1.026525292E+00
                         Error111        1.025043341E+00
                         Error112        1.023574312E+00
                         Error113        1.022118019E+00
                         Error114        1.020674278E+00
                         Error115        1.019242909E+00
                         Error116        1.017823735E+00
                         Error117        1.016416582E+00
                         Error118        1.015021280E+00
                         Error119        1.013637662E+00
                         Error120        1.012265564E+00
                         Error121        1.010904823E+00
                         Error122        1.009555283E+00
                         Error123        1.008216788E+00
                         Error124        1.006889184E+00
                         Error125        1.005572323E+00
                         Error126        1.004266056E+00
                         Error127        1.002970239E+00
                         Error128        1.001684729E+00
                         Error129        1.000409387E+00
                         Error130        9.991440750E-01
                         Error131        9.978886582E-01
                         Error132        9.966430036E-01
                         Error133        9.954069807E-01
                         Error134        9.941804612E-01
                         Error135        9.929633187E-01
                         Error136        9.917554291E-01
                         Error137        9.905566704E-01
                         Error138        9.893669226E-01
                         Error139        9.881860675E-01
                         Error140        9.870139890E-01
                         Error141        9.858505728E-01
                         Error142        9.846957066E-01
                         Error143        9.835492798E-01
                         Error144        9.824111835E-01
                         Error145        9.812813109E-01
                         Error146        9.801595566E-01
                         Error147        9.790458169E-01
                         Error148        9.779399898E-01
                         Error149        9.768419752E-01
                         Error150        9.757516741E-01
                         Error151        9.746689893E-01
                         Error152        9.735938253E-01
                         Error153        9.725260879E-01
                         Error154        9.714656844E-01
                         Error155        9.704125236E-01
                         Error156        9.693665156E-01
                         Error157        9.683275721E-01
                         Error158        9.672956061E-01
                         Error159        9.662705318E-01
                         Error160        9.652522650E-01
                         Error161        9.642407226E-01
                         Error162        9.632358227E-01
                         Error163        9.622374850E-01
                         Error164        9.612456300E-01
                         Error165        9.602601798E-01
                         Error166        9.592810575E-01
                         Error167        9.583081873E-01
                         Error168        9.573414948E-01
                         Error169        9.563809065E-01
                         Error170        9.554263500E-01
                         Error171        9.544777542E-01
                         Error172        9.535350490E-01
                         Error173        9.525981651E-01
                         Error174        9.516670347E-01
                         Error175        9.507415906E-01
                         Error176        9.498217669E-01
                         Error177        9.489074984E-01
                         Error178        9.479987211E-01
                         Error179        9.470953719E-01
                         Error180        9.461973887E-01
                         Error181        9.453047100E-01
                         Error182        9.444172757E-01
                         Error183        9.435350261E-01
                         Error184        9.426579027E-01
                         Error185        9.417858479E-01
                         Error186        9.409188046E-01
                         Error187        9.400567168E-01
                         Error188        9.391995294E-01
                         Error189        9.383471878E-01
                         Error190        9.374996384E-01
                         Error191        9.366568284E-01
                         Error192        9.358187057E-01
                         Error193        9.349852189E-01
                         Error194        9.341563174E-01
                         Error195        9.333319514E-01
                         Error196        9.325120716E-01
                         Error197        9.316966297E-01
                         Error198        9.308855778E-01
                         Error199        9.300788690E-01
                         Error200        9.292764567E-01
                         Error        9.292764567E-01
