node07.cluster

real	1m36.884s
user	1m36.064s
sys	0m0.090s
mv: cannot stat ‘comparison.png’: No such file or directory
mv: cannot stat ‘comparison.png’: No such file or directory
/home/unibas/boittier/FDCM/fbuta-f_10/0_1

real	1m38.120s
user	1m37.381s
sys	0m0.071s
mv: cannot stat ‘comparison.png’: No such file or directory
mv: cannot stat ‘comparison.png’: No such file or directory
/home/unibas/boittier/FDCM/fbuta-f_10/1_2

real	1m41.208s
user	1m39.100s
sys	0m0.256s
mv: cannot stat ‘comparison.png’: No such file or directory
mv: cannot stat ‘comparison.png’: No such file or directory
/home/unibas/boittier/FDCM/fbuta-f_10/2_3

real	1m42.008s
user	1m41.960s
sys	0m0.014s
mv: cannot stat ‘comparison.png’: No such file or directory
mv: cannot stat ‘comparison.png’: No such file or directory
/home/unibas/boittier/FDCM/fbuta-f_10/3_4

real	1m43.458s
user	1m43.408s
sys	0m0.016s
mv: cannot stat ‘comparison.png’: No such file or directory
mv: cannot stat ‘comparison.png’: No such file or directory
/home/unibas/boittier/FDCM/fbuta-f_10/4_5

real	1m45.342s
user	1m45.285s
sys	0m0.020s
mv: cannot stat ‘comparison.png’: No such file or directory
mv: cannot stat ‘comparison.png’: No such file or directory
/home/unibas/boittier/FDCM/fbuta-f_10/5_6

real	1m47.098s
user	1m47.038s
sys	0m0.015s
mv: cannot stat ‘comparison.png’: No such file or directory
mv: cannot stat ‘comparison.png’: No such file or directory
/home/unibas/boittier/FDCM/fbuta-f_10/6_7

real	1m51.499s
user	1m49.918s
sys	0m0.190s
mv: cannot stat ‘comparison.png’: No such file or directory
mv: cannot stat ‘comparison.png’: No such file or directory
/home/unibas/boittier/FDCM/fbuta-f_10/7_8

real	1m53.311s
user	1m51.679s
sys	0m0.212s
mv: cannot stat ‘comparison.png’: No such file or directory
mv: cannot stat ‘comparison.png’: No such file or directory
/home/unibas/boittier/FDCM/fbuta-f_10/8_9

real	1m50.584s
user	1m50.523s
sys	0m0.021s
mv: cannot stat ‘comparison.png’: No such file or directory
mv: cannot stat ‘comparison.png’: No such file or directory
/home/unibas/boittier/FDCM/fbuta-f_10/9_10

real	1m49.475s
user	1m47.936s
sys	0m0.165s
mv: cannot stat ‘comparison.png’: No such file or directory
mv: cannot stat ‘comparison.png’: No such file or directory
/home/unibas/boittier/FDCM/fbuta-f_10/10_11

real	1m49.059s
user	1m48.624s
sys	0m0.091s
mv: cannot stat ‘comparison.png’: No such file or directory
mv: cannot stat ‘comparison.png’: No such file or directory
/home/unibas/boittier/FDCM/fbuta-f_10/11_12

real	1m48.009s
user	1m47.284s
sys	0m0.076s
mv: cannot stat ‘comparison.png’: No such file or directory
mv: cannot stat ‘comparison.png’: No such file or directory
/home/unibas/boittier/FDCM/fbuta-f_10/12_13

real	1m46.697s
user	1m46.615s
sys	0m0.027s
mv: cannot stat ‘comparison.png’: No such file or directory
mv: cannot stat ‘comparison.png’: No such file or directory
/home/unibas/boittier/FDCM/fbuta-f_10/13_14

real	1m45.743s
user	1m45.430s
sys	0m0.079s
mv: cannot stat ‘comparison.png’: No such file or directory
mv: cannot stat ‘comparison.png’: No such file or directory
/home/unibas/boittier/FDCM/fbuta-f_10/14_15

real	1m45.950s
user	1m45.418s
sys	0m0.102s
mv: cannot stat ‘comparison.png’: No such file or directory
mv: cannot stat ‘comparison.png’: No such file or directory
/home/unibas/boittier/FDCM/fbuta-f_10/15_16

real	1m45.170s
user	1m44.014s
sys	0m0.163s
mv: cannot stat ‘comparison.png’: No such file or directory
mv: cannot stat ‘comparison.png’: No such file or directory
/home/unibas/boittier/FDCM/fbuta-f_10/16_17

real	1m41.681s
user	1m40.629s
sys	0m0.110s
mv: cannot stat ‘comparison.png’: No such file or directory
mv: cannot stat ‘comparison.png’: No such file or directory
/home/unibas/boittier/FDCM/fbuta-f_10/17_18

real	1m39.104s
user	1m39.038s
sys	0m0.017s
mv: cannot stat ‘comparison.png’: No such file or directory
mv: cannot stat ‘comparison.png’: No such file or directory
/home/unibas/boittier/FDCM/fbuta-f_10/18_19

real	1m40.602s
user	1m40.544s
sys	0m0.018s
mv: cannot stat ‘comparison.png’: No such file or directory
mv: cannot stat ‘comparison.png’: No such file or directory
/home/unibas/boittier/FDCM/fbuta-f_10/19_20

real	1m45.150s
user	1m43.567s
sys	0m0.191s
mv: cannot stat ‘comparison.png’: No such file or directory
mv: cannot stat ‘comparison.png’: No such file or directory
/home/unibas/boittier/FDCM/fbuta-f_10/20_21

real	1m45.130s
user	1m45.073s
sys	0m0.020s
mv: cannot stat ‘comparison.png’: No such file or directory
mv: cannot stat ‘comparison.png’: No such file or directory
/home/unibas/boittier/FDCM/fbuta-f_10/21_22

real	1m47.732s
user	1m45.484s
sys	0m0.319s
mv: cannot stat ‘comparison.png’: No such file or directory
mv: cannot stat ‘comparison.png’: No such file or directory
/home/unibas/boittier/FDCM/fbuta-f_10/22_23

real	1m47.948s
user	1m46.906s
sys	0m0.104s
mv: cannot stat ‘comparison.png’: No such file or directory
mv: cannot stat ‘comparison.png’: No such file or directory
/home/unibas/boittier/FDCM/fbuta-f_10/23_24

real	1m46.882s
user	1m46.771s
sys	0m0.033s
mv: cannot stat ‘comparison.png’: No such file or directory
mv: cannot stat ‘comparison.png’: No such file or directory
/home/unibas/boittier/FDCM/fbuta-f_10/24_25

real	1m48.135s
user	1m48.067s
sys	0m0.015s
mv: cannot stat ‘comparison.png’: No such file or directory
mv: cannot stat ‘comparison.png’: No such file or directory
/home/unibas/boittier/FDCM/fbuta-f_10/25_26

real	1m48.007s
user	1m47.937s
sys	0m0.021s
mv: cannot stat ‘comparison.png’: No such file or directory
mv: cannot stat ‘comparison.png’: No such file or directory
/home/unibas/boittier/FDCM/fbuta-f_10/26_27

real	1m50.595s
user	1m50.521s
sys	0m0.019s
mv: cannot stat ‘comparison.png’: No such file or directory
mv: cannot stat ‘comparison.png’: No such file or directory
/home/unibas/boittier/FDCM/fbuta-f_10/27_28

real	1m51.734s
user	1m51.660s
sys	0m0.026s
mv: cannot stat ‘comparison.png’: No such file or directory
mv: cannot stat ‘comparison.png’: No such file or directory
/home/unibas/boittier/FDCM/fbuta-f_10/28_29

real	1m49.972s
user	1m49.899s
sys	0m0.019s
mv: cannot stat ‘comparison.png’: No such file or directory
mv: cannot stat ‘comparison.png’: No such file or directory
/home/unibas/boittier/FDCM/fbuta-f_10/29_30

real	1m47.132s
user	1m47.049s
sys	0m0.023s
mv: cannot stat ‘comparison.png’: No such file or directory
mv: cannot stat ‘comparison.png’: No such file or directory
/home/unibas/boittier/FDCM/fbuta-f_10/30_31

real	1m45.345s
user	1m45.283s
sys	0m0.016s
mv: cannot stat ‘comparison.png’: No such file or directory
mv: cannot stat ‘comparison.png’: No such file or directory
/home/unibas/boittier/FDCM/fbuta-f_10/31_32

real	1m43.495s
user	1m43.424s
sys	0m0.014s
mv: cannot stat ‘comparison.png’: No such file or directory
mv: cannot stat ‘comparison.png’: No such file or directory
/home/unibas/boittier/FDCM/fbuta-f_10/32_33

real	1m42.036s
user	1m41.955s
sys	0m0.022s
mv: cannot stat ‘comparison.png’: No such file or directory
mv: cannot stat ‘comparison.png’: No such file or directory
/home/unibas/boittier/FDCM/fbuta-f_10/33_34

real	1m39.262s
user	1m39.191s
sys	0m0.021s
mv: cannot stat ‘comparison.png’: No such file or directory
mv: cannot stat ‘comparison.png’: No such file or directory
/home/unibas/boittier/FDCM/fbuta-f_10/34_35

real	1m37.289s
user	1m37.225s
sys	0m0.018s
mv: cannot stat ‘comparison.png’: No such file or directory
mv: cannot stat ‘comparison.png’: No such file or directory
/home/unibas/boittier/FDCM/fbuta-f_10/35_36

real	1m35.997s
user	1m35.772s
sys	0m0.018s
mv: cannot stat ‘comparison.png’: No such file or directory
mv: cannot stat ‘comparison.png’: No such file or directory
