node35.cluster

real	0m0.807s
user	0m0.788s
sys	0m0.017s
-xyz
global_0_fit.xyz
-dens
/home/unibas/boittier/RDKit_G2/B.pdb/SCAN_1_2_3_4_S_36_10.0/0_SCAN/B.d.cube
-esp
/home/unibas/boittier/RDKit_G2/B.pdb/SCAN_1_2_3_4_S_36_10.0/0_SCAN/B.p.cube
-stepsize
0.2
-n_steps
0
-learning_rate
0.5
  -3.7421812352892925        2.6965690852618081        8.5739833568035578E-002
  -3.0748605144750099      -0.18744769854047785       0.55265965045676768     
  -2.8248720567827110       0.26310412906598252      -0.34417993267533675     
  -5.7417185069554151       -1.3127683517780606        2.0711464044173067E-002
  -2.9209381892997337        5.9231139473712280E-002 -0.62149479767260096     
 -0.90903112960950483       -1.2350970750622661      -0.23853006512114017     
  -1.3770050109237071       -3.8131026940399328       -3.1688522476690538E-002
  -2.3465915535298669       -1.9128532771324087       -7.5370063495765346E-002
  -1.7852452319449910       -1.5483663501497229      -0.11081567806660625     
   1.3584489985761501        1.6763047058113760      -0.15924843679394987     
   1.3042172011562370        1.8586740706030984      -0.18881593990441542     
  0.94666930119406867        3.2806516277953062       -1.2477266705057520E-002
  0.96971366094780820        2.5492667068869443        4.5178323464159622E-003
   1.0072880080559921      -0.76486086103298412      -0.14840048403739076     
   1.2232056218113416      -0.43122002017701966      -0.45700877340846785     
   1.4838881125408243      -0.46406544431615215       0.79119627603260356     
   1.1363897712148288       0.65189737278852500       -2.4571065985231462E-002
   2.8744948168219406       -1.0201601346834528      -0.97193857340225187     
   2.8769061697764475      -0.94971155371229665       0.92558106630033421     
   5.2398905858245248        4.6497635069284414E-002   2.9555746573473279E-004
   3.2690442909954753       -3.5716337609746347        8.4165726118798582E-003
First
                         Total        3.856810604E-01
Step size:       0.20
Step size in Bohr:       0.38
Learning Rate:       1.00
# Steps:          0
                         Error        3.856810604E-01
mv: cannot stat ‘comparison.png’: No such file or directory
mv: cannot stat ‘comparison.png’: No such file or directory
/home/unibas/boittier/FDCM/fbuta-c_0/7_8

real	0m0.921s
user	0m0.899s
sys	0m0.020s
mv: cannot stat ‘comparison.png’: No such file or directory
mv: cannot stat ‘comparison.png’: No such file or directory
