-xyz
refined.xyz
-dens
../../cube_files/fbutone/12_SCAN_1_2_6_8_F/N.d.cube
-esp
../../cube_files/fbutone/12_SCAN_1_2_6_8_F/N.p.cube
-stepsize
0.2
-n_steps
100
-learning_rate
0.5
   3.1772839922976437        3.2207991008211816       0.60903614049795596     
   2.9058661859142916        1.9023329859562779      -0.26539145595172497     
   2.9873456177128084        2.4786994290128543       -1.1689384943280741     
   2.6596454776035059        3.2616457578471980       -2.0307619578253346     
   6.0224027574364820        2.7925556037410395       0.38443542250109819     
   2.1731835083423947        3.2498296241282039        1.6882664786500141     
   2.7723486243739526        2.9325075617879461       0.98797457497776409     
   5.0784013716453638       -1.6881492671615614       0.44111072043350469     
   4.4017808141944803       -2.4789351214805979       0.18503862663122930     
   4.7653700273849688       -2.1540324867769671       0.34748610430546450     
   3.3513353816180267       0.14953498880793195       -4.9588206403657485E-002
   2.6146035812437054       -1.1220827608649124      -0.24609264075045378     
  0.22003175636987923       -1.1327288461346925       -1.7963337794574032     
  0.19689086832760488      -0.45358594043275186       -1.1451717688869623     
  0.16644598980344824       -3.5920174233447111      -0.34536412203928135     
  0.24602216480577846       -3.2937139392454045      -0.52949756281885541     
  0.14469979844235420       -1.3500879991531562       -2.7355697775878438     
   5.7799154261283972E-002 -0.77005123331015268       -2.8999997695200563     
  0.21903802288079530       -1.6651610837212076       -2.6435160504675488     
  -1.2474314470817831       0.62253869692507857      -0.18781294822152417     
  -1.4806966101843448      -0.18250610826257957       0.79627774615441571     
  -1.9392812323998392       0.11887694531116720        1.6907762856026314     
  -1.8886146330026723       0.14093564678940032        1.9944125164291957     
  -3.3634127189845309       -1.0078389469820512      -0.27565243781877069     
  -4.5895799530999204       -1.7485864407217055      -0.62494812819798273     
  -4.0510663907902655       -1.5949058567097147      -0.62740514307868656     
  -4.3587984436920282       -1.4726051291180919      -0.51596553236344811     
  -2.4300808084457541        3.0818679922242347       -1.2822023914084026     
  -2.3561499158145329        1.6521958122139995      -0.58930350888967786     
  -2.3314291020011608        2.3515871444665080      -0.99108445691669744     
First
                         Total        1.250828178E+00
Step size:       0.20
Step size in Bohr:       0.38
Learning Rate:       1.00
# Steps:        100
                         Error  1        1.234262622E+00
                         Error  2        1.218440861E+00
                         Error  3        1.203329812E+00
                         Error  4        1.188896968E+00
                         Error  5        1.175110487E+00
                         Error  6        1.161939283E+00
                         Error  7        1.149353096E+00
                         Error  8        1.137322549E+00
                         Error  9        1.125819203E+00
                         Error 10        1.114815594E+00
                         Error 11        1.104285261E+00
                         Error 12        1.094202768E+00
                         Error 13        1.084543717E+00
                         Error 14        1.075284750E+00
                         Error 15        1.066403550E+00
                         Error 16        1.057878828E+00
                         Error 17        1.049690316E+00
                         Error 18        1.041818743E+00
                         Error 19        1.034245818E+00
                         Error 20        1.026954200E+00
                         Error 21        1.019927475E+00
                         Error 22        1.013150121E+00
                         Error 23        1.006607482E+00
                         Error 24        1.000285730E+00
                         Error 25        9.941718340E-01
                         Error 26        9.882535261E-01
                         Error 27        9.825192660E-01
                         Error 28        9.769582077E-01
                         Error 29        9.715601656E-01
                         Error 30        9.663155811E-01
                         Error 31        9.612154904E-01
                         Error 32        9.562514922E-01
                         Error 33        9.514157177E-01
                         Error 34        9.467008002E-01
                         Error 35        9.420998466E-01
                         Error 36        9.376064104E-01
                         Error 37        9.332144643E-01
                         Error 38        9.289183760E-01
                         Error 39        9.247128834E-01
                         Error 40        9.205930721E-01
                         Error 41        9.165543538E-01
                         Error 42        9.125924451E-01
                         Error 43        9.087033487E-01
                         Error 44        9.048833344E-01
                         Error 45        9.011289222E-01
                         Error 46        8.974368655E-01
                         Error 47        8.938041358E-01
                         Error 48        8.902279083E-01
                         Error 49        8.867055480E-01
                         Error 50        8.832345972E-01
                         Error 51        8.798127633E-01
                         Error 52        8.764379075E-01
                         Error 53        8.731080344E-01
                         Error 54        8.698212822E-01
                         Error 55        8.665759131E-01
                         Error 56        8.633703052E-01
                         Error 57        8.602029440E-01
                         Error 58        8.570724153E-01
                         Error 59        8.539773978E-01
                         Error 60        8.509166569E-01
                         Error 61        8.478890383E-01
                         Error 62        8.448934625E-01
                         Error 63        8.419289196E-01
                         Error 64        8.389944641E-01
                         Error 65        8.360892106E-01
                         Error 66        8.332123292E-01
                         Error 67        8.303630422E-01
                         Error 68        8.275406194E-01
                         Error 69        8.247443755E-01
                         Error 70        8.219736667E-01
                         Error 71        8.192278876E-01
                         Error 72        8.165064685E-01
                         Error 73        8.138088728E-01
                         Error 74        8.111345949E-01
                         Error 75        8.084831576E-01
                         Error 76        8.058541102E-01
                         Error 77        8.032470269E-01
                         Error 78        8.006615046E-01
                         Error 79        7.980971615E-01
                         Error 80        7.955536356E-01
                         Error 81        7.930305829E-01
                         Error 82        7.905276769E-01
                         Error 83        7.880446065E-01
                         Error 84        7.855810757E-01
                         Error 85        7.831368017E-01
                         Error 86        7.807115148E-01
                         Error 87        7.783049567E-01
                         Error 88        7.759168805E-01
                         Error 89        7.735470490E-01
                         Error 90        7.711952350E-01
                         Error 91        7.688612198E-01
                         Error 92        7.665447930E-01
                         Error 93        7.642457518E-01
                         Error 94        7.619639006E-01
                         Error 95        7.596990506E-01
                         Error 96        7.574510188E-01
                         Error 97        7.552196283E-01
                         Error 98        7.530047076E-01
                         Error 99        7.508060900E-01
                         Error100        7.486236136E-01
                         Error        7.486236136E-01
