-xyz
refined.xyz
-dens
/home/unibas/boittier/RDKit_G2/B.pdb/SCAN_1_2_3_4_S_36_10.0/35_SCAN/B.d.cube
-esp
/home/unibas/boittier/RDKit_G2/B.pdb/SCAN_1_2_3_4_S_36_10.0/35_SCAN/B.p.cube
-stepsize
0.2
-n_steps
10
-learning_rate
0.5
  -3.7233639573306849        2.6817692010708645       0.41651740988682151     
  -3.0423676894014258      -0.22571570341006686       0.60534142473354913     
  -2.8408256893697010       0.29073939506502500      -0.26767679746962109     
  -5.7403276110085555       -1.3076721916954281       0.10232407875930573     
  -2.9527434425660402       0.10804632404364042      -0.55362779295676789     
 -0.90698805626552770       -1.2294116908347048      -0.34052687789999153     
  -1.3915540772785624       -3.7960604894584105      -0.34083275515915595     
  -2.3505811778714718       -1.9017931577183200      -0.21289690134632872     
  -1.7871369116465421       -1.5394448948835908      -0.23433272527924962     
   1.3671886788300578        1.6745972642903471      -0.20300548081641182     
   1.3142853880496455        1.8571342291944211      -0.23363741944289632     
  0.95745308874738022        3.2801209541165175       -6.4283323090381331E-002
  0.97752104325655376        2.5484994613047580       -4.7639028264772683E-002
   1.0079775501435082      -0.76681048290493004      -0.20365831315558397     
   1.2323108591662553      -0.43362271592006141      -0.50644829243515566     
   1.4627844015531342      -0.46882774801352234       0.74739585745195702     
   1.1386990820399630       0.64925146887943264       -7.5044540188439257E-002
   2.9234258655540333       -1.0297922685412906      -0.90070383629658257     
   2.8172927128815246      -0.95290231520731561       0.99349174906364990     
   5.2307760683209734        3.7233134809122444E-002  0.20177255974668615     
   3.2573200675459426       -3.5783874520716026       0.10902238555873316     
First
                         Total        3.893067509E-01
Step size:       0.20
Step size in Bohr:       0.38
Learning Rate:       1.00
# Steps:         10
                         Error  1        3.888194582E-01
                         Error  2        3.883682435E-01
                         Error  3        3.879504190E-01
                         Error  4        3.875634928E-01
                         Error  5        3.872051555E-01
                         Error  6        3.868732672E-01
                         Error  7        3.865658460E-01
                         Error  8        3.862810566E-01
                         Error  9        3.860171996E-01
                         Error 10        3.857727023E-01
                         Error        3.857727023E-01
