-xyz
refined.xyz
-dens
/home/unibas/boittier/RDKit_G2/B.pdb/SCAN_1_2_3_4_S_36_-10.0/25_SCAN_1_2_3_4_F/B.d.cube
-esp
/home/unibas/boittier/RDKit_G2/B.pdb/SCAN_1_2_3_4_S_36_-10.0/25_SCAN_1_2_3_4_F/B.p.cube
-stepsize
0.2
-n_steps
5
-learning_rate
0.5
   3.3187970961277768        1.5632508501825104       -2.6535441875256760     
   3.3874898144978318      -0.76177173651599484      -0.51512079051034876     
   6.3812511762552484      -0.34416163109011194        7.5895099572303920E-002
   4.1051184501506164      -0.26584871024768025       0.24199857091907104     
   3.6565702333036394       0.41126340194243688       0.35039816834767057     
   2.7980876679865316      -0.61882437242635446       0.88096488728537681     
   1.3462277394388400      -0.78397573772903439        1.6842683105586123     
   2.2724379906550376      -0.66652300676615095       0.65417624001986141     
   1.2305439931521394      -0.72670151138261019       0.70248106304313307     
   2.0340227058381664       -2.0090545470431724        3.1239743639363384     
  -2.6571664310659582       -2.5195333875142918      -0.51849606401831116     
  -2.3251725001549453       -1.9948943194806106      -0.24177657329878985     
  -1.9817940049368699       -1.2597443165143825      -0.23169803903421693     
  -2.4623420165864798       -2.1886175523368241      -0.53961437163123249     
 -0.64982983843160513       0.28392844201268952       -1.7691682898735517E-002
  -1.1674990532181568      -0.39422723583800662       0.12626170917454732     
 -0.36729455615742063       0.65594016709421055       0.26446901553628122     
  -1.0390301634259629       0.61279672032817534       0.62051346585594136     
  -4.5115882724932508        2.5476029644606730      -0.42770032617255754     
  -1.2686263993152078        1.7409962246659449       0.39938656945826106     
  -1.7990229254634083        1.6885295539600309      -0.30474218617657106     
  -2.3206994827309413        1.4703549327821648       -6.3859003082626264E-002
  -2.1174872080802478        1.7041453895981791       0.27703446457568215     
 -0.87201759157138947        4.3724410068163078       -4.8719586669344422E-002
 -0.99930676292196752        4.2512192822089885       0.23388810444254934     
First
                         Total        8.171734936E-01
Step size:       0.20
Step size in Bohr:       0.38
Learning Rate:       1.00
# Steps:          5
                         Error  1        8.121545772E-01
                         Error  2        8.074121238E-01
                         Error  3        8.029253326E-01
                         Error  4        7.986749107E-01
                         Error  5        7.946429838E-01
                         Error        7.946429838E-01
