-xyz
refined.xyz
-dens
/home/unibas/boittier/RDKit_G2/B.pdb/SCAN_1_2_3_4_S_36_10.0/22_SCAN/B.d.cube
-esp
/home/unibas/boittier/RDKit_G2/B.pdb/SCAN_1_2_3_4_S_36_10.0/22_SCAN/B.p.cube
-stepsize
0.2
-n_steps
10
-learning_rate
0.5
  -3.9562358508488620        3.0112539952455681      -0.43575598457625297     
  -3.5315252729303594      -0.43318646017502505       0.68729891374419905     
  -3.7392714213109959      -0.67775016663539134        3.8366115296046298E-002
  -6.2721389896439907       -1.0530623715836707        9.0653469772120718E-003
  -3.4656310997602384      -0.61632558623132128      -0.56855023923549042     
  -1.7512766485078273      -0.25030647679645168       0.26192223225810424     
  -1.4420795566826621        2.2555542333118780E-002  0.24274032618072344     
  -1.8883750978640192       -2.5963192829977504       0.30479148994791860     
  -1.8854455944548132       -2.6595651494158821      -0.22189070119020454     
  -1.9957709472162832       -2.5632024369058573       0.81107956474429688     
   3.3601054176545646       -2.3887061869840247      -0.28375702925663765     
   2.7594794546026677       -1.7822458476953800      -0.17257578241290439     
  0.69319447559813285       0.78963894875703711      -0.62532060916588861     
  0.41404073394974228       0.93142720715803828      -0.38246691123825377     
   1.1022588687272039       0.91521154507888558       0.62781059528487748     
   1.4758009332928657      -0.22420689443705141      -0.15969824005990049     
   4.3331390287803702        3.1759985790644132       -2.9876378480258488E-002
   2.0571507710202428        2.0505579148988926        4.8336467150586225E-002
   1.7828198080975219        2.0410335608168797      -0.60887029460058451     
   1.9474472834345764        2.1087056961890167       0.74301873583721323     
 -0.28550321331432044        4.2626256667298801       0.10393709086721356     
First
                         Total        1.979236020E+00
Step size:       0.20
Step size in Bohr:       0.38
Learning Rate:       1.00
# Steps:         10
                         Error  1        1.964083484E+00
                         Error  2        1.949455058E+00
                         Error  3        1.935333804E+00
                         Error  4        1.921702946E+00
                         Error  5        1.908545907E+00
                         Error  6        1.895846331E+00
                         Error  7        1.883588120E+00
                         Error  8        1.871755449E+00
                         Error  9        1.860332796E+00
                         Error 10        1.849304956E+00
                         Error        1.849304956E+00
