-xyz
refined.xyz
-dens
/home/unibas/boittier/RDKit_G2/B.pdb/SCAN_1_2_3_4_S_36_10.0/25_SCAN_1_2_3_4_F/B.d.cube
-esp
/home/unibas/boittier/RDKit_G2/B.pdb/SCAN_1_2_3_4_S_36_10.0/25_SCAN_1_2_3_4_F/B.p.cube
-stepsize
0.2
-n_steps
1
-learning_rate
0.5
   4.4319840650597842      -0.48666318990151819      -0.88459972561407463     
   2.7487621152358295        1.7653969774018448       0.74081416170531511     
   4.4952514907602259        4.0295929998490099      -0.27432203321410559     
   2.7883532991022553        2.5357148628497188       -9.9623870632635350E-002
   2.4413940597333981        2.0689172308929247      -0.67374455079653717     
   1.0766670399793847        2.3264316898577002       0.14932551214578382     
   1.1339777566112172        1.1014515467188681        1.0928008603244734     
  0.98259586733149973        1.7706668381619803       -3.1347190398179434E-003
  0.73385965117171004       0.80159798683678662       0.25104644898515072     
 -0.88615104627492836        3.5471388701780606       0.98256936376002479     
   1.0463953680076585       -3.6898756683768554      -0.13274764024627644     
  0.77400103626200734       -3.1145787210856932       0.12615935285149832     
  0.16324327877478492       -2.5777943681057409       0.20574439645492396     
  0.82654298456653352       -3.3692852710925685      -0.15221482360371014     
 -0.78818273177578091      -0.84182755290221500       0.31279763764987079     
 -0.26637016939756830       -1.5005184486068612       0.46974338049450604     
  -1.0135534101575279      -0.39911151375060294       0.59763597215664077     
  -1.0017111540197996      -0.96521170278911039        1.0986823289712073     
  -5.3889403336284483       0.26553687447592444      -0.85941032503263881     
  -2.2402774539494406      -0.88288342890532434        1.0987735072078879     
  -2.8676888106257592       0.13745752385282267       0.46173615608991470     
  -3.0494381019800647        5.0720288037882630E-002 -0.12823743270115509     
  -2.9892551552220956      -0.37799919563801609        5.7081177849153231E-002
  -4.0313572854555870       -1.1703017299423357        2.7202027064918606     
  -3.9751829896608126       -1.3805219064040100        2.4696839232141667     
First
                         Total        3.511000880E+00
Step size:       0.20
Step size in Bohr:       0.38
Learning Rate:       1.00
# Steps:          1
                         Error  1        3.494249413E+00
                         Error        3.494249413E+00
