-xyz
refined.xyz
-dens
/home/unibas/boittier/RDKit_G2/B.pdb/SCAN_1_2_3_4_S_36_10.0/21_SCAN/B.d.cube
-esp
/home/unibas/boittier/RDKit_G2/B.pdb/SCAN_1_2_3_4_S_36_10.0/21_SCAN/B.p.cube
-stepsize
0.2
-n_steps
1
-learning_rate
0.5
  -3.7250832151976065        2.7508351204264083       -1.3631015170970893     
  -3.2041413278801194       0.29651015409614484       0.33215844766239278     
  -2.8760217814175433       0.36948673993842096      -0.64600057559560686     
  -5.8829219072996661      -0.86116639463102984       0.15338692522570985     
  -2.9624162809151486        7.7220970678640616E-002 -0.83257681398129724     
  -1.1687137724881420      -0.59726966075592181       0.56203571331796875     
  -1.6510338347338858       -3.3067240453443789        1.2901025181939434     
  -2.6457147368731095       -1.2063584467815018       0.56565438788524691     
  -1.9995487609369063       -1.0335766868301337       0.52284229658887693     
   2.4466350876629397      -0.91978185132062507       -2.5626211025057632E-002
   2.5407972812345827       -1.0875208891644508       -1.7324512057524125E-002
   3.2660642732414020       -2.3277672139082530      -0.35898181614152541     
   2.7661182516648322       -1.7989267808319487      -0.28057571364589823     
  0.47683375323173038       0.54644686348991200       0.30762146207125651     
  0.90354313726903868       0.45099904897146087       0.55655515410289924     
  0.89506396243628716       0.72458856307512010      -0.68926592826904620     
   1.5456117212241005      -0.34597316004114365       -9.3497678296999148E-003
   1.7411004579414802        1.9652898813408843        1.0828484918739041     
   1.4922600057680659        2.0933370492462067      -0.79523361518243851     
   3.9957529617411218        2.9757212775366524      -0.17233588217329474     
  0.10547580925801832        4.1249358536423175       0.55149470222898445     
First
                         Total        1.534824944E+00
Step size:       0.20
Step size in Bohr:       0.38
Learning Rate:       1.00
# Steps:          1
                         Error  1        1.496429712E+00
                         Error        1.496429712E+00
