-xyz
refined.xyz
-dens
/home/unibas/boittier/RDKit_G2/B.pdb/SCAN_1_2_3_4_S_36_-10.0/13_SCAN/B.d.cube
-esp
/home/unibas/boittier/RDKit_G2/B.pdb/SCAN_1_2_3_4_S_36_-10.0/13_SCAN/B.p.cube
-stepsize
0.2
-n_steps
10
-learning_rate
0.5
  -3.5403242960483228        2.4248322575173349       -2.1078325566042087     
  -3.2051092428850532       0.48051983960344624       0.17588584016407563     
  -2.8287744238677344       0.26921518689123486      -0.76943596393072733     
  -5.9200644663138666      -0.62072850729571671       0.16353862085208851     
  -2.9120207245579830       -1.2503427781476650E-002 -0.88501225968271058     
  -1.1713183692936706      -0.46681184332794595       0.76663355977251268     
  -1.8033156648952264       -2.8459981292455825        2.0615419091258387     
  -2.6796694643399346      -0.97332739484796982       0.89667217129721866     
  -2.0299582954664981      -0.81028867310974595       0.77441599330382382     
   2.3615139472547608       -1.0443569045336658      -0.11464889283338267     
   2.4501002716356726       -1.1934107563404235      -0.13021585495666257     
   3.0552741999241628       -2.5003391471847198      -0.50362657706324865     
   2.6043246243450486       -1.9188077090771549      -0.40426612747244439     
  0.53028920916013944       0.55783344845265481       0.36796547025396864     
  0.96906469933960115       0.46238529677012574       0.56067417112794571     
  0.87665432899440598       0.72885429147095881      -0.67841060369151351     
   1.5034284067935613      -0.40525021586944676       -2.6945111445860218E-002
   1.9431108606962326        1.8904472227566491        1.0993056574969982     
   1.5823118141439492        2.0694420361089172      -0.75716788456294504     
   4.1786069707558999        2.7706077758289842      -0.27979753688585479     
  0.41870631939343733        4.1534411985720610       0.71441167677833561     
First
                         Total        6.331334566E-01
Step size:       0.20
Step size in Bohr:       0.38
Learning Rate:       1.00
# Steps:         10
                         Error  1        6.270861247E-01
                         Error  2        6.213086157E-01
                         Error  3        6.157887955E-01
                         Error  4        6.105149269E-01
                         Error  5        6.054756707E-01
                         Error  6        6.006600858E-01
                         Error  7        5.960576281E-01
                         Error  8        5.916581478E-01
                         Error  9        5.874518857E-01
                         Error 10        5.834294686E-01
                         Error        5.834294686E-01
