-xyz
global_fitted_global.xyz
-dens
/home/unibas/boittier/RDKit_G2/B.pdb/SCAN_1_2_3_4_S_36_10.0/28_SCAN/B.d.cube
-esp
/home/unibas/boittier/RDKit_G2/B.pdb/SCAN_1_2_3_4_S_36_10.0/28_SCAN/B.p.cube
-stepsize
0.2
-n_steps
0
-learning_rate
0.5
   3.2210830185062482        9.4937364579851552E-002  -3.3736679349140890     
   3.0890911772987084      -0.72453221013899072      -0.50602942310783139     
   2.7315502552752942       0.20416177772811986      -0.76640756795414100     
   5.9090075757769549      -0.32495379150787174       0.18239207165000532     
   2.8964089706996101       0.46409548530707967      -0.58133542432775287     
   1.1204764593532432      -0.46155460703133305        1.0093228449906084     
   2.0885831384342137      -0.58301048347470263        3.4236723261108946     
   2.6893345271559621      -0.56301603634152320        1.3010698966304080     
   2.0479115144261542      -0.46256789984271257        1.1484541985871175     
  -1.9075625729032806        1.4601686012632191        4.2409073071523279E-002
  -1.9278055406560715        1.6464914444386249        7.5801652071428943E-002
  -2.0119381165571593        3.1124511955755385      -0.13154946335025927     
  -1.7942478481874009        2.4103086928314048       -8.1896623600331647E-002
 -0.80119438195067649      -0.72797866323438998       0.34697098513894492     
  -1.1858051298185714      -0.50482020539462091       0.55883679226595462     
  -1.0587655469248258      -0.61147049270642606      -0.70684672743339549     
  -1.3356911485439187       0.55758008260772141        6.5920044599553460E-002
  -2.6014280177937130       -1.5969361941379614       0.75307289679908773     
  -2.1548249311122309       -1.5410058387994279       -1.0923168236545513     
  -4.8637570682334532       -1.3928308032751429      -0.85319430992853662     
  -1.8953359834338548       -4.1224660317560460       -5.3452580635527311E-002
First
                         Total        1.149256116E+00
Step size:       0.20
Step size in Bohr:       0.38
Learning Rate:       1.00
# Steps:          0
                         Error        1.149256116E+00
