atom_charge_dict:  {6: [0, 1], 5: [2, 3], 0: [4, 5, 6, 7], 1: [8, 9, 10, 11, 14], 7: [12, 13], 4: [15, 16, 17], 2: [18], 3: [19, 20, 21, 22]}
3
3 [19, 20, 21, 22] [0.25343856 0.39834805 0.14845133]
3 [19, 20, 21, 22] [ 0.14458395 -0.24537491 -0.21091531]
3 [19, 20, 21, 22] [-0.09335997 -0.20862197 -0.1010614 ]
3 [19, 20, 21, 22] [-0.2927637  -0.01013878  0.09210987]
2
2 [18] [ 0.24497226 -0.38629676 -0.31309778]
1
1 [8, 9, 10, 11, 14] [ 0.50199464  0.19238106 -0.05929943]
1 [8, 9, 10, 11, 14] [-0.11084198  0.35595925  0.25121462]
1 [8, 9, 10, 11, 14] [0.08804001 0.33054196 0.29232059]
1 [8, 9, 10, 11, 14] [0.20593554 0.18736181 0.09773514]
1 [8, 9, 10, 11, 14] [-0.00221551  0.55886746  0.01177652]
4
4 [15, 16, 17] [ 0.25186789 -0.12893462  0.14591607]
4 [15, 16, 17] [ 0.11159447 -0.02127081 -0.1315644 ]
4 [15, 16, 17] [ 0.10117915  0.08053137 -0.25570897]
2
1
5
5 [2, 3] [ 0.00207759 -0.0347501  -0.03705871]
5 [2, 3] [-0.08994602 -0.06454117 -0.03350528]
0
0 [4, 5, 6, 7] [-0.15371744  0.22624275 -0.09316252]
0 [4, 5, 6, 7] [ 0.10053738  0.50487566 -0.24104772]
0 [4, 5, 6, 7] [ 0.2943633  -0.10199524 -0.04859962]
0 [4, 5, 6, 7] [-0.54806611 -0.10672904  0.15801151]
6
6 [0, 1] [-0.0519475  -0.12179014  0.09590522]
6 [0, 1] [-0.02878231  0.08251498  0.02267895]
7
7 [12, 13] [ 0.25830073  0.20728713 -0.12048646]
7 [12, 13] [-0.16802745  0.35217271 -0.08339906]
1
0
RMSD using the Kabsch algorithm: 0.8692345460723087
1 [ 1.22841583 -1.4964798   0.61137389]
2 [ 1.25158103 -1.29217468  0.53814762]
3 [ 2.61259822 -0.30338574 -0.18364921]
4 [ 2.52057461 -0.33317682 -0.18009578]
5 [ 1.40688321 -0.19346076 -0.01275355]
6 [ 1.66113803  0.08517215 -0.16063875]
7 [ 1.85496395 -0.52169875  0.03180935]
8 [ 1.01253455 -0.52643254  0.23842049]
9 [ 1.14908656  0.71681875 -0.23038342]
10 [0.53624994 0.88039694 0.08013063]
11 [0.73513193 0.85497965 0.12123661]
12 [ 0.85302746  0.7117995  -0.07334884]
13 [ 1.19990347  1.70633392 -0.67843587]
14 [ 0.77357529  1.85121949 -0.64134848]
15 [ 0.64487641  1.08330515 -0.15930746]
16 [-0.92110955  1.06444418  1.0059086 ]
17 [-1.06138297  1.17210799  0.72842813]
18 [-1.0717983   1.27391017  0.60428356]
19 [-0.53137802  0.00580963 -0.09799421]
20 [-1.27750702 -0.10541999 -0.02873565]
21 [-1.38636162 -0.74914295 -0.38810229]
22 [-1.62430555 -0.71239001 -0.27824838]
23 [-1.82370928 -0.51390682 -0.08507711]
