-xyz
refined.xyz
-dens
../../cube_files/acrolein/6_SCAN_1_2_6_8_F/O.d.cube
-esp
../../cube_files/acrolein/6_SCAN_1_2_6_8_F/O.p.cube
-stepsize
0.2
-n_steps
1
-learning_rate
0.5
   4.5494549433379410        2.5665618231156696E-002  0.33596338726434449     
   4.1853936085772165       0.16522394289921302       0.31545131065914295     
   3.1587593363466890        3.5073571190309223       -7.4662018954042711E-003
   3.1361658074991019        3.3192650580618519       -2.8187118839012797E-002
   2.1827613588238322        1.3812627431610383        9.1175210019717609E-002
   1.8626963494072808        2.0793054437124407       -6.0635866477231647E-002
   3.0851396533623743        1.9519028494470945        1.5302228632805457E-002
   2.5754998761781094       0.39428647894330832       0.11314430494000831     
  0.88273743560837836        1.4517034110977851      -0.28077807036426905     
   1.0971618417888247       0.16805043346448162       -3.2080592408474475E-002
   1.1970830958809615       0.44587409288802887      -0.16315185839459706     
  0.84284170812260328       0.80104462615807293      -0.12116264464170279     
  -1.0974345082306129        2.2650933449583976       -1.6678167966314985     
  -1.9485479662705083        1.4781892787530930       -1.1582104377335141     
   1.1661804416372767       0.46850624147742137       0.53649923153951973     
   1.7534687731144059       -3.0425501006620661      -0.34896788652293648     
   1.4573968955993650       -3.0799619431554102       0.19581204292354148     
   1.3984641205635240       -3.0389763932658083       0.49706231076714041     
 -0.76889275836041626       -1.6631531723204325      -0.78958596608496323     
  -2.4667983504046838      -0.28668259129834817       0.39296122990572657     
  -3.3706670623510382       0.80516428317711808       0.44937673956670449     
  -3.6797185189118249       0.44550748206490803       0.46165786282299898     
  -3.7771740650445214      -0.22010464186634038       0.46024225935001994     
First
                         Total        2.171038731E+01
Step size:       0.20
Step size in Bohr:       0.38
Learning Rate:       1.00
# Steps:          1
                         Error  1        2.165484343E+01
                         Error        2.165484343E+01
