-xyz
refined.xyz
-dens
../../cube_files/fbuta/15_SCAN_1_2_3_4_F/B.d.cube
-esp
../../cube_files/fbuta/15_SCAN_1_2_3_4_F/B.p.cube
-stepsize
0.2
-n_steps
100
-learning_rate
0.5
   3.2166597759380200        1.6684010273180561       -2.3897436674347721     
   3.2921308287846882      -0.97496273751553375      -0.67580375000717008     
   6.2877878638645068      -0.81315298870062791      -0.15947138548571294     
   4.0062493314994470      -0.71130322835493520        7.2253148833804626E-002
   3.6171774981717912        4.6253068105752027E-002  0.38835450909192892     
   2.6113696492709955       -1.1732264708937061        1.1579733006454935     
   1.8372053671413591      -0.56638728070056077      -0.17118400917888890     
   2.0845998111281672      -0.96920007091323113        1.1006705347525885     
   1.3392368257426870      -0.43078448561076677       0.66437389970614003     
   2.0108887334605177       -2.8471718016604872        2.7433765771150629     
  -1.5188658258712899        2.9630415128036089       0.20565461252966036     
  -1.3357358380685540        2.3475494792988898        8.0505656831434805E-002
  -1.3835337328932638        1.5074988002652070       0.16163078313702128     
  -1.4802621554771624        2.6042402434879959       0.29316238109461745     
 -0.89701106788883966      -0.39791181810840504       0.41369390616322171     
 -0.95843733117542329       0.36415306212818660       0.13426789448165372     
 -0.71610975646587161      -0.89106002565200715       0.27657432165298540     
  -1.0940423240518589      -0.61444876472094201      -0.31323868678641825     
  -5.1417278866059446      -0.76115813432650647       -1.0065342384570564     
  -1.8639988999776584       -1.5055258310630428      -0.30318631710056743     
  -2.5512507327266327       -1.1279993812988898        9.1956080595450115E-002
  -2.7443993689883315      -0.77385820518980586      -0.32053952044344469     
  -2.5717322762023587       -1.0916505114465114      -0.54012759803564536     
  -2.8837068619992863       -3.9665961256132185       0.10331773832625278     
  -2.8440086590049294       -3.8258180783143101      -0.19180411759776719     
First
                         Total        6.256410030E-01
Step size:       0.20
Step size in Bohr:       0.38
Learning Rate:       1.00
# Steps:        100
                         Error  1        6.208965329E-01
                         Error  2        6.164640454E-01
                         Error  3        6.123216841E-01
                         Error  4        6.084489342E-01
                         Error  5        6.048265697E-01
                         Error  6        6.014365997E-01
                         Error  7        5.982622120E-01
                         Error  8        5.952877168E-01
                         Error  9        5.924984890E-01
                         Error 10        5.898809116E-01
                         Error 11        5.874223193E-01
                         Error 12        5.851109435E-01
                         Error 13        5.829358588E-01
                         Error 14        5.808869303E-01
                         Error 15        5.789547644E-01
                         Error 16        5.771306599E-01
                         Error 17        5.754065627E-01
                         Error 18        5.737750213E-01
                         Error 19        5.722291461E-01
                         Error 20        5.707625695E-01
                         Error 21        5.693694092E-01
                         Error 22        5.680442330E-01
                         Error 23        5.667820263E-01
                         Error 24        5.655781616E-01
                         Error 25        5.644283691E-01
                         Error 26        5.633287105E-01
                         Error 27        5.622755539E-01
                         Error 28        5.612655503E-01
                         Error 29        5.602956120E-01
                         Error 30        5.593628927E-01
                         Error 31        5.584647687E-01
                         Error 32        5.575988215E-01
                         Error 33        5.567628221E-01
                         Error 34        5.559547158E-01
                         Error 35        5.551726086E-01
                         Error 36        5.544147547E-01
                         Error 37        5.536795448E-01
                         Error 38        5.529654949E-01
                         Error 39        5.522712368E-01
                         Error 40        5.515955087E-01
                         Error 41        5.509371468E-01
                         Error 42        5.502950773E-01
                         Error 43        5.496683095E-01
                         Error 44        5.490559290E-01
                         Error 45        5.484570915E-01
                         Error 46        5.478710175E-01
                         Error 47        5.472969868E-01
                         Error 48        5.467343340E-01
                         Error 49        5.461824439E-01
                         Error 50        5.456407476E-01
                         Error 51        5.451087190E-01
                         Error 52        5.445858710E-01
                         Error 53        5.440717526E-01
                         Error 54        5.435659459E-01
                         Error 55        5.430680638E-01
                         Error 56        5.425777469E-01
                         Error 57        5.420946622E-01
                         Error 58        5.416185000E-01
                         Error 59        5.411489728E-01
                         Error 60        5.406858133E-01
                         Error 61        5.402287727E-01
                         Error 62        5.397776194E-01
                         Error 63        5.393321375E-01
                         Error 64        5.388921256E-01
                         Error 65        5.384573960E-01
                         Error 66        5.380277729E-01
                         Error 67        5.376030921E-01
                         Error 68        5.371832001E-01
                         Error 69        5.367679527E-01
                         Error 70        5.363572149E-01
                         Error 71        5.359508598E-01
                         Error 72        5.355487683E-01
                         Error 73        5.351508280E-01
                         Error 74        5.347569333E-01
                         Error 75        5.343669845E-01
                         Error 76        5.339808874E-01
                         Error 77        5.335985530E-01
                         Error 78        5.332198970E-01
                         Error 79        5.328448394E-01
                         Error 80        5.324733045E-01
                         Error 81        5.321052201E-01
                         Error 82        5.317405177E-01
                         Error 83        5.313791319E-01
                         Error 84        5.310210003E-01
                         Error 85        5.306660634E-01
                         Error 86        5.303142643E-01
                         Error 87        5.299655483E-01
                         Error 88        5.296198631E-01
                         Error 89        5.292771585E-01
                         Error 90        5.289373861E-01
                         Error 91        5.286004995E-01
                         Error 92        5.282664539E-01
                         Error 93        5.279352060E-01
                         Error 94        5.276067140E-01
                         Error 95        5.272809376E-01
                         Error 96        5.269578376E-01
                         Error 97        5.266373762E-01
                         Error 98        5.263195166E-01
                         Error 99        5.260042232E-01
                         Error100        5.256914611E-01
                         Error        5.256914611E-01
