-xyz
refined.xyz
-dens
/home/unibas/boittier/RDKit_G2/B.pdb/SCAN_1_2_3_4_S_36_-10.0/15_SCAN_1_2_3_4_F/B.d.cube
-esp
/home/unibas/boittier/RDKit_G2/B.pdb/SCAN_1_2_3_4_S_36_-10.0/15_SCAN_1_2_3_4_F/B.p.cube
-stepsize
0.2
-n_steps
50
-learning_rate
0.5
  -3.6576626418396940        2.4527775468143278       -1.3399480368301802     
  -3.5313325974547261       -1.3411141038286277E-002  0.75768419184027747     
  -6.3391347974297627      -0.89965487591761018        7.7875364974561739E-002
  -4.0568016277392793      -0.76640626777040022       -1.2847047488833614E-003
  -3.5417337735691481      -0.64030055026637289      -0.59484695318413572     
  -2.5757893970856207       -1.3956204177635618       0.75058958004026133     
  -1.5848911632405340       -1.1802165928984290      -0.60622131610165020     
  -2.0118423310060085       -1.2999731987251446       0.66953322218789868     
  -1.0888526921544130       -1.1475872226785069       0.28859762677443496     
  -1.6586822536934673       -3.5996737607036189        1.4054820592867552     
   3.1753861452367360       -2.0914141230396721      -0.33348699299600354     
   2.6722908545522683       -1.6610856049730536      -0.39419914536251605     
   2.2240258572437814       -1.0020574962052353      -0.17569673364055549     
   2.9438391526168557       -1.8290183418978285      -0.20510989818705888     
  0.68899228417906411       0.20565309206742505       0.32154367160967184     
   1.2069328407127373      -0.32651847539104800       -7.9578817417273670E-002
  0.25805929773997749       0.51852484246090746       0.23382742535897535     
  0.71975218863554580       0.63753958440794400      -0.34958759668501976     
   3.9692504493881824        3.2152596158144675      -0.20832864025115122     
  0.85095032846500895        1.7998818752177899        6.8020694091019213E-002
   1.6207949794527083        1.7638351793439608       0.49029940159493773     
   2.0103379651067526        1.7170683290478752        2.7370109297314271E-002
   1.6614513591116540        1.9370807131529810      -0.13369315630373893     
  0.27120009119975053        4.1644918958855275        1.2336408473082119     
  0.30812262226479981        4.1266015531364983       0.90168023963695176     
First
                         Total        5.448728205E-01
Step size:       0.20
Step size in Bohr:       0.38
Learning Rate:       1.00
# Steps:         50
                         Error  1        5.435298791E-01
                         Error  2        5.422385815E-01
                         Error  3        5.409951579E-01
                         Error  4        5.397961366E-01
                         Error  5        5.386383216E-01
                         Error  6        5.375187708E-01
                         Error  7        5.364347765E-01
                         Error  8        5.353838467E-01
                         Error  9        5.343636885E-01
                         Error 10        5.333721918E-01
                         Error 11        5.324074154E-01
                         Error 12        5.314675728E-01
                         Error 13        5.305510204E-01
                         Error 14        5.296562455E-01
                         Error 15        5.287818563E-01
                         Error 16        5.279265716E-01
                         Error 17        5.270892122E-01
                         Error 18        5.262686923E-01
                         Error 19        5.254640123E-01
                         Error 20        5.246742514E-01
                         Error 21        5.238985614E-01
                         Error 22        5.231361608E-01
                         Error 23        5.223863290E-01
                         Error 24        5.216484019E-01
                         Error 25        5.209217668E-01
                         Error 26        5.202058581E-01
                         Error 27        5.195001542E-01
                         Error 28        5.188041728E-01
                         Error 29        5.181174687E-01
                         Error 30        5.174396301E-01
                         Error 31        5.167702762E-01
                         Error 32        5.161090544E-01
                         Error 33        5.154556381E-01
                         Error 34        5.148097248E-01
                         Error 35        5.141710339E-01
                         Error 36        5.135393047E-01
                         Error 37        5.129142954E-01
                         Error 38        5.122957808E-01
                         Error 39        5.116835515E-01
                         Error 40        5.110774126E-01
                         Error 41        5.104771822E-01
                         Error 42        5.098826905E-01
                         Error 43        5.092937788E-01
                         Error 44        5.087102988E-01
                         Error 45        5.081321116E-01
                         Error 46        5.075590868E-01
                         Error 47        5.069911020E-01
                         Error 48        5.064280423E-01
                         Error 49        5.058697995E-01
                         Error 50        5.053162713E-01
                         Error        5.053162713E-01
