atom_charge_dict:  {0: [0, 1], 2: [2, 3], 3: [4, 5], 4: [6], 6: [7, 8, 9], 1: [10, 11, 12], 5: [13, 14, 15, 16], 7: [17, 18], 9: [19], 8: [20, 21], 10: [22, 23]}
2
2 [2, 3] [-0.04702708 -0.05906608  0.1004268 ]
2 [2, 3] [-0.05014358 -0.15144385  0.29669485]
0
0 [0, 1] [ 0.01021573 -0.26371657  0.21170815]
0 [0, 1] [ 0.07771525 -0.1742253   0.52240952]
1
1 [10, 11, 12] [-0.55132393 -0.13879415 -0.07944271]
1 [10, 11, 12] [0.12313598 0.19027599 0.16380266]
1 [10, 11, 12] [0.0279441  0.35597523 0.43532569]
3
3 [4, 5] [-0.07573606 -0.09241132 -0.1030857 ]
3 [4, 5] [-0.31076448 -0.15400323 -0.17633196]
0
4
4 [6] [-0.14763349  0.20185132  0.29926136]
6
6 [7, 8, 9] [ 0.21178891 -0.19638293  0.04623237]
6 [7, 8, 9] [-0.18070395 -0.35476185 -0.07291518]
6 [7, 8, 9] [0.20042473 0.0374253  0.06675284]
1
5
5 [13, 14, 15, 16] [0.29815879 0.08346411 0.07018312]
5 [13, 14, 15, 16] [-0.11670914 -0.00997198  0.16954825]
5 [13, 14, 15, 16] [-0.17167053 -0.25596641 -0.05952269]
5 [13, 14, 15, 16] [ 0.02217369 -0.02548943 -0.2993035 ]
8
8 [20, 21] [-0.21834497 -0.15468938 -0.14796046]
8 [20, 21] [-0.22474925 -0.1921398  -0.26806146]
7
7 [17, 18] [-0.30122424 -0.05780919 -0.2693297 ]
7 [17, 18] [ 0.47922786  0.07172466 -0.2885344 ]
9
9 [19] [0.37795868 0.26424989 0.25035631]
10
10 [22, 23] [ 0.033851   -0.39504962 -0.03730621]
10 [22, 23] [-0.02210831 -0.06991795 -0.02478201]
7
5
RMSD using the Kabsch algorithm: 1.191137181254491
1 [0.98048134 0.99924901 0.19547353]
2 [1.04798086 1.08874028 0.5061749 ]
3 [ 0.69537068  1.65770106 -0.88463671]
4 [ 0.69225418  1.56532329 -0.68836866]
5 [1.96135355 1.25270687 0.08656922]
6 [1.72632513 1.19111497 0.01332296]
7 [0.27369247 2.01958066 1.05177646]
8 [ 1.55246043 -1.31229975  0.2418146 ]
9 [ 1.15996757 -1.47067866  0.12266705]
10 [ 1.54109624 -1.07849152  0.26233507]
11 [ 0.02520277 -0.32887294 -0.11309148]
12 [6.99662680e-01 1.97197122e-04 1.30153878e-01]
13 [0.6044708  0.16589644 0.40167692]
14 [-0.41171893 -0.37416657 -0.40865433]
15 [-0.82658685 -0.46760267 -0.3092892 ]
16 [-0.88154824 -0.71359709 -0.53836014]
17 [-0.68770403 -0.48312011 -0.77814095]
18 [-2.15157947  0.04336998 -0.03281457]
19 [-1.37112737  0.17290383 -0.05201927]
20 [-2.34730446 -0.02813364 -0.02509936]
21 [-2.06231726 -0.39303916  1.12776728]
22 [-2.06872154 -0.43048959  1.00766629]
23 [-1.8226993   0.80005325  0.1515687 ]
24 [-1.87865861  1.12518491  0.1640929 ]
