-xyz
refined.xyz
-dens
/home/unibas/boittier/RDKit_G2/B.pdb/SCAN_1_2_3_4_S_36_10.0/30_SCAN_1_2_3_4_F/B.d.cube
-esp
/home/unibas/boittier/RDKit_G2/B.pdb/SCAN_1_2_3_4_S_36_10.0/30_SCAN_1_2_3_4_F/B.p.cube
-stepsize
0.2
-n_steps
0
-learning_rate
0.5
  -3.9761345364834155        1.9722018571682793      -0.34212270282774265     
  -3.3389134540029017       -1.0835379341043920       0.35190340853742358     
  -5.7359499533601390       -2.1110189150674810       -1.2011694958342889     
  -3.6100000669167107       -1.4999668372567394      -0.67557074119098348     
  -3.0650154495339117       -1.0712382318839249       -1.1022806853898321     
  -1.9717552342894606       -2.0436074979241501      -0.44915732476078191     
  -1.5699487318821412       -1.1540676458164707        1.0030952418332113     
  -1.6531325209310963       -1.5654575683042398      -0.43260531377637618     
  -1.1051078259579472      -0.86873038915373402       0.18552534426092765     
 -0.68925541687675895       -4.1181894519433158       -8.4772637698364087E-002
  0.42062722054945123        3.3490177112028565       0.61216595967220999     
  0.47615978490224503        2.6796323588842621       0.75433104433539000     
  0.78571306760241777        1.9343518850000649       0.66596246215063126     
  0.52982019746161468        2.9847151460853563       0.53098295714856758     
  0.97543763873554723       -6.7887945478822070E-002  0.39029501825953566     
  0.77672062401228448       0.70570531382931767       0.70260047054300057     
  0.98447571608517037      -0.60576420725564906       0.55888366154585978     
   1.2304948072571300      -0.20562794341526966        1.1591354524602966     
   5.3077997579487883        6.4171192081231912E-002 -0.86850168914707493     
   2.3109413347928793      -0.79308962892103052        1.0144572167204187     
   2.7071936354445159      -0.84540051328435695      -0.12022920141482384     
   2.9657589644621267      -0.29688132240853021      -0.18732921381467851     
   2.9752417895697665      -0.36812938047332933       0.26085012495325022     
   3.8248349532841881       -2.9404920571074524        1.4557503602217536     
   3.8428125271443343       -2.6508733000401450        1.6143846079099273     
First
                         Total        4.126701463E+00
Step size:       0.20
Step size in Bohr:       0.38
Learning Rate:       1.00
# Steps:          0
                         Error        4.126701463E+00
