-xyz
refined.xyz
-dens
/home/unibas/boittier/RDKit_G2/B.pdb/SCAN_1_2_3_4_S_36_-10.0/24_SCAN_1_2_3_4_F/B.d.cube
-esp
/home/unibas/boittier/RDKit_G2/B.pdb/SCAN_1_2_3_4_S_36_-10.0/24_SCAN_1_2_3_4_F/B.p.cube
-stepsize
0.2
-n_steps
0
-learning_rate
0.5
   3.3990783689110042        1.8921765315936736       -2.3580571953830152     
   3.3787598011852515      -0.76516873960480525      -0.61459128321913836     
   6.3733861663023239      -0.50742304263439275        6.1514026420477937E-002
   4.1003195271774233      -0.40080083177919257       0.19113304992139410     
   3.6566608390353315       0.23483142882030056       0.44020417319383354     
   2.7602218649882602      -0.85448634102003362       0.75375748321484248     
   1.3308200420308800      -0.97529800732377714        1.5819671085195983     
   2.2391328330633242      -0.91012553883157699       0.51755363437782376     
   1.1828913129371807      -0.86333569592521375       0.61682645182151430     
   1.9385311892067851       -2.5631574159550996        2.7244652899481174     
  -2.8453659355632452       -2.3909979674107711      -0.52853070570903027     
  -2.4608513337257851       -1.8967791652952244      -0.24698528573415368     
  -2.0799433945437089       -1.1799190018596624      -0.23719376654377858     
  -2.6194552712430039       -2.0749041032307178      -0.54523956057686795     
 -0.63532352339773257       0.25484093701160082       -3.6664089172923485E-002
  -1.1983362602424703      -0.37410838762437143       0.11469338009782873     
 -0.32183134221359094       0.62428380445687681       0.25151868356087120     
 -0.98696229032868377       0.59652326893581731       0.62268819993351743     
  -4.3436322685733453        2.7892747290706303      -0.31700790018845748     
  -1.1418589769899101        1.7597975763506741       0.42401636874947168     
  -1.6952952954696592        1.7469921744302097      -0.27438951893490182     
  -2.2225130129305488        1.5681505949228625       -2.4812052749017904E-002
  -2.0027722662629994        1.7703702780758968       0.31702436053657862     
 -0.59007461834856001        4.3609563366006041        1.9765876734063742E-002
 -0.70570796295456506        4.2484567270369835       0.30845222835111663     
First
                         Total        1.212012570E+00
Step size:       0.20
Step size in Bohr:       0.38
Learning Rate:       1.00
# Steps:          0
                         Error        1.212012570E+00
