-xyz
refined.xyz
-dens
/home/unibas/boittier/RDKit_G2/B.pdb/SCAN_1_2_3_4_S_36_10.0/31_SCAN_1_2_3_4_F/B.d.cube
-esp
/home/unibas/boittier/RDKit_G2/B.pdb/SCAN_1_2_3_4_S_36_10.0/31_SCAN_1_2_3_4_F/B.p.cube
-stepsize
0.2
-n_steps
0
-learning_rate
0.5
   3.3494617286026149        2.0454914443037513       -1.9007371549615075     
   3.2382957800571397      -0.95586478110121287      -0.80482741095127019     
   6.2522381672704590      -0.99250789109627502      -0.22444615831060974     
   4.0017968078419166      -0.79742830695522193        2.8580157813040349E-002
   3.5970545833916687      -0.21096576432404304       0.42246243028111841     
   2.5395146254142174       -1.4745162978585349       0.95561888684676877     
   1.7914125604839581      -0.72453794098027680      -0.31779855386059247     
   2.0998246341540061       -1.1062721933994719       0.99422910372958884     
   1.3045550165651651      -0.58263965324010103       0.52407409870769428     
   1.8473076206243249       -3.3555884598271248        2.1393988361583074     
  -1.3435675453052602        3.0480008308216346       0.23415905201150961     
  -1.2232286765277924        2.3891597461414733        8.3101087314485955E-002
  -1.3157894237417209        1.5875679308340265       0.17231036714659906     
  -1.3464972912930182        2.6673786832051993       0.31383553780993212     
 -0.91496304269006135      -0.39983283348892162       0.42635576516205376     
 -0.95814506876972039       0.39889069613160499       0.11708935223029433     
 -0.77942961801955579      -0.91795543867218832       0.25030364996458099     
  -1.1566153844021707      -0.60288096936238100      -0.33227305038027782     
  -5.2219394228616114      -0.49362024593745807      -0.91139349873819231     
  -1.9723665178546081       -1.4567711603409870      -0.30468961038835773     
  -2.6284822984964369       -1.0355995461021474       0.12699670470070226     
  -2.8411263104311981      -0.64983013468502249      -0.29513624733726951     
  -2.6669219302499223      -0.99184757242943045      -0.53743324618969901     
  -3.1394251437163163       -3.8447994925527436       0.12745531572171681     
  -3.0634494315860894       -3.7386518857352771      -0.17639895671810032     
First
                         Total        6.286732304E-01
Step size:       0.20
Step size in Bohr:       0.38
Learning Rate:       1.00
# Steps:          0
                         Error        6.286732304E-01
