-xyz
refined.xyz
-dens
/home/unibas/boittier/RDKit_G2/B.pdb/SCAN_1_2_3_4_S_36_10.0/24_SCAN/B.d.cube
-esp
/home/unibas/boittier/RDKit_G2/B.pdb/SCAN_1_2_3_4_S_36_10.0/24_SCAN/B.p.cube
-stepsize
0.2
-n_steps
10
-learning_rate
0.5
  -3.9772854784632483        3.0362325189340100      -0.43746550375191062     
  -3.5331614547553030      -0.39058372319145923       0.71393432002134782     
  -3.7468268472473065      -0.64526647394744030        7.0842225446256860E-002
  -6.2778064417047226       -1.0286481976089070        4.9797395318564731E-002
  -3.4785573613830558      -0.59370495010642499      -0.53938097819925379     
  -1.7600622519812237      -0.18763783336559892       0.24309192210487165     
  -1.4449980925326411        7.8274242226198013E-002  0.22188314838295095     
  -1.8989534156222017       -2.5598327872984861       0.35030646628925999     
  -2.0313020676864753       -2.4973824385196961      -0.39702784148968917     
  -2.0023604407956248       -2.5184605409690488       0.85681760438262033     
   3.3025922409623285       -2.4503282418115679      -0.23874802970424921     
   2.7166322774631664       -1.8275015493960778      -0.14054012440795724     
  0.71742691672001924       0.78806293130676541      -0.64509927447358284     
  0.44049105299329117       0.94046186556503808      -0.40616469658104315     
   1.1222266615844698       0.92272403135289915       0.60847303095332528     
   1.4718136459983187      -0.23761070627670536      -0.15924466262515838     
   4.4223639079115022        3.0803404688257108       -5.1525815848658715E-002
   2.1153881972931035        2.0195396542707198        2.0573368847749778E-002
   1.8491027658649934        2.0035438056347337      -0.63980918699833478     
   1.9986923581417013        2.0954340879582656       0.71239819504656343     
 -0.16326138386394431        4.2984219646559909       -8.0678774202020570E-004
First
                         Total        3.218440966E+00
Step size:       0.20
Step size in Bohr:       0.38
Learning Rate:       1.00
# Steps:         10
                         Error  1        3.202433525E+00
                         Error  2        3.186786743E+00
                         Error  3        3.171492825E+00
                         Error  4        3.156543998E+00
                         Error  5        3.141932518E+00
                         Error  6        3.127650683E+00
                         Error  7        3.113690840E+00
                         Error  8        3.100045392E+00
                         Error  9        3.086706810E+00
                         Error 10        3.073667633E+00
                         Error        3.073667633E+00
