-xyz
refined.xyz
-dens
/home/unibas/boittier/RDKit_G2/B.pdb/SCAN_1_2_3_4_S_36_10.0/13_SCAN/B.d.cube
-esp
/home/unibas/boittier/RDKit_G2/B.pdb/SCAN_1_2_3_4_S_36_10.0/13_SCAN/B.p.cube
-stepsize
0.2
-n_steps
0
-learning_rate
0.5
   3.5212893794464026        2.3098668285103487       -2.2428329070636366     
   3.0874941242472116      -0.19530702730388216      -0.70692384111104034     
   2.8867483987391593       0.69619616840644472      -0.22242861725431226     
   5.9041669458148167      -0.64404668065774573       0.13420025430716362     
   3.0279393961523113       0.69859482677259876       0.10583313918106828     
   1.2682597509806028      -0.42048364196446208       0.29021064503900507     
   1.8020542781166184       -2.7899724764396292        2.1162415505923011     
   2.7110587638521366      -0.94114960470845666       0.73719229085215388     
   2.0747747752365746      -0.81114697538167624       0.57148530098734285     
  -2.2967641063452566       -1.0076534645888733      -0.43269297481599783     
  -2.3671542991160108       -1.1779844577545588      -0.48842881458723858     
  -3.0498998299237567       -2.4867087301068023      -0.53376445960882724     
  -2.6025077746062921       -1.9265389498225329      -0.38613673682124799     
 -0.46927467302531312       0.59110501712373098        6.8797193174028937E-002
 -0.77740533483275620       0.50335158510876166      -0.31918545245477131     
  -1.2117332888504209       0.62733428883930820       0.87372592138843552     
  -1.4973114484152390      -0.38802853859134123       -8.4964803579203607E-002
  -1.5212874576089239        2.1154795751308337      -0.78335890635135841     
  -1.9701619022846115        1.8339448585412774        1.0400443777613160     
  -4.1675559135126310        2.7682339073455275      -0.27789756729842829     
 -0.41002249454915551        4.1418940104389224       0.72524561763180806     
First
                         Total        1.529040292E+00
Step size:       0.20
Step size in Bohr:       0.38
Learning Rate:       1.00
# Steps:          0
                         Error        1.529040292E+00
                         Error        1.529040292E+00
                         Error        1.529040292E+00
                         Error        1.529040292E+00
                         Error        1.529040292E+00
