Running in analysis mode

Reading "/home/unibas/boittier/RDKit_G2/B.pdb/SCAN_1_2_3_4_S_36_10.0/31_SCAN/B.p.cube"...

  B.pdb Potential
  Electrostatic potential from Total SCF Density
   10  -10.147313   -7.981239   -7.103849
  119    0.166667    0.000000    0.000000
   91    0.000000    0.166667    0.000000
   86    0.000000    0.000000    0.166667
    6    6.000000    3.011022   -1.468487    0.411263
    6    6.000000    0.986688   -0.122562   -0.216334
    6    6.000000   -1.601186   -1.052269   -0.591097
    6    6.000000   -3.634561   -0.023922    0.486467
    1    1.000000    4.798546   -0.561088    0.810592
    1    1.000000    2.897304   -3.507084    0.487568
    9    9.000000    1.166904    2.450663   -0.229056
    1    1.000000   -1.766204   -2.824572   -1.612953
    1    1.000000   -3.517623    1.707787    1.574482
    1    1.000000   -5.485937   -0.867560    0.260024
  2.53293E-03  2.58818E-03  2.64388E-03  2.69999E-03  2.75643E-03  2.81313E-03
       .            .            .            .            .            .
       .            .            .            .            .            .
       .            .            .            .            .            .
 -2.12450E-03 -2.08702E-03 -2.04998E-03 -2.01339E-03 -1.97725E-03 -1.94157E-03

777011 out of 931294 gridpoints are considered (83.4%).

...done!

Reading "21charges.cube"...

  Fitted ESP
  Electrostatic potential fitted from 21 point charges.
   10  -10.147313   -7.981239   -7.103849
  119    0.166667    0.000000    0.000000
   91    0.000000    0.166667    0.000000
   86    0.000000    0.000000    0.166667
    6    6.000000    3.011022   -1.468487    0.411263
    6    6.000000    0.986688   -0.122562   -0.216334
    6    6.000000   -1.601186   -1.052269   -0.591097
    6    6.000000   -3.634561   -0.023922    0.486467
    1    1.000000    4.798546   -0.561088    0.810592
    1    1.000000    2.897304   -3.507084    0.487568
    9    9.000000    1.166904    2.450663   -0.229056
    1    1.000000   -1.766204   -2.824572   -1.612953
    1    1.000000   -3.517623    1.707787    1.574482
    1    1.000000   -5.485937   -0.867560    0.260024
  2.34487E-03  2.39732E-03  2.45026E-03  2.50362E-03  2.55735E-03  2.61137E-03
       .            .            .            .            .            .
       .            .            .            .            .            .
       .            .            .            .            .            .
 -2.00147E-03 -1.96637E-03 -1.93167E-03 -1.89738E-03 -1.86349E-03 -1.83002E-03

777011 out of 931294 gridpoints are considered (83.4%).

...done!

                       Measure       RMSE[kcal/mol/e]   MaxError[kcal/mol/e]   NPoints
                         Total        5.011745601E-01        5.632524994E+00    777011
Close (  1.20 < r <   1.66 )          9.779478640E-01        5.632524994E+00    155536
Mid-range ( 1.66 < r <  2.20)         3.381093723E-01        1.068968656E+00    276274
Far-range (  2.20         < r)        2.072799748E-01        6.295112242E-01    345201
Did analysis and wrote slice data
