-xyz
refined.xyz
-dens
/home/unibas/boittier/RDKit_G2/B.pdb/SCAN_1_2_3_4_S_36_10.0/31_SCAN/B.d.cube
-esp
/home/unibas/boittier/RDKit_G2/B.pdb/SCAN_1_2_3_4_S_36_10.0/31_SCAN/B.p.cube
-stepsize
0.2
-n_steps
0
-learning_rate
0.5
  -3.4139537912612026        2.2689466383507884        2.0179485806883748     
  -2.9414806222798080      -0.39620428659708967       0.76202204479120150     
  -2.8278667518706948       0.44886969833092738       0.17656985659817265     
  -5.7795367905967421       -1.0724109453970321       0.20359418661236792     
  -2.9936033299774749       0.41062077543186898      -0.13769887971684164     
 -0.99059650569829816       -1.0519433350496412      -0.74041621224901966     
  -1.7541090636804848       -3.2049924802609278       -1.8796950354337811     
  -2.5031197866013288       -1.5636796941272484      -0.79476555926767112     
  -1.9055357995923989       -1.2642181636488410      -0.74544036768670885     
   1.5561646411787520        1.6153845891345116      -0.31861793914288822     
   1.5254279066154957        1.8017489869325216      -0.35600075187669816     
   1.2895830703923399        3.2546051198601944      -0.23540940959746867     
   1.2366324477417379        2.5248639988975463      -0.21496665103970680     
  0.96448940045032239      -0.78719276551168760      -0.35962420024962216     
   1.2561046985701754      -0.48123912030362503      -0.63262344525185688     
   1.3238846711534842      -0.52071295060413580       0.64052136989998032     
   1.2147094747517071       0.61159921930538852      -0.21828849791290539     
   2.9293800866642838       -1.2594735819118230      -0.62301728981501647     
   2.4802354291993667       -1.0949280341863217        1.2145744601760935     
   5.0864723084894496      -0.36925828203460792       0.87246005307276564     
   2.8114996700713784       -3.7848379537966936       0.48930780027788034     
First
                         Total        5.011741766E-01
Step size:       0.20
Step size in Bohr:       0.38
Learning Rate:       1.00
# Steps:          0
                         Error        5.011741766E-01
