-xyz
refined.xyz
-dens
../../cube_files/fbuta/9_SCAN_1_2_3_4_F/B.d.cube
-esp
../../cube_files/fbuta/9_SCAN_1_2_3_4_F/B.p.cube
-stepsize
0.2
-n_steps
100
-learning_rate
0.5
  -3.8448932097706972        2.6799800532759170        2.1476811645960030E-002
  -3.4774575746299461      -0.39004787801660185       0.79252964559340544     
  -6.3219324635797678       -1.0931662703952725        3.1444260251129195E-002
  -4.0631084412418295      -0.81809664308057695       -2.3973917943840542E-003
  -3.6036842627628012      -0.47829298334644871      -0.69972007933583569     
  -2.5703317637241709       -1.5132662850532437       0.19576796917428482     
  -1.4115711301829348       -1.2822464937594222      -0.91453459418517802     
  -2.0343146368783764       -1.3586315188933729       0.33098934407306607     
  -1.0539654758788590       -1.2192661386111887       -4.5044330109334826E-002
  -1.5415349309321733       -3.8679375693301736       -1.9047169280556314E-002
   3.2603493246817146       -2.0236235800510176        9.6013038052820271E-003
   2.7649259446232550       -1.6124864628663642      -0.13788262559728970     
   2.2677108941806261      -0.95837672128550289       -1.3009591282609987E-002
   3.0105690285291229       -1.7646277233396952        9.5548853072657591E-002
  0.64838618132592996       0.21820043723102495       0.21100112811224833     
   1.2324787834690358      -0.31401453318479278       -9.3171817238509161E-002
  0.23614698512728680       0.51381296258109665        3.8277700190485410E-002
  0.77261225691481938       0.62184632167349718      -0.47300408924249038     
   3.9290821933669910        3.2702419719546056       -4.1352667618112113E-002
  0.82817066574222076        1.8035197637823084      -0.14012072737812653     
   1.5143672652293387        1.8176743738930712       0.38615006079463576     
   1.9762561280093112        1.7486773534069089        1.8926476739955903E-002
   1.6585391950963211        1.9374675396359717      -0.23524790010839244     
   3.8082578622663045E-002   4.2461423191926846       0.69285709338305801     
  0.14415268576586604        4.1869550843684280       0.37965791719684638     
First
                         Total        6.434910433E-01
Step size:       0.20
Step size in Bohr:       0.38
Learning Rate:       1.00
# Steps:        100
                         Error  1        6.396085148E-01
                         Error  2        6.359698058E-01
                         Error  3        6.325552227E-01
                         Error  4        6.293465766E-01
                         Error  5        6.263270887E-01
                         Error  6        6.234812983E-01
                         Error  7        6.207949744E-01
                         Error  8        6.182550306E-01
                         Error  9        6.158494433E-01
                         Error 10        6.135671746E-01
                         Error 11        6.113980989E-01
                         Error 12        6.093329337E-01
                         Error 13        6.073631749E-01
                         Error 14        6.054810355E-01
                         Error 15        6.036793888E-01
                         Error 16        6.019517157E-01
                         Error 17        6.002920547E-01
                         Error 18        5.986949566E-01
                         Error 19        5.971554419E-01
                         Error 20        5.956689615E-01
                         Error 21        5.942313607E-01
                         Error 22        5.928388456E-01
                         Error 23        5.914879520E-01
                         Error 24        5.901755180E-01
                         Error 25        5.888986570E-01
                         Error 26        5.876547344E-01
                         Error 27        5.864413457E-01
                         Error 28        5.852562961E-01
                         Error 29        5.840975826E-01
                         Error 30        5.829633765E-01
                         Error 31        5.818520087E-01
                         Error 32        5.807619553E-01
                         Error 33        5.796918248E-01
                         Error 34        5.786403463E-01
                         Error 35        5.776063589E-01
                         Error 36        5.765888019E-01
                         Error 37        5.755867058E-01
                         Error 38        5.745991842E-01
                         Error 39        5.736254264E-01
                         Error 40        5.726646907E-01
                         Error 41        5.717162981E-01
                         Error 42        5.707796269E-01
                         Error 43        5.698541073E-01
                         Error 44        5.689392170E-01
                         Error 45        5.680344768E-01
                         Error 46        5.671394468E-01
                         Error 47        5.662537229E-01
                         Error 48        5.653769336E-01
                         Error 49        5.645087370E-01
                         Error 50        5.636488183E-01
                         Error 51        5.627968873E-01
                         Error 52        5.619526762E-01
                         Error 53        5.611159376E-01
                         Error 54        5.602864428E-01
                         Error 55        5.594639798E-01
                         Error 56        5.586483524E-01
                         Error 57        5.578393782E-01
                         Error 58        5.570368878E-01
                         Error 59        5.562407234E-01
                         Error 60        5.554507378E-01
                         Error 61        5.546667939E-01
                         Error 62        5.538887631E-01
                         Error 63        5.531165250E-01
                         Error 64        5.523499667E-01
                         Error 65        5.515889821E-01
                         Error 66        5.508334712E-01
                         Error 67        5.500833395E-01
                         Error 68        5.493384980E-01
                         Error 69        5.485988622E-01
                         Error 70        5.478643520E-01
                         Error 71        5.471348912E-01
                         Error 72        5.464104073E-01
                         Error 73        5.456908311E-01
                         Error 74        5.449760966E-01
                         Error 75        5.442661405E-01
                         Error 76        5.435609019E-01
                         Error 77        5.428603226E-01
                         Error 78        5.421643465E-01
                         Error 79        5.414729193E-01
                         Error 80        5.407859889E-01
                         Error 81        5.401035047E-01
                         Error 82        5.394254177E-01
                         Error 83        5.387516805E-01
                         Error 84        5.380822470E-01
                         Error 85        5.374170723E-01
                         Error 86        5.367561127E-01
                         Error 87        5.360993257E-01
                         Error 88        5.354466699E-01
                         Error 89        5.347981045E-01
                         Error 90        5.341535899E-01
                         Error 91        5.335130874E-01
                         Error 92        5.328765588E-01
                         Error 93        5.322439667E-01
                         Error 94        5.316152748E-01
                         Error 95        5.309904468E-01
                         Error 96        5.303694477E-01
                         Error 97        5.297522425E-01
                         Error 98        5.291387972E-01
                         Error 99        5.285290780E-01
                         Error100        5.279230520E-01
                         Error        5.279230520E-01
