node38.cluster
-xyz
refined.xyz
-dens
../../cubes/9_SCAN_1_2_3_4_F/B.d.cube
-esp
../../cubes/9_SCAN_1_2_3_4_F/B.p.cube
-stepsize
0.2
-n_steps
500
-learning_rate
0.5
  -3.7449411326221567        2.6042252696190680        8.1308431269052475E-002
  -3.3681496587354429      -0.37710361498793493       0.91526248279957800     
  -6.3165975307580586       -1.1813634480136150        8.1907596845480005E-002
  -3.9735682319503258      -0.69306091782471768        9.8157278615724250E-002
  -3.5499741050897753      -0.51792959125517357      -0.63852530411391317     
  -2.2539683297127318       -1.5835364267470460       0.24680408797332154     
  -1.2949288836697073       -1.4056210400839177      -0.59961519592918899     
  -1.8057794850943161       -1.2251832870802251       0.47440320239315109     
 -0.91904053513498363       -1.0984673930215589       0.21017040415884092     
  -1.4613522101653156       -3.9551678350275203      -0.16711526091927592     
   2.5339483259466027       -1.7844401516823869        7.6378157331822794E-002
   2.2709340872520509       -1.5443599965431833        3.5054393921169158E-002
   1.7689864210520607      -0.95216073066086337        6.0639077922721420E-002
   2.4304225916462703       -1.6086759336421026       0.11462480681740844     
  0.60774812447614845        3.4231744145437462E-002  0.19043490674139238     
   1.0616275627911966      -0.38369466805015878        7.6961898891690986E-002
  0.28642972546627071       0.28446859030881988        9.3792224815035227E-002
  0.76033964968374457       0.41385958111998883      -0.19729412310529026     
   3.9966384057751490        3.1888169738110705       -4.2633477175234490E-002
  0.78487904196633995        1.6064807989404519      -0.12137107230325769     
   1.3796917441651051        1.6325980788270338       0.21261183592409424     
   1.7681342459598617        1.4695197372883546       -1.8037672819764025E-002
   1.4401057693893595        1.6921583622294456      -0.17493758289225667     
  0.31052535474119869        4.0237821313063034       0.34748145977781758     
  0.16793017822591486        4.0735517508585692       0.17797680599243179     
First
                         Total        6.349141315E-01
Step size:       0.20
Step size in Bohr:       0.38
Learning Rate:       1.00
# Steps:        500
                         Error  1        6.273214212E-01
                         Error  2        6.203333756E-01
                         Error  3        6.139034576E-01
                         Error  4        6.079879592E-01
                         Error  5        6.025459433E-01
                         Error  6        5.975391696E-01
                         Error  7        5.929320072E-01
                         Error  8        5.886913344E-01
                         Error  9        5.847864308E-01
                         Error 10        5.811888628E-01
                         Error 11        5.778723643E-01
                         Error 12        5.748127156E-01
                         Error 13        5.719876215E-01
                         Error 14        5.693765902E-01
                         Error 15        5.669608149E-01
                         Error 16        5.647230577E-01
                         Error 17        5.626475383E-01
                         Error 18        5.607198267E-01
                         Error 19        5.589267416E-01
                         Error 20        5.572562530E-01
                         Error 21        5.556973915E-01
                         Error 22        5.542401624E-01
                         Error 23        5.528754655E-01
                         Error 24        5.515950205E-01
                         Error 25        5.503912973E-01
                         Error 26        5.492574517E-01
                         Error 27        5.481872657E-01
                         Error 28        5.471750928E-01
                         Error 29        5.462158072E-01
                         Error 30        5.453047573E-01
                         Error 31        5.444377230E-01
                         Error 32        5.436108768E-01
                         Error 33        5.428207480E-01
                         Error 34        5.420641897E-01
                         Error 35        5.413383495E-01
                         Error 36        5.406406416E-01
                         Error 37        5.399687228E-01
                         Error 38        5.393204694E-01
                         Error 39        5.386939566E-01
                         Error 40        5.380874404E-01
                         Error 41        5.374993399E-01
                         Error 42        5.369282226E-01
                         Error 43        5.363727899E-01
                         Error 44        5.358318647E-01
                         Error 45        5.353043797E-01
                         Error 46        5.347893673E-01
                         Error 47        5.342859496E-01
                         Error 48        5.337933306E-01
                         Error 49        5.333107876E-01
                         Error 50        5.328376648E-01
                         Error 51        5.323733668E-01
                         Error 52        5.319173526E-01
                         Error 53        5.314691307E-01
                         Error 54        5.310282541E-01
                         Error 55        5.305943165E-01
                         Error 56        5.301669478E-01
                         Error 57        5.297458111E-01
                         Error 58        5.293305994E-01
                         Error 59        5.289210326E-01
                         Error 60        5.285168554E-01
                         Error 61        5.281178342E-01
                         Error 62        5.277237557E-01
                         Error 63        5.273344246E-01
                         Error 64        5.269496620E-01
                         Error 65        5.265693038E-01
                         Error 66        5.261931993E-01
                         Error 67        5.258212101E-01
                         Error 68        5.254532086E-01
                         Error 69        5.250890772E-01
                         Error 70        5.247287075E-01
                         Error 71        5.243719989E-01
                         Error 72        5.240188584E-01
                         Error 73        5.236691998E-01
                         Error 74        5.233229429E-01
                         Error 75        5.229800128E-01
                         Error 76        5.226403399E-01
                         Error 77        5.223038590E-01
                         Error 78        5.219705088E-01
                         Error 79        5.216402322E-01
                         Error 80        5.213129750E-01
                         Error 81        5.209886864E-01
                         Error 82        5.206673183E-01
                         Error 83        5.203488252E-01
                         Error 84        5.200331637E-01
                         Error 85        5.197202928E-01
                         Error 86        5.194101733E-01
                         Error 87        5.191027677E-01
                         Error 88        5.187980402E-01
                         Error 89        5.184959565E-01
                         Error 90        5.181964834E-01
                         Error 91        5.178995893E-01
                         Error 92        5.176052434E-01
                         Error 93        5.173134161E-01
                         Error 94        5.170240786E-01
                         Error 95        5.167372033E-01
                         Error 96        5.164527630E-01
                         Error 97        5.161707316E-01
                         Error 98        5.158910833E-01
                         Error 99        5.156137933E-01
                         Error100        5.153388373E-01
                         Error101        5.150661913E-01
                         Error102        5.147958322E-01
                         Error103        5.145277371E-01
                         Error104        5.142618836E-01
                         Error105        5.139982498E-01
                         Error106        5.137368141E-01
                         Error107        5.134775553E-01
                         Error108        5.132204526E-01
                         Error109        5.129654854E-01
                         Error110        5.127126336E-01
                         Error111        5.124618771E-01
                         Error112        5.122131965E-01
                         Error113        5.119665722E-01
                         Error114        5.117219852E-01
                         Error115        5.114794167E-01
                         Error116        5.112388479E-01
                         Error117        5.110002605E-01
                         Error118        5.107636363E-01
                         Error119        5.105289573E-01
                         Error120        5.102962057E-01
                         Error121        5.100653639E-01
                         Error122        5.098364145E-01
                         Error123        5.096093403E-01
                         Error124        5.093841243E-01
                         Error125        5.091607496E-01
                         Error126        5.089391995E-01
                         Error127        5.087194575E-01
                         Error128        5.085015072E-01
                         Error129        5.082853325E-01
                         Error130        5.080709172E-01
                         Error131        5.078582456E-01
                         Error132        5.076473017E-01
                         Error133        5.074380701E-01
                         Error134        5.072305353E-01
                         Error135        5.070246820E-01
                         Error136        5.068204951E-01
                         Error137        5.066179594E-01
                         Error138        5.064170601E-01
                         Error139        5.062177825E-01
                         Error140        5.060201119E-01
                         Error141        5.058240338E-01
                         Error142        5.056295339E-01
                         Error143        5.054365980E-01
                         Error144        5.052452119E-01
                         Error145        5.050553617E-01
                         Error146        5.048670335E-01
                         Error147        5.046802135E-01
                         Error148        5.044948883E-01
                         Error149        5.043110442E-01
                         Error150        5.041286680E-01
                         Error151        5.039477463E-01
                         Error152        5.037682661E-01
                         Error153        5.035902143E-01
                         Error154        5.034135780E-01
                         Error155        5.032383445E-01
                         Error156        5.030645010E-01
                         Error157        5.028920351E-01
                         Error158        5.027209341E-01
                         Error159        5.025511859E-01
                         Error160        5.023827782E-01
                         Error161        5.022156989E-01
                         Error162        5.020499358E-01
                         Error163        5.018854773E-01
                         Error164        5.017223113E-01
                         Error165        5.015604263E-01
                         Error166        5.013998106E-01
                         Error167        5.012404528E-01
                         Error168        5.010823415E-01
                         Error169        5.009254653E-01
                         Error170        5.007698131E-01
                         Error171        5.006153738E-01
                         Error172        5.004621364E-01
                         Error173        5.003100900E-01
                         Error174        5.001592238E-01
                         Error175        5.000095272E-01
                         Error176        4.998609895E-01
                         Error177        4.997136002E-01
                         Error178        4.995673489E-01
                         Error179        4.994222253E-01
                         Error180        4.992782192E-01
                         Error181        4.991353203E-01
                         Error182        4.989935188E-01
                         Error183        4.988528045E-01
                         Error184        4.987131678E-01
                         Error185        4.985745987E-01
                         Error186        4.984370876E-01
                         Error187        4.983006249E-01
                         Error188        4.981652011E-01
                         Error189        4.980308067E-01
                         Error190        4.978974324E-01
                         Error191        4.977650690E-01
                         Error192        4.976337073E-01
                         Error193        4.975033381E-01
                         Error194        4.973739526E-01
                         Error195        4.972455416E-01
                         Error196        4.971180965E-01
                         Error197        4.969916084E-01
                         Error198        4.968660687E-01
                         Error199        4.967414687E-01
                         Error200        4.966178000E-01
                         Error201        4.964950540E-01
                         Error202        4.963732224E-01
                         Error203        4.962522968E-01
                         Error204        4.961322692E-01
                         Error205        4.960131313E-01
                         Error206        4.958948750E-01
                         Error207        4.957774925E-01
                         Error208        4.956609756E-01
                         Error209        4.955453166E-01
                         Error210        4.954305077E-01
                         Error211        4.953165412E-01
                         Error212        4.952034095E-01
                         Error213        4.950911050E-01
                         Error214        4.949796201E-01
                         Error215        4.948689475E-01
                         Error216        4.947590798E-01
                         Error217        4.946500097E-01
                         Error218        4.945417300E-01
                         Error219        4.944342335E-01
                         Error220        4.943275131E-01
                         Error221        4.942215618E-01
                         Error222        4.941163727E-01
                         Error223        4.940119388E-01
                         Error224        4.939082532E-01
                         Error225        4.938053094E-01
                         Error226        4.937031004E-01
                         Error227        4.936016197E-01
                         Error228        4.935008608E-01
                         Error229        4.934008169E-01
                         Error230        4.933014818E-01
                         Error231        4.932028490E-01
                         Error232        4.931049121E-01
                         Error233        4.930076650E-01
                         Error234        4.929111012E-01
                         Error235        4.928152147E-01
                         Error236        4.927199994E-01
                         Error237        4.926254492E-01
                         Error238        4.925315581E-01
                         Error239        4.924383202E-01
                         Error240        4.923457296E-01
                         Error241        4.922537804E-01
                         Error242        4.921624669E-01
                         Error243        4.920717833E-01
                         Error244        4.919817240E-01
                         Error245        4.918922834E-01
                         Error246        4.918034558E-01
                         Error247        4.917152359E-01
                         Error248        4.916276181E-01
                         Error249        4.915405969E-01
                         Error250        4.914541672E-01
                         Error251        4.913683234E-01
                         Error252        4.912830605E-01
                         Error253        4.911983731E-01
                         Error254        4.911142562E-01
                         Error255        4.910307045E-01
                         Error256        4.909477131E-01
                         Error257        4.908652769E-01
                         Error258        4.907833909E-01
                         Error259        4.907020503E-01
                         Error260        4.906212501E-01
                         Error261        4.905409855E-01
                         Error262        4.904612517E-01
                         Error263        4.903820440E-01
                         Error264        4.903033577E-01
                         Error265        4.902251881E-01
                         Error266        4.901475307E-01
                         Error267        4.900703808E-01
                         Error268        4.899937339E-01
                         Error269        4.899175856E-01
                         Error270        4.898419315E-01
                         Error271        4.897667670E-01
                         Error272        4.896920879E-01
                         Error273        4.896178898E-01
                         Error274        4.895441686E-01
                         Error275        4.894709199E-01
                         Error276        4.893981395E-01
                         Error277        4.893258233E-01
                         Error278        4.892539672E-01
                         Error279        4.891825672E-01
                         Error280        4.891116191E-01
                         Error281        4.890411189E-01
                         Error282        4.889710628E-01
                         Error283        4.889014468E-01
                         Error284        4.888322670E-01
                         Error285        4.887635195E-01
                         Error286        4.886952006E-01
                         Error287        4.886273064E-01
                         Error288        4.885598333E-01
                         Error289        4.884927774E-01
                         Error290        4.884261353E-01
                         Error291        4.883599031E-01
                         Error292        4.882940773E-01
                         Error293        4.882286543E-01
                         Error294        4.881636307E-01
                         Error295        4.880990028E-01
                         Error296        4.880347673E-01
                         Error297        4.879709207E-01
                         Error298        4.879074596E-01
                         Error299        4.878443806E-01
                         Error300        4.877816803E-01
                         Error301        4.877193556E-01
                         Error302        4.876574030E-01
                         Error303        4.875958195E-01
                         Error304        4.875346016E-01
                         Error305        4.874737463E-01
                         Error306        4.874132504E-01
                         Error307        4.873531108E-01
                         Error308        4.872933244E-01
                         Error309        4.872338882E-01
                         Error310        4.871747990E-01
                         Error311        4.871160538E-01
                         Error312        4.870576498E-01
                         Error313        4.869995840E-01
                         Error314        4.869418533E-01
                         Error315        4.868844550E-01
                         Error316        4.868273862E-01
                         Error317        4.867706440E-01
                         Error318        4.867142256E-01
                         Error319        4.866581283E-01
                         Error320        4.866023492E-01
                         Error321        4.865468856E-01
                         Error322        4.864917349E-01
                         Error323        4.864368944E-01
                         Error324        4.863823613E-01
                         Error325        4.863281330E-01
                         Error326        4.862742071E-01
                         Error327        4.862205807E-01
                         Error328        4.861672515E-01
                         Error329        4.861142169E-01
                         Error330        4.860614743E-01
                         Error331        4.860090214E-01
                         Error332        4.859568555E-01
                         Error333        4.859049743E-01
                         Error334        4.858533754E-01
                         Error335        4.858020564E-01
                         Error336        4.857510148E-01
                         Error337        4.857002485E-01
                         Error338        4.856497549E-01
                         Error339        4.855995319E-01
                         Error340        4.855495771E-01
                         Error341        4.854998883E-01
                         Error342        4.854504632E-01
                         Error343        4.854012997E-01
                         Error344        4.853523955E-01
                         Error345        4.853037484E-01
                         Error346        4.852553564E-01
                         Error347        4.852072172E-01
                         Error348        4.851593288E-01
                         Error349        4.851116890E-01
                         Error350        4.850642958E-01
                         Error351        4.850171471E-01
                         Error352        4.849702409E-01
                         Error353        4.849235752E-01
                         Error354        4.848771480E-01
                         Error355        4.848309573E-01
                         Error356        4.847850011E-01
                         Error357        4.847392775E-01
                         Error358        4.846937846E-01
                         Error359        4.846485204E-01
                         Error360        4.846034831E-01
                         Error361        4.845586709E-01
                         Error362        4.845140818E-01
                         Error363        4.844697140E-01
                         Error364        4.844255658E-01
                         Error365        4.843816352E-01
                         Error366        4.843379206E-01
                         Error367        4.842944202E-01
                         Error368        4.842511321E-01
                         Error369        4.842080548E-01
                         Error370        4.841651864E-01
                         Error371        4.841225253E-01
                         Error372        4.840800697E-01
                         Error373        4.840378181E-01
                         Error374        4.839957687E-01
                         Error375        4.839539200E-01
                         Error376        4.839122703E-01
                         Error377        4.838708179E-01
                         Error378        4.838295614E-01
                         Error379        4.837884991E-01
                         Error380        4.837476295E-01
                         Error381        4.837069510E-01
                         Error382        4.836664621E-01
                         Error383        4.836261612E-01
                         Error384        4.835860470E-01
                         Error385        4.835461178E-01
                         Error386        4.835063722E-01
                         Error387        4.834668088E-01
                         Error388        4.834274260E-01
                         Error389        4.833882225E-01
                         Error390        4.833491969E-01
                         Error391        4.833103477E-01
                         Error392        4.832716735E-01
                         Error393        4.832331730E-01
                         Error394        4.831948448E-01
                         Error395        4.831566875E-01
                         Error396        4.831186998E-01
                         Error397        4.830808804E-01
                         Error398        4.830432279E-01
                         Error399        4.830057411E-01
                         Error400        4.829684186E-01
                         Error401        4.829312592E-01
                         Error402        4.828942615E-01
                         Error403        4.828574244E-01
                         Error404        4.828207467E-01
                         Error405        4.827842269E-01
                         Error406        4.827478640E-01
                         Error407        4.827116568E-01
                         Error408        4.826756039E-01
                         Error409        4.826397043E-01
                         Error410        4.826039568E-01
                         Error411        4.825683602E-01
                         Error412        4.825329133E-01
                         Error413        4.824976150E-01
                         Error414        4.824624641E-01
                         Error415        4.824274596E-01
                         Error416        4.823926004E-01
                         Error417        4.823578852E-01
                         Error418        4.823233131E-01
                         Error419        4.822888829E-01
                         Error420        4.822545936E-01
                         Error421        4.822204442E-01
                         Error422        4.821864334E-01
                         Error423        4.821525604E-01
                         Error424        4.821188241E-01
                         Error425        4.820852235E-01
                         Error426        4.820517575E-01
                         Error427        4.820184251E-01
                         Error428        4.819852254E-01
                         Error429        4.819521574E-01
                         Error430        4.819192200E-01
                         Error431        4.818864124E-01
                         Error432        4.818537335E-01
                         Error433        4.818211824E-01
                         Error434        4.817887582E-01
                         Error435        4.817564600E-01
                         Error436        4.817242867E-01
                         Error437        4.816922376E-01
                         Error438        4.816603116E-01
                         Error439        4.816285079E-01
                         Error440        4.815968256E-01
                         Error441        4.815652639E-01
                         Error442        4.815338217E-01
                         Error443        4.815024984E-01
                         Error444        4.814712930E-01
                         Error445        4.814402046E-01
                         Error446        4.814092325E-01
                         Error447        4.813783757E-01
                         Error448        4.813476335E-01
                         Error449        4.813170051E-01
                         Error450        4.812864896E-01
                         Error451        4.812560862E-01
                         Error452        4.812257942E-01
                         Error453        4.811956127E-01
                         Error454        4.811655409E-01
                         Error455        4.811355781E-01
                         Error456        4.811057236E-01
                         Error457        4.810759765E-01
                         Error458        4.810463361E-01
                         Error459        4.810168016E-01
                         Error460        4.809873724E-01
                         Error461        4.809580476E-01
                         Error462        4.809288266E-01
                         Error463        4.808997086E-01
                         Error464        4.808706929E-01
                         Error465        4.808417788E-01
                         Error466        4.808129656E-01
                         Error467        4.807842526E-01
                         Error468        4.807556392E-01
                         Error469        4.807271246E-01
                         Error470        4.806987081E-01
                         Error471        4.806703891E-01
                         Error472        4.806421670E-01
                         Error473        4.806140410E-01
                         Error474        4.805860105E-01
                         Error475        4.805580749E-01
                         Error476        4.805302335E-01
                         Error477        4.805024858E-01
                         Error478        4.804748309E-01
                         Error479        4.804472685E-01
                         Error480        4.804197977E-01
                         Error481        4.803924181E-01
                         Error482        4.803651289E-01
                         Error483        4.803379297E-01
                         Error484        4.803108198E-01
                         Error485        4.802837985E-01
                         Error486        4.802568654E-01
                         Error487        4.802300199E-01
                         Error488        4.802032613E-01
                         Error489        4.801765892E-01
                         Error490        4.801500029E-01
                         Error491        4.801235018E-01
                         Error492        4.800970855E-01
                         Error493        4.800707534E-01
                         Error494        4.800445049E-01
                         Error495        4.800183395E-01
                         Error496        4.799922566E-01
                         Error497        4.799662558E-01
                         Error498        4.799403364E-01
                         Error499        4.799144981E-01
                         Error500        4.798887402E-01
                         Error        4.798887402E-01

real	68m59.701s
user	68m57.152s
sys	0m1.645s
