                                     G D M A

                                 by Anthony Stone

                           version 2.2.03, 21 June 2007

               Distributed Multipoles from Gaussian wavefunctions


Starting at 9:24:42 on 26 May 2021  

GDMA



Using SCF density matrix from file N.pdb.fchk


                         Distributed Multipole Analysis

Standard DMA for products of primitives with exponent greater than 4.00000
Using 80-point Euler-MacLaurin radial quadrature
Using 590-point Lebedev quadrature
Becke smoothing parameter = 3

Positions and radii in angstrom
Multipole moments in atomic units, ea_0^k for rank k

C          x = -2.797154  y =  0.639207  z = -0.000331
           Maximum rank =  2   Radius =  0.650
                   Q00  =  -0.139690
|Q1| =   0.122824  Q10  =   0.001488  Q11c =   0.090032  Q11s =  -0.083534
|Q2| =   0.191387  Q20  =  -0.098497  Q21c =  -0.004150  Q21s =  -0.013829
                   Q22c =   0.058390  Q22s =  -0.152674

C          x = -1.481008  y = -0.093249  z = -0.002493
           Maximum rank =  2   Radius =  0.650
                   Q00  =   0.145962
|Q1| =   0.243142  Q10  =  -0.002306  Q11c =   0.096749  Q11s =  -0.223052
|Q2| =   0.658565  Q20  =  -0.653735  Q21c =   0.002685  Q21s =  -0.004575
                   Q22c =  -0.071797  Q22s =  -0.033988

H          x = -2.915015  y =  1.204576  z =  0.931913
           Maximum rank =  2   Radius =  0.325
                   Q00  =   0.103025
|Q1| =   0.140059  Q10  =  -0.100383  Q11c =   0.053529  Q11s =  -0.081697
|Q2| =   0.155195  Q20  =   0.084720  Q21c =  -0.011622  Q21s =   0.125223
                   Q22c =  -0.002597  Q22s =  -0.032949

H          x = -3.613098  y = -0.079079  z = -0.086586
           Maximum rank =  2   Radius =  0.325
                   Q00  =   0.112416
|Q1| =   0.130946  Q10  =   0.009093  Q11c =   0.124476  Q11s =   0.039623
|Q2| =   0.162232  Q20  =  -0.120751  Q21c =   0.017468  Q21s =   0.018144
                   Q22c =   0.002983  Q22s =   0.105334

H          x = -2.849161  y =  1.354742  z = -0.828325
           Maximum rank =  2   Radius =  0.325
                   Q00  =   0.099241
|Q1| =   0.141663  Q10  =   0.091055  Q11c =   0.047550  Q11s =  -0.097552
|Q2| =   0.155343  Q20  =   0.043125  Q21c =  -0.003490  Q21s =  -0.145724
                   Q22c =  -0.023731  Q22s =  -0.021466

C          x = -0.246606  y =  0.800091  z = -0.002854
           Maximum rank =  2   Radius =  0.650
                   Q00  =  -0.078800
|Q1| =   0.154404  Q10  =   0.000998  Q11c =   0.085003  Q11s =  -0.128896
|Q2| =   0.221768  Q20  =  -0.145274  Q21c =  -0.004278  Q21s =   0.003859
                   Q22c =   0.164554  Q22s =   0.031074

O          x = -1.407218  y = -1.321975  z = -0.000138
           Maximum rank =  2   Radius =  0.650
                   Q00  =  -0.333200
|Q1| =   0.522523  Q10  =   0.000326  Q11c =   0.047903  Q11s =   0.520322
|Q2| =   0.919155  Q20  =  -0.168405  Q21c =  -0.007268  Q21s =  -0.001368
                   Q22c =  -0.898488  Q22s =  -0.095659

C          x =  1.077292  y =  0.088029  z =  0.000114
           Maximum rank =  2   Radius =  0.650
                   Q00  =   0.482028
|Q1| =   0.224155  Q10  =   0.000361  Q11c =   0.181824  Q11s =  -0.131093
|Q2| =   0.086766  Q20  =   0.000065  Q21c =   0.000032  Q21s =   0.000322
                   Q22c =   0.021350  Q22s =   0.084098

H          x = -0.276452  y =  1.456334  z =  0.874091
           Maximum rank =  2   Radius =  0.325
                   Q00  =   0.154264
|Q1| =   0.129124  Q10  =  -0.081427  Q11c =   0.018022  Q11s =  -0.098579
|Q2| =   0.110521  Q20  =   0.029216  Q21c =   0.011678  Q21s =   0.103889
                   Q22c =   0.019173  Q22s =   0.008027

H          x = -0.273653  y =  1.448972  z = -0.885299
           Maximum rank =  2   Radius =  0.325
                   Q00  =   0.153729
|Q1| =   0.129673  Q10  =   0.082143  Q11c =   0.018602  Q11s =  -0.098598
|Q2| =   0.110820  Q20  =   0.031670  Q21c =  -0.011629  Q21s =  -0.103235
                   Q22c =   0.019900  Q22s =   0.009456

F          x =  1.268192  y = -0.698267  z =  1.123742
           Maximum rank =  2   Radius =  0.650
                   Q00  =  -0.223944
|Q1| =   0.300651  Q10  =  -0.257045  Q11c =  -0.007519  Q11s =   0.155763
|Q2| =   0.754988  Q20  =   0.386947  Q21c =   0.156534  Q21s =  -0.592103
                   Q22c =  -0.193248  Q22s =  -0.088577

F          x =  2.116392  y =  1.027338  z = -0.004341
           Maximum rank =  2   Radius =  0.650
                   Q00  =  -0.251220
|Q1| =   0.296023  Q10  =   0.001118  Q11c =  -0.173170  Q11s =  -0.240084
|Q2| =   0.778454  Q20  =  -0.321456  Q21c =  -0.003479  Q21s =  -0.002415
                   Q22c =   0.035633  Q22s =   0.708074

F          x =  1.267636  y = -0.708428  z = -1.116213
           Maximum rank =  2   Radius =  0.650
                   Q00  =  -0.223805
|Q1| =   0.300646  Q10  =   0.255563  Q11c =  -0.007224  Q11s =   0.158188
|Q2| =   0.755387  Q20  =   0.377835  Q21c =  -0.155295  Q21s =   0.596622
                   Q22c =  -0.199039  Q22s =  -0.090329

Total multipoles
referred to origin at x =   0.000000,  y =    0.000000,  z =    0.000000
                   Q00  =   0.000006
|Q1| =   2.149958  Q10  =   0.004903  Q11c =  -1.297280  Q11s =   1.714456
|Q2| =   7.493057  Q20  =   1.173418  Q21c =  -0.081632  Q21s =   0.031083
                   Q22c =   2.210966  Q22s =  -7.062081

CPU time used:      0m26.209s          Total:      0m26.209s

Finished at 9:25:8 on 26 May 2021   
