-xyz
refined.xyz
-dens
/home/unibas/boittier/RDKit_G2/B.pdb/SCAN_1_2_3_4_S_36_-10.0/34_SCAN/B.d.cube
-esp
/home/unibas/boittier/RDKit_G2/B.pdb/SCAN_1_2_3_4_S_36_-10.0/34_SCAN/B.p.cube
-stepsize
0.2
-n_steps
10
-learning_rate
0.5
   3.7164418742985230        2.6677348278681845       0.60872035608457153     
   3.1440112815318422       -5.8334876920064706E-002 -0.43238190592563958     
   2.7746577313769252       0.17615299214322533       0.49563877564431924     
   5.7504587260841697       -1.2984641672499238       0.12149525889343889     
   2.8683918065879710        3.4432663527036839E-003  0.73804589457282155     
  0.95488532545881322       -1.1948726375612411        3.9083132052303425E-002
   1.4214782071324963       -3.7773359433502813      -0.61079239014572129     
   2.3943573475901356       -1.8366822775880287      -0.19225955488091370     
   1.7908670155665165       -1.5402833391413344      -0.14767576846928335     
  -1.3589629967073209        1.6681268240732381        6.9332806949612816E-002
  -1.3257765795024297        1.8481195555404735        9.8501207194042206E-002
 -0.98175148140242829        3.2745441812336162       -9.4066725427442904E-002
  -1.0136764256866506        2.5428189253183868      -0.10995277347679813     
 -0.98422276781782458      -0.75682696484943257        4.2815892424090694E-002
  -1.2014318521838940      -0.45351061014424709       0.35687781932366425     
  -1.5211689100510584      -0.48672642501982344      -0.87052034941842404     
  -1.1330483853481870       0.64660810504807475       -7.3302037088577243E-002
  -2.7464251567329145       -1.0405420133641754        1.1067367415734710     
  -2.9590167466311272      -0.99256274140375844      -0.77915625719853676     
  -5.2263337312072418        2.7323671865498783E-003  0.38930780119977815     
  -3.2400319342177228       -3.5994891482051070       0.20147757358977803     
First
                         Total        6.070297882E-01
Step size:       0.20
Step size in Bohr:       0.38
Learning Rate:       1.00
# Steps:         10
                         Error  1        6.013470318E-01
                         Error  2        5.959251420E-01
                         Error  3        5.907525301E-01
                         Error  4        5.858179729E-01
                         Error  5        5.811106142E-01
                         Error  6        5.766199657E-01
                         Error  7        5.723359065E-01
                         Error  8        5.682486812E-01
                         Error  9        5.643488976E-01
                         Error 10        5.606275225E-01
                         Error        5.606275225E-01
