-xyz
refined.xyz
-dens
/home/unibas/boittier/RDKit_G2/B.pdb/SCAN_1_2_3_4_S_36_10.0/18_SCAN_1_2_3_4_F/B.d.cube
-esp
/home/unibas/boittier/RDKit_G2/B.pdb/SCAN_1_2_3_4_S_36_10.0/18_SCAN_1_2_3_4_F/B.p.cube
-stepsize
0.2
-n_steps
500
-learning_rate
0.5
   3.7645807199227379        2.6186592061547134       -1.5255560388010424E-002
   3.4829020631568617      -0.38049031371066488      -0.76281004774898775     
   6.3241531147675483       -1.1016166515399166       -1.4311403970223433E-002
   4.0117538276487252      -0.77756705712803043       -3.3810240969769721E-002
   3.5836847924576642      -0.48685863841035670       0.73605420810544930     
   2.4648414640098166       -1.5428198149255707      -0.13954884066831993     
   1.3718466287646982       -1.2799601744417157       0.83380231425462636     
   1.9733894981710762       -1.2734533229177341      -0.32873752520677141     
   1.0149912117376914       -1.1638041623383706        2.7840718808904711E-002
   1.5239561293317663       -3.9701545522596366       -3.7550428618240782E-002
  -2.9938301538403764       -1.8778835424455940       -1.0594070163799331E-002
  -2.5596943947451325       -1.5404181185153747        8.3932000231070350E-002
  -2.0554455074553761      -0.88522676322848270       -4.9260873485211529E-003
  -2.7629854790083850       -1.6559224966236572       -8.5633860177096274E-002
 -0.60639345127995514       0.17192644668994697      -0.15352798680168889     
  -1.1386455006126373      -0.29331717488347769        4.9565542225681235E-002
 -0.22847387799349975       0.45664368721580889       -5.5663164471180797E-002
 -0.75802392882669822       0.57518562283588504       0.39064576779823912     
  -3.9517497629844414        3.2375921364830660        4.2659441315131989E-002
 -0.80789987656113604        1.7493600343441158       0.10930320582597169     
  -1.4610754118470772        1.7532323639810972      -0.32990695286181249     
  -1.8590157679132009        1.6499099242112765       -7.1400915490295556E-003
  -1.5662548202547817        1.8448380416357568       0.18430090985739916     
 -0.12159426590023224        4.1484696387348441      -0.65807057133091640     
 -0.14148389738876244        4.1127512454736328      -0.33873184105020049     
First
                         Total        4.526174866E-01
Step size:       0.20
Step size in Bohr:       0.38
Learning Rate:       1.00
# Steps:        500
                         Error  1        4.510556150E-01
                         Error  2        4.496165539E-01
                         Error  3        4.482895700E-01
                         Error  4        4.470648337E-01
                         Error  5        4.459333515E-01
                         Error  6        4.448869014E-01
                         Error  7        4.439179721E-01
                         Error  8        4.430197068E-01
                         Error  9        4.421858495E-01
                         Error 10        4.414106958E-01
                         Error 11        4.406890468E-01
                         Error 12        4.400161667E-01
                         Error 13        4.393877427E-01
                         Error 14        4.387998494E-01
                         Error 15        4.382489147E-01
                         Error 16        4.377316890E-01
                         Error 17        4.372452168E-01
                         Error 18        4.367868110E-01
                         Error 19        4.363540284E-01
                         Error 20        4.359446486E-01
                         Error 21        4.355566534E-01
                         Error 22        4.351882087E-01
                         Error 23        4.348376483E-01
                         Error 24        4.345034578E-01
                         Error 25        4.341842617E-01
                         Error 26        4.338788101E-01
                         Error 27        4.335859674E-01
                         Error 28        4.333047018E-01
                         Error 29        4.330340758E-01
                         Error 30        4.327732377E-01
                         Error 31        4.325214133E-01
                         Error 32        4.322778991E-01
                         Error 33        4.320420556E-01
                         Error 34        4.318133013E-01
                         Error 35        4.315911079E-01
                         Error 36        4.313749944E-01
                         Error 37        4.311645237E-01
                         Error 38        4.309592979E-01
                         Error 39        4.307589550E-01
                         Error 40        4.305631654E-01
                         Error 41        4.303716288E-01
                         Error 42        4.301840720E-01
                         Error 43        4.300002457E-01
                         Error 44        4.298199227E-01
                         Error 45        4.296428959E-01
                         Error 46        4.294689761E-01
                         Error 47        4.292979907E-01
                         Error 48        4.291297820E-01
                         Error 49        4.289642058E-01
                         Error 50        4.288011302E-01
                         Error 51        4.286404344E-01
                         Error 52        4.284820078E-01
                         Error 53        4.283257490E-01
                         Error 54        4.281715649E-01
                         Error 55        4.280193701E-01
                         Error 56        4.278690859E-01
                         Error 57        4.277206400E-01
                         Error 58        4.275739656E-01
                         Error 59        4.274290014E-01
                         Error 60        4.272856904E-01
                         Error 61        4.271439800E-01
                         Error 62        4.270038217E-01
                         Error 63        4.268651703E-01
                         Error 64        4.267279838E-01
                         Error 65        4.265922231E-01
                         Error 66        4.264578520E-01
                         Error 67        4.263248364E-01
                         Error 68        4.261931446E-01
                         Error 69        4.260627469E-01
                         Error 70        4.259336153E-01
                         Error 71        4.258057236E-01
                         Error 72        4.256790471E-01
                         Error 73        4.255535624E-01
                         Error 74        4.254292475E-01
                         Error 75        4.253060814E-01
                         Error 76        4.251840443E-01
                         Error 77        4.250631174E-01
                         Error 78        4.249432826E-01
                         Error 79        4.248245228E-01
                         Error 80        4.247068215E-01
                         Error 81        4.245901631E-01
                         Error 82        4.244745324E-01
                         Error 83        4.243599148E-01
                         Error 84        4.242462965E-01
                         Error 85        4.241336639E-01
                         Error 86        4.240220040E-01
                         Error 87        4.239113041E-01
                         Error 88        4.238015520E-01
                         Error 89        4.236927359E-01
                         Error 90        4.235848442E-01
                         Error 91        4.234778658E-01
                         Error 92        4.233717896E-01
                         Error 93        4.232666050E-01
                         Error 94        4.231623016E-01
                         Error 95        4.230588693E-01
                         Error 96        4.229562981E-01
                         Error 97        4.228545783E-01
                         Error 98        4.227537004E-01
                         Error 99        4.226536549E-01
                         Error100        4.225544327E-01
                         Error101        4.224560249E-01
                         Error102        4.223584225E-01
                         Error103        4.222616168E-01
                         Error104        4.221655994E-01
                         Error105        4.220703618E-01
                         Error106        4.219758956E-01
                         Error107        4.218821928E-01
                         Error108        4.217892453E-01
                         Error109        4.216970451E-01
                         Error110        4.216055844E-01
                         Error111        4.215148556E-01
                         Error112        4.214248511E-01
                         Error113        4.213355632E-01
                         Error114        4.212469847E-01
                         Error115        4.211591081E-01
                         Error116        4.210719264E-01
                         Error117        4.209854322E-01
                         Error118        4.208996187E-01
                         Error119        4.208144788E-01
                         Error120        4.207300057E-01
                         Error121        4.206461925E-01
                         Error122        4.205630325E-01
                         Error123        4.204805192E-01
                         Error124        4.203986459E-01
                         Error125        4.203174062E-01
                         Error126        4.202367936E-01
                         Error127        4.201568017E-01
                         Error128        4.200774244E-01
                         Error129        4.199986554E-01
                         Error130        4.199204886E-01
                         Error131        4.198429179E-01
                         Error132        4.197659373E-01
                         Error133        4.196895408E-01
                         Error134        4.196137227E-01
                         Error135        4.195384770E-01
                         Error136        4.194637981E-01
                         Error137        4.193896803E-01
                         Error138        4.193161179E-01
                         Error139        4.192431054E-01
                         Error140        4.191706372E-01
                         Error141        4.190987080E-01
                         Error142        4.190273123E-01
                         Error143        4.189564449E-01
                         Error144        4.188861004E-01
                         Error145        4.188162736E-01
                         Error146        4.187469594E-01
                         Error147        4.186781526E-01
                         Error148        4.186098483E-01
                         Error149        4.185420414E-01
                         Error150        4.184747269E-01
                         Error151        4.184079001E-01
                         Error152        4.183415559E-01
                         Error153        4.182756897E-01
                         Error154        4.182102968E-01
                         Error155        4.181453723E-01
                         Error156        4.180809118E-01
                         Error157        4.180169105E-01
                         Error158        4.179533640E-01
                         Error159        4.178902677E-01
                         Error160        4.178276173E-01
                         Error161        4.177654083E-01
                         Error162        4.177036363E-01
                         Error163        4.176422971E-01
                         Error164        4.175813864E-01
                         Error165        4.175209000E-01
                         Error166        4.174608337E-01
                         Error167        4.174011834E-01
                         Error168        4.173419449E-01
                         Error169        4.172831144E-01
                         Error170        4.172246877E-01
                         Error171        4.171666609E-01
                         Error172        4.171090301E-01
                         Error173        4.170517914E-01
                         Error174        4.169949410E-01
                         Error175        4.169384751E-01
                         Error176        4.168823900E-01
                         Error177        4.168266819E-01
                         Error178        4.167713472E-01
                         Error179        4.167163822E-01
                         Error180        4.166617833E-01
                         Error181        4.166075471E-01
                         Error182        4.165536699E-01
                         Error183        4.165001483E-01
                         Error184        4.164469788E-01
                         Error185        4.163941581E-01
                         Error186        4.163416827E-01
                         Error187        4.162895494E-01
                         Error188        4.162377548E-01
                         Error189        4.161862957E-01
                         Error190        4.161351688E-01
                         Error191        4.160843709E-01
                         Error192        4.160338989E-01
                         Error193        4.159837496E-01
                         Error194        4.159339200E-01
                         Error195        4.158844070E-01
                         Error196        4.158352075E-01
                         Error197        4.157863186E-01
                         Error198        4.157377372E-01
                         Error199        4.156894605E-01
                         Error200        4.156414855E-01
                         Error201        4.155938094E-01
                         Error202        4.155464294E-01
                         Error203        4.154993425E-01
                         Error204        4.154525461E-01
                         Error205        4.154060373E-01
                         Error206        4.153598135E-01
                         Error207        4.153138720E-01
                         Error208        4.152682100E-01
                         Error209        4.152228250E-01
                         Error210        4.151777142E-01
                         Error211        4.151328753E-01
                         Error212        4.150883055E-01
                         Error213        4.150440024E-01
                         Error214        4.149999635E-01
                         Error215        4.149561862E-01
                         Error216        4.149126682E-01
                         Error217        4.148694069E-01
                         Error218        4.148264001E-01
                         Error219        4.147836453E-01
                         Error220        4.147411402E-01
                         Error221        4.146988825E-01
                         Error222        4.146568698E-01
                         Error223        4.146150999E-01
                         Error224        4.145735705E-01
                         Error225        4.145322795E-01
                         Error226        4.144912245E-01
                         Error227        4.144504035E-01
                         Error228        4.144098142E-01
                         Error229        4.143694546E-01
                         Error230        4.143293225E-01
                         Error231        4.142894158E-01
                         Error232        4.142497324E-01
                         Error233        4.142102704E-01
                         Error234        4.141710277E-01
                         Error235        4.141320023E-01
                         Error236        4.140931921E-01
                         Error237        4.140545953E-01
                         Error238        4.140162099E-01
                         Error239        4.139780340E-01
                         Error240        4.139400656E-01
                         Error241        4.139023030E-01
                         Error242        4.138647442E-01
                         Error243        4.138273874E-01
                         Error244        4.137902307E-01
                         Error245        4.137532725E-01
                         Error246        4.137165108E-01
                         Error247        4.136799439E-01
                         Error248        4.136435701E-01
                         Error249        4.136073877E-01
                         Error250        4.135713949E-01
                         Error251        4.135355900E-01
                         Error252        4.134999714E-01
                         Error253        4.134645375E-01
                         Error254        4.134292864E-01
                         Error255        4.133942168E-01
                         Error256        4.133593269E-01
                         Error257        4.133246151E-01
                         Error258        4.132900799E-01
                         Error259        4.132557198E-01
                         Error260        4.132215331E-01
                         Error261        4.131875184E-01
                         Error262        4.131536741E-01
                         Error263        4.131199988E-01
                         Error264        4.130864910E-01
                         Error265        4.130531492E-01
                         Error266        4.130199720E-01
                         Error267        4.129869579E-01
                         Error268        4.129541056E-01
                         Error269        4.129214136E-01
                         Error270        4.128888805E-01
                         Error271        4.128565050E-01
                         Error272        4.128242857E-01
                         Error273        4.127922212E-01
                         Error274        4.127603103E-01
                         Error275        4.127285516E-01
                         Error276        4.126969439E-01
                         Error277        4.126654857E-01
                         Error278        4.126341759E-01
                         Error279        4.126030132E-01
                         Error280        4.125719964E-01
                         Error281        4.125411241E-01
                         Error282        4.125103952E-01
                         Error283        4.124798085E-01
                         Error284        4.124493627E-01
                         Error285        4.124190567E-01
                         Error286        4.123888893E-01
                         Error287        4.123588594E-01
                         Error288        4.123289657E-01
                         Error289        4.122992072E-01
                         Error290        4.122695827E-01
                         Error291        4.122400912E-01
                         Error292        4.122107314E-01
                         Error293        4.121815023E-01
                         Error294        4.121524029E-01
                         Error295        4.121234320E-01
                         Error296        4.120945887E-01
                         Error297        4.120658718E-01
                         Error298        4.120372803E-01
                         Error299        4.120088131E-01
                         Error300        4.119804694E-01
                         Error301        4.119522480E-01
                         Error302        4.119241480E-01
                         Error303        4.118961684E-01
                         Error304        4.118683082E-01
                         Error305        4.118405664E-01
                         Error306        4.118129421E-01
                         Error307        4.117854344E-01
                         Error308        4.117580422E-01
                         Error309        4.117307647E-01
                         Error310        4.117036010E-01
                         Error311        4.116765501E-01
                         Error312        4.116496112E-01
                         Error313        4.116227833E-01
                         Error314        4.115960656E-01
                         Error315        4.115694572E-01
                         Error316        4.115429573E-01
                         Error317        4.115165649E-01
                         Error318        4.114902793E-01
                         Error319        4.114640996E-01
                         Error320        4.114380249E-01
                         Error321        4.114120546E-01
                         Error322        4.113861876E-01
                         Error323        4.113604233E-01
                         Error324        4.113347608E-01
                         Error325        4.113091994E-01
                         Error326        4.112837382E-01
                         Error327        4.112583766E-01
                         Error328        4.112331137E-01
                         Error329        4.112079487E-01
                         Error330        4.111828810E-01
                         Error331        4.111579098E-01
                         Error332        4.111330343E-01
                         Error333        4.111082539E-01
                         Error334        4.110835677E-01
                         Error335        4.110589752E-01
                         Error336        4.110344755E-01
                         Error337        4.110100680E-01
                         Error338        4.109857520E-01
                         Error339        4.109615268E-01
                         Error340        4.109373918E-01
                         Error341        4.109133462E-01
                         Error342        4.108893894E-01
                         Error343        4.108655207E-01
                         Error344        4.108417396E-01
                         Error345        4.108180452E-01
                         Error346        4.107944371E-01
                         Error347        4.107709146E-01
                         Error348        4.107474770E-01
                         Error349        4.107241237E-01
                         Error350        4.107008541E-01
                         Error351        4.106776676E-01
                         Error352        4.106545636E-01
                         Error353        4.106315416E-01
                         Error354        4.106086008E-01
                         Error355        4.105857408E-01
                         Error356        4.105629609E-01
                         Error357        4.105402606E-01
                         Error358        4.105176393E-01
                         Error359        4.104950965E-01
                         Error360        4.104726315E-01
                         Error361        4.104502439E-01
                         Error362        4.104279331E-01
                         Error363        4.104056985E-01
                         Error364        4.103835397E-01
                         Error365        4.103614561E-01
                         Error366        4.103394471E-01
                         Error367        4.103175122E-01
                         Error368        4.102956510E-01
                         Error369        4.102738630E-01
                         Error370        4.102521475E-01
                         Error371        4.102305042E-01
                         Error372        4.102089324E-01
                         Error373        4.101874319E-01
                         Error374        4.101660019E-01
                         Error375        4.101446421E-01
                         Error376        4.101233521E-01
                         Error377        4.101021312E-01
                         Error378        4.100809791E-01
                         Error379        4.100598953E-01
                         Error380        4.100388793E-01
                         Error381        4.100179307E-01
                         Error382        4.099970490E-01
                         Error383        4.099762338E-01
                         Error384        4.099554846E-01
                         Error385        4.099348011E-01
                         Error386        4.099141827E-01
                         Error387        4.098936290E-01
                         Error388        4.098731397E-01
                         Error389        4.098527143E-01
                         Error390        4.098323524E-01
                         Error391        4.098120535E-01
                         Error392        4.097918173E-01
                         Error393        4.097716434E-01
                         Error394        4.097515313E-01
                         Error395        4.097314806E-01
                         Error396        4.097114911E-01
                         Error397        4.096915622E-01
                         Error398        4.096716936E-01
                         Error399        4.096518849E-01
                         Error400        4.096321358E-01
                         Error401        4.096124457E-01
                         Error402        4.095928145E-01
                         Error403        4.095732417E-01
                         Error404        4.095537270E-01
                         Error405        4.095342699E-01
                         Error406        4.095148701E-01
                         Error407        4.094955274E-01
                         Error408        4.094762412E-01
                         Error409        4.094570114E-01
                         Error410        4.094378374E-01
                         Error411        4.094187191E-01
                         Error412        4.093996560E-01
                         Error413        4.093806478E-01
                         Error414        4.093616942E-01
                         Error415        4.093427948E-01
                         Error416        4.093239494E-01
                         Error417        4.093051576E-01
                         Error418        4.092864190E-01
                         Error419        4.092677335E-01
                         Error420        4.092491005E-01
                         Error421        4.092305199E-01
                         Error422        4.092119914E-01
                         Error423        4.091935145E-01
                         Error424        4.091750891E-01
                         Error425        4.091567148E-01
                         Error426        4.091383913E-01
                         Error427        4.091201184E-01
                         Error428        4.091018956E-01
                         Error429        4.090837229E-01
                         Error430        4.090655997E-01
                         Error431        4.090475260E-01
                         Error432        4.090295013E-01
                         Error433        4.090115255E-01
                         Error434        4.089935982E-01
                         Error435        4.089757191E-01
                         Error436        4.089578880E-01
                         Error437        4.089401047E-01
                         Error438        4.089223688E-01
                         Error439        4.089046800E-01
                         Error440        4.088870382E-01
                         Error441        4.088694431E-01
                         Error442        4.088518944E-01
                         Error443        4.088343918E-01
                         Error444        4.088169351E-01
                         Error445        4.087995240E-01
                         Error446        4.087821584E-01
                         Error447        4.087648379E-01
                         Error448        4.087475622E-01
                         Error449        4.087303313E-01
                         Error450        4.087131448E-01
                         Error451        4.086960024E-01
                         Error452        4.086789040E-01
                         Error453        4.086618493E-01
                         Error454        4.086448381E-01
                         Error455        4.086278702E-01
                         Error456        4.086109452E-01
                         Error457        4.085940631E-01
                         Error458        4.085772235E-01
                         Error459        4.085604263E-01
                         Error460        4.085436712E-01
                         Error461        4.085269580E-01
                         Error462        4.085102866E-01
                         Error463        4.084936566E-01
                         Error464        4.084770678E-01
                         Error465        4.084605201E-01
                         Error466        4.084440133E-01
                         Error467        4.084275471E-01
                         Error468        4.084111213E-01
                         Error469        4.083947358E-01
                         Error470        4.083783903E-01
                         Error471        4.083620846E-01
                         Error472        4.083458185E-01
                         Error473        4.083295919E-01
                         Error474        4.083134045E-01
                         Error475        4.082972562E-01
                         Error476        4.082811467E-01
                         Error477        4.082650758E-01
                         Error478        4.082490434E-01
                         Error479        4.082330493E-01
                         Error480        4.082170934E-01
                         Error481        4.082011753E-01
                         Error482        4.081852949E-01
                         Error483        4.081694521E-01
                         Error484        4.081536467E-01
                         Error485        4.081378784E-01
                         Error486        4.081221472E-01
                         Error487        4.081064528E-01
                         Error488        4.080907950E-01
                         Error489        4.080751738E-01
                         Error490        4.080595889E-01
                         Error491        4.080440401E-01
                         Error492        4.080285273E-01
                         Error493        4.080130503E-01
                         Error494        4.079976090E-01
                         Error495        4.079822032E-01
                         Error496        4.079668326E-01
                         Error497        4.079514973E-01
                         Error498        4.079361969E-01
                         Error499        4.079209314E-01
                         Error500        4.079057006E-01
                         Error        4.079057006E-01
