atom_charge_dict:  {0: [0, 1], 2: [2, 3], 3: [4, 5], 4: [6], 6: [7, 8, 9], 1: [10, 11, 12], 5: [13, 14, 15, 16], 7: [17, 18], 9: [19], 8: [20, 21], 10: [22, 23]}
2
2 [2, 3] [-0.02491543 -0.07646658  0.11959067]
2 [2, 3] [ 0.01225339 -0.1592284   0.29227433]
0
0 [0, 1] [ 0.07912154 -0.26157986  0.21109306]
0 [0, 1] [ 0.15746016 -0.15178253  0.50286615]
1
1 [10, 11, 12] [-0.5166264  -0.25217366 -0.0283355 ]
1 [10, 11, 12] [0.09074051 0.21262245 0.1564018 ]
1 [10, 11, 12] [-0.00484082  0.3669807   0.42124556]
3
3 [4, 5] [-0.07256991 -0.10746962 -0.08709476]
3 [4, 5] [-0.29445371 -0.21682324 -0.15018437]
0
4
4 [6] [-0.15003992  0.17423537  0.3131295 ]
6
6 [7, 8, 9] [ 0.23810525 -0.14204398  0.00668888]
6 [7, 8, 9] [-0.11573687 -0.38986388 -0.02722035]
6 [7, 8, 9] [0.200817   0.08377812 0.01952805]
1
5
5 [13, 14, 15, 16] [0.27737832 0.1735567  0.01081806]
5 [13, 14, 15, 16] [-0.06695864 -0.04408329  0.18412338]
5 [13, 14, 15, 16] [-0.1255897  -0.24830214 -0.01113407]
5 [13, 14, 15, 16] [-0.02182044 -0.06326734 -0.2855323 ]
8
8 [20, 21] [-0.18615125 -0.24363351 -0.03211247]
8 [20, 21] [-0.1840726  -0.31833052 -0.12472406]
7
7 [17, 18] [-0.26394618 -0.22585336 -0.18206228]
7 [17, 18] [ 0.48352555 -0.06125896 -0.27215891]
9
9 [19] [0.3310993  0.39043461 0.04848072]
10
10 [22, 23] [ 0.07399152 -0.33009589  0.20590155]
10 [22, 23] [-0.01539625 -0.0843319   0.02095467]
7
5
RMSD using the Kabsch algorithm: 0.6836799598025218
1 [0.77599632 1.08252866 0.18494537]
2 [0.85433494 1.19232599 0.47671846]
3 [ 0.27004571  1.66262071 -0.84550964]
4 [ 0.30721453  1.57985889 -0.67282599]
5 [ 1.67194462  1.52117684 -0.02437088]
6 [ 1.45006082  1.41182323 -0.08746049]
7 [-0.01453568  1.97064788  1.11082944]
8 [ 1.81934751 -1.04195286  0.08799904]
9 [ 1.46550539 -1.28977277  0.05408982]
10 [ 1.78205926 -0.81613076  0.10083821]
11 [ 0.09257328 -0.41279952 -0.03195719]
12 [0.69994018 0.05199659 0.15278011]
13 [0.60435886 0.20635485 0.41762387]
14 [-0.35694033 -0.55356266 -0.15477254]
15 [-0.70127728 -0.77120265  0.01853278]
16 [-0.75990835 -0.9754215  -0.17672466]
17 [-0.65613909 -0.7903867  -0.4511229 ]
18 [-2.11460463 -0.19608186 -0.09483698]
19 [-1.36713289 -0.03148746 -0.18493361]
20 [-2.3266017  -0.28253672 -0.05832889]
21 [-2.07529938  0.11608885  1.09683109]
22 [-2.07322073  0.04139184  1.00421951]
23 [-1.86202741  0.55571096 -0.38204108]
24 [-1.95141518  0.80147494 -0.56698797]
