-xyz
refined.xyz
-dens
/home/unibas/boittier/RDKit_G2/B.pdb/SCAN_1_2_3_4_S_36_10.0/30_SCAN_1_2_3_4_F/B.d.cube
-esp
/home/unibas/boittier/RDKit_G2/B.pdb/SCAN_1_2_3_4_S_36_10.0/30_SCAN_1_2_3_4_F/B.p.cube
-stepsize
0.2
-n_steps
1
-learning_rate
0.5
  -3.9714833736056185        1.9674222169544620      -0.34094025483071771     
  -3.3413182320116412       -1.0788649169069451       0.35031536874765901     
  -5.7353852902639764       -2.1117876032064085       -1.2009593285327209     
  -3.6068472361895023       -1.5059999664897956      -0.67439538543234301     
  -3.0681173549142411       -1.0655374838857785       -1.1029024124159958     
  -1.9673972042628862       -2.0515986925622300      -0.44731828595750117     
  -1.5718488794290870       -1.1511193778997708        1.0016110543504746     
  -1.6607787260968419       -1.5525020061136789      -0.43532476810733928     
  -1.0987388171639385      -0.87708679710646653       0.18866169270036906     
 -0.68938514847899557       -4.1186733868794905       -8.4687710890033852E-002
  0.44147291630763963        3.3500137213380889       0.61868691519539143     
  0.45459543801357671        2.6757943967931892       0.74699122154788844     
  0.79990668641278106        1.9357658286122277       0.67192743976411484     
  0.50464942071893071        2.9797909730388721       0.52320537706388848     
  0.96893397241976043       -6.3620144004141843E-002  0.38630035531505058     
  0.78466466617565667       0.70300443361641884       0.70696145774491581     
  0.98873610622574859      -0.61072547316671977       0.56249072290162094     
   1.2271326873043187      -0.20306699831281058        1.1557822042535228     
   5.3081078663001122        6.4910758228133622E-002 -0.86983060046521976     
   2.3110793302446808      -0.79464101684186894        1.0160182344971647     
   2.5497206777266563       -1.5304600307781480       -4.6891796474365546E-002
   2.9702632748208910      -0.29158874247504279      -0.19715567724648853     
   2.9705076086095721      -0.37303712907999215       0.26999396103877044     
   3.8255973286307876       -2.9415306179090246        1.4579351257141426     
   3.8407527621790818       -2.6480083459288757        1.6102453976966837     
First
                         Total        4.507130884E+00
Step size:       0.20
Step size in Bohr:       0.38
Learning Rate:       1.00
# Steps:          1
                         Error  1        4.463168508E+00
                         Error        4.463168508E+00
