Running in analysis mode

Reading "/home/unibas/boittier/RDKit_G2/B.pdb/SCAN_1_2_3_4_S_36_10.0/19_SCAN/B.p.cube"...

  B.pdb Potential
  Electrostatic potential from Total SCF Density
   10  -10.318969   -7.552789   -6.607546
  112    0.166667    0.000000    0.000000
  100    0.000000    0.166667    0.000000
   80    0.000000    0.000000    0.166667
    6    6.000000    1.623661    2.488469    0.057881
    6    6.000000    0.908575    0.080234    0.030266
    6    6.000000   -1.617825   -1.040037    0.122228
    6    6.000000   -3.806216    0.195455   -0.094794
    1    1.000000    3.600944    2.992950   -0.043481
    1    1.000000    0.235154    3.979620    0.195475
    9    9.000000    2.736047   -1.739711   -0.096348
    1    1.000000   -1.619286   -3.073229    0.399696
    1    1.000000   -3.903422    2.217940   -0.409262
    1    1.000000   -5.586979   -0.804610    0.031218
  1.42410E-03  1.47540E-03  1.52805E-03  1.58204E-03  1.63734E-03  1.69392E-03
       .            .            .            .            .            .
       .            .            .            .            .            .
       .            .            .            .            .            .
  4.74745E-04  4.32691E-04  3.92179E-04  3.53221E-04  3.15819E-04  2.79970E-04

742056 out of 896000 gridpoints are considered (82.8%).

...done!

Reading "21charges.cube"...

  Fitted ESP
  Electrostatic potential fitted from 21 point charges.
   10  -10.318969   -7.552789   -6.607546
  112    0.166667    0.000000    0.000000
  100    0.000000    0.166667    0.000000
   80    0.000000    0.000000    0.166667
    6    6.000000    1.623661    2.488469    0.057881
    6    6.000000    0.908575    0.080234    0.030266
    6    6.000000   -1.617825   -1.040037    0.122228
    6    6.000000   -3.806216    0.195455   -0.094794
    1    1.000000    3.600944    2.992950   -0.043481
    1    1.000000    0.235154    3.979620    0.195475
    9    9.000000    2.736047   -1.739711   -0.096348
    1    1.000000   -1.619286   -3.073229    0.399696
    1    1.000000   -3.903422    2.217940   -0.409262
    1    1.000000   -5.586979   -0.804610    0.031218
  1.45732E-03  1.50665E-03  1.55720E-03  1.60896E-03  1.66189E-03  1.71595E-03
       .            .            .            .            .            .
       .            .            .            .            .            .
       .            .            .            .            .            .
  2.85911E-04  2.48170E-04  2.11902E-04  1.77115E-04  1.43809E-04  1.11978E-04

742056 out of 896000 gridpoints are considered (82.8%).

...done!

                       Measure       RMSE[kcal/mol/e]   MaxError[kcal/mol/e]   NPoints
                         Total        5.734392707E-01        4.980479905E+00    742056
Close (  1.20 < r <   1.66 )          1.093863937E+00        4.980479905E+00    154863
Mid-range ( 1.66 < r <  2.20)         4.027608618E-01        1.909580340E+00    277380
Far-range (  2.20         < r)        2.104174648E-01        9.337278148E-01    309813
Did analysis and wrote slice data
