-xyz
refined.xyz
-dens
/home/unibas/boittier/RDKit_G2/B.pdb/SCAN_1_2_3_4_S_36_10.0/19_SCAN/B.d.cube
-esp
/home/unibas/boittier/RDKit_G2/B.pdb/SCAN_1_2_3_4_S_36_10.0/19_SCAN/B.p.cube
-stepsize
0.2
-n_steps
10
-learning_rate
0.5
  -3.8867014186722391        2.9339736015128555      -0.42852043929984346     
  -3.2100362955138113       0.16178820633147070       0.45979903185914550     
  -2.9267481692976269       0.45213673634861673      -0.43400690589637742     
  -5.8627421186179074       -1.0350175839903919        9.2156153289202444E-002
  -3.0278143087769718       0.24701890211106378      -0.72986636710706387     
  -1.1767777974596827      -0.67161132997659045       0.34275309423324091     
  -1.5636950938515177       -3.5388188796988600       0.44279415235728220     
  -2.6242781753442488       -1.3350300925090433       0.22983713748491044     
  -1.9965179316702242       -1.0819075342409632       0.25854618156368026     
   2.4673279156340202      -0.88785191180943746        9.3220864394699121E-002
   2.5693005489773717       -1.0205519999373414       0.11633805230846450     
   3.3481844705719452       -2.2728397749580052      -0.12375888828070476     
   2.8377010734835579       -1.7312049878738065      -0.10527978629652238     
  0.45187983884453375       0.52392552241828005       0.20463437511210691     
  0.84506206006763052       0.48767297058083886       0.50265858624455828     
  0.94601014149115004       0.72462531136448782      -0.74535573047037085     
   1.5598044282167949      -0.34338221823612003        1.2493913976281929E-002
   1.5933042650423517        2.0505954815680756        1.0194111991918902     
   1.5344132258766252        2.0713219458581209      -0.87843769796041349     
   3.9501351250008483        3.0365040212170689       -6.1670284945058593E-002
  -1.9932870272442340E-003   4.1339720450465851       0.20480103976604908     
First
                         Total        6.113450780E-01
Step size:       0.20
Step size in Bohr:       0.38
Learning Rate:       1.00
# Steps:         10
                         Error  1        6.067260507E-01
                         Error  2        6.023190876E-01
                         Error  3        5.981127850E-01
                         Error  4        5.940962792E-01
                         Error  5        5.902592324E-01
                         Error  6        5.865918162E-01
                         Error  7        5.830846967E-01
                         Error  8        5.797290167E-01
                         Error  9        5.765163794E-01
                         Error 10        5.734388305E-01
                         Error        5.734388305E-01
