-xyz
refined.xyz
-dens
../../cube_files/acrolein/9_SCAN_1_2_6_8_F/O.d.cube
-esp
../../cube_files/acrolein/9_SCAN_1_2_6_8_F/O.p.cube
-stepsize
0.2
-n_steps
1
-learning_rate
0.5
   4.4111779740051711       0.79816739106310763      -0.25631475780711932     
   4.0308975826087030       0.85973881922800965      -0.20507146692319878     
   2.3200183934166323        3.9295043869082136      -0.17200612093033751     
   2.3361184257885763        3.7378060072632002      -0.19950109389774034     
   1.8671601084454894        1.6581931380904349       -2.7966111003279611E-002
   1.3572611922956448        2.2576493374699140       -4.9605390387598307E-002
   2.5617079793606621        2.3906867969371235      -0.21402530593114347     
   2.4596716718035943       0.75666710963941441       -6.7040692421478129E-002
  0.53358496976903402        1.4086925093923228        9.5471967546194546E-003
   1.0595445138090596       0.22176912640278837        5.3801938321985557E-002
   1.0764356209254797       0.51120958166187735       -8.3074966913351714E-002
  0.67143174601299049       0.78127036989459231        3.8361255947541008E-002
   8.1846641443738179E-003  -1.3547237361300859E-002  0.11075438639841229     
   1.7467177736614152E-002  -6.8858138852126383E-002  0.14087305020731497     
   1.1736153029876641       0.52529844860324570       0.61101591126822685     
   2.3010059888774137       -2.7634632496607439      -0.48320428557018336     
   2.1955416581288354       -2.8458442743927734       0.12452257189758753     
   2.2240188457393959       -2.8129935641467525       0.42941940639141013     
 -0.42894716866066662       -2.0594552165819282       -9.9199664239895596E-002
  -2.4526442777949304      -0.38211818208675485        7.8792200289743250E-002
  -3.4028998890562283       0.66191745496322385       -5.3187091392618074E-003
  -3.6995082076078516       0.29231359923490546       -9.5352559790484528E-003
  -3.7615644282459586      -0.38074565510855579        5.0812451342697957E-003
First
                         Total        2.499566961E+01
Step size:       0.20
Step size in Bohr:       0.38
Learning Rate:       1.00
# Steps:          1
                         Error  1        2.493610165E+01
                         Error        2.493610165E+01
