-xyz
refined.xyz
-dens
/home/unibas/boittier/RDKit_G2/B.pdb/SCAN_1_2_3_4_S_36_-10.0/3_SCAN_1_2_3_4_F/B.d.cube
-esp
/home/unibas/boittier/RDKit_G2/B.pdb/SCAN_1_2_3_4_S_36_-10.0/3_SCAN_1_2_3_4_F/B.p.cube
-stepsize
0.2
-n_steps
5
-learning_rate
0.5
  -3.5377605487670727        2.3496408461120084        1.0606831529870815     
  -3.2488911555392566      -0.83011456639612435       0.88389411707774923     
  -6.2149200904855233       -1.1993192725111592       0.21529939742521073     
  -3.9659664993220103      -0.95547077763677124        4.6168858242107338E-003
  -3.5604818268419991      -0.48384362451666457      -0.52048921179951302     
  -2.4530210484700885       -1.7260636281560751      -0.64535100354271224     
  -1.6734619876217607      -0.92334782463483556       0.57618536065415149     
  -2.0474255791304143       -1.3239841080733243      -0.71236309677763943     
  -1.2627670526183898      -0.74147527024994431      -0.29817823338593452     
  -1.5837427999296487       -3.8884894649689330       -1.1833616738447781     
   1.1136284655919348        3.0718113450733626      -0.17199202423921986     
   1.0526488640908060        2.4057622607096683       -1.9019893335529267E-002
   1.1963112747678220        1.6133009354027632      -0.12161955379730714     
   1.1379593429239978        2.6929597617399872      -0.25550607088753430     
  0.92275120812804889      -0.39013925805890470      -0.36371278211383679     
  0.93090931809706690       0.40803829241702011       -5.1214985939749103E-002
  0.83866015504030322      -0.91766221068534271      -0.18296677488460389     
   1.2339928489532985      -0.57798032070572669       0.37292033281943032     
   5.3235371817723180      -0.18339942839050286       0.60890277903990653     
   2.1133280624018203       -1.3742780986602485       0.24941063172086317     
   2.6992050850932983      -0.89992363286354993      -0.22571819765448120     
   2.9176449468968855      -0.50572054314847348       0.18530368645676923     
   2.7889869793521620      -0.86266575713478466       0.43386652382303165     
   3.4138080268424122       -3.6633487588614377      -0.32243411679051154     
   3.3555654091744440       -3.5673471455037045       -1.1487443570344634E-002
First
                         Total        4.332058785E-01
Step size:       0.20
Step size in Bohr:       0.38
Learning Rate:       1.00
# Steps:          5
                         Error  1        4.322235360E-01
                         Error  2        4.312780650E-01
                         Error  3        4.303669807E-01
                         Error  4        4.294879900E-01
                         Error  5        4.286389773E-01
                         Error        4.286389773E-01
