-xyz
refined.xyz
-dens
/home/unibas/boittier/RDKit_G2/B.pdb/SCAN_1_2_3_4_S_36_10.0/2_SCAN/B.d.cube
-esp
/home/unibas/boittier/RDKit_G2/B.pdb/SCAN_1_2_3_4_S_36_10.0/2_SCAN/B.p.cube
-stepsize
0.2
-n_steps
10
-learning_rate
0.5
   3.6977844819182311        2.6767956172783083       0.59556482464626603     
   3.1263056944653593       -8.8837292592021694E-002 -0.42893083774589408     
   2.7772878119396545       0.21541419256280347       0.49591377272647374     
   5.7429795846319216       -1.2814895737192222       0.11940465474905446     
   2.8459129741764362       -3.0133274077902193E-002  0.74580077731122552     
  0.93646017533432546       -1.2115095948737422        3.5802225127745974E-002
   1.4286781958963748       -3.7541123240161469      -0.60674587103251909     
   2.3741842083231659       -1.8671243970620837      -0.19934634333395621     
   1.8095783427182432       -1.5112942623348256      -0.13602132613390722     
  -1.3727550951372636        1.6690875888020260        7.3042169343009389E-002
  -1.3196625179860402        1.8520277394576681        9.9506838508964732E-002
 -0.98976597852905712        3.2787122627279164       -9.1627020560979738E-002
  -1.0040919510803636        2.5467988180244672      -0.10900662022852300     
 -0.99143719588535661      -0.76953674805424832        4.1508360540169514E-002
  -1.1961810478203172      -0.43911724452413253       0.36000627970834248     
  -1.5179924368008413      -0.47447989417480108      -0.87332665797625908     
  -1.1446632884491419       0.64529950470230357       -7.3736853825204424E-002
  -2.7374991444046568       -1.0377449012088418        1.1028898755181982     
  -2.9560660273384309      -0.98451779016105823      -0.78236816041298729     
  -5.2094314090899596       -3.8021946582388333E-003  0.39792393788020264     
  -3.2124991124142337       -3.6018334415888082       0.19441557165470402     
First
                         Total        4.000793769E-01
Step size:       0.20
Step size in Bohr:       0.38
Learning Rate:       1.00
# Steps:         10
                         Error  1        3.989251116E-01
                         Error  2        3.978507100E-01
                         Error  3        3.968506004E-01
                         Error  4        3.959195783E-01
                         Error  5        3.950527854E-01
                         Error  6        3.942456892E-01
                         Error  7        3.934940641E-01
                         Error  8        3.927939723E-01
                         Error  9        3.921417461E-01
                         Error 10        3.915339714E-01
                         Error        3.915339714E-01
