-xyz
refined.xyz
-dens
../../cube_files/fbuta/4_SCAN_1_2_3_4_F/B.d.cube
-esp
../../cube_files/fbuta/4_SCAN_1_2_3_4_F/B.p.cube
-stepsize
0.2
-n_steps
100
-learning_rate
0.5
  -3.1738619120141238       0.24718853772661747       -3.1090788766240083     
  -3.4294222796014653       0.58984658444869187        6.3043837936098246E-002
  -6.3677540252948273      -0.26589908948382507        4.6983416910940115E-002
  -4.0994302480771401      -0.30861920594368836       0.21308226278182896     
  -3.5527939182720254      -0.88344200319504906       -8.1027348307980376E-002
  -2.7988356513804571      -0.48741459563131734        1.0447104752721326     
  -1.4166376778441847       -5.0604913888159325E-002   1.8224239402378941     
  -2.3275180406395348      -0.26209355257297345       0.77760587042699336     
  -1.3212711503489640        3.2476443376539370E-002  0.87024802016000669     
  -2.1802793063187225      -0.76752342194033829        3.6603326449845919     
   1.9853148695259732        2.8924006654862642      -0.12921423046628439     
   1.7977850254086165        2.2796204690693576        9.1070124335188615E-002
   1.6427032158943553        1.4817565451312971       -1.0989870091983151E-002
   1.8737079784787971        2.5353877020755160      -0.17603549842550156     
  0.73108509256895071      -0.34391253137343614        1.0128741753549332E-004
   1.0742028988582601       0.40110460835353701       0.23404692962123566     
  0.55827170815126215      -0.81889577981512363       0.24172479321242457     
   1.2130677425361212      -0.64557327223166683       0.58316764208793470     
   4.9743823699956620       -1.5216449079204950      -0.86518518013618539     
   1.6798374145075436       -1.6620884607728632       0.13162341958446491     
   2.1505262189560885       -1.3587413506711534      -0.56120748099839357     
   2.6130008197950705       -1.0747096958262647      -0.28910908050241302     
   2.4953056856198192       -1.3984633561740849        1.5737616640258934E-003
   1.8819842328757865       -4.1905570962140732      -0.79713281154477422     
   1.9957603669427242       -4.0936906863152975      -0.48638585286592140     
First
                         Total        7.421979836E-01
Step size:       0.20
Step size in Bohr:       0.38
Learning Rate:       1.00
# Steps:        100
                         Error  1        7.368219662E-01
                         Error  2        7.317561278E-01
                         Error  3        7.269796277E-01
                         Error  4        7.224728756E-01
                         Error  5        7.182174832E-01
                         Error  6        7.141962140E-01
                         Error  7        7.103929315E-01
                         Error  8        7.067925467E-01
                         Error  9        7.033809662E-01
                         Error 10        7.001450392E-01
                         Error 11        6.970725068E-01
                         Error 12        6.941519511E-01
                         Error 13        6.913727460E-01
                         Error 14        6.887250102E-01
                         Error 15        6.861995607E-01
                         Error 16        6.837878692E-01
                         Error 17        6.814820197E-01
                         Error 18        6.792746684E-01
                         Error 19        6.771590055E-01
                         Error 20        6.751287192E-01
                         Error 21        6.731779612E-01
                         Error 22        6.713013147E-01
                         Error 23        6.694937639E-01
                         Error 24        6.677506654E-01
                         Error 25        6.660677218E-01
                         Error 26        6.644409561E-01
                         Error 27        6.628666888E-01
                         Error 28        6.613415159E-01
                         Error 29        6.598622883E-01
                         Error 30        6.584260930E-01
                         Error 31        6.570302355E-01
                         Error 32        6.556722233E-01
                         Error 33        6.543497505E-01
                         Error 34        6.530606838E-01
                         Error 35        6.518030495E-01
                         Error 36        6.505750210E-01
                         Error 37        6.493749077E-01
                         Error 38        6.482011447E-01
                         Error 39        6.470522828E-01
                         Error 40        6.459269799E-01
                         Error 41        6.448239927E-01
                         Error 42        6.437421689E-01
                         Error 43        6.426804400E-01
                         Error 44        6.416378155E-01
                         Error 45        6.406133761E-01
                         Error 46        6.396062685E-01
                         Error 47        6.386157003E-01
                         Error 48        6.376409354E-01
                         Error 49        6.366812891E-01
                         Error 50        6.357361249E-01
                         Error 51        6.348048500E-01
                         Error 52        6.338869124E-01
                         Error 53        6.329817977E-01
                         Error 54        6.320890259E-01
                         Error 55        6.312081491E-01
                         Error 56        6.303387488E-01
                         Error 57        6.294804337E-01
                         Error 58        6.286328376E-01
                         Error 59        6.277956175E-01
                         Error 60        6.269684518E-01
                         Error 61        6.261510386E-01
                         Error 62        6.253430944E-01
                         Error 63        6.245443525E-01
                         Error 64        6.237545619E-01
                         Error 65        6.229734858E-01
                         Error 66        6.222009009E-01
                         Error 67        6.214365962E-01
                         Error 68        6.206803723E-01
                         Error 69        6.199320401E-01
                         Error 70        6.191914204E-01
                         Error 71        6.184583431E-01
                         Error 72        6.177326465E-01
                         Error 73        6.170141767E-01
                         Error 74        6.163027870E-01
                         Error 75        6.155983375E-01
                         Error 76        6.149006943E-01
                         Error 77        6.142097298E-01
                         Error 78        6.135253212E-01
                         Error 79        6.128473512E-01
                         Error 80        6.121757068E-01
                         Error 81        6.115102796E-01
                         Error 82        6.108509653E-01
                         Error 83        6.101976631E-01
                         Error 84        6.095502761E-01
                         Error 85        6.089087104E-01
                         Error 86        6.082728755E-01
                         Error 87        6.076426835E-01
                         Error 88        6.070180494E-01
                         Error 89        6.063988907E-01
                         Error 90        6.057851275E-01
                         Error 91        6.051766818E-01
                         Error 92        6.045734779E-01
                         Error 93        6.039754423E-01
                         Error 94        6.033825030E-01
                         Error 95        6.027945902E-01
                         Error 96        6.022116354E-01
                         Error 97        6.016335720E-01
                         Error 98        6.010603347E-01
                         Error 99        6.004918599E-01
                         Error100        5.999280852E-01
                         Error        5.999280852E-01
