node30.cluster
-xyz
refined.xyz
-dens
../../cubes/4_SCAN_1_2_3_4_F/B.d.cube
-esp
../../cubes/4_SCAN_1_2_3_4_F/B.p.cube
-stepsize
0.2
-n_steps
500
-learning_rate
0.5
  -3.1366011732218797       0.29974925540890640       -3.0455442237714969     
  -3.3046889025224524       0.75717761224748625        9.0164777778343280E-002
  -6.3752826864613876      -0.19743515197999220       0.11134913352179789     
  -4.0108359401782865      -0.22227605169935785       0.10783530783483410     
  -3.5220681260104603      -0.77404260270653502       -7.8299580966497556E-003
  -2.6010090163758948      -0.29522574902447413       0.95130735716909043     
  -1.4687907521868748       0.16247831965651000        1.5123580918593327     
  -2.1597884025635099      -0.20884570545743755       0.51665631548214985     
  -1.2574953508962672        6.8188107353168072E-003  0.59549737839878703     
  -2.1024444942241827      -0.99142847560896130        3.7005096128020862     
   1.5034165807172710        2.4636008126301783       -6.4940110237270851E-002
   1.4016493581827736        2.0757549845785452        3.8918862855913172E-002
   1.2433203953960612        1.3387823534362355        3.2248133006341582E-003
   1.4900801787418820        2.2279679010955675       -8.8952379733775774E-002
  0.65582057421762363      -0.18798469368730139        1.8043103852178027E-002
  0.87755583039416696       0.42801187832876181        8.5531939625079836E-002
  0.49842712827445163      -0.57939288741475448       0.21237856522782028     
   1.0640169592824646      -0.45975156121393412       0.36175958617103671     
   4.9986323649057054       -1.4471293821454696      -0.86349596730322320     
   1.5759329379750486       -1.5076615380001055       0.16437112162294187     
   2.0310341322588763       -1.2714358211233354      -0.36020206058001464     
   2.3843669398696834      -0.94399098526682335      -0.20068813746143102     
   2.2452212668717237       -1.2969872549238475        2.6265650611906385E-002
   2.0691677012471468       -3.9265153832277071      -0.48477255037189543     
   2.0585731740160877       -3.9945669382670173      -0.30914736835454826     
First
                         Total        7.838313850E-01
Step size:       0.20
Step size in Bohr:       0.38
Learning Rate:       1.00
# Steps:        500
                         Error  1        7.668099204E-01
                         Error  2        7.508020592E-01
                         Error  3        7.357607207E-01
                         Error  4        7.216393597E-01
                         Error  5        7.083921209E-01
                         Error  6        6.959739841E-01
                         Error  7        6.843408989E-01
                         Error  8        6.734499069E-01
                         Error  9        6.632592505E-01
                         Error 10        6.537284694E-01
                         Error 11        6.448184812E-01
                         Error 12        6.364916493E-01
                         Error 13        6.287118354E-01
                         Error 14        6.214444381E-01
                         Error 15        6.146564184E-01
                         Error 16        6.083163119E-01
                         Error 17        6.023942293E-01
                         Error 18        5.968618457E-01
                         Error 19        5.916923807E-01
                         Error 20        5.868605690E-01
                         Error 21        5.823426239E-01
                         Error 22        5.781161950E-01
                         Error 23        5.741603194E-01
                         Error 24        5.704553702E-01
                         Error 25        5.669830010E-01
                         Error 26        5.637260883E-01
                         Error 27        5.606686733E-01
                         Error 28        5.577959015E-01
                         Error 29        5.550939641E-01
                         Error 30        5.525500389E-01
                         Error 31        5.501522321E-01
                         Error 32        5.478895223E-01
                         Error 33        5.457517057E-01
                         Error 34        5.437293430E-01
                         Error 35        5.418137091E-01
                         Error 36        5.399967445E-01
                         Error 37        5.382710097E-01
                         Error 38        5.366296407E-01
                         Error 39        5.350663085E-01
                         Error 40        5.335751799E-01
                         Error 41        5.321508810E-01
                         Error 42        5.307884627E-01
                         Error 43        5.294833689E-01
                         Error 44        5.282314065E-01
                         Error 45        5.270287173E-01
                         Error 46        5.258717522E-01
                         Error 47        5.247572466E-01
                         Error 48        5.236821986E-01
                         Error 49        5.226438479E-01
                         Error 50        5.216396563E-01
                         Error 51        5.206672905E-01
                         Error 52        5.197246049E-01
                         Error 53        5.188096272E-01
                         Error 54        5.179205435E-01
                         Error 55        5.170556862E-01
                         Error 56        5.162135217E-01
                         Error 57        5.153926393E-01
                         Error 58        5.145917414E-01
                         Error 59        5.138096339E-01
                         Error 60        5.130452181E-01
                         Error 61        5.122974825E-01
                         Error 62        5.115654955E-01
                         Error 63        5.108483992E-01
                         Error 64        5.101454030E-01
                         Error 65        5.094557780E-01
                         Error 66        5.087788522E-01
                         Error 67        5.081140052E-01
                         Error 68        5.074606648E-01
                         Error 69        5.068183019E-01
                         Error 70        5.061864279E-01
                         Error 71        5.055645908E-01
                         Error 72        5.049523723E-01
                         Error 73        5.043493852E-01
                         Error 74        5.037552702E-01
                         Error 75        5.031696946E-01
                         Error 76        5.025923490E-01
                         Error 77        5.020229463E-01
                         Error 78        5.014612193E-01
                         Error 79        5.009069191E-01
                         Error 80        5.003598141E-01
                         Error 81        4.998196877E-01
                         Error 82        4.992863381E-01
                         Error 83        4.987595760E-01
                         Error 84        4.982392247E-01
                         Error 85        4.977251182E-01
                         Error 86        4.972171007E-01
                         Error 87        4.967150257E-01
                         Error 88        4.962187554E-01
                         Error 89        4.957281597E-01
                         Error 90        4.952431161E-01
                         Error 91        4.947635083E-01
                         Error 92        4.942892265E-01
                         Error 93        4.938201666E-01
                         Error 94        4.933562294E-01
                         Error 95        4.928973207E-01
                         Error 96        4.924433510E-01
                         Error 97        4.919942344E-01
                         Error 98        4.915498891E-01
                         Error 99        4.911102369E-01
                         Error100        4.906752025E-01
                         Error101        4.902447138E-01
                         Error102        4.898187016E-01
                         Error103        4.893970991E-01
                         Error104        4.889798419E-01
                         Error105        4.885668678E-01
                         Error106        4.881581168E-01
                         Error107        4.877535307E-01
                         Error108        4.873530531E-01
                         Error109        4.869566293E-01
                         Error110        4.865642062E-01
                         Error111        4.861757321E-01
                         Error112        4.857911567E-01
                         Error113        4.854104309E-01
                         Error114        4.850335068E-01
                         Error115        4.846603378E-01
                         Error116        4.842908782E-01
                         Error117        4.839250833E-01
                         Error118        4.835629094E-01
                         Error119        4.832043137E-01
                         Error120        4.828492542E-01
                         Error121        4.824976897E-01
                         Error122        4.821495799E-01
                         Error123        4.818048850E-01
                         Error124        4.814635660E-01
                         Error125        4.811255846E-01
                         Error126        4.807909030E-01
                         Error127        4.804594843E-01
                         Error128        4.801312917E-01
                         Error129        4.798062894E-01
                         Error130        4.794844419E-01
                         Error131        4.791657143E-01
                         Error132        4.788500721E-01
                         Error133        4.785374814E-01
                         Error134        4.782279086E-01
                         Error135        4.779213209E-01
                         Error136        4.776176854E-01
                         Error137        4.773169701E-01
                         Error138        4.770191431E-01
                         Error139        4.767241731E-01
                         Error140        4.764320291E-01
                         Error141        4.761426805E-01
                         Error142        4.758560970E-01
                         Error143        4.755722488E-01
                         Error144        4.752911063E-01
                         Error145        4.750126404E-01
                         Error146        4.747368222E-01
                         Error147        4.744636233E-01
                         Error148        4.741930154E-01
                         Error149        4.739249706E-01
                         Error150        4.736594616E-01
                         Error151        4.733964609E-01
                         Error152        4.731359418E-01
                         Error153        4.728778775E-01
                         Error154        4.726222418E-01
                         Error155        4.723690085E-01
                         Error156        4.721181520E-01
                         Error157        4.718696468E-01
                         Error158        4.716234677E-01
                         Error159        4.713795897E-01
                         Error160        4.711379882E-01
                         Error161        4.708986388E-01
                         Error162        4.706615175E-01
                         Error163        4.704266004E-01
                         Error164        4.701938638E-01
                         Error165        4.699632844E-01
                         Error166        4.697348392E-01
                         Error167        4.695085052E-01
                         Error168        4.692842600E-01
                         Error169        4.690620811E-01
                         Error170        4.688419464E-01
                         Error171        4.686238341E-01
                         Error172        4.684077225E-01
                         Error173        4.681935902E-01
                         Error174        4.679814160E-01
                         Error175        4.677711790E-01
                         Error176        4.675628584E-01
                         Error177        4.673564338E-01
                         Error178        4.671518849E-01
                         Error179        4.669491915E-01
                         Error180        4.667483339E-01
                         Error181        4.665492925E-01
                         Error182        4.663520477E-01
                         Error183        4.661565803E-01
                         Error184        4.659628715E-01
                         Error185        4.657709022E-01
                         Error186        4.655806541E-01
                         Error187        4.653921086E-01
                         Error188        4.652052475E-01
                         Error189        4.650200529E-01
                         Error190        4.648365070E-01
                         Error191        4.646545920E-01
                         Error192        4.644742906E-01
                         Error193        4.642955856E-01
                         Error194        4.641184598E-01
                         Error195        4.639428965E-01
                         Error196        4.637688789E-01
                         Error197        4.635963906E-01
                         Error198        4.634254151E-01
                         Error199        4.632559365E-01
                         Error200        4.630879386E-01
                         Error201        4.629214056E-01
                         Error202        4.627563221E-01
                         Error203        4.625926724E-01
                         Error204        4.624304414E-01
                         Error205        4.622696139E-01
                         Error206        4.621101749E-01
                         Error207        4.619521096E-01
                         Error208        4.617954035E-01
                         Error209        4.616400420E-01
                         Error210        4.614860108E-01
                         Error211        4.613332958E-01
                         Error212        4.611818830E-01
                         Error213        4.610317585E-01
                         Error214        4.608829086E-01
                         Error215        4.607353199E-01
                         Error216        4.605889788E-01
                         Error217        4.604438721E-01
                         Error218        4.602999868E-01
                         Error219        4.601573099E-01
                         Error220        4.600158285E-01
                         Error221        4.598755300E-01
                         Error222        4.597364018E-01
                         Error223        4.595984316E-01
                         Error224        4.594616071E-01
                         Error225        4.593259161E-01
                         Error226        4.591913467E-01
                         Error227        4.590578871E-01
                         Error228        4.589255254E-01
                         Error229        4.587942501E-01
                         Error230        4.586640497E-01
                         Error231        4.585349128E-01
                         Error232        4.584068284E-01
                         Error233        4.582797851E-01
                         Error234        4.581537722E-01
                         Error235        4.580287787E-01
                         Error236        4.579047939E-01
                         Error237        4.577818072E-01
                         Error238        4.576598081E-01
                         Error239        4.575387863E-01
                         Error240        4.574187314E-01
                         Error241        4.572996333E-01
                         Error242        4.571814821E-01
                         Error243        4.570642676E-01
                         Error244        4.569479803E-01
                         Error245        4.568326103E-01
                         Error246        4.567181480E-01
                         Error247        4.566045840E-01
                         Error248        4.564919089E-01
                         Error249        4.563801134E-01
                         Error250        4.562691884E-01
                         Error251        4.561591247E-01
                         Error252        4.560499133E-01
                         Error253        4.559415455E-01
                         Error254        4.558340125E-01
                         Error255        4.557273055E-01
                         Error256        4.556214159E-01
                         Error257        4.555163354E-01
                         Error258        4.554120555E-01
                         Error259        4.553085679E-01
                         Error260        4.552058645E-01
                         Error261        4.551039370E-01
                         Error262        4.550027776E-01
                         Error263        4.549023782E-01
                         Error264        4.548027310E-01
                         Error265        4.547038282E-01
                         Error266        4.546056623E-01
                         Error267        4.545082255E-01
                         Error268        4.544115105E-01
                         Error269        4.543155098E-01
                         Error270        4.542202160E-01
                         Error271        4.541256219E-01
                         Error272        4.540317204E-01
                         Error273        4.539385044E-01
                         Error274        4.538459668E-01
                         Error275        4.537541007E-01
                         Error276        4.536628993E-01
                         Error277        4.535723557E-01
                         Error278        4.534824634E-01
                         Error279        4.533932156E-01
                         Error280        4.533046058E-01
                         Error281        4.532166275E-01
                         Error282        4.531292743E-01
                         Error283        4.530425400E-01
                         Error284        4.529564181E-01
                         Error285        4.528709026E-01
                         Error286        4.527859872E-01
                         Error287        4.527016660E-01
                         Error288        4.526179329E-01
                         Error289        4.525347821E-01
                         Error290        4.524522076E-01
                         Error291        4.523702037E-01
                         Error292        4.522887646E-01
                         Error293        4.522078848E-01
                         Error294        4.521275585E-01
                         Error295        4.520477802E-01
                         Error296        4.519685445E-01
                         Error297        4.518898460E-01
                         Error298        4.518116793E-01
                         Error299        4.517340390E-01
                         Error300        4.516569201E-01
                         Error301        4.515803172E-01
                         Error302        4.515042253E-01
                         Error303        4.514286393E-01
                         Error304        4.513535542E-01
                         Error305        4.512789650E-01
                         Error306        4.512048669E-01
                         Error307        4.511312550E-01
                         Error308        4.510581246E-01
                         Error309        4.509854708E-01
                         Error310        4.509132890E-01
                         Error311        4.508415746E-01
                         Error312        4.507703230E-01
                         Error313        4.506995296E-01
                         Error314        4.506291901E-01
                         Error315        4.505592999E-01
                         Error316        4.504898547E-01
                         Error317        4.504208502E-01
                         Error318        4.503522820E-01
                         Error319        4.502841460E-01
                         Error320        4.502164379E-01
                         Error321        4.501491536E-01
                         Error322        4.500822890E-01
                         Error323        4.500158401E-01
                         Error324        4.499498029E-01
                         Error325        4.498841734E-01
                         Error326        4.498189476E-01
                         Error327        4.497541217E-01
                         Error328        4.496896920E-01
                         Error329        4.496256545E-01
                         Error330        4.495620055E-01
                         Error331        4.494987414E-01
                         Error332        4.494358584E-01
                         Error333        4.493733530E-01
                         Error334        4.493112215E-01
                         Error335        4.492494605E-01
                         Error336        4.491880663E-01
                         Error337        4.491270356E-01
                         Error338        4.490663649E-01
                         Error339        4.490060509E-01
                         Error340        4.489460901E-01
                         Error341        4.488864792E-01
                         Error342        4.488272150E-01
                         Error343        4.487682942E-01
                         Error344        4.487097137E-01
                         Error345        4.486514701E-01
                         Error346        4.485935605E-01
                         Error347        4.485359817E-01
                         Error348        4.484787306E-01
                         Error349        4.484218041E-01
                         Error350        4.483651994E-01
                         Error351        4.483089133E-01
                         Error352        4.482529430E-01
                         Error353        4.481972856E-01
                         Error354        4.481419382E-01
                         Error355        4.480868979E-01
                         Error356        4.480321619E-01
                         Error357        4.479777275E-01
                         Error358        4.479235919E-01
                         Error359        4.478697523E-01
                         Error360        4.478162061E-01
                         Error361        4.477629507E-01
                         Error362        4.477099833E-01
                         Error363        4.476573014E-01
                         Error364        4.476049024E-01
                         Error365        4.475527837E-01
                         Error366        4.475009429E-01
                         Error367        4.474493774E-01
                         Error368        4.473980848E-01
                         Error369        4.473470626E-01
                         Error370        4.472963084E-01
                         Error371        4.472458198E-01
                         Error372        4.471955945E-01
                         Error373        4.471456301E-01
                         Error374        4.470959243E-01
                         Error375        4.470464748E-01
                         Error376        4.469972794E-01
                         Error377        4.469483358E-01
                         Error378        4.468996418E-01
                         Error379        4.468511952E-01
                         Error380        4.468029938E-01
                         Error381        4.467550356E-01
                         Error382        4.467073183E-01
                         Error383        4.466598400E-01
                         Error384        4.466125984E-01
                         Error385        4.465655916E-01
                         Error386        4.465188175E-01
                         Error387        4.464722741E-01
                         Error388        4.464259595E-01
                         Error389        4.463798716E-01
                         Error390        4.463340085E-01
                         Error391        4.462883683E-01
                         Error392        4.462429490E-01
                         Error393        4.461977489E-01
                         Error394        4.461527660E-01
                         Error395        4.461079985E-01
                         Error396        4.460634445E-01
                         Error397        4.460191023E-01
                         Error398        4.459749700E-01
                         Error399        4.459310460E-01
                         Error400        4.458873284E-01
                         Error401        4.458438155E-01
                         Error402        4.458005056E-01
                         Error403        4.457573970E-01
                         Error404        4.457144880E-01
                         Error405        4.456717770E-01
                         Error406        4.456292624E-01
                         Error407        4.455869424E-01
                         Error408        4.455448155E-01
                         Error409        4.455028801E-01
                         Error410        4.454611347E-01
                         Error411        4.454195776E-01
                         Error412        4.453782074E-01
                         Error413        4.453370224E-01
                         Error414        4.452960213E-01
                         Error415        4.452552024E-01
                         Error416        4.452145644E-01
                         Error417        4.451741057E-01
                         Error418        4.451338250E-01
                         Error419        4.450937207E-01
                         Error420        4.450537914E-01
                         Error421        4.450140359E-01
                         Error422        4.449744525E-01
                         Error423        4.449350401E-01
                         Error424        4.448957972E-01
                         Error425        4.448567225E-01
                         Error426        4.448178147E-01
                         Error427        4.447790723E-01
                         Error428        4.447404942E-01
                         Error429        4.447020791E-01
                         Error430        4.446638256E-01
                         Error431        4.446257325E-01
                         Error432        4.445877985E-01
                         Error433        4.445500224E-01
                         Error434        4.445124030E-01
                         Error435        4.444749390E-01
                         Error436        4.444376294E-01
                         Error437        4.444004727E-01
                         Error438        4.443634680E-01
                         Error439        4.443266140E-01
                         Error440        4.442899095E-01
                         Error441        4.442533535E-01
                         Error442        4.442169448E-01
                         Error443        4.441806822E-01
                         Error444        4.441445647E-01
                         Error445        4.441085912E-01
                         Error446        4.440727605E-01
                         Error447        4.440370717E-01
                         Error448        4.440015236E-01
                         Error449        4.439661152E-01
                         Error450        4.439308455E-01
                         Error451        4.438957133E-01
                         Error452        4.438607178E-01
                         Error453        4.438258578E-01
                         Error454        4.437911325E-01
                         Error455        4.437565407E-01
                         Error456        4.437220815E-01
                         Error457        4.436877539E-01
                         Error458        4.436535570E-01
                         Error459        4.436194899E-01
                         Error460        4.435855515E-01
                         Error461        4.435517409E-01
                         Error462        4.435180573E-01
                         Error463        4.434844996E-01
                         Error464        4.434510671E-01
                         Error465        4.434177587E-01
                         Error466        4.433845736E-01
                         Error467        4.433515110E-01
                         Error468        4.433185699E-01
                         Error469        4.432857495E-01
                         Error470        4.432530490E-01
                         Error471        4.432204674E-01
                         Error472        4.431880040E-01
                         Error473        4.431556578E-01
                         Error474        4.431234282E-01
                         Error475        4.430913143E-01
                         Error476        4.430593152E-01
                         Error477        4.430274303E-01
                         Error478        4.429956586E-01
                         Error479        4.429639994E-01
                         Error480        4.429324519E-01
                         Error481        4.429010154E-01
                         Error482        4.428696891E-01
                         Error483        4.428384723E-01
                         Error484        4.428073641E-01
                         Error485        4.427763639E-01
                         Error486        4.427454709E-01
                         Error487        4.427146845E-01
                         Error488        4.426840038E-01
                         Error489        4.426534282E-01
                         Error490        4.426229570E-01
                         Error491        4.425925894E-01
                         Error492        4.425623248E-01
                         Error493        4.425321626E-01
                         Error494        4.425021019E-01
                         Error495        4.424721422E-01
                         Error496        4.424422827E-01
                         Error497        4.424125229E-01
                         Error498        4.423828621E-01
                         Error499        4.423532995E-01
                         Error500        4.423238347E-01
                         Error        4.423238347E-01

real	70m38.772s
user	70m38.132s
sys	0m0.030s
