-xyz
refined.xyz
-dens
/home/unibas/boittier/RDKit_G2/B.pdb/SCAN_1_2_3_4_S_36_10.0/4_SCAN/B.d.cube
-esp
/home/unibas/boittier/RDKit_G2/B.pdb/SCAN_1_2_3_4_S_36_10.0/4_SCAN/B.p.cube
-stepsize
0.2
-n_steps
10
-learning_rate
0.5
  -4.1167712086974815        2.8919850362543489        5.8211560882516188E-002
  -3.4561368922019806      -0.63023640605910636       0.76319512003230616     
  -3.7052872564856454      -0.81154538664542064       0.10811131232336767     
  -6.2120931383841373       -1.3081196630640037       0.19187988570171829     
  -3.4820623594028803      -0.67291046376462793      -0.50666545166035082     
  -1.7293207310550325      -0.35269261897502208       0.12610460423312148     
  -1.4362822677778206       -6.2426820911899307E-002  0.10882183500259671     
  -1.7772833812398170       -2.6655715729169560        2.1195845988876357E-002
  -1.8126942293298578       -2.6709051510022217      -0.50806814943647971     
  -1.8465700652749764       -2.6921697813238485       0.53446974885083443     
   3.4858724619212369       -2.2320754958948124      -0.36386931060056416     
   2.8734530508869849       -1.6181926947359300      -0.26462832553550242     
  0.66001540080793686       0.82488714963509269      -0.74290370522255100     
  0.37138463948926670       0.95193300922818813      -0.50298648309235738     
   1.0548979084498520       0.98014842692262294       0.51275324132844768     
   1.5011443803468467      -0.13766213228164659      -0.26785028166252856     
   4.1804363172544496        3.2918290388795972       0.54930733772625995     
   1.9559292856004482        2.0818319525447038       0.35390171849016483     
   1.7235502323878606        2.1350984416771892      -0.31724027467802274     
   1.8009276766470819        2.0585812340161747        1.0419666713796407     
 -0.50432030390408311        4.2529773860904019       -8.9237056275848825E-002
First
                         Total        7.496361198E+00
Step size:       0.20
Step size in Bohr:       0.38
Learning Rate:       1.00
# Steps:         10
                         Error  1        7.448939062E+00
                         Error  2        7.401820682E+00
                         Error  3        7.355009258E+00
                         Error  4        7.308507981E+00
                         Error  5        7.262320033E+00
                         Error  6        7.216448583E+00
                         Error  7        7.170896787E+00
                         Error  8        7.125667783E+00
                         Error  9        7.080764690E+00
                         Error 10        7.036190603E+00
                         Error        7.036190603E+00
