-xyz
refined.xyz
-dens
/home/unibas/boittier/RDKit_G2/B.pdb/SCAN_1_2_3_4_S_36_10.0/2_SCAN_1_2_3_4_F/B.d.cube
-esp
/home/unibas/boittier/RDKit_G2/B.pdb/SCAN_1_2_3_4_S_36_10.0/2_SCAN_1_2_3_4_F/B.p.cube
-stepsize
0.2
-n_steps
5
-learning_rate
0.5
   3.6023235539147889        2.4132929015864866       0.67782422739464021     
   3.4355930037489797      -0.46768158057566223      -0.74739674513846499     
   6.2108042164298620       -1.2456119423839174       0.14057442627039235     
   3.9465004789654885       -1.0178210985024123       0.11206915243991529     
   3.4139137830860009      -0.81019111894490248       0.69197202046836348     
   2.4527579963826049       -1.7886747011432154       -6.6961381603078435E-002
   1.5207280892178963      -0.98655722133226775       -1.1764971906033261     
   2.0692892350787564       -1.3771534769093785        5.1659947432554469E-002
   1.2449762683409589      -0.78261329744750296      -0.25557607599915205     
   1.4931605029477268       -4.0227668185432419      -0.70203245571975736     
  -1.0506952711506423        3.0770173477016374      -0.10354524731308551     
  -1.0247995873585976        2.4073320070624615      -0.25277871138853214     
  -1.1658932098757100        1.6198308847877039      -0.11602118926145591     
  -1.0698332514288720        2.6996795454280207       -1.1453086214418099E-002
 -0.89626468093461586      -0.38324536599573311       0.11864365962047223     
 -0.93502650601341375       0.41072415788827871      -0.20312060914432878     
 -0.84842733602418385      -0.91453418358140226       -6.3137465786882618E-002
  -1.3142171566881273      -0.57540405836082031      -0.56197942322429695     
  -5.3664545022632559      -0.10290203879706503       0.34234890231160620     
  -2.1868657918435597       -1.3571392024813387       -6.9224841487028621E-002
  -2.6247516811342799      -0.84415227552833916       0.51308098859842910     
  -2.9369137505704082      -0.46563809689001451       0.15058732994712695     
  -2.8814047846256061      -0.83844109746542406      -0.10232831955091382     
  -3.3237073216438815       -3.5791807663722017       0.94626829033620563     
  -3.3465299647869382       -3.5006230104828751       0.62564360427266807     
First
                         Total        3.939926945E-01
Step size:       0.20
Step size in Bohr:       0.38
Learning Rate:       1.00
# Steps:          5
                         Error  1        3.930985171E-01
                         Error  2        3.922510438E-01
                         Error  3        3.914469382E-01
                         Error  4        3.906831116E-01
                         Error  5        3.899567058E-01
                         Error        3.899567058E-01
