-xyz
refined.xyz
-dens
/home/unibas/boittier/RDKit_G2/B.pdb/SCAN_1_2_3_4_S_36_10.0/1_SCAN_1_2_3_4_F/B.d.cube
-esp
/home/unibas/boittier/RDKit_G2/B.pdb/SCAN_1_2_3_4_S_36_10.0/1_SCAN_1_2_3_4_F/B.p.cube
-stepsize
0.2
-n_steps
5
-learning_rate
0.5
   3.6415876861565719        2.4418213226679444       0.34034587200541450     
   3.3977887591083888      -0.55646880648784702      -0.79375158973741811     
   6.2085266918578412       -1.2750302526677153        6.6365471452213207E-002
   3.9476664101981047       -1.0300596379081060        8.7080649852816341E-002
   3.4441707133313044      -0.76684470710368258       0.67023209236631942     
   2.4283157640893438       -1.8258038107110326        7.4430622398483082E-002
   1.5371107036522047       -1.0107686629262871       -1.0591220978117470     
   2.0468312148279928       -1.4097548457083493       0.18303229910703780     
   1.2382994647997463      -0.80498802236834321      -0.14573385647728501     
   1.4474964693109267       -4.0791335518917489      -0.33325499673542264     
  -1.0172780962662216        3.0792937087624948       -5.0136840287948188E-002
 -0.99413262025397586        2.4096393284404765      -0.19964961558542149     
  -1.1472835089137856        1.6233034596355354       -6.8529227888754915E-002
  -1.0427860027861877        2.7021010367672780        4.0944702279150397E-002
 -0.90492781947659728      -0.38132313323866041       0.16988224124918644     
 -0.92663563773021329       0.41344479346364382      -0.15147423425720707     
 -0.85774580467021111      -0.91293684225768690       -1.1561149696437853E-002
  -1.3058802732844874      -0.56804294272770350      -0.52249077694660295     
  -5.3839314705250150       -5.6553497248700027E-002  0.14953338577618777     
  -2.2002713952784512       -1.3416922024209745      -0.10444557573202229     
  -2.6631059304079634      -0.82911924684473948       0.45872316390416806     
  -2.9516807858020520      -0.44403185659552302        8.3723459529753338E-002
  -2.8865746031900801      -0.81505844357811941      -0.16945388688982430     
  -3.4128632943243624       -3.5601649242522391       0.82774882854058007     
  -3.4177810459396216       -3.4785902659464147       0.50724367545635651     
First
                         Total        3.576564293E-01
Step size:       0.20
Step size in Bohr:       0.38
Learning Rate:       1.00
# Steps:          5
                         Error  1        3.573950162E-01
                         Error  2        3.571478327E-01
                         Error  3        3.569137972E-01
                         Error  4        3.566919157E-01
                         Error  5        3.564812750E-01
                         Error        3.564812750E-01
