-xyz
refined.xyz
-dens
../../cube_files/acrolein/14_SCAN_1_2_3_4_F/L.d.cube
-esp
../../cube_files/acrolein/14_SCAN_1_2_3_4_F/L.p.cube
-stepsize
0.2
-n_steps
100
-learning_rate
0.5
  -2.9514788214714169       -2.9060436423845952       0.36220878721179378     
  -2.9062181240753042       -2.4612520297843838       0.21432577603860628     
  -4.9789778555385729        5.8714217850497144E-002 -0.70851486506726946     
  -4.8351124906179868       -1.6937146122735166E-002 -0.64368422869942632     
  -2.7958528132330844      -0.18618648305901750      -0.11077130415770442     
  -3.1290803670832035       0.47085701028080212      -0.35919372496042734     
  -3.7277016282858413      -0.64921232579951715      -0.21610082023523677     
  -2.1796672611964727       -1.0444935461505986       0.16912514209164289     
  -2.1378582056159208        1.2528450378605891        8.9230345862758090E-002
  -1.1456456921770457       0.85814878786914150       0.86700140664272551     
  -1.4148834300753710        1.0469052698037389       0.78995522610215829     
  -1.5750461781877343        1.0580758615704349       0.30399544580694088     
  -1.6969702889982805        3.4462185005141364      -0.73741331166762603     
 -0.86149377395087867        3.5431200248855363      -0.60661670241059207     
  -1.6579600749660324       0.40251157703889712       0.78816118430185400     
   1.5426675007705890       0.31421725842316783        2.7362472602316625     
   1.4990559539477781      -0.24389110152117729        2.5783456938011251     
   1.3263317034589761      -0.53335199591737736        2.5697448734459063     
   1.1765704363416496       0.32466256669075216      -0.18528050574959051     
   2.4634494363322466      -0.26252624183365836       -5.3196323222520984E-002
   2.9570971123144063      -0.22402996733623493       -1.3474284201683457     
   3.3567980549718133      -0.35509865814980618       -1.0966674417161382     
   3.6246387892314051      -0.51722710655818227      -0.54123642911011149     
First
                         Total        7.234977133E-01
Step size:       0.20
Step size in Bohr:       0.38
Learning Rate:       1.00
# Steps:        100
                         Error  1        7.145692945E-01
                         Error  2        7.061637643E-01
                         Error  3        6.982531093E-01
                         Error  4        6.908102651E-01
                         Error  5        6.838091448E-01
                         Error  6        6.772246597E-01
                         Error  7        6.710327325E-01
                         Error  8        6.652103052E-01
                         Error  9        6.597353396E-01
                         Error 10        6.545868127E-01
                         Error 11        6.497447067E-01
                         Error 12        6.451899944E-01
                         Error 13        6.409046206E-01
                         Error 14        6.368714797E-01
                         Error 15        6.330743902E-01
                         Error 16        6.294980668E-01
                         Error 17        6.261280906E-01
                         Error 18        6.229508773E-01
                         Error 19        6.199536445E-01
                         Error 20        6.171243782E-01
                         Error 21        6.144517987E-01
                         Error 22        6.119253265E-01
                         Error 23        6.095350480E-01
                         Error 24        6.072716824E-01
                         Error 25        6.051265481E-01
                         Error 26        6.030915303E-01
                         Error 27        6.011590499E-01
                         Error 28        5.993220326E-01
                         Error 29        5.975738796E-01
                         Error 30        5.959084390E-01
                         Error 31        5.943199790E-01
                         Error 32        5.928031618E-01
                         Error 33        5.913530185E-01
                         Error 34        5.899649261E-01
                         Error 35        5.886345849E-01
                         Error 36        5.873579972E-01
                         Error 37        5.861314476E-01
                         Error 38        5.849514838E-01
                         Error 39        5.838148994E-01
                         Error 40        5.827187164E-01
                         Error 41        5.816601702E-01
                         Error 42        5.806366946E-01
                         Error 43        5.796459079E-01
                         Error 44        5.786856003E-01
                         Error 45        5.777537213E-01
                         Error 46        5.768483689E-01
                         Error 47        5.759677791E-01
                         Error 48        5.751103153E-01
                         Error 49        5.742744603E-01
                         Error 50        5.734588067E-01
                         Error 51        5.726620496E-01
                         Error 52        5.718829789E-01
                         Error 53        5.711204725E-01
                         Error 54        5.703734901E-01
                         Error 55        5.696410667E-01
                         Error 56        5.689223078E-01
                         Error 57        5.682163836E-01
                         Error 58        5.675225247E-01
                         Error 59        5.668400174E-01
                         Error 60        5.661681999E-01
                         Error 61        5.655064580E-01
                         Error 62        5.648542221E-01
                         Error 63        5.642109637E-01
                         Error 64        5.635761923E-01
                         Error 65        5.629494526E-01
                         Error 66        5.623303221E-01
                         Error 67        5.617184084E-01
                         Error 68        5.611133472E-01
                         Error 69        5.605148001E-01
                         Error 70        5.599224527E-01
                         Error 71        5.593360129E-01
                         Error 72        5.587552090E-01
                         Error 73        5.581797887E-01
                         Error 74        5.576095171E-01
                         Error 75        5.570441758E-01
                         Error 76        5.564835615E-01
                         Error 77        5.559274848E-01
                         Error 78        5.553757696E-01
                         Error 79        5.548282516E-01
                         Error 80        5.542847777E-01
                         Error 81        5.537452052E-01
                         Error 82        5.532094008E-01
                         Error 83        5.526772404E-01
                         Error 84        5.521486078E-01
                         Error 85        5.516233945E-01
                         Error 86        5.511014991E-01
                         Error 87        5.505828268E-01
                         Error 88        5.500672887E-01
                         Error 89        5.495548018E-01
                         Error 90        5.490452880E-01
                         Error 91        5.485386741E-01
                         Error 92        5.480348917E-01
                         Error 93        5.475338762E-01
                         Error 94        5.470355669E-01
                         Error 95        5.465399069E-01
                         Error 96        5.460468425E-01
                         Error 97        5.455563230E-01
                         Error 98        5.450683007E-01
                         Error 99        5.445827306E-01
                         Error100        5.440995700E-01
                         Error        5.440995700E-01
