-xyz
refined.xyz
-dens
../../cube_files/ester/2_SCAN_1_2_6_8_F/O.d.cube
-esp
../../cube_files/ester/2_SCAN_1_2_6_8_F/O.p.cube
-stepsize
0.2
-n_steps
200
-learning_rate
0.5
  -2.9699851125990429      -0.69964877565563344       0.54388541279815739     
  -3.1983291463456625      -0.47878901276726554        1.0347319415063139     
  -3.2761262583691213       -2.7045349570206327      -0.87097161419651614     
  -3.1784950317095850       -2.4167737705506838      -0.64425049308440696     
  -4.7353902670746484       -4.6829836179305619E-002   5.8482660156227466E-003
  -4.2939600905637567      -0.24960558305723968       -9.8163915309876407E-002
  -3.0989530899469844       -2.2312038121731508        2.8856723927282166     
 -0.84158733377718065        3.1882876196446674       -2.4067202150893788E-003
  -8.8612626800610397E-002   2.9585059273102035      -0.12258868972007238     
  -1.1422595130530624        2.9558770494161219        1.5287765066413571E-002
   2.2856314928489017E-002 -0.10780255572509309      -0.13456553585416875     
  -1.3587817892740763       0.30183939235192631       0.11185411918069854     
  -1.4708112470416790       0.22642599706879890       0.67426272365147755     
  0.70663766111565851      -0.82274378914921420      -0.68158729782673999     
   1.2400692776573465       -1.2845393890757040      -0.29427161768269616     
   1.8093049020301066      -0.99969109784711774      -0.84292457904517137     
   1.1269756987407762       -1.1997773027944938       -1.2260442233058246     
   4.0169856324183328       -1.0133233944100983       0.39948397085376430     
   2.5197935523852131      -0.55860170012645105       0.46983565635825986     
   4.2858674799624996       -1.0484626389104372       0.24081422733933813     
   4.4889193138878225        1.0674593322593220      -0.69040131087078360     
   4.5001979089094641       0.89681505681482410      -0.72851789506820752     
   3.3886355608635030      -0.32105478093627349        1.6905566211939131     
   3.4039243976268256      -0.17252247400324391        2.3497124573601114     
First
                         Total        8.321284078E-01
Step size:       0.20
Step size in Bohr:       0.38
Learning Rate:       1.00
# Steps:        200
                         Error  1        8.172337798E-01
                         Error  2        8.032324631E-01
                         Error  3        7.900746787E-01
                         Error  4        7.777122980E-01
                         Error  5        7.660989200E-01
                         Error  6        7.551899330E-01
                         Error  7        7.449425600E-01
                         Error  8        7.353158891E-01
                         Error  9        7.262708896E-01
                         Error 10        7.177704143E-01
                         Error 11        7.097791894E-01
                         Error 12        7.022637942E-01
                         Error 13        6.951926291E-01
                         Error 14        6.885358766E-01
                         Error 15        6.822654534E-01
                         Error 16        6.763549572E-01
                         Error 17        6.707796079E-01
                         Error 18        6.655161845E-01
                         Error 19        6.605429600E-01
                         Error 20        6.558396333E-01
                         Error 21        6.513872604E-01
                         Error 22        6.471681849E-01
                         Error 23        6.431659695E-01
                         Error 24        6.393653268E-01
                         Error 25        6.357520534E-01
                         Error 26        6.323129639E-01
                         Error 27        6.290358279E-01
                         Error 28        6.259093092E-01
                         Error 29        6.229229070E-01
                         Error 30        6.200669001E-01
                         Error 31        6.173322938E-01
                         Error 32        6.147107694E-01
                         Error 33        6.121946360E-01
                         Error 34        6.097767860E-01
                         Error 35        6.074506523E-01
                         Error 36        6.052101686E-01
                         Error 37        6.030497323E-01
                         Error 38        6.009641694E-01
                         Error 39        5.989487019E-01
                         Error 40        5.969989179E-01
                         Error 41        5.951107430E-01
                         Error 42        5.932804142E-01
                         Error 43        5.915044558E-01
                         Error 44        5.897796567E-01
                         Error 45        5.881030494E-01
                         Error 46        5.864718911E-01
                         Error 47        5.848836454E-01
                         Error 48        5.833359662E-01
                         Error 49        5.818266825E-01
                         Error 50        5.803537841E-01
                         Error 51        5.789154090E-01
                         Error 52        5.775098311E-01
                         Error 53        5.761354500E-01
                         Error 54        5.747907801E-01
                         Error 55        5.734744418E-01
                         Error 56        5.721851530E-01
                         Error 57        5.709217209E-01
                         Error 58        5.696830354E-01
                         Error 59        5.684680620E-01
                         Error 60        5.672758359E-01
                         Error 61        5.661054564E-01
                         Error 62        5.649560820E-01
                         Error 63        5.638269255E-01
                         Error 64        5.627172495E-01
                         Error 65        5.616263631E-01
                         Error 66        5.605536176E-01
                         Error 67        5.594984035E-01
                         Error 68        5.584601475E-01
                         Error 69        5.574383096E-01
                         Error 70        5.564323804E-01
                         Error 71        5.554418792E-01
                         Error 72        5.544663513E-01
                         Error 73        5.535053663E-01
                         Error 74        5.525585165E-01
                         Error 75        5.516254146E-01
                         Error 76        5.507056930E-01
                         Error 77        5.497990018E-01
                         Error 78        5.489050075E-01
                         Error 79        5.480233923E-01
                         Error 80        5.471538526E-01
                         Error 81        5.462960981E-01
                         Error 82        5.454498510E-01
                         Error 83        5.446148450E-01
                         Error 84        5.437908247E-01
                         Error 85        5.429775448E-01
                         Error 86        5.421747694E-01
                         Error 87        5.413822714E-01
                         Error 88        5.405998321E-01
                         Error 89        5.398272405E-01
                         Error 90        5.390642930E-01
                         Error 91        5.383107929E-01
                         Error 92        5.375665499E-01
                         Error 93        5.368313800E-01
                         Error 94        5.361051047E-01
                         Error 95        5.353875513E-01
                         Error 96        5.346785520E-01
                         Error 97        5.339779440E-01
                         Error 98        5.332855694E-01
                         Error 99        5.326012744E-01
                         Error100        5.319249097E-01
                         Error101        5.312563297E-01
                         Error102        5.305953930E-01
                         Error103        5.299419616E-01
                         Error104        5.292959012E-01
                         Error105        5.286570807E-01
                         Error106        5.280253724E-01
                         Error107        5.274006515E-01
                         Error108        5.267827963E-01
                         Error109        5.261716880E-01
                         Error110        5.255672105E-01
                         Error111        5.249692502E-01
                         Error112        5.243776963E-01
                         Error113        5.237924403E-01
                         Error114        5.232133762E-01
                         Error115        5.226404004E-01
                         Error116        5.220734112E-01
                         Error117        5.215123094E-01
                         Error118        5.209569977E-01
                         Error119        5.204073810E-01
                         Error120        5.198633660E-01
                         Error121        5.193248614E-01
                         Error122        5.187917779E-01
                         Error123        5.182640278E-01
                         Error124        5.177415252E-01
                         Error125        5.172241861E-01
                         Error126        5.167119280E-01
                         Error127        5.162046701E-01
                         Error128        5.157023331E-01
                         Error129        5.152048393E-01
                         Error130        5.147121127E-01
                         Error131        5.142240785E-01
                         Error132        5.137406634E-01
                         Error133        5.132617956E-01
                         Error134        5.127874046E-01
                         Error135        5.123174214E-01
                         Error136        5.118517779E-01
                         Error137        5.113904079E-01
                         Error138        5.109332458E-01
                         Error139        5.104802278E-01
                         Error140        5.100312908E-01
                         Error141        5.095863733E-01
                         Error142        5.091454146E-01
                         Error143        5.087083553E-01
                         Error144        5.082751372E-01
                         Error145        5.078457028E-01
                         Error146        5.074199962E-01
                         Error147        5.069979620E-01
                         Error148        5.065795461E-01
                         Error149        5.061646953E-01
                         Error150        5.057533574E-01
                         Error151        5.053454811E-01
                         Error152        5.049410162E-01
                         Error153        5.045399131E-01
                         Error154        5.041421234E-01
                         Error155        5.037475993E-01
                         Error156        5.033562940E-01
                         Error157        5.029681617E-01
                         Error158        5.025831570E-01
                         Error159        5.022012357E-01
                         Error160        5.018223542E-01
                         Error161        5.014464697E-01
                         Error162        5.010735401E-01
                         Error163        5.007035243E-01
                         Error164        5.003363816E-01
                         Error165        4.999720721E-01
                         Error166        4.996105567E-01
                         Error167        4.992517969E-01
                         Error168        4.988957550E-01
                         Error169        4.985423938E-01
                         Error170        4.981916768E-01
                         Error171        4.978435682E-01
                         Error172        4.974980327E-01
                         Error173        4.971550356E-01
                         Error174        4.968145430E-01
                         Error175        4.964765214E-01
                         Error176        4.961409380E-01
                         Error177        4.958077603E-01
                         Error178        4.954769568E-01
                         Error179        4.951484960E-01
                         Error180        4.948223475E-01
                         Error181        4.944984809E-01
                         Error182        4.941768666E-01
                         Error183        4.938574756E-01
                         Error184        4.935402791E-01
                         Error185        4.932252489E-01
                         Error186        4.929123574E-01
                         Error187        4.926015773E-01
                         Error188        4.922928818E-01
                         Error189        4.919862446E-01
                         Error190        4.916816397E-01
                         Error191        4.913790418E-01
                         Error192        4.910784257E-01
                         Error193        4.907797667E-01
                         Error194        4.904830408E-01
                         Error195        4.901882240E-01
                         Error196        4.898952929E-01
                         Error197        4.896042244E-01
                         Error198        4.893149959E-01
                         Error199        4.890275850E-01
                         Error200        4.887419698E-01
                         Error        4.887419698E-01
