-xyz
refined.xyz
-dens
/home/unibas/boittier/RDKit_G2/B.pdb/SCAN_1_2_3_4_S_36_-10.0/2_SCAN_1_2_3_4_F/B.d.cube
-esp
/home/unibas/boittier/RDKit_G2/B.pdb/SCAN_1_2_3_4_S_36_-10.0/2_SCAN_1_2_3_4_F/B.p.cube
-stepsize
0.2
-n_steps
5
-learning_rate
0.5
  -3.6012884640862373        2.4106153320009795       0.69103669057147876     
  -3.2792305751654220      -0.76870651472824691       0.88071065925565362     
  -6.2090933093617817       -1.2501554977264973       0.16332625496183159     
  -3.9579717473740677      -0.99566141323638480       -8.3453836159213899E-003
  -3.5347340199755055      -0.57775762008539877      -0.56418651873359660     
  -2.4279045369918735       -1.7913394703087793      -0.50024966072990751     
  -1.6280050966484290      -0.97561665612654414       0.69905023926099286     
  -2.0333569897910588       -1.3806913679115271      -0.57885887556681637     
  -1.2487887637827217      -0.78232091046904395      -0.18687544313125548     
  -1.5005175763857350       -4.0085814641557285      -0.77898368448234101     
   1.0517978877214074        3.0768483137789042      -0.12110296155022855     
   1.0084459803660235        2.4090632842616588        3.1576227065384439E-002
   1.1638653461990083        1.6199642731854729       -7.8661046447256480E-002
   1.0808689747435423        2.6986156030043107      -0.20643705740736429     
  0.92119401895990682      -0.38567972960342756      -0.31942118894264721     
  0.92378258131137214       0.41179644677843891       -4.4292516556098498E-003
  0.85280970081328933      -0.91507560911463570      -0.13805291318046586     
   1.2587673496159366      -0.56970405178648587       0.40657629943885015     
   5.3573958890135769      -0.10114553138488654       0.42818254064129385     
   2.1567959280514559       -1.3512757575971845       0.21505933495974749     
   2.7091505473273951      -0.86067016782386807      -0.28317277602360302     
   2.9401545082999108      -0.46633612260827351       0.12091601399694890     
   2.8310201125386536      -0.82847682509277543       0.37160636301633310     
   3.4714902373626177       -3.6081944841772633      -0.44671048093199739     
   3.4269567279749005       -3.5165276551814664      -0.13208335356225895     
First
                         Total        3.861072234E-01
Step size:       0.20
Step size in Bohr:       0.38
Learning Rate:       1.00
# Steps:          5
                         Error  1        3.856310239E-01
                         Error  2        3.851725350E-01
                         Error  3        3.847305955E-01
                         Error  4        3.843041330E-01
                         Error  5        3.838921571E-01
                         Error        3.838921571E-01
