atom_charge_dict:  {6: [0, 1], 5: [2, 3], 0: [4, 5, 6, 7], 1: [8, 9, 10, 11, 14], 7: [12, 13], 4: [15, 16, 17], 2: [18], 3: [19, 20, 21, 22]}
3
3 [19, 20, 21, 22] [0.21083612 0.45099191 0.02544231]
3 [19, 20, 21, 22] [ 0.18793765 -0.28382826 -0.06780922]
3 [19, 20, 21, 22] [-0.05249471 -0.23817357 -0.02232736]
3 [19, 20, 21, 22] [-0.31055691 -0.00499937  0.03059416]
2
2 [18] [ 0.32486942 -0.44569871 -0.07764745]
1
1 [8, 9, 10, 11, 14] [ 0.50431989  0.21258972 -0.03318583]
1 [8, 9, 10, 11, 14] [-0.16231536  0.41320181  0.06671118]
1 [8, 9, 10, 11, 14] [0.00682506 0.41784125 0.14393119]
1 [8, 9, 10, 11, 14] [0.16581789 0.22369134 0.04733871]
1 [8, 9, 10, 11, 14] [-0.02427767  0.51208667 -0.21490487]
4
4 [15, 16, 17] [ 0.2146317  -0.04519695  0.22496666]
4 [15, 16, 17] [ 0.14703352 -0.05612695 -0.08945016]
4 [15, 16, 17] [ 0.14643319 -0.0093951  -0.24541543]
2
1
5
5 [2, 3] [ 0.00261453 -0.02815567 -0.04457744]
5 [2, 3] [-0.09732126 -0.04343442 -0.05456247]
0
0 [4, 5, 6, 7] [-0.1335826   0.25809297 -0.05356407]
0 [4, 5, 6, 7] [ 0.16776133  0.53519876 -0.09587871]
0 [4, 5, 6, 7] [ 0.29433538 -0.1187581  -0.04085281]
0 [4, 5, 6, 7] [-0.56451268 -0.0926946   0.07088319]
6
6 [0, 1] [-0.06966985 -0.1403514   0.05591206]
6 [0, 1] [-0.0282366   0.08599257  0.0390131 ]
7
7 [12, 13] [ 0.28509038  0.20782342 -0.04597932]
7 [12, 13] [-0.1326564   0.37636946 -0.01204352]
1
0
RMSD using the Kabsch algorithm: 0.6949489064141929
1 [ 1.00614276 -1.60331466  0.25184037]
2 [ 1.04757601 -1.37697069  0.23494141]
3 [ 2.56006453 -0.39478167 -0.0798275 ]
4 [ 2.46012873 -0.41006042 -0.08981254]
5 [ 1.34637148 -0.20888297 -0.0158565 ]
6 [ 1.64771541  0.06822281 -0.05817114]
7 [ 1.77428945 -0.58573405 -0.00314525]
8 [ 0.9154414  -0.55967055  0.10859075]
9 [ 1.16895086  0.80445991 -0.09839895]
10 [0.50231561 1.005072   0.00149805]
11 [0.67145602 1.00971144 0.07871806]
12 [ 0.83044886  0.81556153 -0.01787442]
13 [ 1.34330203  1.80481875 -0.23975018]
14 [ 0.92555525  1.97336479 -0.20581438]
15 [ 0.6403533   1.10395686 -0.280118  ]
16 [-1.13195496  1.35293102  0.51777669]
17 [-1.19955314  1.34200102  0.20335988]
18 [-1.20015347  1.38873286  0.04739461]
19 [-0.47550498  0.02281821 -0.00604451]
20 [-1.21543243 -0.13975801 -0.04009521]
21 [-1.23833089 -0.87457818 -0.13334673]
22 [-1.47876325 -0.82892349 -0.08786487]
23 [-1.73682545 -0.59574929 -0.03494335]
