-xyz
refined.xyz
-dens
../../cube_files/acrolein/8_SCAN_1_2_6_8_F/O.d.cube
-esp
../../cube_files/acrolein/8_SCAN_1_2_6_8_F/O.p.cube
-stepsize
0.2
-n_steps
1
-learning_rate
0.5
   4.4490253080831392       0.73748706171917999        3.1262550912564976E-004
   4.0661765052864292       0.80525587254606013        1.8285488037007910E-002
   2.4018782136941783        3.8939322653101054      -0.16452287171282523     
   2.4159440927977354        3.7026470435975414      -0.18582427735269633     
   1.8954140562968234        1.6367532403150753       -9.9165106021289872E-003
   1.4052550070921996        2.2458436648968578       -8.7250377871338880E-002
   2.6245757736027162        2.3520861604388896      -0.14955838534096619     
   2.4707335297082249       0.72856490372156935        1.3429982567143645E-002
  0.56174180731249468        1.4149565843414220      -0.11543696678735622     
   1.0571219073146441       0.21716110379897946        2.6928569249613676E-002
   1.0890173465006865       0.50449632047154325      -0.11405924794200434     
  0.67945087755812139       0.78375411765284386       -3.3103245162010519E-002
   0.0000000000000000        0.0000000000000000        0.0000000000000000     
   5.7654809533455300E-003  -5.4730122365178983E-002   3.1985383313412517E-002
   1.1279701324573588       0.53273667796389257       0.58525346820520097     
   2.2917458835574149       -2.7948789537902545      -0.40760685491563420     
   2.1207438828042857       -2.8738037283797713       0.18532013070586903     
   2.1162498368461380       -2.8390392262100486       0.49160498393527330     
 -0.45520133360416465       -2.0253595337887500      -0.32075226532513201     
  -2.4468528831533516      -0.37420643637570666       0.20538231169768961     
  -3.3970452725586924       0.67344153995723011       0.14347435450506096     
  -3.6933045961372466       0.30349524973775854       0.15454596395018089     
  -3.7585341787701676      -0.36776629987846504       0.17997825285706573     
First
                         Total        2.466236311E+01
Step size:       0.20
Step size in Bohr:       0.38
Learning Rate:       1.00
# Steps:          1
                         Error  1        2.460371013E+01
                         Error        2.460371013E+01
