-xyz
refined.xyz
-dens
/home/unibas/boittier/RDKit_G2/B.pdb/SCAN_1_2_3_4_S_36_10.0/22_SCAN/B.d.cube
-esp
/home/unibas/boittier/RDKit_G2/B.pdb/SCAN_1_2_3_4_S_36_10.0/22_SCAN/B.p.cube
-stepsize
0.2
-n_steps
100
-learning_rate
0.5
  -3.6703330110661554        2.7325036887237824      -0.31014207590820664     
  -3.0832528597291993       -8.1977793117180869E-002  0.53514333330283126     
  -2.8009381179629234       0.25536283962787043      -0.39911082361334144     
  -5.7593070694763355       -1.2129648700426467        8.9496211149095659E-002
  -2.8923401720725535        2.1279927221747982E-002 -0.65257165554683083     
 -0.95967300236135822       -1.1822323185231931      -0.14876792913087242     
  -1.4171436356317728       -3.7693474046011906       0.43767772305735486     
  -2.4083674091393261       -1.8160540335909587        7.4662591198662656E-002
  -1.8379967211789419       -1.4686082773169509        1.5679770537716946E-002
   1.3904541111957613        1.6617253354109751      -0.13079571242084079     
   1.3398143387389210        1.8457746595638251      -0.15604731139993858     
   1.0230825127887730        3.2716615317116626        5.1089827672418500E-002
   1.0292894965124468        2.5401655039169158        5.7488987754706740E-002
  0.97487183268978950      -0.76835370239655199      -0.13970163877385763     
   1.1860741137086555      -0.44048431881504119      -0.45588577608443948     
   1.4982030207191936      -0.48290380310154046       0.77786702829233678     
   1.1462738521977687       0.64310022018069590       -2.0923587972582182E-002
   2.7983820491944815       -1.0730972243864383       -1.0409205426080261     
   2.8822451751481113       -1.0061675236968390       0.85381828123805903     
   5.2299965691208721       -7.2392137621720642E-002 -0.16861159450090574     
   3.1657891025162574       -3.6353809791211860       -8.0306942209544596E-002
First
                         Total        7.546313434E+00
Step size:       0.20
Step size in Bohr:       0.38
Learning Rate:       1.00
# Steps:        100
                         Error  1        7.496649105E+00
                         Error  2        7.447289956E+00
                         Error  3        7.398239540E+00
                         Error  4        7.349501410E+00
                         Error  5        7.301079111E+00
                         Error  6        7.252976186E+00
                         Error  7        7.205196166E+00
                         Error  8        7.157742571E+00
                         Error  9        7.110618907E+00
                         Error 10        7.063828662E+00
                         Error 11        7.017375301E+00
                         Error 12        6.971262268E+00
                         Error 13        6.925492977E+00
                         Error 14        6.880070813E+00
                         Error 15        6.834999126E+00
                         Error 16        6.790281230E+00
                         Error 17        6.745920394E+00
                         Error 18        6.701919846E+00
                         Error 19        6.658282763E+00
                         Error 20        6.615012270E+00
                         Error 21        6.572111434E+00
                         Error 22        6.529583265E+00
                         Error 23        6.487430705E+00
                         Error 24        6.445656630E+00
                         Error 25        6.404263841E+00
                         Error 26        6.363255066E+00
                         Error 27        6.322632950E+00
                         Error 28        6.282400052E+00
                         Error 29        6.242558845E+00
                         Error 30        6.203111709E+00
                         Error 31        6.164060924E+00
                         Error 32        6.125408674E+00
                         Error 33        6.087157033E+00
                         Error 34        6.049307970E+00
                         Error 35        6.011863340E+00
                         Error 36        5.974824884E+00
                         Error 37        5.938194220E+00
                         Error 38        5.901972845E+00
                         Error 39        5.866162129E+00
                         Error 40        5.830763312E+00
                         Error 41        5.795777502E+00
                         Error 42        5.761205672E+00
                         Error 43        5.727048654E+00
                         Error 44        5.693307142E+00
                         Error 45        5.659981686E+00
                         Error 46        5.627072690E+00
                         Error 47        5.594580413E+00
                         Error 48        5.562504964E+00
                         Error 49        5.530846303E+00
                         Error 50        5.499604239E+00
                         Error 51        5.468778429E+00
                         Error 52        5.438368379E+00
                         Error 53        5.408373443E+00
                         Error 54        5.378792821E+00
                         Error 55        5.349625564E+00
                         Error 56        5.320870571E+00
                         Error 57        5.292526591E+00
                         Error 58        5.264592226E+00
                         Error 59        5.237065931E+00
                         Error 60        5.209946016E+00
                         Error 61        5.183230650E+00
                         Error 62        5.156917864E+00
                         Error 63        5.131005551E+00
                         Error 64        5.105491473E+00
                         Error 65        5.080373263E+00
                         Error 66        5.055648428E+00
                         Error 67        5.031314356E+00
                         Error 68        5.007368318E+00
                         Error 69        4.983807473E+00
                         Error 70        4.960628874E+00
                         Error 71        4.937829474E+00
                         Error 72        4.915406128E+00
                         Error 73        4.893355599E+00
                         Error 74        4.871674566E+00
                         Error 75        4.850359625E+00
                         Error 76        4.829407299E+00
                         Error 77        4.808814037E+00
                         Error 78        4.788576224E+00
                         Error 79        4.768690183E+00
                         Error 80        4.749152178E+00
                         Error 81        4.729958421E+00
                         Error 82        4.711105075E+00
                         Error 83        4.692588253E+00
                         Error 84        4.674404027E+00
                         Error 85        4.656548427E+00
                         Error 86        4.639017443E+00
                         Error 87        4.621807028E+00
                         Error 88        4.604913099E+00
                         Error 89        4.588331539E+00
                         Error 90        4.572058198E+00
                         Error 91        4.556088893E+00
                         Error 92        4.540419410E+00
                         Error 93        4.525045508E+00
                         Error 94        4.509962914E+00
                         Error 95        4.495167330E+00
                         Error 96        4.480654432E+00
                         Error 97        4.466419872E+00
                         Error 98        4.452459280E+00
                         Error 99        4.438768269E+00
                         Error100        4.425342434E+00
                         Error        4.425342434E+00
