-xyz
refined.xyz
-dens
/home/unibas/boittier/RDKit_G2/B.pdb/SCAN_1_2_3_4_S_36_10.0/20_SCAN/B.d.cube
-esp
/home/unibas/boittier/RDKit_G2/B.pdb/SCAN_1_2_3_4_S_36_10.0/20_SCAN/B.p.cube
-stepsize
0.2
-n_steps
10
-learning_rate
0.5
  -3.8168306646312615        2.8676648171819212      -0.92819943769591773     
  -3.2091474962064330       0.22342605420670580       0.40902200375560893     
  -2.9096144999814038       0.42084797593381557      -0.56093182597574498     
  -5.8766400082357357      -0.95389309567922564       0.13058389002335208     
  -2.9981343902222592       0.15257775202038104      -0.77971397673995602     
  -1.1759333114163253      -0.63162274070019375       0.45733418780324836     
  -1.5971736228123083       -3.4472513336682677       0.87277581545311422     
  -2.6392455481455905       -1.2703611155057348       0.40185504703111158     
  -1.9953664649234293       -1.0849196540394799       0.38584286957058844     
   2.4653028641607282      -0.89235794341692187        3.2653172057773190E-002
   2.5615385441503689       -1.0584773260397653        4.6790428147326507E-002
   3.3202010254100829       -2.2902559771917113      -0.24994836806303938     
   2.8090552504355544       -1.7686436360797917      -0.19895497223611305     
  0.46069606304438587       0.54570211277807046       0.26414207182048960     
  0.87734502997043540       0.45939757085918992       0.53242635678926997     
  0.91954771843150107       0.72096687476748922      -0.71508437766185295     
   1.5558563241532686      -0.33269506953606354        3.5591380353854952E-003
   1.6725272544257437        2.0024210029919152        1.0546052730717579     
   1.5059798542842104        2.0854401613130227      -0.83497748761268820     
   3.9680925575046078        3.0138591766181984      -0.12227536445604451     
   3.9662115460774063E-002   4.1315114173912661       0.40230186167035903     
First
                         Total        1.553085891E+00
Step size:       0.20
Step size in Bohr:       0.38
Learning Rate:       1.00
# Steps:         10
                         Error  1        1.514318221E+00
                         Error  2        1.476601048E+00
                         Error  3        1.439928287E+00
                         Error  4        1.404292490E+00
                         Error  5        1.369684948E+00
                         Error  6        1.336095785E+00
                         Error  7        1.303514045E+00
                         Error  8        1.271927782E+00
                         Error  9        1.241324138E+00
                         Error 10        1.211689420E+00
                         Error        1.211689420E+00
