                                     G D M A

                                 by Anthony Stone

                           version 2.2.03, 21 June 2007

               Distributed Multipoles from Gaussian wavefunctions


Starting at 9:24:42 on 26 May 2021  

GDMA



Using SCF density matrix from file N.pdb.fchk


                         Distributed Multipole Analysis

Standard DMA for products of primitives with exponent greater than 4.00000
Using 80-point Euler-MacLaurin radial quadrature
Using 590-point Lebedev quadrature
Becke smoothing parameter = 3

Positions and radii in angstrom
Multipole moments in atomic units, ea_0^k for rank k

C          x =  2.764486  y = -0.664842  z =  0.064801
           Maximum rank =  2   Radius =  0.650
                   Q00  =  -0.140940
|Q1| =   0.124893  Q10  =  -0.004273  Q11c =  -0.085550  Q11s =   0.090891
|Q2| =   0.200655  Q20  =  -0.090300  Q21c =   0.030507  Q21s =   0.020710
                   Q22c =   0.051674  Q22s =  -0.167566

C          x =  1.479329  y =  0.103857  z = -0.083591
           Maximum rank =  2   Radius =  0.650
                   Q00  =   0.145921
|Q1| =   0.237597  Q10  =   0.012417  Q11c =  -0.091605  Q11s =   0.218876
|Q2| =   0.655845  Q20  =  -0.641392  Q21c =   0.077908  Q21s =   0.071003
                   Q22c =  -0.081183  Q22s =  -0.032365

H          x =  2.782589  y = -1.163777  z =  1.041751
           Maximum rank =  2   Radius =  0.325
                   Q00  =   0.108054
|Q1| =   0.137870  Q10  =  -0.106571  Q11c =  -0.042840  Q11s =   0.076260
|Q2| =   0.154137  Q20  =   0.100624  Q21c =  -0.005740  Q21s =  -0.114272
                   Q22c =   0.003795  Q22s =  -0.022973

H          x =  3.612172  y =  0.018343  z =  0.002070
           Maximum rank =  2   Radius =  0.325
                   Q00  =   0.111747
|Q1| =   0.131045  Q10  =   0.004045  Q11c =  -0.126082  Q11s =  -0.035493
|Q2| =   0.162067  Q20  =  -0.120164  Q21c =  -0.008806  Q21s =  -0.017981
                   Q22c =   0.013769  Q22s =   0.106000

H          x =  2.855020  y = -1.441244  z = -0.702782
           Maximum rank =  2   Radius =  0.325
                   Q00  =   0.097805
|Q1| =   0.142734  Q10  =   0.081574  Q11c =  -0.052696  Q11s =   0.104603
|Q2| =   0.154102  Q20  =   0.021130  Q21c =   0.003452  Q21s =   0.146105
                   Q22c =  -0.033019  Q22s =  -0.029189

C          x =  0.237535  y = -0.749602  z = -0.316634
           Maximum rank =  2   Radius =  0.650
                   Q00  =  -0.080616
|Q1| =   0.161364  Q10  =   0.041874  Q11c =  -0.088012  Q11s =   0.128603
|Q2| =   0.213414  Q20  =  -0.137457  Q21c =  -0.012203  Q21s =  -0.004680
                   Q22c =   0.154410  Q22s =   0.051361

O          x =  1.429760  y =  1.332435  z = -0.024663
           Maximum rank =  2   Radius =  0.650
                   Q00  =  -0.334612
|Q1| =   0.523936  Q10  =  -0.023643  Q11c =  -0.055304  Q11s =  -0.520472
|Q2| =   0.921710  Q20  =  -0.180190  Q21c =  -0.089513  Q21s =   0.046863
                   Q22c =  -0.896658  Q22s =  -0.053628

C          x = -1.074323  y = -0.086557  z = -0.000338
           Maximum rank =  2   Radius =  0.650
                   Q00  =   0.482205
|Q1| =   0.223964  Q10  =   0.055777  Q11c =  -0.179402  Q11s =   0.121917
|Q2| =   0.088485  Q20  =  -0.010514  Q21c =   0.031779  Q21s =  -0.018457
                   Q22c =   0.020174  Q22s =   0.077211

H          x =  0.299713  y = -1.663553  z =  0.282020
           Maximum rank =  2   Radius =  0.325
                   Q00  =   0.150281
|Q1| =   0.129977  Q10  =  -0.044183  Q11c =  -0.019866  Q11s =   0.120612
|Q2| =   0.115370  Q20  =  -0.046531  Q21c =  -0.009500  Q21s =  -0.104273
                   Q22c =  -0.011248  Q22s =   0.007450

H          x =  0.215591  y = -1.056659  z = -1.369042
           Maximum rank =  2   Radius =  0.325
                   Q00  =   0.159007
|Q1| =   0.126525  Q10  =   0.107034  Q11c =  -0.012356  Q11s =   0.066331
|Q2| =   0.110676  Q20  =   0.086227  Q21c =   0.014713  Q21s =   0.051073
                   Q22c =   0.044031  Q22s =   0.007090

F          x = -1.128814  y =  0.390037  z =  1.301561
           Maximum rank =  2   Radius =  0.650
                   Q00  =  -0.226481
|Q1| =   0.300900  Q10  =  -0.287669  Q11c =  -0.020005  Q11s =  -0.085950
|Q2| =   0.743955  Q20  =   0.620250  Q21c =  -0.055173  Q21s =   0.400649
                   Q22c =  -0.072082  Q22s =   0.000259

F          x = -2.115453  y = -1.014474  z = -0.124753
           Maximum rank =  2   Radius =  0.650
                   Q00  =  -0.250208
|Q1| =   0.295971  Q10  =   0.039618  Q11c =   0.174476  Q11s =   0.235770
|Q2| =   0.777800  Q20  =  -0.315696  Q21c =   0.109345  Q21s =   0.059808
                   Q22c =   0.042571  Q22s =   0.698543

F          x = -1.382992  y =  0.961135  z = -0.848157
           Maximum rank =  2   Radius =  0.650
                   Q00  =  -0.222181
|Q1| =   0.300421  Q10  =   0.205450  Q11c =   0.031136  Q11s =  -0.216964
|Q2| =   0.765399  Q20  =   0.074197  Q21c =   0.202394  Q21s =  -0.612612
                   Q22c =  -0.344265  Q22s =  -0.213436

Total multipoles
referred to origin at x =   0.000000,  y =    0.000000,  z =    0.000000
                   Q00  =  -0.000020
|Q1| =   2.115370  Q10  =  -0.285307  Q11c =   1.256873  Q11s =  -1.677397
|Q2| =   7.682466  Q20  =   1.553987  Q21c =   0.036390  Q21s =   0.578132
                   Q22c =   2.272673  Q22s =  -7.148763

CPU time used:      0m26.299s          Total:      0m26.299s

Finished at 9:25:8 on 26 May 2021   
