-xyz
refined.xyz
-dens
/home/unibas/boittier/RDKit_G2/B.pdb/SCAN_1_2_3_4_S_36_10.0/2_SCAN/B.d.cube
-esp
/home/unibas/boittier/RDKit_G2/B.pdb/SCAN_1_2_3_4_S_36_10.0/2_SCAN/B.p.cube
-stepsize
0.2
-n_steps
0
-learning_rate
0.5
   3.9811837604803273        2.9440934213494923       0.74901040086876303     
   3.5797259741734120      -0.44281728966986056      -0.56032550021871996     
   3.7361362738897790      -0.70929964215158203        9.3461765680900769E-002
   6.2527516977770921       -1.1334786372091796       0.23475737237591401     
   3.4148036966542894      -0.67526516424686722       0.67818868839251234     
   1.7353241721337329      -0.29934167358911601      -0.37990852129723229     
   1.4359566123315517       -5.7210212262094875E-003 -0.35831051143410930     
   1.8996694867643074       -2.5839249956953227      -0.38925399273097666     
   1.8480269181986713       -2.6781849989764219       0.13019898630838445     
   2.0400999871804917       -2.5422411051591318      -0.88618131897709118     
  -3.3712337265969849       -2.3482621407981088       0.39963715633022862     
  -2.7754853924364329       -1.7621710976613798       0.24082210860426470     
 -0.68779712826734452       0.77339111076337386       0.52743835139287087     
 -0.40207926488938173       0.93255483272064699       0.28202332307359262     
  -1.1023502038101636       0.91400969483155126      -0.72283419973813545     
  -1.4801909432141678      -0.20661564004915087        6.5284163931238481E-002
  -4.2975129940788035        3.2179721453325412        3.3686686010888527E-002
  -2.0340005311105811        2.0795512124162499       -9.2282838024220465E-002
  -1.7542779255504892        2.0366510597088086       0.56138058245506417     
  -1.9364650056330270        2.1267960311608496      -0.78786914298172261     
  0.32831079199794333        4.2579167639203623      -0.14877403344502402     
First
                         Total        7.274241685E+00
Step size:       0.20
Step size in Bohr:       0.38
Learning Rate:       1.00
# Steps:          0
                         Error        7.274241685E+00
