node41.cluster
Distance between Atom configurations = 1.8039638937022157e-06
Distance between Charge configurations = 3.346364223389196e-06

Program received signal SIGSEGV: Segmentation fault - invalid memory reference.

Backtrace for this error:
#0  0x2AFC33E1C6F7
#1  0x2AFC33E1CD3E
#2  0x2AFC348AE26F
#3  0x41003A in MAIN__ at main.f90:?
/var/spool/slurm//job38338681/slurm_script: line 27: 98731 Segmentation fault      ../cubefit.x -xyz global_0_fit.xyz -dens $cubes_dir/0"$scan_name"d.cube -esp $cubes_dir/"0"$scan_name"p.cube" -stepsize 0.2 -n_steps $n_steps -learning_rate 0.5 > "GD.log"

real	0m0.850s
user	0m0.816s
sys	0m0.017s
/home/unibas/boittier/FDCM/fbuta-f_0/0_1
Distance between Atom configurations = 0.2478310304447292
Distance between Charge configurations = 0.3040103666508513

Program received signal SIGSEGV: Segmentation fault - invalid memory reference.

Backtrace for this error:
#0  0x2B08D53326F7
#1  0x2B08D5332D3E
#2  0x2B08D5DC426F
#3  0x41003A in MAIN__ at main.f90:?
/var/spool/slurm//job38338681/slurm_script: line 32: 98739 Segmentation fault      ../../cubefit.x -xyz refined.xyz -dens $cubes_dir/"$next"$scan_name"d.cube" -esp $cubes_dir/"$next"$scan_name"p.cube" -stepsize 0.2 -n_steps $n_steps -learning_rate 0.5 > "GD.log"

real	0m0.854s
user	0m0.826s
sys	0m0.020s
/home/unibas/boittier/FDCM/fbuta-f_0/1_2
Distance between Atom configurations = 0.2497486434783308
Distance between Charge configurations = 0.3069467738228113

Program received signal SIGSEGV: Segmentation fault - invalid memory reference.

Backtrace for this error:
#0  0x2AC6863536F7
#1  0x2AC686353D3E
#2  0x2AC686DE526F
#3  0x41003A in MAIN__ at main.f90:?
/var/spool/slurm//job38338681/slurm_script: line 32: 98748 Segmentation fault      ../../cubefit.x -xyz refined.xyz -dens $cubes_dir/"$next"$scan_name"d.cube" -esp $cubes_dir/"$next"$scan_name"p.cube" -stepsize 0.2 -n_steps $n_steps -learning_rate 0.5 > "GD.log"

real	0m1.407s
user	0m0.828s
sys	0m0.028s
/home/unibas/boittier/FDCM/fbuta-f_0/2_3
Distance between Atom configurations = 0.2610414570699136
Distance between Charge configurations = 0.32158093639726837

Program received signal SIGSEGV: Segmentation fault - invalid memory reference.

Backtrace for this error:
#0  0x2B8BF8A4E6F7
#1  0x2B8BF8A4ED3E
#2  0x2B8BF94E026F
#3  0x41003A in MAIN__ at main.f90:?
/var/spool/slurm//job38338681/slurm_script: line 32: 98757 Segmentation fault      ../../cubefit.x -xyz refined.xyz -dens $cubes_dir/"$next"$scan_name"d.cube" -esp $cubes_dir/"$next"$scan_name"p.cube" -stepsize 0.2 -n_steps $n_steps -learning_rate 0.5 > "GD.log"

real	0m0.884s
user	0m0.858s
sys	0m0.023s
/home/unibas/boittier/FDCM/fbuta-f_0/3_4
Distance between Atom configurations = 0.2820900669802546
Distance between Charge configurations = 0.3541924429458187

Program received signal SIGSEGV: Segmentation fault - invalid memory reference.

Backtrace for this error:
#0  0x2B3A9C8026F7
#1  0x2B3A9C802D3E
#2  0x2B3A9D29426F
#3  0x41003A in MAIN__ at main.f90:?
/var/spool/slurm//job38338681/slurm_script: line 32: 98767 Segmentation fault      ../../cubefit.x -xyz refined.xyz -dens $cubes_dir/"$next"$scan_name"d.cube" -esp $cubes_dir/"$next"$scan_name"p.cube" -stepsize 0.2 -n_steps $n_steps -learning_rate 0.5 > "GD.log"

real	0m0.894s
user	0m0.869s
sys	0m0.021s
/home/unibas/boittier/FDCM/fbuta-f_0/4_5
Distance between Atom configurations = 0.3139611700305188
Distance between Charge configurations = 0.4013367765460796

Program received signal SIGSEGV: Segmentation fault - invalid memory reference.

Backtrace for this error:
#0  0x2B95355316F7
#1  0x2B9535531D3E
#2  0x2B9535FC326F
#3  0x41003A in MAIN__ at main.f90:?
/var/spool/slurm//job38338681/slurm_script: line 32: 98776 Segmentation fault      ../../cubefit.x -xyz refined.xyz -dens $cubes_dir/"$next"$scan_name"d.cube" -esp $cubes_dir/"$next"$scan_name"p.cube" -stepsize 0.2 -n_steps $n_steps -learning_rate 0.5 > "GD.log"

real	0m0.908s
user	0m0.884s
sys	0m0.021s
/home/unibas/boittier/FDCM/fbuta-f_0/5_6
Distance between Atom configurations = 0.37445832646618715
Distance between Charge configurations = 0.4949168545044984

Program received signal SIGSEGV: Segmentation fault - invalid memory reference.

Backtrace for this error:
#0  0x2B847EC436F7
#1  0x2B847EC43D3E
#2  0x2B847F6D526F
#3  0x41003A in MAIN__ at main.f90:?
/var/spool/slurm//job38338681/slurm_script: line 32: 98785 Segmentation fault      ../../cubefit.x -xyz refined.xyz -dens $cubes_dir/"$next"$scan_name"d.cube" -esp $cubes_dir/"$next"$scan_name"p.cube" -stepsize 0.2 -n_steps $n_steps -learning_rate 0.5 > "GD.log"

real	0m0.915s
user	0m0.887s
sys	0m0.025s
/home/unibas/boittier/FDCM/fbuta-f_0/6_7
Distance between Atom configurations = 0.4534110407942328
Distance between Charge configurations = 0.6151325253723515

Program received signal SIGSEGV: Segmentation fault - invalid memory reference.

Backtrace for this error:
#0  0x2B47659CD6F7
#1  0x2B47659CDD3E
#2  0x2B476645F26F
#3  0x41003A in MAIN__ at main.f90:?
/var/spool/slurm//job38338681/slurm_script: line 32: 98794 Segmentation fault      ../../cubefit.x -xyz refined.xyz -dens $cubes_dir/"$next"$scan_name"d.cube" -esp $cubes_dir/"$next"$scan_name"p.cube" -stepsize 0.2 -n_steps $n_steps -learning_rate 0.5 > "GD.log"

real	0m0.962s
user	0m0.901s
sys	0m0.036s
/home/unibas/boittier/FDCM/fbuta-f_0/7_8
slurmstepd: error: *** JOB 38338681 ON node41 CANCELLED AT 2021-10-12T10:40:02 ***
