-xyz
refined.xyz
-dens
../../cube_files/fbuta/13_SCAN_1_2_3_4_F/B.d.cube
-esp
../../cube_files/fbuta/13_SCAN_1_2_3_4_F/B.p.cube
-stepsize
0.2
-n_steps
100
-learning_rate
0.5
  -3.2350668361690165        1.1706226886865587       -2.8875147219974311     
  -3.5369764475285224       0.74730931154450486       0.24566341235207692     
  -6.3824904444791350      -0.13536396068256160       0.10823002105640374     
  -4.0856516419308671      -0.15675252293396896       0.25608220313414143     
  -3.5476854203367143      -0.66182126163753063      -0.27772069640829361     
  -2.6772469838507127      -0.38700942538084659        1.4201059877501672     
  -1.8893499867424539      -0.46114124206166790       -2.7357055544205641E-002
  -2.1206273173134749      -0.37490506485640962        1.3206231488375431     
  -1.2851924060773368      -0.54500325286426188       0.74269225528572969     
  -2.1146492109878050       -1.3655591892726222        3.4637661181312800     
   2.4408290598498232       -2.6145748295981592      -0.43525375348221113     
   2.0582312145455024       -2.0782566496365242      -0.45290348156148347     
   1.8418446078218076       -1.3009493308208055      -0.21837530519526255     
   2.3018544617352026       -2.3019563242350256      -0.29477367214573269     
  0.78372838443329818       0.28285045659996677       0.39216877534973266     
   1.0663547741883814      -0.37228095146524365       -2.4150122561099743E-002
  0.44481635936808661       0.69750655562742669       0.34686000951826212     
  0.82050022467249517       0.65673070107216036      -0.30082425425812542     
   4.6505138988665449        2.2621930878066001      -0.64716145331715413     
   1.3333177138890444        1.7478642969048532        7.1131417847833334E-002
   2.1111369268571476        1.5155556986692895       0.39591405689978992     
   2.4021714449216733        1.3555804291826279       -8.9329539679263978E-002
   2.1192198448211657        1.6480738367317811      -0.22805884813457475     
   1.5375072617078500        4.2130869606283277        1.1355717610466829     
   1.5336314054005660        4.1484415615558152       0.80580783595461247     
First
                         Total        5.995169657E-01
Step size:       0.20
Step size in Bohr:       0.38
Learning Rate:       1.00
# Steps:        100
                         Error  1        5.982594805E-01
                         Error  2        5.970742624E-01
                         Error  3        5.959557983E-01
                         Error  4        5.948989906E-01
                         Error  5        5.938991276E-01
                         Error  6        5.929518567E-01
                         Error  7        5.920531578E-01
                         Error  8        5.911993197E-01
                         Error  9        5.903869171E-01
                         Error 10        5.896127893E-01
                         Error 11        5.888740209E-01
                         Error 12        5.881679231E-01
                         Error 13        5.874920165E-01
                         Error 14        5.868440156E-01
                         Error 15        5.862218135E-01
                         Error 16        5.856234686E-01
                         Error 17        5.850471914E-01
                         Error 18        5.844913334E-01
                         Error 19        5.839543756E-01
                         Error 20        5.834349186E-01
                         Error 21        5.829316733E-01
                         Error 22        5.824434522E-01
                         Error 23        5.819691614E-01
                         Error 24        5.815077934E-01
                         Error 25        5.810584202E-01
                         Error 26        5.806201867E-01
                         Error 27        5.801923056E-01
                         Error 28        5.797740514E-01
                         Error 29        5.793647558E-01
                         Error 30        5.789638033E-01
                         Error 31        5.785706265E-01
                         Error 32        5.781847029E-01
                         Error 33        5.778055507E-01
                         Error 34        5.774327261E-01
                         Error 35        5.770658199E-01
                         Error 36        5.767044550E-01
                         Error 37        5.763482835E-01
                         Error 38        5.759969848E-01
                         Error 39        5.756502631E-01
                         Error 40        5.753078454E-01
                         Error 41        5.749694800E-01
                         Error 42        5.746349345E-01
                         Error 43        5.743039943E-01
                         Error 44        5.739764613E-01
                         Error 45        5.736521525E-01
                         Error 46        5.733308988E-01
                         Error 47        5.730125439E-01
                         Error 48        5.726969431E-01
                         Error 49        5.723839630E-01
                         Error 50        5.720734796E-01
                         Error 51        5.717653785E-01
                         Error 52        5.714595535E-01
                         Error 53        5.711559064E-01
                         Error 54        5.708543460E-01
                         Error 55        5.705547876E-01
                         Error 56        5.702571528E-01
                         Error 57        5.699613686E-01
                         Error 58        5.696673673E-01
                         Error 59        5.693750859E-01
                         Error 60        5.690844656E-01
                         Error 61        5.687954519E-01
                         Error 62        5.685079937E-01
                         Error 63        5.682220435E-01
                         Error 64        5.679375570E-01
                         Error 65        5.676544927E-01
                         Error 66        5.673728117E-01
                         Error 67        5.670924778E-01
                         Error 68        5.668134568E-01
                         Error 69        5.665357168E-01
                         Error 70        5.662592278E-01
                         Error 71        5.659839615E-01
                         Error 72        5.657098914E-01
                         Error 73        5.654369924E-01
                         Error 74        5.651652408E-01
                         Error 75        5.648946143E-01
                         Error 76        5.646250918E-01
                         Error 77        5.643566533E-01
                         Error 78        5.640892797E-01
                         Error 79        5.638229530E-01
                         Error 80        5.635576561E-01
                         Error 81        5.632933726E-01
                         Error 82        5.630300870E-01
                         Error 83        5.627677843E-01
                         Error 84        5.625064505E-01
                         Error 85        5.622460719E-01
                         Error 86        5.619866354E-01
                         Error 87        5.617281286E-01
                         Error 88        5.614705395E-01
                         Error 89        5.612138563E-01
                         Error 90        5.609580682E-01
                         Error 91        5.607031642E-01
                         Error 92        5.604491340E-01
                         Error 93        5.601959676E-01
                         Error 94        5.599436553E-01
                         Error 95        5.596921877E-01
                         Error 96        5.594415557E-01
                         Error 97        5.591917504E-01
                         Error 98        5.589427632E-01
                         Error 99        5.586945858E-01
                         Error100        5.584472100E-01
                         Error        5.584472100E-01
