                                     G D M A

                                 by Anthony Stone

                           version 2.2.03, 21 June 2007

               Distributed Multipoles from Gaussian wavefunctions


Starting at 9:24:49 on 26 May 2021  

GDMA



Using SCF density matrix from file O.pdb.fchk


                         Distributed Multipole Analysis

Standard DMA for products of primitives with exponent greater than 4.00000
Using 80-point Euler-MacLaurin radial quadrature
Using 590-point Lebedev quadrature
Becke smoothing parameter = 3

Positions and radii in angstrom
Multipole moments in atomic units, ea_0^k for rank k

C          x = -1.420841  y = -0.966467  z =  0.128650
           Maximum rank =  2   Radius =  0.650
                   Q00  =  -0.117727
|Q1| =   0.143313  Q10  =  -0.028017  Q11c =   0.092562  Q11s =   0.105764
|Q2| =   0.173344  Q20  =  -0.118951  Q21c =  -0.067625  Q21s =  -0.019071
                   Q22c =  -0.015250  Q22s =   0.103583

C          x = -0.531035  y =  0.214999  z = -0.109692
           Maximum rank =  2   Radius =  0.650
                   Q00  =   0.261496
|Q1| =   0.220095  Q10  =  -0.093474  Q11c =   0.121168  Q11s =   0.158187
|Q2| =   0.654257  Q20  =  -0.495017  Q21c =  -0.344240  Q21s =   0.178543
                   Q22c =  -0.138056  Q22s =  -0.116503

H          x = -1.547083  y = -1.530011  z = -0.800467
           Maximum rank =  2   Radius =  0.325
                   Q00  =   0.113451
|Q1| =   0.134053  Q10  =   0.085357  Q11c =   0.051319  Q11s =   0.089725
|Q2| =   0.154474  Q20  =   0.091494  Q21c =   0.000896  Q21s =   0.113962
                   Q22c =  -0.024481  Q22s =   0.043630

H          x = -2.391006  y = -0.641349  z =  0.503622
           Maximum rank =  2   Radius =  0.325
                   Q00  =   0.104823
|Q1| =   0.133771  Q10  =  -0.044235  Q11c =   0.125881  Q11s =   0.009586
|Q2| =   0.163818  Q20  =  -0.089021  Q21c =  -0.097657  Q21s =   0.032445
                   Q22c =   0.066522  Q22s =  -0.062423

H          x = -0.948839  y = -1.637963  z =  0.854245
           Maximum rank =  2   Radius =  0.325
                   Q00  =   0.104294
|Q1| =   0.142591  Q10  =  -0.093330  Q11c =  -0.016644  Q11s =   0.106511
|Q2| =   0.149780  Q20  =  -0.001996  Q21c =   0.075577  Q21s =  -0.122082
                   Q22c =  -0.005626  Q22s =  -0.042219

O          x =  0.716706  y = -0.133788  z = -0.622729
           Maximum rank =  2   Radius =  0.650
                   Q00  =  -0.443176
|Q1| =   0.485540  Q10  =   0.428686  Q11c =  -0.141177  Q11s =   0.179015
|Q2| =   1.193869  Q20  =  -0.151359  Q21c =   0.146307  Q21s =   0.136117
                   Q22c =   1.074144  Q22s =  -0.456830

O          x = -0.820811  y =  1.381390  z =  0.118425
           Maximum rank =  2   Radius =  0.650
                   Q00  =  -0.361454
|Q1| =   0.545854  Q10  =  -0.134209  Q11c =   0.139665  Q11s =  -0.510332
|Q2| =   1.030617  Q20  =  -0.182967  Q21c =   0.041054  Q21s =   0.288957
                   Q22c =  -0.815434  Q22s =  -0.527807

C          x =  1.843232  y = -0.179285  z =  0.304772
           Maximum rank =  2   Radius =  0.650
                   Q00  =   0.035646
|Q1| =   0.208778  Q10  =  -0.151442  Q11c =  -0.143488  Q11s =   0.008046
|Q2| =   0.210380  Q20  =  -0.024246  Q21c =   0.169495  Q21s =  -0.021359
                   Q22c =   0.116562  Q22s =  -0.030004

H          x =  1.965144  y =  0.787739  z =  0.800104
           Maximum rank =  2   Radius =  0.325
                   Q00  =   0.106355
|Q1| =   0.134790  Q10  =  -0.074612  Q11c =  -0.059173  Q11s =  -0.095393
|Q2| =   0.144908  Q20  =  -0.055465  Q21c =   0.039887  Q21s =   0.101418
                   Q22c =  -0.076090  Q22s =  -0.015986

H          x =  2.713435  y = -0.400476  z = -0.308541
           Maximum rank =  2   Radius =  0.325
                   Q00  =   0.106837
|Q1| =   0.128626  Q10  =   0.035525  Q11c =  -0.120975  Q11s =   0.025451
|Q2| =   0.153654  Q20  =   0.025009  Q21c =  -0.091844  Q21s =   0.035215
                   Q22c =   0.105333  Q22s =  -0.047051

H          x =  1.693046  y = -0.974235  z =  1.043088
           Maximum rank =  2   Radius =  0.325
                   Q00  =   0.089436
|Q1| =   0.147681  Q10  =  -0.108024  Q11c =  -0.019150  Q11s =   0.098863
|Q2| =   0.136228  Q20  =   0.005459  Q21c =   0.006631  Q21s =  -0.127860
                   Q22c =  -0.023727  Q22s =   0.039663

Total multipoles
referred to origin at x =   0.000000,  y =    0.000000,  z =    0.000000
                   Q00  =  -0.000018
|Q1| =   1.399953  Q10  =   0.571879  Q11c =   0.404869  Q11s =  -1.211984
|Q2| =   7.639075  Q20  =  -0.926132  Q21c =   3.002473  Q21s =  -1.113911
                   Q22c =   5.551907  Q22s =   4.051968

CPU time used:      0m14.049s          Total:      0m14.049s

Finished at 9:25:3 on 26 May 2021   
