{0, 1, 2, 3, 4, 5, 6, 7, 8, 9, 10} {0, 1, 2, 3, 5, 6, 7}
Something is wrong with Atoms?
atom_charge_dict:  {3: [0, 1, 2, 3, 6], 0: [4, 5, 8], 1: [7, 9, 10, 11, 14], 2: [12], 5: [13, 18], 6: [15, 16, 17], 7: [19, 20, 21, 22]}
3
3 [0, 1, 2, 3, 6] [-0.11422106 -1.37219676 -0.1215456 ]
3 [0, 1, 2, 3, 6] [ 0.05225176 -1.26790362 -0.05649808]
3 [0, 1, 2, 3, 6] [0.20231444 0.54920079 0.29862011]
3 [0, 1, 2, 3, 6] [0.22921761 0.45320924 0.30987278]
3 [0, 1, 2, 3, 6] [ 0.39079895 -0.25270778  0.27838359]
2
2 [12] [ 1.37349552 -0.28141725  0.25286478]
1
1 [7, 9, 10, 11, 14] [-0.79147704  0.26179946 -0.301995  ]
1 [7, 9, 10, 11, 14] [-0.05129859  0.27408539 -0.0122211 ]
1 [7, 9, 10, 11, 14] [-0.14670325  0.40544192  0.0418218 ]
1 [7, 9, 10, 11, 14] [0.00178939 0.6242674  0.07575397]
1 [7, 9, 10, 11, 14] [-0.03336542  0.44484828 -0.3088933 ]
4
2
1
5
5 [13, 18] [0.0704731  1.28191685 0.10041439]
5 [13, 18] [-0.21257249 -0.47453788 -0.06182644]
0
0 [4, 5, 8] [-0.07540027 -0.55885402 -0.05319718]
0 [4, 5, 8] [ 0.01439676 -0.16219078  0.02194817]
0 [4, 5, 8] [ 0.57674554 -0.38508499  0.18582557]
6
6 [15, 16, 17] [ 0.46726924 -0.39981664  0.42527446]
6 [15, 16, 17] [ 0.64458356 -0.39915423  0.14889224]
6 [15, 16, 17] [ 0.68281016 -0.37588758 -0.00922884]
7
7 [19, 20, 21, 22] [-0.53414308 -0.26953579  0.06360483]
7 [19, 20, 21, 22] [-0.07906293  0.32099838 -0.03017859]
7 [19, 20, 21, 22] [ 0.0909764   0.13643032 -0.02204338]
7 [19, 20, 21, 22] [ 0.15705074 -0.21133624  0.00978188]
1
0
RMSD using the Kabsch algorithm: 0.6697044150123159
1 [-2.27604034 -0.30482029 -0.65563707]
2 [-2.10956752 -0.20052715 -0.59058955]
3 [-1.95950484  1.61657726 -0.23547136]
4 [-1.93260167  1.5205857  -0.22421869]
5 [-1.26563682  0.58953733 -0.10055588]
6 [-1.17583979  0.98620057 -0.02541053]
7 [-1.77102033  0.81466869 -0.25570788]
8 [-1.34519251  0.05469863 -0.23916264]
9 [-0.61349101  0.76330636  0.13846688]
10 [-0.60501406  0.06698456  0.05061126]
11 [-0.70041872  0.1983411   0.10465416]
12 [-0.55192607  0.41716657  0.13858633]
13 [0.05688092 1.28262888 1.21047247]
14 [0.80615984 1.08705694 0.69277724]
15 [-0.58708089  0.23774745 -0.24606094]
16 [-0.64308593 -1.66521749  0.23753887]
17 [-0.46577161 -1.66455509 -0.03884336]
18 [-0.427545   -1.64128843 -0.19696443]
19 [ 0.52311424 -0.66939779  0.53053641]
20 [ 1.31529138 -0.121752   -0.22064418]
21 [ 1.77037152  0.46878217 -0.3144276 ]
22 [ 1.94041086  0.28421411 -0.30629239]
23 [ 2.00648519 -0.06355245 -0.27446713]
