-xyz
refined.xyz
-dens
../../cube_files/acrolein/5_SCAN_1_2_6_8_F/O.d.cube
-esp
../../cube_files/acrolein/5_SCAN_1_2_6_8_F/O.p.cube
-stepsize
0.2
-n_steps
1
-learning_rate
0.5
  -4.3010928947776677      -0.57602686777489642       -1.2389744935610814     
  -3.9865048649415589      -0.37894139261014748       -1.1160525036743236     
  -3.7029274879197382        3.0548882750225776      -0.44497637505272614     
  -3.6520878619415775        2.8734905315936237      -0.42371191941346475     
  -2.3917069727667783        1.1140641000276876      -0.19002306854578041     
  -2.2220151699390280        1.8636489825086746       -4.8018935118385224E-002
  -3.3467433887216584        1.5395007111502812      -0.48321786409348205     
  -2.5420454294828501       0.10336543122350990      -0.45195188776282247     
  -1.1593299815917855        1.4424399621276638       0.26166447498906104     
  -1.1433108703138137       0.12658246925473179        9.5641423441385057E-002
  -1.3235995518007269       0.37481035163358029       0.19776770820074213     
  -1.0429891174590025       0.78833056655454459       0.26189021153508418     
  0.10748935204013553        2.4238172966857143        2.2874614545215044     
   1.5234213133730459        2.0542399066859724        1.3091592420591662     
  -1.1094220866680442       0.44927757321543937      -0.46498778524461487     
  -1.2152562803181324       -3.1468049948382291       0.44888340234796492     
 -0.88018077965411257       -3.1455532317547052       -7.3403307120114794E-002
 -0.80794295803707672       -3.1015856291301303      -0.37220883275000177     
  0.98854265127384322       -1.2649784845831291        1.0025685162739664     
   2.4855404825750362      -0.23007793278004393      -0.41695707924670405     
   3.3455173211462603       0.88586991583420782      -0.59418205475869890     
   3.6668450945336195       0.53708681952867154      -0.57880873800412691     
   3.7917074875831300      -0.12009671620120224      -0.51866771011737700     
First
                         Total        1.973337144E+01
Step size:       0.20
Step size in Bohr:       0.38
Learning Rate:       1.00
# Steps:          1
                         Error  1        1.968205037E+01
                         Error        1.968205037E+01
