-xyz
refined.xyz
-dens
../../cube_files/acrolein/10_SCAN_1_2_3_4_F/L.d.cube
-esp
../../cube_files/acrolein/10_SCAN_1_2_3_4_F/L.p.cube
-stepsize
0.2
-n_steps
100
-learning_rate
0.5
  -1.8971444675730245       -3.0538639660100655       0.36254602137586817     
  -1.9677419796956050       -2.6140961528647551       0.25445401989788979     
  -4.8363650465230634      -0.72329535094721409        3.3758055414161173E-002
  -4.6558209071218979      -0.73879405241962870        6.6661938133790760E-002
  -2.5431522785680007      -0.37704484492146978        6.2991273087318597E-002
  -3.1165012725442889       0.13493165661544493       -5.9962852237106894E-002
  -3.3603321538025157       -1.0903640618371440       0.15066170723742117     
  -1.7278907043922358       -1.0772299255929554       0.10879103869071025     
  -2.2180505208025392        1.5118560615070251      -0.12320092012606189     
 -0.96546690457845796        1.8771912532891595       0.10696912768596664     
  -1.2343943804749258        1.9428833305791466       -7.2482588212854748E-002
  -1.5496318573976311        1.5470939017298737      -0.10668431214153272     
  -2.5427299915654351        3.4184927126915281      -0.40619509352446109     
  -1.7498180524131042        3.7169925508044885      -0.50046582876179224     
  -1.3299177980045509        1.8599468162202437       0.61839427798919333     
   2.2388108397798394        2.7129184963139026        5.3100742892084496E-002
   2.2357842936714065        2.4913855521665353       0.61115323690414247     
   2.1740180848089414        2.4725430684084153       0.91697677442862124     
  0.90931098024565105        7.3339975421362752E-002 -0.17364227680203609     
   2.2738086148765806      -0.29087168899578508        6.5399068066830435E-002
   2.3499141279017852       -1.6362910173107899      -0.28162174385911842     
   2.7861623134202849       -1.5483833190940328      -0.22763050179169839     
   3.2826701707096486       -1.1242487283609501       -6.0682946229798564E-002
First
                         Total        4.833083292E-01
Step size:       0.20
Step size in Bohr:       0.38
Learning Rate:       1.00
# Steps:        100
                         Error  1        4.797605970E-01
                         Error  2        4.764022614E-01
                         Error  3        4.732224446E-01
                         Error  4        4.702108094E-01
                         Error  5        4.673575442E-01
                         Error  6        4.646533457E-01
                         Error  7        4.620894019E-01
                         Error  8        4.596573741E-01
                         Error  9        4.573493787E-01
                         Error 10        4.551579691E-01
                         Error 11        4.530761174E-01
                         Error 12        4.510971954E-01
                         Error 13        4.492149571E-01
                         Error 14        4.474235206E-01
                         Error 15        4.457173502E-01
                         Error 16        4.440912395E-01
                         Error 17        4.425402945E-01
                         Error 18        4.410599171E-01
                         Error 19        4.396457895E-01
                         Error 20        4.382938593E-01
                         Error 21        4.370003241E-01
                         Error 22        4.357616181E-01
                         Error 23        4.345743982E-01
                         Error 24        4.334355314E-01
                         Error 25        4.323420822E-01
                         Error 26        4.312913012E-01
                         Error 27        4.302806139E-01
                         Error 28        4.293076098E-01
                         Error 29        4.283700328E-01
                         Error 30        4.274657715E-01
                         Error 31        4.265928502E-01
                         Error 32        4.257494204E-01
                         Error 33        4.249337532E-01
                         Error 34        4.241442309E-01
                         Error 35        4.233793409E-01
                         Error 36        4.226376682E-01
                         Error 37        4.219178897E-01
                         Error 38        4.212187677E-01
                         Error 39        4.205391451E-01
                         Error 40        4.198779393E-01
                         Error 41        4.192341381E-01
                         Error 42        4.186067947E-01
                         Error 43        4.179950234E-01
                         Error 44        4.173979960E-01
                         Error 45        4.168149374E-01
                         Error 46        4.162451225E-01
                         Error 47        4.156878728E-01
                         Error 48        4.151425533E-01
                         Error 49        4.146085697E-01
                         Error 50        4.140853655E-01
                         Error 51        4.135724198E-01
                         Error 52        4.130692447E-01
                         Error 53        4.125753829E-01
                         Error 54        4.120904065E-01
                         Error 55        4.116139139E-01
                         Error 56        4.111455289E-01
                         Error 57        4.106848988E-01
                         Error 58        4.102316927E-01
                         Error 59        4.097856001E-01
                         Error 60        4.093463296E-01
                         Error 61        4.089136076E-01
                         Error 62        4.084871772E-01
                         Error 63        4.080667968E-01
                         Error 64        4.076522395E-01
                         Error 65        4.072432919E-01
                         Error 66        4.068397532E-01
                         Error 67        4.064414345E-01
                         Error 68        4.060481577E-01
                         Error 69        4.056597553E-01
                         Error 70        4.052760691E-01
                         Error 71        4.048969503E-01
                         Error 72        4.045222581E-01
                         Error 73        4.041518598E-01
                         Error 74        4.037856299E-01
                         Error 75        4.034234499E-01
                         Error 76        4.030652076E-01
                         Error 77        4.027107969E-01
                         Error 78        4.023601173E-01
                         Error 79        4.020130734E-01
                         Error 80        4.016695750E-01
                         Error 81        4.013295363E-01
                         Error 82        4.009928758E-01
                         Error 83        4.006595161E-01
                         Error 84        4.003293837E-01
                         Error 85        4.000024083E-01
                         Error 86        3.996785232E-01
                         Error 87        3.993576648E-01
                         Error 88        3.990397723E-01
                         Error 89        3.987247877E-01
                         Error 90        3.984126555E-01
                         Error 91        3.981033228E-01
                         Error 92        3.977967386E-01
                         Error 93        3.974928544E-01
                         Error 94        3.971916236E-01
                         Error 95        3.968930012E-01
                         Error 96        3.965969444E-01
                         Error 97        3.963034116E-01
                         Error 98        3.960123632E-01
                         Error 99        3.957237608E-01
                         Error100        3.954375674E-01
                         Error        3.954375674E-01
