-xyz
refined.xyz
-dens
/home/unibas/boittier/RDKit_G2/B.pdb/SCAN_1_2_3_4_S_36_10.0/16_SCAN/B.d.cube
-esp
/home/unibas/boittier/RDKit_G2/B.pdb/SCAN_1_2_3_4_S_36_10.0/16_SCAN/B.p.cube
-stepsize
0.2
-n_steps
0
-learning_rate
0.5
   4.1019050460063369        3.1129950387523548       -1.1059490288407621     
   3.5990107311028394      -0.45933915194936048      -0.69660561889280326     
   3.8581129815556587      -0.43736465553687331       -2.1847913926227657E-002
   6.3869117975346725      -0.79750377424708796        6.8842302966629756E-002
   3.6244185790652748      -0.15631759498761030       0.53736405038079582     
   1.0496126807657922       -1.8463044732274572       0.29633497714261592     
  0.63308284739406173       -1.8165888191380544       0.25251289139426009     
   2.0484779272964588       -2.2875577367792270       0.58346519150020315     
   2.0764286658002811       -2.1579964613851259        1.0970953431412660     
   2.1137452585035859       -2.4576662549506052        9.8492710559147809E-002
  -1.0091715214765191        3.3885583130958299        5.5365696738198501E-002
 -0.99829085614972080        2.5381624255343374        8.3320197059799442E-002
  -1.2884849382037709      -0.69965894906947235      -0.66204052089505183     
  -1.2152137449332314       -1.0328933170021775      -0.43669076555745490     
  -1.7500352510189874      -0.59684179548116534       0.57537987347670672     
  -1.1737232834161493       0.51347086914284801       -9.8983250853211011E-002
  -5.5911792424063345       0.12561675799891905      -0.34854307783084143     
  -3.2021507576669870      -0.70387421768344061      -0.14892636544018012     
  -2.9384441592519281      -0.82387757087136215      -0.79963294417774000     
  -3.2068165169242877      -0.85901754497209626       0.53772808765918045     
  -3.0973804785929451       -3.9109228635558106      -0.33015740598668530     
First
                         Total        7.874462681E+00
Step size:       0.20
Step size in Bohr:       0.38
Learning Rate:       1.00
# Steps:          0
                         Error        7.874462681E+00
