-xyz
refined.xyz
-dens
/home/unibas/boittier/RDKit_G2/B.pdb/SCAN_1_2_3_4_S_36_10.0/5_SCAN_1_2_3_4_F/B.d.cube
-esp
/home/unibas/boittier/RDKit_G2/B.pdb/SCAN_1_2_3_4_S_36_10.0/5_SCAN_1_2_3_4_F/B.p.cube
-stepsize
0.2
-n_steps
0
-learning_rate
0.5
  -3.3511171197460619        2.0531100498213104       -1.8898031696663211     
  -3.5058206901085023       -4.1723616057727952E-002  0.55863286125027434     
  -6.2550671429973983      -0.97937364397803917      -0.20565720774157975     
  -3.9820104744693290      -0.86503312094046325       -7.2246572462697889E-002
  -3.3906409421310668      -0.91628022272967680      -0.62951996811981248     
  -2.6089623448671477       -1.4632111002823882       0.52732025336741828     
  -1.4908505526641787      -0.77336095611787747        1.5361061634441222     
  -2.2009045709530883       -1.0898297432915101       0.37080516421958615     
  -1.2935409424244175      -0.58441672396131283       0.59202780328623938     
  -1.8346528165919640       -3.3988034305640440        2.0749386145020989     
   1.3407775722332216        3.0484534907160654       0.21686885641183901     
   1.2688098423631700        2.3817525974197444       0.36418515433850851     
   1.3217952037429452        1.5865903832564061       0.20931478742745702     
   1.3152332084878731        2.6724578250228537       0.12092673887396735     
  0.84473627679273700      -0.38842582828414701       -6.7869556292676318E-003
  0.99000079634340366       0.39371062764901171       0.31357293882309395     
  0.76741435347719877      -0.91600703401405470       0.17622692910541432     
   1.3118537103508399      -0.62811127442908654       0.62526863502727204     
   5.2418870905718498      -0.49920925794600540      -0.82759515260415606     
   2.0384513946818386       -1.4752506763923923       -2.7083382979874990E-002
   2.4433459720719415      -0.98383947140206574      -0.65062322107604920     
   2.8342196395966823      -0.64790334321816889      -0.32413212225452093     
   2.7771339272500826       -1.0226668574542521       -7.4483450534063980E-002
   2.8156111613128529       -3.7542613667324933       -1.2327599118117922     
   2.8872694668369832       -3.6893921970096550      -0.91649401068493597     
First
                         Total        6.918001670E-01
Step size:       0.20
Step size in Bohr:       0.38
Learning Rate:       1.00
# Steps:          0
                         Error        6.918001670E-01
