atom_charge_dict:  {8: [0], 3: [1, 3, 4], 9: [2], 2: [5, 6, 7, 8], 7: [9], 6: [10, 11, 12, 13], 1: [14, 15, 16, 17], 4: [18], 0: [19, 20, 21, 22], 5: [23, 24]}
4
4 [18] [0.21305293 0.05616812 0.04681735]
0
0 [19, 20, 21, 22] [-0.56263864 -0.02723291  0.01560565]
0 [19, 20, 21, 22] [-0.27226043  0.23215991 -0.23815346]
0 [19, 20, 21, 22] [-0.16500291  0.42694765 -0.03130095]
0 [19, 20, 21, 22] [-0.21256997  0.24761147  0.09017048]
5
5 [23, 24] [ 0.07212336 -0.14221927 -0.3518833 ]
5 [23, 24] [ 0.06107505 -0.08031053 -0.19535198]
6
6 [10, 11, 12, 13] [0.05691477 0.26761645 0.00272685]
6 [10, 11, 12, 13] [ 0.01710462 -0.07590337  0.06829604]
6 [10, 11, 12, 13] [ 0.10673206 -0.50507936  0.02080862]
6 [10, 11, 12, 13] [ 0.05409477  0.06845489 -0.05039166]
1
1 [14, 15, 16, 17] [-0.0389019  -0.12221318 -0.1072773 ]
1 [14, 15, 16, 17] [-0.03964483  0.2776952   0.04603854]
1 [14, 15, 16, 17] [-0.0765014  -0.39983876 -0.02516048]
1 [14, 15, 16, 17] [ 0.13953849 -0.22050178  0.25405095]
2
2 [5, 6, 7, 8] [-0.49107836 -0.22901361 -0.15267655]
2 [5, 6, 7, 8] [-0.04590746  0.16139486  0.48748558]
2 [5, 6, 7, 8] [-0.24174636 -0.06719153 -0.1591814 ]
2 [5, 6, 7, 8] [0.14103035 0.26974721 0.01503125]
7
7 [9] [ 0.0177465  -0.40336164 -0.07648238]
2
3
3 [1, 3, 4] [ 0.20482144 -0.36013362  0.34326065]
3 [1, 3, 4] [-0.12612155 -0.51412884 -0.08255827]
3 [1, 3, 4] [ 0.07052453 -0.2640013  -0.44192499]
8
8 [0] [0.07618872 0.23984152 0.04906457]
3
9
9 [2] [-0.38090475 -0.11853141  0.01715885]
RMSD using the Kabsch algorithm: 0.7498973395490033
1 [-1.89128713  1.27473393  0.36753705]
2 [-1.74598111 -0.38891291  0.45039782]
3 [-3.28396924 -0.66432351  0.0918289 ]
4 [-2.0769241  -0.54290813  0.02457891]
5 [-1.88027802 -0.29278059 -0.33478781]
6 [-1.29664715 -0.91167893 -0.27636744]
7 [-0.85147625 -0.52127046  0.36379469]
8 [-1.04731516 -0.74985684 -0.28287229]
9 [-0.66453844 -0.41291811 -0.10865964]
10 [-0.79069255 -2.15503541 -0.39748168]
11 [ 0.55822901  1.59837013 -0.05811104]
12 [0.51841886 1.25485031 0.00745815]
13 [ 0.6080463   0.82567432 -0.04002927]
14 [ 0.55540902  1.39920857 -0.11122955]
15 [ 0.48319736 -0.20102087 -0.15877681]
16 [ 0.48245443  0.19888751 -0.00546097]
17 [ 0.44559786 -0.47864645 -0.07665999]
18 [ 0.66163774 -0.29930947  0.20255144]
19 [ 2.83003375 -0.05854529  0.22842349]
20 [ 1.13720648 -0.70964528  0.11181215]
21 [ 1.42758468 -0.45025246 -0.14194697]
22 [ 1.5348422  -0.25546472  0.06490555]
23 [ 1.48727515 -0.4348009   0.18637697]
24 [ 1.82885818 -1.90572385 -0.22701129]
25 [ 1.81780987 -1.84381511 -0.07047997]
