Running in analysis mode

Reading "/home/unibas/boittier/RDKit_G2/B.pdb/SCAN_1_2_3_4_S_36_10.0/0_SCAN/B.p.cube"...

  B.pdb Potential
  Electrostatic potential from Total SCF Density
   10  -10.199899   -7.816227   -6.512943
  121    0.166667    0.000000    0.000000
   90    0.000000    0.166667    0.000000
   79    0.000000    0.000000    0.166667
    6    6.000000    3.226547   -1.246303    0.000176
    6    6.000000    0.984869   -0.101378    0.000081
    6    6.000000   -1.486644   -1.303475   -0.000191
    6    6.000000   -3.687147   -0.065830    0.000212
    1    1.000000    4.964658   -0.172077    0.000365
    1    1.000000    3.325523   -3.286591   -0.000146
    9    9.000000    0.906337    2.468472   -0.000183
    1    1.000000   -1.443027   -3.354081   -0.000743
    1    1.000000   -3.765969    1.979293    0.000539
    1    1.000000   -5.463971   -1.080872   -0.000038
  2.01912E-03  2.07511E-03  2.13219E-03  2.19031E-03  2.24942E-03  2.30948E-03
       .            .            .            .            .            .
       .            .            .            .            .            .
       .            .            .            .            .            .
 -2.07264E-03 -2.05794E-03 -2.04259E-03 -2.02661E-03 -2.01003E-03 -1.99288E-03

706734 out of 860310 gridpoints are considered (82.1%).

...done!

Reading "21charges.cube"...

  Fitted ESP
  Electrostatic potential fitted from 21 point charges.
   10  -10.199899   -7.816227   -6.512943
  121    0.166667    0.000000    0.000000
   90    0.000000    0.166667    0.000000
   79    0.000000    0.000000    0.166667
    6    6.000000    3.226547   -1.246303    0.000176
    6    6.000000    0.984869   -0.101378    0.000081
    6    6.000000   -1.486644   -1.303475   -0.000191
    6    6.000000   -3.687147   -0.065830    0.000212
    1    1.000000    4.964658   -0.172077    0.000365
    1    1.000000    3.325523   -3.286591   -0.000146
    9    9.000000    0.906337    2.468472   -0.000183
    1    1.000000   -1.443027   -3.354081   -0.000743
    1    1.000000   -3.765969    1.979293    0.000539
    1    1.000000   -5.463971   -1.080872   -0.000038
  2.03772E-03  2.09270E-03  2.14869E-03  2.20566E-03  2.26354E-03  2.32229E-03
       .            .            .            .            .            .
       .            .            .            .            .            .
       .            .            .            .            .            .
 -2.09841E-03 -2.08252E-03 -2.06601E-03 -2.04889E-03 -2.03120E-03 -2.01296E-03

706734 out of 860310 gridpoints are considered (82.1%).

...done!

                       Measure       RMSE[kcal/mol/e]   MaxError[kcal/mol/e]   NPoints
                         Total        3.856738205E-01        4.175699011E+00    706734
Close (  1.20 < r <   1.66 )          7.964347369E-01        4.175699011E+00    154919
Mid-range ( 1.66 < r <  2.20)         1.482876774E-01        6.150220306E-01    270267
Far-range (  2.20         < r)        5.695421510E-02        1.970630736E-01    281548
Did analysis and wrote slice data
