-xyz
refined.xyz
-dens
/home/unibas/boittier/RDKit_G2/B.pdb/SCAN_1_2_3_4_S_36_-10.0/22_SCAN_1_2_3_4_F/B.d.cube
-esp
/home/unibas/boittier/RDKit_G2/B.pdb/SCAN_1_2_3_4_S_36_-10.0/22_SCAN_1_2_3_4_F/B.p.cube
-stepsize
0.2
-n_steps
50
-learning_rate
0.5
   3.5391158300303562        2.2976802122458162       -1.7023912913292272     
   3.4093427200093291      -0.71969661650662364      -0.80338174749880520     
   6.3426861061987871      -0.79216919852518408        7.4044082737719688E-002
   4.0512732876004751      -0.63466035874781601       0.19597777707670233     
   3.6622601597868116       -2.3680872822186758E-002  0.49313199102030447     
   2.6685659288564496       -1.2816763685114676       0.40091733165374688     
   1.3223533552430420       -1.1891244853348641        1.3770654789133734     
   2.1256412840992933       -1.1529453948926880       0.29312328590921116     
   1.1110875477770099       -1.0981284787974197       0.40415741282903078     
   1.7561348313415019       -3.3283263450345797        1.9466629700242273     
  -3.0768118681202274       -2.1491112361368829      -0.42351312237133265     
  -2.6405695546764556       -1.7208141637958203      -0.18190536960659928     
  -2.1743859842580666       -1.0355079051413874      -0.17246327277804635     
  -2.8295834880671125       -1.8706356772276982      -0.45739621232427718     
 -0.62608611557871696       0.23147569849555763       -6.1737587636162404E-002
  -1.2146375993191543      -0.34256028953394196       0.11627568303702099     
 -0.26545484175080664       0.54162027049350925       0.19390324741186099     
 -0.88261930999631988       0.58915551941555722       0.59982411660800261     
  -4.0631899590065661        3.1188990232648699      -0.17048251277775286     
 -0.95913540730015534        1.7667401127827544       0.39437996013607429     
  -1.5312440728899965        1.8099280083158613      -0.26159902692366066     
  -2.0453427991975190        1.6844800698049003        1.3241615423636475E-002
  -1.7920668074335240        1.8564715336923454       0.32400407447893848     
 -0.16219731239304125        4.3024661572105058       -1.8442883440078547E-002
 -0.31490280545274468        4.2029381330510232       0.25142178875237431     
First
                         Total        5.775456467E-01
Step size:       0.20
Step size in Bohr:       0.38
Learning Rate:       1.00
# Steps:         50
                         Error  1        5.766794551E-01
                         Error  2        5.758455839E-01
                         Error  3        5.750413750E-01
                         Error  4        5.742644078E-01
                         Error  5        5.735124782E-01
                         Error  6        5.727835790E-01
                         Error  7        5.720758829E-01
                         Error  8        5.713877258E-01
                         Error  9        5.707175928E-01
                         Error 10        5.700641045E-01
                         Error 11        5.694260049E-01
                         Error 12        5.688021502E-01
                         Error 13        5.681914989E-01
                         Error 14        5.675931022E-01
                         Error 15        5.670060960E-01
                         Error 16        5.664296929E-01
                         Error 17        5.658631755E-01
                         Error 18        5.653058901E-01
                         Error 19        5.647572404E-01
                         Error 20        5.642166829E-01
                         Error 21        5.636837219E-01
                         Error 22        5.631579050E-01
                         Error 23        5.626388193E-01
                         Error 24        5.621260878E-01
                         Error 25        5.616193661E-01
                         Error 26        5.611183394E-01
                         Error 27        5.606227199E-01
                         Error 28        5.601322444E-01
                         Error 29        5.596466719E-01
                         Error 30        5.591657816E-01
                         Error 31        5.586893712E-01
                         Error 32        5.582172550E-01
                         Error 33        5.577492628E-01
                         Error 34        5.572852379E-01
                         Error 35        5.568250365E-01
                         Error 36        5.563685261E-01
                         Error 37        5.559155846E-01
                         Error 38        5.554660994E-01
                         Error 39        5.550199666E-01
                         Error 40        5.545770901E-01
                         Error 41        5.541373809E-01
                         Error 42        5.537007565E-01
                         Error 43        5.532671405E-01
                         Error 44        5.528364617E-01
                         Error 45        5.524086539E-01
                         Error 46        5.519836553E-01
                         Error 47        5.515614083E-01
                         Error 48        5.511418589E-01
                         Error 49        5.507249566E-01
                         Error 50        5.503106540E-01
                         Error        5.503106540E-01
