-xyz
refined.xyz
-dens
/home/unibas/boittier/RDKit_G2/B.pdb/SCAN_1_2_3_4_S_36_10.0/36_SCAN/B.d.cube
-esp
/home/unibas/boittier/RDKit_G2/B.pdb/SCAN_1_2_3_4_S_36_10.0/36_SCAN/B.p.cube
-stepsize
0.2
-n_steps
10
-learning_rate
0.5
  -4.0372105009379338        2.9595068713293973      -0.36762448601501263     
  -3.5496863750981968      -0.51726779925786748       0.61967849944699449     
  -3.7367936788628562      -0.73656415225346084       -4.4387470187893949E-002
  -6.2542605082196001       -1.1728628187865360      -0.14199808879752904     
  -3.4489258832877030      -0.64450382874130274      -0.64075689861259599     
  -1.7375677620636156      -0.33496228188362548       0.25916887076495365     
  -1.4373706167457325       -5.1931388234005518E-002  0.24503891038785711     
  -1.8642015537953796       -2.6347873394213703       0.18626241560710613     
  -1.8463093315383354       -2.6748610242757596      -0.34239316247389240     
  -1.9855315417310431       -2.6253083635821555       0.69039274764314085     
   3.4332747304221134       -2.3108297840511201      -0.29598080607634475     
   2.8165674020433960       -1.7229082660943702      -0.17361471654433294     
  0.68695439228883692       0.78513953431146077      -0.58667802160414428     
  0.39954100583196622       0.91893907685165555      -0.34898101279831084     
   1.0702297663416194       0.92449716973226947       0.67313125258616491     
   1.4909650989941892      -0.20445401999121920      -0.10560439648523215     
   4.2474434165807322        3.2710224520140629       -2.6255538959300212E-003
   2.0022721181814083        2.0856333165337295        6.6412675912984442E-002
   1.7358249995064861        2.0595095165323341      -0.59358156516307692     
   1.8831112845861411        2.1504759109516489       0.75894109249316777     
 -0.39643513658175178        4.2378189787095337        6.4358116922099418E-002
First
                         Total        6.892363110E+00
Step size:       0.20
Step size in Bohr:       0.38
Learning Rate:       1.00
# Steps:         10
                         Error  1        6.846005311E+00
                         Error  2        6.799954818E+00
                         Error  3        6.754214985E+00
                         Error  4        6.708789147E+00
                         Error  5        6.663680629E+00
                         Error  6        6.618892733E+00
                         Error  7        6.574428742E+00
                         Error  8        6.530291915E+00
                         Error  9        6.486485480E+00
                         Error 10        6.443012638E+00
                         Error        6.443012638E+00
