-xyz
refined.xyz
-dens
/home/unibas/boittier/RDKit_G2/B.pdb/SCAN_1_2_3_4_S_36_10.0/11_SCAN/B.d.cube
-esp
/home/unibas/boittier/RDKit_G2/B.pdb/SCAN_1_2_3_4_S_36_10.0/11_SCAN/B.p.cube
-stepsize
0.2
-n_steps
0
-learning_rate
0.5
   3.3635885030208370        1.7122798398462222       -2.8754414976347302     
   3.0693034281568190      -0.24950414772808946      -0.66138615476209783     
   2.8490938853874419       0.73985587796287022      -0.45526261644212329     
   5.9253714685868397      -0.34571524891333638       0.16860000068986966     
   2.9991182863763486       0.84348398161841287      -0.14793489674994340     
   1.2947111769932438      -0.15545755700272643       0.46450271582678754     
   1.9645374307901078       -1.9224223093053898        2.8480920285061528     
   2.7539627875969379      -0.49262262366229664        1.0207931820150953     
   2.1196744903975566      -0.44198581531580511       0.81024372472097084     
  -2.1332614606594813       -1.1724246957740134      -0.46759280959689387     
  -2.1796458184357705       -1.3512781788776227      -0.52175768051436500     
  -2.7026104377054518       -2.7317062703618511      -0.56514307926454121     
  -2.3336837742215848       -2.1191901553262635      -0.40874325754875179     
 -0.53940093375383824       0.64350748996587226        9.4278043370393652E-002
 -0.80839385759123183       0.50976409657314159      -0.30936934549100997     
  -1.3339029387881154       0.61437405900234987       0.84819144757782927     
  -1.4351466471235423      -0.45310755069362230       -9.0870417887250324E-002
  -1.7278076604542079        2.0063249276208017      -0.82592099886189152     
  -2.2227119238619699        1.7173678970177075       0.98436163232220497     
  -4.4523531894072530        2.3583607603092003      -0.45079187583151631     
 -0.92597043741887419        4.1831010207134378       0.66958161094738200     
First
                         Total        1.538779311E+00
Step size:       0.20
Step size in Bohr:       0.38
Learning Rate:       1.00
# Steps:          0
                         Error        1.538779311E+00
                         Error        1.538779311E+00
                         Error        1.538779311E+00
                         Error        1.538779311E+00
                         Error        1.538779311E+00
