-xyz
refined.xyz
-dens
/home/unibas/boittier/RDKit_G2/B.pdb/SCAN_1_2_3_4_S_36_10.0/23_SCAN/B.d.cube
-esp
/home/unibas/boittier/RDKit_G2/B.pdb/SCAN_1_2_3_4_S_36_10.0/23_SCAN/B.p.cube
-stepsize
0.2
-n_steps
10
-learning_rate
0.5
  -3.6446976581475505        2.3857967390628003       -2.2095744363232601     
  -3.5747254669217234        2.3880806868417783E-002  0.60213355670192525     
  -3.7468267199602137      -0.49963625264322237       0.13391794163027293     
  -6.3047559308010275      -0.70646344000441974       0.14799077163407562     
  -3.4198522817892090      -0.75625015556495190      -0.38910745606363756     
  -1.6846012627389444       -7.7754127595987807E-002  0.78721769264135222     
  -1.3650530272332613       0.18800684625347078       0.72754753804317196     
  -2.0441556501150724       -2.0711988111832218        1.4939496653840645     
  -1.9962718895693627       -2.3944258912604939        1.0760804266021240     
  -2.1838461073779758       -1.8001783549451971        1.9127927484088409     
   3.0827544653429997       -2.5355025184103517      -0.72455622058665436     
   2.5610798268893156       -1.9070005105879930      -0.48715308407494107     
  0.64767047908457354       0.81617059806100545      -0.46735125868343391     
  0.42093300870308659       0.98422406542514917      -0.17147210159830617     
   1.2703308313939645       0.85289450891165119       0.70130383618962688     
   1.4135230673124088      -0.24931145202200605      -0.18432211416285194     
   4.4856766885566781        2.9700300587025974      -0.30325924168595203     
   2.1848956146891618        1.9741038356287757        9.3812570079303451E-002
   1.7977199521612195        2.0286777054286098      -0.50156774998296350     
   2.2087886099815459        1.9433124167969407       0.79671126304657913     
   4.4741169219043878E-002   4.2648495519640006       0.79839521331385077     
First
                         Total        6.161754500E-01
Step size:       0.20
Step size in Bohr:       0.38
Learning Rate:       1.00
# Steps:         10
                         Error  1        6.107529509E-01
                         Error  2        6.056116460E-01
                         Error  3        6.007367085E-01
                         Error  4        5.961139241E-01
                         Error  5        5.917296855E-01
                         Error  6        5.875709842E-01
                         Error  7        5.836254012E-01
                         Error  8        5.798810945E-01
                         Error  9        5.763267867E-01
                         Error 10        5.729517499E-01
                         Error        5.729517499E-01
