atom_charge_dict:  {0: [0, 1], 2: [2, 3], 3: [4], 4: [5, 6], 6: [7, 8, 9], 1: [10, 11], 5: [12, 13], 8: [14, 15], 9: [16, 17, 18], 7: [19, 20], 10: [21, 22], 11: [23, 24, 25, 26], 12: [27, 28, 29]}
2
2 [2, 3] [-0.25122257 -0.42585307 -0.30695617]
2 [2, 3] [ 0.0447049  -0.00644984  0.100016  ]
0
0 [0, 1] [-0.05334285  0.46418692 -0.32643784]
0 [0, 1] [ 0.22305714 -0.24917549  0.02470199]
3
3 [4] [-0.38611755  0.01440666  0.08479663]
4
4 [5, 6] [-0.03707302  0.02470938 -0.10296364]
4 [5, 6] [-0.23487485 -0.16305396  0.32679869]
0
1
1 [10, 11] [-0.25120035  0.30764222  0.01718737]
1 [10, 11] [ 0.1477854  -0.37349327 -0.04309616]
6
6 [7, 8, 9] [-0.25607821  0.13692178  0.06673991]
6 [7, 8, 9] [ 0.09620019 -0.27426514 -0.04043911]
6 [7, 8, 9] [-0.08621884 -0.09314185 -0.01431273]
1
5
5 [12, 13] [0.26272407 0.13243783 0.3005538 ]
5 [12, 13] [0.13167016 0.54517226 0.10223836]
8
8 [14, 15] [ 0.02423719 -0.00629495 -0.11435491]
8 [14, 15] [-0.00153549 -0.03980076  0.15089349]
5
7
7 [19, 20] [-0.37378568  0.02917363  0.40475   ]
7 [19, 20] [-0.26132174  0.39779684 -0.15842703]
9
9 [16, 17, 18] [ 0.0344251   0.20432067 -0.05595124]
9 [16, 17, 18] [0.09112422 0.17920741 0.34195176]
9 [16, 17, 18] [ 0.01075071  0.1799602  -0.11989824]
5
8
10
10 [21, 22] [-0.05703121 -0.43759421  0.20552859]
10 [21, 22] [-0.03728928 -0.28971315  0.14705946]
7
11
11 [23, 24, 25, 26] [-0.42297816  0.2859222   0.05460443]
11 [23, 24, 25, 26] [ 0.22102587 -0.12873565 -0.08302051]
11 [23, 24, 25, 26] [-0.05482252 -0.06367924 -0.04511767]
11 [23, 24, 25, 26] [1.05861985e-01 6.69764673e-03 1.04645973e-04]
12
12 [27, 28, 29] [0.02846842 0.11843449 0.43236944]
12 [27, 28, 29] [ 0.11359517  0.0453599  -0.40757278]
12 [27, 28, 29] [0.02920137 0.01915831 0.02458848]
7
5
RMSD using the Kabsch algorithm: 1.0994551621951005
1 [-1.79231848  1.72246347 -0.36036761]
2 [-1.5159185   1.00910105 -0.00922778]
3 [-1.39185248  1.27158429  0.46499771]
4 [-1.09592501  1.69098752  0.87196988]
5 [-3.1797657   1.47868705  0.23552264]
6 [-1.45913884  1.76156883 -1.06913184]
7 [-1.65694067  1.5738055  -0.6393695 ]
8 [-2.69648907 -0.89337526  0.20040791]
9 [-2.34421067 -1.30456218  0.09322888]
10 [-2.5266297  -1.12343888  0.11935526]
11 [-1.78306351  0.0806782  -0.07831426]
12 [-1.38407777 -0.60045729 -0.13859779]
13 [ 0.08869628 -0.65393189 -0.2220995 ]
14 [-0.04235764 -0.24119746 -0.42041494]
15 [-0.09535946 -0.78409677 -1.73200191]
16 [-0.12113214 -0.81760257 -1.4667535 ]
17 [-0.08751157 -1.62196336 -0.2491617 ]
18 [-0.03081245 -1.64707661  0.1487413 ]
19 [-0.11118596 -1.64632382 -0.3131087 ]
20 [ 0.66251699 -0.03734816  0.40032608]
21 [ 0.77498093  0.33127505 -0.16285095]
22 [ 1.14083131  0.76480177 -0.35541808]
23 [ 1.16057324  0.91268283 -0.41388721]
24 [ 1.77740701 -0.4838192  -0.23593438]
25 [ 2.42141104 -0.89847704 -0.37355933]
26 [ 2.14556265 -0.83342063 -0.33565648]
27 [ 2.30624716 -0.76304375 -0.29043416]
28 [1.02716988 0.22770848 1.80874929]
29 [1.11229664 0.15463389 0.96880707]
30 [1.02790283 0.1284323  1.40096833]
