-xyz
refined.xyz
-dens
/home/unibas/boittier/RDKit_G2/B.pdb/SCAN_1_2_3_4_S_36_10.0/23_SCAN/B.d.cube
-esp
/home/unibas/boittier/RDKit_G2/B.pdb/SCAN_1_2_3_4_S_36_10.0/23_SCAN/B.p.cube
-stepsize
0.2
-n_steps
0
-learning_rate
0.5
  -3.5246731465234977        2.4153107867240924       -2.1147313687828264     
  -3.1951853031842039       0.45884720070398793       0.17474816195002657     
  -2.8164192041174263       0.28507361324998232      -0.77190457200924556     
  -5.9056412506494409      -0.61650728563318324       0.16499402850295197     
  -2.9027978502904994       -4.2112774927501581E-002 -0.88672716964228426     
  -1.1671228878761235      -0.45160197274662051       0.75597807405680562     
  -1.7998982630657938       -2.8322569261536765        2.0640518920354332     
  -2.6781616177324938      -0.95440226138999673       0.88446330515833604     
  -2.0270689855858097      -0.82799361318491960       0.78794365786450549     
   2.3657863180048144       -1.0228762682424219      -0.12178722518331611     
   2.4491045858994949       -1.1964517913878436      -0.11991257696517424     
   3.0612585055350467       -2.4825179241525581      -0.51011442527169693     
   2.6051372091371774       -1.9216881637837333      -0.39536634773950535     
  0.52984091873309547       0.57100399371191723       0.35911613206468523     
  0.96818099924706136       0.44807432173171025       0.57341025808607271     
  0.87653766392097754       0.71924032116270431      -0.66961851396745242     
   1.5084848857343558      -0.39061677184071014       -3.6795944332225522E-002
   1.9297199681235944        1.8795654399521475        1.1018399026017041     
   1.5698911499219008        2.0613022630316715      -0.75370437037307136     
   4.1590224324818985        2.7761335518732269      -0.28048113348022025     
  0.39589631401230402        4.1408680389646717       0.71456719697536442     
First
                         Total        1.538922464E+00
Step size:       0.20
Step size in Bohr:       0.38
Learning Rate:       1.00
# Steps:          0
                         Error        1.538922464E+00
