-xyz
refined.xyz
-dens
/home/unibas/boittier/RDKit_G2/B.pdb/SCAN_1_2_3_4_S_36_10.0/10_SCAN_1_2_3_4_F/B.d.cube
-esp
/home/unibas/boittier/RDKit_G2/B.pdb/SCAN_1_2_3_4_S_36_10.0/10_SCAN_1_2_3_4_F/B.p.cube
-stepsize
0.2
-n_steps
0
-learning_rate
0.5
   3.2619578551305985        1.1529784224683493       -2.9088297725286978     
   3.3959118138165270      -0.74794208131434192      -0.35550412440726203     
   6.3851926401113541      -0.17076419094834541        8.4244592161083098E-002
   4.1124155569178678       -9.5784691257538579E-002  0.24775140698712889     
   3.6432186904870481       0.56916583311972180       0.27210150737472233     
   2.8120841060880442      -0.28553562070414734        1.0004906349151315     
   1.3701694664998909      -0.56707493343915127        1.7655618741879744     
   2.3173515625517860      -0.42525677482830726       0.74331468894164299     
   1.2609696852456493      -0.52315781022667396       0.78982540908104637     
   2.1077756539224306       -1.3108593687672880        3.4447195285019347     
  -2.4595651520833459       -2.6597777782557936      -0.46272516262598784     
  -2.1633188985105463       -2.1032647900800003      -0.19087414067589537     
  -1.8867343158094849       -1.3400858970694698      -0.20245739480211317     
  -2.2791570078816625       -2.3160651636864267      -0.48606365333299129     
 -0.66630516079623692       0.29660720838270754       -1.2110304188745006E-002
  -1.1439486489388282      -0.39771708224967711       0.14676120359761088     
 -0.42332487473248220       0.72001218031674763       0.26985334736270422     
  -1.0973969171904314       0.61618277474714189       0.61012231666909256     
  -4.6837066248652395        2.2493851009605996      -0.56192547972551410     
  -1.4025388506105518        1.7332659187832336       0.34906001410897131     
  -1.9191765122917708        1.5997896248114518      -0.36472995945683812     
  -2.4260269103354899        1.3629161334751219      -0.12136733517328038     
  -2.2512252841224254        1.6145487620167320       0.21353017329012164     
  -1.2028496453067674        4.3565994083778046      -0.20558792191770067     
  -1.3135401306883667        4.2463254578976537        8.5881312201767188E-002
First
                         Total        1.187281475E+00
Step size:       0.20
Step size in Bohr:       0.38
Learning Rate:       1.00
# Steps:          0
                         Error        1.187281475E+00
