-xyz
refined.xyz
-dens
/home/unibas/boittier/RDKit_G2/B.pdb/SCAN_1_2_3_4_S_36_10.0/16_SCAN/B.d.cube
-esp
/home/unibas/boittier/RDKit_G2/B.pdb/SCAN_1_2_3_4_S_36_10.0/16_SCAN/B.p.cube
-stepsize
0.2
-n_steps
0
-learning_rate
0.5
   3.9387712753684712        2.8649398344433261       -1.0214521257816684     
   3.4786042833128543      -0.71134968405416432      -0.62209320269628343     
   3.7371485672332780      -0.68979575742752741        5.2892053878337883E-002
   6.2701382692156926       -1.0451912859872987       0.14904766617765902     
   3.5036574414936519      -0.40796524445304283       0.61179455090283774     
   1.7486111634592025      -0.29801719213826172       0.14735379018312289     
   1.4485933501299735       -4.4052006872713117E-003  0.13830903770943298     
   1.9004777790721927       -2.5406722082027824       0.65968637407730679     
   1.9281386115571120       -2.4110645724267288        1.1733205236762794     
   1.9652263311180762       -2.7123128254407325       0.17518439960287510     
  -3.4119487787588065       -2.3517887451923167       -8.4812714541824624E-002
  -2.7985838770518607       -1.7624816434216724       -8.9294748101358942E-002
 -0.77720254961202651       0.74514607158139590       0.74668580405146368     
 -0.45976995668067910       0.91240488559076727       0.55058031701305221     
  -1.0113902246902566       0.93784730161789731      -0.54282249740411725     
  -1.4963604887569240      -0.21125096336615132       0.13840605533313963     
  -4.2651045766307591        3.2440654191473892      -0.16610115376502063     
  -2.0138584127207464        2.0858642277045210        7.2740871296353849E-004
  -1.8447207993335744        1.9956050827710152       0.68673526648858074     
  -1.8039457381061301        2.1781342551398390      -0.66486140605637123     
  0.33510235726149590        4.2263108083483560       0.47801339805472731     
First
                         Total        4.463920979E-01
Step size:       0.20
Step size in Bohr:       0.38
Learning Rate:       1.00
# Steps:          0
                         Error        4.463920979E-01
