-xyz
refined.xyz
-dens
/home/unibas/boittier/RDKit_G2/B.pdb/SCAN_1_2_3_4_S_36_10.0/2_SCAN_1_2_3_4_F/B.d.cube
-esp
/home/unibas/boittier/RDKit_G2/B.pdb/SCAN_1_2_3_4_S_36_10.0/2_SCAN_1_2_3_4_F/B.p.cube
-stepsize
0.2
-n_steps
0
-learning_rate
0.5
   3.6023013269750011        2.4133398987415697       0.67780139571197251     
   3.4357403630150842      -0.46766968679039411      -0.74748544769511549     
   6.2107615087603385       -1.2456846007414555       0.14060618573709185     
   3.9464579409484370       -1.0179750440422697       0.11212823344987510     
   3.4140335410672948      -0.81014486737670921       0.69198054465105330     
   2.4527575823107135       -1.7888671284355042       -6.6841161714936703E-002
   1.5208180599083754      -0.98656577225348729       -1.1765787316337959     
   2.0694706416926354       -1.3772069789476424        5.1686473063903039E-002
   1.2449352938088039      -0.78271358153503312      -0.25557496454859341     
   1.4931465636251910       -4.0228072865425997      -0.70195861894513245     
  -1.0509211277584756        3.0772972104420169      -0.10367627796478857     
  -1.0249132059539428        2.4076028666603646      -0.25268836072941198     
  -1.1661225874731294        1.6198905002289175      -0.11614399342416375     
  -1.0699740204518322        2.7000372328555708       -1.1253111775913999E-002
 -0.89626357540443891      -0.38324145648027913       0.11874703134824097     
 -0.93516182663347680       0.41066820559869066      -0.20322199328374849     
 -0.84852344316781037      -0.91471222412236453       -6.3116635683628269E-002
  -1.3142184658042855      -0.57543793459152703      -0.56207328481475360     
  -5.3665223580733388      -0.10286648567281885       0.34232411275444108     
  -2.1869672057080192       -1.3572406238190085       -6.9219219835581200E-002
  -2.6248157643219963      -0.84409005114635971       0.51318240307454854     
  -2.9371155958374087      -0.46563998745695040       0.15058605957113524     
  -2.8815436884415768      -0.83840093978003372      -0.10238027214133430     
  -3.3237579090929579       -3.5792161185378890       0.94626022710023927     
  -3.3466147569481079       -3.5008233494744951       0.62579309865895505     
First
                         Total        3.962275279E-01
Step size:       0.20
Step size in Bohr:       0.38
Learning Rate:       1.00
# Steps:          0
                         Error        3.962275279E-01
