-xyz
refined.xyz
-dens
/home/unibas/boittier/RDKit_G2/B.pdb/SCAN_1_2_3_4_S_36_10.0/32_SCAN_1_2_3_4_F/B.d.cube
-esp
/home/unibas/boittier/RDKit_G2/B.pdb/SCAN_1_2_3_4_S_36_10.0/32_SCAN_1_2_3_4_F/B.p.cube
-stepsize
0.2
-n_steps
50
-learning_rate
0.5
  -3.4258676412022102        2.2306792090370284        1.4713605162291519     
  -3.2533421840549539      -0.85196415619071353       0.83981172897281320     
  -6.2257631347606512       -1.1238369327499944       0.24448777165852456     
  -3.9476106829756774      -0.93364889338912105        4.1988498579710577E-002
  -3.6015327169553824      -0.32055529820803796      -0.53395514158065827     
  -2.5122181537562591       -1.5504164833450000      -0.82012426140762384     
  -1.7074638599364111      -0.85130442728297584       0.43827955175085453     
  -2.0179887979476696       -1.2771967078057840      -0.80336459053694320     
  -1.2911208334294462      -0.67274375552726551      -0.43125553889115575     
  -1.6992206404924342       -3.7471874055530217       -1.6278045569781241     
   1.2098114202829788        3.0028390814896899      -0.20341654390295552     
   1.0952068766884442        2.3664322900985519       -7.9182355999920184E-002
   1.2279580166025061        1.5414501909013756      -0.15445408680568551     
   1.1933079313563437        2.6335600599620554      -0.30028934613105018     
  0.91383039292337576      -0.39067644483945496      -0.37897883503080598     
  0.92757846654440068       0.36723161427417805       -9.7588032653821807E-002
  0.80340042733287709      -0.90714516910278697      -0.22717516557528741     
   1.1947552811525681      -0.58556934903953339       0.32509297084370398     
   5.2676933231649086      -0.32074050877072741       0.77407912214539487     
   2.0448894462607057       -1.3976899203851485       0.27753822055914901     
   2.6610062270332739      -0.94892806518650208      -0.15791209318777655     
   2.8437099449365042      -0.58070356483294794       0.24260982377993359     
   2.7168472763582359      -0.90962623655081731       0.46909297017570445     
   3.2863820266921553       -3.7373843587115196      -0.19251140515778403     
   3.2473818652439497       -3.6077013534290998        9.9238071103497805E-002
First
                         Total        5.194051235E-01
Step size:       0.20
Step size in Bohr:       0.38
Learning Rate:       1.00
# Steps:         50
                         Error  1        5.178965523E-01
                         Error  2        5.164656500E-01
                         Error  3        5.151068282E-01
                         Error  4        5.138149109E-01
                         Error  5        5.125851057E-01
                         Error  6        5.114129771E-01
                         Error  7        5.102944215E-01
                         Error  8        5.092256432E-01
                         Error  9        5.082031323E-01
                         Error 10        5.072236441E-01
                         Error 11        5.062841793E-01
                         Error 12        5.053819663E-01
                         Error 13        5.045144439E-01
                         Error 14        5.036792460E-01
                         Error 15        5.028741864E-01
                         Error 16        5.020972456E-01
                         Error 17        5.013465582E-01
                         Error 18        5.006204008E-01
                         Error 19        4.999171815E-01
                         Error 20        4.992354294E-01
                         Error 21        4.985737858E-01
                         Error 22        4.979309952E-01
                         Error 23        4.973058974E-01
                         Error 24        4.966974201E-01
                         Error 25        4.961045720E-01
                         Error 26        4.955264367E-01
                         Error 27        4.949621668E-01
                         Error 28        4.944109782E-01
                         Error 29        4.938721456E-01
                         Error 30        4.933449977E-01
                         Error 31        4.928289131E-01
                         Error 32        4.923233160E-01
                         Error 33        4.918276732E-01
                         Error 34        4.913414902E-01
                         Error 35        4.908643088E-01
                         Error 36        4.903957036E-01
                         Error 37        4.899352799E-01
                         Error 38        4.894826711E-01
                         Error 39        4.890375365E-01
                         Error 40        4.885995592E-01
                         Error 41        4.881684447E-01
                         Error 42        4.877439185E-01
                         Error 43        4.873257249E-01
                         Error 44        4.869136255E-01
                         Error 45        4.865073979E-01
                         Error 46        4.861068343E-01
                         Error 47        4.857117406E-01
                         Error 48        4.853219349E-01
                         Error 49        4.849372473E-01
                         Error 50        4.845575181E-01
                         Error        4.845575181E-01
