-xyz
refined.xyz
-dens
../../cube_files/fbutone/13_SCAN_1_2_6_8_F/N.d.cube
-esp
../../cube_files/fbutone/13_SCAN_1_2_6_8_F/N.p.cube
-stepsize
0.2
-n_steps
1
-learning_rate
0.5
   3.0523258436760599        3.2626118943457976       0.56894301142898196     
   2.8009347495599290        1.9087519965057735      -0.31030394696309926     
   2.8979727753575952        2.4704609865266050       -1.0585209451212700     
   2.4330694847823175        3.1714490967928293       -2.1162055778797164     
   5.8993124063795417        2.9460275633645749       0.31280478815792478     
   2.0931772503880590        3.2911422005274127        1.6820382577896418     
   2.6379689998207434        2.9753322571739567        1.0670068687704728     
   5.2877628292810961       -1.5707099298360443       0.26334779561138388     
   4.5977890460406545       -2.4508420675824598       0.11224139306553388     
   5.0013556705332958       -2.0059161415076603       0.21545634334907024     
   3.3495526465987910       0.18924978076597904       -1.5021510174204568E-002
   2.6774393816533197       -1.0909987207963152      -0.17813342540305904     
  0.42272293741335748       -2.4717626315983283       0.21298130217062264     
  0.10989127287883646      -0.71011623055636630      -0.48900482246398602     
  0.26747282468754896       -3.5222694813102282       0.72101542250475992     
  0.23958965506101318       -3.2961685654951101       0.58520438426864885     
  0.22307343690385154       -2.2155471580059150       -2.2615154386045493     
   7.9348119454762153E-002  -1.6011497859205122       -2.5382234365856298     
  0.22495774629332468       -2.3491533568109837       -1.9963768676763531     
  -1.2617803600320596       0.52244721542445227      -0.39674546466770483     
  -1.4933000067372626        5.8789228780619852E-002  0.78167099684909014     
  -2.0514608700575678       0.52784387638777286        1.5661889422971500     
  -2.0299924629560198       0.62582169126153198        1.9264058012236287     
  -3.3769587269025032       -1.0995951609749584      -0.13302404818581753     
  -4.5984547721151650       -1.9227464367182803      -0.33709305317487359     
  -4.0557623344994616       -1.7764631033724787      -0.31073587319131007     
  -4.3761081952275038       -1.6350845145365418      -0.25034557272764213     
  -2.3753481771315874        2.6397304519486733       -2.0831291033392927     
  -2.3460099568928898        1.4293761960720619       -1.0497938779169798     
  -2.2999019635455218        2.0157735423887790       -1.6127528330015071     
First
                         Total        4.233553836E+00
Step size:       0.20
Step size in Bohr:       0.38
Learning Rate:       1.00
# Steps:          1
                         Error  1        4.162965686E+00
                         Error        4.162965686E+00
