-xyz
refined.xyz
-dens
/home/unibas/boittier/RDKit_G2/B.pdb/SCAN_1_2_3_4_S_36_10.0/32_SCAN/B.d.cube
-esp
/home/unibas/boittier/RDKit_G2/B.pdb/SCAN_1_2_3_4_S_36_10.0/32_SCAN/B.p.cube
-stepsize
0.2
-n_steps
0
-learning_rate
0.5
  -3.8099398102885482        2.7688327650865454        1.6300863702857742     
  -3.3826518814464541      -0.74019422938909085       0.79586524648615509     
  -3.7352249018205850      -0.65217177973748253       0.17067797153915842     
  -6.2628395740860467       -1.0143619790231149       0.32683332676485055     
  -3.5847247490788030      -0.30910806596363416      -0.38247258422232217     
  -1.7618215113485740      -0.17273357533498127      -0.35952218791048413     
  -1.4479241040064768       0.10486554510292419      -0.33292062062604638     
  -2.0186274562085234       -2.3927995345142046      -0.87968134549159327     
  -2.1199260820409753       -2.2103031463936818       -1.3673461456021792     
  -2.0133878383902335       -2.6146236835275474      -0.41153432470954276     
   3.2728928184797126       -2.4682790837662885       0.22767625406929978     
   2.6890677129435665       -1.8525805949761542       0.16970333100115736     
  0.83675694795098710       0.77042671537387597      -0.86633631894292662     
  0.52317924600747434       0.94445655539355822      -0.66992103544374970     
   1.0521839223829179       0.90203326580237442       0.43407908596059780     
   1.4987396563788424      -0.24101025050009531      -0.28267388191395787     
   4.4307198655065845        3.0548339614827111       0.19722923392413103     
   2.1258219545519874        2.0221033303547622       -3.9988545989794184E-002
   1.9525053586462369        1.9867604907451462      -0.72996917449199816     
   1.9206435813665754        2.0793658654532656       0.63098715887879664     
 -0.11147707209042196        4.3065403437731504      -0.36375252721007656     
First
                         Total        7.161924648E+00
Step size:       0.20
Step size in Bohr:       0.38
Learning Rate:       1.00
# Steps:          0
                         Error        7.161924648E+00
