atom_charge_dict:  {6: [0, 1], 5: [2, 3], 0: [4, 5, 6, 7], 1: [8, 9, 10, 11, 14], 7: [12, 13], 4: [15, 16, 17], 2: [18], 3: [19, 20, 21, 22]}
3
3 [19, 20, 21, 22] [0.41960035 0.23371549 0.14013165]
3 [19, 20, 21, 22] [ 0.02030258 -0.32115696 -0.10808274]
3 [19, 20, 21, 22] [-0.15692685 -0.14816038 -0.07632141]
3 [19, 20, 21, 22] [-0.24797333  0.17186155  0.01192762]
2
2 [18] [ 0.0197319  -0.53149274 -0.14408296]
1
1 [8, 9, 10, 11, 14] [ 0.52186011 -0.1310816   0.06866035]
1 [8, 9, 10, 11, 14] [0.07712155 0.40005765 0.15897569]
1 [8, 9, 10, 11, 14] [0.22131686 0.30975961 0.20898743]
1 [8, 9, 10, 11, 14] [0.24941211 0.07237878 0.0802382 ]
1 [8, 9, 10, 11, 14] [ 0.31983523  0.45153002 -0.10922158]
4
4 [15, 16, 17] [ 0.120298   -0.18492281  0.22393693]
4 [15, 16, 17] [ 0.08940475 -0.13999275 -0.08771011]
4 [15, 16, 17] [ 0.16094348 -0.09225507 -0.23303394]
2
1
5
5 [2, 3] [0.00879097 0.03220241 0.04734021]
5 [2, 3] [-0.07447411  0.09179398  0.06504191]
0
0 [4, 5, 6, 7] [-0.2158746  -0.16952821  0.0934059 ]
0 [4, 5, 6, 7] [-0.07864821 -0.56249603  0.10439073]
0 [4, 5, 6, 7] [ 0.31252895 -0.02195412 -0.02126686]
0 [4, 5, 6, 7] [-0.48007294  0.33937708  0.03577373]
6
6 [0, 1] [-0.01427589  0.16428976 -0.04830575]
6 [0, 1] [-0.07029409 -0.08015387 -0.0287008 ]
7
7 [12, 13] [ 0.15920178 -0.32733872 -0.00050244]
7 [12, 13] [-0.2856488  -0.28588608  0.05785806]
1
0
RMSD using the Kabsch algorithm: 0.8283475198159651
1 [ 1.78840366  1.39320174 -0.34041622]
2 [ 1.73238546  1.14875811 -0.32081127]
3 [ 2.65739594 -0.3816865  -0.21998413]
4 [ 2.57413086 -0.32209493 -0.20228244]
5 [ 1.51779921 -0.01554034 -0.04595128]
6 [ 1.6550256  -0.40850817 -0.03496645]
7 [ 2.04620276  0.13203374 -0.16062404]
8 [ 1.25360087  0.49336494 -0.10358344]
9 [ 1.0975904  -0.56554227  0.25547201]
10 [ 0.65285183 -0.03440301  0.34578735]
11 [ 0.79704715 -0.12470105  0.39579908]
12 [ 0.82514239 -0.36208189  0.26704985]
13 [ 0.65300912 -1.83963557  0.29744749]
14 [ 0.20815853 -1.79818292  0.35580799]
15 [0.89556552 0.01706935 0.07759007]
16 [-0.49823742  1.2015278   0.73569131]
17 [-0.52913067  1.24645787  0.42404426]
18 [-0.45759194  1.29419555  0.27872043]
19 [-0.66637625 -0.2001766   0.0529635 ]
20 [-1.33869078  0.10943563 -0.07452794]
21 [-1.73798855 -0.44543683 -0.32274233]
22 [-1.91521798 -0.27244024 -0.290981  ]
23 [-2.00626445  0.04758168 -0.20273197]
