-xyz
refined.xyz
-dens
../../cube_files/acrolein/16_SCAN_1_2_6_8_F/O.d.cube
-esp
../../cube_files/acrolein/16_SCAN_1_2_6_8_F/O.p.cube
-stepsize
0.2
-n_steps
1
-learning_rate
0.5
   3.8802536234254155        2.3209045042077463      -0.14737175557142310     
   3.6900938563337586        1.9867893944838755      -0.15042810506574306     
   4.9343190312676892       -1.2089468476578469       0.65050209420971872     
   4.7979091128168765       -1.0626647639042728       0.62798974580671640     
   2.8085231120663230      -0.22329995404546019       0.26869806629388726     
   3.0346131833722296      -0.98717680664389273       0.29807415999269848     
   3.9141950050655652       -7.2821300029635688E-002  0.33108295904722451     
   2.5618895553384147       0.74461946039500138       -8.7939970017848312E-002
   1.9194889127427828       -1.2150342736162063       -2.9592499711260101E-002
   1.2867270187917190       -5.3146681240919695E-002 -0.16395086924231017     
   1.5095813673882137      -0.17308273829233023        1.9881267326543692E-002
   1.4793749423812776      -0.67034443696047086       -2.6732989491416110E-003
  0.45556334005368271      -0.73395989600735256      -0.16057247697802204     
  0.42121025892061092      -0.70003622257312881      -0.20215133241206248     
   1.6467921896632181      -0.25311817436103495      -0.66160982922276435     
 -0.58767245175967153        2.6745407545201809       0.14790787163553043     
 -0.57643606097775335        2.6656885692523482      -0.47144421560040040     
 -0.46860026583661019        2.6974312408833963      -0.76203587352344004     
  -1.3061358523037809      -0.15136009709160705      -0.58428093147527416     
  -2.5746510197240440       0.12767540600903196        4.6062848931679216E-002
  -3.3845965893283840      -0.86016426345242802       0.62843384800904012     
  -3.7301544213162510      -0.55301810210781288       0.52737460737534803     
  -3.8607067824966488        5.9740516941925087E-002  0.25243393780938250     
First
                         Total        1.524019721E+01
Step size:       0.20
Step size in Bohr:       0.38
Learning Rate:       1.00
# Steps:          1
                         Error  1        1.519203502E+01
                         Error        1.519203502E+01
