-xyz
refined.xyz
-dens
../../cube_files/fbutone/2_SCAN_1_2_6_8_F/N.d.cube
-esp
../../cube_files/fbutone/2_SCAN_1_2_6_8_F/N.p.cube
-stepsize
0.2
-n_steps
1
-learning_rate
0.5
   5.4996428723772626       -2.2485604090885039      -0.20185213801141563     
   4.0842976695979809       -1.5351584704967249       0.20240404131610862     
   4.1480552992024178       -2.0463645865043145       0.98727398017321577     
   3.7949839348637924       -3.0630772949428282        1.8104371396754160     
   6.9615108198718909      -0.29059359548568348        1.3136219362047679     
   5.4367934872304344       -2.6501740231379949       -1.6219806652221542     
   5.2942251722979616       -2.1916917516117924      -0.89226104323326938     
   3.6086089831954573        2.7457184512153838       0.25854167986963489     
   2.5772164606965804        2.9281461555617385      -0.16133433274463632     
   3.1357516772613838        2.8816156877562551        6.1817908255405604E-002
   3.4566095237771846       0.14188888437936914      -0.10613236643316351     
   2.1486651817849025       0.64131055744965371      -0.50550472673799807     
  0.48556410136744999       -1.7073356545433902       -1.5894097589728249     
  0.85711601170327811       -1.5073228088866018       -1.4524304886119555     
  0.40922040517793279       -2.8286880822167468       -1.9359652967255254     
  0.36055679863129503       -2.5611436110913499       -1.8839488983914954     
   5.2448477562313613E-002  0.18550665845311864       -3.1719864906000734     
 -0.13484596684507030       0.81353942801155132       -2.9342595222752990     
   8.0049785422594527E-002  -7.7577864828176427E-002  -3.0880666596555479     
  -1.3633707994684099       0.70176264270907318       0.12828555062908109     
  -1.4501040867638495      -0.46593392232650449       0.66434723555175168     
  -1.8930562162810198      -0.72749577798677900        1.5855499500236903     
  -1.8303467042871591      -0.88630725137018995        1.9075805872814955     
  -3.3615571956881043      -0.92478991312961123      -0.68112316597463518     
  -4.5526633984629488       -1.5459573723559559       -1.3188898291658606     
  -4.0230368608299525       -1.3709827545557489       -1.2396424751053920     
  -4.3389472840479000       -1.3547924132011877       -1.0773457601782139     
  -2.8101706752797719        3.2285234362033539       0.41359923344661104     
  -2.5840813822686663        1.6528795518699231       0.32828613925069938     
  -2.6422281138336228        2.4749512620018015       0.31651617446967162     
First
                         Total        7.768726732E-01
Step size:       0.20
Step size in Bohr:       0.38
Learning Rate:       1.00
# Steps:          1
                         Error  1        7.564991871E-01
                         Error        7.564991871E-01
