atom_charge_dict:  {8: [0], 3: [1, 3, 4], 9: [2], 2: [5, 6, 7, 8], 7: [9], 6: [10, 11, 12, 13], 1: [14, 15, 16, 17], 4: [18], 0: [19, 20, 21, 22], 5: [23, 24]}
4
4 [18] [-0.2206207   0.05627832 -0.02907195]
0
0 [19, 20, 21, 22] [ 0.46716985 -0.2577189   0.17741128]
0 [19, 20, 21, 22] [ 0.19622648 -0.32146319 -0.20044195]
0 [19, 20, 21, 22] [-0.0692069  -0.45048225 -0.0723028 ]
0 [19, 20, 21, 22] [ 0.02137455 -0.31458367  0.10095506]
5
5 [23, 24] [ 0.12843867  0.17681755 -0.33405743]
5 [23, 24] [ 0.05513981  0.1122678  -0.17949616]
6
6 [10, 11, 12, 13] [-0.17456175 -0.22320859 -0.07052783]
6 [10, 11, 12, 13] [-0.02471474  0.06288669  0.07588673]
6 [10, 11, 12, 13] [0.1295429  0.47072126 0.06724743]
6 [10, 11, 12, 13] [-0.08516959 -0.04826973 -0.07773306]
1
1 [14, 15, 16, 17] [ 0.12466485  0.09458647 -0.08012352]
1 [14, 15, 16, 17] [-0.12098745 -0.27517997  0.00483548]
1 [14, 15, 16, 17] [0.25426477 0.30861038 0.07321296]
1 [14, 15, 16, 17] [-0.10330927  0.26260728  0.24295808]
2
2 [5, 6, 7, 8] [ 0.56195706 -0.04328544  0.05650146]
2 [5, 6, 7, 8] [-0.20426567 -0.17214638  0.44112242]
2 [5, 6, 7, 8] [ 0.29598193 -0.08748081 -0.09889404]
2 [5, 6, 7, 8] [-0.2545355  -0.15879911 -0.05898357]
7
7 [9] [ 0.03681224 -0.14293982  0.35574102]
2
3
3 [1, 3, 4] [-0.17528937 -0.51303185  0.13568804]
3 [1, 3, 4] [ 0.21884986 -0.19113348  0.44178211]
3 [1, 3, 4] [-0.04034311  0.18621143  0.47581068]
8
8 [0] [-0.09156746  0.08556731 -0.21932486]
3
9
9 [2] [ 0.39832586 -0.04624088  0.03657798]
RMSD using the Kabsch algorithm: 0.9924807776474631
1 [ 1.73114779  0.61018016 -1.54091902]
2 [ 1.78773822 -0.38630401 -0.1852123 ]
3 [ 3.38152627 -0.09528236  0.04035683]
4 [ 2.18187745 -0.06440564  0.12088176]
5 [1.92268448 0.31293927 0.15491034]
6 [ 1.48696216 -0.16821354  0.53922095]
7 [ 0.72073943 -0.29707449  0.92384192]
8 [ 1.22098703 -0.21240892  0.38382545]
9 [ 0.6704696  -0.28372722  0.42373592]
10 [ 1.1144013  -0.7041479   1.82343724]
11 [-1.29316837 -1.39988287 -0.24542877]
12 [-1.14332136 -1.11378758 -0.0990142 ]
13 [-0.98906373 -0.70595302 -0.10765351]
14 [-1.20377622 -1.224944   -0.25263399]
15 [-0.35350319  0.15868304 -0.00692035]
16 [-0.59915549 -0.21108341  0.07803865]
17 [-0.22390327  0.37270695  0.14641613]
18 [-0.58147731  0.32670384  0.31616125]
19 [-2.47669593  1.19171171 -0.29744036]
20 [-0.74290872  0.91160246  0.18678724]
21 [-1.01385209  0.84785817 -0.19106599]
22 [-1.27928547  0.71883911 -0.06292684]
23 [-1.18870402  0.85473769  0.11033102]
24 [-0.63024768  2.30578499 -0.10784802]
25 [-0.70354655  2.24123524  0.04671325]
