-xyz
refined.xyz
-dens
/home/unibas/boittier/RDKit_G2/B.pdb/SCAN_1_2_3_4_S_36_10.0/14_SCAN/B.d.cube
-esp
/home/unibas/boittier/RDKit_G2/B.pdb/SCAN_1_2_3_4_S_36_10.0/14_SCAN/B.p.cube
-stepsize
0.2
-n_steps
100
-learning_rate
0.5
  -3.9110203793572436        3.1072210307245629        5.4378980661496518E-002
  -3.5160449460988183      -0.44271766131705359       0.76460388631544784     
  -3.7608108958329498      -0.63343831473860535       0.10502102848335704     
  -6.3042986660857911      -0.93143069534678946       0.16666091726189092     
  -3.5370708895049447      -0.46188828891650541      -0.50533053708678732     
  -1.7768441345545873      -0.24037793231563617       0.16162186505023574     
  -1.4286702052237137       -6.8780345767075771E-002  0.14325676977505222     
  -1.9395993229155402       -2.6358086308026052        2.0126078580183994E-003
  -2.0230724148338739       -2.5716311610319198      -0.52672917965371269     
  -2.0653172765168137       -2.6057969669114578       0.51671643445624382     
   3.3285143272631785       -2.5113889407423486      -0.38185162591465760     
   2.6915160359413330       -1.8210881469853712      -0.26786915279004941     
  0.68141738331987234       0.79644553215928549      -0.70741088502721272     
  0.44458464583443791       0.80131872736914789      -0.47217034576272598     
   1.0996572945719501       0.86456608800176282       0.54129672700670994     
   1.4989215610358104      -0.38037593692361771      -0.25212127273045970     
   4.3060096366676843        3.1395465477943807       0.48192899175623377     
   2.0513827706155774        1.9312681959422697       0.29425893407334625     
   1.7983672521412624        2.1480966698812156      -0.34945605887837089     
   1.8692725358350715        2.0496248854950525       0.97896637738867809     
 -0.20993130312821376        4.2094044106867106       -7.3594352844558980E-002
First
                         Total        8.286269348E+00
Step size:       0.20
Step size in Bohr:       0.38
Learning Rate:       1.00
# Steps:        100
                         Error  1        8.237798108E+00
                         Error  2        8.189575886E+00
                         Error  3        8.141605021E+00
                         Error  4        8.093887847E+00
                         Error  5        8.046426699E+00
                         Error  6        7.999223912E+00
                         Error  7        7.952281815E+00
                         Error  8        7.905602734E+00
                         Error  9        7.859188987E+00
                         Error 10        7.813042888E+00
                         Error 11        7.767166742E+00
                         Error 12        7.721562842E+00
                         Error 13        7.676233473E+00
                         Error 14        7.631180907E+00
                         Error 15        7.586407400E+00
                         Error 16        7.541915195E+00
                         Error 17        7.497706517E+00
                         Error 18        7.453783574E+00
                         Error 19        7.410148551E+00
                         Error 20        7.366803615E+00
                         Error 21        7.323750907E+00
                         Error 22        7.280992544E+00
                         Error 23        7.238530616E+00
                         Error 24        7.196367187E+00
                         Error 25        7.154504287E+00
                         Error 26        7.112943917E+00
                         Error 27        7.071688042E+00
                         Error 28        7.030738595E+00
                         Error 29        6.990097468E+00
                         Error 30        6.949766516E+00
                         Error 31        6.909747551E+00
                         Error 32        6.870042346E+00
                         Error 33        6.830652624E+00
                         Error 34        6.791580067E+00
                         Error 35        6.752826303E+00
                         Error 36        6.714392914E+00
                         Error 37        6.676281429E+00
                         Error 38        6.638493320E+00
                         Error 39        6.601030008E+00
                         Error 40        6.563892852E+00
                         Error 41        6.527083155E+00
                         Error 42        6.490602155E+00
                         Error 43        6.454451032E+00
                         Error 44        6.418630897E+00
                         Error 45        6.383142797E+00
                         Error 46        6.347987711E+00
                         Error 47        6.313166549E+00
                         Error 48        6.278680147E+00
                         Error 49        6.244529272E+00
                         Error 50        6.210714616E+00
                         Error 51        6.177236795E+00
                         Error 52        6.144096349E+00
                         Error 53        6.111293742E+00
                         Error 54        6.078829355E+00
                         Error 55        6.046703493E+00
                         Error 56        6.014916378E+00
                         Error 57        5.983468149E+00
                         Error 58        5.952358866E+00
                         Error 59        5.921588501E+00
                         Error 60        5.891156944E+00
                         Error 61        5.861064001E+00
                         Error 62        5.831309391E+00
                         Error 63        5.801892748E+00
                         Error 64        5.772813620E+00
                         Error 65        5.744071469E+00
                         Error 66        5.715665672E+00
                         Error 67        5.687595516E+00
                         Error 68        5.659860207E+00
                         Error 69        5.632458860E+00
                         Error 70        5.605390510E+00
                         Error 71        5.578654101E+00
                         Error 72        5.552248497E+00
                         Error 73        5.526172477E+00
                         Error 74        5.500424735E+00
                         Error 75        5.475003884E+00
                         Error 76        5.449908457E+00
                         Error 77        5.425136904E+00
                         Error 78        5.400687598E+00
                         Error 79        5.376558832E+00
                         Error 80        5.352748824E+00
                         Error 81        5.329255718E+00
                         Error 82        5.306077580E+00
                         Error 83        5.283212409E+00
                         Error 84        5.260658130E+00
                         Error 85        5.238412601E+00
                         Error 86        5.216473613E+00
                         Error 87        5.194838891E+00
                         Error 88        5.173506099E+00
                         Error 89        5.152472837E+00
                         Error 90        5.131736650E+00
                         Error 91        5.111295024E+00
                         Error 92        5.091145390E+00
                         Error 93        5.071285127E+00
                         Error 94        5.051711565E+00
                         Error 95        5.032421986E+00
                         Error 96        5.013413625E+00
                         Error 97        4.994683674E+00
                         Error 98        4.976229287E+00
                         Error 99        4.958047577E+00
                         Error100        4.940135622E+00
                         Error        4.940135622E+00
