{0, 1, 2, 3, 4, 5, 6, 7, 8, 9, 10} {0, 1, 3, 5, 6, 7}
Something is wrong with Atoms?
atom_charge_dict:  {3: [0, 1, 2, 3, 6], 0: [4, 5, 8], 1: [7, 9, 10, 11, 12, 13, 14], 6: [15, 16, 17], 5: [18], 7: [19, 20, 21, 22]}
3
3 [0, 1, 2, 3, 6] [-0.39318074  1.32092318 -0.08261376]
3 [0, 1, 2, 3, 6] [-0.5110084   1.15856816 -0.11854626]
3 [0, 1, 2, 3, 6] [-0.09313586 -0.63677536  0.1526436 ]
3 [0, 1, 2, 3, 6] [-0.15512171 -0.55105273  0.14324072]
3 [0, 1, 2, 3, 6] [-0.5409233   0.04040426  0.0035341 ]
2
1
1 [7, 9, 10, 11, 12, 13, 14] [0.85858605 0.09327628 0.19919639]
1 [7, 9, 10, 11, 12, 13, 14] [ 0.15402413 -0.23694383  0.02791802]
1 [7, 9, 10, 11, 12, 13, 14] [ 0.25082095 -0.32567156  0.12929026]
1 [7, 9, 10, 11, 12, 13, 14] [ 0.20879584 -0.58195132  0.08154904]
1 [7, 9, 10, 11, 12, 13, 14] [-0.31814758 -0.53992585 -0.06678852]
1 [7, 9, 10, 11, 12, 13, 14] [-0.33139462 -0.51747956 -0.08817354]
1 [7, 9, 10, 11, 12, 13, 14] [ 0.36398711 -0.33389099 -0.22334198]
4
2
1
5
5 [18] [-0.02129613  0.51353418  0.08963437]
0
0 [4, 5, 8] [-0.15889957  0.54927398  0.01091545]
0 [4, 5, 8] [-0.09286621  0.13313941  0.0088247 ]
0 [4, 5, 8] [-0.67630002  0.10113617 -0.21783055]
6
6 [15, 16, 17] [-0.74074804  0.09727321  0.03850988]
6 [15, 16, 17] [-0.70690201  0.11021222 -0.28771412]
6 [15, 16, 17] [-0.63551746  0.12723974 -0.43466849]
7
7 [19, 20, 21, 22] [ 0.51204695  0.24155534 -0.19768772]
7 [19, 20, 21, 22] [ 0.09896265 -0.291338    0.11605462]
7 [19, 20, 21, 22] [-0.0864382  -0.12901304  0.07156751]
7 [19, 20, 21, 22] [-0.16425233  0.19667041 -0.06467944]
1
0
RMSD using the Kabsch algorithm: 0.7586094503119498
1 [2.15451917 1.03868451 0.22409617]
2 [2.03669151 0.87632949 0.18816367]
3 [ 2.45456405 -0.91901403  0.45935353]
4 [ 2.3925782  -0.8332914   0.44995065]
5 [ 1.43419255 -0.23975168  0.17733526]
6 [ 1.50022591 -0.65588626  0.17524452]
7 [ 2.00677661 -0.24183441  0.31024403]
8 [1.37223858 0.29763597 0.06625548]
9 [ 0.9167921  -0.68788949 -0.05141073]
10 [ 0.66767666 -0.03258413 -0.10502288]
11 [ 0.76447349 -0.12131187 -0.00365064]
12 [ 0.72244838 -0.37759163 -0.05139186]
13 [ 0.19550495 -0.33556616 -0.19972943]
14 [ 0.18225792 -0.31311987 -0.22111445]
15 [ 0.87763964 -0.1295313  -0.35628289]
16 [-0.1438602   1.51383876  0.07238303]
17 [-0.11001417  1.52677777 -0.25384097]
18 [-0.03862962  1.54380529 -0.40079534]
19 [-0.68762099  0.1126662  -0.44445128]
20 [-1.34956545  0.06359841  0.07972803]
21 [-1.76264976 -0.46929493  0.39347037]
22 [-1.94805061 -0.30696997  0.34898326]
23 [-2.02586474  0.01871348  0.21273631]
