-xyz
refined.xyz
-dens
../../cube_files/acrolein/15_SCAN_1_2_6_8_F/O.d.cube
-esp
../../cube_files/acrolein/15_SCAN_1_2_6_8_F/O.p.cube
-stepsize
0.2
-n_steps
1
-learning_rate
0.5
   4.0714511638034887        1.9628292571267949       0.42348038285458672     
   3.8487891610215690        1.6560227367334102       0.35557780723882015     
   4.6384538144165601       -1.7366848142031133       0.86805237050143458     
   4.5213175264918961       -1.5746925370465006       0.85028350109033002     
   2.7102311348392112      -0.45306501006135780       0.33511508094533132     
   2.8350160993409186       -1.2394453915235712       0.33116414449952036     
   3.7922581853029178      -0.45700080812233873       0.58627624127011224     
   2.5931550964227688       0.56245046941315013       0.12520471899512403     
   1.7324859857981185       -1.2999227494252781       -9.7152205596172075E-002
   1.2617260309041254       -6.1575091108057138E-002 -0.19846448605046785     
   1.4446455216331524      -0.22924620321211628       -6.8987128237128015E-003
   1.3652295695667669      -0.71354476266459999       -9.7116539647767355E-002
  0.36945081899658838      -0.63412813097172793      -0.37743391932052645     
  0.34441754868720770      -0.59171079465421283      -0.41784575113951361     
   1.6584985610732192      -0.24477867416955654      -0.67327707998649489     
 -0.27185637524259126        2.8607406555308192       0.13678409555462062     
 -0.20789664829156046        2.8851918485052157      -0.47968990766237485     
  -7.2999392880137265E-002   2.9173691908816251      -0.75739341875203281     
  -1.2994153495487761       0.21290825892126206      -0.83989118889221703     
  -2.5503090978503242       0.12018357830517380       0.15066414436822312     
  -3.3309252963894216      -0.88683888805407984       0.74355124004542761     
  -3.6812821251649512      -0.58008917888649025       0.65948279215086913     
  -3.8283295177355043        3.5363352577362422E-002  0.40201336015719868     
First
                         Total        1.661258185E+01
Step size:       0.20
Step size in Bohr:       0.38
Learning Rate:       1.00
# Steps:          1
                         Error  1        1.656289106E+01
                         Error        1.656289106E+01
