atom_charge_dict:  {6: [0, 1], 5: [2, 3], 0: [4, 5, 6, 7], 1: [8, 9, 10, 11, 14], 7: [12, 13], 4: [15, 16, 17], 2: [18], 3: [19, 20, 21, 22]}
3
3 [19, 20, 21, 22] [-0.28403921  0.35636501  0.21173365]
3 [19, 20, 21, 22] [-0.13689578 -0.22256116 -0.22206867]
3 [19, 20, 21, 22] [ 0.08195953 -0.18216395 -0.12124782]
3 [19, 20, 21, 22] [ 0.29225152 -0.00779693  0.09216983]
2
2 [18] [-0.23002525 -0.33581081 -0.37671355]
1
1 [8, 9, 10, 11, 14] [-0.51612222  0.18572951 -0.02694627]
1 [8, 9, 10, 11, 14] [0.08959669 0.32763248 0.29323043]
1 [8, 9, 10, 11, 14] [-0.04085732  0.38116686  0.19548751]
1 [8, 9, 10, 11, 14] [-0.17747216  0.19170991  0.06239535]
1 [8, 9, 10, 11, 14] [-0.15355006  0.19835088  0.49684237]
4
4 [15, 16, 17] [-0.11617378  0.12309225 -0.26245919]
4 [15, 16, 17] [-0.15516745 -0.09019643 -0.03872714]
4 [15, 16, 17] [-0.22392072 -0.1628094   0.09987836]
2
1
5
5 [2, 3] [-0.00262613 -0.00073638  0.0569725 ]
5 [2, 3] [ 0.08590344 -0.01598559  0.08443189]
0
0 [4, 5, 6, 7] [ 0.15683919  0.24546017 -0.0515515 ]
0 [4, 5, 6, 7] [-0.10607592  0.51971853 -0.21308743]
0 [4, 5, 6, 7] [-0.30657586 -0.07428516  0.03125177]
0 [4, 5, 6, 7] [ 0.55223071 -0.13025143  0.11571919]
6
6 [0, 1] [ 0.05929529 -0.15390895  0.043377  ]
6 [0, 1] [ 0.04642721  0.06147436 -0.07745738]
7
7 [12, 13] [-0.26498554  0.22272088 -0.09860966]
7 [12, 13] [ 0.16899524  0.33643798 -0.14085162]
1
0
RMSD using the Kabsch algorithm: 0.7662119167244739
1 [-1.22083256 -1.52852612  0.55897056]
2 [-1.23370064 -1.3131428   0.43813618]
3 [-2.61303987 -0.26953607 -0.08964181]
4 [-2.5245103  -0.28478528 -0.06218242]
5 [-1.40364716 -0.17426186  0.02887123]
6 [-1.66656227  0.0999965  -0.13266469]
7 [-1.86706221 -0.49400719  0.1116745 ]
8 [-1.00825564 -0.54997346  0.19614192]
9 [-1.16321732  0.71023123 -0.19802602]
10 [-0.55749841  0.8521342   0.12215068]
11 [-0.68795242  0.90566858  0.02440776]
12 [-0.82456726  0.71621163 -0.1086844 ]
13 [-1.20662215  1.72172798 -0.65674216]
14 [-0.77264136  1.83544507 -0.69898413]
15 [-0.80064516  0.7228526   0.32576262]
16 [1.05680419 1.31624986 0.59780798]
17 [1.01781052 1.10296118 0.82154003]
18 [0.94905725 1.03034821 0.96014553]
19 [ 0.54632927  0.0562903  -0.16157452]
20 [ 1.24678095 -0.14738927  0.03448264]
21 [ 1.39392438 -0.72631544 -0.39931968]
22 [ 1.61277969 -0.68591822 -0.29849883]
23 [ 1.82307168 -0.51155121 -0.08508118]
