-xyz
refined.xyz
-dens
../../cube_files/acrolein/12_SCAN_1_2_3_4_F/L.d.cube
-esp
../../cube_files/acrolein/12_SCAN_1_2_3_4_F/L.p.cube
-stepsize
0.2
-n_steps
100
-learning_rate
0.5
  -2.3070391790387914       -2.8884957334586012        1.0563012627016204     
  -2.3313563263377919       -2.4814802557192697       0.82795737958347848     
  -4.9379297110385902      -0.50934934821670919      -0.16939846112021970     
  -4.7706330623539026      -0.53816618378313341      -0.11750774690048521     
  -2.6525087070417048      -0.32930718722816144        5.4558726150660104E-002
  -3.1493462561353498       0.18896599674491910      -0.25069993739673602     
  -3.5282362449320290      -0.93353829881084727       0.21103422748568909     
  -1.9053270218128362       -1.0392992189490851       0.37065451690715850     
  -2.1981621609276285        1.3421425102742692      -0.37421493643019582     
  -1.0535193022120384        1.6103002576658756       0.23083133335127376     
  -1.3000416564035500        1.7114655739082834        4.6123983799231695E-002
  -1.5582062940697436        1.3534438289159350      -0.20538374683090677     
  -2.2801853971128385        3.2535943457307033       -1.2410628234787842     
  -1.4600805660596092        3.4684885036981199       -1.3208885712868472     
  -1.5130000669297106        1.3659934423638893       0.61560213250133689     
   1.9970704949864784        2.4873517453942426        1.1296933590201015     
   1.9233831319313017        2.0842945581645518        1.5524856594354794     
   1.7934582840485906        1.9470759298417399        1.8144120991506052     
   1.0324126946756709       0.10637324508854212      -0.30533159031686730     
   2.3560745299235952      -0.27852534930179118        6.5162746608534702E-002
   2.6341353155015592       -1.3725372633272275      -0.75460484114913196     
   3.0477119194842888       -1.2961975880928800      -0.56408103785714792     
   3.4451061901821043      -0.96669168871999800      -0.16078012901492547     
First
                         Total        8.009752302E-01
Step size:       0.20
Step size in Bohr:       0.38
Learning Rate:       1.00
# Steps:        100
                         Error  1        7.876828192E-01
                         Error  2        7.749298425E-01
                         Error  3        7.627003820E-01
                         Error  4        7.509785045E-01
                         Error  5        7.397482953E-01
                         Error  6        7.289938902E-01
                         Error  7        7.186995077E-01
                         Error  8        7.088494791E-01
                         Error  9        6.994282783E-01
                         Error 10        6.904205488E-01
                         Error 11        6.818111309E-01
                         Error 12        6.735850860E-01
                         Error 13        6.657277199E-01
                         Error 14        6.582246041E-01
                         Error 15        6.510615951E-01
                         Error 16        6.442248523E-01
                         Error 17        6.377008535E-01
                         Error 18        6.314764087E-01
                         Error 19        6.255386721E-01
                         Error 20        6.198751522E-01
                         Error 21        6.144737196E-01
                         Error 22        6.093226138E-01
                         Error 23        6.044104479E-01
                         Error 24        5.997262111E-01
                         Error 25        5.952592708E-01
                         Error 26        5.909993723E-01
                         Error 27        5.869366372E-01
                         Error 28        5.830615613E-01
                         Error 29        5.793650103E-01
                         Error 30        5.758382153E-01
                         Error 31        5.724727666E-01
                         Error 32        5.692606075E-01
                         Error 33        5.661940267E-01
                         Error 34        5.632656502E-01
                         Error 35        5.604684329E-01
                         Error 36        5.577956494E-01
                         Error 37        5.552408850E-01
                         Error 38        5.527980253E-01
                         Error 39        5.504612471E-01
                         Error 40        5.482250082E-01
                         Error 41        5.460840367E-01
                         Error 42        5.440333216E-01
                         Error 43        5.420681026E-01
                         Error 44        5.401838595E-01
                         Error 45        5.383763031E-01
                         Error 46        5.366413648E-01
                         Error 47        5.349751872E-01
                         Error 48        5.333741150E-01
                         Error 49        5.318346856E-01
                         Error 50        5.303536199E-01
                         Error 51        5.289278144E-01
                         Error 52        5.275543321E-01
                         Error 53        5.262303948E-01
                         Error 54        5.249533751E-01
                         Error 55        5.237207890E-01
                         Error 56        5.225302885E-01
                         Error 57        5.213796547E-01
                         Error 58        5.202667913E-01
                         Error 59        5.191897180E-01
                         Error 60        5.181465644E-01
                         Error 61        5.171355642E-01
                         Error 62        5.161550497E-01
                         Error 63        5.152034465E-01
                         Error 64        5.142792681E-01
                         Error 65        5.133811117E-01
                         Error 66        5.125076531E-01
                         Error 67        5.116576425E-01
                         Error 68        5.108299003E-01
                         Error 69        5.100233136E-01
                         Error 70        5.092368318E-01
                         Error 71        5.084694636E-01
                         Error 72        5.077202734E-01
                         Error 73        5.069883785E-01
                         Error 74        5.062729454E-01
                         Error 75        5.055731877E-01
                         Error 76        5.048883633E-01
                         Error 77        5.042177712E-01
                         Error 78        5.035607502E-01
                         Error 79        5.029166757E-01
                         Error 80        5.022849581E-01
                         Error 81        5.016650406E-01
                         Error 82        5.010563973E-01
                         Error 83        5.004585316E-01
                         Error 84        4.998709742E-01
                         Error 85        4.992932817E-01
                         Error 86        4.987250353E-01
                         Error 87        4.981658389E-01
                         Error 88        4.976153181E-01
                         Error 89        4.970731190E-01
                         Error 90        4.965389069E-01
                         Error 91        4.960123649E-01
                         Error 92        4.954931935E-01
                         Error 93        4.949811092E-01
                         Error 94        4.944758434E-01
                         Error 95        4.939771419E-01
                         Error 96        4.934847640E-01
                         Error 97        4.929984815E-01
                         Error 98        4.925180782E-01
                         Error 99        4.920433491E-01
                         Error100        4.915740999E-01
                         Error        4.915740999E-01
