-xyz
refined.xyz
-dens
/home/unibas/boittier/RDKit_G2/B.pdb/SCAN_1_2_3_4_S_36_10.0/17_SCAN/B.d.cube
-esp
/home/unibas/boittier/RDKit_G2/B.pdb/SCAN_1_2_3_4_S_36_10.0/17_SCAN/B.p.cube
-stepsize
0.2
-n_steps
1
-learning_rate
0.5
   3.8846284403388784        2.9135696464069283      -0.60629478502835810     
   3.1832180403285690       -2.6750013292699227E-003 -0.61183043531284820     
   2.9491888104877120       0.56413234051903738       0.22108183524149835     
   5.8655566814831133       -1.0360374495632068        4.2291725717030111E-002
   3.0528133708652185       0.40020638696162253       0.52122215974233532     
   1.2044245207440905      -0.63719117208215770      -0.12634981565206413     
   1.5639873283100332       -3.5245131741401781       0.49560505143316347     
   2.6410249083637352       -1.3022798068906092        8.8988353285958971E-002
   2.0025875731646727       -1.1075768465987581        2.8116303310974367E-002
  -2.4598896395202909      -0.86525669653347381      -0.22319724403470276     
  -2.5543712218141446       -1.0287240650600344      -0.26092616868138396     
  -3.3547027373311051       -2.2648759795181470      -0.14979211080106772     
  -2.8381775243370289       -1.7489550201071955       -9.6943146411629461E-002
 -0.43340648753742633       0.55318471834650140       -8.5516108441109559E-002
 -0.80966633751482486       0.48998219462020282      -0.41353003046266712     
  -1.0220053004760785       0.67445121222034987       0.83060687288434887     
  -1.5599057714110436      -0.32289582178338289       -3.4010239960402380E-002
  -1.4828060030380394        2.1135127448699484      -0.92148614657519268     
  -1.6496613851441468        1.9974583536246973       0.96642293715382899     
  -3.9494850360965712        3.0383589660836638       -6.2647965021792346E-002
   6.3900757419369011E-003   4.1375186513665794       0.22521387211579424     
First
                         Total        1.581122092E+00
Step size:       0.20
Step size in Bohr:       0.38
Learning Rate:       1.00
# Steps:          1
                         Error  1        1.540866063E+00
                         Error        1.540866063E+00
