Running in analysis mode

Reading "/home/unibas/boittier/RDKit_G2/B.pdb/SCAN_1_2_3_4_S_36_10.0/20_SCAN/B.p.cube"...

  B.pdb Potential
  Electrostatic potential from Total SCF Density
   10  -10.306443   -7.527125   -6.697690
  112    0.166667    0.000000    0.000000
  100    0.000000    0.166667    0.000000
   82    0.000000    0.000000    0.166667
    6    6.000000    1.647841    2.478139    0.109580
    6    6.000000    0.908125    0.078144    0.054922
    6    6.000000   -1.626491   -1.014373    0.243686
    6    6.000000   -3.793691    0.202894   -0.184938
    1    1.000000    3.621462    2.969791   -0.085232
    1    1.000000    0.280901    3.972265    0.371919
    9    9.000000    2.708055   -1.759014   -0.184563
    1    1.000000   -1.649572   -2.994970    0.779684
    1    1.000000   -3.846949    2.157691   -0.796769
    1    1.000000   -5.593047   -0.742475    0.051964
  1.17718E-03  1.22469E-03  1.27364E-03  1.32403E-03  1.37586E-03  1.42911E-03
       .            .            .            .            .            .
       .            .            .            .            .            .
       .            .            .            .            .            .
  4.44897E-04  4.06497E-04  3.69611E-04  3.34235E-04  3.00361E-04  2.67974E-04

764300 out of 918400 gridpoints are considered (83.2%).

...done!

Reading "21charges.cube"...

  Fitted ESP
  Electrostatic potential fitted from 21 point charges.
   10  -10.306443   -7.527125   -6.697690
  112    0.166667    0.000000    0.000000
  100    0.000000    0.166667    0.000000
   82    0.000000    0.000000    0.166667
    6    6.000000    1.647841    2.478139    0.109580
    6    6.000000    0.908125    0.078144    0.054922
    6    6.000000   -1.626491   -1.014373    0.243686
    6    6.000000   -3.793691    0.202894   -0.184938
    1    1.000000    3.621462    2.969791   -0.085232
    1    1.000000    0.280901    3.972265    0.371919
    9    9.000000    2.708055   -1.759014   -0.184563
    1    1.000000   -1.649572   -2.994970    0.779684
    1    1.000000   -3.846949    2.157691   -0.796769
    1    1.000000   -5.593047   -0.742475    0.051964
  9.20809E-04  9.58049E-04  9.96431E-04  1.03595E-03  1.07661E-03  1.11838E-03
       .            .            .            .            .            .
       .            .            .            .            .            .
       .            .            .            .            .            .
  8.22489E-04  7.77659E-04  7.34310E-04  6.92447E-04  6.52071E-04  6.13175E-04

764300 out of 918400 gridpoints are considered (83.2%).

...done!

                       Measure       RMSE[kcal/mol/e]   MaxError[kcal/mol/e]   NPoints
                         Total        1.515213090E+00        1.004171840E+01    764300
Close (  1.20 < r <   1.66 )          2.379383356E+00        1.004171840E+01    154854
Mid-range ( 1.66 < r <  2.20)         1.453165612E+00        4.722799416E+00    280171
Far-range (  2.20         < r)        9.326236558E-01        2.874365481E+00    329275
Did analysis and wrote slice data
