-xyz
refined.xyz
-dens
/home/unibas/boittier/RDKit_G2/B.pdb/SCAN_1_2_3_4_S_36_-10.0/20_SCAN_1_2_3_4_F/B.d.cube
-esp
/home/unibas/boittier/RDKit_G2/B.pdb/SCAN_1_2_3_4_S_36_-10.0/20_SCAN_1_2_3_4_F/B.p.cube
-stepsize
0.2
-n_steps
500
-learning_rate
0.5
   3.6537862102286405        2.4854068033151684      -0.94671461513207167     
   3.4317812535536532      -0.67165085278405190      -0.85956945442703858     
   6.3440659420702463       -1.0137114486605070        6.3006942521462800E-002
   4.0059649616016637      -0.72349346239768797       0.15548140787834050     
   3.6237603867352872      -0.22211639148894680       0.55544703111621896     
   2.4854745879067712       -1.4952799324124881       0.10558723655118225     
   1.4011555674105083       -1.2505709733940324        1.0930668055582249     
   1.9617813635602761       -1.2164028837068614        8.7936679179182756E-002
   1.0070665354639829       -1.1427007491411509       0.24171552125360934     
   1.5871395826179697       -3.8061899959340768        1.1724370477917445     
  -2.9233956580906244       -1.8698327107308199      -0.19698506670348201     
  -2.5228047548964598       -1.5342914180786851       -5.0877174824005347E-002
  -2.0212777515927338      -0.87988051569791736       -5.5331903103337958E-002
  -2.6985222169486707       -1.6473363424497931      -0.22670856144189119     
 -0.59112487566311267       0.17039703321666308       -6.9022697758616802E-002
  -1.1308928931335329      -0.29705841065840644       0.12503827101496653     
 -0.22818960940186986       0.47182297023951181       0.13259733767478515     
 -0.77378283631033506       0.55743810041921082       0.46872585713138964     
  -3.9669873550831216        3.2101796086228509      -0.11278112856206439     
 -0.82584001868091117        1.7306633521211365       0.27548382552478728     
  -1.4263619458958514        1.7557085756530102      -0.23479279615002416     
  -1.8526526620880222        1.6293929694412332       -5.2091392958520952E-003
  -1.5828573306099036        1.8102323254823984       0.26424705069968729     
 -0.12183984201608833        4.1680697423590392      -0.24420513313817080     
 -0.13028589318239225        4.1019516414515484        3.7199742201787324E-002
First
                         Total        4.478128549E-01
Step size:       0.20
Step size in Bohr:       0.38
Learning Rate:       1.00
# Steps:        500
                         Error  1        4.466846417E-01
                         Error  2        4.456491220E-01
                         Error  3        4.446979369E-01
                         Error  4        4.438234625E-01
                         Error  5        4.430187490E-01
                         Error  6        4.422774659E-01
                         Error  7        4.415938495E-01
                         Error  8        4.409626554E-01
                         Error  9        4.403791133E-01
                         Error 10        4.398388864E-01
                         Error 11        4.393380333E-01
                         Error 12        4.388729732E-01
                         Error 13        4.384404538E-01
                         Error 14        4.380375220E-01
                         Error 15        4.376614971E-01
                         Error 16        4.373099460E-01
                         Error 17        4.369806609E-01
                         Error 18        4.366716385E-01
                         Error 19        4.363810614E-01
                         Error 20        4.361072814E-01
                         Error 21        4.358488032E-01
                         Error 22        4.356042709E-01
                         Error 23        4.353724546E-01
                         Error 24        4.351522392E-01
                         Error 25        4.349426133E-01
                         Error 26        4.347426597E-01
                         Error 27        4.345515467E-01
                         Error 28        4.343685200E-01
                         Error 29        4.341928955E-01
                         Error 30        4.340240527E-01
                         Error 31        4.338614288E-01
                         Error 32        4.337045132E-01
                         Error 33        4.335528427E-01
                         Error 34        4.334059970E-01
                         Error 35        4.332635946E-01
                         Error 36        4.331252894E-01
                         Error 37        4.329907669E-01
                         Error 38        4.328597419E-01
                         Error 39        4.327319551E-01
                         Error 40        4.326071711E-01
                         Error 41        4.324851759E-01
                         Error 42        4.323657751E-01
                         Error 43        4.322487918E-01
                         Error 44        4.321340651E-01
                         Error 45        4.320214489E-01
                         Error 46        4.319108098E-01
                         Error 47        4.318020265E-01
                         Error 48        4.316949886E-01
                         Error 49        4.315895953E-01
                         Error 50        4.314857548E-01
                         Error 51        4.313833831E-01
                         Error 52        4.312824037E-01
                         Error 53        4.311827467E-01
                         Error 54        4.310843480E-01
                         Error 55        4.309871491E-01
                         Error 56        4.308910964E-01
                         Error 57        4.307961407E-01
                         Error 58        4.307022368E-01
                         Error 59        4.306093434E-01
                         Error 60        4.305174222E-01
                         Error 61        4.304264383E-01
                         Error 62        4.303363593E-01
                         Error 63        4.302471553E-01
                         Error 64        4.301587988E-01
                         Error 65        4.300712643E-01
                         Error 66        4.299845280E-01
                         Error 67        4.298985682E-01
                         Error 68        4.298133642E-01
                         Error 69        4.297288972E-01
                         Error 70        4.296451495E-01
                         Error 71        4.295621045E-01
                         Error 72        4.294797466E-01
                         Error 73        4.293980615E-01
                         Error 74        4.293170353E-01
                         Error 75        4.292366554E-01
                         Error 76        4.291569095E-01
                         Error 77        4.290777863E-01
                         Error 78        4.289992749E-01
                         Error 79        4.289213650E-01
                         Error 80        4.288440469E-01
                         Error 81        4.287673113E-01
                         Error 82        4.286911492E-01
                         Error 83        4.286155524E-01
                         Error 84        4.285405126E-01
                         Error 85        4.284660220E-01
                         Error 86        4.283920732E-01
                         Error 87        4.283186590E-01
                         Error 88        4.282457724E-01
                         Error 89        4.281734068E-01
                         Error 90        4.281015556E-01
                         Error 91        4.280302126E-01
                         Error 92        4.279593717E-01
                         Error 93        4.278890271E-01
                         Error 94        4.278191729E-01
                         Error 95        4.277498035E-01
                         Error 96        4.276809135E-01
                         Error 97        4.276124977E-01
                         Error 98        4.275445507E-01
                         Error 99        4.274770675E-01
                         Error100        4.274100431E-01
                         Error101        4.273434727E-01
                         Error102        4.272773514E-01
                         Error103        4.272116747E-01
                         Error104        4.271464379E-01
                         Error105        4.270816364E-01
                         Error106        4.270172659E-01
                         Error107        4.269533220E-01
                         Error108        4.268898003E-01
                         Error109        4.268266967E-01
                         Error110        4.267640070E-01
                         Error111        4.267017271E-01
                         Error112        4.266398530E-01
                         Error113        4.265783806E-01
                         Error114        4.265173061E-01
                         Error115        4.264566255E-01
                         Error116        4.263963350E-01
                         Error117        4.263364309E-01
                         Error118        4.262769094E-01
                         Error119        4.262177668E-01
                         Error120        4.261589995E-01
                         Error121        4.261006040E-01
                         Error122        4.260425765E-01
                         Error123        4.259849138E-01
                         Error124        4.259276121E-01
                         Error125        4.258706683E-01
                         Error126        4.258140787E-01
                         Error127        4.257578402E-01
                         Error128        4.257019493E-01
                         Error129        4.256464029E-01
                         Error130        4.255911976E-01
                         Error131        4.255363302E-01
                         Error132        4.254817976E-01
                         Error133        4.254275966E-01
                         Error134        4.253737242E-01
                         Error135        4.253201772E-01
                         Error136        4.252669526E-01
                         Error137        4.252140474E-01
                         Error138        4.251614586E-01
                         Error139        4.251091834E-01
                         Error140        4.250572186E-01
                         Error141        4.250055616E-01
                         Error142        4.249542093E-01
                         Error143        4.249031591E-01
                         Error144        4.248524080E-01
                         Error145        4.248019534E-01
                         Error146        4.247517924E-01
                         Error147        4.247019224E-01
                         Error148        4.246523407E-01
                         Error149        4.246030446E-01
                         Error150        4.245540314E-01
                         Error151        4.245052987E-01
                         Error152        4.244568438E-01
                         Error153        4.244086641E-01
                         Error154        4.243607571E-01
                         Error155        4.243131204E-01
                         Error156        4.242657514E-01
                         Error157        4.242186477E-01
                         Error158        4.241718068E-01
                         Error159        4.241252264E-01
                         Error160        4.240789041E-01
                         Error161        4.240328375E-01
                         Error162        4.239870243E-01
                         Error163        4.239414622E-01
                         Error164        4.238961489E-01
                         Error165        4.238510821E-01
                         Error166        4.238062596E-01
                         Error167        4.237616792E-01
                         Error168        4.237173387E-01
                         Error169        4.236732358E-01
                         Error170        4.236293686E-01
                         Error171        4.235857347E-01
                         Error172        4.235423322E-01
                         Error173        4.234991588E-01
                         Error174        4.234562127E-01
                         Error175        4.234134916E-01
                         Error176        4.233709937E-01
                         Error177        4.233287168E-01
                         Error178        4.232866590E-01
                         Error179        4.232448183E-01
                         Error180        4.232031928E-01
                         Error181        4.231617805E-01
                         Error182        4.231205795E-01
                         Error183        4.230795880E-01
                         Error184        4.230388041E-01
                         Error185        4.229982259E-01
                         Error186        4.229578515E-01
                         Error187        4.229176793E-01
                         Error188        4.228777073E-01
                         Error189        4.228379338E-01
                         Error190        4.227983570E-01
                         Error191        4.227589751E-01
                         Error192        4.227197866E-01
                         Error193        4.226807895E-01
                         Error194        4.226419823E-01
                         Error195        4.226033633E-01
                         Error196        4.225649308E-01
                         Error197        4.225266831E-01
                         Error198        4.224886186E-01
                         Error199        4.224507358E-01
                         Error200        4.224130330E-01
                         Error201        4.223755086E-01
                         Error202        4.223381611E-01
                         Error203        4.223009889E-01
                         Error204        4.222639905E-01
                         Error205        4.222271644E-01
                         Error206        4.221905090E-01
                         Error207        4.221540229E-01
                         Error208        4.221177046E-01
                         Error209        4.220815526E-01
                         Error210        4.220455656E-01
                         Error211        4.220097420E-01
                         Error212        4.219740804E-01
                         Error213        4.219385795E-01
                         Error214        4.219032378E-01
                         Error215        4.218680540E-01
                         Error216        4.218330267E-01
                         Error217        4.217981545E-01
                         Error218        4.217634362E-01
                         Error219        4.217288704E-01
                         Error220        4.216944558E-01
                         Error221        4.216601911E-01
                         Error222        4.216260749E-01
                         Error223        4.215921062E-01
                         Error224        4.215582834E-01
                         Error225        4.215246056E-01
                         Error226        4.214910713E-01
                         Error227        4.214576794E-01
                         Error228        4.214244286E-01
                         Error229        4.213913179E-01
                         Error230        4.213583458E-01
                         Error231        4.213255114E-01
                         Error232        4.212928135E-01
                         Error233        4.212602508E-01
                         Error234        4.212278223E-01
                         Error235        4.211955267E-01
                         Error236        4.211633631E-01
                         Error237        4.211313302E-01
                         Error238        4.210994271E-01
                         Error239        4.210676525E-01
                         Error240        4.210360055E-01
                         Error241        4.210044849E-01
                         Error242        4.209730898E-01
                         Error243        4.209418189E-01
                         Error244        4.209106715E-01
                         Error245        4.208796463E-01
                         Error246        4.208487424E-01
                         Error247        4.208179588E-01
                         Error248        4.207872944E-01
                         Error249        4.207567484E-01
                         Error250        4.207263197E-01
                         Error251        4.206960074E-01
                         Error252        4.206658104E-01
                         Error253        4.206357279E-01
                         Error254        4.206057590E-01
                         Error255        4.205759026E-01
                         Error256        4.205461579E-01
                         Error257        4.205165239E-01
                         Error258        4.204869998E-01
                         Error259        4.204575847E-01
                         Error260        4.204282776E-01
                         Error261        4.203990777E-01
                         Error262        4.203699842E-01
                         Error263        4.203409961E-01
                         Error264        4.203121127E-01
                         Error265        4.202833330E-01
                         Error266        4.202546563E-01
                         Error267        4.202260816E-01
                         Error268        4.201976083E-01
                         Error269        4.201692355E-01
                         Error270        4.201409623E-01
                         Error271        4.201127881E-01
                         Error272        4.200847119E-01
                         Error273        4.200567330E-01
                         Error274        4.200288507E-01
                         Error275        4.200010642E-01
                         Error276        4.199733727E-01
                         Error277        4.199457755E-01
                         Error278        4.199182718E-01
                         Error279        4.198908609E-01
                         Error280        4.198635420E-01
                         Error281        4.198363145E-01
                         Error282        4.198091777E-01
                         Error283        4.197821307E-01
                         Error284        4.197551730E-01
                         Error285        4.197283038E-01
                         Error286        4.197015224E-01
                         Error287        4.196748282E-01
                         Error288        4.196482204E-01
                         Error289        4.196216985E-01
                         Error290        4.195952617E-01
                         Error291        4.195689094E-01
                         Error292        4.195426410E-01
                         Error293        4.195164557E-01
                         Error294        4.194903530E-01
                         Error295        4.194643323E-01
                         Error296        4.194383928E-01
                         Error297        4.194125341E-01
                         Error298        4.193867554E-01
                         Error299        4.193610561E-01
                         Error300        4.193354358E-01
                         Error301        4.193098937E-01
                         Error302        4.192844293E-01
                         Error303        4.192590420E-01
                         Error304        4.192337312E-01
                         Error305        4.192084963E-01
                         Error306        4.191833368E-01
                         Error307        4.191582521E-01
                         Error308        4.191332417E-01
                         Error309        4.191083050E-01
                         Error310        4.190834414E-01
                         Error311        4.190586504E-01
                         Error312        4.190339316E-01
                         Error313        4.190092842E-01
                         Error314        4.189847079E-01
                         Error315        4.189602021E-01
                         Error316        4.189357662E-01
                         Error317        4.189113999E-01
                         Error318        4.188871025E-01
                         Error319        4.188628735E-01
                         Error320        4.188387125E-01
                         Error321        4.188146190E-01
                         Error322        4.187905924E-01
                         Error323        4.187666324E-01
                         Error324        4.187427384E-01
                         Error325        4.187189099E-01
                         Error326        4.186951465E-01
                         Error327        4.186714477E-01
                         Error328        4.186478131E-01
                         Error329        4.186242421E-01
                         Error330        4.186007344E-01
                         Error331        4.185772895E-01
                         Error332        4.185539069E-01
                         Error333        4.185305862E-01
                         Error334        4.185073270E-01
                         Error335        4.184841288E-01
                         Error336        4.184609913E-01
                         Error337        4.184379139E-01
                         Error338        4.184148963E-01
                         Error339        4.183919380E-01
                         Error340        4.183690387E-01
                         Error341        4.183461979E-01
                         Error342        4.183234153E-01
                         Error343        4.183006903E-01
                         Error344        4.182780227E-01
                         Error345        4.182554121E-01
                         Error346        4.182328579E-01
                         Error347        4.182103600E-01
                         Error348        4.181879178E-01
                         Error349        4.181655310E-01
                         Error350        4.181431992E-01
                         Error351        4.181209221E-01
                         Error352        4.180986993E-01
                         Error353        4.180765303E-01
                         Error354        4.180544150E-01
                         Error355        4.180323528E-01
                         Error356        4.180103435E-01
                         Error357        4.179883867E-01
                         Error358        4.179664820E-01
                         Error359        4.179446291E-01
                         Error360        4.179228276E-01
                         Error361        4.179010773E-01
                         Error362        4.178793778E-01
                         Error363        4.178577287E-01
                         Error364        4.178361297E-01
                         Error365        4.178145805E-01
                         Error366        4.177930808E-01
                         Error367        4.177716302E-01
                         Error368        4.177502284E-01
                         Error369        4.177288752E-01
                         Error370        4.177075701E-01
                         Error371        4.176863130E-01
                         Error372        4.176651034E-01
                         Error373        4.176439411E-01
                         Error374        4.176228258E-01
                         Error375        4.176017572E-01
                         Error376        4.175807350E-01
                         Error377        4.175597588E-01
                         Error378        4.175388285E-01
                         Error379        4.175179437E-01
                         Error380        4.174971041E-01
                         Error381        4.174763094E-01
                         Error382        4.174555594E-01
                         Error383        4.174348539E-01
                         Error384        4.174141924E-01
                         Error385        4.173935748E-01
                         Error386        4.173730007E-01
                         Error387        4.173524700E-01
                         Error388        4.173319823E-01
                         Error389        4.173115374E-01
                         Error390        4.172911350E-01
                         Error391        4.172707749E-01
                         Error392        4.172504568E-01
                         Error393        4.172301804E-01
                         Error394        4.172099455E-01
                         Error395        4.171897519E-01
                         Error396        4.171695993E-01
                         Error397        4.171494875E-01
                         Error398        4.171294162E-01
                         Error399        4.171093851E-01
                         Error400        4.170893942E-01
                         Error401        4.170694430E-01
                         Error402        4.170495314E-01
                         Error403        4.170296591E-01
                         Error404        4.170098260E-01
                         Error405        4.169900317E-01
                         Error406        4.169702761E-01
                         Error407        4.169505589E-01
                         Error408        4.169308800E-01
                         Error409        4.169112390E-01
                         Error410        4.168916359E-01
                         Error411        4.168720703E-01
                         Error412        4.168525420E-01
                         Error413        4.168330509E-01
                         Error414        4.168135967E-01
                         Error415        4.167941792E-01
                         Error416        4.167747983E-01
                         Error417        4.167554536E-01
                         Error418        4.167361451E-01
                         Error419        4.167168725E-01
                         Error420        4.166976355E-01
                         Error421        4.166784341E-01
                         Error422        4.166592680E-01
                         Error423        4.166401371E-01
                         Error424        4.166210410E-01
                         Error425        4.166019797E-01
                         Error426        4.165829530E-01
                         Error427        4.165639606E-01
                         Error428        4.165450023E-01
                         Error429        4.165260781E-01
                         Error430        4.165071877E-01
                         Error431        4.164883309E-01
                         Error432        4.164695076E-01
                         Error433        4.164507175E-01
                         Error434        4.164319605E-01
                         Error435        4.164132365E-01
                         Error436        4.163945452E-01
                         Error437        4.163758865E-01
                         Error438        4.163572602E-01
                         Error439        4.163386661E-01
                         Error440        4.163201041E-01
                         Error441        4.163015740E-01
                         Error442        4.162830757E-01
                         Error443        4.162646089E-01
                         Error444        4.162461735E-01
                         Error445        4.162277694E-01
                         Error446        4.162093964E-01
                         Error447        4.161910544E-01
                         Error448        4.161727431E-01
                         Error449        4.161544625E-01
                         Error450        4.161362123E-01
                         Error451        4.161179924E-01
                         Error452        4.160998028E-01
                         Error453        4.160816431E-01
                         Error454        4.160635134E-01
                         Error455        4.160454133E-01
                         Error456        4.160273429E-01
                         Error457        4.160093019E-01
                         Error458        4.159912901E-01
                         Error459        4.159733076E-01
                         Error460        4.159553540E-01
                         Error461        4.159374293E-01
                         Error462        4.159195334E-01
                         Error463        4.159016661E-01
                         Error464        4.158838272E-01
                         Error465        4.158660166E-01
                         Error466        4.158482342E-01
                         Error467        4.158304799E-01
                         Error468        4.158127536E-01
                         Error469        4.157950550E-01
                         Error470        4.157773841E-01
                         Error471        4.157597407E-01
                         Error472        4.157421247E-01
                         Error473        4.157245360E-01
                         Error474        4.157069745E-01
                         Error475        4.156894400E-01
                         Error476        4.156719325E-01
                         Error477        4.156544517E-01
                         Error478        4.156369976E-01
                         Error479        4.156195700E-01
                         Error480        4.156021689E-01
                         Error481        4.155847941E-01
                         Error482        4.155674455E-01
                         Error483        4.155501229E-01
                         Error484        4.155328264E-01
                         Error485        4.155155556E-01
                         Error486        4.154983107E-01
                         Error487        4.154810913E-01
                         Error488        4.154638974E-01
                         Error489        4.154467290E-01
                         Error490        4.154295858E-01
                         Error491        4.154124679E-01
                         Error492        4.153953750E-01
                         Error493        4.153783070E-01
                         Error494        4.153612640E-01
                         Error495        4.153442456E-01
                         Error496        4.153272520E-01
                         Error497        4.153102829E-01
                         Error498        4.152933382E-01
                         Error499        4.152764179E-01
                         Error500        4.152595218E-01
                         Error        4.152595218E-01
