-xyz
refined.xyz
-dens
/home/unibas/boittier/RDKit_G2/B.pdb/SCAN_1_2_3_4_S_36_10.0/18_SCAN/B.d.cube
-esp
/home/unibas/boittier/RDKit_G2/B.pdb/SCAN_1_2_3_4_S_36_10.0/18_SCAN/B.p.cube
-stepsize
0.2
-n_steps
0
-learning_rate
0.5
  -3.9083551965858394        2.9583182307917872        8.7579945776237289E-002
  -3.1998237195605301        7.1529810017188056E-002  0.55260926565626567     
  -2.9488099586815890       0.52119857365653355      -0.34438711731745236     
  -5.8646721286193735       -1.0547563508536779        2.0079697516501328E-002
  -3.0454809150021513       0.31751979272109609      -0.62163450224874661     
  -1.1933131709302303      -0.64896776754345220       0.23809707992736756     
  -1.5496709220428195       -3.5594846189861253       -3.1230105191527482E-002
  -2.6360256815884311       -1.3156389245579094        7.4742226946655180E-002
  -1.9961389570955537       -1.1194260392963551       0.11027091627759893     
   2.4719966433554044      -0.86458926829323257       0.15926225609902170     
   2.5684891553213069       -1.0285662238243842       0.18883696650103701     
   3.3654276385117599       -2.2593270093156708        1.2561771143461778E-002
   2.8459123905633477       -1.7440046532309501       -4.4839001178705084E-003
  0.43783736059376943       0.55047466726971217       0.14819577433448058     
  0.82910727949832463       0.48108688074720463       0.45685236105725185     
  0.98289434937837972       0.69427764497562072      -0.79132601701833560     
   1.5626141629450070      -0.32060359883642942        2.4483679788553318E-002
   1.5372816346775591        2.0813878611940897       0.97218582892111682     
   1.5913142731973535        2.0331355818773083      -0.92526029462397075     
   3.9482836151606566        3.0412314177929791        1.5600235888238350E-003
  -1.7080077242618872E-002   4.1424798603847632       -1.0686038758026361E-002
First
                         Total        1.597365168E+00
Step size:       0.20
Step size in Bohr:       0.38
Learning Rate:       1.00
# Steps:          0
                         Error        1.597365168E+00
                         Error        1.597365168E+00
                         Error        1.597365168E+00
                         Error        1.597365168E+00
                         Error        1.597365168E+00
