-xyz
refined.xyz
-dens
/home/unibas/boittier/RDKit_G2/B.pdb/SCAN_1_2_3_4_S_36_-10.0/31_SCAN_1_2_3_4_F/B.d.cube
-esp
/home/unibas/boittier/RDKit_G2/B.pdb/SCAN_1_2_3_4_S_36_-10.0/31_SCAN_1_2_3_4_F/B.p.cube
-stepsize
0.2
-n_steps
50
-learning_rate
0.5
  -3.3250112708907968        2.0537296616446286       -1.8698412180379360     
  -3.5259230124541356       -6.6333693384086631E-003  0.57229437725854593     
  -6.2516549768015635      -0.98655812987081826      -0.20109211055781973     
  -3.9472498531158204      -0.90691206934169966       -5.3979998883047137E-002
  -3.4138487249995522      -0.87371162580199757      -0.66273889227156590     
  -2.6351877270379185       -1.3856425338835134       0.52111500571696057     
  -1.4752092756241206      -0.79651187055807138        1.5042967384653414     
  -2.1364359633550918       -1.1402453957804324       0.38534580722903200     
  -1.3089947571514156      -0.57107645725037715       0.59757389960326646     
  -1.8322839581303898       -3.4709722586596832        2.0872765229278016     
   1.3334004491574396        2.9856829811554619       0.21108236139579709     
   1.2447582488815419        2.3545035766220619       0.36277255943916026     
   1.2956577141436025        1.5271122743006897       0.20942279183113313     
   1.2868628119062764        2.6276078383034966       0.13607183351799498     
  0.84328657098751025      -0.38992849042949584        2.8696734012453387E-003
  0.96786398941684793       0.36215334848096359       0.31752397745696803     
  0.75516752369496831      -0.89712827954256502       0.18616094360098606     
   1.3055616796817084      -0.62686472901355961       0.59554861504228485     
   5.2322127742903675      -0.50926706777654551      -0.83096489022950404     
   2.0323033162900495       -1.4602846375664953       -2.0278160510987298E-002
   2.4348656670370987      -0.98112959028013258      -0.63221834332804605     
   2.7959738955755840      -0.65866329318173866      -0.31437276362671074     
   2.7539227915960933       -1.0143375043881611       -8.3994674793161944E-002
   2.7993015598219788       -3.7520165567936785       -1.2149804456663056     
   2.9070558330558933       -3.6533771278394238      -0.91271558941880082     
First
                         Total        5.755349730E-01
Step size:       0.20
Step size in Bohr:       0.38
Learning Rate:       1.00
# Steps:         50
                         Error  1        5.740379936E-01
                         Error  2        5.726014061E-01
                         Error  3        5.712211215E-01
                         Error  4        5.698933469E-01
                         Error  5        5.686145648E-01
                         Error  6        5.673815139E-01
                         Error  7        5.661911711E-01
                         Error  8        5.650407345E-01
                         Error  9        5.639276073E-01
                         Error 10        5.628493835E-01
                         Error 11        5.618038338E-01
                         Error 12        5.607888927E-01
                         Error 13        5.598026466E-01
                         Error 14        5.588433229E-01
                         Error 15        5.579092792E-01
                         Error 16        5.569989939E-01
                         Error 17        5.561110571E-01
                         Error 18        5.552441627E-01
                         Error 19        5.543971000E-01
                         Error 20        5.535687471E-01
                         Error 21        5.527580640E-01
                         Error 22        5.519640867E-01
                         Error 23        5.511859211E-01
                         Error 24        5.504227380E-01
                         Error 25        5.496737683E-01
                         Error 26        5.489382982E-01
                         Error 27        5.482156651E-01
                         Error 28        5.475052538E-01
                         Error 29        5.468064931E-01
                         Error 30        5.461188521E-01
                         Error 31        5.454418371E-01
                         Error 32        5.447749894E-01
                         Error 33        5.441178820E-01
                         Error 34        5.434701174E-01
                         Error 35        5.428313256E-01
                         Error 36        5.422011617E-01
                         Error 37        5.415793040E-01
                         Error 38        5.409654527E-01
                         Error 39        5.403593275E-01
                         Error 40        5.397606670E-01
                         Error 41        5.391692264E-01
                         Error 42        5.385847769E-01
                         Error 43        5.380071041E-01
                         Error 44        5.374360073E-01
                         Error 45        5.368712980E-01
                         Error 46        5.363127994E-01
                         Error 47        5.357603452E-01
                         Error 48        5.352137790E-01
                         Error 49        5.346729538E-01
                         Error 50        5.341377307E-01
                         Error        5.341377307E-01
