-xyz
global_fitted_global.xyz
-dens
/home/unibas/boittier/RDKit_G2/B.pdb/SCAN_1_2_3_4_S_36_10.0/5_SCAN/B.d.cube
-esp
/home/unibas/boittier/RDKit_G2/B.pdb/SCAN_1_2_3_4_S_36_10.0/5_SCAN/B.p.cube
-stepsize
0.2
-n_steps
0
-learning_rate
0.5
   3.4357405435274506        2.3617816949898325        1.8725762769444492     
   3.1506497685362258       0.15880840476134558      -0.16983414588276075     
   2.6960660678817701       0.10384036932312060       0.75480830178544900     
   5.7855987079619595       -1.0486515063770334       0.17262080002490934     
   2.7512503926686382      -0.21409449924059462       0.90787577513793483     
   1.0632275724529809       -1.0452985380021709      -0.26875915063304723     
   1.7437354565656085       -3.2395596314828543       -1.8228976909396335     
   2.5267272575854802       -1.5621928452313083      -0.64597270192538025     
   1.9355304501972057       -1.2622470307144786      -0.52649362006027689     
  -1.5051535585472957        1.6198296510519419       -3.4248518811085026E-003
  -1.4701057320742674        1.8066794144262681        1.5251946932705009E-002
  -1.2829448461730453        3.2544609200850685      -0.21026090606717152     
  -1.2384652693739955        2.5231881723860456      -0.22528112853411514     
 -0.91790109375812212      -0.78193147659031159       -6.5677290244440259E-002
  -1.1225273423999433      -0.46695870768841757       0.26833753820487161     
  -1.5612638919504165      -0.54449784746512642      -0.92580755274998772     
  -1.2042108627744519       0.61267482604876844      -0.16902900120269590     
  -2.4605320833797188       -1.1621436727240770        1.2594759486046494     
  -2.9290344316052099       -1.1864420576872392      -0.58015345167080601     
  -5.0850700638922843      -0.36923864556061703       0.87463631982513035     
  -2.8144423241455612       -3.7846144424603048       0.47356320958852777     
First
                         Total        4.643317823E-01
Step size:       0.20
Step size in Bohr:       0.38
Learning Rate:       1.00
# Steps:          0
                         Error        4.643317823E-01
