-xyz
refined.xyz
-dens
/home/unibas/boittier/RDKit_G2/B.pdb/SCAN_1_2_3_4_S_36_10.0/9_SCAN/B.d.cube
-esp
/home/unibas/boittier/RDKit_G2/B.pdb/SCAN_1_2_3_4_S_36_10.0/9_SCAN/B.p.cube
-stepsize
0.2
-n_steps
100
-learning_rate
0.5
   3.8728145095501136       -2.9724202143366645      -0.95718342488153574     
   3.5409092730188632       0.20464413050969643       0.75660808433885807     
   3.7737279902653400       0.59020682773096012       0.18348407023029539     
   6.3059770800560813       0.90968396952461406       0.26472372644936126     
   3.5340496656252811       0.61946229622558890      -0.44398421872623783     
   1.7795766254942937        1.2187924775605492E-002  0.14199503639770150     
   1.4227653783269849      -0.14043785953411322       0.12201511251871122     
   2.0608249027483332        2.4031499901771545       0.14415060456426740     
   2.1271920379134275        2.3725638199050727      -0.38999756974670002     
   2.1981522982892305        2.3306555575351817       0.65160649093463574     
  -3.2587062239767204        2.5308889247137429        1.7297890992880462E-002
  -2.6428441072182709        1.8128710541722552        3.8231211630894095E-002
 -0.73645564874302138      -0.83969830470261331      -0.72009701502831147     
 -0.49393596747930701      -0.87006757512554667      -0.49269095419533859     
  -1.1269183463093109      -0.97423811130627069       0.53348548324494738     
  -1.4939490234419228       0.33679884664162574      -0.16313155584142550     
  -4.5026426812658897       -2.9585158341774460      -0.21932285173823318     
  -2.1718377103661268       -1.8931033396862211      -0.11567278931644208     
  -1.9066941794238501       -2.0055290993104582      -0.78084929853991336     
  -2.0459295317766246       -2.1552896674200146       0.55577740769308570     
   3.0242554948980489E-002  -4.3219993944212893      -0.28987090331760468     
First
                         Total        5.760677046E+00
Step size:       0.20
Step size in Bohr:       0.38
Learning Rate:       1.00
# Steps:        100
                         Error  1        5.750028396E+00
                         Error  2        5.739445598E+00
                         Error  3        5.728927810E+00
                         Error  4        5.718474204E+00
                         Error  5        5.708083965E+00
                         Error  6        5.697756294E+00
                         Error  7        5.687490405E+00
                         Error  8        5.677285529E+00
                         Error  9        5.667140907E+00
                         Error 10        5.657055796E+00
                         Error 11        5.647029466E+00
                         Error 12        5.637061199E+00
                         Error 13        5.627150293E+00
                         Error 14        5.617296055E+00
                         Error 15        5.607497809E+00
                         Error 16        5.597754887E+00
                         Error 17        5.588066638E+00
                         Error 18        5.578432420E+00
                         Error 19        5.568851603E+00
                         Error 20        5.559323572E+00
                         Error 21        5.549847719E+00
                         Error 22        5.540423451E+00
                         Error 23        5.531050185E+00
                         Error 24        5.521727349E+00
                         Error 25        5.512454382E+00
                         Error 26        5.503230734E+00
                         Error 27        5.494055865E+00
                         Error 28        5.484929246E+00
                         Error 29        5.475850358E+00
                         Error 30        5.466818691E+00
                         Error 31        5.457833747E+00
                         Error 32        5.448895036E+00
                         Error 33        5.440002078E+00
                         Error 34        5.431154402E+00
                         Error 35        5.422351547E+00
                         Error 36        5.413593060E+00
                         Error 37        5.404878498E+00
                         Error 38        5.396207426E+00
                         Error 39        5.387579417E+00
                         Error 40        5.378994053E+00
                         Error 41        5.370450925E+00
                         Error 42        5.361949630E+00
                         Error 43        5.353489775E+00
                         Error 44        5.345070975E+00
                         Error 45        5.336692849E+00
                         Error 46        5.328355028E+00
                         Error 47        5.320057148E+00
                         Error 48        5.311798852E+00
                         Error 49        5.303579791E+00
                         Error 50        5.295399622E+00
                         Error 51        5.287258009E+00
                         Error 52        5.279154624E+00
                         Error 53        5.271089143E+00
                         Error 54        5.263061250E+00
                         Error 55        5.255070635E+00
                         Error 56        5.247116994E+00
                         Error 57        5.239200029E+00
                         Error 58        5.231319448E+00
                         Error 59        5.223474964E+00
                         Error 60        5.215666297E+00
                         Error 61        5.207893170E+00
                         Error 62        5.200155315E+00
                         Error 63        5.192452465E+00
                         Error 64        5.184784362E+00
                         Error 65        5.177150751E+00
                         Error 66        5.169551382E+00
                         Error 67        5.161986011E+00
                         Error 68        5.154454396E+00
                         Error 69        5.146956303E+00
                         Error 70        5.139491501E+00
                         Error 71        5.132059761E+00
                         Error 72        5.124660864E+00
                         Error 73        5.117294589E+00
                         Error 74        5.109960723E+00
                         Error 75        5.102659056E+00
                         Error 76        5.095389381E+00
                         Error 77        5.088151497E+00
                         Error 78        5.080945204E+00
                         Error 79        5.073770308E+00
                         Error 80        5.066626617E+00
                         Error 81        5.059513943E+00
                         Error 82        5.052432101E+00
                         Error 83        5.045380912E+00
                         Error 84        5.038360195E+00
                         Error 85        5.031369777E+00
                         Error 86        5.024409486E+00
                         Error 87        5.017479153E+00
                         Error 88        5.010578612E+00
                         Error 89        5.003707700E+00
                         Error 90        4.996866257E+00
                         Error 91        4.990054126E+00
                         Error 92        4.983271152E+00
                         Error 93        4.976517181E+00
                         Error 94        4.969792066E+00
                         Error 95        4.963095658E+00
                         Error 96        4.956427813E+00
                         Error 97        4.949788388E+00
                         Error 98        4.943177243E+00
                         Error 99        4.936594240E+00
                         Error100        4.930039242E+00
                         Error        4.930039242E+00
