-xyz
refined.xyz
-dens
/home/unibas/boittier/RDKit_G2/B.pdb/SCAN_1_2_3_4_S_36_10.0/25_SCAN/B.d.cube
-esp
/home/unibas/boittier/RDKit_G2/B.pdb/SCAN_1_2_3_4_S_36_10.0/25_SCAN/B.p.cube
-stepsize
0.2
-n_steps
0
-learning_rate
0.5
  -3.3716072594284139        1.8541709848824142       -2.7817956484536177     
  -3.1777073974342538       0.64070740895938039       -1.8009569728514932E-002
  -2.7808322322341552       0.18272742665951947      -0.85619621676572155     
  -5.9268117833027913      -0.31259194188473799       0.19156362807978419     
  -2.8762022558093379      -0.16130117990150483      -0.87185854486433301     
  -1.1665162158845788      -0.18405283517220858       0.92266635879864656     
  -1.9589982327605946       -1.9758001850622577        2.8105448358650813     
  -2.7130565637020312      -0.50352103433526341        1.1649629751456749     
  -2.0597840747537002      -0.45658267942506331        1.0226652228372239     
   2.2201795861361253       -1.1886021673087388      -0.16147151259659423     
   2.2826735192826728       -1.3707042496742161      -0.15877888856971625     
   2.7132293088270560       -2.7305191983701653      -0.54150727657382380     
   2.3342702158946032       -2.1166603278512897      -0.41776936237830181     
  0.61811791837199581       0.62548457711309335       0.37938409216702279     
   1.0526734787167626       0.45748949223016094       0.56942308636043548     
  0.90927184547296691       0.70308640999289584      -0.67402701472060411     
   1.4491871291417340      -0.45585250388719256       -4.3982140888048943E-002
   2.1913889746989610        1.7693846565533509        1.0469648612769753     
   1.7755254762465893        1.9454908822656616      -0.79737614519695665     
   4.4485313201678744        2.3647495963759058      -0.44927250947553432     
  0.91385355288920334        4.1841149656041772       0.65391005492680099     
First
                         Total        1.536054762E+00
Step size:       0.20
Step size in Bohr:       0.38
Learning Rate:       1.00
# Steps:          0
                         Error        1.536054762E+00
                         Error        1.536054762E+00
                         Error        1.536054762E+00
                         Error        1.536054762E+00
                         Error        1.536054762E+00
