-xyz
refined.xyz
-dens
/home/unibas/boittier/RDKit_G2/B.pdb/SCAN_1_2_3_4_S_36_10.0/24_SCAN/B.d.cube
-esp
/home/unibas/boittier/RDKit_G2/B.pdb/SCAN_1_2_3_4_S_36_10.0/24_SCAN/B.p.cube
-stepsize
0.2
-n_steps
0
-learning_rate
0.5
  -3.6966862908281528        2.3242385406010544       -2.7517870888598948     
  -3.6795256212244483       0.36733373603129049       0.36457279109421703     
  -3.8506291991734352      -0.21220469210900494       -3.2634448285667701E-002
  -6.4070643991197924      -0.38205166023567244       -4.0518931858131262E-002
  -3.5173035514480482      -0.54149039676540611      -0.50885234200683771     
  -1.3123478467755048       -1.5357007214401606       0.41903570915027682     
 -0.90501265118841023       -1.5669014722996351       0.32205607743409098     
  -2.2264688922819049       -1.6055948325157565        1.5578104406833269     
  -2.1755292184037280       -1.9828461569411790        1.1883921298432625     
  -2.3706181117169192       -1.2777654584587439        1.9321684829225028     
   1.5436880910595641        3.2773960763887158       0.58724786048233379     
   1.3906724672531126        2.4593542789100238       0.42782847154000175     
   1.3774163126447880      -0.81989316247206789       0.59969293492508213     
   1.1844307996700421       -1.1144837185717953       0.39192065572441420     
   1.4241325691925488      -0.64083713880599169      -0.71201047000380657     
   1.2765550304092568       0.45244053297733933       0.18390254090150671     
   5.4213162187893928      -0.51470029883333179       -1.0891763949206079     
   2.9979278058368592       -1.0097468362099455      -0.52572565412871530     
   2.9435263553276849       -1.1662699880298062       0.16702394822642125     
   2.7561885410334859       -1.0879342968421302       -1.1822577615880820     
   2.4608919561014737       -4.1784244932315051      -0.51818109198222284     
First
                         Total        7.457042219E+00
Step size:       0.20
Step size in Bohr:       0.38
Learning Rate:       1.00
# Steps:          0
                         Error        7.457042219E+00
