-xyz
refined.xyz
-dens
/home/unibas/boittier/RDKit_G2/B.pdb/SCAN_1_2_3_4_S_36_-10.0/24_SCAN_1_2_3_4_F/B.d.cube
-esp
/home/unibas/boittier/RDKit_G2/B.pdb/SCAN_1_2_3_4_S_36_-10.0/24_SCAN_1_2_3_4_F/B.p.cube
-stepsize
0.2
-n_steps
50
-learning_rate
0.5
   3.3663028523861724        1.8797315089827076       -2.3481099349684480     
   3.3972480651958792      -0.77575052800236866      -0.65973112938182676     
   6.3675661928044347      -0.50936367031900076        7.7456328280443437E-002
   4.0704959521679953      -0.40965616321295800       0.24942112100399100     
   3.6775311595436908       0.25780569254718411       0.38493253579926545     
   2.7504044958643927      -0.92296176531331309       0.71937562136132038     
   1.3349489523115590      -0.94092912931399020        1.5785677367664011     
   2.2102579691327882      -0.84259242938231182       0.55686766745519234     
   1.1883639459459476      -0.89015714891994047       0.60518497394067949     
   1.9482709942345529       -2.5768491988198492        2.7786958863363949     
  -2.8119420560414845       -2.3532130421014941      -0.51218733967565067     
  -2.4360164910118955       -1.8844358448475156      -0.25098998982223192     
  -2.0402941721302024       -1.1538430441801775      -0.21998560559385566     
  -2.5872466665025877       -2.0558756887429319      -0.53472979258409870     
 -0.63387313189179195       0.25734675795159467       -2.5341784319267275E-002
  -1.1747843343602586      -0.36624777909560807       0.12384345589740228     
 -0.32517238470928106       0.60472066027553839       0.25029883449497187     
 -0.97372125607774584       0.59946062522633448       0.60555730527073270     
  -4.3343724100751144        2.7948139572248385      -0.31631803793671270     
  -1.1490207037022229        1.7473320328181188       0.42060147292922873     
  -1.6878390568076775        1.7349645173326105      -0.26080037289696367     
  -2.1979247307173688        1.5605465557422116       -1.7127814700875085E-002
  -1.9826270445587180        1.7567712232476054       0.30808583837749304     
 -0.57883713246013935        4.3474902059940055        3.7375365565191492E-002
 -0.73658839043611657        4.2330731979900751       0.29707563395999881     
First
                         Total        5.957924477E-01
Step size:       0.20
Step size in Bohr:       0.38
Learning Rate:       1.00
# Steps:         50
                         Error  1        5.952643655E-01
                         Error  2        5.947530670E-01
                         Error  3        5.942571832E-01
                         Error  4        5.937754670E-01
                         Error  5        5.933067829E-01
                         Error  6        5.928500962E-01
                         Error  7        5.924044648E-01
                         Error  8        5.919690302E-01
                         Error  9        5.915430106E-01
                         Error 10        5.911256934E-01
                         Error 11        5.907164295E-01
                         Error 12        5.903146271E-01
                         Error 13        5.899197472E-01
                         Error 14        5.895312979E-01
                         Error 15        5.891488312E-01
                         Error 16        5.887719381E-01
                         Error 17        5.884002458E-01
                         Error 18        5.880334140E-01
                         Error 19        5.876711320E-01
                         Error 20        5.873131165E-01
                         Error 21        5.869591084E-01
                         Error 22        5.866088711E-01
                         Error 23        5.862621885E-01
                         Error 24        5.859188628E-01
                         Error 25        5.855787132E-01
                         Error 26        5.852415741E-01
                         Error 27        5.849072940E-01
                         Error 28        5.845757341E-01
                         Error 29        5.842467670E-01
                         Error 30        5.839202760E-01
                         Error 31        5.835961539E-01
                         Error 32        5.832743022E-01
                         Error 33        5.829546304E-01
                         Error 34        5.826370552E-01
                         Error 35        5.823214998E-01
                         Error 36        5.820078937E-01
                         Error 37        5.816961716E-01
                         Error 38        5.813862731E-01
                         Error 39        5.810781427E-01
                         Error 40        5.807717286E-01
                         Error 41        5.804669832E-01
                         Error 42        5.801638620E-01
                         Error 43        5.798623239E-01
                         Error 44        5.795623304E-01
                         Error 45        5.792638459E-01
                         Error 46        5.789668369E-01
                         Error 47        5.786712724E-01
                         Error 48        5.783771231E-01
                         Error 49        5.780843617E-01
                         Error 50        5.777929625E-01
                         Error        5.777929625E-01
