-xyz
global_fitted_global.xyz
-dens
/home/unibas/boittier/RDKit_G2/B.pdb/SCAN_1_2_3_4_S_36_10.0/17_SCAN/B.d.cube
-esp
/home/unibas/boittier/RDKit_G2/B.pdb/SCAN_1_2_3_4_S_36_10.0/17_SCAN/B.p.cube
-stepsize
0.2
-n_steps
0
-learning_rate
0.5
   3.8846712069527438        2.9066847961199977      -0.61035492527347102     
   3.1848418218658785        1.5574793401349783E-002 -0.59429662389706583     
   2.9435466999299829       0.54158406969957618       0.20133284955356087     
   5.8630885453403119       -1.0423799099346371        3.4797548379198233E-002
   3.0538555571763046       0.41840191183774694       0.53573904465836275     
   1.1995839642799082      -0.65897469239509210      -0.11987518716698858     
   1.5644749954219077       -3.5311814354765283       0.48795605074527648     
   2.6322775286858637       -1.3290061906042028        9.6532335036162334E-002
   2.0066318085871142       -1.0791411247500382        1.8883581209740118E-002
  -2.4535718600554222      -0.88122591033919473      -0.21970520881915362     
  -2.5517251430869750       -1.0125156631475765      -0.26186072374433567     
  -3.3478992822013853       -2.2731140130681178      -0.14919667385826788     
  -2.8375208453055505       -1.7321039835154817       -9.8609075695323525E-002
 -0.43771400970081842       0.53165186283376453       -7.8925219185816228E-002
 -0.80354884204828325       0.50786419140423977      -0.41714697442618459     
  -1.0200519023898271       0.68832520239856498       0.82637936350768260     
  -1.5578768123963809      -0.34205908184508871       -3.0124088308686348E-002
  -1.4774855217151799        2.1204815739155323      -0.92306357153222163     
  -1.6473715686766930        2.0046013766464452       0.96504169365105685     
  -3.9502189486494594        3.0355603896464305       -6.3332474192966365E-002
   1.1665523196411085E-003   4.1336550116553328       0.22716474798698685     
First
                         Total        6.196128634E-01
Step size:       0.20
Step size in Bohr:       0.38
Learning Rate:       1.00
# Steps:          0
                         Error        6.196128634E-01
