-xyz
refined.xyz
-dens
/home/unibas/boittier/RDKit_G2/B.pdb/SCAN_1_2_3_4_S_36_10.0/10_SCAN_1_2_3_4_F/B.d.cube
-esp
/home/unibas/boittier/RDKit_G2/B.pdb/SCAN_1_2_3_4_S_36_10.0/10_SCAN_1_2_3_4_F/B.p.cube
-stepsize
0.2
-n_steps
5
-learning_rate
0.5
   3.2635503235827565        1.1515356596592383       -2.9095682668569531     
   3.3926554079184572      -0.74288362519191076      -0.35439343819121633     
   6.3859322831399137      -0.17250825788341881        8.3363782995214519E-002
   4.1150044236424348      -0.10238353457289313       0.24507364005715848     
   3.6407017347385700       0.57517498815325319       0.27501041456624886     
   2.8134004312507819      -0.29373242892603307        1.0049499815586371     
   1.3680754595990954      -0.56370841971051677        1.7621188384768367     
   2.3142316071287037      -0.41756635885550086       0.73887017713465597     
   1.2636263419350786      -0.52905476061122325       0.79328929428230421     
   2.1081635903902693       -1.3136236116078126        3.4445917694766512     
  -2.4550093681087999       -2.6600304114733162      -0.46233691870474652     
  -2.1655764253029859       -2.1010219072024370      -0.19110953958143492     
  -1.8821497150756408       -1.3422146427036368      -0.20158997825333996     
  -2.2811255180361512       -2.3136250033202779      -0.48552751379548009     
 -0.66821526598445891       0.30080983960577856       -1.3791620215383263E-002
  -1.1404463227115313      -0.40124782573937712       0.14826573586789946     
 -0.42182037520849502       0.71431624892724677       0.27239375038479069     
  -1.0991537162522786       0.61956842032287773       0.60714861184891600     
  -4.6830296598964178        2.2490331821730729      -0.56178249770825439     
  -1.4018234561154241        1.7293430318576783       0.35052286927418108     
  -1.9196460912374396        1.6029060663670271      -0.36526252312136820     
  -2.4238430670694973        1.3597388135157327      -0.12019582412086888     
  -2.2516540869242405        1.6172778661972365       0.21193193921932446     
  -1.2014299488235762        4.3578253927545125      -0.20617366121282121     
  -1.3156065600814317        4.2432840383392438        8.7143600809404254E-002
First
                         Total        9.386740708E-01
Step size:       0.20
Step size in Bohr:       0.38
Learning Rate:       1.00
# Steps:          5
                         Error  1        9.303043687E-01
                         Error  2        9.223253247E-01
                         Error  3        9.147147588E-01
                         Error  4        9.074515593E-01
                         Error  5        9.005156611E-01
                         Error        9.005156611E-01
