-xyz
refined.xyz
-dens
/home/unibas/boittier/RDKit_G2/B.pdb/SCAN_1_2_3_4_S_36_10.0/28_SCAN_1_2_3_4_F/B.d.cube
-esp
/home/unibas/boittier/RDKit_G2/B.pdb/SCAN_1_2_3_4_S_36_10.0/28_SCAN_1_2_3_4_F/B.p.cube
-stepsize
0.2
-n_steps
1
-learning_rate
0.5
  -4.1875005230366940        1.4221131792746049      -0.75643807378796291     
  -3.1450977705308079       -1.3937687268205721       0.44384087049552662     
  -5.3115009694076090       -2.9674735047935101      -0.98367652890802626     
  -3.3170188595961556       -1.9738817105832889      -0.52369806859960422     
  -2.8435963763561314       -1.5077040435621578      -0.99945751158528706     
  -1.6181817841611252       -2.2217801703565456      -0.22586910988884176     
  -1.4364331621715472       -1.1640577921385449       0.99434913744298536     
  -1.3925502737233921       -1.6843185071679656      -0.27249738627740649     
 -0.94707874332530362      -0.86535251565534088       0.20015745734831758     
  -3.9481500455073822E-002  -4.0028948066155063       0.38648179949105382     
 -0.15562989202635666        3.5820172961142203       0.41847184918732677     
  -4.2442753952015910E-002   2.9286693463259272       0.59819456338959842     
  0.42139009432025620        2.2543413965832668       0.60609523748922001     
  -2.3138391119934241E-002   3.2221288137880277       0.35617620650224024     
  0.93982148623457118       0.31576686740312249       0.48749321679119167     
  0.59675232254785870        1.0578137549179747       0.73212885139389838     
   1.0382003382737219      -0.20412214470318377       0.70847194586249151     
   1.1506452829194735       0.27608403019265643        1.2826521716581294     
   5.3267754079272285       -6.6566345440099636E-002  -1.0015850694986372     
   2.3285575824260589      -0.11733678149893238        1.2709260063053449     
   2.7828871366644039      -0.86777262298275781       0.29006204575782152     
   3.0109075223454278      -0.21774127493652504      -0.18580079933346971     
   2.9945168314548436       -2.0592380835414672E-002  0.24355328141877444     
   4.0764012757888830       -1.3213761276984173        2.6714938590319575     
   4.0482472673806269      -0.99355754127727225        2.6288924631337145     
First
                         Total        3.488257029E+00
Step size:       0.20
Step size in Bohr:       0.38
Learning Rate:       1.00
# Steps:          1
                         Error  1        3.468066737E+00
                         Error        3.468066737E+00
