-xyz
refined.xyz
-dens
/home/unibas/boittier/RDKit_G2/B.pdb/SCAN_1_2_3_4_S_36_10.0/15_SCAN/B.d.cube
-esp
/home/unibas/boittier/RDKit_G2/B.pdb/SCAN_1_2_3_4_S_36_10.0/15_SCAN/B.p.cube
-stepsize
0.2
-n_steps
10
-learning_rate
0.5
  -3.9594576668358381        3.0644632928604967        4.7373852685037618E-002
  -3.5033731859540693      -0.48642161213938678       0.77092259493355997     
  -3.7596095607038791      -0.64869682262518313       0.11358453738384096     
  -6.2905617035059009       -1.0036549584794723       0.18416933576484265     
  -3.5263408520865709      -0.51850598460865815      -0.49930657964318492     
  -1.7524133341871309      -0.30146345320465273       0.16126131822698775     
  -1.4438352028356070       -2.7911437339955998E-002  0.14194034347597692     
  -1.9391877398820674       -2.6080830718763779        2.0375379993711171E-002
  -1.9726222891771288       -2.6076470655217188      -0.50904382336328247     
  -2.0120223229878396       -2.6343559480873981       0.53317462737381427     
   3.3471220212113040       -2.4481314808697907      -0.38107632379339346     
   2.7487164652408071       -1.8393499323180258      -0.27061014345569812     
  0.69130829758742884       0.74320281090498663      -0.72625977301369016     
  0.41223227051879291       0.88560508684483219      -0.48367617254459344     
   1.1013948181459154       0.86501135859417322       0.52663692635045067     
   1.4707975735823768      -0.27665560310863696      -0.25956684678169534     
   4.3254264045798330        3.1651628874235946       0.49218455521504950     
   2.0536659608394898        2.0438765769948462       0.31182564873181046     
   1.8181345323946041        2.1081978157894987      -0.35724582927698906     
   1.9034415949250429        2.0246824845878995        1.0010742981953387     
 -0.28316932057120986        4.2320267261324771      -0.11481783529204319     
First
                         Total        7.917693554E+00
Step size:       0.20
Step size in Bohr:       0.38
Learning Rate:       1.00
# Steps:         10
                         Error  1        7.876024778E+00
                         Error  2        7.834566584E+00
                         Error  3        7.793320648E+00
                         Error  4        7.752288642E+00
                         Error  5        7.711472233E+00
                         Error  6        7.670873080E+00
                         Error  7        7.630492837E+00
                         Error  8        7.590333149E+00
                         Error  9        7.550395653E+00
                         Error 10        7.510681975E+00
                         Error        7.510681975E+00
