-xyz
refined.xyz
-dens
/home/unibas/boittier/RDKit_G2/B.pdb/SCAN_1_2_3_4_S_36_10.0/29_SCAN/B.d.cube
-esp
/home/unibas/boittier/RDKit_G2/B.pdb/SCAN_1_2_3_4_S_36_10.0/29_SCAN/B.p.cube
-stepsize
0.2
-n_steps
0
-learning_rate
0.5
   3.4576509321995883        1.3209113271932107       -3.3763301795370797     
   3.4900690549008195      -0.89695630840410268      -0.48627077281681136     
   3.8007801808414436      -0.38230621692174072       -8.4389329294017490E-002
   6.3581210984933216      -0.49088473918079117      -0.17090330269576195     
   3.5807503672395127       0.21119251056732946       0.12930364349169074     
   1.7208599244085285       0.35982323907344071       0.74924943461495341     
   1.3661664304167456       0.57079526283569837       0.67189422861344017     
   2.3117097310183010       -1.2549670409974152        1.9336774190711088     
   2.3661336843465994      -0.79088262461160819        2.1847690125413828     
   2.3570561813849977       -1.7233444097058956        1.7169716746425268     
  -2.7414688541888688       -2.8600097544492531      -0.25273605813051875     
  -2.2886533072822752       -2.1436985831260782      -0.18125340022663886     
  -1.0774855048377496       0.78146805028703803       0.85776751943193852     
 -0.77620497491829432        1.0108228451526040       0.70342133603520163     
  -1.1264289337688020       0.87616595788660867      -0.46262868542466329     
  -1.4544322510843624      -0.33208765658552730       0.20985354306003356     
  -4.8407121165237230        2.3773728081958909      -0.75042156037908880     
  -2.4436738555960331        1.7842948112444044      -0.16919417227623104     
  -2.3665693454535548        1.7787794419576322       0.53889162877731600     
  -2.1592097395977494        1.8807473943787807      -0.80587511685431612     
 -0.72902589870712897        4.4392933506562455       0.41385613265835069     
First
                         Total        6.995246607E+00
Step size:       0.20
Step size in Bohr:       0.38
Learning Rate:       1.00
# Steps:          0
                         Error        6.995246607E+00
