Running in analysis mode

Reading "/home/unibas/boittier/RDKit_G2/B.pdb/SCAN_1_2_3_4_S_36_10.0/27_SCAN/B.p.cube"...

  B.pdb Potential
  Electrostatic potential from Total SCF Density
   10  -10.191843   -6.906028   -7.146925
  116    0.166667    0.000000    0.000000
   94    0.000000    0.166667    0.000000
   89    0.000000    0.000000    0.166667
    6    6.000000    2.447888    2.072312   -0.092511
    6    6.000000    0.935684    0.091219    0.131282
    6    6.000000   -1.735398    0.018197    0.947103
    6    6.000000   -3.679091    0.226265   -0.634173
    1    1.000000    4.411081    1.848447   -0.621194
    1    1.000000    1.713482    3.951157    0.228432
    9    9.000000    1.903222   -2.279979   -0.227959
    1    1.000000   -2.056739   -0.379953    2.938332
    1    1.000000   -3.399725    0.562249   -2.636835
    1    1.000000   -5.611595    0.089954    0.032696
  4.52178E-04  4.65141E-04  4.78283E-04  4.91606E-04  5.05114E-04  5.18812E-04
       .            .            .            .            .            .
       .            .            .            .            .            .
       .            .            .            .            .            .
  6.88498E-04  6.65710E-04  6.43890E-04  6.23014E-04  6.03057E-04  5.83991E-04

815792 out of 970456 gridpoints are considered (84.1%).

...done!

Reading "21charges.cube"...

  Fitted ESP
  Electrostatic potential fitted from 21 point charges.
   10  -10.191843   -6.906028   -7.146925
  116    0.166667    0.000000    0.000000
   94    0.000000    0.166667    0.000000
   89    0.000000    0.000000    0.166667
    6    6.000000    2.447888    2.072312   -0.092511
    6    6.000000    0.935684    0.091219    0.131282
    6    6.000000   -1.735398    0.018197    0.947103
    6    6.000000   -3.679091    0.226265   -0.634173
    1    1.000000    4.411081    1.848447   -0.621194
    1    1.000000    1.713482    3.951157    0.228432
    9    9.000000    1.903222   -2.279979   -0.227959
    1    1.000000   -2.056739   -0.379953    2.938332
    1    1.000000   -3.399725    0.562249   -2.636835
    1    1.000000   -5.611595    0.089954    0.032696
  2.74321E-04  2.73506E-04  2.72469E-04  2.71213E-04  2.69747E-04  2.68078E-04
       .            .            .            .            .            .
       .            .            .            .            .            .
       .            .            .            .            .            .
  8.69460E-04  8.37739E-04  8.07146E-04  7.77661E-04  7.49261E-04  7.21921E-04

815792 out of 970456 gridpoints are considered (84.1%).

...done!

                       Measure       RMSE[kcal/mol/e]   MaxError[kcal/mol/e]   NPoints
                         Total        1.429704450E+00        1.002615804E+01    815792
Close (  1.20 < r <   1.66 )          2.360760719E+00        1.002615804E+01    156459
Mid-range ( 1.66 < r <  2.20)         1.402478303E+00        4.451725366E+00    278087
Far-range (  2.20         < r)        8.074543061E-01        2.540208531E+00    381246
Did analysis and wrote slice data
