-xyz
refined.xyz
-dens
/home/unibas/boittier/RDKit_G2/B.pdb/SCAN_1_2_3_4_S_36_-10.0/28_SCAN_1_2_3_4_F/B.d.cube
-esp
/home/unibas/boittier/RDKit_G2/B.pdb/SCAN_1_2_3_4_S_36_-10.0/28_SCAN_1_2_3_4_F/B.p.cube
-stepsize
0.2
-n_steps
0
-learning_rate
0.5
  -3.1667212379013288       0.24940163446290084       -3.1071219217814221     
  -3.4432964807180739       0.59987374370818258        6.5802539716470210E-002
  -6.3636941299000300      -0.27372930371007487        4.9261722709588431E-002
  -4.0902703363660615      -0.32804254806777899       0.21746102779608140     
  -3.5618211209211590      -0.86719755667275444       -8.7417849987889193E-002
  -2.7972595144789589      -0.50501087548948609        1.0276411634771221     
  -1.4239761067838332       -5.2720574183472521E-002   1.8358752750624914     
  -2.3372884816342410      -0.25268215271585270       0.79273986007888386     
  -1.3152325211958782        2.7040727007441444E-002  0.86236208937757142     
  -2.1803532917484154      -0.78089492406666294        3.6539987385080948     
   1.9961831412988793        2.9035428650265382      -0.12458264652545512     
   1.7993294654319565        2.2802659877443698        8.5527066345332914E-002
   1.6550276199720759        1.4867549641805227       -7.1684501610308161E-003
   1.8760457758302946        2.5386516617153969      -0.18501085369148235     
  0.72824129210009958      -0.34309426744670607        7.8520048250266792E-004
   1.0831484989068463       0.40155688167509251       0.23531711511612441     
  0.56155575426183479      -0.82795927986518125       0.23517065582970828     
   1.2104599102247335      -0.64788431064638763       0.59214829825585746     
   4.9773441481453338       -1.5199248756787815      -0.86461584682843706     
   1.6822794759040940       -1.6686363146704295       0.12678434079021558     
   2.1514380699019013       -1.3556134504430439      -0.56323987692380395     
   2.6210714361107783       -1.0770082631722273      -0.29110866819861669     
   2.4975092192339665       -1.3977297217489963        5.3724509596943101E-003
   1.8891221873849162       -4.1882257659269424      -0.79641148415531815     
   1.9888326560628549       -4.1034699963728585      -0.49269891591023507     
First
                         Total        1.106890969E+00
Step size:       0.20
Step size in Bohr:       0.38
Learning Rate:       1.00
# Steps:          0
                         Error        1.106890969E+00
