-xyz
refined.xyz
-dens
/home/unibas/boittier/RDKit_G2/B.pdb/SCAN_1_2_3_4_S_36_10.0/9_SCAN_1_2_3_4_F/B.d.cube
-esp
/home/unibas/boittier/RDKit_G2/B.pdb/SCAN_1_2_3_4_S_36_10.0/9_SCAN_1_2_3_4_F/B.p.cube
-stepsize
0.2
-n_steps
0
-learning_rate
0.5
  -4.2835761587378665       -1.0941042747873817      -0.90738558636290245     
  -2.5916103665467003        1.6308488701996344       -1.0409056112244053     
  -5.0509258738263396        3.3847681465892498      -0.73782999347153289     
  -3.1840436605360591        2.1858923493072497      -0.23868766084252940     
  -3.0416286546989650        1.6624525804586729       0.36845861578868605     
  -1.5510944055402622        2.2502845398896394       0.36129959827308200     
 -0.79315512283643952        1.1871744305525296      -0.76628576148150929     
  -1.4063002875019663        1.7044800342453210       0.46878849412224838     
 -0.85594284214913774       0.84312827090307663       0.15219390492955012     
  0.26951627201116729        3.8625708142347581       0.76095476334886347     
 -0.49203948983437423       -3.6518254410176256       0.19720249051538430     
 -0.20115683328366901       -3.0323144560409299       0.14275116811834720     
  0.21745493593465520       -2.3921946384657651       0.41493866180660538     
 -0.34063999736023232       -3.3251989264710833       0.34425166164747512     
  0.77558380583255271      -0.53199516570396788       0.87928681220600802     
  0.53303974149240696       -1.2365668947227177       0.45476268587820229     
   1.0142377277565153       -3.2247781963290117E-002  0.77387548233594261     
   1.3846027553625171      -0.52694220557051352       0.32773222178444095     
   5.3526750915838699       0.25335919888371311      -0.96746795508861949     
   2.3920625861126581      -0.26367957381492163       0.99790025955120210     
   2.8105162338030651      -0.29669350226465374       0.20857558821646979     
   3.0253553036020580       0.14255014520109871      -0.15630923750529585     
   3.0245726517944034       0.33324946398534916       0.25559376894143548     
   4.0347455587579661       -1.0569588351618699        2.6726997386032338     
   4.0234064212549212      -0.72777343472222111        2.6431119329262738     
First
                         Total        4.058446851E+00
Step size:       0.20
Step size in Bohr:       0.38
Learning Rate:       1.00
# Steps:          0
                         Error        4.058446851E+00
