-xyz
refined.xyz
-dens
../../cube_files/ester/8_SCAN_1_2_6_8_F/O.d.cube
-esp
../../cube_files/ester/8_SCAN_1_2_6_8_F/O.p.cube
-stepsize
0.2
-n_steps
200
-learning_rate
0.5
   1.4664205162434325        2.0456826968400383       0.34949609373950685     
   1.6144590480959164        2.2531695806339123       0.90086731968959322     
  0.51031243185981034        3.1418977903236369       -1.5977816627628814     
  0.58055132379788787        2.9855006198508773       -1.2714568444007981     
   3.1595174293271100        2.8746076205759108       -4.6054297055769314E-002
   2.7402178211832564        2.6679592372832426      -0.16527637534586934     
  -2.7468463472958386E-002   3.7239847787216367        2.0991634051549473     
   3.4380685258248014       -1.9690055372761710       0.16629408959899719     
   2.7694038228463320       -2.4373172912615813       0.10221493754772998     
   3.3676039359750392       -1.5422636116627784       0.19055660606697417     
  0.17493814557663934      -0.78007804119454727       -6.0390328777180667E-002
   1.3226952531935625        9.8259310346428860E-002  0.28871256932751538     
   1.1420727235035599       0.38995414316868959       0.78919473863719236     
 -0.67451946568526977       -1.0460818133116609      -0.29247771016764468     
  -1.3252220055433006       -1.4573617924132878        3.5021885639069258E-002
  -1.4360186627922125       -1.8432794879136358      -0.33396121381215410     
  -1.2399231751221254       -1.4936144012970509      -0.85249872218289313     
  -3.9960236072407440      -0.37054101122737093      -0.17921591354695271     
  -2.5835067442202129       -5.9502673315793037E-002 -0.34947386768753402     
  -4.3966400080189061      -0.53391701975913786      -0.11022563611124243     
  -3.9217474619329158       0.21937612951901631        2.0727103690753577     
  -3.9178193838435331        7.8219232157287752E-002   1.8976998371871334     
  -3.5187218404467262        1.0501415114393597      -0.72195301109962629     
  -3.6876402392414787        1.5145681323569842       -1.0714519771497542     
First
                         Total        1.125252496E+00
Step size:       0.20
Step size in Bohr:       0.38
Learning Rate:       1.00
# Steps:        200
                         Error  1        1.112973435E+00
                         Error  2        1.101487364E+00
                         Error  3        1.090745687E+00
                         Error  4        1.080701796E+00
                         Error  5        1.071311126E+00
                         Error  6        1.062531187E+00
                         Error  7        1.054321577E+00
                         Error  8        1.046643975E+00
                         Error  9        1.039462119E+00
                         Error 10        1.032741777E+00
                         Error 11        1.026450695E+00
                         Error 12        1.020558546E+00
                         Error 13        1.015036864E+00
                         Error 14        1.009858978E+00
                         Error 15        1.004999936E+00
                         Error 16        1.000436431E+00
                         Error 17        9.961467184E-01
                         Error 18        9.921105411E-01
                         Error 19        9.883090479E-01
                         Error 20        9.847247149E-01
                         Error 21        9.813412689E-01
                         Error 22        9.781436118E-01
                         Error 23        9.751177475E-01
                         Error 24        9.722507120E-01
                         Error 25        9.695305054E-01
                         Error 26        9.669460277E-01
                         Error 27        9.644870174E-01
                         Error 28        9.621439932E-01
                         Error 29        9.599081993E-01
                         Error 30        9.577715532E-01
                         Error 31        9.557265969E-01
                         Error 32        9.537664512E-01
                         Error 33        9.518847730E-01
                         Error 34        9.500757149E-01
                         Error 35        9.483338881E-01
                         Error 36        9.466543270E-01
                         Error 37        9.450324576E-01
                         Error 38        9.434640666E-01
                         Error 39        9.419452737E-01
                         Error 40        9.404725057E-01
                         Error 41        9.390424725E-01
                         Error 42        9.376521446E-01
                         Error 43        9.362987329E-01
                         Error 44        9.349796692E-01
                         Error 45        9.336925891E-01
                         Error 46        9.324353155E-01
                         Error 47        9.312058436E-01
                         Error 48        9.300023274E-01
                         Error 49        9.288230666E-01
                         Error 50        9.276664954E-01
                         Error 51        9.265311710E-01
                         Error 52        9.254157643E-01
                         Error 53        9.243190504E-01
                         Error 54        9.232399005E-01
                         Error 55        9.221772736E-01
                         Error 56        9.211302100E-01
                         Error 57        9.200978245E-01
                         Error 58        9.190793003E-01
                         Error 59        9.180738834E-01
                         Error 60        9.170808778E-01
                         Error 61        9.160996408E-01
                         Error 62        9.151295784E-01
                         Error 63        9.141701415E-01
                         Error 64        9.132208225E-01
                         Error 65        9.122811517E-01
                         Error 66        9.113506943E-01
                         Error 67        9.104290475E-01
                         Error 68        9.095158383E-01
                         Error 69        9.086107207E-01
                         Error 70        9.077133736E-01
                         Error 71        9.068234991E-01
                         Error 72        9.059408204E-01
                         Error 73        9.050650799E-01
                         Error 74        9.041960383E-01
                         Error 75        9.033334724E-01
                         Error 76        9.024771746E-01
                         Error 77        9.016269508E-01
                         Error 78        9.007826202E-01
                         Error 79        8.999440136E-01
                         Error 80        8.991109728E-01
                         Error 81        8.982833497E-01
                         Error 82        8.974610055E-01
                         Error 83        8.966438099E-01
                         Error 84        8.958316406E-01
                         Error 85        8.950243823E-01
                         Error 86        8.942219269E-01
                         Error 87        8.934241722E-01
                         Error 88        8.926310217E-01
                         Error 89        8.918423844E-01
                         Error 90        8.910581741E-01
                         Error 91        8.902783092E-01
                         Error 92        8.895027122E-01
                         Error 93        8.887313096E-01
                         Error 94        8.879640313E-01
                         Error 95        8.872008108E-01
                         Error 96        8.864415846E-01
                         Error 97        8.856862920E-01
                         Error 98        8.849348749E-01
                         Error 99        8.841872780E-01
                         Error100        8.834434479E-01
                         Error101        8.827033336E-01
                         Error102        8.819668861E-01
                         Error103        8.812340580E-01
                         Error104        8.805048040E-01
                         Error105        8.797790802E-01
                         Error106        8.790568443E-01
                         Error107        8.783380552E-01
                         Error108        8.776226734E-01
                         Error109        8.769106604E-01
                         Error110        8.762019792E-01
                         Error111        8.754965935E-01
                         Error112        8.747944683E-01
                         Error113        8.740955695E-01
                         Error114        8.733998637E-01
                         Error115        8.727073187E-01
                         Error116        8.720179029E-01
                         Error117        8.713315854E-01
                         Error118        8.706483363E-01
                         Error119        8.699681261E-01
                         Error120        8.692909260E-01
                         Error121        8.686167081E-01
                         Error122        8.679454446E-01
                         Error123        8.672771087E-01
                         Error124        8.666116738E-01
                         Error125        8.659491141E-01
                         Error126        8.652894041E-01
                         Error127        8.646325188E-01
                         Error128        8.639784337E-01
                         Error129        8.633271246E-01
                         Error130        8.626785678E-01
                         Error131        8.620327400E-01
                         Error132        8.613896183E-01
                         Error133        8.607491801E-01
                         Error134        8.601114031E-01
                         Error135        8.594762655E-01
                         Error136        8.588437457E-01
                         Error137        8.582138225E-01
                         Error138        8.575864750E-01
                         Error139        8.569616824E-01
                         Error140        8.563394245E-01
                         Error141        8.557196812E-01
                         Error142        8.551024327E-01
                         Error143        8.544876594E-01
                         Error144        8.538753422E-01
                         Error145        8.532654619E-01
                         Error146        8.526579999E-01
                         Error147        8.520529375E-01
                         Error148        8.514502564E-01
                         Error149        8.508499387E-01
                         Error150        8.502519664E-01
                         Error151        8.496563219E-01
                         Error152        8.490629879E-01
                         Error153        8.484719469E-01
                         Error154        8.478831822E-01
                         Error155        8.472966768E-01
                         Error156        8.467124142E-01
                         Error157        8.461303779E-01
                         Error158        8.455505517E-01
                         Error159        8.449729196E-01
                         Error160        8.443974657E-01
                         Error161        8.438241743E-01
                         Error162        8.432530299E-01
                         Error163        8.426840172E-01
                         Error164        8.421171210E-01
                         Error165        8.415523264E-01
                         Error166        8.409896184E-01
                         Error167        8.404289824E-01
                         Error168        8.398704039E-01
                         Error169        8.393138686E-01
                         Error170        8.387593622E-01
                         Error171        8.382068707E-01
                         Error172        8.376563803E-01
                         Error173        8.371078770E-01
                         Error174        8.365613474E-01
                         Error175        8.360167779E-01
                         Error176        8.354741553E-01
                         Error177        8.349334663E-01
                         Error178        8.343946979E-01
                         Error179        8.338578373E-01
                         Error180        8.333228715E-01
                         Error181        8.327897879E-01
                         Error182        8.322585741E-01
                         Error183        8.317292177E-01
                         Error184        8.312017063E-01
                         Error185        8.306760278E-01
                         Error186        8.301521702E-01
                         Error187        8.296301216E-01
                         Error188        8.291098703E-01
                         Error189        8.285914044E-01
                         Error190        8.280747126E-01
                         Error191        8.275597833E-01
                         Error192        8.270466053E-01
                         Error193        8.265351672E-01
                         Error194        8.260254581E-01
                         Error195        8.255174670E-01
                         Error196        8.250111828E-01
                         Error197        8.245065950E-01
                         Error198        8.240036927E-01
                         Error199        8.235024654E-01
                         Error200        8.230029026E-01
                         Error        8.230029026E-01
