-xyz
refined.xyz
-dens
../../cube_files/acrolein/11_SCAN_1_2_3_4_F/L.d.cube
-esp
../../cube_files/acrolein/11_SCAN_1_2_3_4_F/L.p.cube
-stepsize
0.2
-n_steps
100
-learning_rate
0.5
  -2.0430879231075694       -2.9925317304569274       0.74217492430242527     
  -2.0960269839810306       -2.5647127528431848       0.56922639011927656     
  -4.8742373427942143      -0.64623503494070278       -4.0717269979361793E-002
  -4.6994602079780448      -0.66524648428724165        7.1031321675415720E-005
  -2.5818044823788511      -0.35911082005590611        6.6954318062026730E-002
  -3.1291751890989086       0.15184548367498996      -0.14898034190919687     
  -3.4218193307812572       -1.0318996421837985       0.20254503627079315     
  -1.7902314497915777       -1.0648522529540134       0.24958917024055149     
  -2.2112642417250430        1.4441580051895053      -0.26692863813595169     
  -1.0034153334200466        1.7751567847382743       0.16088747801570610     
  -1.2561152748005946        1.8608020372189060       -2.5502824056375193E-002
  -1.5504275934899301        1.4737399069383665      -0.16983108341829606     
  -2.4517794394975114        3.3579251211945440      -0.82599937263922896     
  -1.6481343288927226        3.6223515710336156      -0.92582936133095872     
  -1.4201505285629428        1.6469148290318407       0.62206361891316142     
   2.1549364330462799        2.6576919656939300       0.58583001464501616     
   2.1058718535883654        2.3441716078499515        1.0895798747717267     
   2.0082880519699091        2.2678268017015211        1.3808810972242549     
  0.95650639554705630        9.0112607186075250E-002 -0.24981246124148493     
   2.3002304493816070      -0.28768961277712424        6.2815454206505694E-002
   2.4606715941031809       -1.5377111754005133      -0.53008249429672039     
   2.8853097530188454       -1.4526732517598617      -0.40587582558268298     
   3.3438356753673024       -1.0648445272955973      -0.11519194646848510     
First
                         Total        6.225145231E-01
Step size:       0.20
Step size in Bohr:       0.38
Learning Rate:       1.00
# Steps:        100
                         Error  1        6.130777574E-01
                         Error  2        6.040833813E-01
                         Error  3        5.955142209E-01
                         Error  4        5.873533961E-01
                         Error  5        5.795843436E-01
                         Error  6        5.721908374E-01
                         Error  7        5.651570090E-01
                         Error  8        5.584673642E-01
                         Error  9        5.521067991E-01
                         Error 10        5.460606134E-01
                         Error 11        5.403145226E-01
                         Error 12        5.348546673E-01
                         Error 13        5.296676211E-01
                         Error 14        5.247403964E-01
                         Error 15        5.200604480E-01
                         Error 16        5.156156756E-01
                         Error 17        5.113944239E-01
                         Error 18        5.073854812E-01
                         Error 19        5.035780765E-01
                         Error 20        4.999618752E-01
                         Error 21        4.965269735E-01
                         Error 22        4.932638915E-01
                         Error 23        4.901635651E-01
                         Error 24        4.872173374E-01
                         Error 25        4.844169488E-01
                         Error 26        4.817545266E-01
                         Error 27        4.792225740E-01
                         Error 28        4.768139586E-01
                         Error 29        4.745219007E-01
                         Error 30        4.723399608E-01
                         Error 31        4.702620278E-01
                         Error 32        4.682823061E-01
                         Error 33        4.663953032E-01
                         Error 34        4.645958176E-01
                         Error 35        4.628789263E-01
                         Error 36        4.612399724E-01
                         Error 37        4.596745536E-01
                         Error 38        4.581785101E-01
                         Error 39        4.567479133E-01
                         Error 40        4.553790546E-01
                         Error 41        4.540684346E-01
                         Error 42        4.528127528E-01
                         Error 43        4.516088970E-01
                         Error 44        4.504539339E-01
                         Error 45        4.493450997E-01
                         Error 46        4.482797909E-01
                         Error 47        4.472555558E-01
                         Error 48        4.462700860E-01
                         Error 49        4.453212089E-01
                         Error 50        4.444068798E-01
                         Error 51        4.435251746E-01
                         Error 52        4.426742834E-01
                         Error 53        4.418525037E-01
                         Error 54        4.410582343E-01
                         Error 55        4.402899693E-01
                         Error 56        4.395462928E-01
                         Error 57        4.388258733E-01
                         Error 58        4.381274591E-01
                         Error 59        4.374498731E-01
                         Error 60        4.367920089E-01
                         Error 61        4.361528264E-01
                         Error 62        4.355313474E-01
                         Error 63        4.349266525E-01
                         Error 64        4.343378772E-01
                         Error 65        4.337642087E-01
                         Error 66        4.332048827E-01
                         Error 67        4.326591804E-01
                         Error 68        4.321264261E-01
                         Error 69        4.316059839E-01
                         Error 70        4.310972558E-01
                         Error 71        4.305996793E-01
                         Error 72        4.301127251E-01
                         Error 73        4.296358951E-01
                         Error 74        4.291687204E-01
                         Error 75        4.287107598E-01
                         Error 76        4.282615978E-01
                         Error 77        4.278208431E-01
                         Error 78        4.273881271E-01
                         Error 79        4.269631026E-01
                         Error 80        4.265454424E-01
                         Error 81        4.261348381E-01
                         Error 82        4.257309988E-01
                         Error 83        4.253336504E-01
                         Error 84        4.249425340E-01
                         Error 85        4.245574057E-01
                         Error 86        4.241780348E-01
                         Error 87        4.238042038E-01
                         Error 88        4.234357072E-01
                         Error 89        4.230723506E-01
                         Error 90        4.227139505E-01
                         Error 91        4.223603332E-01
                         Error 92        4.220113345E-01
                         Error 93        4.216667989E-01
                         Error 94        4.213265793E-01
                         Error 95        4.209905362E-01
                         Error 96        4.206585374E-01
                         Error 97        4.203304578E-01
                         Error 98        4.200061785E-01
                         Error 99        4.196855867E-01
                         Error100        4.193685754E-01
                         Error        4.193685754E-01
