-xyz
refined.xyz
-dens
/home/unibas/boittier/RDKit_G2/B.pdb/SCAN_1_2_3_4_S_36_-10.0/35_SCAN/B.d.cube
-esp
/home/unibas/boittier/RDKit_G2/B.pdb/SCAN_1_2_3_4_S_36_-10.0/35_SCAN/B.p.cube
-stepsize
0.2
-n_steps
10
-learning_rate
0.5
   3.7501648397000635        2.6877519806049963       0.24905879668222242     
   3.1212409937338985      -0.11513929189429752      -0.50058707462346352     
   2.7979859451202107       0.20004224834057044       0.42026127733174701     
   5.7484732874811852       -1.3211374738577992        5.7793400490684814E-002
   2.9052812218224013        4.7687024316927014E-002  0.67278818192267409     
  0.93414878472542306       -1.2144362166551894       0.14046463853908864     
   1.3835423687382278       -3.8257739050502306      -0.27467985079043161     
   2.3714946602591649       -1.8727751605420355       -5.3589372611188450E-002
   1.7734208873419592       -1.5687441203240411       -2.3262257476225758E-002
  -1.3450564224914967        1.6733207410935538       0.11207435711735239     
  -1.3080632801231478        1.8536591553609347       0.14228643091265605     
 -0.94663828510019454        3.2759506900843349       -4.0318786267935482E-002
 -0.98359983252028838        2.5449539115364996       -5.7535465125479489E-002
 -0.99544612566673440      -0.75538158314847526        9.3758307648446601E-002
  -1.2141919501578124      -0.44860146054567468       0.40276471960928883     
  -1.5025289532681079      -0.47814349633334108      -0.83262632354105925     
  -1.1263266777103522       0.64965600020510150       -2.5196148844733660E-002
  -2.8205422460751306       -1.0261252765506044        1.0426536986487300     
  -2.9272910949014852      -0.96445750512103989      -0.85179382942099857     
  -5.2476525771328193        4.5926725192126455E-002  0.19500869241809538     
  -3.2905483980874353       -3.5750483703160607        9.4214540423904036E-002
First
                         Total        6.098454121E-01
Step size:       0.20
Step size in Bohr:       0.38
Learning Rate:       1.00
# Steps:         10
                         Error  1        6.038320775E-01
                         Error  2        5.981135815E-01
                         Error  3        5.926758982E-01
                         Error  4        5.875054809E-01
                         Error  5        5.825892647E-01
                         Error  6        5.779146662E-01
                         Error  7        5.734695821E-01
                         Error  8        5.692423856E-01
                         Error  9        5.652219218E-01
                         Error 10        5.613975011E-01
                         Error        5.613975011E-01
