                                     G D M A

                                 by Anthony Stone

                           version 2.2.03, 21 June 2007

               Distributed Multipoles from Gaussian wavefunctions


Starting at 9:24:42 on 26 May 2021  

GDMA



Using SCF density matrix from file N.pdb.fchk


                         Distributed Multipole Analysis

Standard DMA for products of primitives with exponent greater than 4.00000
Using 80-point Euler-MacLaurin radial quadrature
Using 590-point Lebedev quadrature
Becke smoothing parameter = 3

Positions and radii in angstrom
Multipole moments in atomic units, ea_0^k for rank k

C          x =  1.874923  y =  1.222964  z = -0.013864
           Maximum rank =  2   Radius =  0.650
                   Q00  =  -0.135000
|Q1| =   0.128617  Q10  =   0.004440  Q11c =  -0.035902  Q11s =  -0.123425
|Q2| =   0.180960  Q20  =  -0.148783  Q21c =   0.040422  Q21s =  -0.003797
                   Q22c =  -0.083156  Q22s =   0.045243

C          x =  1.505993  y = -0.226340  z = -0.147756
           Maximum rank =  2   Radius =  0.650
                   Q00  =   0.149331
|Q1| =   0.185301  Q10  =   0.061107  Q11c =   0.054765  Q11s =  -0.166142
|Q2| =   0.610540  Q20  =  -0.515497  Q21c =   0.272607  Q21s =  -0.044063
                   Q22c =   0.005623  Q22s =  -0.175309

H          x =  1.625949  y =  1.779900  z = -0.922354
           Maximum rank =  2   Radius =  0.325
                   Q00  =   0.112532
|Q1| =   0.138392  Q10  =   0.100186  Q11c =  -0.015735  Q11s =  -0.094168
|Q2| =   0.135447  Q20  =   0.050454  Q21c =   0.067485  Q21s =  -0.102385
                   Q22c =  -0.012426  Q22s =  -0.024676

H          x =  2.940887  y =  1.308548  z =  0.199989
           Maximum rank =  2   Radius =  0.325
                   Q00  =   0.111079
|Q1| =   0.132292  Q10  =  -0.020316  Q11c =  -0.116480  Q11s =  -0.059337
|Q2| =   0.160061  Q20  =  -0.110018  Q21c =   0.060496  Q21s =   0.001382
                   Q22c =   0.099038  Q22s =   0.006734

H          x =  1.311589  y =  1.681042  z =  0.807586
           Maximum rank =  2   Radius =  0.325
                   Q00  =   0.137459
|Q1| =   0.124287  Q10  =  -0.090572  Q11c =  -0.000477  Q11s =  -0.085111
|Q2| =   0.152173  Q20  =   0.011016  Q21c =  -0.114244  Q21s =   0.071693
                   Q22c =   0.051128  Q22s =  -0.047220

C          x =  0.149499  y = -0.582476  z = -0.759101
           Maximum rank =  2   Radius =  0.650
                   Q00  =  -0.073832
|Q1| =   0.125616  Q10  =   0.106861  Q11c =  -0.044198  Q11s =   0.049058
|Q2| =   0.250842  Q20  =  -0.087035  Q21c =  -0.037639  Q21s =   0.041841
                   Q22c =   0.203054  Q22s =  -0.104635

O          x =  2.273596  y = -1.138371  z =  0.168692
           Maximum rank =  2   Radius =  0.650
                   Q00  =  -0.360518
|Q1| =   0.536467  Q10  =  -0.123893  Q11c =  -0.346388  Q11s =   0.390465
|Q2| =   1.058931  Q20  =  -0.088752  Q21c =   0.029135  Q21s =  -0.387208
                   Q22c =  -0.067699  Q22s =  -0.978824

C          x = -1.034951  y = -0.041962  z = -0.008796
           Maximum rank =  2   Radius =  0.650
                   Q00  =   0.476993
|Q1| =   0.228026  Q10  =   0.131398  Q11c =  -0.165686  Q11s =   0.085316
|Q2| =   0.091777  Q20  =  -0.040766  Q21c =   0.060485  Q21s =  -0.024200
                   Q22c =   0.040570  Q22s =   0.029516

H          x =  0.066448  y = -1.670971  z = -0.780837
           Maximum rank =  2   Radius =  0.325
                   Q00  =   0.165016
|Q1| =   0.118126  Q10  =   0.040123  Q11c =   0.010201  Q11s =   0.110633
|Q2| =   0.115185  Q20  =  -0.104505  Q21c =   0.003395  Q21s =  -0.000385
                   Q22c =  -0.048006  Q22s =   0.005470

H          x =  0.092452  y = -0.203712  z = -1.784880
           Maximum rank =  2   Radius =  0.325
                   Q00  =   0.154449
|Q1| =   0.127458  Q10  =   0.126912  Q11c =  -0.003091  Q11s =  -0.011372
|Q2| =   0.107067  Q20  =   0.074383  Q21c =   0.009798  Q21s =  -0.067183
                   Q22c =   0.030253  Q22s =  -0.020139

F          x = -0.975557  y = -0.325319  z =  1.350661
           Maximum rank =  2   Radius =  0.650
                   Q00  =  -0.230987
|Q1| =   0.299921  Q10  =  -0.288670  Q11c =  -0.050798  Q11s =   0.063577
|Q2| =   0.755489  Q20  =   0.700008  Q21c =   0.038192  Q21s =  -0.278845
                   Q22c =  -0.024252  Q22s =  -0.030830

F          x = -2.224836  y = -0.577372  z = -0.486551
           Maximum rank =  2   Radius =  0.650
                   Q00  =  -0.232227
|Q1| =   0.294764  Q10  =   0.135523  Q11c =   0.220575  Q11s =   0.140947
|Q2| =   0.769261  Q20  =  -0.226503  Q21c =   0.433061  Q21s =   0.129822
                   Q22c =   0.345368  Q22s =   0.465601

F          x = -1.155037  y =  1.344808  z = -0.118769
           Maximum rank =  2   Radius =  0.650
                   Q00  =  -0.274247
|Q1| =   0.338616  Q10  =   0.046857  Q11c =  -0.089961  Q11s =  -0.323066
|Q2| =   0.865118  Q20  =  -0.320358  Q21c =   0.040082  Q21s =  -0.130849
                   Q22c =  -0.755513  Q22s =  -0.237216

Total multipoles
referred to origin at x =   0.000000,  y =    0.000000,  z =    0.000000
                   Q00  =   0.000048
|Q1| =   1.077030  Q10  =  -0.848462  Q11c =   0.213065  Q11s =   0.628259
|Q2| =  11.471348  Q20  =   4.876045  Q21c =  -1.825061  Q21s =   2.171539
                   Q22c =  -4.672092  Q22s =   8.828428

CPU time used:      0m27.505s          Total:      0m27.505s

Finished at 9:25:10 on 26 May 2021  
