-xyz
refined.xyz
-dens
/home/unibas/boittier/RDKit_G2/B.pdb/SCAN_1_2_3_4_S_36_10.0/27_SCAN_1_2_3_4_F/B.d.cube
-esp
/home/unibas/boittier/RDKit_G2/B.pdb/SCAN_1_2_3_4_S_36_10.0/27_SCAN_1_2_3_4_F/B.p.cube
-stepsize
0.2
-n_steps
1
-learning_rate
0.5
   4.2825569913448893       -1.0914466128958569      -0.89265895146593033     
   3.0216999961458320        1.5290590184768227       0.56103352760986802     
   5.0562172014437436        3.3839783669918551      -0.71489879262279710     
   3.1485269797627615        2.1974329654001288      -0.35501138435335106     
   2.7157663943275421        1.7346792691543775      -0.87120734434877822     
   1.4343666335739591        2.2814559418302580       -5.3978508369348331E-002
   1.3409695799119483        1.1411608509315292        1.0288151451244838     
   1.2529363714113360        1.7334041366475643      -0.14605883772379763     
  0.86911101197478635       0.84658496776783210       0.22282170854464528     
 -0.28972890360875564        3.8675932564210265       0.68546978176878315     
  0.46959669082237915       -3.6584049098606686       0.18855667309049690     
  0.30133504221725799       -3.0291731201252814       0.40692257140179633     
 -0.21788707107367503       -2.3991274611349724       0.45804498320023596     
  0.30417532707100980       -3.3089211588546781       0.14842496149378026     
 -0.89713587273164608      -0.52253712835171728       0.45387631633507147     
 -0.48206002227439282       -1.2421720964073433       0.65085034142416953     
  -1.0402609677424359       -2.8429791720381230E-002  0.70694131143352401     
  -1.0997071158554403      -0.55016628428722036        1.2517273521829819     
  -5.3510145660483914       0.16823298898186223      -0.98054294930089225     
  -2.3091611273384771      -0.26980555542466966        1.2734414976969395     
  -2.8453890805541833       0.49131199890170957       0.34296427947716540     
  -3.0310655750117936       0.17457792723583482      -0.16173135857465742     
  -2.9972504571234824      -0.13923023595278081       0.18943368223000748     
  -4.1025914540857622       0.32390528145158926        2.8971005287956793     
  -4.0581278311719560        2.5271391908930029E-002   2.7595676187048528     
First
                         Total        3.430394061E+00
Step size:       0.20
Step size in Bohr:       0.38
Learning Rate:       1.00
# Steps:          1
                         Error  1        3.412787866E+00
                         Error        3.412787866E+00
