-xyz
refined.xyz
-dens
/home/unibas/boittier/RDKit_G2/B.pdb/SCAN_1_2_3_4_S_36_-10.0/28_SCAN_1_2_3_4_F/B.d.cube
-esp
/home/unibas/boittier/RDKit_G2/B.pdb/SCAN_1_2_3_4_S_36_-10.0/28_SCAN_1_2_3_4_F/B.p.cube
-stepsize
0.2
-n_steps
500
-learning_rate
0.5
  -3.1200982632916867       0.29617664811425071       -2.9983124839180801     
  -3.4273952717990022       0.65118019045298470       0.18150337902564345     
  -6.4036620990014317      -0.24945932219262304        3.7243996934162985E-002
  -4.0180794804952651      -0.33470176839661009       0.17737831962112829     
  -3.5384944402942331      -0.86900057408473863      -0.15627790648290446     
  -2.6642368010508810      -0.37317404544520366        1.0569267734120580     
  -1.4587046778595028      -0.16606106601791787        1.6770680389925099     
  -2.1187143813220883      -0.36471167881600564       0.81118200396527640     
  -1.2069889839684596       -5.3354314299093892E-003  0.90068740185454499     
  -2.1853751144280666      -0.96512246994978845        3.8445024799236802     
   1.7453104865548370        2.4170136264012019       -5.1499109606407648E-002
   1.5704874067193701        1.9902436820375280        8.5445200913628755E-002
   1.4117093458743017        1.1667825830165564        5.6957353003506087E-002
   1.6323542507818551        2.1709100440475346       -6.5164303878776475E-002
  0.66124717300892055      -0.35274653432248210       0.10258164454493400     
  0.94297250209007111       0.28206688375540923       0.26248355126044265     
  0.49589546880925373      -0.76564292741222917       0.27277888104890280     
   1.1133224122825225      -0.64569950259298503       0.48255638787643007     
   4.9827322174256192       -1.4619447980432678      -0.88123192027040842     
   1.5947455744935315       -1.6032625656702255       0.10906917839174433     
   2.0471702537518484       -1.3155059596680714      -0.42434647489005956     
   2.3651173823970280       -1.0077327281307584      -0.22746452343519266     
   2.2693691097177062       -1.3348596002949884        9.3479999412369626E-003
   1.9416787707293575       -3.9675744643768058      -0.74557735419508031     
   1.9955664568556797       -3.9954905677634964      -0.42726263500276140     
First
                         Total        4.537391176E-01
Step size:       0.20
Step size in Bohr:       0.38
Learning Rate:       1.00
# Steps:        500
                         Error  1        4.529757562E-01
                         Error  2        4.522673945E-01
                         Error  3        4.516095729E-01
                         Error  4        4.509981888E-01
                         Error  5        4.504294700E-01
                         Error  6        4.498999487E-01
                         Error  7        4.494064387E-01
                         Error  8        4.489460130E-01
                         Error  9        4.485159836E-01
                         Error 10        4.481138829E-01
                         Error 11        4.477374456E-01
                         Error 12        4.473845931E-01
                         Error 13        4.470534182E-01
                         Error 14        4.467421710E-01
                         Error 15        4.464492469E-01
                         Error 16        4.461731737E-01
                         Error 17        4.459126019E-01
                         Error 18        4.456662937E-01
                         Error 19        4.454331143E-01
                         Error 20        4.452120233E-01
                         Error 21        4.450020669E-01
                         Error 22        4.448023706E-01
                         Error 23        4.446121327E-01
                         Error 24        4.444306184E-01
                         Error 25        4.442571539E-01
                         Error 26        4.440911215E-01
                         Error 27        4.439319550E-01
                         Error 28        4.437791351E-01
                         Error 29        4.436321857E-01
                         Error 30        4.434906702E-01
                         Error 31        4.433541884E-01
                         Error 32        4.432223730E-01
                         Error 33        4.430948872E-01
                         Error 34        4.429714218E-01
                         Error 35        4.428516935E-01
                         Error 36        4.427354420E-01
                         Error 37        4.426224284E-01
                         Error 38        4.425124335E-01
                         Error 39        4.424052559E-01
                         Error 40        4.423007107E-01
                         Error 41        4.421986281E-01
                         Error 42        4.420988519E-01
                         Error 43        4.420012386E-01
                         Error 44        4.419056562E-01
                         Error 45        4.418119833E-01
                         Error 46        4.417201083E-01
                         Error 47        4.416299284E-01
                         Error 48        4.415413488E-01
                         Error 49        4.414542823E-01
                         Error 50        4.413686485E-01
                         Error 51        4.412843732E-01
                         Error 52        4.412013880E-01
                         Error 53        4.411196298E-01
                         Error 54        4.410390401E-01
                         Error 55        4.409595651E-01
                         Error 56        4.408811547E-01
                         Error 57        4.408037629E-01
                         Error 58        4.407273468E-01
                         Error 59        4.406518667E-01
                         Error 60        4.405772859E-01
                         Error 61        4.405035700E-01
                         Error 62        4.404306874E-01
                         Error 63        4.403586085E-01
                         Error 64        4.402873057E-01
                         Error 65        4.402167533E-01
                         Error 66        4.401469274E-01
                         Error 67        4.400778056E-01
                         Error 68        4.400093670E-01
                         Error 69        4.399415918E-01
                         Error 70        4.398744618E-01
                         Error 71        4.398079596E-01
                         Error 72        4.397420691E-01
                         Error 73        4.396767749E-01
                         Error 74        4.396120626E-01
                         Error 75        4.395479186E-01
                         Error 76        4.394843301E-01
                         Error 77        4.394212849E-01
                         Error 78        4.393587714E-01
                         Error 79        4.392967788E-01
                         Error 80        4.392352967E-01
                         Error 81        4.391743150E-01
                         Error 82        4.391138244E-01
                         Error 83        4.390538159E-01
                         Error 84        4.389942809E-01
                         Error 85        4.389352110E-01
                         Error 86        4.388765985E-01
                         Error 87        4.388184356E-01
                         Error 88        4.387607152E-01
                         Error 89        4.387034302E-01
                         Error 90        4.386465739E-01
                         Error 91        4.385901397E-01
                         Error 92        4.385341212E-01
                         Error 93        4.384785126E-01
                         Error 94        4.384233077E-01
                         Error 95        4.383685010E-01
                         Error 96        4.383140868E-01
                         Error 97        4.382600598E-01
                         Error 98        4.382064147E-01
                         Error 99        4.381531465E-01
                         Error100        4.381002501E-01
                         Error101        4.380477208E-01
                         Error102        4.379955539E-01
                         Error103        4.379437447E-01
                         Error104        4.378922887E-01
                         Error105        4.378411815E-01
                         Error106        4.377904188E-01
                         Error107        4.377399965E-01
                         Error108        4.376899104E-01
                         Error109        4.376401564E-01
                         Error110        4.375907307E-01
                         Error111        4.375416292E-01
                         Error112        4.374928482E-01
                         Error113        4.374443840E-01
                         Error114        4.373962329E-01
                         Error115        4.373483912E-01
                         Error116        4.373008555E-01
                         Error117        4.372536222E-01
                         Error118        4.372066878E-01
                         Error119        4.371600491E-01
                         Error120        4.371137026E-01
                         Error121        4.370676451E-01
                         Error122        4.370218735E-01
                         Error123        4.369763844E-01
                         Error124        4.369311748E-01
                         Error125        4.368862416E-01
                         Error126        4.368415818E-01
                         Error127        4.367971923E-01
                         Error128        4.367530703E-01
                         Error129        4.367092128E-01
                         Error130        4.366656169E-01
                         Error131        4.366222798E-01
                         Error132        4.365791987E-01
                         Error133        4.365363709E-01
                         Error134        4.364937936E-01
                         Error135        4.364514641E-01
                         Error136        4.364093799E-01
                         Error137        4.363675383E-01
                         Error138        4.363259367E-01
                         Error139        4.362845726E-01
                         Error140        4.362434434E-01
                         Error141        4.362025468E-01
                         Error142        4.361618801E-01
                         Error143        4.361214411E-01
                         Error144        4.360812273E-01
                         Error145        4.360412364E-01
                         Error146        4.360014660E-01
                         Error147        4.359619139E-01
                         Error148        4.359225777E-01
                         Error149        4.358834552E-01
                         Error150        4.358445443E-01
                         Error151        4.358058426E-01
                         Error152        4.357673482E-01
                         Error153        4.357290587E-01
                         Error154        4.356909721E-01
                         Error155        4.356530864E-01
                         Error156        4.356153994E-01
                         Error157        4.355779091E-01
                         Error158        4.355406136E-01
                         Error159        4.355035107E-01
                         Error160        4.354665987E-01
                         Error161        4.354298754E-01
                         Error162        4.353933390E-01
                         Error163        4.353569876E-01
                         Error164        4.353208194E-01
                         Error165        4.352848324E-01
                         Error166        4.352490249E-01
                         Error167        4.352133950E-01
                         Error168        4.351779410E-01
                         Error169        4.351426610E-01
                         Error170        4.351075534E-01
                         Error171        4.350726164E-01
                         Error172        4.350378484E-01
                         Error173        4.350032475E-01
                         Error174        4.349688122E-01
                         Error175        4.349345408E-01
                         Error176        4.349004317E-01
                         Error177        4.348664833E-01
                         Error178        4.348326940E-01
                         Error179        4.347990622E-01
                         Error180        4.347655863E-01
                         Error181        4.347322649E-01
                         Error182        4.346990964E-01
                         Error183        4.346660792E-01
                         Error184        4.346332121E-01
                         Error185        4.346004933E-01
                         Error186        4.345679216E-01
                         Error187        4.345354955E-01
                         Error188        4.345032135E-01
                         Error189        4.344710742E-01
                         Error190        4.344390764E-01
                         Error191        4.344072185E-01
                         Error192        4.343754994E-01
                         Error193        4.343439175E-01
                         Error194        4.343124716E-01
                         Error195        4.342811604E-01
                         Error196        4.342499826E-01
                         Error197        4.342189369E-01
                         Error198        4.341880220E-01
                         Error199        4.341572368E-01
                         Error200        4.341265799E-01
                         Error201        4.340960502E-01
                         Error202        4.340656464E-01
                         Error203        4.340353673E-01
                         Error204        4.340052119E-01
                         Error205        4.339751788E-01
                         Error206        4.339452669E-01
                         Error207        4.339154752E-01
                         Error208        4.338858024E-01
                         Error209        4.338562475E-01
                         Error210        4.338268094E-01
                         Error211        4.337974869E-01
                         Error212        4.337682790E-01
                         Error213        4.337391846E-01
                         Error214        4.337102027E-01
                         Error215        4.336813322E-01
                         Error216        4.336525721E-01
                         Error217        4.336239213E-01
                         Error218        4.335953790E-01
                         Error219        4.335669440E-01
                         Error220        4.335386154E-01
                         Error221        4.335103922E-01
                         Error222        4.334822734E-01
                         Error223        4.334542581E-01
                         Error224        4.334263454E-01
                         Error225        4.333985343E-01
                         Error226        4.333708239E-01
                         Error227        4.333432133E-01
                         Error228        4.333157015E-01
                         Error229        4.332882878E-01
                         Error230        4.332609711E-01
                         Error231        4.332337507E-01
                         Error232        4.332066257E-01
                         Error233        4.331795951E-01
                         Error234        4.331526583E-01
                         Error235        4.331258143E-01
                         Error236        4.330990623E-01
                         Error237        4.330724015E-01
                         Error238        4.330458311E-01
                         Error239        4.330193503E-01
                         Error240        4.329929583E-01
                         Error241        4.329666544E-01
                         Error242        4.329404377E-01
                         Error243        4.329143075E-01
                         Error244        4.328882630E-01
                         Error245        4.328623035E-01
                         Error246        4.328364282E-01
                         Error247        4.328106365E-01
                         Error248        4.327849276E-01
                         Error249        4.327593008E-01
                         Error250        4.327337553E-01
                         Error251        4.327082905E-01
                         Error252        4.326829057E-01
                         Error253        4.326576001E-01
                         Error254        4.326323733E-01
                         Error255        4.326072243E-01
                         Error256        4.325821526E-01
                         Error257        4.325571576E-01
                         Error258        4.325322386E-01
                         Error259        4.325073949E-01
                         Error260        4.324826259E-01
                         Error261        4.324579310E-01
                         Error262        4.324333096E-01
                         Error263        4.324087610E-01
                         Error264        4.323842846E-01
                         Error265        4.323598799E-01
                         Error266        4.323355463E-01
                         Error267        4.323112831E-01
                         Error268        4.322870898E-01
                         Error269        4.322629657E-01
                         Error270        4.322389104E-01
                         Error271        4.322149233E-01
                         Error272        4.321910038E-01
                         Error273        4.321671514E-01
                         Error274        4.321433654E-01
                         Error275        4.321196455E-01
                         Error276        4.320959910E-01
                         Error277        4.320724014E-01
                         Error278        4.320488762E-01
                         Error279        4.320254149E-01
                         Error280        4.320020169E-01
                         Error281        4.319786818E-01
                         Error282        4.319554091E-01
                         Error283        4.319321982E-01
                         Error284        4.319090488E-01
                         Error285        4.318859602E-01
                         Error286        4.318629320E-01
                         Error287        4.318399637E-01
                         Error288        4.318170549E-01
                         Error289        4.317942051E-01
                         Error290        4.317714139E-01
                         Error291        4.317486807E-01
                         Error292        4.317260052E-01
                         Error293        4.317033869E-01
                         Error294        4.316808253E-01
                         Error295        4.316583201E-01
                         Error296        4.316358707E-01
                         Error297        4.316134768E-01
                         Error298        4.315911379E-01
                         Error299        4.315688537E-01
                         Error300        4.315466236E-01
                         Error301        4.315244474E-01
                         Error302        4.315023245E-01
                         Error303        4.314802547E-01
                         Error304        4.314582374E-01
                         Error305        4.314362723E-01
                         Error306        4.314143591E-01
                         Error307        4.313924972E-01
                         Error308        4.313706864E-01
                         Error309        4.313489263E-01
                         Error310        4.313272165E-01
                         Error311        4.313055567E-01
                         Error312        4.312839463E-01
                         Error313        4.312623852E-01
                         Error314        4.312408730E-01
                         Error315        4.312194092E-01
                         Error316        4.311979936E-01
                         Error317        4.311766258E-01
                         Error318        4.311553054E-01
                         Error319        4.311340322E-01
                         Error320        4.311128057E-01
                         Error321        4.310916257E-01
                         Error322        4.310704918E-01
                         Error323        4.310494037E-01
                         Error324        4.310283611E-01
                         Error325        4.310073637E-01
                         Error326        4.309864110E-01
                         Error327        4.309655029E-01
                         Error328        4.309446390E-01
                         Error329        4.309238191E-01
                         Error330        4.309030427E-01
                         Error331        4.308823096E-01
                         Error332        4.308616196E-01
                         Error333        4.308409722E-01
                         Error334        4.308203673E-01
                         Error335        4.307998046E-01
                         Error336        4.307792837E-01
                         Error337        4.307588043E-01
                         Error338        4.307383663E-01
                         Error339        4.307179692E-01
                         Error340        4.306976129E-01
                         Error341        4.306772971E-01
                         Error342        4.306570215E-01
                         Error343        4.306367858E-01
                         Error344        4.306165898E-01
                         Error345        4.305964332E-01
                         Error346        4.305763158E-01
                         Error347        4.305562373E-01
                         Error348        4.305361974E-01
                         Error349        4.305161959E-01
                         Error350        4.304962326E-01
                         Error351        4.304763072E-01
                         Error352        4.304564194E-01
                         Error353        4.304365691E-01
                         Error354        4.304167560E-01
                         Error355        4.303969798E-01
                         Error356        4.303772403E-01
                         Error357        4.303575373E-01
                         Error358        4.303378706E-01
                         Error359        4.303182399E-01
                         Error360        4.302986450E-01
                         Error361        4.302790857E-01
                         Error362        4.302595618E-01
                         Error363        4.302400730E-01
                         Error364        4.302206192E-01
                         Error365        4.302012001E-01
                         Error366        4.301818155E-01
                         Error367        4.301624652E-01
                         Error368        4.301431490E-01
                         Error369        4.301238667E-01
                         Error370        4.301046181E-01
                         Error371        4.300854029E-01
                         Error372        4.300662211E-01
                         Error373        4.300470723E-01
                         Error374        4.300279565E-01
                         Error375        4.300088733E-01
                         Error376        4.299898227E-01
                         Error377        4.299708043E-01
                         Error378        4.299518181E-01
                         Error379        4.299328639E-01
                         Error380        4.299139414E-01
                         Error381        4.298950505E-01
                         Error382        4.298761910E-01
                         Error383        4.298573627E-01
                         Error384        4.298385655E-01
                         Error385        4.298197991E-01
                         Error386        4.298010634E-01
                         Error387        4.297823583E-01
                         Error388        4.297636835E-01
                         Error389        4.297450389E-01
                         Error390        4.297264243E-01
                         Error391        4.297078396E-01
                         Error392        4.296892845E-01
                         Error393        4.296707590E-01
                         Error394        4.296522628E-01
                         Error395        4.296337959E-01
                         Error396        4.296153579E-01
                         Error397        4.295969489E-01
                         Error398        4.295785686E-01
                         Error399        4.295602169E-01
                         Error400        4.295418937E-01
                         Error401        4.295235987E-01
                         Error402        4.295053318E-01
                         Error403        4.294870929E-01
                         Error404        4.294688818E-01
                         Error405        4.294506985E-01
                         Error406        4.294325427E-01
                         Error407        4.294144143E-01
                         Error408        4.293963131E-01
                         Error409        4.293782391E-01
                         Error410        4.293601920E-01
                         Error411        4.293421719E-01
                         Error412        4.293241784E-01
                         Error413        4.293062115E-01
                         Error414        4.292882710E-01
                         Error415        4.292703569E-01
                         Error416        4.292524689E-01
                         Error417        4.292346070E-01
                         Error418        4.292167710E-01
                         Error419        4.291989608E-01
                         Error420        4.291811763E-01
                         Error421        4.291634173E-01
                         Error422        4.291456837E-01
                         Error423        4.291279754E-01
                         Error424        4.291102923E-01
                         Error425        4.290926343E-01
                         Error426        4.290750012E-01
                         Error427        4.290573929E-01
                         Error428        4.290398093E-01
                         Error429        4.290222503E-01
                         Error430        4.290047158E-01
                         Error431        4.289872056E-01
                         Error432        4.289697196E-01
                         Error433        4.289522578E-01
                         Error434        4.289348200E-01
                         Error435        4.289174061E-01
                         Error436        4.289000160E-01
                         Error437        4.288826496E-01
                         Error438        4.288653068E-01
                         Error439        4.288479874E-01
                         Error440        4.288306914E-01
                         Error441        4.288134187E-01
                         Error442        4.287961692E-01
                         Error443        4.287789427E-01
                         Error444        4.287617391E-01
                         Error445        4.287445585E-01
                         Error446        4.287274005E-01
                         Error447        4.287102653E-01
                         Error448        4.286931526E-01
                         Error449        4.286760623E-01
                         Error450        4.286589945E-01
                         Error451        4.286419489E-01
                         Error452        4.286249254E-01
                         Error453        4.286079241E-01
                         Error454        4.285909447E-01
                         Error455        4.285739873E-01
                         Error456        4.285570516E-01
                         Error457        4.285401377E-01
                         Error458        4.285232454E-01
                         Error459        4.285063746E-01
                         Error460        4.284895253E-01
                         Error461        4.284726973E-01
                         Error462        4.284558906E-01
                         Error463        4.284391051E-01
                         Error464        4.284223407E-01
                         Error465        4.284055973E-01
                         Error466        4.283888748E-01
                         Error467        4.283721732E-01
                         Error468        4.283554923E-01
                         Error469        4.283388321E-01
                         Error470        4.283221926E-01
                         Error471        4.283055735E-01
                         Error472        4.282889749E-01
                         Error473        4.282723967E-01
                         Error474        4.282558387E-01
                         Error475        4.282393010E-01
                         Error476        4.282227833E-01
                         Error477        4.282062858E-01
                         Error478        4.281898082E-01
                         Error479        4.281733505E-01
                         Error480        4.281569126E-01
                         Error481        4.281404945E-01
                         Error482        4.281240961E-01
                         Error483        4.281077172E-01
                         Error484        4.280913579E-01
                         Error485        4.280750181E-01
                         Error486        4.280586977E-01
                         Error487        4.280423966E-01
                         Error488        4.280261147E-01
                         Error489        4.280098520E-01
                         Error490        4.279936084E-01
                         Error491        4.279773839E-01
                         Error492        4.279611783E-01
                         Error493        4.279449917E-01
                         Error494        4.279288239E-01
                         Error495        4.279126749E-01
                         Error496        4.278965446E-01
                         Error497        4.278804329E-01
                         Error498        4.278643398E-01
                         Error499        4.278482652E-01
                         Error500        4.278322091E-01
                         Error        4.278322091E-01
