node26.cluster
-xyz
refined.xyz
-dens
../../cubes/2_SCAN_1_2_3_4_F/B.d.cube
-esp
../../cubes/2_SCAN_1_2_3_4_F/B.p.cube
-stepsize
0.05
   3.5410466940800327        2.4363034622686470       0.83524560867169140     
   3.4260107532039741      -0.34164120900891065      -0.76081133409878532     
   6.2399952111895942       -1.1072472640145865        5.8862423151669126E-002
   3.9746538196253174      -0.93975189591817787        5.7068051577459852E-002
   3.4382465429722120      -0.78855528218126492       0.64855198197411190     
   2.5360989117683754       -1.6460905630545590      -0.10810770029706691     
   1.5565808549474016      -0.88997940756368099       -1.1689042658996507     
   2.1231929343488800       -1.2847163174264220        6.2833570170204051E-002
   1.2833678967792681      -0.70725724581958938      -0.26931639225130882     
   1.5847909442893626       -3.9548417200290005      -0.88977963568200413     
  -1.1613370519225805        3.0593302052387044       -6.1360583410723805E-002
  -1.1033360037489368        2.4118576499654538      -0.26174636568561377     
  -1.2158427429030640        1.5961146944607687       -7.7015484910882545E-002
  -1.1577739189814884        2.6992029665145658       -2.5360965446148090E-002
 -0.87104290702551657      -0.38451955659001624       0.14256993904741466     
 -0.94345971884541435       0.39697836716669066      -0.19202016967514809     
 -0.80182316020960342      -0.90331159457985810       -5.0462292800601827E-002
  -1.3103810685337351      -0.59749901527473970      -0.50625237312035265     
  -5.3534980998569583      -0.26986744094342630       0.31702314530937031     
  -2.1255665429868023       -1.4006075252493020       -8.0847423383217737E-002
  -2.5923640156134891      -0.91271240350051031       0.49703278698209213     
  -2.9019723940370068      -0.54224659044122625       0.14537043641536077     
  -2.8539140265396052      -0.91384993607932408      -0.11679914266591691     
  -3.1851366687034361       -3.6709718961892910       0.93006574880037096     
  -3.2245567184549135       -3.5789017155639002       0.61612183801710396     
First
                         Total        9.353115341E-01
Step size:       0.05
Step size in Bohr:       0.05
                         Error  1        9.352838432E-01
                         Error  2        9.352561616E-01
                         Error  3        9.352284893E-01
                         Error  4        9.352008262E-01
                         Error  5        9.351731724E-01
                         Error  6        9.351455278E-01
                         Error  7        9.351178924E-01
                         Error  8        9.350902663E-01
                         Error  9        9.350626493E-01
                         Error 10        9.350350416E-01
                         Error 11        9.350074430E-01
                         Error 12        9.349798535E-01
                         Error 13        9.349522733E-01
                         Error 14        9.349247021E-01
                         Error 15        9.348971402E-01
                         Error 16        9.348695873E-01
                         Error 17        9.348420435E-01
                         Error 18        9.348145089E-01
                         Error 19        9.347869833E-01
                         Error 20        9.347594668E-01
                         Error 21        9.347319594E-01
                         Error 22        9.347044610E-01
                         Error 23        9.346769716E-01
                         Error 24        9.346494913E-01
                         Error 25        9.346220200E-01
                         Error 26        9.345945578E-01
                         Error 27        9.345671045E-01
                         Error 28        9.345396602E-01
                         Error 29        9.345122249E-01
                         Error 30        9.344847985E-01
                         Error 31        9.344573811E-01
                         Error 32        9.344299726E-01
                         Error 33        9.344025731E-01
                         Error 34        9.343751825E-01
                         Error 35        9.343478008E-01
                         Error 36        9.343204280E-01
                         Error 37        9.342930641E-01
                         Error 38        9.342657091E-01
                         Error 39        9.342383629E-01
                         Error 40        9.342110256E-01
                         Error 41        9.341836971E-01
                         Error 42        9.341563775E-01
                         Error 43        9.341290667E-01
                         Error 44        9.341017647E-01
                         Error 45        9.340744715E-01
                         Error 46        9.340471871E-01
                         Error 47        9.340199114E-01
                         Error 48        9.339926446E-01
                         Error 49        9.339653865E-01
                         Error 50        9.339381371E-01
                         Error 51        9.339108965E-01
                         Error 52        9.338836646E-01
                         Error 53        9.338564414E-01
                         Error 54        9.338292269E-01
                         Error 55        9.338020211E-01
                         Error 56        9.337748240E-01
                         Error 57        9.337476356E-01
                         Error 58        9.337204558E-01
                         Error 59        9.336932847E-01
                         Error 60        9.336661223E-01
                         Error 61        9.336389684E-01
                         Error 62        9.336118232E-01
                         Error 63        9.335846866E-01
                         Error 64        9.335575586E-01
                         Error 65        9.335304391E-01
                         Error 66        9.335033283E-01
                         Error 67        9.334762260E-01
                         Error 68        9.334491323E-01
                         Error 69        9.334220471E-01
                         Error 70        9.333949705E-01
                         Error 71        9.333679023E-01
                         Error 72        9.333408427E-01
                         Error 73        9.333137916E-01
                         Error 74        9.332867490E-01
                         Error 75        9.332597149E-01
                         Error 76        9.332326893E-01
                         Error 77        9.332056721E-01
                         Error 78        9.331786634E-01
                         Error 79        9.331516631E-01
                         Error 80        9.331246712E-01
                         Error 81        9.330976878E-01
                         Error 82        9.330707128E-01
                         Error 83        9.330437462E-01
                         Error 84        9.330167880E-01
                         Error 85        9.329898381E-01
                         Error 86        9.329628967E-01
                         Error 87        9.329359636E-01
                         Error 88        9.329090388E-01
                         Error 89        9.328821224E-01
                         Error 90        9.328552144E-01
                         Error 91        9.328283146E-01
                         Error 92        9.328014232E-01
                         Error 93        9.327745400E-01
                         Error 94        9.327476652E-01
                         Error 95        9.327207986E-01
                         Error 96        9.326939403E-01
                         Error 97        9.326670903E-01
                         Error 98        9.326402485E-01
                         Error 99        9.326134149E-01
                         Error100        9.325865896E-01
                         Error101        9.325597725E-01
                         Error102        9.325329637E-01
                         Error103        9.325061630E-01
                         Error104        9.324793705E-01
                         Error105        9.324525862E-01
                         Error106        9.324258101E-01
                         Error107        9.323990421E-01
                         Error108        9.323722823E-01
                         Error109        9.323455306E-01
                         Error110        9.323187871E-01
                         Error111        9.322920517E-01
                         Error112        9.322653244E-01
                         Error113        9.322386052E-01
                         Error114        9.322118941E-01
                         Error115        9.321851910E-01
                         Error116        9.321584961E-01
                         Error117        9.321318092E-01
                         Error118        9.321051304E-01
                         Error119        9.320784596E-01
                         Error120        9.320517969E-01
                         Error121        9.320251422E-01
                         Error122        9.319984955E-01
                         Error123        9.319718568E-01
                         Error124        9.319452261E-01
                         Error125        9.319186034E-01
                         Error126        9.318919886E-01
                         Error127        9.318653819E-01
                         Error128        9.318387831E-01
                         Error129        9.318121922E-01
                         Error130        9.317856093E-01
                         Error131        9.317590343E-01
                         Error132        9.317324673E-01
                         Error133        9.317059081E-01
                         Error134        9.316793569E-01
                         Error135        9.316528135E-01
                         Error136        9.316262781E-01
                         Error137        9.315997505E-01
                         Error138        9.315732307E-01
                         Error139        9.315467189E-01
                         Error140        9.315202148E-01
                         Error141        9.314937187E-01
                         Error142        9.314672303E-01
                         Error143        9.314407497E-01
                         Error144        9.314142770E-01
                         Error145        9.313878121E-01
                         Error146        9.313613549E-01
                         Error147        9.313349056E-01
                         Error148        9.313084640E-01
                         Error149        9.312820301E-01
                         Error150        9.312556040E-01
                         Error151        9.312291857E-01
                         Error152        9.312027751E-01
                         Error153        9.311763722E-01
                         Error154        9.311499771E-01
                         Error155        9.311235896E-01
                         Error156        9.310972099E-01
                         Error157        9.310708378E-01
                         Error158        9.310444734E-01
                         Error159        9.310181167E-01
                         Error160        9.309917676E-01
                         Error161        9.309654262E-01
                         Error162        9.309390925E-01
                         Error163        9.309127664E-01
                         Error164        9.308864479E-01
                         Error165        9.308601370E-01
                         Error166        9.308338337E-01
                         Error167        9.308075380E-01
                         Error168        9.307812499E-01
                         Error169        9.307549694E-01
                         Error170        9.307286965E-01
                         Error171        9.307024311E-01
                         Error172        9.306761733E-01
                         Error173        9.306499230E-01
                         Error174        9.306236803E-01
                         Error175        9.305974450E-01
                         Error176        9.305712173E-01
                         Error177        9.305449972E-01
                         Error178        9.305187845E-01
                         Error179        9.304925793E-01
                         Error180        9.304663815E-01
                         Error181        9.304401913E-01
                         Error182        9.304140085E-01
                         Error183        9.303878332E-01
                         Error184        9.303616653E-01
                         Error185        9.303355049E-01
                         Error186        9.303093519E-01
                         Error187        9.302832063E-01
                         Error188        9.302570681E-01
                         Error189        9.302309373E-01
                         Error190        9.302048140E-01
                         Error191        9.301786980E-01
                         Error192        9.301525893E-01
                         Error193        9.301264881E-01
                         Error194        9.301003942E-01
                         Error195        9.300743077E-01
                         Error196        9.300482285E-01
                         Error197        9.300221566E-01
                         Error198        9.299960921E-01
                         Error199        9.299700349E-01
                         Error200        9.299439849E-01
                         Error201        9.299179423E-01
                         Error202        9.298919070E-01
                         Error203        9.298658790E-01
                         Error204        9.298398582E-01
                         Error205        9.298138447E-01
                         Error206        9.297878385E-01
                         Error207        9.297618395E-01
                         Error208        9.297358477E-01
                         Error209        9.297098632E-01
                         Error210        9.296838859E-01
                         Error211        9.296579158E-01
                         Error212        9.296319529E-01
                         Error213        9.296059972E-01
                         Error214        9.295800487E-01
                         Error215        9.295541074E-01
                         Error216        9.295281733E-01
                         Error217        9.295022463E-01
                         Error218        9.294763264E-01
                         Error219        9.294504138E-01
                         Error220        9.294245082E-01
                         Error221        9.293986098E-01
                         Error222        9.293727185E-01
                         Error223        9.293468344E-01
                         Error224        9.293209573E-01
                         Error225        9.292950873E-01
                         Error226        9.292692244E-01
                         Error227        9.292433686E-01
                         Error228        9.292175199E-01
                         Error229        9.291916782E-01
                         Error230        9.291658436E-01
                         Error231        9.291400161E-01
                         Error232        9.291141955E-01
                         Error233        9.290883820E-01
                         Error234        9.290625756E-01
                         Error235        9.290367761E-01
                         Error236        9.290109837E-01
                         Error237        9.289851982E-01
                         Error238        9.289594198E-01
                         Error239        9.289336483E-01
                         Error240        9.289078838E-01
                         Error241        9.288821262E-01
                         Error242        9.288563757E-01
                         Error243        9.288306320E-01
                         Error244        9.288048954E-01
                         Error245        9.287791656E-01
                         Error246        9.287534428E-01
                         Error247        9.287277269E-01
                         Error248        9.287020179E-01
                         Error249        9.286763158E-01
                         Error250        9.286506206E-01
                         Error251        9.286249322E-01
                         Error252        9.285992508E-01
                         Error253        9.285735762E-01
                         Error254        9.285479085E-01
                         Error255        9.285222476E-01
                         Error256        9.284965936E-01
                         Error257        9.284709465E-01
                         Error258        9.284453061E-01
                         Error259        9.284196726E-01
                         Error260        9.283940459E-01
                         Error261        9.283684260E-01
                         Error262        9.283428129E-01
                         Error263        9.283172066E-01
                         Error264        9.282916070E-01
                         Error265        9.282660143E-01
                         Error266        9.282404283E-01
                         Error267        9.282148491E-01
                         Error268        9.281892766E-01
                         Error269        9.281637108E-01
                         Error270        9.281381519E-01
                         Error271        9.281125996E-01
                         Error272        9.280870540E-01
                         Error273        9.280615152E-01
                         Error274        9.280359831E-01
                         Error275        9.280104576E-01
                         Error276        9.279849389E-01
                         Error277        9.279594268E-01
                         Error278        9.279339214E-01
                         Error279        9.279084227E-01
                         Error280        9.278829306E-01
                         Error281        9.278574452E-01
                         Error282        9.278319665E-01
                         Error283        9.278064943E-01
                         Error284        9.277810288E-01
                         Error285        9.277555699E-01
                         Error286        9.277301177E-01
                         Error287        9.277046720E-01
                         Error288        9.276792329E-01
                         Error289        9.276538004E-01
                         Error290        9.276283745E-01
                         Error291        9.276029552E-01
                         Error292        9.275775425E-01
                         Error293        9.275521363E-01
                         Error294        9.275267366E-01
                         Error295        9.275013435E-01
                         Error296        9.274759570E-01
                         Error297        9.274505769E-01
                         Error298        9.274252034E-01
                         Error299        9.273998364E-01
                         Error300        9.273744760E-01
                         Error301        9.273491220E-01
                         Error302        9.273237745E-01
                         Error303        9.272984335E-01
                         Error304        9.272730989E-01
                         Error305        9.272477709E-01
                         Error306        9.272224493E-01
                         Error307        9.271971342E-01
                         Error308        9.271718255E-01
                         Error309        9.271465232E-01
                         Error310        9.271212274E-01
                         Error311        9.270959380E-01
                         Error312        9.270706550E-01
                         Error313        9.270453785E-01
                         Error314        9.270201083E-01
                         Error315        9.269948446E-01
                         Error316        9.269695872E-01
                         Error317        9.269443362E-01
                         Error318        9.269190916E-01
                         Error319        9.268938534E-01
                         Error320        9.268686215E-01
                         Error321        9.268433960E-01
                         Error322        9.268181768E-01
                         Error323        9.267929639E-01
                         Error324        9.267677574E-01
                         Error325        9.267425572E-01
                         Error326        9.267173634E-01
                         Error327        9.266921758E-01
                         Error328        9.266669945E-01
                         Error329        9.266418196E-01
                         Error330        9.266166509E-01
                         Error331        9.265914885E-01
                         Error332        9.265663324E-01
                         Error333        9.265411826E-01
                         Error334        9.265160390E-01
                         Error335        9.264909016E-01
                         Error336        9.264657706E-01
                         Error337        9.264406457E-01
                         Error338        9.264155271E-01
                         Error339        9.263904147E-01
                         Error340        9.263653085E-01
                         Error341        9.263402086E-01
                         Error342        9.263151148E-01
                         Error343        9.262900273E-01
                         Error344        9.262649459E-01
                         Error345        9.262398707E-01
                         Error346        9.262148017E-01
                         Error347        9.261897388E-01
                         Error348        9.261646822E-01
                         Error349        9.261396316E-01
                         Error350        9.261145872E-01
                         Error351        9.260895490E-01
                         Error352        9.260645169E-01
                         Error353        9.260394909E-01
                         Error354        9.260144711E-01
                         Error355        9.259894573E-01
                         Error356        9.259644497E-01
                         Error357        9.259394482E-01
                         Error358        9.259144527E-01
                         Error359        9.258894634E-01
                         Error360        9.258644801E-01
                         Error361        9.258395029E-01
                         Error362        9.258145317E-01
                         Error363        9.257895666E-01
                         Error364        9.257646076E-01
                         Error365        9.257396546E-01
                         Error366        9.257147077E-01
                         Error367        9.256897668E-01
                         Error368        9.256648319E-01
                         Error369        9.256399030E-01
                         Error370        9.256149801E-01
                         Error371        9.255900633E-01
                         Error372        9.255651524E-01
                         Error373        9.255402476E-01
                         Error374        9.255153487E-01
                         Error375        9.254904558E-01
                         Error376        9.254655688E-01
                         Error377        9.254406879E-01
                         Error378        9.254158128E-01
                         Error379        9.253909438E-01
                         Error380        9.253660807E-01
                         Error381        9.253412235E-01
                         Error382        9.253163722E-01
                         Error383        9.252915269E-01
                         Error384        9.252666875E-01
                         Error385        9.252418540E-01
                         Error386        9.252170264E-01
                         Error387        9.251922047E-01
                         Error388        9.251673889E-01
                         Error389        9.251425790E-01
                         Error390        9.251177749E-01
                         Error391        9.250929768E-01
                         Error392        9.250681845E-01
                         Error393        9.250433980E-01
                         Error394        9.250186174E-01
                         Error395        9.249938427E-01
                         Error396        9.249690738E-01
                         Error397        9.249443107E-01
                         Error398        9.249195534E-01
                         Error399        9.248948020E-01
                         Error400        9.248700564E-01
                         Error401        9.248453166E-01
                         Error402        9.248205826E-01
                         Error403        9.247958543E-01
                         Error404        9.247711319E-01
                         Error405        9.247464153E-01
                         Error406        9.247217044E-01
                         Error407        9.246969993E-01
                         Error408        9.246722999E-01
                         Error409        9.246476063E-01
                         Error410        9.246229185E-01
                         Error411        9.245982364E-01
                         Error412        9.245735600E-01
                         Error413        9.245488894E-01
                         Error414        9.245242245E-01
                         Error415        9.244995653E-01
                         Error416        9.244749118E-01
                         Error417        9.244502640E-01
                         Error418        9.244256219E-01
                         Error419        9.244009856E-01
                         Error420        9.243763549E-01
                         Error421        9.243517298E-01
                         Error422        9.243271105E-01
                         Error423        9.243024968E-01
                         Error424        9.242778888E-01
                         Error425        9.242532864E-01
                         Error426        9.242286897E-01
                         Error427        9.242040986E-01
                         Error428        9.241795131E-01
                         Error429        9.241549333E-01
                         Error430        9.241303591E-01
                         Error431        9.241057906E-01
                         Error432        9.240812276E-01
                         Error433        9.240566702E-01
                         Error434        9.240321185E-01
                         Error435        9.240075723E-01
                         Error436        9.239830317E-01
                         Error437        9.239584967E-01
                         Error438        9.239339673E-01
                         Error439        9.239094434E-01
                         Error440        9.238849251E-01
                         Error441        9.238604124E-01
                         Error442        9.238359052E-01
                         Error443        9.238114035E-01
                         Error444        9.237869074E-01
                         Error445        9.237624168E-01
                         Error446        9.237379317E-01
                         Error447        9.237134522E-01
                         Error448        9.236889782E-01
                         Error449        9.236645096E-01
                         Error450        9.236400466E-01
                         Error451        9.236155891E-01
                         Error452        9.235911370E-01
                         Error453        9.235666905E-01
                         Error454        9.235422494E-01
                         Error455        9.235178138E-01
                         Error456        9.234933836E-01
                         Error457        9.234689590E-01
                         Error458        9.234445397E-01
                         Error459        9.234201259E-01
                         Error460        9.233957176E-01
                         Error461        9.233713147E-01
                         Error462        9.233469172E-01
                         Error463        9.233225251E-01
                         Error464        9.232981385E-01
                         Error465        9.232737573E-01
                         Error466        9.232493815E-01
                         Error467        9.232250110E-01
                         Error468        9.232006460E-01
                         Error469        9.231762864E-01
                         Error470        9.231519321E-01
                         Error471        9.231275832E-01
                         Error472        9.231032397E-01
                         Error473        9.230789015E-01
                         Error474        9.230545687E-01
                         Error475        9.230302413E-01
                         Error476        9.230059192E-01
                         Error477        9.229816025E-01
                         Error478        9.229572910E-01
                         Error479        9.229329850E-01
                         Error480        9.229086842E-01
                         Error481        9.228843887E-01
                         Error482        9.228600986E-01
                         Error483        9.228358138E-01
                         Error484        9.228115343E-01
                         Error485        9.227872600E-01
                         Error486        9.227629911E-01
                         Error487        9.227387274E-01
                         Error488        9.227144690E-01
                         Error489        9.226902159E-01
                         Error490        9.226659681E-01
                         Error491        9.226417255E-01
                         Error492        9.226174882E-01
                         Error493        9.225932561E-01
                         Error494        9.225690293E-01
                         Error495        9.225448077E-01
                         Error496        9.225205913E-01
                         Error497        9.224963802E-01
                         Error498        9.224721743E-01
                         Error499        9.224479736E-01
                         Error500        9.224237781E-01
                         Error501        9.223995878E-01
                         Error502        9.223754027E-01
                         Error503        9.223512228E-01
                         Error504        9.223270481E-01
                         Error505        9.223028786E-01
                         Error506        9.222787142E-01
                         Error507        9.222545550E-01
                         Error508        9.222304010E-01
                         Error509        9.222062522E-01
                         Error510        9.221821085E-01
                         Error511        9.221579699E-01
                         Error512        9.221338365E-01
                         Error513        9.221097082E-01
                         Error514        9.220855851E-01
                         Error515        9.220614671E-01
                         Error516        9.220373542E-01
                         Error517        9.220132464E-01
                         Error518        9.219891437E-01
                         Error519        9.219650462E-01
                         Error520        9.219409537E-01
                         Error521        9.219168663E-01
                         Error522        9.218927840E-01
                         Error523        9.218687068E-01
                         Error524        9.218446347E-01
                         Error525        9.218205677E-01
                         Error526        9.217965057E-01
                         Error527        9.217724488E-01
                         Error528        9.217483969E-01
                         Error529        9.217243501E-01
                         Error530        9.217003083E-01
                         Error531        9.216762716E-01
                         Error532        9.216522399E-01
                         Error533        9.216282132E-01
                         Error534        9.216041915E-01
                         Error535        9.215801749E-01
                         Error536        9.215561633E-01
                         Error537        9.215321567E-01
                         Error538        9.215081551E-01
                         Error539        9.214841585E-01
                         Error540        9.214601668E-01
                         Error541        9.214361802E-01
                         Error542        9.214121986E-01
                         Error543        9.213882219E-01
                         Error544        9.213642502E-01
                         Error545        9.213402834E-01
                         Error546        9.213163216E-01
                         Error547        9.212923648E-01
                         Error548        9.212684129E-01
                         Error549        9.212444660E-01
                         Error550        9.212205240E-01
                         Error551        9.211965869E-01
                         Error552        9.211726548E-01
                         Error553        9.211487276E-01
                         Error554        9.211248053E-01
                         Error555        9.211008879E-01
                         Error556        9.210769754E-01
                         Error557        9.210530678E-01
                         Error558        9.210291651E-01
                         Error559        9.210052674E-01
                         Error560        9.209813745E-01
                         Error561        9.209574864E-01
                         Error562        9.209336033E-01
                         Error563        9.209097250E-01
                         Error564        9.208858516E-01
                         Error565        9.208619831E-01
                         Error566        9.208381194E-01
                         Error567        9.208142605E-01
                         Error568        9.207904065E-01
                         Error569        9.207665574E-01
                         Error570        9.207427131E-01
                         Error571        9.207188736E-01
                         Error572        9.206950389E-01
                         Error573        9.206712091E-01
                         Error574        9.206473840E-01
                         Error575        9.206235638E-01
                         Error576        9.205997484E-01
                         Error577        9.205759378E-01
                         Error578        9.205521320E-01
                         Error579        9.205283309E-01
                         Error580        9.205045347E-01
                         Error581        9.204807432E-01
                         Error582        9.204569565E-01
                         Error583        9.204331746E-01
                         Error584        9.204093975E-01
                         Error585        9.203856251E-01
                         Error586        9.203618574E-01
                         Error587        9.203380945E-01
                         Error588        9.203143364E-01
                         Error589        9.202905830E-01
                         Error590        9.202668343E-01
                         Error591        9.202430904E-01
                         Error592        9.202193512E-01
                         Error593        9.201956167E-01
                         Error594        9.201718869E-01
                         Error595        9.201481618E-01
                         Error596        9.201244414E-01
                         Error597        9.201007258E-01
                         Error598        9.200770148E-01
                         Error599        9.200533085E-01
                         Error600        9.200296069E-01
                         Error601        9.200059100E-01
                         Error602        9.199822178E-01
                         Error603        9.199585302E-01
                         Error604        9.199348473E-01
                         Error605        9.199111691E-01
                         Error606        9.198874955E-01
                         Error607        9.198638265E-01
                         Error608        9.198401623E-01
                         Error609        9.198165026E-01
                         Error610        9.197928476E-01
                         Error611        9.197691972E-01
                         Error612        9.197455515E-01
                         Error613        9.197219104E-01
                         Error614        9.196982739E-01
                         Error615        9.196746420E-01
                         Error616        9.196510147E-01
                         Error617        9.196273920E-01
                         Error618        9.196037739E-01
                         Error619        9.195801604E-01
                         Error620        9.195565515E-01
                         Error621        9.195329472E-01
                         Error622        9.195093475E-01
                         Error623        9.194857523E-01
                         Error624        9.194621617E-01
                         Error625        9.194385757E-01
                         Error626        9.194149943E-01
                         Error627        9.193914174E-01
                         Error628        9.193678450E-01
                         Error629        9.193442772E-01
                         Error630        9.193207139E-01
                         Error631        9.192971552E-01
                         Error632        9.192736010E-01
                         Error633        9.192500514E-01
                         Error634        9.192265062E-01
                         Error635        9.192029656E-01
                         Error636        9.191794295E-01
                         Error637        9.191558979E-01
                         Error638        9.191323708E-01
                         Error639        9.191088482E-01
                         Error640        9.190853301E-01
                         Error641        9.190618165E-01
                         Error642        9.190383074E-01
                         Error643        9.190148027E-01
                         Error644        9.189913026E-01
                         Error645        9.189678069E-01
                         Error646        9.189443157E-01
                         Error647        9.189208289E-01
                         Error648        9.188973466E-01
                         Error649        9.188738688E-01
                         Error650        9.188503954E-01
                         Error651        9.188269264E-01
                         Error652        9.188034619E-01
                         Error653        9.187800019E-01
                         Error654        9.187565462E-01
                         Error655        9.187330950E-01
                         Error656        9.187096482E-01
                         Error657        9.186862059E-01
                         Error658        9.186627679E-01
                         Error659        9.186393344E-01
                         Error660        9.186159052E-01
                         Error661        9.185924805E-01
                         Error662        9.185690601E-01
                         Error663        9.185456442E-01
                         Error664        9.185222326E-01
                         Error665        9.184988254E-01
                         Error666        9.184754226E-01
                         Error667        9.184520242E-01
                         Error668        9.184286301E-01
                         Error669        9.184052404E-01
                         Error670        9.183818551E-01
                         Error671        9.183584741E-01
                         Error672        9.183350975E-01
                         Error673        9.183117252E-01
                         Error674        9.182883573E-01
                         Error675        9.182649936E-01
                         Error676        9.182416344E-01
                         Error677        9.182182794E-01
                         Error678        9.181949288E-01
                         Error679        9.181715825E-01
                         Error680        9.181482405E-01
                         Error681        9.181249029E-01
                         Error682        9.181015695E-01
                         Error683        9.180782405E-01
                         Error684        9.180549157E-01
                         Error685        9.180315952E-01
                         Error686        9.180082791E-01
                         Error687        9.179849672E-01
                         Error688        9.179616596E-01
                         Error689        9.179383562E-01
                         Error690        9.179150572E-01
                         Error691        9.178917624E-01
                         Error692        9.178684719E-01
                         Error693        9.178451856E-01
                         Error694        9.178219036E-01
                         Error695        9.177986259E-01
                         Error696        9.177753524E-01
                         Error697        9.177520831E-01
                         Error698        9.177288181E-01
                         Error699        9.177055573E-01
                         Error700        9.176823007E-01
                         Error701        9.176590484E-01
                         Error702        9.176358003E-01
                         Error703        9.176125564E-01
                         Error704        9.175893167E-01
                         Error705        9.175660812E-01
                         Error706        9.175428499E-01
                         Error707        9.175196229E-01
                         Error708        9.174964000E-01
                         Error709        9.174731813E-01
                         Error710        9.174499668E-01
                         Error711        9.174267565E-01
                         Error712        9.174035504E-01
                         Error713        9.173803484E-01
                         Error714        9.173571506E-01
                         Error715        9.173339570E-01
                         Error716        9.173107676E-01
                         Error717        9.172875823E-01
                         Error718        9.172644012E-01
                         Error719        9.172412242E-01
                         Error720        9.172180513E-01
                         Error721        9.171948826E-01
                         Error722        9.171717181E-01
                         Error723        9.171485576E-01
                         Error724        9.171254013E-01
                         Error725        9.171022492E-01
                         Error726        9.170791011E-01
                         Error727        9.170559572E-01
                         Error728        9.170328174E-01
                         Error729        9.170096817E-01
                         Error730        9.169865501E-01
                         Error731        9.169634226E-01
                         Error732        9.169402992E-01
                         Error733        9.169171799E-01
                         Error734        9.168940646E-01
                         Error735        9.168709535E-01
                         Error736        9.168478465E-01
                         Error737        9.168247435E-01
                         Error738        9.168016446E-01
                         Error739        9.167785497E-01
                         Error740        9.167554590E-01
                         Error741        9.167323723E-01
                         Error742        9.167092896E-01
                         Error743        9.166862110E-01
                         Error744        9.166631365E-01
                         Error745        9.166400660E-01
                         Error746        9.166169995E-01
                         Error747        9.165939371E-01
                         Error748        9.165708787E-01
                         Error749        9.165478243E-01
                         Error750        9.165247740E-01
                         Error751        9.165017277E-01
                         Error752        9.164786854E-01
                         Error753        9.164556471E-01
                         Error754        9.164326128E-01
                         Error755        9.164095825E-01
                         Error756        9.163865563E-01
                         Error757        9.163635340E-01
                         Error758        9.163405157E-01
                         Error759        9.163175014E-01
                         Error760        9.162944911E-01
                         Error761        9.162714848E-01
                         Error762        9.162484825E-01
                         Error763        9.162254841E-01
                         Error764        9.162024897E-01
                         Error765        9.161794993E-01
                         Error766        9.161565128E-01
                         Error767        9.161335303E-01
                         Error768        9.161105517E-01
                         Error769        9.160875771E-01
                         Error770        9.160646065E-01
                         Error771        9.160416398E-01
                         Error772        9.160186770E-01
                         Error773        9.159957182E-01
                         Error774        9.159727633E-01
                         Error775        9.159498123E-01
                         Error776        9.159268652E-01
                         Error777        9.159039221E-01
                         Error778        9.158809829E-01
                         Error779        9.158580476E-01
                         Error780        9.158351162E-01
                         Error781        9.158121887E-01
                         Error782        9.157892651E-01
                         Error783        9.157663454E-01
                         Error784        9.157434296E-01
                         Error785        9.157205177E-01
                         Error786        9.156976097E-01
                         Error787        9.156747056E-01
                         Error788        9.156518053E-01
                         Error789        9.156289089E-01
                         Error790        9.156060164E-01
                         Error791        9.155831278E-01
                         Error792        9.155602430E-01
                         Error793        9.155373620E-01
                         Error794        9.155144850E-01
                         Error795        9.154916118E-01
                         Error796        9.154687424E-01
                         Error797        9.154458769E-01
                         Error798        9.154230152E-01
                         Error799        9.154001574E-01
                         Error800        9.153773034E-01
                         Error801        9.153544532E-01
                         Error802        9.153316069E-01
                         Error803        9.153087643E-01
                         Error804        9.152859256E-01
                         Error805        9.152630907E-01
                         Error806        9.152402597E-01
                         Error807        9.152174324E-01
                         Error808        9.151946089E-01
                         Error809        9.151717893E-01
                         Error810        9.151489734E-01
                         Error811        9.151261613E-01
                         Error812        9.151033531E-01
                         Error813        9.150805486E-01
                         Error814        9.150577478E-01
                         Error815        9.150349509E-01
                         Error816        9.150121578E-01
                         Error817        9.149893684E-01
                         Error818        9.149665828E-01
                         Error819        9.149438009E-01
                         Error820        9.149210228E-01
                         Error821        9.148982485E-01
                         Error822        9.148754779E-01
                         Error823        9.148527111E-01
                         Error824        9.148299480E-01
                         Error825        9.148071887E-01
                         Error826        9.147844331E-01
                         Error827        9.147616812E-01
                         Error828        9.147389331E-01
                         Error829        9.147161887E-01
                         Error830        9.146934480E-01
                         Error831        9.146707111E-01
                         Error832        9.146479778E-01
                         Error833        9.146252483E-01
                         Error834        9.146025225E-01
                         Error835        9.145798004E-01
                         Error836        9.145570820E-01
                         Error837        9.145343673E-01
                         Error838        9.145116563E-01
                         Error839        9.144889490E-01
                         Error840        9.144662454E-01
                         Error841        9.144435455E-01
                         Error842        9.144208493E-01
                         Error843        9.143981567E-01
                         Error844        9.143754678E-01
                         Error845        9.143527826E-01
                         Error846        9.143301011E-01
                         Error847        9.143074232E-01
                         Error848        9.142847490E-01
                         Error849        9.142620784E-01
                         Error850        9.142394115E-01
                         Error851        9.142167483E-01
                         Error852        9.141940887E-01
                         Error853        9.141714328E-01
                         Error854        9.141487805E-01
                         Error855        9.141261318E-01
                         Error856        9.141034868E-01
                         Error857        9.140808454E-01
                         Error858        9.140582076E-01
                         Error859        9.140355734E-01
                         Error860        9.140129429E-01
                         Error861        9.139903160E-01
                         Error862        9.139676927E-01
                         Error863        9.139450730E-01
                         Error864        9.139224570E-01
                         Error865        9.138998445E-01
                         Error866        9.138772356E-01
                         Error867        9.138546304E-01
                         Error868        9.138320287E-01
                         Error869        9.138094306E-01
                         Error870        9.137868361E-01
                         Error871        9.137642452E-01
                         Error872        9.137416579E-01
                         Error873        9.137190741E-01
                         Error874        9.136964939E-01
                         Error875        9.136739173E-01
                         Error876        9.136513443E-01
                         Error877        9.136287748E-01
                         Error878        9.136062089E-01
                         Error879        9.135836466E-01
                         Error880        9.135610878E-01
                         Error881        9.135385325E-01
                         Error882        9.135159808E-01
                         Error883        9.134934327E-01
                         Error884        9.134708881E-01
                         Error885        9.134483470E-01
                         Error886        9.134258094E-01
                         Error887        9.134032754E-01
                         Error888        9.133807450E-01
                         Error889        9.133582180E-01
                         Error890        9.133356946E-01
                         Error891        9.133131747E-01
                         Error892        9.132906583E-01
                         Error893        9.132681454E-01
                         Error894        9.132456360E-01
                         Error895        9.132231301E-01
                         Error896        9.132006278E-01
                         Error897        9.131781289E-01
                         Error898        9.131556335E-01
                         Error899        9.131331416E-01
                         Error900        9.131106532E-01
                         Error901        9.130881683E-01
                         Error902        9.130656869E-01
                         Error903        9.130432090E-01
                         Error904        9.130207345E-01
                         Error905        9.129982635E-01
                         Error906        9.129757960E-01
                         Error907        9.129533319E-01
                         Error908        9.129308713E-01
                         Error909        9.129084142E-01
                         Error910        9.128859605E-01
                         Error911        9.128635103E-01
                         Error912        9.128410635E-01
                         Error913        9.128186202E-01
                         Error914        9.127961804E-01
                         Error915        9.127737439E-01
                         Error916        9.127513109E-01
                         Error917        9.127288814E-01
                         Error918        9.127064553E-01
                         Error919        9.126840326E-01
                         Error920        9.126616133E-01
                         Error921        9.126391974E-01
                         Error922        9.126167850E-01
                         Error923        9.125943760E-01
                         Error924        9.125719704E-01
                         Error925        9.125495682E-01
                         Error926        9.125271694E-01
                         Error927        9.125047741E-01
                         Error928        9.124823821E-01
                         Error929        9.124599935E-01
                         Error930        9.124376083E-01
                         Error931        9.124152266E-01
                         Error932        9.123928482E-01
                         Error933        9.123704731E-01
                         Error934        9.123481015E-01
                         Error935        9.123257333E-01
                         Error936        9.123033684E-01
                         Error937        9.122810069E-01
                         Error938        9.122586488E-01
                         Error939        9.122362940E-01
                         Error940        9.122139426E-01
                         Error941        9.121915946E-01
                         Error942        9.121692499E-01
                         Error943        9.121469086E-01
                         Error944        9.121245706E-01
                         Error945        9.121022360E-01
                         Error946        9.120799047E-01
                         Error947        9.120575768E-01
                         Error948        9.120352522E-01
                         Error949        9.120129309E-01
                         Error950        9.119906130E-01
                         Error951        9.119682984E-01
                         Error952        9.119459872E-01
                         Error953        9.119236792E-01
                         Error954        9.119013746E-01
                         Error955        9.118790733E-01
                         Error956        9.118567754E-01
                         Error957        9.118344807E-01
                         Error958        9.118121894E-01
                         Error959        9.117899013E-01
                         Error960        9.117676166E-01
                         Error961        9.117453351E-01
                         Error962        9.117230570E-01
                         Error963        9.117007822E-01
                         Error964        9.116785106E-01
                         Error965        9.116562423E-01
                         Error966        9.116339774E-01
                         Error967        9.116117157E-01
                         Error968        9.115894573E-01
                         Error969        9.115672021E-01
                         Error970        9.115449503E-01
                         Error971        9.115227017E-01
                         Error972        9.115004564E-01
                         Error973        9.114782143E-01
                         Error974        9.114559756E-01
                         Error975        9.114337400E-01
                         Error976        9.114115078E-01
                         Error977        9.113892788E-01
                         Error978        9.113670530E-01
                         Error979        9.113448305E-01
                         Error980        9.113226112E-01
                         Error981        9.113003952E-01
                         Error982        9.112781824E-01
                         Error983        9.112559729E-01
                         Error984        9.112337666E-01
                         Error985        9.112115635E-01
                         Error986        9.111893637E-01
                         Error987        9.111671670E-01
                         Error988        9.111449736E-01
                         Error989        9.111227835E-01
                         Error990        9.111005965E-01
                         Error991        9.110784128E-01
                         Error992        9.110562322E-01
                         Error993        9.110340549E-01
                         Error994        9.110118808E-01
                         Error995        9.109897099E-01
                         Error996        9.109675422E-01
                         Error997        9.109453777E-01
                         Error998        9.109232163E-01
                         Error999        9.109010582E-01
                         Error***        9.108789033E-01
                         Error        9.108789033E-01

real	136m35.266s
user	136m33.792s
sys	0m0.019s
