node26.cluster
-xyz
refined.xyz
-dens
../../cubes/2_SCAN_1_2_3_4_F/B.d.cube
-esp
../../cubes/2_SCAN_1_2_3_4_F/B.p.cube
-stepsize
0.05
   3.5410466940800327        2.4363034622686470       0.83524560867169140     
   3.4260107532039741      -0.34164120900891065      -0.76081133409878532     
   6.2399952111895942       -1.1072472640145865        5.8862423151669126E-002
   3.9746538196253174      -0.93975189591817787        5.7068051577459852E-002
   3.4382465429722120      -0.78855528218126492       0.64855198197411190     
   2.5360989117683754       -1.6460905630545590      -0.10810770029706691     
   1.5565808549474016      -0.88997940756368110       -1.1689042658996507     
   2.1231929343488800       -1.2847163174264220        6.2833570170204051E-002
   1.2833678967792681      -0.70725724581958938      -0.26931639225130882     
   1.5847909442893626       -3.9548417200290005      -0.88977963568200413     
  -1.1613370519225805        3.0593302052387044       -6.1360583410723805E-002
  -1.1033360037489368        2.4118576499654538      -0.26174636568561377     
  -1.2158427429030640        1.5961146944607687       -7.7015484910882545E-002
  -1.1577739189814884        2.6992029665145658       -2.5360965446148090E-002
 -0.87104290702551657      -0.38451955659001624       0.14256993904741466     
 -0.94345971884541435       0.39697836716669066      -0.19202016967514809     
 -0.80182316020960342      -0.90331159457985810       -5.0462292800601827E-002
  -1.3103810685337351      -0.59749901527473970      -0.50625237312035265     
  -5.3534980998569583      -0.26986744094342630       0.31702314530937031     
  -2.1255665429868023       -1.4006075252493020       -8.0847423383217737E-002
  -2.5923640156134891      -0.91271240350051031       0.49703278698209213     
  -2.9019723940370068      -0.54224659044122625       0.14537043641536077     
  -2.8539140265396052      -0.91384993607932408      -0.11679914266591691     
  -3.1851366687034361       -3.6709718961892910       0.93006574880037096     
  -3.2245567184549135       -3.5789017155639002       0.61612183801710396     
First
                         Total        9.353115341E-01
¡ýEöy. 
                         Error  1        9.353115341E-01
                         Error  2        9.353115341E-01
                         Error  3        9.353115341E-01
                         Error  4        9.353115341E-01
                         Error  5        9.353115341E-01
                         Error  6        9.353115341E-01
                         Error  7        9.353115341E-01
                         Error  8        9.353115341E-01
                         Error  9        9.353115341E-01
                         Error 10        9.353115341E-01
                         Error 11        9.353115341E-01
                         Error 12        9.353115341E-01
                         Error 13        9.353115341E-01
                         Error 14        9.353115341E-01
                         Error 15        9.353115341E-01
                         Error 16        9.353115341E-01
                         Error 17        9.353115341E-01
                         Error 18        9.353115341E-01
                         Error 19        9.353115341E-01
                         Error 20        9.353115341E-01
                         Error 21        9.353115341E-01
                         Error 22        9.353115341E-01
                         Error 23        9.353115341E-01
                         Error 24        9.353115341E-01
                         Error 25        9.353115341E-01
                         Error 26        9.353115341E-01
                         Error 27        9.353115341E-01
                         Error 28        9.353115341E-01
                         Error 29        9.353115341E-01
                         Error 30        9.353115341E-01
                         Error 31        9.353115341E-01
                         Error 32        9.353115341E-01
                         Error 33        9.353115341E-01
                         Error 34        9.353115341E-01
                         Error 35        9.353115341E-01
                         Error 36        9.353115341E-01
                         Error 37        9.353115341E-01
                         Error 38        9.353115341E-01
                         Error 39        9.353115341E-01
                         Error 40        9.353115341E-01
                         Error 41        9.353115341E-01
                         Error 42        9.353115341E-01
                         Error 43        9.353115341E-01
                         Error 44        9.353115341E-01
                         Error 45        9.353115341E-01
                         Error 46        9.353115341E-01
                         Error 47        9.353115341E-01
                         Error 48        9.353115341E-01
                         Error 49        9.353115341E-01
                         Error 50        9.353115341E-01
                         Error 51        9.353115341E-01
                         Error 52        9.353115341E-01
                         Error 53        9.353115341E-01
                         Error 54        9.353115341E-01
                         Error 55        9.353115341E-01
                         Error 56        9.353115341E-01
                         Error 57        9.353115341E-01
                         Error 58        9.353115341E-01
                         Error 59        9.353115341E-01
                         Error 60        9.353115341E-01
                         Error 61        9.353115341E-01
                         Error 62        9.353115341E-01
                         Error 63        9.353115341E-01
                         Error 64        9.353115341E-01
                         Error 65        9.353115341E-01
                         Error 66        9.353115341E-01
                         Error 67        9.353115341E-01
                         Error 68        9.353115341E-01
                         Error 69        9.353115341E-01
                         Error 70        9.353115341E-01
                         Error 71        9.353115341E-01
                         Error 72        9.353115341E-01
                         Error 73        9.353115341E-01
                         Error 74        9.353115341E-01
                         Error 75        9.353115341E-01
                         Error 76        9.353115341E-01
                         Error 77        9.353115341E-01
                         Error 78        9.353115341E-01
                         Error 79        9.353115341E-01
                         Error 80        9.353115341E-01
                         Error 81        9.353115341E-01
                         Error 82        9.353115341E-01
                         Error 83        9.353115341E-01
                         Error 84        9.353115341E-01
                         Error 85        9.353115341E-01
                         Error 86        9.353115341E-01
                         Error 87        9.353115341E-01
                         Error 88        9.353115341E-01
                         Error 89        9.353115341E-01
                         Error 90        9.353115341E-01
                         Error 91        9.353115341E-01
                         Error 92        9.353115341E-01
                         Error 93        9.353115341E-01
                         Error 94        9.353115341E-01
                         Error 95        9.353115341E-01
                         Error 96        9.353115341E-01
                         Error 97        9.353115341E-01
                         Error 98        9.353115341E-01
                         Error 99        9.353115341E-01
                         Error100        9.353115341E-01
                         Error101        9.353115341E-01
                         Error102        9.353115341E-01
                         Error103        9.353115341E-01
                         Error104        9.353115341E-01
                         Error105        9.353115341E-01
                         Error106        9.353115341E-01
                         Error107        9.353115341E-01
                         Error108        9.353115341E-01
                         Error109        9.353115341E-01
                         Error110        9.353115341E-01
                         Error111        9.353115341E-01
                         Error112        9.353115341E-01
                         Error113        9.353115341E-01
                         Error114        9.353115341E-01
                         Error115        9.353115341E-01
                         Error116        9.353115341E-01
                         Error117        9.353115341E-01
                         Error118        9.353115341E-01
                         Error119        9.353115341E-01
                         Error120        9.353115341E-01
                         Error121        9.353115341E-01
                         Error122        9.353115341E-01
                         Error123        9.353115341E-01
                         Error124        9.353115341E-01
                         Error125        9.353115341E-01
                         Error126        9.353115341E-01
                         Error127        9.353115341E-01
                         Error128        9.353115341E-01
                         Error129        9.353115341E-01
                         Error130        9.353115341E-01
                         Error131        9.353115341E-01
                         Error132        9.353115341E-01
                         Error133        9.353115341E-01
                         Error134        9.353115341E-01
                         Error135        9.353115341E-01
                         Error136        9.353115341E-01
                         Error137        9.353115341E-01
                         Error138        9.353115341E-01
                         Error139        9.353115341E-01
                         Error140        9.353115341E-01
                         Error141        9.353115341E-01
                         Error142        9.353115341E-01
                         Error143        9.353115341E-01
                         Error144        9.353115341E-01
                         Error145        9.353115341E-01
                         Error146        9.353115341E-01
                         Error147        9.353115341E-01
                         Error148        9.353115341E-01
                         Error149        9.353115341E-01
                         Error150        9.353115341E-01
                         Error151        9.353115341E-01
                         Error152        9.353115341E-01
                         Error153        9.353115341E-01
                         Error154        9.353115341E-01
                         Error155        9.353115341E-01
                         Error156        9.353115341E-01
                         Error157        9.353115341E-01
                         Error158        9.353115341E-01
                         Error159        9.353115341E-01
                         Error160        9.353115341E-01
                         Error161        9.353115341E-01
                         Error162        9.353115341E-01
                         Error163        9.353115341E-01
                         Error164        9.353115341E-01
                         Error165        9.353115341E-01
                         Error166        9.353115341E-01
                         Error167        9.353115341E-01
                         Error168        9.353115341E-01
                         Error169        9.353115341E-01
                         Error170        9.353115341E-01
                         Error171        9.353115341E-01
                         Error172        9.353115341E-01
                         Error173        9.353115341E-01
                         Error174        9.353115341E-01
                         Error175        9.353115341E-01
                         Error176        9.353115341E-01
                         Error177        9.353115341E-01
                         Error178        9.353115341E-01
                         Error179        9.353115341E-01
                         Error180        9.353115341E-01
                         Error181        9.353115341E-01
                         Error182        9.353115341E-01
                         Error183        9.353115341E-01
                         Error184        9.353115341E-01
                         Error185        9.353115341E-01
                         Error186        9.353115341E-01
                         Error187        9.353115341E-01
                         Error188        9.353115341E-01
                         Error189        9.353115341E-01
                         Error190        9.353115341E-01
                         Error191        9.353115341E-01
                         Error192        9.353115341E-01
                         Error193        9.353115341E-01
                         Error194        9.353115341E-01
                         Error195        9.353115341E-01
                         Error196        9.353115341E-01
                         Error197        9.353115341E-01
                         Error198        9.353115341E-01
                         Error199        9.353115341E-01
                         Error200        9.353115341E-01
                         Error201        9.353115341E-01
                         Error202        9.353115341E-01
                         Error203        9.353115341E-01
                         Error204        9.353115341E-01
                         Error205        9.353115341E-01
                         Error206        9.353115341E-01
                         Error207        9.353115341E-01
                         Error208        9.353115341E-01
                         Error209        9.353115341E-01
                         Error210        9.353115341E-01
                         Error211        9.353115341E-01
                         Error212        9.353115341E-01
                         Error213        9.353115341E-01
                         Error214        9.353115341E-01
                         Error215        9.353115341E-01
                         Error216        9.353115341E-01
                         Error217        9.353115341E-01
                         Error218        9.353115341E-01
                         Error219        9.353115341E-01
                         Error220        9.353115341E-01
                         Error221        9.353115341E-01
                         Error222        9.353115341E-01
                         Error223        9.353115341E-01
                         Error224        9.353115341E-01
                         Error225        9.353115341E-01
                         Error226        9.353115341E-01
                         Error227        9.353115341E-01
                         Error228        9.353115341E-01
                         Error229        9.353115341E-01
                         Error230        9.353115341E-01
                         Error231        9.353115341E-01
                         Error232        9.353115341E-01
                         Error233        9.353115341E-01
                         Error234        9.353115341E-01
                         Error235        9.353115341E-01
                         Error236        9.353115341E-01
                         Error237        9.353115341E-01
                         Error238        9.353115341E-01
                         Error239        9.353115341E-01
                         Error240        9.353115341E-01
                         Error241        9.353115341E-01
                         Error242        9.353115341E-01
                         Error243        9.353115341E-01
                         Error244        9.353115341E-01
                         Error245        9.353115341E-01
                         Error246        9.353115341E-01
                         Error247        9.353115341E-01
                         Error248        9.353115341E-01
                         Error249        9.353115341E-01
                         Error250        9.353115341E-01
                         Error251        9.353115341E-01
                         Error252        9.353115341E-01
                         Error253        9.353115341E-01
                         Error254        9.353115341E-01
                         Error255        9.353115341E-01
                         Error256        9.353115341E-01
                         Error257        9.353115341E-01
                         Error258        9.353115341E-01
                         Error259        9.353115341E-01
                         Error260        9.353115341E-01
                         Error261        9.353115341E-01
                         Error262        9.353115341E-01
                         Error263        9.353115341E-01
                         Error264        9.353115341E-01
                         Error265        9.353115341E-01
                         Error266        9.353115341E-01
                         Error267        9.353115341E-01
                         Error268        9.353115341E-01
                         Error269        9.353115341E-01
                         Error270        9.353115341E-01
                         Error271        9.353115341E-01
                         Error272        9.353115341E-01
                         Error273        9.353115341E-01
                         Error274        9.353115341E-01
                         Error275        9.353115341E-01
                         Error276        9.353115341E-01
                         Error277        9.353115341E-01
                         Error278        9.353115341E-01
                         Error279        9.353115341E-01
                         Error280        9.353115341E-01
                         Error281        9.353115341E-01
                         Error282        9.353115341E-01
                         Error283        9.353115341E-01
                         Error284        9.353115341E-01
                         Error285        9.353115341E-01
                         Error286        9.353115341E-01
                         Error287        9.353115341E-01
                         Error288        9.353115341E-01
                         Error289        9.353115341E-01
                         Error290        9.353115341E-01
                         Error291        9.353115341E-01
                         Error292        9.353115341E-01
                         Error293        9.353115341E-01
                         Error294        9.353115341E-01
                         Error295        9.353115341E-01
                         Error296        9.353115341E-01
                         Error297        9.353115341E-01
                         Error298        9.353115341E-01
                         Error299        9.353115341E-01
                         Error300        9.353115341E-01
                         Error301        9.353115341E-01
                         Error302        9.353115341E-01
                         Error303        9.353115341E-01
                         Error304        9.353115341E-01
                         Error305        9.353115341E-01
                         Error306        9.353115341E-01
                         Error307        9.353115341E-01
                         Error308        9.353115341E-01
                         Error309        9.353115341E-01
                         Error310        9.353115341E-01
                         Error311        9.353115341E-01
                         Error312        9.353115341E-01
                         Error313        9.353115341E-01
                         Error314        9.353115341E-01
                         Error315        9.353115341E-01
                         Error316        9.353115341E-01
                         Error317        9.353115341E-01
                         Error318        9.353115341E-01
                         Error319        9.353115341E-01
                         Error320        9.353115341E-01
                         Error321        9.353115341E-01
                         Error322        9.353115341E-01
                         Error323        9.353115341E-01
                         Error324        9.353115341E-01
                         Error325        9.353115341E-01
                         Error326        9.353115341E-01
                         Error327        9.353115341E-01
                         Error328        9.353115341E-01
                         Error329        9.353115341E-01
                         Error330        9.353115341E-01
                         Error331        9.353115341E-01
                         Error332        9.353115341E-01
                         Error333        9.353115341E-01
                         Error334        9.353115341E-01
                         Error335        9.353115341E-01
                         Error336        9.353115341E-01
                         Error337        9.353115341E-01
                         Error338        9.353115341E-01
                         Error339        9.353115341E-01
                         Error340        9.353115341E-01
                         Error341        9.353115341E-01
                         Error342        9.353115341E-01
                         Error343        9.353115341E-01
                         Error344        9.353115341E-01
                         Error345        9.353115341E-01
                         Error346        9.353115341E-01
                         Error347        9.353115341E-01
                         Error348        9.353115341E-01
                         Error349        9.353115341E-01
                         Error350        9.353115341E-01
                         Error351        9.353115341E-01
                         Error352        9.353115341E-01
                         Error353        9.353115341E-01
                         Error354        9.353115341E-01
                         Error355        9.353115341E-01
                         Error356        9.353115341E-01
                         Error357        9.353115341E-01
                         Error358        9.353115341E-01
                         Error359        9.353115341E-01
                         Error360        9.353115341E-01
                         Error361        9.353115341E-01
                         Error362        9.353115341E-01
                         Error363        9.353115341E-01
                         Error364        9.353115341E-01
                         Error365        9.353115341E-01
                         Error366        9.353115341E-01
                         Error367        9.353115341E-01
                         Error368        9.353115341E-01
                         Error369        9.353115341E-01
                         Error370        9.353115341E-01
                         Error371        9.353115341E-01
                         Error372        9.353115341E-01
                         Error373        9.353115341E-01
                         Error374        9.353115341E-01
                         Error375        9.353115341E-01
                         Error376        9.353115341E-01
                         Error377        9.353115341E-01
                         Error378        9.353115341E-01
                         Error379        9.353115341E-01
                         Error380        9.353115341E-01
                         Error381        9.353115341E-01
                         Error382        9.353115341E-01
                         Error383        9.353115341E-01
                         Error384        9.353115341E-01
                         Error385        9.353115341E-01
                         Error386        9.353115341E-01
                         Error387        9.353115341E-01
                         Error388        9.353115341E-01
                         Error389        9.353115341E-01
                         Error390        9.353115341E-01
                         Error391        9.353115341E-01
                         Error392        9.353115341E-01
                         Error393        9.353115341E-01
                         Error394        9.353115341E-01
                         Error395        9.353115341E-01
                         Error396        9.353115341E-01
                         Error397        9.353115341E-01
                         Error398        9.353115341E-01
                         Error399        9.353115341E-01
                         Error400        9.353115341E-01
                         Error401        9.353115341E-01
                         Error402        9.353115341E-01
                         Error403        9.353115341E-01
                         Error404        9.353115341E-01
                         Error405        9.353115341E-01
                         Error406        9.353115341E-01
                         Error407        9.353115341E-01
                         Error408        9.353115341E-01
                         Error409        9.353115341E-01
                         Error410        9.353115341E-01
                         Error411        9.353115341E-01
                         Error412        9.353115341E-01
                         Error413        9.353115341E-01
                         Error414        9.353115341E-01
                         Error415        9.353115341E-01
                         Error416        9.353115341E-01
                         Error417        9.353115341E-01
                         Error418        9.353115341E-01
                         Error419        9.353115341E-01
                         Error420        9.353115341E-01
                         Error421        9.353115341E-01
                         Error422        9.353115341E-01
                         Error423        9.353115341E-01
                         Error424        9.353115341E-01
                         Error425        9.353115341E-01
                         Error426        9.353115341E-01
                         Error427        9.353115341E-01
                         Error428        9.353115341E-01
                         Error429        9.353115341E-01
                         Error430        9.353115341E-01
                         Error431        9.353115341E-01
                         Error432        9.353115341E-01
                         Error433        9.353115341E-01
                         Error434        9.353115341E-01
                         Error435        9.353115341E-01
                         Error436        9.353115341E-01
                         Error437        9.353115341E-01
                         Error438        9.353115341E-01
                         Error439        9.353115341E-01
                         Error440        9.353115341E-01
                         Error441        9.353115341E-01
                         Error442        9.353115341E-01
                         Error443        9.353115341E-01
                         Error444        9.353115341E-01
                         Error445        9.353115341E-01
                         Error446        9.353115341E-01
                         Error447        9.353115341E-01
                         Error448        9.353115341E-01
                         Error449        9.353115341E-01
                         Error450        9.353115341E-01
                         Error451        9.353115341E-01
                         Error452        9.353115341E-01
                         Error453        9.353115341E-01
                         Error454        9.353115341E-01
                         Error455        9.353115341E-01
                         Error456        9.353115341E-01
                         Error457        9.353115341E-01
                         Error458        9.353115341E-01
                         Error459        9.353115341E-01
                         Error460        9.353115341E-01
                         Error461        9.353115341E-01
                         Error462        9.353115341E-01
                         Error463        9.353115341E-01
                         Error464        9.353115341E-01
                         Error465        9.353115341E-01
                         Error466        9.353115341E-01
                         Error467        9.353115341E-01
                         Error468        9.353115341E-01
                         Error469        9.353115341E-01
                         Error470        9.353115341E-01
                         Error471        9.353115341E-01
                         Error472        9.353115341E-01
                         Error473        9.353115341E-01
                         Error474        9.353115341E-01
                         Error475        9.353115341E-01
                         Error476        9.353115341E-01
                         Error477        9.353115341E-01
                         Error478        9.353115341E-01
                         Error479        9.353115341E-01
                         Error480        9.353115341E-01
                         Error481        9.353115341E-01
                         Error482        9.353115341E-01
                         Error483        9.353115341E-01
                         Error484        9.353115341E-01
                         Error485        9.353115341E-01
                         Error486        9.353115341E-01
                         Error487        9.353115341E-01
                         Error488        9.353115341E-01
                         Error489        9.353115341E-01
                         Error490        9.353115341E-01
                         Error491        9.353115341E-01
                         Error492        9.353115341E-01
                         Error493        9.353115341E-01
                         Error494        9.353115341E-01
                         Error495        9.353115341E-01
                         Error496        9.353115341E-01
                         Error497        9.353115341E-01
                         Error498        9.353115341E-01
                         Error499        9.353115341E-01
                         Error500        9.353115341E-01
                         Error501        9.353115341E-01
                         Error502        9.353115341E-01
                         Error503        9.353115341E-01
                         Error504        9.353115341E-01
                         Error505        9.353115341E-01
                         Error506        9.353115341E-01
                         Error507        9.353115341E-01
                         Error508        9.353115341E-01
                         Error509        9.353115341E-01
                         Error510        9.353115341E-01
                         Error511        9.353115341E-01
                         Error512        9.353115341E-01
                         Error513        9.353115341E-01
                         Error514        9.353115341E-01
                         Error515        9.353115341E-01
                         Error516        9.353115341E-01
                         Error517        9.353115341E-01
                         Error518        9.353115341E-01
                         Error519        9.353115341E-01
                         Error520        9.353115341E-01
                         Error521        9.353115341E-01
                         Error522        9.353115341E-01
                         Error523        9.353115341E-01
                         Error524        9.353115341E-01
                         Error525        9.353115341E-01
                         Error526        9.353115341E-01
                         Error527        9.353115341E-01
                         Error528        9.353115341E-01
                         Error529        9.353115341E-01
                         Error530        9.353115341E-01
                         Error531        9.353115341E-01
                         Error532        9.353115341E-01
                         Error533        9.353115341E-01
                         Error534        9.353115341E-01
                         Error535        9.353115341E-01
                         Error536        9.353115341E-01
                         Error537        9.353115341E-01
                         Error538        9.353115341E-01
                         Error539        9.353115341E-01
                         Error540        9.353115341E-01
                         Error541        9.353115341E-01
                         Error542        9.353115341E-01
                         Error543        9.353115341E-01
                         Error544        9.353115341E-01
                         Error545        9.353115341E-01
                         Error546        9.353115341E-01
                         Error547        9.353115341E-01
                         Error548        9.353115341E-01
                         Error549        9.353115341E-01
                         Error550        9.353115341E-01
                         Error551        9.353115341E-01
                         Error552        9.353115341E-01
                         Error553        9.353115341E-01
                         Error554        9.353115341E-01
                         Error555        9.353115341E-01
                         Error556        9.353115341E-01
                         Error557        9.353115341E-01
                         Error558        9.353115341E-01
                         Error559        9.353115341E-01
                         Error560        9.353115341E-01
                         Error561        9.353115341E-01
                         Error562        9.353115341E-01
                         Error563        9.353115341E-01
                         Error564        9.353115341E-01
                         Error565        9.353115341E-01
                         Error566        9.353115341E-01
                         Error567        9.353115341E-01
                         Error568        9.353115341E-01
                         Error569        9.353115341E-01
                         Error570        9.353115341E-01
                         Error571        9.353115341E-01
                         Error572        9.353115341E-01
                         Error573        9.353115341E-01
                         Error574        9.353115341E-01
                         Error575        9.353115341E-01
                         Error576        9.353115341E-01
                         Error577        9.353115341E-01
                         Error578        9.353115341E-01
                         Error579        9.353115341E-01
                         Error580        9.353115341E-01
                         Error581        9.353115341E-01
                         Error582        9.353115341E-01
                         Error583        9.353115341E-01
                         Error584        9.353115341E-01
                         Error585        9.353115341E-01
                         Error586        9.353115341E-01
                         Error587        9.353115341E-01
                         Error588        9.353115341E-01
                         Error589        9.353115341E-01
                         Error590        9.353115341E-01
                         Error591        9.353115341E-01
                         Error592        9.353115341E-01
                         Error593        9.353115341E-01
                         Error594        9.353115341E-01
                         Error595        9.353115341E-01
                         Error596        9.353115341E-01
                         Error597        9.353115341E-01
                         Error598        9.353115341E-01
                         Error599        9.353115341E-01
                         Error600        9.353115341E-01
                         Error601        9.353115341E-01
                         Error602        9.353115341E-01
                         Error603        9.353115341E-01
                         Error604        9.353115341E-01
                         Error605        9.353115341E-01
                         Error606        9.353115341E-01
                         Error607        9.353115341E-01
                         Error608        9.353115341E-01
                         Error609        9.353115341E-01
                         Error610        9.353115341E-01
                         Error611        9.353115341E-01
                         Error612        9.353115341E-01
                         Error613        9.353115341E-01
                         Error614        9.353115341E-01
                         Error615        9.353115341E-01
                         Error616        9.353115341E-01
                         Error617        9.353115341E-01
                         Error618        9.353115341E-01
                         Error619        9.353115341E-01
                         Error620        9.353115341E-01
                         Error621        9.353115341E-01
                         Error622        9.353115341E-01
                         Error623        9.353115341E-01
                         Error624        9.353115341E-01
                         Error625        9.353115341E-01
                         Error626        9.353115341E-01
                         Error627        9.353115341E-01
                         Error628        9.353115341E-01
                         Error629        9.353115341E-01
                         Error630        9.353115341E-01
                         Error631        9.353115341E-01
                         Error632        9.353115341E-01
                         Error633        9.353115341E-01
                         Error634        9.353115341E-01
                         Error635        9.353115341E-01
                         Error636        9.353115341E-01
                         Error637        9.353115341E-01
                         Error638        9.353115341E-01
                         Error639        9.353115341E-01
                         Error640        9.353115341E-01
                         Error641        9.353115341E-01
                         Error642        9.353115341E-01
                         Error643        9.353115341E-01
                         Error644        9.353115341E-01
                         Error645        9.353115341E-01
                         Error646        9.353115341E-01
                         Error647        9.353115341E-01
                         Error648        9.353115341E-01
                         Error649        9.353115341E-01
                         Error650        9.353115341E-01
                         Error651        9.353115341E-01
                         Error652        9.353115341E-01
                         Error653        9.353115341E-01
                         Error654        9.353115341E-01
                         Error655        9.353115341E-01
                         Error656        9.353115341E-01
                         Error657        9.353115341E-01
                         Error658        9.353115341E-01
                         Error659        9.353115341E-01
                         Error660        9.353115341E-01
                         Error661        9.353115341E-01
                         Error662        9.353115341E-01
                         Error663        9.353115341E-01
                         Error664        9.353115341E-01
                         Error665        9.353115341E-01
                         Error666        9.353115341E-01
                         Error667        9.353115341E-01
                         Error668        9.353115341E-01
                         Error669        9.353115341E-01
                         Error670        9.353115341E-01
                         Error671        9.353115341E-01
                         Error672        9.353115341E-01
                         Error673        9.353115341E-01
                         Error674        9.353115341E-01
                         Error675        9.353115341E-01
                         Error676        9.353115341E-01
                         Error677        9.353115341E-01
                         Error678        9.353115341E-01
                         Error679        9.353115341E-01
                         Error680        9.353115341E-01
                         Error681        9.353115341E-01
                         Error682        9.353115341E-01
                         Error683        9.353115341E-01
                         Error684        9.353115341E-01
                         Error685        9.353115341E-01
                         Error686        9.353115341E-01
                         Error687        9.353115341E-01
                         Error688        9.353115341E-01
                         Error689        9.353115341E-01
                         Error690        9.353115341E-01
                         Error691        9.353115341E-01
                         Error692        9.353115341E-01
                         Error693        9.353115341E-01
                         Error694        9.353115341E-01
                         Error695        9.353115341E-01
                         Error696        9.353115341E-01
                         Error697        9.353115341E-01
                         Error698        9.353115341E-01
                         Error699        9.353115341E-01
                         Error700        9.353115341E-01
                         Error701        9.353115341E-01
                         Error702        9.353115341E-01
                         Error703        9.353115341E-01
                         Error704        9.353115341E-01
                         Error705        9.353115341E-01
                         Error706        9.353115341E-01
                         Error707        9.353115341E-01
                         Error708        9.353115341E-01
                         Error709        9.353115341E-01
                         Error710        9.353115341E-01
                         Error711        9.353115341E-01
                         Error712        9.353115341E-01
                         Error713        9.353115341E-01
                         Error714        9.353115341E-01
                         Error715        9.353115341E-01
                         Error716        9.353115341E-01
                         Error717        9.353115341E-01
                         Error718        9.353115341E-01
                         Error719        9.353115341E-01
                         Error720        9.353115341E-01
                         Error721        9.353115341E-01
                         Error722        9.353115341E-01
                         Error723        9.353115341E-01
                         Error724        9.353115341E-01
                         Error725        9.353115341E-01
                         Error726        9.353115341E-01
                         Error727        9.353115341E-01
                         Error728        9.353115341E-01
                         Error729        9.353115341E-01
                         Error730        9.353115341E-01
                         Error731        9.353115341E-01
                         Error732        9.353115341E-01
                         Error733        9.353115341E-01
                         Error734        9.353115341E-01
                         Error735        9.353115341E-01
                         Error736        9.353115341E-01
                         Error737        9.353115341E-01
                         Error738        9.353115341E-01
                         Error739        9.353115341E-01
                         Error740        9.353115341E-01
                         Error741        9.353115341E-01
                         Error742        9.353115341E-01
                         Error743        9.353115341E-01
                         Error744        9.353115341E-01
                         Error745        9.353115341E-01
                         Error746        9.353115341E-01
                         Error747        9.353115341E-01
                         Error748        9.353115341E-01
                         Error749        9.353115341E-01
                         Error750        9.353115341E-01
                         Error751        9.353115341E-01
                         Error752        9.353115341E-01
                         Error753        9.353115341E-01
                         Error754        9.353115341E-01
                         Error755        9.353115341E-01
                         Error756        9.353115341E-01
                         Error757        9.353115341E-01
                         Error758        9.353115341E-01
                         Error759        9.353115341E-01
                         Error760        9.353115341E-01
                         Error761        9.353115341E-01
                         Error762        9.353115341E-01
                         Error763        9.353115341E-01
                         Error764        9.353115341E-01
                         Error765        9.353115341E-01
                         Error766        9.353115341E-01
                         Error767        9.353115341E-01
                         Error768        9.353115341E-01
                         Error769        9.353115341E-01
                         Error770        9.353115341E-01
                         Error771        9.353115341E-01
                         Error772        9.353115341E-01
                         Error773        9.353115341E-01
                         Error774        9.353115341E-01
                         Error775        9.353115341E-01
                         Error776        9.353115341E-01
                         Error777        9.353115341E-01
                         Error778        9.353115341E-01
                         Error779        9.353115341E-01
                         Error780        9.353115341E-01
                         Error781        9.353115341E-01
                         Error782        9.353115341E-01
                         Error783        9.353115341E-01
                         Error784        9.353115341E-01
                         Error785        9.353115341E-01
                         Error786        9.353115341E-01
                         Error787        9.353115341E-01
                         Error788        9.353115341E-01
                         Error789        9.353115341E-01
                         Error790        9.353115341E-01
                         Error791        9.353115341E-01
                         Error792        9.353115341E-01
                         Error793        9.353115341E-01
                         Error794        9.353115341E-01
                         Error795        9.353115341E-01
                         Error796        9.353115341E-01
                         Error797        9.353115341E-01
                         Error798        9.353115341E-01
                         Error799        9.353115341E-01
                         Error800        9.353115341E-01
                         Error801        9.353115341E-01
                         Error802        9.353115341E-01
                         Error803        9.353115341E-01
                         Error804        9.353115341E-01
                         Error805        9.353115341E-01
                         Error806        9.353115341E-01
                         Error807        9.353115341E-01
                         Error808        9.353115341E-01
                         Error809        9.353115341E-01
                         Error810        9.353115341E-01
                         Error811        9.353115341E-01
                         Error812        9.353115341E-01
                         Error813        9.353115341E-01
                         Error814        9.353115341E-01
                         Error815        9.353115341E-01
                         Error816        9.353115341E-01
                         Error817        9.353115341E-01
                         Error818        9.353115341E-01
                         Error819        9.353115341E-01
                         Error820        9.353115341E-01
                         Error821        9.353115341E-01
                         Error822        9.353115341E-01
                         Error823        9.353115341E-01
                         Error824        9.353115341E-01
                         Error825        9.353115341E-01
                         Error826        9.353115341E-01
                         Error827        9.353115341E-01
                         Error828        9.353115341E-01
                         Error829        9.353115341E-01
                         Error830        9.353115341E-01
                         Error831        9.353115341E-01
                         Error832        9.353115341E-01
                         Error833        9.353115341E-01
                         Error834        9.353115341E-01
                         Error835        9.353115341E-01
                         Error836        9.353115341E-01
                         Error837        9.353115341E-01
                         Error838        9.353115341E-01
                         Error839        9.353115341E-01
                         Error840        9.353115341E-01
                         Error841        9.353115341E-01
                         Error842        9.353115341E-01
                         Error843        9.353115341E-01
                         Error844        9.353115341E-01
                         Error845        9.353115341E-01
                         Error846        9.353115341E-01
                         Error847        9.353115341E-01
                         Error848        9.353115341E-01
                         Error849        9.353115341E-01
                         Error850        9.353115341E-01
                         Error851        9.353115341E-01
                         Error852        9.353115341E-01
                         Error853        9.353115341E-01
                         Error854        9.353115341E-01
                         Error855        9.353115341E-01
                         Error856        9.353115341E-01
                         Error857        9.353115341E-01
                         Error858        9.353115341E-01
                         Error859        9.353115341E-01
                         Error860        9.353115341E-01
                         Error861        9.353115341E-01
                         Error862        9.353115341E-01
                         Error863        9.353115341E-01
                         Error864        9.353115341E-01
                         Error865        9.353115341E-01
                         Error866        9.353115341E-01
                         Error867        9.353115341E-01
                         Error868        9.353115341E-01
                         Error869        9.353115341E-01
                         Error870        9.353115341E-01
                         Error871        9.353115341E-01
                         Error872        9.353115341E-01
                         Error873        9.353115341E-01
                         Error874        9.353115341E-01
                         Error875        9.353115341E-01
                         Error876        9.353115341E-01
                         Error877        9.353115341E-01
                         Error878        9.353115341E-01
                         Error879        9.353115341E-01
                         Error880        9.353115341E-01
                         Error881        9.353115341E-01
                         Error882        9.353115341E-01
                         Error883        9.353115341E-01
                         Error884        9.353115341E-01
                         Error885        9.353115341E-01
                         Error886        9.353115341E-01
                         Error887        9.353115341E-01
                         Error888        9.353115341E-01
                         Error889        9.353115341E-01
                         Error890        9.353115341E-01
                         Error891        9.353115341E-01
                         Error892        9.353115341E-01
                         Error893        9.353115341E-01
                         Error894        9.353115341E-01
                         Error895        9.353115341E-01
                         Error896        9.353115341E-01
                         Error897        9.353115341E-01
                         Error898        9.353115341E-01
                         Error899        9.353115341E-01
                         Error900        9.353115341E-01
                         Error901        9.353115341E-01
                         Error902        9.353115341E-01
                         Error903        9.353115341E-01
                         Error904        9.353115341E-01
                         Error905        9.353115341E-01
                         Error906        9.353115341E-01
                         Error907        9.353115341E-01
                         Error908        9.353115341E-01
                         Error909        9.353115341E-01
                         Error910        9.353115341E-01
                         Error911        9.353115341E-01
                         Error912        9.353115341E-01
                         Error913        9.353115341E-01
                         Error914        9.353115341E-01
                         Error915        9.353115341E-01
                         Error916        9.353115341E-01
                         Error917        9.353115341E-01
                         Error918        9.353115341E-01
                         Error919        9.353115341E-01
                         Error920        9.353115341E-01
                         Error921        9.353115341E-01
                         Error922        9.353115341E-01
                         Error923        9.353115341E-01
                         Error924        9.353115341E-01
                         Error925        9.353115341E-01
                         Error926        9.353115341E-01
                         Error927        9.353115341E-01
                         Error928        9.353115341E-01
                         Error929        9.353115341E-01
                         Error930        9.353115341E-01
                         Error931        9.353115341E-01
                         Error932        9.353115341E-01
                         Error933        9.353115341E-01
                         Error934        9.353115341E-01
                         Error935        9.353115341E-01
                         Error936        9.353115341E-01
                         Error937        9.353115341E-01
                         Error938        9.353115341E-01
                         Error939        9.353115341E-01
                         Error940        9.353115341E-01
                         Error941        9.353115341E-01
                         Error942        9.353115341E-01
                         Error943        9.353115341E-01
                         Error944        9.353115341E-01
                         Error945        9.353115341E-01
                         Error946        9.353115341E-01
                         Error947        9.353115341E-01
                         Error948        9.353115341E-01
                         Error949        9.353115341E-01
                         Error950        9.353115341E-01
                         Error951        9.353115341E-01
                         Error952        9.353115341E-01
                         Error953        9.353115341E-01
                         Error954        9.353115341E-01
                         Error955        9.353115341E-01
                         Error956        9.353115341E-01
                         Error957        9.353115341E-01
                         Error958        9.353115341E-01
                         Error959        9.353115341E-01
                         Error960        9.353115341E-01
                         Error961        9.353115341E-01
                         Error962        9.353115341E-01
                         Error963        9.353115341E-01
                         Error964        9.353115341E-01
                         Error965        9.353115341E-01
                         Error966        9.353115341E-01
                         Error967        9.353115341E-01
                         Error968        9.353115341E-01
                         Error969        9.353115341E-01
                         Error970        9.353115341E-01
                         Error971        9.353115341E-01
                         Error972        9.353115341E-01
                         Error973        9.353115341E-01
                         Error974        9.353115341E-01
                         Error975        9.353115341E-01
                         Error976        9.353115341E-01
                         Error977        9.353115341E-01
                         Error978        9.353115341E-01
                         Error979        9.353115341E-01
                         Error980        9.353115341E-01
                         Error981        9.353115341E-01
                         Error982        9.353115341E-01
                         Error983        9.353115341E-01
                         Error984        9.353115341E-01
                         Error985        9.353115341E-01
                         Error986        9.353115341E-01
                         Error987        9.353115341E-01
                         Error988        9.353115341E-01
                         Error989        9.353115341E-01
                         Error990        9.353115341E-01
                         Error991        9.353115341E-01
                         Error992        9.353115341E-01
                         Error993        9.353115341E-01
                         Error994        9.353115341E-01
                         Error995        9.353115341E-01
                         Error996        9.353115341E-01
                         Error997        9.353115341E-01
                         Error998        9.353115341E-01
                         Error999        9.353115341E-01
                         Error***        9.353115341E-01
                         Error        9.353115341E-01

real	135m54.341s
user	135m53.053s
sys	0m0.023s
