-xyz
global_fitted_global.xyz
-dens
/home/unibas/boittier/RDKit_G2/B.pdb/SCAN_1_2_3_4_S_36_10.0/31_SCAN/B.d.cube
-esp
/home/unibas/boittier/RDKit_G2/B.pdb/SCAN_1_2_3_4_S_36_10.0/31_SCAN/B.p.cube
-stepsize
0.2
-n_steps
0
-learning_rate
0.5
  -3.4162431577416128        2.2652955984108734        2.0157564120795377     
  -2.9567167154045326      -0.38854654071774919       0.77040334516790410     
  -2.8029814885793045       0.43675381373868905       0.16333241313168190     
  -5.7762983602458471       -1.0813953770168234       0.19715591124845086     
  -3.0006431687781641       0.41351648213817604      -0.13310506243753525     
 -0.99417186763609533       -1.0458092185643804      -0.73834168418660606     
  -1.7526050505135595       -3.2103213581938230       -1.8814459354888138     
  -2.5095003600064834       -1.5550162364299556      -0.79378624964470335     
  -1.9030190935907509       -1.2732924598787978      -0.74727713227161308     
   1.5557219891182410        1.6164086638967246      -0.31243430724848814     
   1.5262464665355229        1.8006341560500907      -0.36080869507309693     
   1.2895153398496064        3.2567175097852878      -0.23246549669551420     
   1.2368805853974498        2.5236215544083782      -0.22037324371880002     
  0.96455760215737985      -0.78278851898859569      -0.35500067740389618     
   1.2578251876237996      -0.48543618540869787      -0.63812203539269630     
   1.3239976921785752      -0.52234532818288282       0.63665868413239102     
   1.2143360312233957       0.61133802239786894      -0.21226046984286018     
   2.9194890834571297       -1.2668875287487804      -0.62815215703446081     
   2.4820793098150853       -1.0946007099315089        1.2126158286803814     
   5.0850671819832733      -0.37003737929989677       0.87234683136095237     
   2.8128356882750487       -3.7734346522124715       0.48942649196660082     
First
                         Total        5.965333294E-01
Step size:       0.20
Step size in Bohr:       0.38
Learning Rate:       1.00
# Steps:          0
                         Error        5.965333294E-01
