Running in analysis mode

Reading "/home/unibas/boittier/RDKit_G2/B.pdb/SCAN_1_2_3_4_S_36_10.0/11_SCAN/B.p.cube"...

  B.pdb Potential
  Electrostatic potential from Total SCF Density
   10   -8.640622   -6.975695   -7.052817
  114    0.166667    0.000000    0.000000
   96    0.000000    0.166667    0.000000
   87    0.000000    0.000000    0.166667
    6    6.000000   -2.127869    2.270739    0.117543
    6    6.000000   -0.916772    0.077740    0.110322
    6    6.000000    1.718515   -0.462943    0.812297
    6    6.000000    3.710352    0.269362   -0.540065
    1    1.000000   -4.112696    2.380478   -0.363204
    1    1.000000   -1.121584    3.984694    0.586620
    9    9.000000   -2.238385   -2.088619   -0.385291
    1    1.000000    1.962458   -1.676172    2.453917
    1    1.000000    3.494230    1.392156   -2.240805
    1    1.000000    5.617702   -0.212974    0.030508
 -4.79607E-03 -4.89333E-03 -4.99160E-03 -5.09080E-03 -5.19081E-03 -5.29152E-03
       .            .            .            .            .            .
       .            .            .            .            .            .
       .            .            .            .            .            .
  2.02922E-03  2.00513E-03  1.98115E-03  1.95731E-03  1.93360E-03  1.91003E-03

797606 out of 952128 gridpoints are considered (83.8%).

...done!

Reading "21charges.cube"...

  Fitted ESP
  Electrostatic potential fitted from 21 point charges.
   10   -8.640622   -6.975695   -7.052817
  114    0.166667    0.000000    0.000000
   96    0.000000    0.166667    0.000000
   87    0.000000    0.000000    0.166667
    6    6.000000   -2.127869    2.270739    0.117543
    6    6.000000   -0.916772    0.077740    0.110322
    6    6.000000    1.718515   -0.462943    0.812297
    6    6.000000    3.710352    0.269362   -0.540065
    1    1.000000   -4.112696    2.380478   -0.363204
    1    1.000000   -1.121584    3.984694    0.586620
    9    9.000000   -2.238385   -2.088619   -0.385291
    1    1.000000    1.962458   -1.676172    2.453917
    1    1.000000    3.494230    1.392156   -2.240805
    1    1.000000    5.617702   -0.212974    0.030508
 -4.96819E-03 -5.06833E-03 -5.16951E-03 -5.27162E-03 -5.37455E-03 -5.47819E-03
       .            .            .            .            .            .
       .            .            .            .            .            .
       .            .            .            .            .            .
  1.94284E-03  1.92158E-03  1.90041E-03  1.87934E-03  1.85836E-03  1.83749E-03

797606 out of 952128 gridpoints are considered (83.8%).

...done!

                       Measure       RMSE[kcal/mol/e]   MaxError[kcal/mol/e]   NPoints
                         Total        6.721283081E-01        8.663947937E+00    797606
Close (  1.20 < r <   1.66 )          1.307491099E+00        8.663947937E+00    155982
Mid-range ( 1.66 < r <  2.20)         5.111580579E-01        1.969193740E+00    278569
Far-range (  2.20         < r)        2.398283795E-01        7.417350176E-01    363055
Did analysis and wrote slice data
