-xyz
refined.xyz
-dens
/home/unibas/boittier/RDKit_G2/B.pdb/SCAN_1_2_3_4_S_36_10.0/35_SCAN/B.d.cube
-esp
/home/unibas/boittier/RDKit_G2/B.pdb/SCAN_1_2_3_4_S_36_10.0/35_SCAN/B.p.cube
-stepsize
0.2
-n_steps
0
-learning_rate
0.5
  -3.7233562493367782        2.6818169662877525       0.41651013218737315     
  -3.0424232088470298      -0.22569292774596025       0.60540209212100193     
  -2.8409879890676581       0.29079973448314639      -0.26779410479432236     
  -5.7403596434059798       -1.3077340281026790       0.10232027862366354     
  -2.9528842826582649       0.10810399331375349      -0.55379745737916641     
 -0.90701457488751647       -1.2294747784578741      -0.34055267188304611     
  -1.3915917025572782       -3.7961124197838672      -0.34086815194468756     
  -2.3506391941700406       -1.9019420589824176      -0.21291904299808534     
  -1.7872288656044573       -1.5395538507265680      -0.23437580121538890     
   1.3673769710969106        1.6746962866172395      -0.20306912731828999     
   1.3144780342018170        1.8572799766787702      -0.23370911597693292     
  0.95749908199150191        3.2802399413527730       -6.4277807756865743E-002
  0.97770338281479607        2.5487629157005944       -4.7636725711555292E-002
   1.0080135163947854      -0.76693698248592868      -0.20370342603765382     
   1.2324091957799148      -0.43366317661127690      -0.50660745750064484     
   1.4628286742765193      -0.46882291117060870       0.74747415280430640     
   1.1387882316975264       0.64923767235515706       -7.5048057124761286E-002
   2.9234827341237857       -1.0297727460677573      -0.90076580822853192     
   2.8173324144929990      -0.95286635122514429       0.99353277338830193     
   5.2308328209942241        3.7300795996019681E-002  0.20177577567687774     
   3.2573168375043711       -3.5784458216182005       0.10904689230487113     
First
                         Total        3.891263473E-01
Step size:       0.20
Step size in Bohr:       0.38
Learning Rate:       1.00
# Steps:          0
                         Error        3.891263473E-01
                         Error        3.891263473E-01
                         Error        3.891263473E-01
                         Error        3.891263473E-01
                         Error        3.891263473E-01
