-xyz
refined.xyz
-dens
/home/unibas/boittier/RDKit_G2/B.pdb/SCAN_1_2_3_4_S_36_10.0/13_SCAN/B.d.cube
-esp
/home/unibas/boittier/RDKit_G2/B.pdb/SCAN_1_2_3_4_S_36_10.0/13_SCAN/B.p.cube
-stepsize
0.2
-n_steps
10
-learning_rate
0.5
  -3.8623584962491759        3.1547585077055120        7.7076712650547066E-002
  -3.5193088854915051      -0.42322429946488083       0.75173821144263442     
  -3.7759240057874379      -0.57111499915779218        9.1162200247694197E-002
  -6.3164012695443175      -0.85398773083178403       0.14268434243365183     
  -3.5351482796881326      -0.44120072444524622      -0.51887779598315387     
  -1.7604777945749492      -0.28292463213762908       0.15447039365141468     
  -1.4440743298598078       -1.8155887406367623E-002  0.13995047880823172     
  -2.0118223926083894       -2.5808639342213988       -1.2146767852979658E-002
  -2.0418801349467870       -2.5738692439792761      -0.54172240787543624     
  -2.0886229789796724       -2.6104565575448260       0.49989244471970617     
   3.2867941227542654       -2.5484036420032559      -0.37781832230695789     
   2.7024039334594749       -1.9265603095861192      -0.26509770814879491     
  0.71773236370473159       0.70047741068598046      -0.70703499689382610     
  0.44132059053882555       0.84826003528894822      -0.46461909845779015     
   1.1150187139309660       0.80858882150912936       0.54854157714755025     
   1.4621712264007407      -0.33386026762851695      -0.24661465396020110     
   4.3118876212245487        3.1268718367341357       0.51705084820966141     
   2.0357103198404660        1.9974977857088163       0.32804098107849661     
   1.8035322209171549        2.0781213602436925      -0.33939255148974079     
   1.9975111068286915        1.9854418292181311       0.63787180346166372     
 -0.14818224756200857        4.2079374584888143       -3.2127631319704010E-002
First
                         Total        8.070957392E+00
Step size:       0.20
Step size in Bohr:       0.38
Learning Rate:       1.00
# Steps:         10
                         Error  1        8.031321959E+00
                         Error  2        7.991890531E+00
                         Error  3        7.952664435E+00
                         Error  4        7.913644991E+00
                         Error  5        7.874833505E+00
                         Error  6        7.836231273E+00
                         Error  7        7.797839580E+00
                         Error  8        7.759659697E+00
                         Error  9        7.721692881E+00
                         Error 10        7.683940375E+00
                         Error        7.683940375E+00
