-xyz
refined.xyz
-dens
/home/unibas/boittier/RDKit_G2/B.pdb/SCAN_1_2_3_4_S_36_10.0/19_SCAN/B.d.cube
-esp
/home/unibas/boittier/RDKit_G2/B.pdb/SCAN_1_2_3_4_S_36_10.0/19_SCAN/B.p.cube
-stepsize
0.2
-n_steps
0
-learning_rate
0.5
  -4.1831732172964360        3.2063021122072710      -0.56467476886595458     
  -3.6508195167098072      -0.20708290734467108       0.64362704129557058     
  -3.8636746435505067      -0.45693896029434239       -7.1717019088255135E-004
  -6.3816740568080910      -0.87999277706269552        1.1966880286934864E-003
  -3.5920946985979008      -0.41121498014169838      -0.60938144231581914     
  -1.0501493384102509       -1.8554023037428578       -6.0950941012953237E-002
 -0.63178213449264786       -1.8219073913612189       -7.3094701414569141E-002
  -2.0266323247672808       -2.3498226658072219       0.28195736894982054     
  -2.0195602739001748       -2.4320400677448992      -0.24204032708960688     
  -2.1250617994372103       -2.3180144403763765       0.78959396638801516     
   1.0166299786571225        3.3785735091826532       0.31613326819614945     
  0.99656786480094928        2.5342163466559167       0.20197600486230646     
   1.3882726896782416      -0.73524415264713738       0.63798902261868840     
   1.2860105423467025       -1.0545917075802154       0.40398920136465388     
   1.6737296790071887      -0.54871275992947377      -0.64206161603317613     
   1.1913296119080410       0.50926064222868228       0.17505390595338730     
   5.6021949411852425       0.16540445958335886      -0.21177280153344549     
   3.2122318524866236      -0.68149783757586790      -0.13308261647398845     
   3.0416202283733251      -0.84566506399309804       0.53870739679222734     
   3.1225451270943041      -0.79308300977411683      -0.82235077902519294     
   3.1477886781938276       -3.8947025901207604      -0.14511648271087893     
First
                         Total        7.855507398E+00
Step size:       0.20
Step size in Bohr:       0.38
Learning Rate:       1.00
# Steps:          0
                         Error        7.855507398E+00
