-xyz
refined.xyz
-dens
/home/unibas/boittier/RDKit_G2/B.pdb/SCAN_1_2_3_4_S_36_10.0/24_SCAN/B.d.cube
-esp
/home/unibas/boittier/RDKit_G2/B.pdb/SCAN_1_2_3_4_S_36_10.0/24_SCAN/B.p.cube
-stepsize
0.2
-n_steps
0
-learning_rate
0.5
  -3.4441404779568741        2.1810012242646595       -2.4501196022344085     
  -3.1905809404706487       0.54876481866330595        8.8834938974057837E-002
  -2.7963790604088290       0.24441623340826740      -0.81769097495253495     
  -5.9173997240673657      -0.47552554113160839       0.17535068153586422     
  -2.8851967337491398       -9.4261501390651897E-002 -0.88914197147746998     
  -1.1679744420654901      -0.33441467114573881       0.84241968837617265     
  -1.8791248424060141       -2.4729503781246431        2.4328913258203193     
  -2.6971881049469077      -0.75671545828817288        1.0314229857884383     
  -2.0443720401894132      -0.66538148073790504       0.91015429885794519     
   2.3015169359937020       -1.0984649186747593      -0.15239535098549165     
   2.3757753093408156       -1.2761093047113961      -0.15095437783329438     
   2.9062454869536856       -2.5971534413141617      -0.54389175376259224     
   2.4841228993106483       -2.0119108135170447      -0.42122404794305590     
  0.56849046381823320       0.59537225075343569       0.37009498528603063     
   1.0073384182208949       0.45247945213028840       0.57051909537178302     
  0.88506858117119680       0.71234228755113205      -0.67228878279155990     
   1.4812693627684772      -0.42086556734298114       -4.6198495120173461E-002
   2.0520100710212432        1.8278094059117345        1.0865896429673840     
   1.6599864013983805        2.0163014111853466      -0.76174414903132170     
   4.2930738188428634        2.5989765487411893      -0.35196930892603834     
  0.62784767441935618        4.1625637825204409       0.71702482758825470     
First
                         Total        1.552680144E+00
Step size:       0.20
Step size in Bohr:       0.38
Learning Rate:       1.00
# Steps:          0
                         Error        1.552680144E+00
                         Error        1.552680144E+00
                         Error        1.552680144E+00
                         Error        1.552680144E+00
                         Error        1.552680144E+00
