-xyz
refined.xyz
-dens
/home/unibas/boittier/RDKit_G2/B.pdb/SCAN_1_2_3_4_S_36_10.0/27_SCAN_1_2_3_4_F/B.d.cube
-esp
/home/unibas/boittier/RDKit_G2/B.pdb/SCAN_1_2_3_4_S_36_10.0/27_SCAN_1_2_3_4_F/B.p.cube
-stepsize
0.2
-n_steps
0
-learning_rate
0.5
   4.2874711715465921       -1.0943298929418790      -0.89468509947991559     
   3.0187220838433571        1.5321620017312563       0.56340069937660231     
   5.0568518469548209        3.3834900806274661      -0.71524303589263805     
   3.1524096365677274        2.1932496271507587      -0.35730278231858159     
   2.7119941608202907        1.7386866126471388      -0.86945949787986343     
   1.4395579049035532        2.2760621242057528       -5.7410517718538473E-002
   1.3388966027637637        1.1430026933267508        1.0307949418319411     
   1.2439759459928701        1.7419957625302427      -0.14073264206941152     
  0.87590696898366671       0.84151120902457466       0.21798596108551824     
 -0.28977936195178627        3.8671746049481603       0.68525515082873945     
  0.48711046409895081       -3.6514332504192479       0.18062118612882649     
  0.28403971236898579       -3.0390382286381854       0.41536814348754236     
 -0.20646373395801171       -2.3931127136283767       0.45089030701261373     
  0.28399152591321020       -3.3206257547480735       0.15739958379504623     
 -0.90310008185968904      -0.52171090503438755       0.45934325222595174     
 -0.47515871310750246       -1.2412805853788347       0.64523391458689561     
  -1.0360663368318557       -3.0523726420384773E-002  0.70197429120119825     
  -1.1027004366687978      -0.54980795383765280        1.2559060769399972     
  -5.3507252495418998       0.16789009326962520      -0.97914303685337845     
  -2.3089932303554082      -0.27047693568835168        1.2713851239894460     
  -2.8489640645048904       0.49327897883989769       0.33568573162042725     
  -3.0268074559612463       0.17203096704298254      -0.15155464727375634     
  -3.0017044297482491      -0.13701718984206931       0.17994196545311122     
  -4.1019552401728561       0.32477089381003088        2.8950309444248625     
  -4.0599669419626245        2.4008483131232005E-002   2.7640882192249188     
First
                         Total        3.927110903E+00
Step size:       0.20
Step size in Bohr:       0.38
Learning Rate:       1.00
# Steps:          0
                         Error        3.927110903E+00
