-xyz
refined.xyz
-dens
/home/unibas/boittier/RDKit_G2/B.pdb/SCAN_1_2_3_4_S_36_10.0/22_SCAN/B.d.cube
-esp
/home/unibas/boittier/RDKit_G2/B.pdb/SCAN_1_2_3_4_S_36_10.0/22_SCAN/B.p.cube
-stepsize
0.2
-n_steps
0
-learning_rate
0.5
  -3.6219275348885587        2.6020300498946431       -1.7535527030759195     
  -3.1998625298712247       0.37390409430230143       0.25553785900266063     
  -2.8435233491216705       0.32603145151342350      -0.71427811041968692     
  -5.8936486130444914      -0.74613534669199622       0.16064495605011803     
  -2.9289374965435795        1.4586701548044576E-002 -0.86725857711302046     
  -1.1665323176460010      -0.53844711999502060       0.66174040520389932     
  -1.7208487572179838       -3.1068762446331171        1.6811524188418741     
  -2.6596405898329385       -1.1031215455914001       0.72750596306943660     
  -2.0109672070458378      -0.94967921855738724       0.65754097876740247     
   2.4138795191867648      -0.96294547121729901       -7.8043945062306164E-002
   2.5037936149045459       -1.1331551760219603       -7.3798702114965350E-002
   3.1806803912950454       -2.3917290944019967      -0.44631982300958428     
   2.6987952830249222       -1.8498735719267263      -0.34670499664872939     
  0.49959984696991599       0.55480312991351532       0.33839550354067782     
  0.93367209573846188       0.44756995973030550       0.56917252351211711     
  0.88032112756852743       0.72343279350659462      -0.67505551002765141     
   1.5299313515670048      -0.36527487466018715       -2.3651923271434179E-002
   1.8259032977649714        1.9253238763682279        1.0996652217760143     
   1.5135970455190553        2.0855586393430952      -0.76643746183586325     
   4.0587363694466614        2.8995114622104374      -0.22231028804987407     
  0.22209368476974609        4.1274176129492890       0.65609137464990264     
First
                         Total        1.537569761E+00
Step size:       0.20
Step size in Bohr:       0.38
Learning Rate:       1.00
# Steps:          0
                         Error        1.537569761E+00
