-xyz
refined.xyz
-dens
/home/unibas/boittier/RDKit_G2/B.pdb/SCAN_1_2_3_4_S_36_10.0/2_SCAN/B.d.cube
-esp
/home/unibas/boittier/RDKit_G2/B.pdb/SCAN_1_2_3_4_S_36_10.0/2_SCAN/B.p.cube
-stepsize
0.2
-n_steps
100
-learning_rate
0.5
  -4.0662625132104688        2.9451008433489760        2.9207405004995093E-002
  -3.4678822616069369      -0.57066474930995870       0.77584550704036193     
  -3.7136014781356121      -0.78005894674146614       0.12230865203730107     
  -6.2372726032249028       -1.2058439675330408       0.23023869384684684     
  -3.5090661264366787      -0.60345429702765097      -0.49331633363985544     
  -1.7596102723571720      -0.28561507340649095       0.10446714240253244     
  -1.4205298248820908       -9.6364237077962531E-002   8.9747611550338502E-002
  -1.7950239120818949       -2.6886967836612405        6.2169374335152338E-003
  -1.8904474768306994       -2.6340686096849004      -0.52157515085534467     
  -1.9135093444748639       -2.6599896437432307       0.52270782348131639     
   3.4705177680452062       -2.2877252979991458      -0.35489670471703572     
   2.7962592063009715       -1.6316363527271627      -0.25391798916490554     
  0.65374762432003941       0.87190208204164799      -0.73763036076701471     
  0.41372880339272528       0.86586290793274623      -0.50566894400425022     
   1.0533212397279081       0.96750714426243178       0.51665499579119745     
   1.5287848013092846      -0.25628202332813493      -0.26342329383618618     
   4.2198032980863207        3.2509237205090091       0.44048037961407016     
   1.9964156205423254        1.9853753872862219       0.25763185527864579     
   1.7513033854133229        2.1716166356824069      -0.39859571305130742     
   1.8172954554542642        2.1336632966503117       0.95143771381952447     
 -0.42428801280138484        4.2352286723926067       -8.5741810607296146E-002
First
                         Total        4.941722741E+00
Step size:       0.20
Step size in Bohr:       0.38
Learning Rate:       1.00
# Steps:        100
                         Error  1        4.919470166E+00
                         Error  2        4.897582764E+00
                         Error  3        4.876058081E+00
                         Error  4        4.854893552E+00
                         Error  5        4.834086502E+00
                         Error  6        4.813634155E+00
                         Error  7        4.793533629E+00
                         Error  8        4.773781950E+00
                         Error  9        4.754376043E+00
                         Error 10        4.735312746E+00
                         Error 11        4.716588807E+00
                         Error 12        4.698200891E+00
                         Error 13        4.680145583E+00
                         Error 14        4.662419391E+00
                         Error 15        4.645018750E+00
                         Error 16        4.627940028E+00
                         Error 17        4.611179528E+00
                         Error 18        4.594733491E+00
                         Error 19        4.578598105E+00
                         Error 20        4.562769501E+00
                         Error 21        4.547243765E+00
                         Error 22        4.532016938E+00
                         Error 23        4.517085020E+00
                         Error 24        4.502443977E+00
                         Error 25        4.488089739E+00
                         Error 26        4.474018212E+00
                         Error 27        4.460225274E+00
                         Error 28        4.446706784E+00
                         Error 29        4.433458585E+00
                         Error 30        4.420476504E+00
                         Error 31        4.407756361E+00
                         Error 32        4.395293970E+00
                         Error 33        4.383085140E+00
                         Error 34        4.371125684E+00
                         Error 35        4.359411415E+00
                         Error 36        4.347938158E+00
                         Error 37        4.336701743E+00
                         Error 38        4.325698018E+00
                         Error 39        4.314922842E+00
                         Error 40        4.304372098E+00
                         Error 41        4.294041685E+00
                         Error 42        4.283927530E+00
                         Error 43        4.274025583E+00
                         Error 44        4.264331825E+00
                         Error 45        4.254842265E+00
                         Error 46        4.245552947E+00
                         Error 47        4.236459948E+00
                         Error 48        4.227559381E+00
                         Error 49        4.218847400E+00
                         Error 50        4.210320194E+00
                         Error 51        4.201973997E+00
                         Error 52        4.193805083E+00
                         Error 53        4.185809772E+00
                         Error 54        4.177984428E+00
                         Error 55        4.170325459E+00
                         Error 56        4.162829324E+00
                         Error 57        4.155492526E+00
                         Error 58        4.148311619E+00
                         Error 59        4.141283207E+00
                         Error 60        4.134403942E+00
                         Error 61        4.127670527E+00
                         Error 62        4.121079718E+00
                         Error 63        4.114628319E+00
                         Error 64        4.108313190E+00
                         Error 65        4.102131239E+00
                         Error 66        4.096079428E+00
                         Error 67        4.090154771E+00
                         Error 68        4.084354335E+00
                         Error 69        4.078675238E+00
                         Error 70        4.073114651E+00
                         Error 71        4.067669797E+00
                         Error 72        4.062337951E+00
                         Error 73        4.057116439E+00
                         Error 74        4.052002639E+00
                         Error 75        4.046993980E+00
                         Error 76        4.042087942E+00
                         Error 77        4.037282056E+00
                         Error 78        4.032573901E+00
                         Error 79        4.027961108E+00
                         Error 80        4.023441355E+00
                         Error 81        4.019012371E+00
                         Error 82        4.014671929E+00
                         Error 83        4.010417854E+00
                         Error 84        4.006248016E+00
                         Error 85        4.002160330E+00
                         Error 86        3.998152759E+00
                         Error 87        3.994223311E+00
                         Error 88        3.990370035E+00
                         Error 89        3.986591029E+00
                         Error 90        3.982884431E+00
                         Error 91        3.979248421E+00
                         Error 92        3.975681224E+00
                         Error 93        3.972181103E+00
                         Error 94        3.968746362E+00
                         Error 95        3.965375346E+00
                         Error 96        3.962066439E+00
                         Error 97        3.958818063E+00
                         Error 98        3.955628676E+00
                         Error 99        3.952496776E+00
                         Error100        3.949420895E+00
                         Error        3.949420895E+00
