-xyz
refined.xyz
-dens
../../cube_files/fbutone/3_SCAN_1_2_6_8_F/N.d.cube
-esp
../../cube_files/fbutone/3_SCAN_1_2_6_8_F/N.p.cube
-stepsize
0.2
-n_steps
1
-learning_rate
0.5
   5.7790519582021158       -2.0286943415291896      -0.24563791343322419     
   4.3809957797375354       -1.3707110912632272       0.29102487693598794     
   4.6352799376959144       -1.7198448045164523        1.1251698785508535     
   4.5459632577967044       -2.5907265445446614        2.1597127753542309     
   7.2460747650916160       0.28367392115251522       0.63266376516706202     
   5.5188033316691936       -2.6913163887410008       -1.5399370960051717     
   5.4519279927172573       -2.1179783551397890      -0.88406833328754386     
   3.3715999665473362        2.7910684271468074        9.8895187181814045E-002
   2.2859515523094354        2.8192849168794618      -0.20744075182519217     
   2.8667098881853588        2.8558347661624461       -4.8809717819527580E-002
   3.5221484623771735       0.17176270435579452      -0.14741210193996637     
   2.1158739626398901       0.48568671369793243      -0.35605243261999014     
  0.56823761232416836       -2.1197609026917803      -0.77929526195679466     
   1.0523788810461336       -1.8949868990317176       -1.0394773613016428     
  0.52482618990876173       -3.2929424730174470      -0.70722285851938116     
  0.46991864998509270       -3.0261682274811941      -0.75594265629936064     
  0.20107242551909343      -0.95329593328354056       -2.9577449638497857     
  -7.0910569290958160E-003 -0.28840976212621017       -2.9786979215527718     
  0.22701615607314246       -1.1658900568171748       -2.7806800640058240     
  -1.4025640799242702       0.68737030547534972      -0.13135485843280523     
  -1.5092502074910383      -0.21533297083713546       0.78080653774340802     
  -1.9965845163268725       -8.3997519130158224E-002   1.7009667838554172     
  -1.9493345163395790      -0.10250374190712236        2.0623807110787253     
  -3.3165504483830617       -1.2271502385104420      -0.36440535364217086     
  -4.4447000061534219       -2.1111900670521853      -0.76080766054629667     
  -3.9272685477540450       -1.8908653858021280      -0.73251517598174132     
  -4.2529729102605520       -1.8302150497678116      -0.60356385941213131     
  -2.9756414665269539        3.0454013070742505      -0.97312293007799255     
  -2.6874330894071718        1.5801563423035603      -0.41568152871889846     
  -2.7754546530559518        2.3250720838005172      -0.75590945283616851     
First
                         Total        1.653681966E+00
Step size:       0.20
Step size in Bohr:       0.38
Learning Rate:       1.00
# Steps:          1
                         Error  1        1.611566130E+00
                         Error        1.611566130E+00
