-xyz
refined.xyz
-dens
/home/unibas/boittier/RDKit_G2/B.pdb/SCAN_1_2_3_4_S_36_-10.0/16_SCAN_1_2_3_4_F/B.d.cube
-esp
/home/unibas/boittier/RDKit_G2/B.pdb/SCAN_1_2_3_4_S_36_-10.0/16_SCAN_1_2_3_4_F/B.p.cube
-stepsize
0.2
-n_steps
500
-learning_rate
0.5
  -3.6993386479536232        2.5237221613524068      -0.89021501025224126     
  -3.5051630537598166      -0.20648612902768826       0.83724292925583221     
  -6.3448433057012315      -0.99598630648634634        6.9652959494117317E-002
  -4.0296096791438805      -0.76341326606405346       -5.7609216797521616E-002
  -3.5381481772056618      -0.57323485597693136      -0.60669018820845566     
  -2.4657040542230613       -1.5026573344176328       0.56987547293687202     
  -1.5604425292636104       -1.2137468464293213      -0.66192813162315367     
  -1.9347479727159793       -1.2739398815461382       0.43147825563112002     
  -1.0252658596814821       -1.1421978382113787       0.16508159246066592     
  -1.5653319507728785       -3.8595746876022896       0.89424607093691999     
   2.9906069415918881       -1.9314527207432273      -0.21777149105364704     
   2.5481278294229752       -1.5735115748795883      -0.27519776631313925     
   2.0623024109602297      -0.92473123305764993      -0.11880360248856765     
   2.7620594579658793       -1.7031230966057933      -0.13334595464837121     
  0.63941579767183376       0.15691730735746293       0.25395447950434241     
   1.1352758349815764      -0.31119228682415495       -8.7324205653137782E-002
  0.24640992703432174       0.45917657146523277       0.13835174648251258     
  0.71141370038363083       0.59000306301345906      -0.29541499086149980     
   3.9466172016992016        3.2321785179942846      -0.12270049225474555     
  0.81178476599622662        1.7534282017991629        1.0363254410484947E-002
   1.5198079223497869        1.7298591974483675       0.40451274850789276     
   1.8861222648730571        1.6513874802406028        3.7366834267696679E-002
   1.5678165416860845        1.8600276052539053      -0.12593618384057706     
  0.24100002390177680        4.0955115315090636        1.0206467898488356     
  0.21902822506686292        4.0910794512706454       0.73164284728876516     
First
                         Total        4.415504095E-01
Step size:       0.20
Step size in Bohr:       0.38
Learning Rate:       1.00
# Steps:        500
                         Error  1        4.401967283E-01
                         Error  2        4.389448986E-01
                         Error  3        4.377863816E-01
                         Error  4        4.367133317E-01
                         Error  5        4.357185465E-01
                         Error  6        4.347954178E-01
                         Error  7        4.339378872E-01
                         Error  8        4.331404030E-01
                         Error  9        4.323978805E-01
                         Error 10        4.317056653E-01
                         Error 11        4.310594984E-01
                         Error 12        4.304554840E-01
                         Error 13        4.298900600E-01
                         Error 14        4.293599703E-01
                         Error 15        4.288622392E-01
                         Error 16        4.283941481E-01
                         Error 17        4.279532136E-01
                         Error 18        4.275371678E-01
                         Error 19        4.271439395E-01
                         Error 20        4.267716380E-01
                         Error 21        4.264185369E-01
                         Error 22        4.260830604E-01
                         Error 23        4.257637700E-01
                         Error 24        4.254593526E-01
                         Error 25        4.251686099E-01
                         Error 26        4.248904478E-01
                         Error 27        4.246238678E-01
                         Error 28        4.243679586E-01
                         Error 29        4.241218879E-01
                         Error 30        4.238848962E-01
                         Error 31        4.236562899E-01
                         Error 32        4.234354357E-01
                         Error 33        4.232217552E-01
                         Error 34        4.230147201E-01
                         Error 35        4.228138478E-01
                         Error 36        4.226186974E-01
                         Error 37        4.224288657E-01
                         Error 38        4.222439845E-01
                         Error 39        4.220637168E-01
                         Error 40        4.218877546E-01
                         Error 41        4.217158159E-01
                         Error 42        4.215476430E-01
                         Error 43        4.213829995E-01
                         Error 44        4.212216692E-01
                         Error 45        4.210634539E-01
                         Error 46        4.209081720E-01
                         Error 47        4.207556570E-01
                         Error 48        4.206057558E-01
                         Error 49        4.204583284E-01
                         Error 50        4.203132456E-01
                         Error 51        4.201703892E-01
                         Error 52        4.200296501E-01
                         Error 53        4.198909280E-01
                         Error 54        4.197541306E-01
                         Error 55        4.196191728E-01
                         Error 56        4.194859760E-01
                         Error 57        4.193544677E-01
                         Error 58        4.192245808E-01
                         Error 59        4.190962534E-01
                         Error 60        4.189694280E-01
                         Error 61        4.188440514E-01
                         Error 62        4.187200741E-01
                         Error 63        4.185974503E-01
                         Error 64        4.184761373E-01
                         Error 65        4.183560952E-01
                         Error 66        4.182372869E-01
                         Error 67        4.181196778E-01
                         Error 68        4.180032354E-01
                         Error 69        4.178879294E-01
                         Error 70        4.177737313E-01
                         Error 71        4.176606142E-01
                         Error 72        4.175485531E-01
                         Error 73        4.174375241E-01
                         Error 74        4.173275048E-01
                         Error 75        4.172184741E-01
                         Error 76        4.171104118E-01
                         Error 77        4.170032990E-01
                         Error 78        4.168971176E-01
                         Error 79        4.167918502E-01
                         Error 80        4.166874806E-01
                         Error 81        4.165839931E-01
                         Error 82        4.164813726E-01
                         Error 83        4.163796048E-01
                         Error 84        4.162786759E-01
                         Error 85        4.161785728E-01
                         Error 86        4.160792828E-01
                         Error 87        4.159807934E-01
                         Error 88        4.158830930E-01
                         Error 89        4.157861701E-01
                         Error 90        4.156900137E-01
                         Error 91        4.155946130E-01
                         Error 92        4.154999577E-01
                         Error 93        4.154060378E-01
                         Error 94        4.153128433E-01
                         Error 95        4.152203649E-01
                         Error 96        4.151285932E-01
                         Error 97        4.150375192E-01
                         Error 98        4.149471341E-01
                         Error 99        4.148574293E-01
                         Error100        4.147683964E-01
                         Error101        4.146800271E-01
                         Error102        4.145923134E-01
                         Error103        4.145052475E-01
                         Error104        4.144188215E-01
                         Error105        4.143330280E-01
                         Error106        4.142478596E-01
                         Error107        4.141633088E-01
                         Error108        4.140793687E-01
                         Error109        4.139960321E-01
                         Error110        4.139132922E-01
                         Error111        4.138311421E-01
                         Error112        4.137495752E-01
                         Error113        4.136685849E-01
                         Error114        4.135881648E-01
                         Error115        4.135083084E-01
                         Error116        4.134290096E-01
                         Error117        4.133502622E-01
                         Error118        4.132720600E-01
                         Error119        4.131943971E-01
                         Error120        4.131172676E-01
                         Error121        4.130406656E-01
                         Error122        4.129645855E-01
                         Error123        4.128890216E-01
                         Error124        4.128139682E-01
                         Error125        4.127394199E-01
                         Error126        4.126653713E-01
                         Error127        4.125918170E-01
                         Error128        4.125187517E-01
                         Error129        4.124461702E-01
                         Error130        4.123740674E-01
                         Error131        4.123024381E-01
                         Error132        4.122312774E-01
                         Error133        4.121605804E-01
                         Error134        4.120903420E-01
                         Error135        4.120205576E-01
                         Error136        4.119512223E-01
                         Error137        4.118823314E-01
                         Error138        4.118138804E-01
                         Error139        4.117458645E-01
                         Error140        4.116782794E-01
                         Error141        4.116111204E-01
                         Error142        4.115443833E-01
                         Error143        4.114780636E-01
                         Error144        4.114121570E-01
                         Error145        4.113466594E-01
                         Error146        4.112815664E-01
                         Error147        4.112168739E-01
                         Error148        4.111525779E-01
                         Error149        4.110886742E-01
                         Error150        4.110251589E-01
                         Error151        4.109620281E-01
                         Error152        4.108992778E-01
                         Error153        4.108369042E-01
                         Error154        4.107749034E-01
                         Error155        4.107132717E-01
                         Error156        4.106520054E-01
                         Error157        4.105911009E-01
                         Error158        4.105305544E-01
                         Error159        4.104703624E-01
                         Error160        4.104105214E-01
                         Error161        4.103510279E-01
                         Error162        4.102918784E-01
                         Error163        4.102330694E-01
                         Error164        4.101745977E-01
                         Error165        4.101164599E-01
                         Error166        4.100586527E-01
                         Error167        4.100011728E-01
                         Error168        4.099440171E-01
                         Error169        4.098871823E-01
                         Error170        4.098306653E-01
                         Error171        4.097744631E-01
                         Error172        4.097185725E-01
                         Error173        4.096629905E-01
                         Error174        4.096077141E-01
                         Error175        4.095527405E-01
                         Error176        4.094980666E-01
                         Error177        4.094436896E-01
                         Error178        4.093896066E-01
                         Error179        4.093358148E-01
                         Error180        4.092823114E-01
                         Error181        4.092290937E-01
                         Error182        4.091761590E-01
                         Error183        4.091235045E-01
                         Error184        4.090711276E-01
                         Error185        4.090190258E-01
                         Error186        4.089671963E-01
                         Error187        4.089156367E-01
                         Error188        4.088643444E-01
                         Error189        4.088133169E-01
                         Error190        4.087625517E-01
                         Error191        4.087120465E-01
                         Error192        4.086617987E-01
                         Error193        4.086118060E-01
                         Error194        4.085620661E-01
                         Error195        4.085125766E-01
                         Error196        4.084633352E-01
                         Error197        4.084143396E-01
                         Error198        4.083655876E-01
                         Error199        4.083170770E-01
                         Error200        4.082688055E-01
                         Error201        4.082207711E-01
                         Error202        4.081729715E-01
                         Error203        4.081254047E-01
                         Error204        4.080780684E-01
                         Error205        4.080309608E-01
                         Error206        4.079840797E-01
                         Error207        4.079374231E-01
                         Error208        4.078909889E-01
                         Error209        4.078447754E-01
                         Error210        4.077987803E-01
                         Error211        4.077530020E-01
                         Error212        4.077074383E-01
                         Error213        4.076620875E-01
                         Error214        4.076169477E-01
                         Error215        4.075720171E-01
                         Error216        4.075272937E-01
                         Error217        4.074827759E-01
                         Error218        4.074384619E-01
                         Error219        4.073943498E-01
                         Error220        4.073504379E-01
                         Error221        4.073067246E-01
                         Error222        4.072632081E-01
                         Error223        4.072198868E-01
                         Error224        4.071767589E-01
                         Error225        4.071338229E-01
                         Error226        4.070910771E-01
                         Error227        4.070485199E-01
                         Error228        4.070061498E-01
                         Error229        4.069639651E-01
                         Error230        4.069219643E-01
                         Error231        4.068801459E-01
                         Error232        4.068385084E-01
                         Error233        4.067970503E-01
                         Error234        4.067557700E-01
                         Error235        4.067146662E-01
                         Error236        4.066737373E-01
                         Error237        4.066329820E-01
                         Error238        4.065923988E-01
                         Error239        4.065519864E-01
                         Error240        4.065117433E-01
                         Error241        4.064716681E-01
                         Error242        4.064317596E-01
                         Error243        4.063920164E-01
                         Error244        4.063524372E-01
                         Error245        4.063130206E-01
                         Error246        4.062737654E-01
                         Error247        4.062346703E-01
                         Error248        4.061957340E-01
                         Error249        4.061569553E-01
                         Error250        4.061183329E-01
                         Error251        4.060798657E-01
                         Error252        4.060415523E-01
                         Error253        4.060033917E-01
                         Error254        4.059653825E-01
                         Error255        4.059275238E-01
                         Error256        4.058898142E-01
                         Error257        4.058522527E-01
                         Error258        4.058148381E-01
                         Error259        4.057775694E-01
                         Error260        4.057404453E-01
                         Error261        4.057034648E-01
                         Error262        4.056666269E-01
                         Error263        4.056299304E-01
                         Error264        4.055933743E-01
                         Error265        4.055569576E-01
                         Error266        4.055206792E-01
                         Error267        4.054845380E-01
                         Error268        4.054485331E-01
                         Error269        4.054126635E-01
                         Error270        4.053769282E-01
                         Error271        4.053413261E-01
                         Error272        4.053058564E-01
                         Error273        4.052705181E-01
                         Error274        4.052353101E-01
                         Error275        4.052002316E-01
                         Error276        4.051652817E-01
                         Error277        4.051304594E-01
                         Error278        4.050957638E-01
                         Error279        4.050611940E-01
                         Error280        4.050267492E-01
                         Error281        4.049924283E-01
                         Error282        4.049582307E-01
                         Error283        4.049241553E-01
                         Error284        4.048902014E-01
                         Error285        4.048563681E-01
                         Error286        4.048226546E-01
                         Error287        4.047890600E-01
                         Error288        4.047555836E-01
                         Error289        4.047222244E-01
                         Error290        4.046889818E-01
                         Error291        4.046558549E-01
                         Error292        4.046228429E-01
                         Error293        4.045899451E-01
                         Error294        4.045571607E-01
                         Error295        4.045244888E-01
                         Error296        4.044919289E-01
                         Error297        4.044594801E-01
                         Error298        4.044271417E-01
                         Error299        4.043949130E-01
                         Error300        4.043627932E-01
                         Error301        4.043307816E-01
                         Error302        4.042988775E-01
                         Error303        4.042670803E-01
                         Error304        4.042353892E-01
                         Error305        4.042038035E-01
                         Error306        4.041723226E-01
                         Error307        4.041409457E-01
                         Error308        4.041096723E-01
                         Error309        4.040785017E-01
                         Error310        4.040474331E-01
                         Error311        4.040164660E-01
                         Error312        4.039855998E-01
                         Error313        4.039548337E-01
                         Error314        4.039241672E-01
                         Error315        4.038935997E-01
                         Error316        4.038631304E-01
                         Error317        4.038327589E-01
                         Error318        4.038024846E-01
                         Error319        4.037723067E-01
                         Error320        4.037422248E-01
                         Error321        4.037122382E-01
                         Error322        4.036823464E-01
                         Error323        4.036525488E-01
                         Error324        4.036228448E-01
                         Error325        4.035932339E-01
                         Error326        4.035637155E-01
                         Error327        4.035342891E-01
                         Error328        4.035049541E-01
                         Error329        4.034757099E-01
                         Error330        4.034465562E-01
                         Error331        4.034174922E-01
                         Error332        4.033885175E-01
                         Error333        4.033596315E-01
                         Error334        4.033308338E-01
                         Error335        4.033021239E-01
                         Error336        4.032735012E-01
                         Error337        4.032449652E-01
                         Error338        4.032165155E-01
                         Error339        4.031881515E-01
                         Error340        4.031598728E-01
                         Error341        4.031316789E-01
                         Error342        4.031035692E-01
                         Error343        4.030755434E-01
                         Error344        4.030476010E-01
                         Error345        4.030197415E-01
                         Error346        4.029919644E-01
                         Error347        4.029642693E-01
                         Error348        4.029366557E-01
                         Error349        4.029091232E-01
                         Error350        4.028816714E-01
                         Error351        4.028542997E-01
                         Error352        4.028270079E-01
                         Error353        4.027997954E-01
                         Error354        4.027726617E-01
                         Error355        4.027456066E-01
                         Error356        4.027186296E-01
                         Error357        4.026917302E-01
                         Error358        4.026649080E-01
                         Error359        4.026381627E-01
                         Error360        4.026114939E-01
                         Error361        4.025849010E-01
                         Error362        4.025583838E-01
                         Error363        4.025319419E-01
                         Error364        4.025055748E-01
                         Error365        4.024792821E-01
                         Error366        4.024530636E-01
                         Error367        4.024269187E-01
                         Error368        4.024008472E-01
                         Error369        4.023748486E-01
                         Error370        4.023489226E-01
                         Error371        4.023230689E-01
                         Error372        4.022972870E-01
                         Error373        4.022715766E-01
                         Error374        4.022459373E-01
                         Error375        4.022203688E-01
                         Error376        4.021948708E-01
                         Error377        4.021694428E-01
                         Error378        4.021440846E-01
                         Error379        4.021187958E-01
                         Error380        4.020935760E-01
                         Error381        4.020684250E-01
                         Error382        4.020433424E-01
                         Error383        4.020183278E-01
                         Error384        4.019933810E-01
                         Error385        4.019685015E-01
                         Error386        4.019436892E-01
                         Error387        4.019189436E-01
                         Error388        4.018942645E-01
                         Error389        4.018696515E-01
                         Error390        4.018451044E-01
                         Error391        4.018206228E-01
                         Error392        4.017962064E-01
                         Error393        4.017718548E-01
                         Error394        4.017475679E-01
                         Error395        4.017233454E-01
                         Error396        4.016991868E-01
                         Error397        4.016750919E-01
                         Error398        4.016510605E-01
                         Error399        4.016270922E-01
                         Error400        4.016031867E-01
                         Error401        4.015793439E-01
                         Error402        4.015555633E-01
                         Error403        4.015318447E-01
                         Error404        4.015081878E-01
                         Error405        4.014845924E-01
                         Error406        4.014610582E-01
                         Error407        4.014375848E-01
                         Error408        4.014141722E-01
                         Error409        4.013908198E-01
                         Error410        4.013675276E-01
                         Error411        4.013442953E-01
                         Error412        4.013211225E-01
                         Error413        4.012980090E-01
                         Error414        4.012749546E-01
                         Error415        4.012519591E-01
                         Error416        4.012290220E-01
                         Error417        4.012061433E-01
                         Error418        4.011833227E-01
                         Error419        4.011605598E-01
                         Error420        4.011378546E-01
                         Error421        4.011152066E-01
                         Error422        4.010926158E-01
                         Error423        4.010700818E-01
                         Error424        4.010476044E-01
                         Error425        4.010251834E-01
                         Error426        4.010028185E-01
                         Error427        4.009805095E-01
                         Error428        4.009582562E-01
                         Error429        4.009360583E-01
                         Error430        4.009139156E-01
                         Error431        4.008918280E-01
                         Error432        4.008697951E-01
                         Error433        4.008478168E-01
                         Error434        4.008258927E-01
                         Error435        4.008040228E-01
                         Error436        4.007822068E-01
                         Error437        4.007604445E-01
                         Error438        4.007387356E-01
                         Error439        4.007170799E-01
                         Error440        4.006954773E-01
                         Error441        4.006739275E-01
                         Error442        4.006524304E-01
                         Error443        4.006309856E-01
                         Error444        4.006095931E-01
                         Error445        4.005882525E-01
                         Error446        4.005669638E-01
                         Error447        4.005457266E-01
                         Error448        4.005245409E-01
                         Error449        4.005034063E-01
                         Error450        4.004823228E-01
                         Error451        4.004612900E-01
                         Error452        4.004403079E-01
                         Error453        4.004193762E-01
                         Error454        4.003984947E-01
                         Error455        4.003776633E-01
                         Error456        4.003568817E-01
                         Error457        4.003361497E-01
                         Error458        4.003154673E-01
                         Error459        4.002948341E-01
                         Error460        4.002742501E-01
                         Error461        4.002537149E-01
                         Error462        4.002332286E-01
                         Error463        4.002127907E-01
                         Error464        4.001924013E-01
                         Error465        4.001720601E-01
                         Error466        4.001517669E-01
                         Error467        4.001315215E-01
                         Error468        4.001113238E-01
                         Error469        4.000911737E-01
                         Error470        4.000710709E-01
                         Error471        4.000510152E-01
                         Error472        4.000310065E-01
                         Error473        4.000110447E-01
                         Error474        3.999911295E-01
                         Error475        3.999712608E-01
                         Error476        3.999514385E-01
                         Error477        3.999316623E-01
                         Error478        3.999119321E-01
                         Error479        3.998922477E-01
                         Error480        3.998726090E-01
                         Error481        3.998530158E-01
                         Error482        3.998334680E-01
                         Error483        3.998139654E-01
                         Error484        3.997945078E-01
                         Error485        3.997750951E-01
                         Error486        3.997557271E-01
                         Error487        3.997364037E-01
                         Error488        3.997171247E-01
                         Error489        3.996978900E-01
                         Error490        3.996786994E-01
                         Error491        3.996595528E-01
                         Error492        3.996404500E-01
                         Error493        3.996213909E-01
                         Error494        3.996023752E-01
                         Error495        3.995834030E-01
                         Error496        3.995644739E-01
                         Error497        3.995455880E-01
                         Error498        3.995267450E-01
                         Error499        3.995079448E-01
                         Error500        3.994891872E-01
                         Error        3.994891872E-01
