-xyz
refined.xyz
-dens
../../cube_files/ester/12_SCAN_1_2_6_8_F/O.d.cube
-esp
../../cube_files/ester/12_SCAN_1_2_6_8_F/O.p.cube
-stepsize
0.2
-n_steps
200
-learning_rate
0.5
  -1.9465709633629280        1.8328693195662153      -0.35356599193565230     
  -2.2576238437661535        1.9757888022517232      -0.85807428457737267     
 -0.76785568386835068        3.2546111759359468        1.1752149436223140     
 -0.89385941806803049        3.0574987351702867       0.91307287804996395     
  -3.6167517995174552        2.4055447064456268       0.44075297813832492     
  -3.1179342836629536        2.2759079639342561       0.46048064378793008     
  -1.2797332792464922        3.5634151079568204       -2.5100983273312552     
  -2.8781017598190783       -2.4350870643012112       0.49423426589486086     
  -2.2206909691264771       -2.7415004720817771       0.22619625926067660     
  -2.9362477265637077       -1.9824758798252204       0.50978276918094745     
  -5.8727236877772482E-002 -0.63713055140397179      -0.27823308810397152     
  -1.4055579294278284       -2.6277948233923518E-002 -0.29286492125990632     
  -1.4225536541466848       0.27869084570626246      -0.84492776215579291     
  0.79891250532566771      -0.64729604073161096      -0.61228103813520818     
   1.3046991464074489      -0.96557500572196697       -1.2807954884850699     
   1.6396858778347230       -1.2047421366223905      -0.98049291401750716     
   1.5985593836429670       -1.0428132423617227      -0.49537689293267612     
   4.0094646575548625      -0.26488109849971930       0.22509391649765487     
   2.6038861512320106      -0.37153250704381263       0.45346021807737463     
   4.4386292269661149      -0.26834206345671485        8.1854030475529346E-002
   3.8887323960923537        1.9632027706897159       -7.6587762651414065E-002
   3.8924791043745688        1.8010453828982846      -0.11368377309402944     
   3.3848047919258257      -0.25221460639448462        1.6573319871490251     
   3.5079466500132011      -0.42759857878923574        2.2650502085419362     
First
                         Total        1.003501601E+00
Step size:       0.20
Step size in Bohr:       0.38
Learning Rate:       1.00
# Steps:        200
                         Error  1        9.880128266E-01
                         Error  2        9.735680979E-01
                         Error  3        9.601071836E-01
                         Error  4        9.475716339E-01
                         Error  5        9.359049430E-01
                         Error  6        9.250526841E-01
                         Error  7        9.149626137E-01
                         Error  8        9.055847504E-01
                         Error  9        8.968714265E-01
                         Error 10        8.887773171E-01
                         Error 11        8.812594456E-01
                         Error 12        8.742771715E-01
                         Error 13        8.677921595E-01
                         Error 14        8.617683345E-01
                         Error 15        8.561718238E-01
                         Error 16        8.509708885E-01
                         Error 17        8.461358473E-01
                         Error 18        8.416389933E-01
                         Error 19        8.374545065E-01
                         Error 20        8.335583632E-01
                         Error 21        8.299282435E-01
                         Error 22        8.265434383E-01
                         Error 23        8.233847574E-01
                         Error 24        8.204344385E-01
                         Error 25        8.176760581E-01
                         Error 26        8.150944455E-01
                         Error 27        8.126755997E-01
                         Error 28        8.104066100E-01
                         Error 29        8.082755794E-01
                         Error 30        8.062715529E-01
                         Error 31        8.043844488E-01
                         Error 32        8.026049941E-01
                         Error 33        8.009246642E-01
                         Error 34        7.993356257E-01
                         Error 35        7.978306830E-01
                         Error 36        7.964032290E-01
                         Error 37        7.950471985E-01
                         Error 38        7.937570254E-01
                         Error 39        7.925276026E-01
                         Error 40        7.913542447E-01
                         Error 41        7.902326545E-01
                         Error 42        7.891588903E-01
                         Error 43        7.881293378E-01
                         Error 44        7.871406819E-01
                         Error 45        7.861898829E-01
                         Error 46        7.852741529E-01
                         Error 47        7.843909353E-01
                         Error 48        7.835378849E-01
                         Error 49        7.827128505E-01
                         Error 50        7.819138586E-01
                         Error 51        7.811390980E-01
                         Error 52        7.803869065E-01
                         Error 53        7.796557583E-01
                         Error 54        7.789442519E-01
                         Error 55        7.782511003E-01
                         Error 56        7.775751208E-01
                         Error 57        7.769152262E-01
                         Error 58        7.762704168E-01
                         Error 59        7.756397730E-01
                         Error 60        7.750224483E-01
                         Error 61        7.744176633E-01
                         Error 62        7.738246999E-01
                         Error 63        7.732428961E-01
                         Error 64        7.726716413E-01
                         Error 65        7.721103719E-01
                         Error 66        7.715585674E-01
                         Error 67        7.710157467E-01
                         Error 68        7.704814648E-01
                         Error 69        7.699553098E-01
                         Error 70        7.694369000E-01
                         Error 71        7.689258815E-01
                         Error 72        7.684219261E-01
                         Error 73        7.679247286E-01
                         Error 74        7.674340054E-01
                         Error 75        7.669494924E-01
                         Error 76        7.664709436E-01
                         Error 77        7.659981296E-01
                         Error 78        7.655308362E-01
                         Error 79        7.650688630E-01
                         Error 80        7.646120226E-01
                         Error 81        7.641601393E-01
                         Error 82        7.637130484E-01
                         Error 83        7.632705950E-01
                         Error 84        7.628326337E-01
                         Error 85        7.623990272E-01
                         Error 86        7.619696464E-01
                         Error 87        7.615443693E-01
                         Error 88        7.611230805E-01
                         Error 89        7.607056708E-01
                         Error 90        7.602920368E-01
                         Error 91        7.598820804E-01
                         Error 92        7.594757081E-01
                         Error 93        7.590728313E-01
                         Error 94        7.586733655E-01
                         Error 95        7.582772300E-01
                         Error 96        7.578843478E-01
                         Error 97        7.574946454E-01
                         Error 98        7.571080524E-01
                         Error 99        7.567245012E-01
                         Error100        7.563439270E-01
                         Error101        7.559662678E-01
                         Error102        7.555914638E-01
                         Error103        7.552194574E-01
                         Error104        7.548501933E-01
                         Error105        7.544836180E-01
                         Error106        7.541196799E-01
                         Error107        7.537583294E-01
                         Error108        7.533995183E-01
                         Error109        7.530432000E-01
                         Error110        7.526893294E-01
                         Error111        7.523378628E-01
                         Error112        7.519887579E-01
                         Error113        7.516419736E-01
                         Error114        7.512974699E-01
                         Error115        7.509552081E-01
                         Error116        7.506151505E-01
                         Error117        7.502772604E-01
                         Error118        7.499415021E-01
                         Error119        7.496078409E-01
                         Error120        7.492762429E-01
                         Error121        7.489466753E-01
                         Error122        7.486191057E-01
                         Error123        7.482935028E-01
                         Error124        7.479698361E-01
                         Error125        7.476480756E-01
                         Error126        7.473281922E-01
                         Error127        7.470101573E-01
                         Error128        7.466939432E-01
                         Error129        7.463795227E-01
                         Error130        7.460668690E-01
                         Error131        7.457559562E-01
                         Error132        7.454467589E-01
                         Error133        7.451392522E-01
                         Error134        7.448334116E-01
                         Error135        7.445292134E-01
                         Error136        7.442266342E-01
                         Error137        7.439256511E-01
                         Error138        7.436262418E-01
                         Error139        7.433283844E-01
                         Error140        7.430320573E-01
                         Error141        7.427372395E-01
                         Error142        7.424439103E-01
                         Error143        7.421520497E-01
                         Error144        7.418616376E-01
                         Error145        7.415726548E-01
                         Error146        7.412850822E-01
                         Error147        7.409989011E-01
                         Error148        7.407140932E-01
                         Error149        7.404306405E-01
                         Error150        7.401485253E-01
                         Error151        7.398677305E-01
                         Error152        7.395882391E-01
                         Error153        7.393100343E-01
                         Error154        7.390331000E-01
                         Error155        7.387574200E-01
                         Error156        7.384829786E-01
                         Error157        7.382097604E-01
                         Error158        7.379377503E-01
                         Error159        7.376669333E-01
                         Error160        7.373972949E-01
                         Error161        7.371288207E-01
                         Error162        7.368614967E-01
                         Error163        7.365953090E-01
                         Error164        7.363302441E-01
                         Error165        7.360662885E-01
                         Error166        7.358034293E-01
                         Error167        7.355416536E-01
                         Error168        7.352809487E-01
                         Error169        7.350213023E-01
                         Error170        7.347627020E-01
                         Error171        7.345051360E-01
                         Error172        7.342485926E-01
                         Error173        7.339930600E-01
                         Error174        7.337385270E-01
                         Error175        7.334849824E-01
                         Error176        7.332324152E-01
                         Error177        7.329808146E-01
                         Error178        7.327301701E-01
                         Error179        7.324804712E-01
                         Error180        7.322317077E-01
                         Error181        7.319838695E-01
                         Error182        7.317369467E-01
                         Error183        7.314909296E-01
                         Error184        7.312458086E-01
                         Error185        7.310015744E-01
                         Error186        7.307582175E-01
                         Error187        7.305157291E-01
                         Error188        7.302741000E-01
                         Error189        7.300333216E-01
                         Error190        7.297933851E-01
                         Error191        7.295542820E-01
                         Error192        7.293160041E-01
                         Error193        7.290785430E-01
                         Error194        7.288418906E-01
                         Error195        7.286060390E-01
                         Error196        7.283709803E-01
                         Error197        7.281367069E-01
                         Error198        7.279032110E-01
                         Error199        7.276704853E-01
                         Error200        7.274385224E-01
                         Error        7.274385224E-01
