-xyz
refined.xyz
-dens
/home/unibas/boittier/RDKit_G2/B.pdb/SCAN_1_2_3_4_S_36_10.0/5_SCAN/B.d.cube
-esp
/home/unibas/boittier/RDKit_G2/B.pdb/SCAN_1_2_3_4_S_36_10.0/5_SCAN/B.p.cube
-stepsize
0.2
-n_steps
10
-learning_rate
0.5
   3.4357010950938820        2.3617247535991854        1.8727763991973616     
   3.1513282922685764       0.15926539669801157      -0.17034607343805949     
   2.6951548887796659       0.10333453716384056       0.75529022143717117     
   5.7854732863509852       -1.0488656836564834       0.17281285173922437     
   2.7521421103931583      -0.21360673991838175       0.90741119446180551     
   1.0627646728201841       -1.0452656468064294      -0.26824544520613813     
   1.7435712932165501       -3.2397870626455068       -1.8225769559496172     
   2.5263076781746965       -1.5622726096287252      -0.64535512319163457     
   1.9361392827980484       -1.2622894597442655      -0.52713393185585966     
  -1.5058155878861565        1.6199702015635666       -3.0917383206715103E-003
  -1.4695243193985419        1.8065648630316851        1.4968558540183289E-002
  -1.2834657997589569        3.2545534574576571      -0.21003174798090798     
  -1.2378485774648751        2.5231507001339999      -0.22560581053439319     
 -0.91859609254008290      -0.78172418637226893       -6.5331725230779569E-002
  -1.1219319224253619      -0.46724273014486051       0.26802942319468742     
  -1.5606607972641378      -0.54461131889390713      -0.92608530787372756     
  -1.2049208991790297       0.61283134992027166      -0.16869246397599821     
  -2.4599918684023758       -1.1623840309513622        1.2592405576547094     
  -2.9288022445252255       -1.1863688762282858      -0.58028575822164874     
  -5.0851769206864521      -0.36921797096867898       0.87474042847010613     
  -2.8148218816113011       -3.7845634655771994       0.47369999453695799     
First
                         Total        4.887120465E-01
Step size:       0.20
Step size in Bohr:       0.38
Learning Rate:       1.00
# Steps:         10
                         Error  1        4.838879675E-01
                         Error  2        4.793121145E-01
                         Error  3        4.749731936E-01
                         Error  4        4.708602548E-01
                         Error  5        4.669626966E-01
                         Error  6        4.632702683E-01
                         Error  7        4.597730720E-01
                         Error  8        4.564615630E-01
                         Error  9        4.533265485E-01
                         Error 10        4.503591858E-01
                         Error        4.503591858E-01
