-xyz
refined.xyz
-dens
/home/unibas/boittier/RDKit_G2/B.pdb/SCAN_1_2_3_4_S_36_-10.0/13_SCAN_1_2_3_4_F/B.d.cube
-esp
/home/unibas/boittier/RDKit_G2/B.pdb/SCAN_1_2_3_4_S_36_-10.0/13_SCAN_1_2_3_4_F/B.p.cube
-stepsize
0.2
-n_steps
50
-learning_rate
0.5
  -3.4797470522331762        2.1272280236080361       -2.0399886749987921     
  -3.5490577123460079       0.28033930218951281       0.63324800440691587     
  -6.3646179619606471      -0.64667858829048896        6.9111482176783284E-002
  -4.0759806087720643      -0.61840353531283276        5.6179149260053109E-002
  -3.5159819911147263      -0.66750278965399723      -0.51446861905110319     
  -2.6186669857567169       -1.1212094999959423        1.0650396603605963     
  -1.7202418175025063      -0.99596226707076851      -0.36451372602361615     
  -2.0501468011542503       -1.0865886733948997       0.94657780922841539     
  -1.1576692352136082      -0.99243370924862706       0.48225090207707960     
  -1.8326668099710786       -3.0560536032583681        2.2637377203783702     
   2.9772393964673562       -2.2566013937160410      -0.47379248123013584     
   2.5028887087486811       -1.7920341675924736      -0.49783936727731681     
   2.1230374227443747       -1.1008240253947232      -0.24850654913096940     
   2.7766638799704677       -1.9797145671690937      -0.32921378286689212     
  0.72189623591789454       0.21802449687564926       0.36059437782711362     
   1.1649645971762475      -0.35063346948850377       -7.5412022570444118E-002
  0.30523467470368720       0.56340137525148914       0.30836354394153448     
  0.72915185296256668       0.64683743612182809      -0.31727963903348488     
   4.1680982193457004        2.9919080362254520      -0.31978191869915262     
  0.97924114127374307        1.7912092403092157       0.14083065046482815     
   1.7731946326664889        1.6958150325134351       0.50638213856128400     
   2.1283296270345229        1.6291783964247033        2.2368258405908045E-002
   1.7859550015016277        1.8792317912255405      -0.11822608523019673     
  0.64240950262650831        4.1662461861092366        1.3764097555790098     
  0.65063745878721968        4.1291417792337057        1.0441873391570280     
First
                         Total        5.664934707E-01
Step size:       0.20
Step size in Bohr:       0.38
Learning Rate:       1.00
# Steps:         50
                         Error  1        5.650756777E-01
                         Error  2        5.637105208E-01
                         Error  3        5.623943372E-01
                         Error  4        5.611237367E-01
                         Error  5        5.598955832E-01
                         Error  6        5.587069755E-01
                         Error  7        5.575552309E-01
                         Error  8        5.564378686E-01
                         Error  9        5.553525954E-01
                         Error 10        5.542972916E-01
                         Error 11        5.532699979E-01
                         Error 12        5.522689036E-01
                         Error 13        5.512923356E-01
                         Error 14        5.503387476E-01
                         Error 15        5.494067107E-01
                         Error 16        5.484949048E-01
                         Error 17        5.476021095E-01
                         Error 18        5.467271975E-01
                         Error 19        5.458691266E-01
                         Error 20        5.450269336E-01
                         Error 21        5.441997280E-01
                         Error 22        5.433866867E-01
                         Error 23        5.425870483E-01
                         Error 24        5.418001089E-01
                         Error 25        5.410252171E-01
                         Error 26        5.402617703E-01
                         Error 27        5.395092106E-01
                         Error 28        5.387670217E-01
                         Error 29        5.380347253E-01
                         Error 30        5.373118783E-01
                         Error 31        5.365980699E-01
                         Error 32        5.358929194E-01
                         Error 33        5.351960735E-01
                         Error 34        5.345072044E-01
                         Error 35        5.338260077E-01
                         Error 36        5.331522005E-01
                         Error 37        5.324855198E-01
                         Error 38        5.318257211E-01
                         Error 39        5.311725766E-01
                         Error 40        5.305258742E-01
                         Error 41        5.298854161E-01
                         Error 42        5.292510179E-01
                         Error 43        5.286225071E-01
                         Error 44        5.279997229E-01
                         Error 45        5.273825144E-01
                         Error 46        5.267707406E-01
                         Error 47        5.261642694E-01
                         Error 48        5.255629764E-01
                         Error 49        5.249667452E-01
                         Error 50        5.243754662E-01
                         Error        5.243754662E-01
