-xyz
refined.xyz
-dens
/home/unibas/boittier/RDKit_G2/B.pdb/SCAN_1_2_3_4_S_36_-10.0/19_SCAN_1_2_3_4_F/B.d.cube
-esp
/home/unibas/boittier/RDKit_G2/B.pdb/SCAN_1_2_3_4_S_36_-10.0/19_SCAN_1_2_3_4_F/B.p.cube
-stepsize
0.2
-n_steps
0
-learning_rate
0.5
   3.8290922487085273        2.6503829786004482      -0.49418855620820906     
   3.4603342653210638      -0.51529737909899231      -0.83442113044700528     
   6.3244834018372531       -1.0663177617428214        3.2892948696112076E-002
   4.0706676519218590      -0.78794795547422225        9.0651262311813752E-002
   3.6110527867005007      -0.39020519965435474       0.63236401145784316     
   2.6087922109665151       -1.4367992180899725       -5.3296603210349278E-002
   1.3772273784875912       -1.3269560887330898        1.0489278584900164     
   2.0485874646650490       -1.4047329869597571      -0.17805299292010837     
   1.0563552090748591       -1.1860476281004801       0.13072264618989493     
   1.5563092046581000       -3.8040781271515685       0.54634564239960792     
  -3.2817468352567571       -2.0502563932240165      -0.13661569663983070     
  -2.7775659322593707       -1.6224005145112970        4.8079974677290652E-002
  -2.2982397787443127      -0.97294888904868682       -3.8720086620414061E-002
  -3.0186031519624943       -1.7727459616273875      -0.20713879465931859     
 -0.64507200479999571       0.21813824230406498      -0.17276413779371116     
  -1.2544760743484087      -0.31698775504424198       0.10604856868378583     
 -0.22719592054004428       0.53364716874381168        3.6157823739117488E-002
 -0.79943477198038926       0.60739990785107478       0.53419383221000394     
  -3.9403164051428332        3.2609008657630314       -1.6910422898604453E-002
 -0.82980216959712938        1.8053016861232321       0.22279254544468305     
  -1.5013104615570705        1.8372249868980544      -0.36225791184908135     
  -1.9915490979691994        1.7535702395739354       -8.8463862701425137E-003
  -1.6856978619501044        1.9390518285461988       0.27058612978051833     
  -2.2816593682087674E-002   4.2774288643873817      -0.48531827207427797     
  -9.5920110752089310E-002   4.1993113785782450      -0.17239563570938007     
First
                         Total        1.348327403E+00
Step size:       0.20
Step size in Bohr:       0.38
Learning Rate:       1.00
# Steps:          0
                         Error        1.348327403E+00
