                                     G D M A

                                 by Anthony Stone

                           version 2.2.03, 21 June 2007

               Distributed Multipoles from Gaussian wavefunctions


Starting at 11:58:51 on 19 May 2021 

GDMA



Using SCF density matrix from file L.pdb.fchk


                         Distributed Multipole Analysis

Standard DMA for products of primitives with exponent greater than 4.00000
Using 80-point Euler-MacLaurin radial quadrature
Using 590-point Lebedev quadrature
Becke smoothing parameter = 3

Positions and radii in angstrom
Multipole moments in atomic units, ea_0^k for rank k

C          x = -1.560487  y = -0.419722  z =  0.080423
           Maximum rank =  2   Radius =  0.650
                   Q00  =  -0.101380
|Q1| =   0.081716  Q10  =  -0.017290  Q11c =   0.074092  Q11s =   0.029814
|Q2| =   1.214024  Q20  =  -0.932082  Q21c =   0.210365  Q21s =  -0.659706
                   Q22c =   0.212864  Q22s =   0.283374

C          x = -0.647095  y =  0.524502  z = -0.171080
           Maximum rank =  2   Radius =  0.650
                   Q00  =  -0.117124
|Q1| =   0.097624  Q10  =   0.018254  Q11c =   0.079630  Q11s =  -0.053445
|Q2| =   1.198370  Q20  =  -0.945008  Q21c =   0.234275  Q21s =  -0.660661
                   Q22c =   0.133825  Q22s =   0.183808

C          x =  0.776355  y =  0.392101  z =  0.215139
           Maximum rank =  2   Radius =  0.650
                   Q00  =   0.159587
|Q1| =   0.182749  Q10  =  -0.081942  Q11c =   0.074985  Q11s =  -0.145120
|Q2| =   0.635389  Q20  =  -0.333591  Q21c =   0.137737  Q21s =   0.442079
                   Q22c =   0.147014  Q22s =  -0.237524

O          x =  1.530821  y = -0.503754  z = -0.177251
           Maximum rank =  2   Radius =  0.650
                   Q00  =  -0.360891
|Q1| =   0.520408  Q10  =   0.146102  Q11c =  -0.317047  Q11s =   0.385953
|Q2| =   0.990247  Q20  =  -0.181429  Q21c =  -0.504840  Q21s =   0.080945
                   Q22c =  -0.164830  Q22s =  -0.811843

H          x =  1.172979  y =  1.193158  z =  0.860267
           Maximum rank =  2   Radius =  0.325
                   Q00  =   0.106145
|Q1| =   0.147687  Q10  =  -0.084309  Q11c =  -0.045998  Q11s =  -0.112195
|Q2| =   0.129925  Q20  =  -0.028630  Q21c =   0.061160  Q21s =   0.106572
                   Q22c =  -0.004135  Q22s =   0.030749

H          x = -2.610415  y = -0.268800  z = -0.146614
           Maximum rank =  2   Radius =  0.325
                   Q00  =   0.092489
|Q1| =   0.125486  Q10  =   0.017797  Q11c =   0.124217  Q11s =   0.000283
|Q2| =   0.196431  Q20  =  -0.117365  Q21c =   0.065707  Q21s =  -0.039941
                   Q22c =   0.136145  Q22s =  -0.019045

H          x = -1.280129  y = -1.374618  z =  0.515594
           Maximum rank =  2   Radius =  0.325
                   Q00  =   0.109869
|Q1| =   0.123346  Q10  =  -0.049602  Q11c =   0.012343  Q11s =   0.112256
|Q2| =   0.178768  Q20  =  -0.096668  Q21c =   0.036385  Q21s =  -0.122485
                   Q22c =  -0.063519  Q22s =  -0.047458

H          x = -0.941637  y =  1.499007  z = -0.558133
           Maximum rank =  2   Radius =  0.325
                   Q00  =   0.111302
|Q1| =   0.132837  Q10  =   0.046428  Q11c =   0.039641  Q11s =  -0.117978
|Q2| =   0.173244  Q20  =  -0.101150  Q21c =   0.044002  Q21s =  -0.111094
                   Q22c =  -0.063636  Q22s =  -0.038140

Total multipoles
referred to origin at x =   0.000000,  y =    0.000000,  z =    0.000000
                   Q00  =  -0.000003
|Q1| =   1.302507  Q10  =   0.340248  Q11c =  -1.010626  Q11s =   0.747924
|Q2| =   5.415264  Q20  =  -0.447372  Q21c =   1.981963  Q21s =  -1.739675
                   Q22c =  -2.057209  Q22s =   4.235350

CPU time used:      0m 6.518s          Total:      0m 6.518s

Finished at 11:58:58 on 19 May 2021 
