-xyz
refined.xyz
-dens
/home/unibas/boittier/RDKit_G2/B.pdb/SCAN_1_2_3_4_S_36_10.0/34_SCAN/B.d.cube
-esp
/home/unibas/boittier/RDKit_G2/B.pdb/SCAN_1_2_3_4_S_36_10.0/34_SCAN/B.p.cube
-stepsize
0.2
-n_steps
0
-learning_rate
0.5
  -3.8153686523166312        2.6875285688167532       0.69532225940703185     
  -3.3137214374060191      -0.91017315676614885       0.70753625459011515     
  -3.6113931801798920      -0.96745804851980699        5.1011472251477750E-002
  -6.1373690868132895       -1.3783005550506762       0.13985005972496142     
  -3.4182848782011779      -0.74341267427225244      -0.54801390200908839     
  -1.0392039365821755       -1.8312179507288806      -0.34843079959130979     
 -0.62120148351703541       -1.8024409415139526      -0.32111175205761716     
  -1.7482988303324971       -2.8374686200708297      -0.46540961323877145     
  -1.8090199226551027       -2.7651400043443450      -0.98739124206656526     
  -1.7799299058227807       -2.9573978503349565        3.7592866416217695E-002
  0.98766878008882508        3.3709248202228812        8.6283913646150553E-002
  0.98635969923437516        2.5247032003095971        1.0556504992773860E-004
   1.3158636302049396      -0.73020324262924918       0.55636193410533319     
   1.2327235711438540       -1.0536481262142687       0.32042240408226763     
   1.7245980135400809      -0.57477349397294064      -0.69407282542883086     
   1.1786621040491967       0.50559846961832622        5.0538297035139026E-002
   5.5846767941989492        6.0562927199965283E-002  0.41289842047227610     
   3.1877991995148967      -0.72381181330425715       0.13526064064021176     
   2.9084197562630689      -0.86146038958914528       0.77585491361755432     
   3.2048154533539672      -0.85578482818888846      -0.55602738161995224     
   3.0202781002988868       -3.9329457188749322       0.20388990443790553     
First
                         Total        1.311641161E+00
Step size:       0.20
Step size in Bohr:       0.38
Learning Rate:       1.00
# Steps:          0
                         Error        1.311641161E+00
