Running in analysis mode

Reading "/home/unibas/boittier/RDKit_G2/B.pdb/SCAN_1_2_3_4_S_36_10.0/21_SCAN/B.p.cube"...

  B.pdb Potential
  Electrostatic potential from Total SCF Density
   10  -10.285484   -7.481694   -6.783879
  112    0.166667    0.000000    0.000000
  100    0.000000    0.166667    0.000000
   83    0.000000    0.000000    0.166667
    6    6.000000    1.680793    2.462668    0.150617
    6    6.000000    0.907271    0.074143    0.074398
    6    6.000000   -1.635822   -0.968942    0.365087
    6    6.000000   -3.772732    0.209114   -0.271127
    1    1.000000    3.650477    2.934992   -0.120882
    1    1.000000    0.343406    3.963976    0.506881
    9    9.000000    2.665731   -1.787846   -0.261621
    1    1.000000   -1.695736   -2.868927    1.140610
    1    1.000000   -3.772804    2.065435   -1.138930
    1    1.000000   -5.593982   -0.666765    0.053056
  9.64822E-04  1.00806E-03  1.05274E-03  1.09890E-03  1.14652E-03  1.19563E-03
       .            .            .            .            .            .
       .            .            .            .            .            .
       .            .            .            .            .            .
  4.71003E-04  4.35055E-04  4.00538E-04  3.67449E-04  3.35776E-04  3.05502E-04

775430 out of 929600 gridpoints are considered (83.4%).

...done!

Reading "21charges.cube"...

  Fitted ESP
  Electrostatic potential fitted from 21 point charges.
   10  -10.285484   -7.481694   -6.783879
  112    0.166667    0.000000    0.000000
  100    0.000000    0.166667    0.000000
   83    0.000000    0.000000    0.166667
    6    6.000000    1.680793    2.462668    0.150617
    6    6.000000    0.907271    0.074143    0.074398
    6    6.000000   -1.635822   -0.968942    0.365087
    6    6.000000   -3.772732    0.209114   -0.271127
    1    1.000000    3.650477    2.934992   -0.120882
    1    1.000000    0.343406    3.963976    0.506881
    9    9.000000    2.665731   -1.787846   -0.261621
    1    1.000000   -1.695736   -2.868927    1.140610
    1    1.000000   -3.772804    2.065435   -1.138930
    1    1.000000   -5.593982   -0.666765    0.053056
  1.03930E-03  1.08366E-03  1.12939E-03  1.17650E-03  1.22499E-03  1.27486E-03
       .            .            .            .            .            .
       .            .            .            .            .            .
       .            .            .            .            .            .
  5.64557E-04  5.29991E-04  4.96726E-04  4.64760E-04  4.34085E-04  4.04688E-04

775430 out of 929600 gridpoints are considered (83.4%).

...done!

                       Measure       RMSE[kcal/mol/e]   MaxError[kcal/mol/e]   NPoints
                         Total        4.814743232E-01        6.616390815E+00    775430
Close (  1.20 < r <   1.66 )          9.717990183E-01        6.616390815E+00    154933
Mid-range ( 1.66 < r <  2.20)         3.020270528E-01        1.413188975E+00    280667
Far-range (  2.20         < r)        1.518702240E-01        6.551638113E-01    339830
Did analysis and wrote slice data
