-xyz
refined.xyz
-dens
/home/unibas/boittier/RDKit_G2/B.pdb/SCAN_1_2_3_4_S_36_10.0/31_SCAN/B.d.cube
-esp
/home/unibas/boittier/RDKit_G2/B.pdb/SCAN_1_2_3_4_S_36_10.0/31_SCAN/B.p.cube
-stepsize
0.2
-n_steps
0
-learning_rate
0.5
  -3.4139533916716522        2.2689466426795422        2.0179484817999320     
  -2.9414809997477516      -0.39620385754294790       0.76202179321205754     
  -2.8278686860494755       0.44886991702977014       0.17656899928499467     
  -5.7795376997950774       -1.0724124000265671       0.20359479857025248     
  -2.9936053014554620       0.41062051323406851      -0.13769965883025712     
 -0.99059520336183449       -1.0519424766728711      -0.74041680731007864     
  -1.7541078591912163       -3.2049931984256084       -1.8796940880814803     
  -2.5031184665541493       -1.5636788259024250      -0.79476673993478442     
  -1.9055344968790278       -1.2642172984397850      -0.74544132004274999     
   1.5561650212059785        1.6153841996930407      -0.31861770344046325     
   1.5254284448794408        1.8017486243364116      -0.35600051244655989     
   1.2895846733391301        3.2546049275551852      -0.23540913956069456     
   1.2366334827100836        2.5248638454067103      -0.21496646664118485     
  0.96448796567679174      -0.78719263715011445      -0.35962441689169916     
   1.2561036103241343      -0.48123919164858842      -0.63262351554970053     
   1.3238830307465628      -0.52071318546563938       0.64052132392824368     
   1.2147090546984241       0.61159914340408172      -0.21828848943606149     
   2.9293795139270875       -1.2594735482401085      -0.62301723780139096     
   2.4802358852951514       -1.0949280478556120        1.2145747678961498     
   5.0864725887601283      -0.36925833990885021       0.87245892927437574     
   2.8115007618078387       -3.7848380857105415       0.48930811991178652     
First
                         Total        5.011726192E-01
Step size:       0.20
Step size in Bohr:       0.38
Learning Rate:       1.00
# Steps:          0
                         Error        5.011726192E-01
                         Error        5.011726192E-01
                         Error        5.011726192E-01
                         Error        5.011726192E-01
                         Error        5.011726192E-01
