-xyz
refined.xyz
-dens
../../cube_files/fbutone/10_SCAN_1_2_6_8_F/N.d.cube
-esp
../../cube_files/fbutone/10_SCAN_1_2_6_8_F/N.p.cube
-stepsize
0.2
-n_steps
100
-learning_rate
0.5
  -3.8988215565883269        3.0119228307647177      -0.71795034097185328     
  -3.5327793089068655        1.7925994926665769       0.27240252969743067     
  -4.0484215349673018        2.3024582847915691        1.0512589640461725     
  -4.2434131073795225        3.0815049264105525        1.9639840401447382     
  -6.4270753545290704        1.7697771471989689       -1.3312902139908442     
  -2.6593172335175872        3.3720643529339940       -1.4433391529773081     
  -3.3172407722895687        2.8868792879489327      -0.95111752362734903     
  -4.3605875456951466       -2.2811500545456944      -0.59036624719603858     
  -3.5352322119995807       -2.8356122193047870      -0.14799193344280795     
  -3.9690051359231506       -2.6377964862655112      -0.40234117881048259     
  -3.3562863426452472        4.2472660283031311E-003   4.1250918614116026E-002
  -2.3877218501012880      -0.98892734968772877       0.53727797965168811     
 -0.44758030781525737      -0.16006846364723326        2.5072410336705802     
 -0.47428395647388644       0.44391430903460283        1.7501206313245261     
   3.1847284675364268E-002  -2.5739041489113168        2.4717650286716943     
  -3.9018530065089888E-002  -2.3270375871535260        2.4418293273249678     
 -0.13385473012269355       0.67401095863588423        3.0016250113511149     
  -6.3431321171477359E-002   1.1936433968681610        2.6907243628109128     
 -0.15069313525065600       0.30986959139700038        3.0464738403011009     
   1.2157209702381466       0.65695605196828644      -0.28004405710859365     
   1.5027868511048366      -0.57049331700834160      -0.56361362539590110     
   2.0591302198440440      -0.98090253020216644       -1.3848692441447379     
   2.0210901716719576       -1.1741346569558815       -1.6062207169630720     
   3.4262520279479993      -0.29203562986278664       0.81371789529074545     
   4.6887597164409636      -0.44749583323051362        1.5651685790787087     
   4.1400071658287150      -0.40551151432629001        1.4769775663692666     
   4.4436145318732327      -0.35207636952056859        1.3112435402959590     
   2.0355161881833523        3.2389860711650802       -1.2335181824418049     
   2.1484898840311630        1.7227020494841230      -0.76340864549023624     
   2.0396987253803673        2.5222785275891364      -0.96406385853238330     
First
                         Total        1.301672433E+00
Step size:       0.20
Step size in Bohr:       0.38
Learning Rate:       1.00
# Steps:        100
                         Error  1        1.285970776E+00
                         Error  2        1.270870630E+00
                         Error  3        1.256347778E+00
                         Error  4        1.242378416E+00
                         Error  5        1.228939216E+00
                         Error  6        1.216007368E+00
                         Error  7        1.203560623E+00
                         Error  8        1.191577331E+00
                         Error  9        1.180036468E+00
                         Error 10        1.168917659E+00
                         Error 11        1.158201199E+00
                         Error 12        1.147868065E+00
                         Error 13        1.137899923E+00
                         Error 14        1.128279135E+00
                         Error 15        1.118988757E+00
                         Error 16        1.110012538E+00
                         Error 17        1.101334911E+00
                         Error 18        1.092940988E+00
                         Error 19        1.084816543E+00
                         Error 20        1.076948003E+00
                         Error 21        1.069322432E+00
                         Error 22        1.061927513E+00
                         Error 23        1.054751530E+00
                         Error 24        1.047783349E+00
                         Error 25        1.041012401E+00
                         Error 26        1.034428658E+00
                         Error 27        1.028022615E+00
                         Error 28        1.021785268E+00
                         Error 29        1.015708095E+00
                         Error 30        1.009783033E+00
                         Error 31        1.004002459E+00
                         Error 32        9.983591721E-01
                         Error 33        9.928463684E-01
                         Error 34        9.874576265E-01
                         Error 35        9.821868868E-01
                         Error 36        9.770284337E-01
                         Error 37        9.719768779E-01
                         Error 38        9.670271393E-01
                         Error 39        9.621744306E-01
                         Error 40        9.574142420E-01
                         Error 41        9.527423254E-01
                         Error 42        9.481546804E-01
                         Error 43        9.436475404E-01
                         Error 44        9.392173594E-01
                         Error 45        9.348607990E-01
                         Error 46        9.305747174E-01
                         Error 47        9.263561569E-01
                         Error 48        9.222023340E-01
                         Error 49        9.181106286E-01
                         Error 50        9.140785745E-01
                         Error 51        9.101038502E-01
                         Error 52        9.061842702E-01
                         Error 53        9.023177768E-01
                         Error 54        8.985024323E-01
                         Error 55        8.947364119E-01
                         Error 56        8.910179963E-01
                         Error 57        8.873455658E-01
                         Error 58        8.837175938E-01
                         Error 59        8.801326410E-01
                         Error 60        8.765893503E-01
                         Error 61        8.730864414E-01
                         Error 62        8.696227062E-01
                         Error 63        8.661970041E-01
                         Error 64        8.628082578E-01
                         Error 65        8.594554495E-01
                         Error 66        8.561376172E-01
                         Error 67        8.528538509E-01
                         Error 68        8.496032894E-01
                         Error 69        8.463851174E-01
                         Error 70        8.431985627E-01
                         Error 71        8.400428929E-01
                         Error 72        8.369174137E-01
                         Error 73        8.338214657E-01
                         Error 74        8.307544230E-01
                         Error 75        8.277156903E-01
                         Error 76        8.247047015E-01
                         Error 77        8.217209178E-01
                         Error 78        8.187638258E-01
                         Error 79        8.158329359E-01
                         Error 80        8.129277812E-01
                         Error 81        8.100479154E-01
                         Error 82        8.071929121E-01
                         Error 83        8.043623636E-01
                         Error 84        8.015558790E-01
                         Error 85        7.987730840E-01
                         Error 86        7.960136194E-01
                         Error 87        7.932771404E-01
                         Error 88        7.905633156E-01
                         Error 89        7.878718260E-01
                         Error 90        7.852023646E-01
                         Error 91        7.825546356E-01
                         Error 92        7.799283534E-01
                         Error 93        7.773232424E-01
                         Error 94        7.747390362E-01
                         Error 95        7.721754770E-01
                         Error 96        7.696323152E-01
                         Error 97        7.671093088E-01
                         Error 98        7.646062233E-01
                         Error 99        7.621228307E-01
                         Error100        7.596589097E-01
                         Error        7.596589097E-01
