-xyz
refined.xyz
-dens
/home/unibas/boittier/RDKit_G2/B.pdb/SCAN_1_2_3_4_S_36_-10.0/11_SCAN/B.d.cube
-esp
/home/unibas/boittier/RDKit_G2/B.pdb/SCAN_1_2_3_4_S_36_-10.0/11_SCAN/B.p.cube
-stepsize
0.2
-n_steps
0
-learning_rate
0.5
  -3.3902865129432831        1.8801334740294326       -2.7754915495861203     
  -3.1919561508260323       0.65106802194056734       -1.4705461761171915E-002
  -2.7958539926614918       0.19764401122566053      -0.85572993406626707     
  -5.9430735973192368      -0.30871950183744656       0.19321378388337654     
  -2.8910525415650987      -0.14635252388962916      -0.87305194797463037     
  -1.1709191492743085      -0.18064637585029375       0.92409805397253164     
  -1.9537468028967639       -1.9840373950986914        2.8077099277009969     
  -2.7176305329418486      -0.49932420372513775        1.1663437260726568     
  -2.0643585729096880      -0.45266678931668930        1.0239511834065662     
   2.2164047370151607       -1.2031452543004748      -0.16364365248796023     
   2.2775937657871781       -1.3856892250647754      -0.16090288586935098     
   2.6981556434951846       -2.7487354176773340      -0.54324930655942560     
   2.3236823423050845       -2.1321181588140083      -0.41956955393989304     
  0.62229413565156744       0.63164318397549923       0.37939034914093195     
   1.0557528534431870       0.46062799419368067       0.56924041556113603     
  0.91334104342198896       0.70665892119564999      -0.67423764521638818     
   1.4453293848865085      -0.45582175871175523       -4.3974576271985588E-002
   2.2147043646192417        1.7677374676253168        1.0458616849367679     
   1.7991704379672462        1.9479423664023536      -0.79815766162630220     
   4.4794572800576153        2.3417176572593337      -0.45278341543232542     
  0.95940694898071144        4.1990766853810921       0.65464646303076834     
First
                         Total        1.523029251E+00
Step size:       0.20
Step size in Bohr:       0.38
Learning Rate:       1.00
# Steps:          0
                         Error        1.523029251E+00
