-xyz
refined.xyz
-dens
/home/unibas/boittier/RDKit_G2/B.pdb/SCAN_1_2_3_4_S_36_10.0/6_SCAN_1_2_3_4_F/B.d.cube
-esp
/home/unibas/boittier/RDKit_G2/B.pdb/SCAN_1_2_3_4_S_36_10.0/6_SCAN_1_2_3_4_F/B.p.cube
-stepsize
0.2
-n_steps
50
-learning_rate
0.5
  -3.2472465268088651        1.6844411338716472       -2.3876254777203227     
  -3.4892993396708407       0.17495943757161267       0.44469855115205803     
  -6.2969128686513418      -0.77640980441506657      -0.13755779146275987     
  -4.0242168201781334      -0.72700458189208006        1.3961322538269956E-002
  -3.4219737453020938      -0.94947907482325444      -0.51743332150686772     
  -2.6853683347126491       -1.2270235450494340       0.72136593804729088     
  -1.4711302110026194      -0.61486162624144847        1.6516521493491707     
  -2.2512220776176339      -0.89252823210713128       0.52183462350107290     
  -1.3174713765960708      -0.44098519686115906       0.71198086854673148     
  -1.9984929022633675       -2.8355765360341016        2.6904623539370789     
   1.5136662737744657        3.0115862163565441       0.18872716128630238     
   1.4153703987598965        2.3576691593921577       0.35110047950055967     
   1.4062262687206157        1.5597669162989829       0.18757699116320128     
   1.4668665391593361        2.6422527974910954       0.10821855856261831     
  0.81345107503378189      -0.38208875870971581        5.7016637465513399E-003
   1.0114215018794486       0.38911817028731399       0.31327040712995108     
  0.70753375831546128      -0.89849235084858248       0.19785928285230003     
   1.2946057530376480      -0.64617366437619206       0.60865946590592090     
   5.1726493512689533      -0.76050241829965826      -0.92178302961637892     
   1.9384127362158907       -1.5366312596993095       -2.6921322259179516E-002
   2.3576830700251867       -1.0798943457689052      -0.66623772734050279     
   2.7691822001030131      -0.76265800877262735      -0.35282930352835123     
   2.7016216792142544       -1.1325721384566705      -0.10346459435560824     
   2.5462311890242031       -3.8692100902916722       -1.2394973948192369     
   2.6359350883606156       -3.7978924006888697      -0.91713458173261397     
First
                         Total        6.106216687E-01
Step size:       0.20
Step size in Bohr:       0.38
Learning Rate:       1.00
# Steps:         50
                         Error  1        6.080033679E-01
                         Error  2        6.055254333E-01
                         Error  3        6.031778070E-01
                         Error  4        6.009511475E-01
                         Error  5        5.988367842E-01
                         Error  6        5.968266746E-01
                         Error  7        5.949133625E-01
                         Error  8        5.930899392E-01
                         Error  9        5.913500058E-01
                         Error 10        5.896876385E-01
                         Error 11        5.880973551E-01
                         Error 12        5.865740835E-01
                         Error 13        5.851131329E-01
                         Error 14        5.837101656E-01
                         Error 15        5.823611718E-01
                         Error 16        5.810624452E-01
                         Error 17        5.798105603E-01
                         Error 18        5.786023519E-01
                         Error 19        5.774348953E-01
                         Error 20        5.763054882E-01
                         Error 21        5.752116338E-01
                         Error 22        5.741510251E-01
                         Error 23        5.731215305E-01
                         Error 24        5.721211805E-01
                         Error 25        5.711481546E-01
                         Error 26        5.702007706E-01
                         Error 27        5.692774732E-01
                         Error 28        5.683768247E-01
                         Error 29        5.674974953E-01
                         Error 30        5.666382553E-01
                         Error 31        5.657979670E-01
                         Error 32        5.649755772E-01
                         Error 33        5.641701114E-01
                         Error 34        5.633806669E-01
                         Error 35        5.626064074E-01
                         Error 36        5.618465581E-01
                         Error 37        5.611004005E-01
                         Error 38        5.603672683E-01
                         Error 39        5.596465430E-01
                         Error 40        5.589376505E-01
                         Error 41        5.582400574E-01
                         Error 42        5.575532679E-01
                         Error 43        5.568768209E-01
                         Error 44        5.562102873E-01
                         Error 45        5.555532674E-01
                         Error 46        5.549053887E-01
                         Error 47        5.542663039E-01
                         Error 48        5.536356886E-01
                         Error 49        5.530132401E-01
                         Error 50        5.523986751E-01
                         Error        5.523986751E-01
