-xyz
refined.xyz
-dens
/home/unibas/boittier/RDKit_G2/B.pdb/SCAN_1_2_3_4_S_36_-10.0/18_SCAN_1_2_3_4_F/B.d.cube
-esp
/home/unibas/boittier/RDKit_G2/B.pdb/SCAN_1_2_3_4_S_36_-10.0/18_SCAN_1_2_3_4_F/B.p.cube
-stepsize
0.2
-n_steps
500
-learning_rate
0.5
  -3.7669978226879759        2.6112301883582236        3.4736649350721363E-002
  -3.4796920982360846      -0.46044879033070585       0.87868819864252246     
  -6.3341756018704656       -1.1004879894926343        6.2422815681247327E-003
  -4.0157606813827940      -0.78489837097854720      -0.10744577090929243     
  -3.5934246594262413      -0.41970085413999086      -0.60634177882093143     
  -2.4635299697038242       -1.5433623302502597       0.23438622729119876     
  -1.4691474286375665       -1.2626582901373404      -0.88377667565515794     
  -1.9378847434890885       -1.2779585592016920       0.16888145051199849     
  -1.0041179290295050       -1.1645248692060630       -3.6630928382194269E-002
  -1.5169109244508843       -3.9676448817560908      -0.13954117185119821     
   2.9898282516549317       -1.8797280246981167       -6.4960839634834681E-003
   2.5636816004945890       -1.5357088354247361      -0.11142482555255973     
   2.0585213446309329      -0.88783173571677398       -2.9248886240450616E-002
   2.7605708882415825       -1.6547902081757948        4.8631802103950759E-002
  0.61282511456899091       0.16544521576400353       0.16456075496640793     
   1.1392327343389770      -0.29687609749959359      -0.10616666002483995     
  0.23065075548208130       0.46564578454335193        1.1199122844471302E-003
  0.73606827843531486       0.57596623214077203      -0.38165578302252362     
   3.9478141242830391        3.2376816623085110       -5.3764457907470751E-003
  0.80368160902653463        1.7497117681308505      -0.13474070611943914     
   1.4601718751465933        1.7507269399680490       0.32434649988037678     
   1.8619400483591191        1.6502413465643320        2.2100998791840319E-002
   1.5632270804689208        1.8435846253062025      -0.19416035896874445     
  0.14464160291470532        4.1477791683539236       0.63236882367531433     
  0.13417462453754386        4.1099277121492204       0.35323444933678078     
First
                         Total        4.623466447E-01
Step size:       0.20
Step size in Bohr:       0.38
Learning Rate:       1.00
# Steps:        500
                         Error  1        4.608352521E-01
                         Error  2        4.594399341E-01
                         Error  3        4.581506393E-01
                         Error  4        4.569581590E-01
                         Error  5        4.558540644E-01
                         Error  6        4.548306455E-01
                         Error  7        4.538808551E-01
                         Error  8        4.529982557E-01
                         Error  9        4.521769702E-01
                         Error 10        4.514116355E-01
                         Error 11        4.506973601E-01
                         Error 12        4.500296843E-01
                         Error 13        4.494045437E-01
                         Error 14        4.488182353E-01
                         Error 15        4.482673861E-01
                         Error 16        4.477489250E-01
                         Error 17        4.472600557E-01
                         Error 18        4.467982334E-01
                         Error 19        4.463611417E-01
                         Error 20        4.459466730E-01
                         Error 21        4.455529098E-01
                         Error 22        4.451781072E-01
                         Error 23        4.448206782E-01
                         Error 24        4.444791789E-01
                         Error 25        4.441522957E-01
                         Error 26        4.438388340E-01
                         Error 27        4.435377066E-01
                         Error 28        4.432479247E-01
                         Error 29        4.429685885E-01
                         Error 30        4.426988795E-01
                         Error 31        4.424380525E-01
                         Error 32        4.421854297E-01
                         Error 33        4.419403938E-01
                         Error 34        4.417023829E-01
                         Error 35        4.414708853E-01
                         Error 36        4.412454351E-01
                         Error 37        4.410256077E-01
                         Error 38        4.408110162E-01
                         Error 39        4.406013081E-01
                         Error 40        4.403961618E-01
                         Error 41        4.401952839E-01
                         Error 42        4.399984071E-01
                         Error 43        4.398052868E-01
                         Error 44        4.396157001E-01
                         Error 45        4.394294431E-01
                         Error 46        4.392463296E-01
                         Error 47        4.390661890E-01
                         Error 48        4.388888654E-01
                         Error 49        4.387142160E-01
                         Error 50        4.385421098E-01
                         Error 51        4.383724269E-01
                         Error 52        4.382050570E-01
                         Error 53        4.380398990E-01
                         Error 54        4.378768598E-01
                         Error 55        4.377158537E-01
                         Error 56        4.375568020E-01
                         Error 57        4.373996319E-01
                         Error 58        4.372442763E-01
                         Error 59        4.370906732E-01
                         Error 60        4.369387650E-01
                         Error 61        4.367884987E-01
                         Error 62        4.366398250E-01
                         Error 63        4.364926978E-01
                         Error 64        4.363470747E-01
                         Error 65        4.362029158E-01
                         Error 66        4.360601841E-01
                         Error 67        4.359188448E-01
                         Error 68        4.357788656E-01
                         Error 69        4.356402159E-01
                         Error 70        4.355028672E-01
                         Error 71        4.353667926E-01
                         Error 72        4.352319665E-01
                         Error 73        4.350983652E-01
                         Error 74        4.349659658E-01
                         Error 75        4.348347469E-01
                         Error 76        4.347046880E-01
                         Error 77        4.345757697E-01
                         Error 78        4.344479735E-01
                         Error 79        4.343212816E-01
                         Error 80        4.341956772E-01
                         Error 81        4.340711440E-01
                         Error 82        4.339476665E-01
                         Error 83        4.338252297E-01
                         Error 84        4.337038192E-01
                         Error 85        4.335834211E-01
                         Error 86        4.334640220E-01
                         Error 87        4.333456089E-01
                         Error 88        4.332281692E-01
                         Error 89        4.331116906E-01
                         Error 90        4.329961615E-01
                         Error 91        4.328815702E-01
                         Error 92        4.327679056E-01
                         Error 93        4.326551566E-01
                         Error 94        4.325433127E-01
                         Error 95        4.324323634E-01
                         Error 96        4.323222986E-01
                         Error 97        4.322131082E-01
                         Error 98        4.321047827E-01
                         Error 99        4.319973123E-01
                         Error100        4.318906878E-01
                         Error101        4.317848999E-01
                         Error102        4.316799396E-01
                         Error103        4.315757981E-01
                         Error104        4.314724667E-01
                         Error105        4.313699367E-01
                         Error106        4.312681998E-01
                         Error107        4.311672477E-01
                         Error108        4.310670721E-01
                         Error109        4.309676651E-01
                         Error110        4.308690187E-01
                         Error111        4.307711251E-01
                         Error112        4.306739766E-01
                         Error113        4.305775655E-01
                         Error114        4.304818844E-01
                         Error115        4.303869259E-01
                         Error116        4.302926827E-01
                         Error117        4.301991475E-01
                         Error118        4.301063132E-01
                         Error119        4.300141728E-01
                         Error120        4.299227193E-01
                         Error121        4.298319459E-01
                         Error122        4.297418458E-01
                         Error123        4.296524122E-01
                         Error124        4.295636387E-01
                         Error125        4.294755185E-01
                         Error126        4.293880452E-01
                         Error127        4.293012125E-01
                         Error128        4.292150140E-01
                         Error129        4.291294434E-01
                         Error130        4.290444946E-01
                         Error131        4.289601615E-01
                         Error132        4.288764379E-01
                         Error133        4.287933180E-01
                         Error134        4.287107957E-01
                         Error135        4.286288654E-01
                         Error136        4.285475210E-01
                         Error137        4.284667570E-01
                         Error138        4.283865677E-01
                         Error139        4.283069475E-01
                         Error140        4.282278907E-01
                         Error141        4.281493921E-01
                         Error142        4.280714460E-01
                         Error143        4.279940472E-01
                         Error144        4.279171904E-01
                         Error145        4.278408702E-01
                         Error146        4.277650816E-01
                         Error147        4.276898193E-01
                         Error148        4.276150782E-01
                         Error149        4.275408534E-01
                         Error150        4.274671399E-01
                         Error151        4.273939327E-01
                         Error152        4.273212269E-01
                         Error153        4.272490178E-01
                         Error154        4.271773005E-01
                         Error155        4.271060704E-01
                         Error156        4.270353227E-01
                         Error157        4.269650529E-01
                         Error158        4.268952563E-01
                         Error159        4.268259285E-01
                         Error160        4.267570649E-01
                         Error161        4.266886611E-01
                         Error162        4.266207127E-01
                         Error163        4.265532155E-01
                         Error164        4.264861650E-01
                         Error165        4.264195571E-01
                         Error166        4.263533875E-01
                         Error167        4.262876521E-01
                         Error168        4.262223468E-01
                         Error169        4.261574674E-01
                         Error170        4.260930100E-01
                         Error171        4.260289705E-01
                         Error172        4.259653450E-01
                         Error173        4.259021297E-01
                         Error174        4.258393206E-01
                         Error175        4.257769138E-01
                         Error176        4.257149057E-01
                         Error177        4.256532925E-01
                         Error178        4.255920704E-01
                         Error179        4.255312358E-01
                         Error180        4.254707851E-01
                         Error181        4.254107146E-01
                         Error182        4.253510209E-01
                         Error183        4.252917003E-01
                         Error184        4.252327495E-01
                         Error185        4.251741649E-01
                         Error186        4.251159432E-01
                         Error187        4.250580809E-01
                         Error188        4.250005748E-01
                         Error189        4.249434215E-01
                         Error190        4.248866177E-01
                         Error191        4.248301603E-01
                         Error192        4.247740460E-01
                         Error193        4.247182717E-01
                         Error194        4.246628342E-01
                         Error195        4.246077303E-01
                         Error196        4.245529571E-01
                         Error197        4.244985116E-01
                         Error198        4.244443905E-01
                         Error199        4.243905912E-01
                         Error200        4.243371104E-01
                         Error201        4.242839454E-01
                         Error202        4.242310933E-01
                         Error203        4.241785512E-01
                         Error204        4.241263162E-01
                         Error205        4.240743857E-01
                         Error206        4.240227567E-01
                         Error207        4.239714267E-01
                         Error208        4.239203927E-01
                         Error209        4.238696523E-01
                         Error210        4.238192027E-01
                         Error211        4.237690413E-01
                         Error212        4.237191655E-01
                         Error213        4.236695727E-01
                         Error214        4.236202604E-01
                         Error215        4.235712260E-01
                         Error216        4.235224671E-01
                         Error217        4.234739812E-01
                         Error218        4.234257658E-01
                         Error219        4.233778186E-01
                         Error220        4.233301371E-01
                         Error221        4.232827190E-01
                         Error222        4.232355618E-01
                         Error223        4.231886634E-01
                         Error224        4.231420214E-01
                         Error225        4.230956335E-01
                         Error226        4.230494975E-01
                         Error227        4.230036112E-01
                         Error228        4.229579723E-01
                         Error229        4.229125787E-01
                         Error230        4.228674282E-01
                         Error231        4.228225187E-01
                         Error232        4.227778480E-01
                         Error233        4.227334141E-01
                         Error234        4.226892149E-01
                         Error235        4.226452483E-01
                         Error236        4.226015124E-01
                         Error237        4.225580051E-01
                         Error238        4.225147244E-01
                         Error239        4.224716684E-01
                         Error240        4.224288350E-01
                         Error241        4.223862225E-01
                         Error242        4.223438288E-01
                         Error243        4.223016521E-01
                         Error244        4.222596905E-01
                         Error245        4.222179422E-01
                         Error246        4.221764053E-01
                         Error247        4.221350781E-01
                         Error248        4.220939586E-01
                         Error249        4.220530453E-01
                         Error250        4.220123362E-01
                         Error251        4.219718297E-01
                         Error252        4.219315240E-01
                         Error253        4.218914174E-01
                         Error254        4.218515083E-01
                         Error255        4.218117950E-01
                         Error256        4.217722757E-01
                         Error257        4.217329490E-01
                         Error258        4.216938131E-01
                         Error259        4.216548664E-01
                         Error260        4.216161075E-01
                         Error261        4.215775346E-01
                         Error262        4.215391463E-01
                         Error263        4.215009410E-01
                         Error264        4.214629171E-01
                         Error265        4.214250732E-01
                         Error266        4.213874079E-01
                         Error267        4.213499195E-01
                         Error268        4.213126066E-01
                         Error269        4.212754678E-01
                         Error270        4.212385017E-01
                         Error271        4.212017068E-01
                         Error272        4.211650817E-01
                         Error273        4.211286251E-01
                         Error274        4.210923355E-01
                         Error275        4.210562116E-01
                         Error276        4.210202520E-01
                         Error277        4.209844555E-01
                         Error278        4.209488206E-01
                         Error279        4.209133461E-01
                         Error280        4.208780307E-01
                         Error281        4.208428730E-01
                         Error282        4.208078719E-01
                         Error283        4.207730260E-01
                         Error284        4.207383342E-01
                         Error285        4.207037951E-01
                         Error286        4.206694076E-01
                         Error287        4.206351704E-01
                         Error288        4.206010824E-01
                         Error289        4.205671423E-01
                         Error290        4.205333491E-01
                         Error291        4.204997014E-01
                         Error292        4.204661983E-01
                         Error293        4.204328385E-01
                         Error294        4.203996209E-01
                         Error295        4.203665444E-01
                         Error296        4.203336078E-01
                         Error297        4.203008102E-01
                         Error298        4.202681504E-01
                         Error299        4.202356273E-01
                         Error300        4.202032399E-01
                         Error301        4.201709871E-01
                         Error302        4.201388679E-01
                         Error303        4.201068813E-01
                         Error304        4.200750262E-01
                         Error305        4.200433015E-01
                         Error306        4.200117064E-01
                         Error307        4.199802399E-01
                         Error308        4.199489008E-01
                         Error309        4.199176883E-01
                         Error310        4.198866015E-01
                         Error311        4.198556392E-01
                         Error312        4.198248007E-01
                         Error313        4.197940850E-01
                         Error314        4.197634911E-01
                         Error315        4.197330181E-01
                         Error316        4.197026651E-01
                         Error317        4.196724313E-01
                         Error318        4.196423157E-01
                         Error319        4.196123174E-01
                         Error320        4.195824356E-01
                         Error321        4.195526694E-01
                         Error322        4.195230179E-01
                         Error323        4.194934804E-01
                         Error324        4.194640559E-01
                         Error325        4.194347437E-01
                         Error326        4.194055428E-01
                         Error327        4.193764526E-01
                         Error328        4.193474721E-01
                         Error329        4.193186006E-01
                         Error330        4.192898373E-01
                         Error331        4.192611814E-01
                         Error332        4.192326321E-01
                         Error333        4.192041887E-01
                         Error334        4.191758503E-01
                         Error335        4.191476163E-01
                         Error336        4.191194859E-01
                         Error337        4.190914583E-01
                         Error338        4.190635328E-01
                         Error339        4.190357088E-01
                         Error340        4.190079853E-01
                         Error341        4.189803619E-01
                         Error342        4.189528376E-01
                         Error343        4.189254119E-01
                         Error344        4.188980841E-01
                         Error345        4.188708534E-01
                         Error346        4.188437192E-01
                         Error347        4.188166809E-01
                         Error348        4.187897376E-01
                         Error349        4.187628888E-01
                         Error350        4.187361339E-01
                         Error351        4.187094721E-01
                         Error352        4.186829029E-01
                         Error353        4.186564255E-01
                         Error354        4.186300394E-01
                         Error355        4.186037440E-01
                         Error356        4.185775386E-01
                         Error357        4.185514225E-01
                         Error358        4.185253953E-01
                         Error359        4.184994563E-01
                         Error360        4.184736049E-01
                         Error361        4.184478405E-01
                         Error362        4.184221625E-01
                         Error363        4.183965703E-01
                         Error364        4.183710634E-01
                         Error365        4.183456412E-01
                         Error366        4.183203032E-01
                         Error367        4.182950487E-01
                         Error368        4.182698773E-01
                         Error369        4.182447883E-01
                         Error370        4.182197813E-01
                         Error371        4.181948556E-01
                         Error372        4.181700108E-01
                         Error373        4.181452464E-01
                         Error374        4.181205617E-01
                         Error375        4.180959564E-01
                         Error376        4.180714298E-01
                         Error377        4.180469815E-01
                         Error378        4.180226109E-01
                         Error379        4.179983176E-01
                         Error380        4.179741011E-01
                         Error381        4.179499608E-01
                         Error382        4.179258964E-01
                         Error383        4.179019072E-01
                         Error384        4.178779928E-01
                         Error385        4.178541528E-01
                         Error386        4.178303867E-01
                         Error387        4.178066940E-01
                         Error388        4.177830743E-01
                         Error389        4.177595271E-01
                         Error390        4.177360519E-01
                         Error391        4.177126483E-01
                         Error392        4.176893159E-01
                         Error393        4.176660541E-01
                         Error394        4.176428627E-01
                         Error395        4.176197411E-01
                         Error396        4.175966889E-01
                         Error397        4.175737057E-01
                         Error398        4.175507911E-01
                         Error399        4.175279446E-01
                         Error400        4.175051659E-01
                         Error401        4.174824545E-01
                         Error402        4.174598100E-01
                         Error403        4.174372320E-01
                         Error404        4.174147201E-01
                         Error405        4.173922740E-01
                         Error406        4.173698932E-01
                         Error407        4.173475774E-01
                         Error408        4.173253261E-01
                         Error409        4.173031389E-01
                         Error410        4.172810156E-01
                         Error411        4.172589557E-01
                         Error412        4.172369588E-01
                         Error413        4.172150246E-01
                         Error414        4.171931528E-01
                         Error415        4.171713428E-01
                         Error416        4.171495945E-01
                         Error417        4.171279074E-01
                         Error418        4.171062812E-01
                         Error419        4.170847155E-01
                         Error420        4.170632100E-01
                         Error421        4.170417644E-01
                         Error422        4.170203782E-01
                         Error423        4.169990512E-01
                         Error424        4.169777830E-01
                         Error425        4.169565733E-01
                         Error426        4.169354218E-01
                         Error427        4.169143281E-01
                         Error428        4.168932920E-01
                         Error429        4.168723130E-01
                         Error430        4.168513909E-01
                         Error431        4.168305254E-01
                         Error432        4.168097161E-01
                         Error433        4.167889627E-01
                         Error434        4.167682650E-01
                         Error435        4.167476226E-01
                         Error436        4.167270352E-01
                         Error437        4.167065025E-01
                         Error438        4.166860242E-01
                         Error439        4.166656001E-01
                         Error440        4.166452298E-01
                         Error441        4.166249130E-01
                         Error442        4.166046496E-01
                         Error443        4.165844390E-01
                         Error444        4.165642812E-01
                         Error445        4.165441758E-01
                         Error446        4.165241225E-01
                         Error447        4.165041210E-01
                         Error448        4.164841711E-01
                         Error449        4.164642726E-01
                         Error450        4.164444251E-01
                         Error451        4.164246283E-01
                         Error452        4.164048821E-01
                         Error453        4.163851861E-01
                         Error454        4.163655401E-01
                         Error455        4.163459438E-01
                         Error456        4.163263970E-01
                         Error457        4.163068994E-01
                         Error458        4.162874507E-01
                         Error459        4.162680508E-01
                         Error460        4.162486994E-01
                         Error461        4.162293961E-01
                         Error462        4.162101409E-01
                         Error463        4.161909334E-01
                         Error464        4.161717733E-01
                         Error465        4.161526606E-01
                         Error466        4.161335948E-01
                         Error467        4.161145759E-01
                         Error468        4.160956035E-01
                         Error469        4.160766774E-01
                         Error470        4.160577974E-01
                         Error471        4.160389633E-01
                         Error472        4.160201748E-01
                         Error473        4.160014318E-01
                         Error474        4.159827339E-01
                         Error475        4.159640810E-01
                         Error476        4.159454729E-01
                         Error477        4.159269094E-01
                         Error478        4.159083901E-01
                         Error479        4.158899150E-01
                         Error480        4.158714838E-01
                         Error481        4.158530963E-01
                         Error482        4.158347523E-01
                         Error483        4.158164516E-01
                         Error484        4.157981939E-01
                         Error485        4.157799791E-01
                         Error486        4.157618070E-01
                         Error487        4.157436774E-01
                         Error488        4.157255900E-01
                         Error489        4.157075448E-01
                         Error490        4.156895414E-01
                         Error491        4.156715797E-01
                         Error492        4.156536595E-01
                         Error493        4.156357806E-01
                         Error494        4.156179428E-01
                         Error495        4.156001460E-01
                         Error496        4.155823899E-01
                         Error497        4.155646743E-01
                         Error498        4.155469992E-01
                         Error499        4.155293642E-01
                         Error500        4.155117693E-01
                         Error        4.155117693E-01
