-xyz
refined.xyz
-dens
/home/unibas/boittier/RDKit_G2/B.pdb/SCAN_1_2_3_4_S_36_10.0/13_SCAN/B.d.cube
-esp
/home/unibas/boittier/RDKit_G2/B.pdb/SCAN_1_2_3_4_S_36_10.0/13_SCAN/B.p.cube
-stepsize
0.2
-n_steps
0
-learning_rate
0.5
   3.6507923418494825        2.3889261359730285       -2.2074651345272120     
   3.4426445522848441      -0.77355059725050157      -0.47153581988654919     
   3.7469368130170251      -0.50392022418515403       0.12647797349383633     
   6.3085998347829051      -0.67225554348843508       0.19174312550976261     
   3.5394210278710010       -4.4679886587807090E-002  0.56505984300230561     
   1.7431595353651892       -5.7991091997342190E-002  0.51735152278882668     
   1.4206161207680321       0.20671410455075048       0.47047506807624084     
   2.0441682052523849       -2.0546301698404519        1.5124693632330724     
   2.1013548143200489       -1.7477703994525189        1.9413633753156425     
   2.0828852948661747       -2.3887398671458135        1.1184303589633895     
  -3.1560822699984219       -2.5635775265275349      -0.35468017805887309     
  -2.6004451487959450       -1.9235019397661475      -0.28333535174324082     
 -0.92276124047593577       0.74188909302970552       0.79588310786663718     
 -0.59924872926883099       0.93791330724084299       0.64060758983210708     
  -1.0114117661881594       0.92675165740683452      -0.51284765410155420     
  -1.4752266439569477      -0.26679097800758339       0.10361569216574176     
  -4.4844865633780175        2.9671704780292143      -0.34715685348320424     
  -2.1746257027041906        1.9808436845027222        1.9880510519926318E-002
  -2.0714152595293793        1.8733906289202014       0.71641656249567764     
  -1.9044557470970225        2.1188297445044113      -0.61537817820873242     
  -6.2928945664921229E-002   4.2647088974182550       0.82600009134429664     
First
                         Total        6.003339145E-01
Step size:       0.20
Step size in Bohr:       0.38
Learning Rate:       1.00
# Steps:          0
                         Error        6.003339145E-01
