                                     G D M A

                                 by Anthony Stone

                           version 2.2.03, 21 June 2007

               Distributed Multipoles from Gaussian wavefunctions


Starting at 9:24:42 on 26 May 2021  

GDMA



Using SCF density matrix from file N.pdb.fchk


                         Distributed Multipole Analysis

Standard DMA for products of primitives with exponent greater than 4.00000
Using 80-point Euler-MacLaurin radial quadrature
Using 590-point Lebedev quadrature
Becke smoothing parameter = 3

Positions and radii in angstrom
Multipole moments in atomic units, ea_0^k for rank k

C          x =  2.309459  y = -1.004606  z = -0.096126
           Maximum rank =  2   Radius =  0.650
                   Q00  =  -0.140448
|Q1| =   0.130122  Q10  =   0.004327  Q11c =  -0.053391  Q11s =   0.118585
|Q2| =   0.204232  Q20  =  -0.111559  Q21c =   0.006756  Q21s =   0.051771
                   Q22c =  -0.050706  Q22s =  -0.154816

C          x =  1.468547  y =  0.203897  z =  0.197259
           Maximum rank =  2   Radius =  0.650
                   Q00  =   0.147559
|Q1| =   0.205470  Q10  =  -0.057647  Q11c =  -0.024213  Q11s =   0.195726
|Q2| =   0.574670  Q20  =  -0.468449  Q21c =  -0.276750  Q21s =  -0.120020
                   Q22c =  -0.117155  Q22s =   0.077975

H          x =  2.620340  y = -1.480540  z =  0.842115
           Maximum rank =  2   Radius =  0.325
                   Q00  =   0.103856
|Q1| =   0.140924  Q10  =  -0.094473  Q11c =  -0.063055  Q11s =   0.083417
|Q2| =   0.150242  Q20  =   0.091355  Q21c =   0.052377  Q21s =  -0.086261
                   Q22c =  -0.011955  Q22s =  -0.062447

H          x =  3.194146  y = -0.715613  z = -0.664182
           Maximum rank =  2   Radius =  0.325
                   Q00  =   0.111452
|Q1| =   0.131870  Q10  =   0.061276  Q11c =  -0.115736  Q11s =   0.015494
|Q2| =   0.157730  Q20  =  -0.044127  Q21c =  -0.129253  Q21s =  -0.045094
                   Q22c =   0.046309  Q22s =   0.045246

H          x =  1.730047  y = -1.743254  z = -0.661288
           Maximum rank =  2   Radius =  0.325
                   Q00  =   0.124475
|Q1| =   0.126211  Q10  =   0.059258  Q11c =   0.000672  Q11s =   0.111433
|Q2| =   0.178740  Q20  =  -0.051846  Q21c =   0.099177  Q21s =   0.109014
                   Q22c =   0.032587  Q22s =   0.080485

C          x =  0.145265  y = -0.032033  z =  0.933423
           Maximum rank =  2   Radius =  0.650
                   Q00  =  -0.074194
|Q1| =   0.147319  Q10  =  -0.130131  Q11c =  -0.058804  Q11s =   0.036205
|Q2| =   0.195921  Q20  =  -0.070091  Q21c =   0.045655  Q21s =  -0.033459
                   Q22c =   0.154583  Q22s =   0.079829

O          x =  1.812711  y =  1.349816  z = -0.096833
           Maximum rank =  2   Radius =  0.650
                   Q00  =  -0.344982
|Q1| =   0.532024  Q10  =   0.114995  Q11c =  -0.191246  Q11s =  -0.482961
|Q2| =   1.008436  Q20  =  -0.223753  Q21c =   0.235606  Q21s =  -0.407105
                   Q22c =  -0.648628  Q22s =   0.570013

C          x = -1.045304  y = -0.034478  z =  0.012704
           Maximum rank =  2   Radius =  0.650
                   Q00  =   0.480488
|Q1| =   0.224963  Q10  =  -0.158888  Q11c =  -0.159129  Q11s =   0.006418
|Q2| =   0.102635  Q20  =  -0.057992  Q21c =  -0.074829  Q21s =  -0.012208
                   Q22c =   0.034586  Q22s =   0.015035

H          x = -0.001091  y =  0.770441  z =  1.660642
           Maximum rank =  2   Radius =  0.325
                   Q00  =   0.162298
|Q1| =   0.121793  Q10  =  -0.107731  Q11c =   0.007866  Q11s =  -0.056264
|Q2| =   0.108194  Q20  =  -0.012422  Q21c =  -0.017993  Q21s =   0.104243
                   Q22c =  -0.016856  Q22s =  -0.008786

H          x =  0.153713  y = -0.991349  z =  1.455577
           Maximum rank =  2   Radius =  0.325
                   Q00  =   0.145346
|Q1| =   0.132635  Q10  =  -0.093990  Q11c =  -0.012551  Q11s =   0.092739
|Q2| =   0.106768  Q20  =  -0.050255  Q21c =  -0.005305  Q21s =  -0.087133
                   Q22c =  -0.032769  Q22s =   0.013404

F          x = -1.245764  y =  1.172405  z = -0.630827
           Maximum rank =  2   Radius =  0.650
                   Q00  =  -0.219449
|Q1| =   0.299592  Q10  =   0.115897  Q11c =   0.011937  Q11s =  -0.276009
|Q2| =   0.758000  Q20  =  -0.136598  Q21c =   0.045947  Q21s =  -0.522592
                   Q22c =  -0.488877  Q22s =  -0.204185

F          x = -2.215871  y = -0.324153  z =  0.709096
           Maximum rank =  2   Radius =  0.650
                   Q00  =  -0.237229
|Q1| =   0.295288  Q10  =  -0.191440  Q11c =   0.214382  Q11s =   0.067717
|Q2| =   0.769865  Q20  =  -0.108516  Q21c =  -0.609901  Q21s =  -0.123680
                   Q22c =   0.376550  Q22s =   0.227709

F          x = -0.923548  y = -1.007685  z = -0.982909
           Maximum rank =  2   Radius =  0.650
                   Q00  =  -0.259180
|Q1| =   0.330559  Q10  =   0.190883  Q11c =  -0.107420  Q11s =   0.247576
|Q2| =   0.805665  Q20  =   0.238509  Q21c =  -0.104965  Q21s =   0.648146
                   Q22c =  -0.396086  Q22s =   0.064920

Total multipoles
referred to origin at x =   0.000000,  y =    0.000000,  z =    0.000000
                   Q00  =  -0.000008
|Q1| =   1.644875  Q10  =   0.940716  Q11c =   0.692776  Q11s =  -1.157898
|Q2| =   9.687158  Q20  =   4.184990  Q21c =   1.184640  Q21s =   0.763842
                   Q22c =   0.297156  Q22s =  -8.616946

CPU time used:      0m26.941s          Total:      0m26.941s

Finished at 9:25:9 on 26 May 2021   
