-xyz
refined.xyz
-dens
/home/unibas/boittier/RDKit_G2/B.pdb/SCAN_1_2_3_4_S_36_10.0/9_SCAN/B.d.cube
-esp
/home/unibas/boittier/RDKit_G2/B.pdb/SCAN_1_2_3_4_S_36_10.0/9_SCAN/B.p.cube
-stepsize
0.2
-n_steps
0
-learning_rate
0.5
   3.3728528802427431       0.68234174518835755       -3.3774595143890567     
   3.4816842661971648      -0.57522344629651001        2.4459915398736383E-002
   3.7638368378867924        4.5120206053582620E-002  0.26628318634662457     
   6.3330482366207903        7.5930019482384148E-002  0.23586534757163732     
   3.5171683897084054       0.66511498225844745       0.29914196256829917     
   1.6187112001405810       0.72898451523754026       0.78647098942829519     
   1.2449602153825516       0.89012935121825676       0.68330587606563731     
   2.2376671480828918      -0.27958101310436989        2.4438783255948566     
   2.2689492834969252       0.23863319767664987        2.5527762607819824     
   2.3048608458555071      -0.78821065483836905        2.3719343593664637     
  -2.3578105614084839       -3.0847005419434317      -0.19104403190516442     
  -1.9991282493721525       -2.3145531102428722      -0.14933810971870889     
  -1.1999182007363767       0.79256141748995212       0.74758330611923229     
 -0.92371671027001789        1.0539964432290676       0.59738081630477391     
  -1.1909793932872270       0.82855061371627903      -0.57658970607190663     
  -1.3921650384645705      -0.38570864248416553       0.13389893957196344     
  -5.0939288351018597        1.8624810144585942      -0.82442482470134659     
  -2.6457579512822735        1.5671299332908055      -0.21862493327219704     
  -2.5758990024006327        1.5677122113593123       0.49023359609013695     
  -2.3687958149595563        1.7010507563981012      -0.85182533397851734     
  -1.2645733623257691        4.4034443297669856       0.39555388176167244     
First
                         Total        9.307280148E-01
Step size:       0.20
Step size in Bohr:       0.38
Learning Rate:       1.00
# Steps:          0
                         Error        9.307280148E-01
