-xyz
refined.xyz
-dens
/home/unibas/boittier/RDKit_G2/B.pdb/SCAN_1_2_3_4_S_36_10.0/27_SCAN/B.d.cube
-esp
/home/unibas/boittier/RDKit_G2/B.pdb/SCAN_1_2_3_4_S_36_10.0/27_SCAN/B.p.cube
-stepsize
0.2
-n_steps
10
-learning_rate
0.5
  -3.9200099134874402        3.0176064202008814      -0.70899229653141616     
  -3.5270394610637590      -0.27885507320259090       0.79180086544839712     
  -3.7569333357368571      -0.59384449064378808       0.18187126387603797     
  -6.2800453842275274      -0.96395319041693772       0.20905397953588464     
  -3.4970242970597578      -0.61355908544643600      -0.43380567447700819     
  -1.7639965348596705       -9.8149490081195750E-002  0.19411239424016671     
  -1.4407205223718114       0.15761074781683793       0.17166714847056569     
  -2.0707045189110809       -2.3963324044099990       0.15698306662131242     
  -2.0885376254926973       -2.4201510630354117      -0.37265587065784384     
  -2.1598434303630407       -2.3935426884191724       0.66786923846788104     
   3.2522763397809911       -2.5118352313730283       -8.6412451099746629E-002
   2.6800754686553443       -1.8718700189466824       -2.3661751988127051E-002
  0.76104195339159497       0.77289971272605351      -0.66480564438658329     
  0.48232386327564958       0.94001468419123757      -0.43809558098373652     
   1.1384892652852996       0.93979351966062030       0.59341530369542850     
   1.4771360381405159      -0.25399496665791593      -0.12642192319898776     
   4.4887186304537083        3.0028487658248442      -0.18287558292060282     
   2.1598225723753912        1.9947889294555736       -7.9231020301632066E-002
   1.8993048813648510        1.9497058628862056      -0.74056827768963507     
   2.0384292799246775        2.1091662449211777       0.60646641467962781     
  -6.9610078111727355E-002   4.3165661644020110      -0.24274377533212829     
First
                         Total        4.817082981E+00
Step size:       0.20
Step size in Bohr:       0.38
Learning Rate:       1.00
# Steps:         10
                         Error  1        4.794931604E+00
                         Error  2        4.773115740E+00
                         Error  3        4.751631936E+00
                         Error  4        4.730476681E+00
                         Error  5        4.709646404E+00
                         Error  6        4.689137483E+00
                         Error  7        4.668946248E+00
                         Error  8        4.649068978E+00
                         Error  9        4.629501914E+00
                         Error 10        4.610241256E+00
                         Error        4.610241256E+00
