-xyz
refined.xyz
-dens
/home/unibas/boittier/RDKit_G2/B.pdb/SCAN_1_2_3_4_S_36_10.0/19_SCAN_1_2_3_4_F/B.d.cube
-esp
/home/unibas/boittier/RDKit_G2/B.pdb/SCAN_1_2_3_4_S_36_10.0/19_SCAN_1_2_3_4_F/B.p.cube
-stepsize
0.2
-n_steps
0
-learning_rate
0.5
  -3.8293630076109366        2.6524746712417926      -0.48084478430283079     
  -3.4997162694776160      -0.28704843737573682       0.81255700447446610     
  -6.3249494556979959       -1.0627173192267649        5.5861260471522678E-002
  -4.0677551526733167      -0.80482788366342506       -3.1149332838261583E-002
  -3.5806666193817933      -0.56631607200421163      -0.63840109542271883     
  -2.5883149839293558       -1.4464102520105520       0.38017123160474386     
  -1.4658587396453588       -1.2853567541665221      -0.82725162892775594     
  -2.0187817562844077       -1.4187223651970235       0.45288327505788029     
  -1.0596033546417463       -1.1845231034582673        6.1963807463790717E-002
  -1.5544482892019487       -3.8148635086401890       0.46852145080664742     
   3.2825731982585431       -2.0506442525497075      -0.11912292544170722     
   2.7641275739956512       -1.6160931893927699      -0.23638773299885577     
   2.2964704706131016      -0.97211845473723602       -7.6173499292765193E-002
   3.0278255627337343       -1.7770745229695566       -1.1915694767426557E-002
  0.66577986385144994       0.20841896243607616       0.26558577929902599     
   1.2450825035583180      -0.31257886442257132       -9.2798643284764115E-002
  0.23073748557519205       0.53198493234480204       0.11112580813795554     
  0.75365626667498253       0.62888615746270871      -0.43486204548239676     
   3.9350173967918565        3.2639630238110109      -0.10302654051912669     
  0.81225088723209182        1.8154440838094965       -6.2441322227976742E-002
   1.5504768769099444        1.8088130673887255       0.43676298331068791     
   1.9933829780695735        1.7525105110492665        2.0955393795612978E-002
   1.6564278520853672        1.9559661774231651      -0.20509319465785905     
  0.10881609022875215        4.2277321028123680       0.91229239347341851     
  0.14271191957800416        4.1722716691905752       0.58803592830747820     
First
                         Total        1.383357068E+00
Step size:       0.20
Step size in Bohr:       0.38
Learning Rate:       1.00
# Steps:          0
                         Error        1.383357068E+00
