-xyz
refined.xyz
-dens
/home/unibas/boittier/RDKit_G2/B.pdb/SCAN_1_2_3_4_S_36_-10.0/17_SCAN/B.d.cube
-esp
/home/unibas/boittier/RDKit_G2/B.pdb/SCAN_1_2_3_4_S_36_-10.0/17_SCAN/B.p.cube
-stepsize
0.2
-n_steps
10
-learning_rate
0.5
  -3.8971479567150622        2.9421243509846371      -0.43494278412063270     
  -3.2216832032830531       0.17015369801711949       0.49224306736452889     
  -2.9391058767415887       0.44948947033354814      -0.46755284673433267     
  -5.8788406957225332       -1.0335575633895517        7.7073519562469522E-002
  -3.0383322011842444       0.26166626480402283      -0.69589260907261741     
  -1.1836921038571389      -0.66864628233881396       0.36097149349485858     
  -1.5674306988281519       -3.5472792394637738       0.42417123784775590     
  -2.6317326624098514       -1.3310181816345019       0.25281922659556427     
  -1.9976569844005725       -1.0893098600318007       0.23248717433458463     
   2.4712857721710102      -0.89465904335365132       0.10024877921138915     
   2.5724815410513737       -1.0309168134498679       0.10890007478921390     
   3.3512150429152134       -2.2824193982430634      -0.12044065340004791     
   2.8377398253033581       -1.7421268544567257      -0.11225722367023243     
  0.44943095133911504       0.52884690445176519       0.22038131072876349     
  0.84922730626796272       0.48520926839557788       0.48759621446960555     
  0.94378734327655112       0.72153716448491778      -0.75682049173033106     
   1.5581229012631987      -0.34151418707270348        2.3818673398123075E-002
   1.6094545113060765        2.0552189574999176        1.0146597530837553     
   1.5440008717568243        2.0745857435528898      -0.88380187210763128     
   3.9688184105990594        3.0338052863886755       -6.3619140663520965E-002
   1.4852660500619855E-002   4.1519436792210405       0.21000745677593524     
First
                         Total        6.378126311E-01
Step size:       0.20
Step size in Bohr:       0.38
Learning Rate:       1.00
# Steps:         10
                         Error  1        6.334389644E-01
                         Error  2        6.292400558E-01
                         Error  3        6.252072241E-01
                         Error  4        6.213321818E-01
                         Error  5        6.176070246E-01
                         Error  6        6.140242193E-01
                         Error  7        6.105765923E-01
                         Error  8        6.072573169E-01
                         Error  9        6.040599016E-01
                         Error 10        6.009781770E-01
                         Error        6.009781770E-01
