-xyz
refined.xyz
-dens
/home/unibas/boittier/RDKit_G2/B.pdb/SCAN_1_2_3_4_S_36_-10.0/36_SCAN_1_2_3_4_F/B.d.cube
-esp
/home/unibas/boittier/RDKit_G2/B.pdb/SCAN_1_2_3_4_S_36_-10.0/36_SCAN_1_2_3_4_F/B.p.cube
-stepsize
0.2
-n_steps
50
-learning_rate
0.5
  -3.6230452093746677        2.4494202650625647        2.2117229054112619E-002
  -3.3816496508656906      -0.61625194294914487       0.86383223811975463     
  -6.2021052423979928       -1.2907136395728069        1.4895112170050698E-002
  -3.9009637168981155       -1.0680445429442407       -6.6376409939850223E-002
  -3.5138947167134935      -0.66500462229306512      -0.65048725375245187     
  -2.4337772699402338       -1.7655141939151173      -0.21695397282594245     
  -1.5463792067530064       -1.0280128592985238       0.90719883198459639     
  -1.9783079780196937       -1.4555032374561081      -0.29973583317727720     
  -1.2414642954144381      -0.80494815666201447        4.0946731737191010E-002
  -1.4218694591302430       -4.1709920033694639       -6.5915124122476423E-002
   1.0056400959639147        3.0185266302048683       -1.4911212841186201E-002
  0.95370717598608412        2.3674441493632621       0.13838774995382114     
   1.1223832800585190        1.5656012457432726        1.3181716309560741E-002
   1.0036841550341340        2.6394809748045991       -8.3881268468947959E-002
  0.90091502849162886      -0.37804908835278433      -0.20952879323389609     
  0.90693502286462102       0.38117315880771641        9.7821118633615464E-002
  0.85029622279848438      -0.89868988415287643       -2.8022336984505691E-002
   1.2867152117658340      -0.55687136522409020       0.45280821934357152     
   5.3794431366582609       -5.1166027664603812E-002   3.5656745190980318E-002
   2.1888808438093781       -1.3265359195828248       0.14687263827832744     
   2.6729600182611097      -0.82233977865584407      -0.38257009677811210     
   2.9155393620125065      -0.45368904578558805       -1.5734707643716827E-002
   2.8551656796983202      -0.79788905490896467       0.22339847452462194     
   3.4495949331945792       -3.5494187897802547      -0.68782082133332123     
   3.4603413514246291       -3.4423423080142985      -0.37240222247394461     
First
                         Total        4.622895846E-01
Step size:       0.20
Step size in Bohr:       0.38
Learning Rate:       1.00
# Steps:         50
                         Error  1        4.613156844E-01
                         Error  2        4.603887102E-01
                         Error  3        4.595049362E-01
                         Error  4        4.586609564E-01
                         Error  5        4.578536581E-01
                         Error  6        4.570801963E-01
                         Error  7        4.563379709E-01
                         Error  8        4.556246060E-01
                         Error  9        4.549379302E-01
                         Error 10        4.542759590E-01
                         Error 11        4.536368785E-01
                         Error 12        4.530190307E-01
                         Error 13        4.524208997E-01
                         Error 14        4.518410995E-01
                         Error 15        4.512783623E-01
                         Error 16        4.507315283E-01
                         Error 17        4.501995364E-01
                         Error 18        4.496814152E-01
                         Error 19        4.491762754E-01
                         Error 20        4.486833022E-01
                         Error 21        4.482017491E-01
                         Error 22        4.477309319E-01
                         Error 23        4.472702229E-01
                         Error 24        4.468190462E-01
                         Error 25        4.463768729E-01
                         Error 26        4.459432175E-01
                         Error 27        4.455176334E-01
                         Error 28        4.450997099E-01
                         Error 29        4.446890691E-01
                         Error 30        4.442853626E-01
                         Error 31        4.438882697E-01
                         Error 32        4.434974941E-01
                         Error 33        4.431127623E-01
                         Error 34        4.427338217E-01
                         Error 35        4.423604384E-01
                         Error 36        4.419923960E-01
                         Error 37        4.416294935E-01
                         Error 38        4.412715448E-01
                         Error 39        4.409183767E-01
                         Error 40        4.405698282E-01
                         Error 41        4.402257494E-01
                         Error 42        4.398860002E-01
                         Error 43        4.395504502E-01
                         Error 44        4.392189771E-01
                         Error 45        4.388914666E-01
                         Error 46        4.385678114E-01
                         Error 47        4.382479109E-01
                         Error 48        4.379316701E-01
                         Error 49        4.376190000E-01
                         Error 50        4.373098162E-01
                         Error        4.373098162E-01
