-xyz
refined.xyz
-dens
/home/unibas/boittier/RDKit_G2/B.pdb/SCAN_1_2_3_4_S_36_10.0/22_SCAN/B.d.cube
-esp
/home/unibas/boittier/RDKit_G2/B.pdb/SCAN_1_2_3_4_S_36_10.0/22_SCAN/B.p.cube
-stepsize
0.2
-n_steps
10
-learning_rate
0.5
  -3.6702084040196157        2.7329376450930849      -0.31030772036762339     
  -3.0838225766946894       -8.1764427806813963E-002  0.53566569141513765     
  -2.8022233681309952       0.25579649218838346      -0.40042211100768321     
  -5.7595923718118431       -1.2134740462158282        8.9519887260476647E-002
  -2.8935049817919909        2.1411558426702570E-002 -0.65419697842525992     
 -0.95992129545165039       -1.1826518435549547      -0.14905052525335502     
  -1.4174858311820788       -3.7698027463075294       0.43736508718178790     
  -2.4089418686152340       -1.8172671649971062        7.4444711857413595E-002
  -1.8388975730512680       -1.4697150853993579        1.5434099836853808E-002
   1.3922327373232739        1.6628504247136735      -0.13152424048371594     
   1.3414145301473985        1.8468061629683861      -0.15671577831685030     
   1.0236344117504879        3.2729402299754145        5.1084586346762981E-002
   1.0308373721890438        2.5422533606879991        5.7495644707690863E-002
  0.97521271565092926      -0.76928797342579547      -0.14021762804449911     
   1.1867979374049824      -0.44108036707087056      -0.45728663350488913     
   1.4986085393986730      -0.48307095932635408       0.77863146203282130     
   1.1471601264581244       0.64319338855884856       -2.1089282331796907E-002
   2.7988106672399069       -1.0730960410931114       -1.0414587681107907     
   2.8826035382785014       -1.0060280081444046       0.85422946056437832     
   5.2305223240270404       -7.1664978906417681E-002 -0.16866815504323823     
   3.1657881533402827       -3.6358007634454728       -8.0144708355328539E-002
First
                         Total        7.551293486E+00
Step size:       0.20
Step size in Bohr:       0.38
Learning Rate:       1.00
# Steps:         10
                         Error  1        7.501637945E+00
                         Error  2        7.452287335E+00
                         Error  3        7.403245205E+00
                         Error  4        7.354515100E+00
                         Error  5        7.306100561E+00
                         Error  6        7.258005126E+00
                         Error  7        7.210232320E+00
                         Error  8        7.162785658E+00
                         Error  9        7.115668641E+00
                         Error 10        7.068884751E+00
                         Error        7.068884751E+00
