-xyz
refined.xyz
-dens
/home/unibas/boittier/RDKit_G2/B.pdb/SCAN_1_2_3_4_S_36_10.0/16_SCAN/B.d.cube
-esp
/home/unibas/boittier/RDKit_G2/B.pdb/SCAN_1_2_3_4_S_36_10.0/16_SCAN/B.p.cube
-stepsize
0.2
-n_steps
0
-learning_rate
0.5
   3.8084741235665760        2.8147327219902158       -1.0905467561943072     
   3.1578518559161295       -6.9651379582027689E-002 -0.65739110150277591     
   2.9369925719974064       0.59838241222296551       0.10074110723460172     
   5.8722445652643200      -0.97032375122420700        8.7816947087746178E-002
   3.0498767404411797       0.47580184472062742       0.41685437971154421     
   1.2176928205370325      -0.61438625832680438       -1.5613447786696426E-002
   1.6000365316639749       -3.4326888232416972       0.93884419623832394     
   2.6505589410177506       -1.2676908516010128       0.25390912489022016     
   2.0133589397373362       -1.0788242002612043       0.16717763885207920     
  -2.4378749269312436      -0.87640392403495027      -0.28439156988088554     
  -2.5290817195622557       -1.0399359227300369      -0.32925265197741965     
  -3.3225888055075061       -2.2843284134791544      -0.27643376223833199     
  -2.8136500322445746       -1.7652632810977309      -0.19101425711310932     
 -0.43223985344191196       0.55597585334118349       -2.9364570558770921E-002
 -0.79258119117610903       0.49558596353468248      -0.37531671235660657     
  -1.0630753557734387       0.65609588669269836       0.86085459445996648     
  -1.5520761466338400      -0.32998965203260577       -4.4749071357535267E-002
  -1.4425751551277888        2.1372936077284517      -0.87171839501000969     
  -1.7124950761097040        1.9597347943781842       0.99942182001924196     
  -3.9589658271346404        3.0224486319276473      -0.12157289009817139     
  -2.8833058132537209E-002   4.1270269677521201       0.41968484568063058     
First
                         Total        1.548869464E+00
Step size:       0.20
Step size in Bohr:       0.38
Learning Rate:       1.00
# Steps:          0
                         Error        1.548869464E+00
