-xyz
refined.xyz
-dens
/home/unibas/boittier/RDKit_G2/B.pdb/SCAN_1_2_3_4_S_36_10.0/22_SCAN_1_2_3_4_F/B.d.cube
-esp
/home/unibas/boittier/RDKit_G2/B.pdb/SCAN_1_2_3_4_S_36_10.0/22_SCAN_1_2_3_4_F/B.p.cube
-stepsize
0.2
-n_steps
1
-learning_rate
0.5
   4.5501972525782870       0.12805190156370855      -0.54960088382343475     
   2.3821287467575814        2.0223854415786380       0.84598554422776417     
   3.8038838086185538        4.5684508670681643        9.3894385714013949E-003
   2.3564627677561703        2.8142377444988860        2.6085412512373639E-002
   2.1304655933396921        2.3168610253445174      -0.58162478814503271     
  0.68872607673464636        2.3240939569495511       0.14175116595943846     
  0.85725561887134005        1.0717528089484947        1.1101067476357043     
  0.69491778805490401        1.7673903295121411       -2.8720267451152366E-002
  0.59972689149576142       0.74990882317476848       0.22227663521006177     
  -1.5014325508316710        3.1885610848191570       0.84872509258474449     
   1.6785382530529616       -3.6058316104268857      -0.25645055228910202     
   1.2876046636134892       -3.0961150750558319       -1.0960396529646154E-002
  0.59499462428216154       -2.6667055046987080        1.8476348716861872E-002
   1.4086493418994630       -3.3262671139849003      -0.28945471198258788     
 -0.62099538441966684       -1.1118888415118424        7.1450771227333065E-002
  -1.4601893832795124E-002  -1.6856304671408742       0.26391820275656863     
 -0.94179626784901216      -0.72593649427615270       0.34379768331712424     
 -0.88869264990921426       -1.3042820526976950       0.82626534756180647     
  -5.4472275055045323       0.22573420363959398      -0.56000000577725084     
  -2.1169359717283878       -1.4226072556863367       0.69697244398534863     
  -2.8421336315234815      -0.28404422304067112       0.47381601777174825     
  -3.0591064651114896      -0.12267806448975893       -8.6596246630808449E-002
  -2.9717595208254530      -0.58259818260084562      -0.10777234707177795     
  -3.8001858620911295       -2.5022970890714427        1.9965264774027971     
  -3.7535543658152895       -2.5818629137371123        1.6776936009183703     
First
                         Total        3.638548779E+00
Step size:       0.20
Step size in Bohr:       0.38
Learning Rate:       1.00
# Steps:          1
                         Error  1        3.618602508E+00
                         Error        3.618602508E+00
