-xyz
refined.xyz
-dens
/home/unibas/boittier/RDKit_G2/B.pdb/SCAN_1_2_3_4_S_36_10.0/23_SCAN/B.d.cube
-esp
/home/unibas/boittier/RDKit_G2/B.pdb/SCAN_1_2_3_4_S_36_10.0/23_SCAN/B.p.cube
-stepsize
0.2
-n_steps
10
-learning_rate
0.5
  -3.5240209598700329        2.4115938241810162       -2.1055017199617496     
  -3.1977956537360877       0.46426422054542688       0.14376858621018326     
  -2.8094941860639020       0.27804570096264025      -0.73458620433618949     
  -5.9018072499577858      -0.61794641528650185       0.17707462354121978     
  -2.9041740572099619       -3.4493162127847463E-002 -0.91425871299978101     
  -1.1637331139365521      -0.47852369086123159       0.75110422251590092     
  -1.8022049546361376       -2.8335477915888090        2.0780199631778342     
  -2.6707005634034644      -0.98880325230472477       0.87650865639907305     
  -2.0285753133521180      -0.79182960052839624       0.79500203529675006     
   2.3554232138495079       -1.0363222641527658      -0.11880617831371340     
   2.4469930405689055       -1.1794090546199665      -0.12290899034372112     
   3.0514365604199414       -2.4879046941906289      -0.50455452862004535     
   2.6063179715427753       -1.9041254613929868      -0.39781662301714948     
  0.53326670551208122       0.54664477174929260       0.35506385847061478     
  0.96093542902137252       0.46893347986028810       0.57371079308207551     
  0.87423299850519720       0.73431582689864905      -0.66761538143898824     
   1.5038778585893771      -0.40973823176213786       -3.5404101029979831E-002
   1.9223236654911136        1.8873863387583207        1.1023030385246928     
   1.5653146173308703        2.0686843118249616      -0.75294902002810038     
   4.1611885017926848        2.7735341698427591      -0.27855269204363747     
  0.40436199884804142        4.1358238630524102       0.71219863845582454     
First
                         Total        5.812518684E-01
Step size:       0.20
Step size in Bohr:       0.38
Learning Rate:       1.00
# Steps:         10
                         Error  1        5.767949469E-01
                         Error  2        5.725585342E-01
                         Error  3        5.685305515E-01
                         Error  4        5.646994843E-01
                         Error  5        5.610543684E-01
                         Error  6        5.575847755E-01
                         Error  7        5.542807970E-01
                         Error  8        5.511330284E-01
                         Error  9        5.481325518E-01
                         Error 10        5.452709184E-01
                         Error        5.452709184E-01
