-xyz
refined.xyz
-dens
/home/unibas/boittier/RDKit_G2/B.pdb/SCAN_1_2_3_4_S_36_10.0/35_SCAN/B.d.cube
-esp
/home/unibas/boittier/RDKit_G2/B.pdb/SCAN_1_2_3_4_S_36_10.0/35_SCAN/B.p.cube
-stepsize
0.2
-n_steps
100
-learning_rate
0.5
  -3.7568686499671129        2.6685199765031093      -0.26467831663804403     
  -3.1025586861040808      -0.16023226428119530       0.49417193733125980     
  -2.8058181441939074       0.21670998463460039      -0.42026271719780917     
  -5.7365687766863855       -1.3440863532889338       -4.6046639905907613E-002
  -2.8871090548293155       -9.3694136902035003E-003 -0.68421618317537414     
 -0.89698658119256347       -1.2523044774415268      -0.13699515857870004     
  -1.3687376286427890       -3.8110416506367240       0.29848327875772807     
  -2.3218724306943672       -1.9452389677002406        6.2776601776358382E-002
  -1.7653948591270718       -1.5745956285026117        1.3012399568971975E-002
   1.3372986917209488        1.6800143146911677      -0.11591247069007062     
   1.2808157580313797        1.8619073069739207      -0.14421089974273532     
  0.91586677349465584        3.2804198154167366        3.9902078901751091E-002
  0.94502596065304589        2.5483009586293290        5.6565195352295157E-002
   1.0107062539263327      -0.76128210763787119       -9.5539714371453546E-002
   1.2151805359537067      -0.42627274186557307      -0.40864694475548891     
   1.5081360128552530      -0.45642669424349985       0.83015799439177762     
   1.1291876404089232       0.65552524358340825        2.4076939087712131E-002
   2.8324277526338331      -0.99444206120470502       -1.0396665396055254     
   2.9392789903043117      -0.93424416060056170       0.85414095987532213     
   5.2377862813414211        8.9042399366082089E-002 -0.19404435878294377     
   3.3055713014400703       -3.5466139180589584       -9.8365987154622150E-002
First
                         Total        1.014326216E+00
Step size:       0.20
Step size in Bohr:       0.38
Learning Rate:       1.00
# Steps:        100
                         Error  1        1.011497883E+00
                         Error  2        1.008782597E+00
                         Error  3        1.006173264E+00
                         Error  4        1.003663236E+00
                         Error  5        1.001246279E+00
                         Error  6        9.989165517E-01
                         Error  7        9.966685842E-01
                         Error  8        9.944972549E-01
                         Error  9        9.923977697E-01
                         Error 10        9.903656429E-01
                         Error 11        9.883966782E-01
                         Error 12        9.864869512E-01
                         Error 13        9.846327923E-01
                         Error 14        9.828307713E-01
                         Error 15        9.810776823E-01
                         Error 16        9.793705294E-01
                         Error 17        9.777065135E-01
                         Error 18        9.760830198E-01
                         Error 19        9.744976061E-01
                         Error 20        9.729479914E-01
                         Error 21        9.714320457E-01
                         Error 22        9.699477801E-01
                         Error 23        9.684933377E-01
                         Error 24        9.670669849E-01
                         Error 25        9.656671032E-01
                         Error 26        9.642921818E-01
                         Error 27        9.629408103E-01
                         Error 28        9.616116723E-01
                         Error 29        9.603035389E-01
                         Error 30        9.590152630E-01
                         Error 31        9.577457738E-01
                         Error 32        9.564940719E-01
                         Error 33        9.552592240E-01
                         Error 34        9.540403592E-01
                         Error 35        9.528366641E-01
                         Error 36        9.516473794E-01
                         Error 37        9.504717961E-01
                         Error 38        9.493092519E-01
                         Error 39        9.481591286E-01
                         Error 40        9.470208485E-01
                         Error 41        9.458938719E-01
                         Error 42        9.447776948E-01
                         Error 43        9.436718460E-01
                         Error 44        9.425758852E-01
                         Error 45        9.414894007E-01
                         Error 46        9.404120077E-01
                         Error 47        9.393433463E-01
                         Error 48        9.382830798E-01
                         Error 49        9.372308931E-01
                         Error 50        9.361864915E-01
                         Error 51        9.351495989E-01
                         Error 52        9.341199568E-01
                         Error 53        9.330973231E-01
                         Error 54        9.320814709E-01
                         Error 55        9.310721874E-01
                         Error 56        9.300692733E-01
                         Error 57        9.290725412E-01
                         Error 58        9.280818155E-01
                         Error 59        9.270969313E-01
                         Error 60        9.261177335E-01
                         Error 61        9.251440766E-01
                         Error 62        9.241758234E-01
                         Error 63        9.232128451E-01
                         Error 64        9.222550202E-01
                         Error 65        9.213022344E-01
                         Error 66        9.203543799E-01
                         Error 67        9.194113550E-01
                         Error 68        9.184730636E-01
                         Error 69        9.175394151E-01
                         Error 70        9.166103237E-01
                         Error 71        9.156857083E-01
                         Error 72        9.147654920E-01
                         Error 73        9.138496021E-01
                         Error 74        9.129379696E-01
                         Error 75        9.120305288E-01
                         Error 76        9.111272176E-01
                         Error 77        9.102279766E-01
                         Error 78        9.093327496E-01
                         Error 79        9.084414827E-01
                         Error 80        9.075541249E-01
                         Error 81        9.066706271E-01
                         Error 82        9.057909426E-01
                         Error 83        9.049150268E-01
                         Error 84        9.040428367E-01
                         Error 85        9.031743314E-01
                         Error 86        9.023094715E-01
                         Error 87        9.014482191E-01
                         Error 88        9.005905378E-01
                         Error 89        8.997363926E-01
                         Error 90        8.988857498E-01
                         Error 91        8.980385768E-01
                         Error 92        8.971948421E-01
                         Error 93        8.963545153E-01
                         Error 94        8.955175670E-01
                         Error 95        8.946839688E-01
                         Error 96        8.938536929E-01
                         Error 97        8.930267125E-01
                         Error 98        8.922030017E-01
                         Error 99        8.913825350E-01
                         Error100        8.905652879E-01
                         Error        8.905652879E-01
