-xyz
global_fitted_global.xyz
-dens
/home/unibas/boittier/RDKit_G2/B.pdb/SCAN_1_2_3_4_S_36_10.0/32_SCAN/B.d.cube
-esp
/home/unibas/boittier/RDKit_G2/B.pdb/SCAN_1_2_3_4_S_36_10.0/32_SCAN/B.p.cube
-stepsize
0.2
-n_steps
0
-learning_rate
0.5
  -3.5263936100421791        2.4693422775605267        1.5495650813040096     
  -2.9684589505846950      -0.33212958047972319       0.74360329078702947     
  -2.8204660113570572       0.39534398822020966        2.0472552772395260E-002
  -5.7510023452720489       -1.1911771977858086       0.22803834670105164     
  -3.0077336041814333       0.32101839251392827      -0.27410583015965956     
 -0.95941521347868364       -1.1243432670893390      -0.63833954236303558     
  -1.6156425016012279       -3.4885498241524924       -1.4169064289924043     
  -2.4513017969531945       -1.7012183944107258      -0.63735618932447047     
  -1.8571504243540042       -1.3881334377843864      -0.61596298814585793     
   1.4814396527136837        1.6430248035497081      -0.30194722830530052     
   1.4432490955739214        1.8256830374335775      -0.34820284676914615     
   1.1522652782878591        3.2699969025211773      -0.20597444253090985     
   1.1299990820698642        2.5358389030836297      -0.19407495778808592     
  0.98643574596607242      -0.77800554225448570      -0.33075788877462714     
   1.2579349441641299      -0.46547952744251231      -0.62578475614279194     
   1.3741957616560685      -0.50363435960364400       0.64513344847982657     
   1.1851308656961095       0.62607342999640647      -0.19265765386354425     
   2.9531627369095599       -1.1761036558457532      -0.68845579649007183     
   2.5780149241916477       -1.0347064221636326        1.1686522850441605     
   5.1345351737790272      -0.19933426382602709       0.73784954088454058     
   2.9926612596401267       -3.6922654158055623       0.41314729673705491     
First
                         Total        4.941390200E-01
Step size:       0.20
Step size in Bohr:       0.38
Learning Rate:       1.00
# Steps:          0
                         Error        4.941390200E-01
