                                     G D M A

                                 by Anthony Stone

                           version 2.2.03, 21 June 2007

               Distributed Multipoles from Gaussian wavefunctions


Starting at 9:24:42 on 26 May 2021  

GDMA



Using SCF density matrix from file N.pdb.fchk


                         Distributed Multipole Analysis

Standard DMA for products of primitives with exponent greater than 4.00000
Using 80-point Euler-MacLaurin radial quadrature
Using 590-point Lebedev quadrature
Becke smoothing parameter = 3

Positions and radii in angstrom
Multipole moments in atomic units, ea_0^k for rank k

C          x =  1.671490  y =  1.269589  z = -0.000222
           Maximum rank =  2   Radius =  0.650
                   Q00  =  -0.139002
|Q1| =   0.130225  Q10  =  -0.000036  Q11c =  -0.007365  Q11s =  -0.130017
|Q2| =   0.167490  Q20  =  -0.145803  Q21c =   0.000439  Q21s =   0.000042
                   Q22c =  -0.080883  Q22s =   0.015881

C          x =  1.556532  y = -0.226328  z = -0.000256
           Maximum rank =  2   Radius =  0.650
                   Q00  =   0.153192
|Q1| =   0.159658  Q10  =   0.000310  Q11c =   0.098550  Q11s =  -0.125612
|Q2| =   0.674633  Q20  =  -0.637763  Q21c =   0.000885  Q21s =   0.000128
                   Q22c =   0.108170  Q22s =  -0.191538

H          x =  1.184863  y =  1.698300  z = -0.882325
           Maximum rank =  2   Radius =  0.325
                   Q00  =   0.139251
|Q1| =   0.123902  Q10  =   0.085530  Q11c =  -0.009448  Q11s =  -0.089146
|Q2| =   0.162435  Q20  =   0.036233  Q21c =   0.131420  Q21s =  -0.070635
                   Q22c =   0.046471  Q22s =  -0.025538

H          x =  2.727879  y =  1.539577  z =  0.001668
           Maximum rank =  2   Radius =  0.325
                   Q00  =   0.112079
|Q1| =   0.132232  Q10  =  -0.000181  Q11c =  -0.105911  Q11s =  -0.079172
|Q2| =   0.159979  Q20  =  -0.122577  Q21c =   0.000532  Q21s =   0.000082
                   Q22c =   0.095083  Q22s =   0.039080

H          x =  1.181668  y =  1.698677  z =  0.879924
           Maximum rank =  2   Radius =  0.325
                   Q00  =   0.139248
|Q1| =   0.123844  Q10  =  -0.085321  Q11c =  -0.009093  Q11s =  -0.089304
|Q2| =   0.162663  Q20  =   0.035680  Q21c =  -0.131829  Q21s =   0.070456
                   Q22c =   0.046798  Q22s =  -0.025560

C          x =  0.193995  y = -0.925660  z = -0.002661
           Maximum rank =  2   Radius =  0.650
                   Q00  =  -0.071712
|Q1| =   0.099522  Q10  =   0.000263  Q11c =  -0.042370  Q11s =   0.090052
|Q2| =   0.308779  Q20  =  -0.184856  Q21c =  -0.000242  Q21s =   0.000140
                   Q22c =   0.215554  Q22s =  -0.121282

O          x =  2.550626  y = -0.959498  z =  0.000705
           Maximum rank =  2   Radius =  0.650
                   Q00  =  -0.376713
|Q1| =   0.536237  Q10  =  -0.000462  Q11c =  -0.439329  Q11s =   0.307473
|Q2| =   1.060815  Q20  =  -0.142816  Q21c =   0.000554  Q21s =  -0.000991
                   Q22c =   0.347143  Q22s =  -0.992181

C          x = -1.042347  y = -0.078715  z = -0.000034
           Maximum rank =  2   Radius =  0.650
                   Q00  =   0.473798
|Q1| =   0.232247  Q10  =   0.000479  Q11c =  -0.181973  Q11s =   0.144307
|Q2| =   0.079863  Q20  =  -0.007663  Q21c =   0.000222  Q21s =  -0.000217
                   Q22c =   0.038493  Q22s =   0.069552

H          x =  0.154243  y = -1.580120  z =  0.873965
           Maximum rank =  2   Radius =  0.325
                   Q00  =   0.167231
|Q1| =   0.117130  Q10  =  -0.075481  Q11c =   0.002458  Q11s =   0.089532
|Q2| =   0.114657  Q20  =   0.025557  Q21c =  -0.013320  Q21s =  -0.108434
                   Q22c =   0.022618  Q22s =  -0.006782

H          x =  0.154378  y = -1.573953  z = -0.883915
           Maximum rank =  2   Radius =  0.325
                   Q00  =   0.167208
|Q1| =   0.117181  Q10  =   0.076144  Q11c =   0.002378  Q11s =   0.089037
|Q2| =   0.114568  Q20  =   0.026896  Q21c =   0.013330  Q21s =   0.107870
                   Q22c =   0.023276  Q22s =  -0.006865

F          x = -1.134138  y =  0.745709  z =  1.120191
           Maximum rank =  2   Radius =  0.650
                   Q00  =  -0.264839
|Q1| =   0.328881  Q10  =  -0.249389  Q11c =  -0.078656  Q11s =  -0.199452
|Q2| =   0.838494  Q20  =   0.455251  Q21c =  -0.090033  Q21s =   0.619014
                   Q22c =  -0.278908  Q22s =  -0.163535

F          x = -2.185745  y = -0.869730  z = -0.002592
           Maximum rank =  2   Radius =  0.650
                   Q00  =  -0.234726
|Q1| =   0.294376  Q10  =   0.000693  Q11c =   0.205589  Q11s =   0.210689
|Q2| =   0.773040  Q20  =  -0.321053  Q21c =   0.002172  Q21s =   0.001109
                   Q22c =   0.210833  Q22s =   0.670865

F          x = -1.134124  y =  0.752930  z = -1.114923
           Maximum rank =  2   Radius =  0.650
                   Q00  =  -0.265051
|Q1| =   0.329223  Q10  =   0.248407  Q11c =  -0.079090  Q11s =  -0.201063
|Q2| =   0.838870  Q20  =   0.448659  Q21c =   0.090244  Q21s =  -0.621998
                   Q22c =  -0.283560  Q22s =  -0.164245

Total multipoles
referred to origin at x =   0.000000,  y =    0.000000,  z =    0.000000
                   Q00  =  -0.000036
|Q1| =   0.215161  Q10  =  -0.003660  Q11c =  -0.004816  Q11s =   0.215076
|Q2| =  12.734222  Q20  =   4.546492  Q21c =  -0.009374  Q21s =   0.009871
                   Q22c =  -8.685631  Q22s =   8.127082

CPU time used:      0m26.973s          Total:      0m26.973s

Finished at 9:25:9 on 26 May 2021   
