-xyz
refined.xyz
-dens
/home/unibas/boittier/RDKit_G2/B.pdb/SCAN_1_2_3_4_S_36_10.0/5_SCAN/B.d.cube
-esp
/home/unibas/boittier/RDKit_G2/B.pdb/SCAN_1_2_3_4_S_36_10.0/5_SCAN/B.p.cube
-stepsize
0.2
-n_steps
1
-learning_rate
0.5
   3.4351828196759850        2.3620057218645858        1.8727542498286565     
   3.1529428358957214       0.15955805047343782      -0.17001679096068506     
   2.6945115591834088       0.10329330536422078       0.75543344358613229     
   5.7851372294364563       -1.0492197633635536       0.17259927112103843     
   2.7537680550381483      -0.21386764651608631       0.90902895281736473     
   1.0613853239806825       -1.0458500191698268      -0.26905557522669932     
   1.7429878992393932       -3.2400773261538509       -1.8229256071369255     
   2.5252158678744454       -1.5633039376129247      -0.64585217010706497     
   1.9383017652852554       -1.2624604095332153      -0.52651278857219075     
  -1.5084184109125169        1.6201727155807280       -4.1831152287106479E-003
  -1.4688493805042544        1.8074168222009883        1.6929868673954965E-002
  -1.2849781256221251        3.2548918686984680      -0.21101797747569789     
  -1.2372561306117862        2.5246089152549498      -0.22425293713463063     
 -0.92064017491394090      -0.78259485102903870       -6.6787631764280223E-002
  -1.1205374831290738      -0.46725550759980705       0.27049760568959591     
  -1.5589650957453691      -0.54441300661770231      -0.92483550133815018     
  -1.2072475681267247       0.61251266648797964      -0.17023723579092162     
  -2.4590366324045831       -1.1621165603770256        1.2612457265061632     
  -2.9275272415702136       -1.1860851591843427      -0.57871408394798474     
  -5.0862731471164322      -0.36900073958860663       0.87326820641166081     
  -2.8156262568106349       -3.7849906554344912       0.47238980782187279     
First
                         Total        5.442898471E-01
Step size:       0.20
Step size in Bohr:       0.38
Learning Rate:       1.00
# Steps:          1
                         Error  1        5.370034871E-01
                         Error        5.370034871E-01
