-xyz
refined.xyz
-dens
/home/unibas/boittier/RDKit_G2/B.pdb/SCAN_1_2_3_4_S_36_10.0/31_SCAN_1_2_3_4_F/B.d.cube
-esp
/home/unibas/boittier/RDKit_G2/B.pdb/SCAN_1_2_3_4_S_36_10.0/31_SCAN_1_2_3_4_F/B.p.cube
-stepsize
0.2
-n_steps
50
-learning_rate
0.5
   3.3241315403153635        2.0381581632897503       -1.8992706466557880     
   3.2539721155326609      -0.90946872418759106      -0.79104954614621137     
   6.2488766141679148       -1.0036838920563320      -0.23294598959603227     
   3.9705740169029462      -0.84911092988297276       -8.0290826007099105E-003
   3.6162291363242027      -0.16230616788958591       0.47260321597506594     
   2.5590478575719344       -1.3987964433235403       0.98006472664853739     
   1.7677078070850969      -0.73619815688839063      -0.30863371879221613     
   2.0490254376627979       -1.1533858000257671       0.94522964287463762     
   1.3150868146648313      -0.57666546693302712       0.54619029723719570     
   1.8460398184473472       -3.4214433649166991        2.1346023575608761     
  -1.3394935025555146        2.9868361730457753       0.22449708279785302     
  -1.1957639987388609        2.3600581637616043       0.10012815179980358     
  -1.2935757772093970        1.5264073592595413       0.17387486027952381     
  -1.3137082512783542        2.6228215839503322       0.31808608212636486     
 -0.90896499104221296      -0.39557321679265184       0.40592682967884069     
 -0.94095754604727522       0.36349773779241079       0.12720490015258445     
 -0.76792857844717133      -0.90394491452758441       0.25932668337651471     
  -1.1537257167836432      -0.59956405430739423      -0.30882505685869260     
  -5.2102772969286715      -0.50296992094253268      -0.91403599978846883     
  -1.9651911831047417       -1.4438814504513691      -0.30031422764795379     
  -2.6174032016379427       -1.0260674888449628       0.11356835100522773     
  -2.7994570168821804      -0.66228752125687651      -0.29159032301283622     
  -2.6514023839431866      -0.98494965423037983      -0.51537780166095071     
  -3.1198726285047953       -3.8396216753379595       0.11406569343435781     
  -3.0773210469441836       -3.7035470527019849      -0.17731731111657228     
First
                         Total        5.549909730E-01
Step size:       0.20
Step size in Bohr:       0.38
Learning Rate:       1.00
# Steps:         50
                         Error  1        5.526394499E-01
                         Error  2        5.504278935E-01
                         Error  3        5.483460757E-01
                         Error  4        5.463844963E-01
                         Error  5        5.445343375E-01
                         Error  6        5.427874215E-01
                         Error  7        5.411361682E-01
                         Error  8        5.395735558E-01
                         Error  9        5.380930836E-01
                         Error 10        5.366887356E-01
                         Error 11        5.353549474E-01
                         Error 12        5.340865741E-01
                         Error 13        5.328788602E-01
                         Error 14        5.317274119E-01
                         Error 15        5.306281703E-01
                         Error 16        5.295773874E-01
                         Error 17        5.285716021E-01
                         Error 18        5.276076197E-01
                         Error 19        5.266824913E-01
                         Error 20        5.257934955E-01
                         Error 21        5.249381208E-01
                         Error 22        5.241140497E-01
                         Error 23        5.233191438E-01
                         Error 24        5.225514301E-01
                         Error 25        5.218090879E-01
                         Error 26        5.210904371E-01
                         Error 27        5.203939275E-01
                         Error 28        5.197181281E-01
                         Error 29        5.190617183E-01
                         Error 30        5.184234791E-01
                         Error 31        5.178022847E-01
                         Error 32        5.171970959E-01
                         Error 33        5.166069527E-01
                         Error 34        5.160309680E-01
                         Error 35        5.154683226E-01
                         Error 36        5.149182588E-01
                         Error 37        5.143800763E-01
                         Error 38        5.138531273E-01
                         Error 39        5.133368126E-01
                         Error 40        5.128305773E-01
                         Error 41        5.123339080E-01
                         Error 42        5.118463287E-01
                         Error 43        5.113673986E-01
                         Error 44        5.108967087E-01
                         Error 45        5.104338797E-01
                         Error 46        5.099785597E-01
                         Error 47        5.095304214E-01
                         Error 48        5.090891610E-01
                         Error 49        5.086544959E-01
                         Error 50        5.082261630E-01
                         Error        5.082261630E-01
