atom_charge_dict:  {8: [0], 3: [1, 3, 4], 9: [2], 2: [5, 6, 7, 8], 7: [9], 6: [10, 11, 12, 13], 1: [14, 15, 16, 17], 4: [18], 0: [19, 20, 21, 22], 5: [23, 24]}
4
4 [18] [-0.2243548   0.04920127  0.0193622 ]
0
0 [19, 20, 21, 22] [ 0.52940997 -0.01216572 -0.18333243]
0 [19, 20, 21, 22] [0.31375544 0.25442555 0.13983927]
0 [19, 20, 21, 22] [ 0.1222426   0.44206127 -0.0392042 ]
0 [19, 20, 21, 22] [ 0.14846696  0.24310417 -0.17079611]
5
5 [23, 24] [ 0.04023215 -0.12117929  0.3772317 ]
5 [23, 24] [ 0.00963356 -0.08322905  0.20699511]
6
6 [10, 11, 12, 13] [-0.06757934  0.29298121  0.00907414]
6 [10, 11, 12, 13] [-0.04234148 -0.06037275 -0.07063636]
6 [10, 11, 12, 13] [-0.09037386 -0.47919622  0.01134751]
6 [10, 11, 12, 13] [-0.06520261  0.09376532  0.0568729 ]
1
1 [14, 15, 16, 17] [ 0.06125289 -0.12036193  0.11129443]
1 [14, 15, 16, 17] [ 0.00962451  0.29661138 -0.05888478]
1 [14, 15, 16, 17] [ 0.09476994 -0.40002175  0.01526431]
1 [14, 15, 16, 17] [-0.17800839 -0.23576133 -0.2316052 ]
2
2 [5, 6, 7, 8] [ 0.51114931 -0.23474313  0.05495539]
2 [5, 6, 7, 8] [-0.04360096  0.15624444 -0.49740004]
2 [5, 6, 7, 8] [ 0.29971324 -0.02901905  0.13305604]
2 [5, 6, 7, 8] [-0.16112587  0.26037608 -0.00362866]
7
7 [9] [ 0.00042094 -0.35423362 -0.14004268]
2
3
3 [1, 3, 4] [-0.09160876 -0.0956044  -0.54758605]
3 [1, 3, 4] [ 0.16009159 -0.47971305 -0.15722431]
3 [1, 3, 4] [-0.14790034 -0.45385274  0.14645566]
8
8 [0] [-0.07222801  0.22323433  0.09384653]
3
9
9 [2] [ 0.38785564 -0.09897308 -0.00429972]
RMSD using the Kabsch algorithm: 0.750268469828796
1 [1.82818312 1.18627773 0.77181064]
2 [ 1.84584    -0.11217346 -0.33446583]
3 [ 3.29839423 -0.58380558  0.11222558]
4 [ 2.09754035 -0.49628211  0.0558959 ]
5 [ 1.78954842 -0.4704218   0.35957587]
6 [ 1.34692829 -0.85347805 -0.1954427 ]
7 [ 0.79217802 -0.46249048 -0.74779813]
8 [ 1.13549222 -0.64775396 -0.11734205]
9 [ 0.6746531  -0.35835884 -0.25402675]
10 [ 0.89524654 -1.96436047 -0.83287825]
11 [-0.63808983  1.61943109 -0.10315319]
12 [-0.61285197  1.26607714 -0.18286369]
13 [-0.66088434  0.84725367 -0.10087982]
14 [-0.63571309  1.4202152  -0.05535443]
15 [-0.45911702 -0.20542978  0.01890859]
16 [-0.51074539  0.21154353 -0.15127062]
17 [-0.42559996 -0.4850896  -0.07712153]
18 [-0.6983783  -0.32082917 -0.32399104]
19 [-2.80188072 -0.16713158  0.36346378]
20 [-1.11525574e+00 -7.53020929e-01  4.90427558e-04]
21 [-1.33091027 -0.48642966  0.32366213]
22 [-1.52242311 -0.29879394  0.14461866]
23 [-1.49619875 -0.49775104  0.01302675]
24 [-1.60257457 -1.94362096  0.61656999]
25 [-1.63317315 -1.90567072  0.4463334 ]
