node26.cluster
-xyz
refined.xyz
-dens
../../cubes/2_SCAN_1_2_3_4_F/B.d.cube
-esp
../../cubes/2_SCAN_1_2_3_4_F/B.p.cube
   3.5431974154416630        2.4465038544039581       0.81315066612896136     
   3.4251332947314919      -0.35493292243447072      -0.76054219830303260     
   6.2390323889821930       -1.1067279295318642        5.6775129925175277E-002
   3.9714465010107198      -0.93982635478367160        5.5109440577403690E-002
   3.4426460498635798      -0.78171634481074059       0.65618249825961217     
   2.5326396175504815       -1.6598953686277917       -8.5776862986974442E-002
   1.5555114858571000      -0.89830512251869754       -1.1790788530261067     
   2.1279033634623685       -1.2715148100006397        4.6440598906700076E-002
   1.2844774481674666      -0.70513377665200860      -0.25958482769027502     
   1.5843849287432341       -3.9596352822430503      -0.87712603803527112     
  -1.1565619664206819        3.0661013408929083       -7.6730483084369736E-002
  -1.1105390383388145        2.4046259964014336      -0.24745041767628698     
  -1.2174323616476266        1.6059252798759358       -8.7768409108026149E-002
  -1.1637216029985091        2.6950056534262465       -7.6082101258803242E-003
 -0.86984311858883989      -0.38155333078780423       0.13718774275416926     
 -0.94523306736317114       0.40356544699170671      -0.19240589303860089     
 -0.80312134027133852      -0.91030464279151935       -3.4847944224613292E-002
  -1.3068689904513671      -0.60121358516767454      -0.51979855599463543     
  -5.3560570356032517      -0.26753494352880364       0.30696061338804365     
  -2.1278776426876886       -1.4046921460996211       -7.3356243797414122E-002
  -2.5932048165836634      -0.90891563268315634       0.49927015117950352     
  -2.9098205098419045      -0.54092924236177808       0.14063935319339552     
  -2.8468414245807852      -0.91396690366926758      -0.11817188138994655     
  -3.1915517578242198       -3.6675358920632317       0.93263278190900467     
  -3.2169616644807166       -3.5863852993905998       0.61312953367693168     
First
                         Total        1.099116765E+00
                         Error  1        1.098718314E+00
                         Error  2        1.098321063E+00
                         Error  3        1.097925003E+00
                         Error  4        1.097530123E+00
                         Error  5        1.097136415E+00
                         Error  6        1.096743872E+00
                         Error  7        1.096352483E+00
                         Error  8        1.095962241E+00
                         Error  9        1.095573139E+00
                         Error 10        1.095185166E+00
                         Error 11        1.094798317E+00
                         Error 12        1.094412584E+00
                         Error 13        1.094027958E+00
                         Error 14        1.093644432E+00
                         Error 15        1.093262000E+00
                         Error 16        1.092880653E+00
                         Error 17        1.092500386E+00
                         Error 18        1.092121191E+00
                         Error 19        1.091743062E+00
                         Error 20        1.091365992E+00
                         Error 21        1.090989974E+00
                         Error 22        1.090615002E+00
                         Error 23        1.090241071E+00
                         Error 24        1.089868173E+00
                         Error 25        1.089496303E+00
                         Error 26        1.089125455E+00
                         Error 27        1.088755623E+00
                         Error 28        1.088386801E+00
                         Error 29        1.088018984E+00
                         Error 30        1.087652167E+00
                         Error 31        1.087286343E+00
                         Error 32        1.086921508E+00
                         Error 33        1.086557656E+00
                         Error 34        1.086194782E+00
                         Error 35        1.085832881E+00
                         Error 36        1.085471948E+00
                         Error 37        1.085111978E+00
                         Error 38        1.084752966E+00
                         Error 39        1.084394908E+00
                         Error 40        1.084037799E+00
                         Error 41        1.083681634E+00
                         Error 42        1.083326408E+00
                         Error 43        1.082972117E+00
                         Error 44        1.082618757E+00
                         Error 45        1.082266324E+00
                         Error 46        1.081914812E+00
                         Error 47        1.081564219E+00
                         Error 48        1.081214538E+00
                         Error 49        1.080865768E+00
                         Error 50        1.080517903E+00
                         Error 51        1.080170939E+00
                         Error 52        1.079824872E+00
                         Error 53        1.079479700E+00
                         Error 54        1.079135417E+00
                         Error 55        1.078792020E+00
                         Error 56        1.078449505E+00
                         Error 57        1.078107868E+00
                         Error 58        1.077767106E+00
                         Error 59        1.077427216E+00
                         Error 60        1.077088193E+00
                         Error 61        1.076750034E+00
                         Error 62        1.076412736E+00
                         Error 63        1.076076295E+00
                         Error 64        1.075740708E+00
                         Error 65        1.075405971E+00
                         Error 66        1.075072082E+00
                         Error 67        1.074739036E+00
                         Error 68        1.074406830E+00
                         Error 69        1.074075462E+00
                         Error 70        1.073744928E+00
                         Error 71        1.073415225E+00
                         Error 72        1.073086350E+00
                         Error 73        1.072758300E+00
                         Error 74        1.072431071E+00
                         Error 75        1.072104661E+00
                         Error 76        1.071779067E+00
                         Error 77        1.071454285E+00
                         Error 78        1.071130313E+00
                         Error 79        1.070807149E+00
                         Error 80        1.070484788E+00
                         Error 81        1.070163228E+00
                         Error 82        1.069842467E+00
                         Error 83        1.069522501E+00
                         Error 84        1.069203328E+00
                         Error 85        1.068884944E+00
                         Error 86        1.068567348E+00
                         Error 87        1.068250537E+00
                         Error 88        1.067934507E+00
                         Error 89        1.067619257E+00
                         Error 90        1.067304783E+00
                         Error 91        1.066991083E+00
                         Error 92        1.066678154E+00
                         Error 93        1.066365994E+00
                         Error 94        1.066054600E+00
                         Error 95        1.065743970E+00
                         Error 96        1.065434101E+00
                         Error 97        1.065124990E+00
                         Error 98        1.064816636E+00
                         Error 99        1.064509035E+00
                         Error100        1.064202185E+00
                         Error101        1.063896084E+00
                         Error102        1.063590729E+00
                         Error103        1.063286119E+00
                         Error104        1.062982250E+00
                         Error105        1.062679119E+00
                         Error106        1.062376726E+00
                         Error107        1.062075067E+00
                         Error108        1.061774141E+00
                         Error109        1.061473944E+00
                         Error110        1.061174474E+00
                         Error111        1.060875730E+00
                         Error112        1.060577709E+00
                         Error113        1.060280409E+00
                         Error114        1.059983826E+00
                         Error115        1.059687961E+00
                         Error116        1.059392809E+00
                         Error117        1.059098369E+00
                         Error118        1.058804638E+00
                         Error119        1.058511615E+00
                         Error120        1.058219298E+00
                         Error121        1.057927683E+00
                         Error122        1.057636769E+00
                         Error123        1.057346554E+00
                         Error124        1.057057036E+00
                         Error125        1.056768212E+00
                         Error126        1.056480081E+00
                         Error127        1.056192640E+00
                         Error128        1.055905888E+00
                         Error129        1.055619821E+00
                         Error130        1.055334439E+00
                         Error131        1.055049739E+00
                         Error132        1.054765718E+00
                         Error133        1.054482376E+00
                         Error134        1.054199710E+00
                         Error135        1.053917717E+00
                         Error136        1.053636397E+00
                         Error137        1.053355746E+00
                         Error138        1.053075764E+00
                         Error139        1.052796447E+00
                         Error140        1.052517794E+00
                         Error141        1.052239804E+00
                         Error142        1.051962473E+00
                         Error143        1.051685801E+00
                         Error144        1.051409784E+00
                         Error145        1.051134422E+00
                         Error146        1.050859712E+00
                         Error147        1.050585652E+00
                         Error148        1.050312241E+00
                         Error149        1.050039477E+00
                         Error150        1.049767357E+00
                         Error151        1.049495879E+00
                         Error152        1.049225043E+00
                         Error153        1.048954845E+00
                         Error154        1.048685285E+00
                         Error155        1.048416360E+00
                         Error156        1.048148068E+00
                         Error157        1.047880408E+00
                         Error158        1.047613378E+00
                         Error159        1.047346975E+00
                         Error160        1.047081198E+00
                         Error161        1.046816046E+00
                         Error162        1.046551516E+00
                         Error163        1.046287606E+00
                         Error164        1.046024316E+00
                         Error165        1.045761642E+00
                         Error166        1.045499583E+00
                         Error167        1.045238138E+00
                         Error168        1.044977304E+00
                         Error169        1.044717080E+00
                         Error170        1.044457464E+00
                         Error171        1.044198454E+00
                         Error172        1.043940049E+00
                         Error173        1.043682247E+00
                         Error174        1.043425045E+00
                         Error175        1.043168443E+00
                         Error176        1.042912438E+00
                         Error177        1.042657030E+00
                         Error178        1.042402215E+00
                         Error179        1.042147992E+00
                         Error180        1.041894360E+00
                         Error181        1.041641317E+00
                         Error182        1.041388861E+00
                         Error183        1.041136991E+00
                         Error184        1.040885705E+00
                         Error185        1.040635000E+00
                         Error186        1.040384876E+00
                         Error187        1.040135331E+00
                         Error188        1.039886363E+00
                         Error189        1.039637970E+00
                         Error190        1.039390151E+00
                         Error191        1.039142904E+00
                         Error192        1.038896227E+00
                         Error193        1.038650119E+00
                         Error194        1.038404578E+00
                         Error195        1.038159603E+00
                         Error196        1.037915191E+00
                         Error197        1.037671342E+00
                         Error198        1.037428053E+00
                         Error199        1.037185323E+00
                         Error200        1.036943151E+00
                         Error201        1.036701534E+00
                         Error202        1.036460471E+00
                         Error203        1.036219961E+00
                         Error204        1.035980001E+00
                         Error205        1.035740591E+00
                         Error206        1.035501728E+00
                         Error207        1.035263412E+00
                         Error208        1.035025640E+00
                         Error209        1.034788411E+00
                         Error210        1.034551723E+00
                         Error211        1.034315575E+00
                         Error212        1.034079966E+00
                         Error213        1.033844893E+00
                         Error214        1.033610355E+00
                         Error215        1.033376350E+00
                         Error216        1.033142878E+00
                         Error217        1.032909936E+00
                         Error218        1.032677523E+00
                         Error219        1.032445637E+00
                         Error220        1.032214277E+00
                         Error221        1.031983441E+00
                         Error222        1.031753128E+00
                         Error223        1.031523336E+00
                         Error224        1.031294064E+00
                         Error225        1.031065311E+00
                         Error226        1.030837074E+00
                         Error227        1.030609352E+00
                         Error228        1.030382144E+00
                         Error229        1.030155448E+00
                         Error230        1.029929262E+00
                         Error231        1.029703586E+00
                         Error232        1.029478418E+00
                         Error233        1.029253756E+00
                         Error234        1.029029598E+00
                         Error235        1.028805944E+00
                         Error236        1.028582792E+00
                         Error237        1.028360140E+00
                         Error238        1.028137987E+00
                         Error239        1.027916331E+00
                         Error240        1.027695171E+00
                         Error241        1.027474506E+00
                         Error242        1.027254334E+00
                         Error243        1.027034654E+00
                         Error244        1.026815463E+00
                         Error245        1.026596762E+00
                         Error246        1.026378548E+00
                         Error247        1.026160819E+00
                         Error248        1.025943576E+00
                         Error249        1.025726815E+00
                         Error250        1.025510536E+00
                         Error251        1.025294737E+00
                         Error252        1.025079416E+00
                         Error253        1.024864574E+00
                         Error254        1.024650207E+00
                         Error255        1.024436315E+00
                         Error256        1.024222896E+00
                         Error257        1.024009948E+00
                         Error258        1.023797472E+00
                         Error259        1.023585464E+00
                         Error260        1.023373924E+00
                         Error261        1.023162850E+00
                         Error262        1.022952241E+00
                         Error263        1.022742095E+00
                         Error264        1.022532412E+00
                         Error265        1.022323190E+00
                         Error266        1.022114427E+00
                         Error267        1.021906122E+00
                         Error268        1.021698273E+00
                         Error269        1.021490881E+00
                         Error270        1.021283942E+00
                         Error271        1.021077456E+00
                         Error272        1.020871421E+00
                         Error273        1.020665836E+00
                         Error274        1.020460700E+00
                         Error275        1.020256011E+00
                         Error276        1.020051769E+00
                         Error277        1.019847971E+00
                         Error278        1.019644616E+00
                         Error279        1.019441704E+00
                         Error280        1.019239232E+00
                         Error281        1.019037200E+00
                         Error282        1.018835606E+00
                         Error283        1.018634448E+00
                         Error284        1.018433727E+00
                         Error285        1.018233439E+00
                         Error286        1.018033585E+00
                         Error287        1.017834162E+00
                         Error288        1.017635170E+00
                         Error289        1.017436607E+00
                         Error290        1.017238471E+00
                         Error291        1.017040763E+00
                         Error292        1.016843479E+00
                         Error293        1.016646620E+00
                         Error294        1.016450183E+00
                         Error295        1.016254168E+00
                         Error296        1.016058573E+00
                         Error297        1.015863397E+00
                         Error298        1.015668639E+00
                         Error299        1.015474298E+00
                         Error300        1.015280371E+00
                         Error301        1.015086859E+00
                         Error302        1.014893760E+00
                         Error303        1.014701072E+00
                         Error304        1.014508794E+00
                         Error305        1.014316926E+00
                         Error306        1.014125465E+00
                         Error307        1.013934411E+00
                         Error308        1.013743762E+00
                         Error309        1.013553518E+00
                         Error310        1.013363677E+00
                         Error311        1.013174237E+00
                         Error312        1.012985199E+00
                         Error313        1.012796559E+00
                         Error314        1.012608318E+00
                         Error315        1.012420474E+00
                         Error316        1.012233025E+00
                         Error317        1.012045972E+00
                         Error318        1.011859311E+00
                         Error319        1.011673043E+00
                         Error320        1.011487166E+00
                         Error321        1.011301679E+00
                         Error322        1.011116581E+00
                         Error323        1.010931870E+00
                         Error324        1.010747546E+00
                         Error325        1.010563607E+00
                         Error326        1.010380052E+00
                         Error327        1.010196880E+00
                         Error328        1.010014090E+00
                         Error329        1.009831680E+00
                         Error330        1.009649650E+00
                         Error331        1.009467998E+00
                         Error332        1.009286723E+00
                         Error333        1.009105825E+00
                         Error334        1.008925301E+00
                         Error335        1.008745151E+00
                         Error336        1.008565374E+00
                         Error337        1.008385969E+00
                         Error338        1.008206933E+00
                         Error339        1.008028267E+00
                         Error340        1.007849970E+00
                         Error341        1.007672039E+00
                         Error342        1.007494474E+00
                         Error343        1.007317274E+00
                         Error344        1.007140438E+00
                         Error345        1.006963965E+00
                         Error346        1.006787853E+00
                         Error347        1.006612101E+00
                         Error348        1.006436709E+00
                         Error349        1.006261676E+00
                         Error350        1.006086999E+00
                         Error351        1.005912678E+00
                         Error352        1.005738713E+00
                         Error353        1.005565101E+00
                         Error354        1.005391843E+00
                         Error355        1.005218936E+00
                         Error356        1.005046380E+00
                         Error357        1.004874173E+00
                         Error358        1.004702315E+00
                         Error359        1.004530805E+00
                         Error360        1.004359641E+00
                         Error361        1.004188823E+00
                         Error362        1.004018349E+00
                         Error363        1.003848218E+00
                         Error364        1.003678430E+00
                         Error365        1.003508983E+00
                         Error366        1.003339876E+00
                         Error367        1.003171108E+00
                         Error368        1.003002679E+00
                         Error369        1.002834586E+00
                         Error370        1.002666830E+00
                         Error371        1.002499409E+00
                         Error372        1.002332322E+00
                         Error373        1.002165567E+00
                         Error374        1.001999145E+00
                         Error375        1.001833054E+00
                         Error376        1.001667293E+00
                         Error377        1.001501861E+00
                         Error378        1.001336757E+00
                         Error379        1.001171979E+00
                         Error380        1.001007528E+00
                         Error381        1.000843402E+00
                         Error382        1.000679600E+00
                         Error383        1.000516120E+00
                         Error384        1.000352963E+00
                         Error385        1.000190127E+00
                         Error386        1.000027611E+00
                         Error387        9.998654139E-01
                         Error388        9.997035349E-01
                         Error389        9.995419731E-01
                         Error390        9.993807274E-01
                         Error391        9.992197969E-01
                         Error392        9.990591806E-01
                         Error393        9.988988776E-01
                         Error394        9.987388868E-01
                         Error395        9.985792074E-01
                         Error396        9.984198384E-01
                         Error397        9.982607788E-01
                         Error398        9.981020277E-01
                         Error399        9.979435842E-01
                         Error400        9.977854472E-01
                         Error401        9.976276159E-01
                         Error402        9.974700893E-01
                         Error403        9.973128665E-01
                         Error404        9.971559466E-01
                         Error405        9.969993286E-01
                         Error406        9.968430115E-01
                         Error407        9.966869946E-01
                         Error408        9.965312767E-01
                         Error409        9.963758571E-01
                         Error410        9.962207349E-01
                         Error411        9.960659090E-01
                         Error412        9.959113786E-01
                         Error413        9.957571428E-01
                         Error414        9.956032006E-01
                         Error415        9.954495512E-01
                         Error416        9.952961937E-01
                         Error417        9.951431272E-01
                         Error418        9.949903507E-01
                         Error419        9.948378634E-01
                         Error420        9.946856644E-01
                         Error421        9.945337529E-01
                         Error422        9.943821278E-01
                         Error423        9.942307884E-01
                         Error424        9.940797337E-01
                         Error425        9.939289629E-01
                         Error426        9.937784751E-01
                         Error427        9.936282694E-01
                         Error428        9.934783450E-01
                         Error429        9.933287010E-01
                         Error430        9.931793365E-01
                         Error431        9.930302507E-01
                         Error432        9.928814427E-01
                         Error433        9.927329116E-01
                         Error434        9.925846566E-01
                         Error435        9.924366769E-01
                         Error436        9.922889716E-01
                         Error437        9.921415398E-01
                         Error438        9.919943807E-01
                         Error439        9.918474935E-01
                         Error440        9.917008773E-01
                         Error441        9.915545313E-01
                         Error442        9.914084546E-01
                         Error443        9.912626465E-01
                         Error444        9.911171060E-01
                         Error445        9.909718324E-01
                         Error446        9.908268248E-01
                         Error447        9.906820824E-01
                         Error448        9.905376044E-01
                         Error449        9.903933900E-01
                         Error450        9.902494384E-01
                         Error451        9.901057487E-01
                         Error452        9.899623201E-01
                         Error453        9.898191518E-01
                         Error454        9.896762431E-01
                         Error455        9.895335931E-01
                         Error456        9.893912010E-01
                         Error457        9.892490660E-01
                         Error458        9.891071874E-01
                         Error459        9.889655642E-01
                         Error460        9.888241958E-01
                         Error461        9.886830814E-01
                         Error462        9.885422201E-01
                         Error463        9.884016112E-01
                         Error464        9.882612539E-01
                         Error465        9.881211474E-01
                         Error466        9.879812909E-01
                         Error467        9.878416837E-01
                         Error468        9.877023249E-01
                         Error469        9.875632139E-01
                         Error470        9.874243499E-01
                         Error471        9.872857320E-01
                         Error472        9.871473596E-01
                         Error473        9.870092318E-01
                         Error474        9.868713479E-01
                         Error475        9.867337071E-01
                         Error476        9.865963088E-01
                         Error477        9.864591521E-01
                         Error478        9.863222362E-01
                         Error479        9.861855605E-01
                         Error480        9.860491242E-01
                         Error481        9.859129266E-01
                         Error482        9.857769668E-01
                         Error483        9.856412442E-01
                         Error484        9.855057581E-01
                         Error485        9.853705077E-01
                         Error486        9.852354922E-01
                         Error487        9.851007110E-01
                         Error488        9.849661633E-01
                         Error489        9.848318483E-01
                         Error490        9.846977654E-01
                         Error491        9.845639139E-01
                         Error492        9.844302930E-01
                         Error493        9.842969020E-01
                         Error494        9.841637402E-01
                         Error495        9.840308068E-01
                         Error496        9.838981013E-01
                         Error497        9.837656228E-01
                         Error498        9.836333706E-01
                         Error499        9.835013441E-01
                         Error500        9.833695426E-01
                         Error501        9.832379653E-01
                         Error502        9.831066115E-01
                         Error503        9.829754806E-01
                         Error504        9.828445719E-01
                         Error505        9.827138846E-01
                         Error506        9.825834182E-01
                         Error507        9.824531718E-01
                         Error508        9.823231448E-01
                         Error509        9.821933366E-01
                         Error510        9.820637464E-01
                         Error511        9.819343736E-01
                         Error512        9.818052175E-01
                         Error513        9.816762774E-01
                         Error514        9.815475526E-01
                         Error515        9.814190425E-01
                         Error516        9.812907465E-01
                         Error517        9.811626637E-01
                         Error518        9.810347937E-01
                         Error519        9.809071357E-01
                         Error520        9.807796890E-01
                         Error521        9.806524530E-01
                         Error522        9.805254271E-01
                         Error523        9.803986106E-01
                         Error524        9.802720028E-01
                         Error525        9.801456031E-01
                         Error526        9.800194108E-01
                         Error527        9.798934253E-01
                         Error528        9.797676460E-01
                         Error529        9.796420722E-01
                         Error530        9.795167033E-01
                         Error531        9.793915385E-01
                         Error532        9.792665774E-01
                         Error533        9.791418192E-01
                         Error534        9.790172634E-01
                         Error535        9.788929093E-01
                         Error536        9.787687562E-01
                         Error537        9.786448036E-01
                         Error538        9.785210508E-01
                         Error539        9.783974972E-01
                         Error540        9.782741421E-01
                         Error541        9.781509851E-01
                         Error542        9.780280253E-01
                         Error543        9.779052623E-01
                         Error544        9.777826954E-01
                         Error545        9.776603240E-01
                         Error546        9.775381476E-01
                         Error547        9.774161653E-01
                         Error548        9.772943768E-01
                         Error549        9.771727814E-01
                         Error550        9.770513784E-01
                         Error551        9.769301673E-01
                         Error552        9.768091475E-01
                         Error553        9.766883183E-01
                         Error554        9.765676793E-01
                         Error555        9.764472297E-01
                         Error556        9.763269691E-01
                         Error557        9.762068968E-01
                         Error558        9.760870122E-01
                         Error559        9.759673147E-01
                         Error560        9.758478039E-01
                         Error561        9.757284790E-01
                         Error562        9.756093395E-01
                         Error563        9.754903848E-01
                         Error564        9.753716144E-01
                         Error565        9.752530276E-01
                         Error566        9.751346240E-01
                         Error567        9.750164029E-01
                         Error568        9.748983637E-01
                         Error569        9.747805060E-01
                         Error570        9.746628291E-01
                         Error571        9.745453324E-01
                         Error572        9.744280155E-01
                         Error573        9.743108777E-01
                         Error574        9.741939185E-01
                         Error575        9.740771373E-01
                         Error576        9.739605337E-01
                         Error577        9.738441069E-01
                         Error578        9.737278565E-01
                         Error579        9.736117820E-01
                         Error580        9.734958827E-01
                         Error581        9.733801582E-01
                         Error582        9.732646078E-01
                         Error583        9.731492311E-01
                         Error584        9.730340275E-01
                         Error585        9.729189965E-01
                         Error586        9.728041375E-01
                         Error587        9.726894500E-01
                         Error588        9.725749334E-01
                         Error589        9.724605873E-01
                         Error590        9.723464111E-01
                         Error591        9.722324042E-01
                         Error592        9.721185662E-01
                         Error593        9.720048965E-01
                         Error594        9.718913946E-01
                         Error595        9.717780600E-01
                         Error596        9.716648921E-01
                         Error597        9.715518904E-01
                         Error598        9.714390545E-01
                         Error599        9.713263837E-01
                         Error600        9.712138777E-01
                         Error601        9.711015358E-01
                         Error602        9.709893576E-01
                         Error603        9.708773425E-01
                         Error604        9.707654900E-01
                         Error605        9.706537997E-01
                         Error606        9.705422711E-01
                         Error607        9.704309036E-01
                         Error608        9.703196966E-01
                         Error609        9.702086499E-01
                         Error610        9.700977627E-01
                         Error611        9.699870347E-01
                         Error612        9.698764654E-01
                         Error613        9.697660542E-01
                         Error614        9.696558006E-01
                         Error615        9.695457042E-01
                         Error616        9.694357645E-01
                         Error617        9.693259810E-01
                         Error618        9.692163531E-01
                         Error619        9.691068805E-01
                         Error620        9.689975627E-01
                         Error621        9.688883991E-01
                         Error622        9.687793893E-01
                         Error623        9.686705327E-01
                         Error624        9.685618290E-01
                         Error625        9.684532777E-01
                         Error626        9.683448782E-01
                         Error627        9.682366302E-01
                         Error628        9.681285330E-01
                         Error629        9.680205864E-01
                         Error630        9.679127897E-01
                         Error631        9.678051426E-01
                         Error632        9.676976445E-01
                         Error633        9.675902951E-01
                         Error634        9.674830938E-01
                         Error635        9.673760402E-01
                         Error636        9.672691338E-01
                         Error637        9.671623742E-01
                         Error638        9.670557609E-01
                         Error639        9.669492934E-01
                         Error640        9.668429714E-01
                         Error641        9.667367943E-01
                         Error642        9.666307618E-01
                         Error643        9.665248733E-01
                         Error644        9.664191284E-01
                         Error645        9.663135267E-01
                         Error646        9.662080677E-01
                         Error647        9.661027510E-01
                         Error648        9.659975761E-01
                         Error649        9.658925427E-01
                         Error650        9.657876502E-01
                         Error651        9.656828982E-01
                         Error652        9.655782863E-01
                         Error653        9.654738141E-01
                         Error654        9.653694811E-01
                         Error655        9.652652869E-01
                         Error656        9.651612311E-01
                         Error657        9.650573132E-01
                         Error658        9.649535328E-01
                         Error659        9.648498895E-01
                         Error660        9.647463829E-01
                         Error661        9.646430125E-01
                         Error662        9.645397779E-01
                         Error663        9.644366788E-01
                         Error664        9.643337145E-01
                         Error665        9.642308849E-01
                         Error666        9.641281894E-01
                         Error667        9.640256276E-01
                         Error668        9.639231992E-01
                         Error669        9.638209036E-01
                         Error670        9.637187406E-01
                         Error671        9.636167096E-01
                         Error672        9.635148103E-01
                         Error673        9.634130423E-01
                         Error674        9.633114051E-01
                         Error675        9.632098984E-01
                         Error676        9.631085218E-01
                         Error677        9.630072748E-01
                         Error678        9.629061570E-01
                         Error679        9.628051682E-01
                         Error680        9.627043077E-01
                         Error681        9.626035754E-01
                         Error682        9.625029707E-01
                         Error683        9.624024933E-01
                         Error684        9.623021427E-01
                         Error685        9.622019187E-01
                         Error686        9.621018207E-01
                         Error687        9.620018485E-01
                         Error688        9.619020016E-01
                         Error689        9.618022796E-01
                         Error690        9.617026822E-01
                         Error691        9.616032089E-01
                         Error692        9.615038595E-01
                         Error693        9.614046334E-01
                         Error694        9.613055304E-01
                         Error695        9.612065500E-01
                         Error696        9.611076919E-01
                         Error697        9.610089557E-01
                         Error698        9.609103410E-01
                         Error699        9.608118474E-01
                         Error700        9.607134746E-01
                         Error701        9.606152222E-01
                         Error702        9.605170899E-01
                         Error703        9.604190772E-01
                         Error704        9.603211838E-01
                         Error705        9.602234093E-01
                         Error706        9.601257534E-01
                         Error707        9.600282157E-01
                         Error708        9.599307958E-01
                         Error709        9.598334934E-01
                         Error710        9.597363081E-01
                         Error711        9.596392396E-01
                         Error712        9.595422874E-01
                         Error713        9.594454513E-01
                         Error714        9.593487309E-01
                         Error715        9.592521258E-01
                         Error716        9.591556357E-01
                         Error717        9.590592602E-01
                         Error718        9.589629990E-01
                         Error719        9.588668516E-01
                         Error720        9.587708179E-01
                         Error721        9.586748974E-01
                         Error722        9.585790897E-01
                         Error723        9.584833946E-01
                         Error724        9.583878117E-01
                         Error725        9.582923406E-01
                         Error726        9.581969810E-01
                         Error727        9.581017326E-01
                         Error728        9.580065950E-01
                         Error729        9.579115679E-01
                         Error730        9.578166509E-01
                         Error731        9.577218437E-01
                         Error732        9.576271460E-01
                         Error733        9.575325574E-01
                         Error734        9.574380776E-01
                         Error735        9.573437063E-01
                         Error736        9.572494432E-01
                         Error737        9.571552878E-01
                         Error738        9.570612400E-01
                         Error739        9.569672992E-01
                         Error740        9.568734653E-01
                         Error741        9.567797380E-01
                         Error742        9.566861167E-01
                         Error743        9.565926014E-01
                         Error744        9.564991915E-01
                         Error745        9.564058869E-01
                         Error746        9.563126871E-01
                         Error747        9.562195920E-01
                         Error748        9.561266010E-01
                         Error749        9.560337140E-01
                         Error750        9.559409306E-01
                         Error751        9.558482505E-01
                         Error752        9.557556734E-01
                         Error753        9.556631990E-01
                         Error754        9.555708269E-01
                         Error755        9.554785569E-01
                         Error756        9.553863886E-01
                         Error757        9.552943218E-01
                         Error758        9.552023561E-01
                         Error759        9.551104911E-01
                         Error760        9.550187267E-01
                         Error761        9.549270625E-01
                         Error762        9.548354982E-01
                         Error763        9.547440335E-01
                         Error764        9.546526681E-01
                         Error765        9.545614017E-01
                         Error766        9.544702340E-01
                         Error767        9.543791646E-01
                         Error768        9.542881934E-01
                         Error769        9.541973200E-01
                         Error770        9.541065440E-01
                         Error771        9.540158653E-01
                         Error772        9.539252835E-01
                         Error773        9.538347983E-01
                         Error774        9.537444094E-01
                         Error775        9.536541166E-01
                         Error776        9.535639195E-01
                         Error777        9.534738179E-01
                         Error778        9.533838115E-01
                         Error779        9.532938999E-01
                         Error780        9.532040829E-01
                         Error781        9.531143603E-01
                         Error782        9.530247316E-01
                         Error783        9.529351967E-01
                         Error784        9.528457553E-01
                         Error785        9.527564070E-01
                         Error786        9.526671516E-01
                         Error787        9.525779889E-01
                         Error788        9.524889185E-01
                         Error789        9.523999401E-01
                         Error790        9.523110535E-01
                         Error791        9.522222585E-01
                         Error792        9.521335546E-01
                         Error793        9.520449417E-01
                         Error794        9.519564195E-01
                         Error795        9.518679877E-01
                         Error796        9.517796461E-01
                         Error797        9.516913943E-01
                         Error798        9.516032321E-01
                         Error799        9.515151593E-01
                         Error800        9.514271755E-01
                         Error801        9.513392804E-01
                         Error802        9.512514740E-01
                         Error803        9.511637557E-01
                         Error804        9.510761255E-01
                         Error805        9.509885830E-01
                         Error806        9.509011280E-01
                         Error807        9.508137602E-01
                         Error808        9.507264793E-01
                         Error809        9.506392851E-01
                         Error810        9.505521774E-01
                         Error811        9.504651558E-01
                         Error812        9.503782201E-01
                         Error813        9.502913701E-01
                         Error814        9.502046054E-01
                         Error815        9.501179260E-01
                         Error816        9.500313314E-01
                         Error817        9.499448214E-01
                         Error818        9.498583958E-01
                         Error819        9.497720544E-01
                         Error820        9.496857968E-01
                         Error821        9.495996229E-01
                         Error822        9.495135323E-01
                         Error823        9.494275249E-01
                         Error824        9.493416003E-01
                         Error825        9.492557584E-01
                         Error826        9.491699989E-01
                         Error827        9.490843216E-01
                         Error828        9.489987261E-01
                         Error829        9.489132123E-01
                         Error830        9.488277799E-01
                         Error831        9.487424287E-01
                         Error832        9.486571584E-01
                         Error833        9.485719688E-01
                         Error834        9.484868597E-01
                         Error835        9.484018308E-01
                         Error836        9.483168818E-01
                         Error837        9.482320126E-01
                         Error838        9.481472229E-01
                         Error839        9.480625125E-01
                         Error840        9.479778811E-01
                         Error841        9.478933285E-01
                         Error842        9.478088545E-01
                         Error843        9.477244588E-01
                         Error844        9.476401411E-01
                         Error845        9.475559014E-01
                         Error846        9.474717393E-01
                         Error847        9.473876546E-01
                         Error848        9.473036471E-01
                         Error849        9.472197166E-01
                         Error850        9.471358628E-01
                         Error851        9.470520855E-01
                         Error852        9.469683844E-01
                         Error853        9.468847595E-01
                         Error854        9.468012103E-01
                         Error855        9.467177367E-01
                         Error856        9.466343386E-01
                         Error857        9.465510155E-01
                         Error858        9.464677675E-01
                         Error859        9.463845941E-01
                         Error860        9.463014952E-01
                         Error861        9.462184707E-01
                         Error862        9.461355201E-01
                         Error863        9.460526435E-01
                         Error864        9.459698404E-01
                         Error865        9.458871108E-01
                         Error866        9.458044543E-01
                         Error867        9.457218709E-01
                         Error868        9.456393602E-01
                         Error869        9.455569220E-01
                         Error870        9.454745562E-01
                         Error871        9.453922626E-01
                         Error872        9.453100408E-01
                         Error873        9.452278908E-01
                         Error874        9.451458122E-01
                         Error875        9.450638050E-01
                         Error876        9.449818688E-01
                         Error877        9.449000035E-01
                         Error878        9.448182089E-01
                         Error879        9.447364847E-01
                         Error880        9.446548308E-01
                         Error881        9.445732469E-01
                         Error882        9.444917329E-01
                         Error883        9.444102885E-01
                         Error884        9.443289136E-01
                         Error885        9.442476079E-01
                         Error886        9.441663713E-01
                         Error887        9.440852034E-01
                         Error888        9.440041043E-01
                         Error889        9.439230735E-01
                         Error890        9.438421110E-01
                         Error891        9.437612166E-01
                         Error892        9.436803900E-01
                         Error893        9.435996310E-01
                         Error894        9.435189395E-01
                         Error895        9.434383152E-01
                         Error896        9.433577580E-01
                         Error897        9.432772677E-01
                         Error898        9.431968440E-01
                         Error899        9.431164868E-01
                         Error900        9.430361959E-01
                         Error901        9.429559711E-01
                         Error902        9.428758123E-01
                         Error903        9.427957191E-01
                         Error904        9.427156914E-01
                         Error905        9.426357291E-01
                         Error906        9.425558320E-01
                         Error907        9.424759998E-01
                         Error908        9.423962323E-01
                         Error909        9.423165295E-01
                         Error910        9.422368911E-01
                         Error911        9.421573168E-01
                         Error912        9.420778067E-01
                         Error913        9.419983603E-01
                         Error914        9.419189776E-01
                         Error915        9.418396584E-01
                         Error916        9.417604026E-01
                         Error917        9.416812098E-01
                         Error918        9.416020799E-01
                         Error919        9.415230129E-01
                         Error920        9.414440084E-01
                         Error921        9.413650663E-01
                         Error922        9.412861864E-01
                         Error923        9.412073685E-01
                         Error924        9.411286126E-01
                         Error925        9.410499183E-01
                         Error926        9.409712855E-01
                         Error927        9.408927140E-01
                         Error928        9.408142038E-01
                         Error929        9.407357545E-01
                         Error930        9.406573660E-01
                         Error931        9.405790382E-01
                         Error932        9.405007708E-01
                         Error933        9.404225637E-01
                         Error934        9.403444168E-01
                         Error935        9.402663298E-01
                         Error936        9.401883025E-01
                         Error937        9.401103349E-01
                         Error938        9.400324268E-01
                         Error939        9.399545779E-01
                         Error940        9.398767881E-01
                         Error941        9.397990573E-01
                         Error942        9.397213852E-01
                         Error943        9.396437717E-01
                         Error944        9.395662167E-01
                         Error945        9.394887200E-01
                         Error946        9.394112813E-01
                         Error947        9.393339007E-01
                         Error948        9.392565778E-01
                         Error949        9.391793125E-01
                         Error950        9.391021046E-01
                         Error951        9.390249541E-01
                         Error952        9.389478607E-01
                         Error953        9.388708243E-01
                         Error954        9.387938447E-01
                         Error955        9.387169217E-01
                         Error956        9.386400553E-01
                         Error957        9.385632451E-01
                         Error958        9.384864912E-01
                         Error959        9.384097932E-01
                         Error960        9.383331512E-01
                         Error961        9.382565648E-01
                         Error962        9.381800340E-01
                         Error963        9.381035585E-01
                         Error964        9.380271384E-01
                         Error965        9.379507732E-01
                         Error966        9.378744631E-01
                         Error967        9.377982077E-01
                         Error968        9.377220069E-01
                         Error969        9.376458606E-01
                         Error970        9.375697686E-01
                         Error971        9.374937308E-01
                         Error972        9.374177470E-01
                         Error973        9.373418171E-01
                         Error974        9.372659408E-01
                         Error975        9.371901182E-01
                         Error976        9.371143490E-01
                         Error977        9.370386330E-01
                         Error978        9.369629702E-01
                         Error979        9.368873603E-01
                         Error980        9.368118032E-01
                         Error981        9.367362989E-01
                         Error982        9.366608471E-01
                         Error983        9.365854476E-01
                         Error984        9.365101004E-01
                         Error985        9.364348053E-01
                         Error986        9.363595622E-01
                         Error987        9.362843709E-01
                         Error988        9.362092312E-01
                         Error989        9.361341431E-01
                         Error990        9.360591063E-01
                         Error991        9.359841208E-01
                         Error992        9.359091864E-01
                         Error993        9.358343030E-01
                         Error994        9.357594704E-01
                         Error995        9.356846884E-01
                         Error996        9.356099570E-01
                         Error997        9.355352760E-01
                         Error998        9.354606453E-01
                         Error999        9.353860647E-01
                         Error***        9.353115341E-01
                         Error        9.353115341E-01

real	135m49.367s
user	135m48.096s
sys	0m0.027s
