                                     G D M A

                                 by Anthony Stone

                           version 2.2.03, 21 June 2007

               Distributed Multipoles from Gaussian wavefunctions


Starting at 11:10:17 on 19 May 2021 

GDMA



Using SCF density matrix from file B.pdb.fchk


                         Distributed Multipole Analysis

Standard DMA for products of primitives with exponent greater than 4.00000
Using 80-point Euler-MacLaurin radial quadrature
Using 590-point Lebedev quadrature
Becke smoothing parameter = 3

Positions and radii in angstrom
Multipole moments in atomic units, ea_0^k for rank k

C          x = -1.644666  y = -0.740855  z =  0.183823
           Maximum rank =  2   Radius =  0.650
                   Q00  =  -0.134287
|Q1| =   0.147677  Q10  =  -0.020278  Q11c =   0.112340  Q11s =   0.093685
|Q2| =   1.374861  Q20  =  -1.273795  Q21c =  -0.471014  Q21s =  -0.161492
                   Q22c =   0.016971  Q22s =   0.139521

C          x = -0.520370  y = -0.085068  z = -0.092386
           Maximum rank =  2   Radius =  0.650
                   Q00  =   0.119934
|Q1| =   0.249665  Q10  =   0.017213  Q11c =   0.036607  Q11s =   0.246366
|Q2| =   1.061831  Q20  =  -0.998389  Q21c =  -0.318893  Q21s =  -0.124217
                   Q22c =   0.086065  Q22s =   0.078589

C          x =  0.835779  y = -0.618735  z = -0.250398
           Maximum rank =  2   Radius =  0.650
                   Q00  =  -0.095648
|Q1| =   0.141109  Q10  =   0.030286  Q11c =  -0.103520  Q11s =   0.090984
|Q2| =   1.249293  Q20  =  -0.898365  Q21c =   0.251319  Q21s =   0.784566
                   Q22c =   0.263635  Q22s =  -0.073933

C          x =  1.937449  y = -0.016569  z =  0.213120
           Maximum rank =  2   Radius =  0.650
                   Q00  =  -0.108681
|Q1| =   0.099123  Q10  =  -0.032291  Q11c =  -0.093695  Q11s =  -0.001980
|Q2| =   1.248891  Q20  =  -0.876363  Q21c =   0.325795  Q21s =   0.754734
                   Q22c =   0.337017  Q22s =  -0.048669

H          x = -2.577527  y = -0.216333  z =  0.344102
           Maximum rank =  2   Radius =  0.325
                   Q00  =   0.116444
|Q1| =   0.121941  Q10  =  -0.021347  Q11c =   0.118865  Q11s =  -0.016882
|Q2| =   0.190800  Q20  =  -0.143026  Q21c =  -0.059973  Q21s =   0.009197
                   Q22c =   0.052984  Q22s =  -0.097260

H          x = -1.642807  y = -1.822442  z =  0.239338
           Maximum rank =  2   Radius =  0.325
                   Q00  =   0.103757
|Q1| =   0.128017  Q10  =  -0.010215  Q11c =   0.032052  Q11s =   0.123517
|Q2| =   0.191511  Q20  =  -0.144250  Q21c =  -0.024846  Q21s =  -0.024101
                   Q22c =  -0.120452  Q22s =   0.012713

F          x = -0.570511  y =  1.326450  z = -0.112228
           Maximum rank =  2   Radius =  0.650
                   Q00  =  -0.324586
|Q1| =   0.291065  Q10  =  -0.011945  Q11c =  -0.016919  Q11s =  -0.290328
|Q2| =   0.874967  Q20  =  -0.309170  Q21c =  -0.016354  Q21s =  -0.022291
                   Q22c =  -0.807067  Q22s =  -0.133637

H          x =  0.894826  y = -1.610127  z = -0.692836
           Maximum rank =  2   Radius =  0.325
                   Q00  =   0.113343
|Q1| =   0.135812  Q10  =   0.057690  Q11c =  -0.018690  Q11s =   0.121521
|Q2| =   0.165879  Q20  =  -0.091477  Q21c =   0.005225  Q21s =   0.124995
                   Q22c =  -0.057630  Q22s =  -0.013248

H          x =  1.900412  y =  0.963044  z =  0.677964
           Maximum rank =  2   Radius =  0.325
                   Q00  =   0.119816
|Q1| =   0.122099  Q10  =  -0.059992  Q11c =  -0.054835  Q11s =  -0.091117
|Q2| =   0.182363  Q20  =  -0.094578  Q21c =   0.016116  Q21s =   0.127871
                   Q22c =  -0.074914  Q22s =  -0.045700

H          x =  2.910540  y = -0.484833  z =  0.116525
           Maximum rank =  2   Radius =  0.325
                   Q00  =   0.089910
|Q1| =   0.128736  Q10  =   0.001757  Q11c =  -0.122914  Q11s =   0.038235
|Q2| =   0.197574  Q20  =  -0.122506  Q21c =  -0.003493  Q21s =   0.049364
                   Q22c =   0.103519  Q22s =  -0.104222

Total multipoles
referred to origin at x =   0.000000,  y =    0.000000,  z =    0.000000
                   Q00  =   0.000001
|Q1| =   0.863596  Q10  =   0.101170  Q11c =   0.216859  Q11s =  -0.829780
|Q2| =   5.156629  Q20  =  -3.232275  Q21c =  -0.331161  Q21s =   1.888319
                   Q22c =   3.118326  Q22s =   1.656457

CPU time used:      0m11.587s          Total:      0m11.587s

Finished at 11:10:29 on 19 May 2021 
