-xyz
refined.xyz
-dens
/home/unibas/boittier/RDKit_G2/B.pdb/SCAN_1_2_3_4_S_36_-10.0/29_SCAN/B.d.cube
-esp
/home/unibas/boittier/RDKit_G2/B.pdb/SCAN_1_2_3_4_S_36_-10.0/29_SCAN/B.p.cube
-stepsize
0.2
-n_steps
10
-learning_rate
0.5
  -3.2306941955956083        1.2684668311310974       -3.0241697412797270     
  -3.1168771408139722       0.37647644372315991      -0.18992682991759041     
  -2.7019368581987426      -0.24339379918216575      -0.88664693369154124     
  -5.8864614100743298      -0.59481973334667659        6.6065716055216300E-002
  -2.8151387870226965      -0.53612414092549621      -0.91618140935747905     
  -1.2150053007771473      -0.70284752318836052       0.48158121700224521     
  -2.0483732793616247       -1.8780140173181044        3.0490212692476057     
  -2.6919441176040952      -0.98107480208402320        1.0127443608164521     
  -2.0495356983884760      -0.84693419527913127       0.83643934607425563     
   1.6848923594417358        1.5489506189707229       -9.7951491653135436E-002
   1.6925087264877898        1.7214265260463315      -0.13515102025498171     
   1.7158082198559059        3.1942135873522526        9.1849794817036506E-002
   1.5907609175862778        2.4655795381746404       0.11173903281050604     
  0.78778451717653664      -0.74112481658249973        6.8650149163794305E-002
   1.0067442338000061      -0.50117478235075641      -0.29843876723914475     
   1.5468871955966701      -0.62631366111650566       0.84329145080318091     
   1.2670098532469929       0.59113340101405121       0.11516235784945750     
   2.2456944585462595       -1.4110789373710677       -1.2515955358564308     
   2.7604276252574533       -1.4390653281254717       0.57561633324454520     
   4.9794130988450229      -0.97334875413997934      -0.95569542187873957     
   2.2686572117129713       -4.0200597458263925      -0.36937676703067723     
First
                         Total        5.534739267E-01
Step size:       0.20
Step size in Bohr:       0.38
Learning Rate:       1.00
# Steps:         10
                         Error  1        5.507309325E-01
                         Error  2        5.481170180E-01
                         Error  3        5.456250361E-01
                         Error  4        5.432482006E-01
                         Error  5        5.409800725E-01
                         Error  6        5.388145476E-01
                         Error  7        5.367458424E-01
                         Error  8        5.347684816E-01
                         Error  9        5.328772844E-01
                         Error 10        5.310673522E-01
                         Error        5.310673522E-01
