atom_charge_dict:  {8: [0], 3: [1, 3, 4], 9: [2], 2: [5, 6, 7, 8], 7: [9], 6: [10, 11, 12, 13], 1: [14, 15, 16, 17], 4: [18], 0: [19, 20, 21, 22], 5: [23, 24]}
4
4 [18] [-0.21083716  0.08944776 -0.0163905 ]
0
0 [19, 20, 21, 22] [ 0.42959892 -0.33215563  0.14071056]
0 [19, 20, 21, 22] [ 0.14274408 -0.33326983 -0.22592435]
0 [19, 20, 21, 22] [-0.13456364 -0.43031794 -0.09665854]
0 [19, 20, 21, 22] [-0.01886177 -0.32167558  0.08118189]
5
5 [23, 24] [ 0.14294682  0.17716937 -0.32595987]
5 [23, 24] [ 0.06135494  0.11563774 -0.17665991]
6
6 [10, 11, 12, 13] [-0.2063431  -0.19032501 -0.06980352]
6 [10, 11, 12, 13] [-0.01059998  0.06120398  0.07871592]
6 [10, 11, 12, 13] [0.20001958 0.4452919  0.08366405]
6 [10, 11, 12, 13] [-0.09304151 -0.03170745 -0.07592083]
1
1 [14, 15, 16, 17] [ 0.13407365  0.08083868 -0.08136984]
1 [14, 15, 16, 17] [-0.15737773 -0.2553187  -0.00120984]
1 [14, 15, 16, 17] [0.29733441 0.26414136 0.07302749]
1 [14, 15, 16, 17] [-0.05210378  0.26137824  0.25998016]
2
2 [5, 6, 7, 8] [ 0.55060499 -0.12921517  0.02398716]
2 [5, 6, 7, 8] [-0.20489526 -0.16274535  0.44068825]
2 [5, 6, 7, 8] [ 0.27612841 -0.11680103 -0.11954324]
2 [5, 6, 7, 8] [-0.27749128 -0.12107257 -0.05139507]
7
7 [9] [ 0.01866658 -0.26257587  0.28479102]
2
3
3 [1, 3, 4] [-0.19963933 -0.51621146 -0.05445709]
3 [1, 3, 4] [ 0.19643239 -0.34866255  0.34688433]
3 [1, 3, 4] [-0.04728452  0.01406729  0.51375715]
8
8 [0] [-0.08210549  0.15763013 -0.18043381]
3
9
9 [2] [ 0.39499926 -0.07498905  0.02490094]
RMSD using the Kabsch algorithm: 0.8117164585960998
1 [ 1.80284839  1.00019686 -1.25103138]
2 [ 1.77853436 -0.3938451  -0.31746494]
3 [ 3.37519976 -0.2731669   0.02600428]
4 [ 2.17460609 -0.22629619  0.08387648]
5 [1.93088918 0.13643365 0.2507493 ]
6 [ 1.4558993  -0.47513077  0.40814903]
7 [ 0.70039905 -0.50866095  0.82485011]
8 [ 1.18142272 -0.46271663  0.26461862]
9 [ 0.62780303 -0.46698816  0.3327668 ]
10 [ 1.02451564 -1.36864841  1.44011353]
11 [-1.49534471 -1.25649231 -0.27860248]
12 [-1.29960159 -1.00496332 -0.13008303]
13 [-1.08898204 -0.6208754  -0.1251349 ]
14 [-1.38204313 -1.09787475 -0.28471978]
15 [-0.3356519   0.1369071  -0.01900262]
16 [-0.62710328 -0.19925028  0.06115737]
17 [-0.17239114  0.32020978  0.1353947 ]
18 [-0.52182933  0.31744666  0.32234737]
19 [-2.2960496   1.47830772 -0.16776899]
20 [-0.60711438  0.92528799  0.22477562]
21 [-0.89396923  0.92417379 -0.14185929]
22 [-1.17127695  0.82712567 -0.01259348]
23 [-1.05557507  0.93576804  0.16524695]
24 [-0.30400984  2.30572141  0.01326216]
25 [-0.38560171  2.24418978  0.16256213]
