node26.cluster
-xyz
refined.xyz
-dens
../../cubes/6_SCAN_1_2_3_4_F/B.d.cube
-esp
../../cubes/6_SCAN_1_2_3_4_F/B.p.cube
-stepsize
0.2
-n_steps
500
-learning_rate
0.5
   3.3622332226123763        1.8052586406335298       -2.3525283487904667     
   3.2143599902758311      -0.84592903164369382      -0.69533851100049715     
   6.3826766077393922      -0.61059029049257596        4.4724654340013215E-002
   4.0210659214951576      -0.39566865942541873        7.1807077903646415E-003
   3.5943066941812911       0.15359097242301809       0.46394947636794154     
   2.4786590105332653       -1.0210333003775329       0.65538243465920887     
   1.3116125103928002       -1.1047927572421963        1.2058416327136428     
   2.0513783201276259      -0.80529971284301860       0.26172914423803811     
   1.1084207130853920      -0.79613154817923426       0.36025141239466957     
   1.8721414881603300       -2.5175499666836023        2.9037863594429503     
  -2.1970776287235898       -2.0918427549400960      -0.41981658037481506     
  -1.9874326280347678       -1.8021347045780682      -0.29971748853110375     
  -1.5960380915954528       -1.1461821219120789      -0.20466952960604276     
  -2.1165029974627405       -1.8929120426043393      -0.42974239827395055     
 -0.59089778579543606        8.7380293201069076E-002  -3.6892392019180105E-002
 -0.98566376616274820      -0.43152759286673514       -5.8960025948308660E-002
 -0.33936099054934910       0.35203609362777943       0.20296802254950988     
 -0.89248168658764715       0.39750483102802719       0.36151519186985870     
  -4.3829367824901810        2.7265494291539354      -0.33011950199666829     
  -1.0864969319879130        1.5620873065262824       0.40521897626736925     
  -1.5910383457866411        1.5716124238878970       -9.2852321327600518E-002
  -2.0093615137459153        1.3328087504480772        2.7618631443055944E-002
  -1.7666926983716222        1.5789685597191676       0.29007912290528437     
 -0.85206257765750426        4.0748328271036618       0.29681881095050350     
 -0.80577035935674401        4.1328577025368949       0.45819839643491367     
First
                         Total        5.514802294E-01
Step size:       0.20
Step size in Bohr:       0.38
Learning Rate:       1.00
# Steps:        500
                         Error  1        5.462474325E-01
                         Error  2        5.414100098E-01
                         Error  3        5.369396724E-01
                         Error  4        5.328097443E-01
                         Error  5        5.289951297E-01
                         Error  6        5.254722726E-01
                         Error  7        5.222191090E-01
                         Error  8        5.192150138E-01
                         Error  9        5.164407428E-01
                         Error 10        5.138783720E-01
                         Error 11        5.115112340E-01
                         Error 12        5.093238536E-01
                         Error 13        5.073018833E-01
                         Error 14        5.054320381E-01
                         Error 15        5.037020320E-01
                         Error 16        5.021005158E-01
                         Error 17        5.006170165E-01
                         Error 18        4.992418789E-01
                         Error 19        4.979662094E-01
                         Error 20        4.967818230E-01
                         Error 21        4.956811921E-01
                         Error 22        4.946573983E-01
                         Error 23        4.937040874E-01
                         Error 24        4.928154263E-01
                         Error 25        4.919860633E-01
                         Error 26        4.912110904E-01
                         Error 27        4.904860087E-01
                         Error 28        4.898066955E-01
                         Error 29        4.891693744E-01
                         Error 30        4.885705872E-01
                         Error 31        4.880071678E-01
                         Error 32        4.874762183E-01
                         Error 33        4.869750870E-01
                         Error 34        4.865013476E-01
                         Error 35        4.860527806E-01
                         Error 36        4.856273558E-01
                         Error 37        4.852232166E-01
                         Error 38        4.848386650E-01
                         Error 39        4.844721481E-01
                         Error 40        4.841222461E-01
                         Error 41        4.837876607E-01
                         Error 42        4.834672046E-01
                         Error 43        4.831597922E-01
                         Error 44        4.828644308E-01
                         Error 45        4.825802125E-01
                         Error 46        4.823063068E-01
                         Error 47        4.820419543E-01
                         Error 48        4.817864601E-01
                         Error 49        4.815391886E-01
                         Error 50        4.812995580E-01
                         Error 51        4.810670360E-01
                         Error 52        4.808411352E-01
                         Error 53        4.806214094E-01
                         Error 54        4.804074498E-01
                         Error 55        4.801988822E-01
                         Error 56        4.799953634E-01
                         Error 57        4.797965790E-01
                         Error 58        4.796022406E-01
                         Error 59        4.794120837E-01
                         Error 60        4.792258655E-01
                         Error 61        4.790433632E-01
                         Error 62        4.788643721E-01
                         Error 63        4.786887040E-01
                         Error 64        4.785161860E-01
                         Error 65        4.783466588E-01
                         Error 66        4.781799761E-01
                         Error 67        4.780160028E-01
                         Error 68        4.778546144E-01
                         Error 69        4.776956963E-01
                         Error 70        4.775391425E-01
                         Error 71        4.773848549E-01
                         Error 72        4.772327431E-01
                         Error 73        4.770827231E-01
                         Error 74        4.769347173E-01
                         Error 75        4.767886537E-01
                         Error 76        4.766444652E-01
                         Error 77        4.765020897E-01
                         Error 78        4.763614692E-01
                         Error 79        4.762225498E-01
                         Error 80        4.760852811E-01
                         Error 81        4.759496160E-01
                         Error 82        4.758155105E-01
                         Error 83        4.756829233E-01
                         Error 84        4.755518158E-01
                         Error 85        4.754221515E-01
                         Error 86        4.752938962E-01
                         Error 87        4.751670177E-01
                         Error 88        4.750414854E-01
                         Error 89        4.749172705E-01
                         Error 90        4.747943458E-01
                         Error 91        4.746726853E-01
                         Error 92        4.745522646E-01
                         Error 93        4.744330600E-01
                         Error 94        4.743150494E-01
                         Error 95        4.741982114E-01
                         Error 96        4.740825256E-01
                         Error 97        4.739679726E-01
                         Error 98        4.738545335E-01
                         Error 99        4.737421905E-01
                         Error100        4.736309262E-01
                         Error101        4.735207239E-01
                         Error102        4.734115676E-01
                         Error103        4.733034417E-01
                         Error104        4.731963312E-01
                         Error105        4.730902216E-01
                         Error106        4.729850987E-01
                         Error107        4.728809487E-01
                         Error108        4.727777585E-01
                         Error109        4.726755150E-01
                         Error110        4.725742056E-01
                         Error111        4.724738180E-01
                         Error112        4.723743402E-01
                         Error113        4.722757605E-01
                         Error114        4.721780674E-01
                         Error115        4.720812498E-01
                         Error116        4.719852966E-01
                         Error117        4.718901971E-01
                         Error118        4.717959407E-01
                         Error119        4.717025172E-01
                         Error120        4.716099165E-01
                         Error121        4.715181285E-01
                         Error122        4.714271435E-01
                         Error123        4.713369520E-01
                         Error124        4.712475444E-01
                         Error125        4.711589115E-01
                         Error126        4.710710441E-01
                         Error127        4.709839334E-01
                         Error128        4.708975704E-01
                         Error129        4.708119464E-01
                         Error130        4.707270529E-01
                         Error131        4.706428813E-01
                         Error132        4.705594234E-01
                         Error133        4.704766710E-01
                         Error134        4.703946160E-01
                         Error135        4.703132503E-01
                         Error136        4.702325661E-01
                         Error137        4.701525557E-01
                         Error138        4.700732113E-01
                         Error139        4.699945255E-01
                         Error140        4.699164907E-01
                         Error141        4.698390996E-01
                         Error142        4.697623450E-01
                         Error143        4.696862196E-01
                         Error144        4.696107164E-01
                         Error145        4.695358284E-01
                         Error146        4.694615486E-01
                         Error147        4.693878703E-01
                         Error148        4.693147868E-01
                         Error149        4.692422913E-01
                         Error150        4.691703774E-01
                         Error151        4.690990384E-01
                         Error152        4.690282681E-01
                         Error153        4.689580601E-01
                         Error154        4.688884082E-01
                         Error155        4.688193061E-01
                         Error156        4.687507478E-01
                         Error157        4.686827273E-01
                         Error158        4.686152386E-01
                         Error159        4.685482757E-01
                         Error160        4.684818330E-01
                         Error161        4.684159047E-01
                         Error162        4.683504850E-01
                         Error163        4.682855685E-01
                         Error164        4.682211495E-01
                         Error165        4.681572226E-01
                         Error166        4.680937824E-01
                         Error167        4.680308235E-01
                         Error168        4.679683407E-01
                         Error169        4.679063287E-01
                         Error170        4.678447825E-01
                         Error171        4.677836969E-01
                         Error172        4.677230668E-01
                         Error173        4.676628874E-01
                         Error174        4.676031536E-01
                         Error175        4.675438607E-01
                         Error176        4.674850039E-01
                         Error177        4.674265783E-01
                         Error178        4.673685794E-01
                         Error179        4.673110025E-01
                         Error180        4.672538430E-01
                         Error181        4.671970965E-01
                         Error182        4.671407584E-01
                         Error183        4.670848243E-01
                         Error184        4.670292899E-01
                         Error185        4.669741509E-01
                         Error186        4.669194030E-01
                         Error187        4.668650419E-01
                         Error188        4.668110637E-01
                         Error189        4.667574641E-01
                         Error190        4.667042390E-01
                         Error191        4.666513845E-01
                         Error192        4.665988967E-01
                         Error193        4.665467715E-01
                         Error194        4.664950052E-01
                         Error195        4.664435938E-01
                         Error196        4.663925337E-01
                         Error197        4.663418210E-01
                         Error198        4.662914522E-01
                         Error199        4.662414234E-01
                         Error200        4.661917313E-01
                         Error201        4.661423721E-01
                         Error202        4.660933423E-01
                         Error203        4.660446386E-01
                         Error204        4.659962573E-01
                         Error205        4.659481953E-01
                         Error206        4.659004490E-01
                         Error207        4.658530152E-01
                         Error208        4.658058906E-01
                         Error209        4.657590719E-01
                         Error210        4.657125561E-01
                         Error211        4.656663398E-01
                         Error212        4.656204200E-01
                         Error213        4.655747935E-01
                         Error214        4.655294574E-01
                         Error215        4.654844086E-01
                         Error216        4.654396442E-01
                         Error217        4.653951611E-01
                         Error218        4.653509565E-01
                         Error219        4.653070276E-01
                         Error220        4.652633713E-01
                         Error221        4.652199851E-01
                         Error222        4.651768660E-01
                         Error223        4.651340113E-01
                         Error224        4.650914183E-01
                         Error225        4.650490844E-01
                         Error226        4.650070069E-01
                         Error227        4.649651832E-01
                         Error228        4.649236106E-01
                         Error229        4.648822867E-01
                         Error230        4.648412089E-01
                         Error231        4.648003747E-01
                         Error232        4.647597817E-01
                         Error233        4.647194273E-01
                         Error234        4.646793093E-01
                         Error235        4.646394252E-01
                         Error236        4.645997726E-01
                         Error237        4.645603493E-01
                         Error238        4.645211530E-01
                         Error239        4.644821813E-01
                         Error240        4.644434321E-01
                         Error241        4.644049030E-01
                         Error242        4.643665920E-01
                         Error243        4.643284968E-01
                         Error244        4.642906154E-01
                         Error245        4.642529455E-01
                         Error246        4.642154851E-01
                         Error247        4.641782322E-01
                         Error248        4.641411847E-01
                         Error249        4.641043405E-01
                         Error250        4.640676978E-01
                         Error251        4.640312544E-01
                         Error252        4.639950085E-01
                         Error253        4.639589581E-01
                         Error254        4.639231014E-01
                         Error255        4.638874364E-01
                         Error256        4.638519612E-01
                         Error257        4.638166742E-01
                         Error258        4.637815733E-01
                         Error259        4.637466569E-01
                         Error260        4.637119232E-01
                         Error261        4.636773703E-01
                         Error262        4.636429966E-01
                         Error263        4.636088004E-01
                         Error264        4.635747800E-01
                         Error265        4.635409336E-01
                         Error266        4.635072596E-01
                         Error267        4.634737565E-01
                         Error268        4.634404225E-01
                         Error269        4.634072561E-01
                         Error270        4.633742558E-01
                         Error271        4.633414198E-01
                         Error272        4.633087467E-01
                         Error273        4.632762350E-01
                         Error274        4.632438832E-01
                         Error275        4.632116898E-01
                         Error276        4.631796532E-01
                         Error277        4.631477720E-01
                         Error278        4.631160449E-01
                         Error279        4.630844703E-01
                         Error280        4.630530470E-01
                         Error281        4.630217733E-01
                         Error282        4.629906481E-01
                         Error283        4.629596699E-01
                         Error284        4.629288374E-01
                         Error285        4.628981493E-01
                         Error286        4.628676042E-01
                         Error287        4.628372009E-01
                         Error288        4.628069381E-01
                         Error289        4.627768144E-01
                         Error290        4.627468287E-01
                         Error291        4.627169797E-01
                         Error292        4.626872662E-01
                         Error293        4.626576870E-01
                         Error294        4.626282408E-01
                         Error295        4.625989265E-01
                         Error296        4.625697430E-01
                         Error297        4.625406890E-01
                         Error298        4.625117634E-01
                         Error299        4.624829650E-01
                         Error300        4.624542929E-01
                         Error301        4.624257458E-01
                         Error302        4.623973226E-01
                         Error303        4.623690223E-01
                         Error304        4.623408439E-01
                         Error305        4.623127862E-01
                         Error306        4.622848481E-01
                         Error307        4.622570288E-01
                         Error308        4.622293271E-01
                         Error309        4.622017420E-01
                         Error310        4.621742726E-01
                         Error311        4.621469179E-01
                         Error312        4.621196768E-01
                         Error313        4.620925484E-01
                         Error314        4.620655317E-01
                         Error315        4.620386259E-01
                         Error316        4.620118299E-01
                         Error317        4.619851429E-01
                         Error318        4.619585639E-01
                         Error319        4.619320921E-01
                         Error320        4.619057264E-01
                         Error321        4.618794662E-01
                         Error322        4.618533104E-01
                         Error323        4.618272582E-01
                         Error324        4.618013088E-01
                         Error325        4.617754613E-01
                         Error326        4.617497149E-01
                         Error327        4.617240688E-01
                         Error328        4.616985220E-01
                         Error329        4.616730739E-01
                         Error330        4.616477237E-01
                         Error331        4.616224705E-01
                         Error332        4.615973135E-01
                         Error333        4.615722520E-01
                         Error334        4.615472852E-01
                         Error335        4.615224124E-01
                         Error336        4.614976328E-01
                         Error337        4.614729457E-01
                         Error338        4.614483503E-01
                         Error339        4.614238460E-01
                         Error340        4.613994319E-01
                         Error341        4.613751074E-01
                         Error342        4.613508718E-01
                         Error343        4.613267244E-01
                         Error344        4.613026646E-01
                         Error345        4.612786915E-01
                         Error346        4.612548046E-01
                         Error347        4.612310033E-01
                         Error348        4.612072867E-01
                         Error349        4.611836544E-01
                         Error350        4.611601056E-01
                         Error351        4.611366397E-01
                         Error352        4.611132561E-01
                         Error353        4.610899542E-01
                         Error354        4.610667333E-01
                         Error355        4.610435928E-01
                         Error356        4.610205322E-01
                         Error357        4.609975508E-01
                         Error358        4.609746481E-01
                         Error359        4.609518235E-01
                         Error360        4.609290763E-01
                         Error361        4.609064061E-01
                         Error362        4.608838122E-01
                         Error363        4.608612941E-01
                         Error364        4.608388513E-01
                         Error365        4.608164831E-01
                         Error366        4.607941891E-01
                         Error367        4.607719687E-01
                         Error368        4.607498214E-01
                         Error369        4.607277467E-01
                         Error370        4.607057440E-01
                         Error371        4.606838129E-01
                         Error372        4.606619527E-01
                         Error373        4.606401631E-01
                         Error374        4.606184435E-01
                         Error375        4.605967935E-01
                         Error376        4.605752124E-01
                         Error377        4.605537000E-01
                         Error378        4.605322556E-01
                         Error379        4.605108788E-01
                         Error380        4.604895692E-01
                         Error381        4.604683262E-01
                         Error382        4.604471495E-01
                         Error383        4.604260385E-01
                         Error384        4.604049928E-01
                         Error385        4.603840120E-01
                         Error386        4.603630957E-01
                         Error387        4.603422433E-01
                         Error388        4.603214545E-01
                         Error389        4.603007289E-01
                         Error390        4.602800660E-01
                         Error391        4.602594653E-01
                         Error392        4.602389266E-01
                         Error393        4.602184493E-01
                         Error394        4.601980331E-01
                         Error395        4.601776776E-01
                         Error396        4.601573823E-01
                         Error397        4.601371470E-01
                         Error398        4.601169711E-01
                         Error399        4.600968543E-01
                         Error400        4.600767963E-01
                         Error401        4.600567966E-01
                         Error402        4.600368548E-01
                         Error403        4.600169707E-01
                         Error404        4.599971438E-01
                         Error405        4.599773738E-01
                         Error406        4.599576603E-01
                         Error407        4.599380030E-01
                         Error408        4.599184014E-01
                         Error409        4.598988554E-01
                         Error410        4.598793644E-01
                         Error411        4.598599282E-01
                         Error412        4.598405464E-01
                         Error413        4.598212187E-01
                         Error414        4.598019448E-01
                         Error415        4.597827243E-01
                         Error416        4.597635570E-01
                         Error417        4.597444424E-01
                         Error418        4.597253803E-01
                         Error419        4.597063703E-01
                         Error420        4.596874122E-01
                         Error421        4.596685056E-01
                         Error422        4.596496502E-01
                         Error423        4.596308457E-01
                         Error424        4.596120918E-01
                         Error425        4.595933883E-01
                         Error426        4.595747347E-01
                         Error427        4.595561309E-01
                         Error428        4.595375766E-01
                         Error429        4.595190713E-01
                         Error430        4.595006150E-01
                         Error431        4.594822072E-01
                         Error432        4.594638477E-01
                         Error433        4.594455363E-01
                         Error434        4.594272725E-01
                         Error435        4.594090563E-01
                         Error436        4.593908873E-01
                         Error437        4.593727652E-01
                         Error438        4.593546898E-01
                         Error439        4.593366608E-01
                         Error440        4.593186780E-01
                         Error441        4.593007410E-01
                         Error442        4.592828497E-01
                         Error443        4.592650038E-01
                         Error444        4.592472031E-01
                         Error445        4.592294472E-01
                         Error446        4.592117360E-01
                         Error447        4.591940692E-01
                         Error448        4.591764465E-01
                         Error449        4.591588678E-01
                         Error450        4.591413328E-01
                         Error451        4.591238412E-01
                         Error452        4.591063928E-01
                         Error453        4.590889875E-01
                         Error454        4.590716249E-01
                         Error455        4.590543048E-01
                         Error456        4.590370270E-01
                         Error457        4.590197914E-01
                         Error458        4.590025976E-01
                         Error459        4.589854454E-01
                         Error460        4.589683347E-01
                         Error461        4.589512652E-01
                         Error462        4.589342367E-01
                         Error463        4.589172490E-01
                         Error464        4.589003019E-01
                         Error465        4.588833952E-01
                         Error466        4.588665286E-01
                         Error467        4.588497021E-01
                         Error468        4.588329153E-01
                         Error469        4.588161680E-01
                         Error470        4.587994601E-01
                         Error471        4.587827914E-01
                         Error472        4.587661617E-01
                         Error473        4.587495708E-01
                         Error474        4.587330184E-01
                         Error475        4.587165045E-01
                         Error476        4.587000288E-01
                         Error477        4.586835911E-01
                         Error478        4.586671912E-01
                         Error479        4.586508290E-01
                         Error480        4.586345043E-01
                         Error481        4.586182169E-01
                         Error482        4.586019665E-01
                         Error483        4.585857532E-01
                         Error484        4.585695766E-01
                         Error485        4.585534365E-01
                         Error486        4.585373329E-01
                         Error487        4.585212656E-01
                         Error488        4.585052343E-01
                         Error489        4.584892389E-01
                         Error490        4.584732792E-01
                         Error491        4.584573551E-01
                         Error492        4.584414664E-01
                         Error493        4.584256130E-01
                         Error494        4.584097946E-01
                         Error495        4.583940111E-01
                         Error496        4.583782624E-01
                         Error497        4.583625483E-01
                         Error498        4.583468686E-01
                         Error499        4.583312232E-01
                         Error500        4.583156120E-01
                         Error        4.583156120E-01

real	68m37.926s
user	68m37.223s
sys	0m0.032s
