-xyz
global_fitted_global.xyz
-dens
/home/unibas/boittier/RDKit_G2/B.pdb/SCAN_1_2_3_4_S_36_10.0/10_SCAN/B.d.cube
-esp
/home/unibas/boittier/RDKit_G2/B.pdb/SCAN_1_2_3_4_S_36_10.0/10_SCAN/B.p.cube
-stepsize
0.2
-n_steps
0
-learning_rate
0.5
   3.3040554425033872        1.2633454945447460       -3.1379381998379374     
   3.0631477314489222      -0.26825393024395489      -0.60547625985322950     
   2.8278800577839709       0.71317677621197417      -0.58204883241248440     
   5.9311447339215366      -0.17653501536098415       0.18937688222158564     
   2.9693669900959114       0.89725304352919610      -0.30236280841871671     
   1.2988816280197208        1.0115220470308994E-002  0.53305737259388752     
   2.0260369387913904       -1.3037445655391826        3.1613231411732969     
   2.7631629158543527      -0.20764556259361561        1.1323323220289869     
   2.1264649116055665      -0.18617241170939652       0.89371774698608619     
  -2.0269041426321612       -1.2772303436338901      -0.44168213215025293     
  -2.0678128780805003       -1.4443352683208281      -0.49977949247189352     
  -2.4812809336210209       -2.8726247272497973      -0.50229495945157221     
  -2.1684963075249892       -2.2168566347703216      -0.36554953312200161     
 -0.58528802295195881       0.66569341013389227        9.4581088965495067E-002
 -0.84090209709322927       0.51810714446373496      -0.31892063506585738     
  -1.4011588925976153       0.61909882920378667       0.82255602882077794     
  -1.3926266330658865      -0.49774398035656153       -7.4102901722630413E-002
  -1.8589034903191040        1.9153889989792694      -0.89175921936785763     
  -2.3635854587610230        1.6564349592661607       0.92072591937755388     
  -4.6046250300171243        2.0806496212000809      -0.56741742956149532     
  -1.2376494464691754        4.1904671407132152       0.53483994272561386     
First
                         Total        9.251743261E-01
Step size:       0.20
Step size in Bohr:       0.38
Learning Rate:       1.00
# Steps:          0
                         Error        9.251743261E-01
