Running in analysis mode

Reading "/home/unibas/boittier/RDKit_G2/B.pdb/SCAN_1_2_3_4_S_36_10.0/7_SCAN/B.p.cube"...

  B.pdb Potential
  Electrostatic potential from Total SCF Density
   10  -10.148005   -8.271191   -7.156000
  118    0.166667    0.000000    0.000000
   93    0.000000    0.166667    0.000000
   88    0.000000    0.000000    0.166667
    6    6.000000    2.761993   -1.758439   -0.400442
    6    6.000000    0.967572   -0.115927    0.190944
    6    6.000000   -1.699512   -0.648031    0.854013
    6    6.000000   -3.635253   -0.066755   -0.643248
    1    1.000000    4.648483   -1.135117   -0.884819
    1    1.000000    2.353225   -3.760338   -0.391283
    9    9.000000    1.509120    2.409063    0.131423
    1    1.000000   -2.027531   -1.621113    2.632245
    1    1.000000   -3.363074    0.875748   -2.443085
    1    1.000000   -5.561976   -0.505851   -0.103451
  1.88643E-03  1.91762E-03  1.94921E-03  1.98120E-03  2.01359E-03  2.04638E-03
       .            .            .            .            .            .
       .            .            .            .            .            .
       .            .            .            .            .            .
 -3.76237E-03 -3.69704E-03 -3.63187E-03 -3.56694E-03 -3.50232E-03 -3.43808E-03

811054 out of 965712 gridpoints are considered (84.0%).

...done!

Reading "21charges.cube"...

  Fitted ESP
  Electrostatic potential fitted from 21 point charges.
   10  -10.148005   -8.271191   -7.156000
  118    0.166667    0.000000    0.000000
   93    0.000000    0.166667    0.000000
   88    0.000000    0.000000    0.166667
    6    6.000000    2.761993   -1.758439   -0.400442
    6    6.000000    0.967572   -0.115927    0.190944
    6    6.000000   -1.699512   -0.648031    0.854013
    6    6.000000   -3.635253   -0.066755   -0.643248
    1    1.000000    4.648483   -1.135117   -0.884819
    1    1.000000    2.353225   -3.760338   -0.391283
    9    9.000000    1.509120    2.409063    0.131423
    1    1.000000   -2.027531   -1.621113    2.632245
    1    1.000000   -3.363074    0.875748   -2.443085
    1    1.000000   -5.561976   -0.505851   -0.103451
  2.00903E-03  2.03998E-03  2.07129E-03  2.10297E-03  2.13500E-03  2.16739E-03
       .            .            .            .            .            .
       .            .            .            .            .            .
       .            .            .            .            .            .
 -3.75554E-03 -3.69311E-03 -3.63077E-03 -3.56859E-03 -3.50666E-03 -3.44504E-03

811054 out of 965712 gridpoints are considered (84.0%).

...done!

                       Measure       RMSE[kcal/mol/e]   MaxError[kcal/mol/e]   NPoints
                         Total        7.918719938E-01        7.049504126E+00    811054
Close (  1.20 < r <   1.66 )          1.395864276E+00        7.049504126E+00    156269
Mid-range ( 1.66 < r <  2.20)         7.138463772E-01        2.074401977E+00    278089
Far-range (  2.20         < r)        4.069779807E-01        1.105139243E+00    376696
Did analysis and wrote slice data
