-xyz
refined.xyz
-dens
/home/unibas/boittier/RDKit_G2/B.pdb/SCAN_1_2_3_4_S_36_10.0/18_SCAN/B.d.cube
-esp
/home/unibas/boittier/RDKit_G2/B.pdb/SCAN_1_2_3_4_S_36_10.0/18_SCAN/B.p.cube
-stepsize
0.2
-n_steps
0
-learning_rate
0.5
  -4.2071867327671306        3.2396228224396357        4.7124094403915946E-003
  -3.6390298420447791      -0.30319348952515335       0.67383604663617325     
  -3.8659068721183036      -0.46474001982940077        6.4947944527539037E-003
  -6.3820777039943382      -0.89670568179754462       -2.9113868857876566E-002
  -3.6082573300411420      -0.33580374582452877      -0.59625780465902778     
  -1.0382046397068458       -1.8645408228636247      -0.13808019105799410     
 -0.61984565408717784       -1.8294278691518076      -0.13149710523953070     
  -2.0191883872526741       -2.3687581903552797       -1.0158583230356517E-002
  -2.0238081082773229       -2.3793634024638384      -0.54048818658402897     
  -2.1061744771026119       -2.4063431369349324       0.49917022187564603     
  0.99888871793640011        3.3892069545358519       0.18809759854104507     
  0.98533993777624707        2.5410267821391983       0.10369572574049203     
   1.3605823309644174      -0.71801354635054160       0.64772736373873907     
   1.2699784537458143       -1.0429361908036574       0.41661583975072281     
   1.7050311743013205      -0.55990348314836369      -0.62158957579096630     
   1.1829496664031725       0.51497955761141223       0.14766504296705771     
   5.6081954157497176       0.17543815123973996       -2.5366147022675412E-002
   3.2188588837230054      -0.67676762660602796       -3.8612294725378783E-002
   3.0174424775107442      -0.82606505661216045       0.62809808852842031     
   3.1616261277493924      -0.80434660633194899      -0.72856415887865567     
   3.1614654175852035       -3.8895909616392195        2.0164625383720134E-002
First
                         Total        7.939371485E+00
Step size:       0.20
Step size in Bohr:       0.38
Learning Rate:       1.00
# Steps:          0
                         Error        7.939371485E+00
