-xyz
refined.xyz
-dens
/home/unibas/boittier/RDKit_G2/B.pdb/SCAN_1_2_3_4_S_36_-10.0/13_SCAN_1_2_3_4_F/B.d.cube
-esp
/home/unibas/boittier/RDKit_G2/B.pdb/SCAN_1_2_3_4_S_36_-10.0/13_SCAN_1_2_3_4_F/B.p.cube
-stepsize
0.2
-n_steps
500
-learning_rate
0.5
  -3.4625691956918709        2.1160107042711154       -2.0058029860364615     
  -3.5321722824456319       0.24010220880060201       0.68774902959432727     
  -6.3825084430074952      -0.64108920774160461        5.0989565761472212E-002
  -4.0671062581605071      -0.58452511532435059        7.5441587802515409E-003
  -3.4770137568329362      -0.65771685438567218      -0.50779917518031870     
  -2.5335576073749038       -1.1648439853121253        1.0622722244391376     
  -1.7421613125353848      -0.98173251993075605      -0.30906686391601140     
  -1.9945954038804006       -1.0440331063254820       0.83878797343698785     
  -1.1199416563039812      -0.96301660557183688       0.46229343506711162     
  -1.8021323379483225       -3.1527348544719129        2.2645613720526656     
   2.7997310585119206       -2.1590605934502349      -0.43709414102642952     
   2.3723849505255443       -1.7537580718401733      -0.44274031995951862     
   1.9742365791552150       -1.0666006590913639      -0.22527191350365544     
   2.5965164908442055       -1.9099748349117376      -0.32019557372675495     
  0.69160615489245425       0.16917345509933313       0.32835309447638178     
   1.0970473996197063      -0.35271134659893855       -7.3965139431827684E-002
  0.30779769176860305       0.50243630524702754       0.27472618261747411     
  0.72548665365862464       0.60651061393059158      -0.24365927889840866     
   4.1669385341001792        2.9821017694568130      -0.29059493367766842     
  0.96963216879498260        1.7464066077967768       0.13731856149624935     
   1.7239554587720767        1.6572504813466025       0.45969829189457467     
   2.0408993018978583        1.5695649261296338        3.6332736402468591E-002
   1.7302899373490317        1.8115094916958732       -8.4360888825099262E-002
  0.67124703565785460        4.0853033895600630        1.3240711752989558     
  0.66017170697165117        4.0967656969318291        1.0067387628901929     
First
                         Total        4.267544210E-01
Step size:       0.20
Step size in Bohr:       0.38
Learning Rate:       1.00
# Steps:        500
                         Error  1        4.253765700E-01
                         Error  2        4.241007643E-01
                         Error  3        4.229190323E-01
                         Error  4        4.218239922E-01
                         Error  5        4.208088142E-01
                         Error  6        4.198671845E-01
                         Error  7        4.189932702E-01
                         Error  8        4.181816865E-01
                         Error  9        4.174274652E-01
                         Error 10        4.167260250E-01
                         Error 11        4.160731438E-01
                         Error 12        4.154649325E-01
                         Error 13        4.148978098E-01
                         Error 14        4.143684797E-01
                         Error 15        4.138739096E-01
                         Error 16        4.134113103E-01
                         Error 17        4.129781172E-01
                         Error 18        4.125719731E-01
                         Error 19        4.121907114E-01
                         Error 20        4.118323418E-01
                         Error 21        4.114950360E-01
                         Error 22        4.111771147E-01
                         Error 23        4.108770362E-01
                         Error 24        4.105933846E-01
                         Error 25        4.103248605E-01
                         Error 26        4.100702708E-01
                         Error 27        4.098285208E-01
                         Error 28        4.095986054E-01
                         Error 29        4.093796026E-01
                         Error 30        4.091706662E-01
                         Error 31        4.089710196E-01
                         Error 32        4.087799503E-01
                         Error 33        4.085968045E-01
                         Error 34        4.084209823E-01
                         Error 35        4.082519331E-01
                         Error 36        4.080891516E-01
                         Error 37        4.079321744E-01
                         Error 38        4.077805759E-01
                         Error 39        4.076339656E-01
                         Error 40        4.074919851E-01
                         Error 41        4.073543053E-01
                         Error 42        4.072206241E-01
                         Error 43        4.070906641E-01
                         Error 44        4.069641705E-01
                         Error 45        4.068409095E-01
                         Error 46        4.067206660E-01
                         Error 47        4.066032425E-01
                         Error 48        4.064884576E-01
                         Error 49        4.063761444E-01
                         Error 50        4.062661494E-01
                         Error 51        4.061583316E-01
                         Error 52        4.060525611E-01
                         Error 53        4.059487185E-01
                         Error 54        4.058466938E-01
                         Error 55        4.057463856E-01
                         Error 56        4.056477007E-01
                         Error 57        4.055505529E-01
                         Error 58        4.054548631E-01
                         Error 59        4.053605579E-01
                         Error 60        4.052675698E-01
                         Error 61        4.051758365E-01
                         Error 62        4.050853001E-01
                         Error 63        4.049959074E-01
                         Error 64        4.049076091E-01
                         Error 65        4.048203594E-01
                         Error 66        4.047341159E-01
                         Error 67        4.046488393E-01
                         Error 68        4.045644933E-01
                         Error 69        4.044810439E-01
                         Error 70        4.043984595E-01
                         Error 71        4.043167109E-01
                         Error 72        4.042357707E-01
                         Error 73        4.041556135E-01
                         Error 74        4.040762154E-01
                         Error 75        4.039975541E-01
                         Error 76        4.039196088E-01
                         Error 77        4.038423601E-01
                         Error 78        4.037657895E-01
                         Error 79        4.036898799E-01
                         Error 80        4.036146151E-01
                         Error 81        4.035399798E-01
                         Error 82        4.034659596E-01
                         Error 83        4.033925410E-01
                         Error 84        4.033197110E-01
                         Error 85        4.032474575E-01
                         Error 86        4.031757689E-01
                         Error 87        4.031046343E-01
                         Error 88        4.030340431E-01
                         Error 89        4.029639854E-01
                         Error 90        4.028944518E-01
                         Error 91        4.028254330E-01
                         Error 92        4.027569205E-01
                         Error 93        4.026889059E-01
                         Error 94        4.026213811E-01
                         Error 95        4.025543385E-01
                         Error 96        4.024877706E-01
                         Error 97        4.024216704E-01
                         Error 98        4.023560310E-01
                         Error 99        4.022908456E-01
                         Error100        4.022261079E-01
                         Error101        4.021618117E-01
                         Error102        4.020979508E-01
                         Error103        4.020345194E-01
                         Error104        4.019715119E-01
                         Error105        4.019089227E-01
                         Error106        4.018467463E-01
                         Error107        4.017849776E-01
                         Error108        4.017236114E-01
                         Error109        4.016626427E-01
                         Error110        4.016020666E-01
                         Error111        4.015418783E-01
                         Error112        4.014820733E-01
                         Error113        4.014226468E-01
                         Error114        4.013635945E-01
                         Error115        4.013049119E-01
                         Error116        4.012465948E-01
                         Error117        4.011886389E-01
                         Error118        4.011310400E-01
                         Error119        4.010737942E-01
                         Error120        4.010168975E-01
                         Error121        4.009603458E-01
                         Error122        4.009041354E-01
                         Error123        4.008482624E-01
                         Error124        4.007927232E-01
                         Error125        4.007375140E-01
                         Error126        4.006826313E-01
                         Error127        4.006280714E-01
                         Error128        4.005738309E-01
                         Error129        4.005199064E-01
                         Error130        4.004662943E-01
                         Error131        4.004129915E-01
                         Error132        4.003599946E-01
                         Error133        4.003073002E-01
                         Error134        4.002549053E-01
                         Error135        4.002028067E-01
                         Error136        4.001510012E-01
                         Error137        4.000994857E-01
                         Error138        4.000482573E-01
                         Error139        3.999973129E-01
                         Error140        3.999466496E-01
                         Error141        3.998962644E-01
                         Error142        3.998461545E-01
                         Error143        3.997963171E-01
                         Error144        3.997467494E-01
                         Error145        3.996974485E-01
                         Error146        3.996484117E-01
                         Error147        3.995996365E-01
                         Error148        3.995511200E-01
                         Error149        3.995028597E-01
                         Error150        3.994548530E-01
                         Error151        3.994070974E-01
                         Error152        3.993595902E-01
                         Error153        3.993123291E-01
                         Error154        3.992653114E-01
                         Error155        3.992185349E-01
                         Error156        3.991719971E-01
                         Error157        3.991256957E-01
                         Error158        3.990796282E-01
                         Error159        3.990337924E-01
                         Error160        3.989881860E-01
                         Error161        3.989428067E-01
                         Error162        3.988976523E-01
                         Error163        3.988527207E-01
                         Error164        3.988080096E-01
                         Error165        3.987635168E-01
                         Error166        3.987192403E-01
                         Error167        3.986751780E-01
                         Error168        3.986313278E-01
                         Error169        3.985876876E-01
                         Error170        3.985442555E-01
                         Error171        3.985010294E-01
                         Error172        3.984580074E-01
                         Error173        3.984151874E-01
                         Error174        3.983725677E-01
                         Error175        3.983301463E-01
                         Error176        3.982879213E-01
                         Error177        3.982458908E-01
                         Error178        3.982040531E-01
                         Error179        3.981624063E-01
                         Error180        3.981209486E-01
                         Error181        3.980796783E-01
                         Error182        3.980385936E-01
                         Error183        3.979976928E-01
                         Error184        3.979569743E-01
                         Error185        3.979164362E-01
                         Error186        3.978760769E-01
                         Error187        3.978358949E-01
                         Error188        3.977958885E-01
                         Error189        3.977560560E-01
                         Error190        3.977163959E-01
                         Error191        3.976769066E-01
                         Error192        3.976375867E-01
                         Error193        3.975984344E-01
                         Error194        3.975594484E-01
                         Error195        3.975206272E-01
                         Error196        3.974819692E-01
                         Error197        3.974434731E-01
                         Error198        3.974051373E-01
                         Error199        3.973669605E-01
                         Error200        3.973289412E-01
                         Error201        3.972910780E-01
                         Error202        3.972533697E-01
                         Error203        3.972158148E-01
                         Error204        3.971784119E-01
                         Error205        3.971411598E-01
                         Error206        3.971040572E-01
                         Error207        3.970671027E-01
                         Error208        3.970302951E-01
                         Error209        3.969936331E-01
                         Error210        3.969571155E-01
                         Error211        3.969207410E-01
                         Error212        3.968845084E-01
                         Error213        3.968484165E-01
                         Error214        3.968124641E-01
                         Error215        3.967766500E-01
                         Error216        3.967409731E-01
                         Error217        3.967054322E-01
                         Error218        3.966700262E-01
                         Error219        3.966347539E-01
                         Error220        3.965996143E-01
                         Error221        3.965646062E-01
                         Error222        3.965297286E-01
                         Error223        3.964949803E-01
                         Error224        3.964603604E-01
                         Error225        3.964258677E-01
                         Error226        3.963915013E-01
                         Error227        3.963572601E-01
                         Error228        3.963231431E-01
                         Error229        3.962891493E-01
                         Error230        3.962552776E-01
                         Error231        3.962215272E-01
                         Error232        3.961878971E-01
                         Error233        3.961543863E-01
                         Error234        3.961209938E-01
                         Error235        3.960877187E-01
                         Error236        3.960545601E-01
                         Error237        3.960215171E-01
                         Error238        3.959885888E-01
                         Error239        3.959557742E-01
                         Error240        3.959230726E-01
                         Error241        3.958904829E-01
                         Error242        3.958580045E-01
                         Error243        3.958256363E-01
                         Error244        3.957933776E-01
                         Error245        3.957612275E-01
                         Error246        3.957291852E-01
                         Error247        3.956972499E-01
                         Error248        3.956654208E-01
                         Error249        3.956336970E-01
                         Error250        3.956020778E-01
                         Error251        3.955705625E-01
                         Error252        3.955391501E-01
                         Error253        3.955078401E-01
                         Error254        3.954766315E-01
                         Error255        3.954455237E-01
                         Error256        3.954145159E-01
                         Error257        3.953836074E-01
                         Error258        3.953527975E-01
                         Error259        3.953220854E-01
                         Error260        3.952914705E-01
                         Error261        3.952609520E-01
                         Error262        3.952305293E-01
                         Error263        3.952002016E-01
                         Error264        3.951699684E-01
                         Error265        3.951398288E-01
                         Error266        3.951097824E-01
                         Error267        3.950798283E-01
                         Error268        3.950499660E-01
                         Error269        3.950201948E-01
                         Error270        3.949905140E-01
                         Error271        3.949609232E-01
                         Error272        3.949314215E-01
                         Error273        3.949020085E-01
                         Error274        3.948726834E-01
                         Error275        3.948434458E-01
                         Error276        3.948142950E-01
                         Error277        3.947852304E-01
                         Error278        3.947562514E-01
                         Error279        3.947273575E-01
                         Error280        3.946985481E-01
                         Error281        3.946698226E-01
                         Error282        3.946411805E-01
                         Error283        3.946126212E-01
                         Error284        3.945841442E-01
                         Error285        3.945557489E-01
                         Error286        3.945274347E-01
                         Error287        3.944992013E-01
                         Error288        3.944710479E-01
                         Error289        3.944429742E-01
                         Error290        3.944149796E-01
                         Error291        3.943870636E-01
                         Error292        3.943592256E-01
                         Error293        3.943314653E-01
                         Error294        3.943037820E-01
                         Error295        3.942761754E-01
                         Error296        3.942486448E-01
                         Error297        3.942211900E-01
                         Error298        3.941938102E-01
                         Error299        3.941665052E-01
                         Error300        3.941392745E-01
                         Error301        3.941121175E-01
                         Error302        3.940850338E-01
                         Error303        3.940580230E-01
                         Error304        3.940310847E-01
                         Error305        3.940042183E-01
                         Error306        3.939774235E-01
                         Error307        3.939506998E-01
                         Error308        3.939240467E-01
                         Error309        3.938974640E-01
                         Error310        3.938709511E-01
                         Error311        3.938445076E-01
                         Error312        3.938181331E-01
                         Error313        3.937918273E-01
                         Error314        3.937655896E-01
                         Error315        3.937394198E-01
                         Error316        3.937133174E-01
                         Error317        3.936872820E-01
                         Error318        3.936613132E-01
                         Error319        3.936354106E-01
                         Error320        3.936095740E-01
                         Error321        3.935838028E-01
                         Error322        3.935580967E-01
                         Error323        3.935324554E-01
                         Error324        3.935068784E-01
                         Error325        3.934813655E-01
                         Error326        3.934559162E-01
                         Error327        3.934305303E-01
                         Error328        3.934052072E-01
                         Error329        3.933799468E-01
                         Error330        3.933547486E-01
                         Error331        3.933296123E-01
                         Error332        3.933045376E-01
                         Error333        3.932795242E-01
                         Error334        3.932545716E-01
                         Error335        3.932296796E-01
                         Error336        3.932048478E-01
                         Error337        3.931800760E-01
                         Error338        3.931553637E-01
                         Error339        3.931307108E-01
                         Error340        3.931061167E-01
                         Error341        3.930815814E-01
                         Error342        3.930571044E-01
                         Error343        3.930326854E-01
                         Error344        3.930083241E-01
                         Error345        3.929840203E-01
                         Error346        3.929597736E-01
                         Error347        3.929355837E-01
                         Error348        3.929114504E-01
                         Error349        3.928873733E-01
                         Error350        3.928633522E-01
                         Error351        3.928393868E-01
                         Error352        3.928154768E-01
                         Error353        3.927916218E-01
                         Error354        3.927678218E-01
                         Error355        3.927440762E-01
                         Error356        3.927203850E-01
                         Error357        3.926967478E-01
                         Error358        3.926731643E-01
                         Error359        3.926496343E-01
                         Error360        3.926261575E-01
                         Error361        3.926027337E-01
                         Error362        3.925793626E-01
                         Error363        3.925560440E-01
                         Error364        3.925327775E-01
                         Error365        3.925095629E-01
                         Error366        3.924864001E-01
                         Error367        3.924632887E-01
                         Error368        3.924402284E-01
                         Error369        3.924172192E-01
                         Error370        3.923942606E-01
                         Error371        3.923713525E-01
                         Error372        3.923484946E-01
                         Error373        3.923256867E-01
                         Error374        3.923029286E-01
                         Error375        3.922802200E-01
                         Error376        3.922575607E-01
                         Error377        3.922349504E-01
                         Error378        3.922123891E-01
                         Error379        3.921898763E-01
                         Error380        3.921674119E-01
                         Error381        3.921449957E-01
                         Error382        3.921226275E-01
                         Error383        3.921003070E-01
                         Error384        3.920780340E-01
                         Error385        3.920558083E-01
                         Error386        3.920336297E-01
                         Error387        3.920114981E-01
                         Error388        3.919894131E-01
                         Error389        3.919673745E-01
                         Error390        3.919453823E-01
                         Error391        3.919234361E-01
                         Error392        3.919015358E-01
                         Error393        3.918796811E-01
                         Error394        3.918578719E-01
                         Error395        3.918361080E-01
                         Error396        3.918143891E-01
                         Error397        3.917927152E-01
                         Error398        3.917710859E-01
                         Error399        3.917495011E-01
                         Error400        3.917279606E-01
                         Error401        3.917064642E-01
                         Error402        3.916850118E-01
                         Error403        3.916636031E-01
                         Error404        3.916422379E-01
                         Error405        3.916209162E-01
                         Error406        3.915996376E-01
                         Error407        3.915784021E-01
                         Error408        3.915572094E-01
                         Error409        3.915360594E-01
                         Error410        3.915149519E-01
                         Error411        3.914938866E-01
                         Error412        3.914728636E-01
                         Error413        3.914518825E-01
                         Error414        3.914309431E-01
                         Error415        3.914100455E-01
                         Error416        3.913891893E-01
                         Error417        3.913683743E-01
                         Error418        3.913476005E-01
                         Error419        3.913268677E-01
                         Error420        3.913061757E-01
                         Error421        3.912855243E-01
                         Error422        3.912649134E-01
                         Error423        3.912443429E-01
                         Error424        3.912238125E-01
                         Error425        3.912033221E-01
                         Error426        3.911828715E-01
                         Error427        3.911624607E-01
                         Error428        3.911420894E-01
                         Error429        3.911217575E-01
                         Error430        3.911014648E-01
                         Error431        3.910812112E-01
                         Error432        3.910609965E-01
                         Error433        3.910408207E-01
                         Error434        3.910206834E-01
                         Error435        3.910005847E-01
                         Error436        3.909805243E-01
                         Error437        3.909605022E-01
                         Error438        3.909405180E-01
                         Error439        3.909205719E-01
                         Error440        3.909006634E-01
                         Error441        3.908807927E-01
                         Error442        3.908609594E-01
                         Error443        3.908411635E-01
                         Error444        3.908214048E-01
                         Error445        3.908016832E-01
                         Error446        3.907819985E-01
                         Error447        3.907623507E-01
                         Error448        3.907427395E-01
                         Error449        3.907231649E-01
                         Error450        3.907036267E-01
                         Error451        3.906841248E-01
                         Error452        3.906646591E-01
                         Error453        3.906452293E-01
                         Error454        3.906258355E-01
                         Error455        3.906064774E-01
                         Error456        3.905871550E-01
                         Error457        3.905678681E-01
                         Error458        3.905486166E-01
                         Error459        3.905294003E-01
                         Error460        3.905102192E-01
                         Error461        3.904910731E-01
                         Error462        3.904719619E-01
                         Error463        3.904528855E-01
                         Error464        3.904338437E-01
                         Error465        3.904148365E-01
                         Error466        3.903958637E-01
                         Error467        3.903769251E-01
                         Error468        3.903580208E-01
                         Error469        3.903391505E-01
                         Error470        3.903203142E-01
                         Error471        3.903015117E-01
                         Error472        3.902827429E-01
                         Error473        3.902640077E-01
                         Error474        3.902453060E-01
                         Error475        3.902266376E-01
                         Error476        3.902080026E-01
                         Error477        3.901894007E-01
                         Error478        3.901708318E-01
                         Error479        3.901522959E-01
                         Error480        3.901337928E-01
                         Error481        3.901153224E-01
                         Error482        3.900968846E-01
                         Error483        3.900784793E-01
                         Error484        3.900601064E-01
                         Error485        3.900417658E-01
                         Error486        3.900234573E-01
                         Error487        3.900051810E-01
                         Error488        3.899869366E-01
                         Error489        3.899687241E-01
                         Error490        3.899505433E-01
                         Error491        3.899323942E-01
                         Error492        3.899142767E-01
                         Error493        3.898961906E-01
                         Error494        3.898781359E-01
                         Error495        3.898601125E-01
                         Error496        3.898421202E-01
                         Error497        3.898241590E-01
                         Error498        3.898062287E-01
                         Error499        3.897883293E-01
                         Error500        3.897704607E-01
                         Error        3.897704607E-01
