-xyz
refined.xyz
-dens
/home/unibas/boittier/RDKit_G2/B.pdb/SCAN_1_2_3_4_S_36_10.0/33_SCAN/B.d.cube
-esp
/home/unibas/boittier/RDKit_G2/B.pdb/SCAN_1_2_3_4_S_36_10.0/33_SCAN/B.p.cube
-stepsize
0.2
-n_steps
10
-learning_rate
0.5
  -3.6145406504160884        2.5758039220360938        1.1307071912978259     
  -2.9886504107451199      -0.26406438675236554       0.68548532823151698     
  -2.8366238479431871       0.32461814023520563       -7.3166543277170454E-002
  -5.7354137153232250       -1.2597009709336888       0.22606102882061968     
  -3.0008593955413634       0.26470179271898464      -0.39719804497482403     
 -0.94425627326966610       -1.1590653182861179      -0.54438270692008950     
  -1.5057599973862019       -3.6673070634863580       -1.0029131572088659     
  -2.4140705822519344       -1.7722425165309812      -0.49274263164699450     
  -1.8023524402906346       -1.4883846829678713      -0.48284672077698282     
   1.4107578579491145        1.6524015338021010      -0.28216202712156757     
   1.3865003526018274        1.8345779063391949      -0.31068477767646113     
   1.0461225489869637        3.2653249160495204      -0.16643019272948653     
   1.0636107745441019        2.5358497925506653      -0.14427805989990103     
  0.98893174448090437      -0.75810292670346391      -0.30379546013454800     
   1.2534824041378194      -0.46052716350919060      -0.58643906210594221     
   1.4156533845088008      -0.49688864633455421       0.67311636728802893     
   1.1482456501587437       0.64169249632747394      -0.16923547892654603     
   2.9671911929186701       -1.1055715434992583      -0.74993352052982787     
   2.6615917223371612       -1.0010266699825434        1.1199132458514154     
   5.1794274018035926       -8.3095742069081838E-002  0.57765532747829829     
   3.1266399378412331       -3.6362492117930856       0.30966453540122196     
First
                         Total        6.154346516E-01
Step size:       0.20
Step size in Bohr:       0.38
Learning Rate:       1.00
# Steps:         10
                         Error  1        6.085343482E-01
                         Error  2        6.019554005E-01
                         Error  3        5.956840429E-01
                         Error  4        5.897068798E-01
                         Error  5        5.840108945E-01
                         Error  6        5.785834566E-01
                         Error  7        5.734123276E-01
                         Error  8        5.684856645E-01
                         Error  9        5.637920223E-01
                         Error 10        5.593203554E-01
                         Error        5.593203554E-01
