-xyz
refined.xyz
-dens
/home/unibas/boittier/RDKit_G2/B.pdb/SCAN_1_2_3_4_S_36_10.0/21_SCAN/B.d.cube
-esp
/home/unibas/boittier/RDKit_G2/B.pdb/SCAN_1_2_3_4_S_36_10.0/21_SCAN/B.p.cube
-stepsize
0.2
-n_steps
0
-learning_rate
0.5
  -3.7250819225185765        2.7508387955948241       -1.3631043396943443     
  -3.2041475470196583       0.29651510894826455       0.33216133076003068     
  -2.8760378513384852       0.36948575448266274      -0.64601642849529117     
  -5.8829263767102375      -0.86117238957470221       0.15339075665728272     
  -2.9624293629392136        7.7217734983174011E-002 -0.83259709081512301     
  -1.1687188542189981      -0.59726728165871623       0.56203957501008051     
  -1.6510366863184620       -3.3067299864825821        1.2901025915157511     
  -2.6457281509118649       -1.2063527112891004       0.56565964294410354     
  -1.9995605963488692       -1.0335766591050737       0.52284922934831979     
   2.4466554927731425      -0.91977512485509616       -2.5622077403641790E-002
   2.5408226271073300       -1.0875175957326304       -1.7319994453865468E-002
   3.2660763092875578       -2.3277710502528794      -0.35898425454846467     
   2.7661507035634685       -1.7989318138889954      -0.28057998640046722     
  0.47682652355412758       0.54645730920737889       0.30762740701892477     
  0.90354879852222492       0.45100695459612467       0.55657124151992021     
  0.89506569335432795       0.72459090117953473      -0.68927380880076383     
   1.5456161887655053      -0.34596582721758878       -9.3496903204110162E-003
   1.7411065901479603        1.9652911155515289        1.0828542222079387     
   1.4922655303145937        2.0933379710535798      -0.79523835537656395     
   3.9957615646272804        2.9757206316407023      -0.17233639262028236     
  0.10547172224329888        4.1249409176522018       0.55149319497232907     
First
                         Total        1.534936900E+00
Step size:       0.20
Step size in Bohr:       0.38
Learning Rate:       1.00
# Steps:          0
                         Error        1.534936900E+00
                         Error        1.534936900E+00
                         Error        1.534936900E+00
                         Error        1.534936900E+00
                         Error        1.534936900E+00
