-xyz
refined.xyz
-dens
/home/unibas/boittier/RDKit_G2/B.pdb/SCAN_1_2_3_4_S_36_10.0/14_SCAN/B.d.cube
-esp
/home/unibas/boittier/RDKit_G2/B.pdb/SCAN_1_2_3_4_S_36_10.0/14_SCAN/B.p.cube
-stepsize
0.2
-n_steps
1
-learning_rate
0.5
   3.6084051009584850        2.5083869770848621       -1.9006932158277023     
   3.1046315194473784      -0.16743580794662211      -0.70530898032320477     
   2.9008006876011265       0.66035850256410245      -0.11965322383481809     
   5.8917276921606927      -0.76673943530774535       0.12351413712113779     
   3.0337095086612167       0.62055814872922077       0.20965690244987736     
   1.2497075738543824      -0.51170541822177540       0.19422373849428115     
   1.7263948348718929       -3.0721207060098417        1.7452641126663788     
   2.6858016729208796       -1.0952726423702086       0.58102746958789564     
   2.0495358124932861      -0.93768642519284717       0.44120894720723502     
  -2.3585618098613574      -0.94454218004272328      -0.39144114253161022     
  -2.4381289326616224       -1.1113478820306839      -0.44544810943713914     
  -3.1763027848887724       -2.3901492741221482      -0.47226662248574774     
  -2.7004362376018172       -1.8502517260581068      -0.33874729121586716     
 -0.44866015455232638       0.57170635996433716        4.7875115685430542E-002
 -0.77504324779014477       0.49992660417541840      -0.32826436623284544     
  -1.1570657650694323       0.63237826570557765       0.88149124609768759     
  -1.5219621392507914      -0.36258758599763091       -7.1658461317627098E-002
  -1.4549880730219726        2.1395340258713964      -0.79653669711917363     
  -1.8649998850445331        1.8822238479244620        1.0395438662054666     
  -4.0566598099203235        2.9032832989221782      -0.22167232837313067     
 -0.22131934265409209        4.1237235444814155       0.67280878214032824     
First
                         Total        1.528416849E+00
Step size:       0.20
Step size in Bohr:       0.38
Learning Rate:       1.00
# Steps:          1
                         Error  1        1.488842953E+00
                         Error        1.488842953E+00
