-xyz
global_0_fit.xyz
-dens
/home/unibas/boittier/RDKit_G2/B.pdb/SCAN_1_2_3_4_S_36_-10.0/0_SCAN/B.d.cube
-esp
/home/unibas/boittier/RDKit_G2/B.pdb/SCAN_1_2_3_4_S_36_-10.0/0_SCAN/B.p.cube
-stepsize
0.2
-n_steps
10
-learning_rate
0.5
  -3.7638175813858132        2.6979274427023676        8.5348791982957473E-002
  -3.0881515846748284      -0.18853644354561863       0.55254480932932615     
  -2.8389947444999386       0.26224733132513317      -0.34440963406164249     
  -5.7558029620223445       -1.3213879475119765        2.1023846149472166E-002
  -2.9347143072483530        5.8141765699000182E-002 -0.62167325489605274     
 -0.91163813616748923       -1.2384113898512896      -0.23856898687401348     
  -1.3771260399546073       -3.8201617204845983       -3.1042527155604085E-002
  -2.3491670695812372       -1.9161874778352390       -7.5214255835902771E-002
  -1.7878266421406004       -1.5516973170719615      -0.11071991056835659     
   1.3587724881923020        1.6825492095557126      -0.15929880782802058     
   1.3043539172854675        1.8648695213801039      -0.18882563195173491     
  0.94543556681670082        3.2864641190807964       -1.2183567096354942E-002
  0.96920762741888666        2.5550996613418606        4.6894151924609375E-003
   1.0102465452076574      -0.76579955597321558      -0.14876857707884614     
   1.2257685666225320      -0.43189569014317053      -0.45736891660299378     
   1.4867469619064153      -0.46468284407604887       0.79077582982749328     
   1.1379716903520583       0.65106596352249091       -2.4739265668592553E-002
   2.8882341061077734       -1.0210416364832731      -0.97212800425413604     
   2.8902528342883111      -0.95012895637803385       0.92537480648891490     
   5.2546142446459223        5.2346627135677400E-002   1.6779912824245509E-004
   3.2917829815154214       -3.5756527429791531        8.9001270286821598E-003
First
                         Total        3.875043767E-01
Step size:       0.20
Step size in Bohr:       0.38
Learning Rate:       1.00
# Steps:         10
                         Error  1        3.874847026E-01
                         Error  2        3.874654306E-01
                         Error  3        3.874465456E-01
                         Error  4        3.874280335E-01
                         Error  5        3.874098809E-01
                         Error  6        3.873920751E-01
                         Error  7        3.873746042E-01
                         Error  8        3.873574568E-01
                         Error  9        3.873406221E-01
                         Error 10        3.873240900E-01
                         Error        3.873240900E-01
