-xyz
refined.xyz
-dens
/home/unibas/boittier/RDKit_G2/B.pdb/SCAN_1_2_3_4_S_36_10.0/9_SCAN/B.d.cube
-esp
/home/unibas/boittier/RDKit_G2/B.pdb/SCAN_1_2_3_4_S_36_10.0/9_SCAN/B.p.cube
-stepsize
0.2
-n_steps
0
-learning_rate
0.5
   3.2501221645769198       0.59244340218782288       -3.3438778220589604     
   3.0711972454460543      -0.32947208011988760      -0.51127476247185533     
   2.7905093631994267       0.64090533228794611      -0.73352328656153465     
   5.9266859154395997        3.7668099179427955E-002  0.20302371200825958     
   2.9335220179497759       0.87224994253779586      -0.50174001723408401     
   1.2836603410875911       0.23156961319462918       0.56546653379754341     
   2.0752560457225817      -0.43311661490570230        3.3998792506079356     
   2.7550319410140136       0.16749053544295311        1.1847516980970654     
   2.1289472910897227       0.10318177238182349       0.95431906496281194     
  -1.9300001026082536       -1.3679210232648908      -0.37828634803278477     
  -1.9471339091145936       -1.5552197674180970      -0.41951162449460322     
  -2.2565058184298792       -2.9983608885508373      -0.36863208230194855     
  -1.9891530237359192       -2.3272327648681039      -0.25093202617714594     
 -0.64663627552565572       0.70543983258295584        8.1753919243161222E-002
 -0.87727516045566334       0.50327572734264348      -0.31713338588956458     
  -1.4557837638867992       0.61162093377174143       0.81451989153686788     
  -1.3613106959469550      -0.52479311368869919       -4.0607242201725104E-002
  -1.9850990165506188        1.7805460340976575      -0.99846760089223863     
  -2.4947826112718610        1.5920902029753277       0.82094346679669272     
  -4.7434206380361070        1.7630593618900041      -0.71452949498915530     
  -1.5589687943402812        4.1827515372201898       0.29389310741500130     
First
                         Total        1.455408186E+00
Step size:       0.20
Step size in Bohr:       0.38
Learning Rate:       1.00
# Steps:          0
                         Error        1.455408186E+00
                         Error        1.455408186E+00
                         Error        1.455408186E+00
                         Error        1.455408186E+00
                         Error        1.455408186E+00
