-xyz
refined.xyz
-dens
/home/unibas/boittier/RDKit_G2/B.pdb/SCAN_1_2_3_4_S_36_-10.0/25_SCAN_1_2_3_4_F/B.d.cube
-esp
/home/unibas/boittier/RDKit_G2/B.pdb/SCAN_1_2_3_4_S_36_-10.0/25_SCAN_1_2_3_4_F/B.p.cube
-stepsize
0.2
-n_steps
50
-learning_rate
0.5
   3.2896251772162284        1.5531559302603934       -2.6479844926852625     
   3.4034146226604429      -0.78365838433922519      -0.54178804051153739     
   6.3766922494973439      -0.34262543787334898        8.6613103223747892E-002
   4.0789721635055152      -0.25883218638361227       0.28135838185235407     
   3.6744322347811536       0.41847496266708195       0.30990066627854523     
   2.7867502523947820      -0.66667686684286009       0.86130037857361186     
   1.3512386131821805      -0.75832416987242868        1.6732306225999476     
   2.2488103118059564      -0.62195536508454530       0.67675108525202576     
   1.2307719698278208      -0.73716588119791826       0.70173494586218854     
   2.0432307326978942       -2.0110651940864348        3.1749375338066925     
  -2.6344489022853868       -2.4800202892026504      -0.50559079223706305     
  -2.2971914804842677       -1.9847087465270525      -0.24365225857511394     
  -1.9510112059066953       -1.2273080276088735      -0.21585178439671221     
  -2.4276220932654402       -2.1708989538581642      -0.52720042532009026     
 -0.64652660422055952       0.27671551451733400       -1.0119243727941546E-002
  -1.1488094895742649      -0.37716095035160480       0.13721958653777433     
 -0.36962729176194004       0.64832814680039752       0.26761805646109083     
  -1.0275864540216721       0.60814738169004923       0.60199348703568445     
  -4.5016024703869641        2.5534576309858159      -0.42854339380828743     
  -1.2714707845433726        1.7348780930903043       0.39849252567697102     
  -1.7937133747496854        1.6724505600240784      -0.29220485193596724     
  -2.2944753431606393        1.4695810364486070       -5.6267746551856061E-002
  -2.1017090908499663        1.6870588566906408       0.26885111637111009     
 -0.86478318023063039        4.3579623116906525       -3.3227920063482505E-002
  -1.0212732487351235        4.2387448574784052       0.22537896763946938     
First
                         Total        6.095402147E-01
Step size:       0.20
Step size in Bohr:       0.38
Learning Rate:       1.00
# Steps:         50
                         Error  1        6.090382772E-01
                         Error  2        6.085517868E-01
                         Error  3        6.080795445E-01
                         Error  4        6.076204526E-01
                         Error  5        6.071735061E-01
                         Error  6        6.067377851E-01
                         Error  7        6.063124470E-01
                         Error  8        6.058967207E-01
                         Error  9        6.054898996E-01
                         Error 10        6.050913369E-01
                         Error 11        6.047004398E-01
                         Error 12        6.043166655E-01
                         Error 13        6.039395165E-01
                         Error 14        6.035685369E-01
                         Error 15        6.032033087E-01
                         Error 16        6.028434488E-01
                         Error 17        6.024886059E-01
                         Error 18        6.021384576E-01
                         Error 19        6.017927083E-01
                         Error 20        6.014510866E-01
                         Error 21        6.011133434E-01
                         Error 22        6.007792500E-01
                         Error 23        6.004485963E-01
                         Error 24        6.001211890E-01
                         Error 25        5.997968508E-01
                         Error 26        5.994754184E-01
                         Error 27        5.991567416E-01
                         Error 28        5.988406821E-01
                         Error 29        5.985271126E-01
                         Error 30        5.982159158E-01
                         Error 31        5.979069836E-01
                         Error 32        5.976002161E-01
                         Error 33        5.972955215E-01
                         Error 34        5.969928144E-01
                         Error 35        5.966920165E-01
                         Error 36        5.963930550E-01
                         Error 37        5.960958626E-01
                         Error 38        5.958003771E-01
                         Error 39        5.955065405E-01
                         Error 40        5.952142993E-01
                         Error 41        5.949236038E-01
                         Error 42        5.946344076E-01
                         Error 43        5.943466677E-01
                         Error 44        5.940603439E-01
                         Error 45        5.937753988E-01
                         Error 46        5.934917976E-01
                         Error 47        5.932095074E-01
                         Error 48        5.929284979E-01
                         Error 49        5.926487403E-01
                         Error 50        5.923702078E-01
                         Error        5.923702078E-01
