-xyz
refined.xyz
-dens
../../cube_files/ester/14_SCAN_1_2_6_8_F/O.d.cube
-esp
../../cube_files/ester/14_SCAN_1_2_6_8_F/O.p.cube
-stepsize
0.2
-n_steps
200
-learning_rate
0.5
   2.6728365368737617       -1.2681315441986143      -0.12266709082035590     
   3.0968668346346688       -1.3361393650486388      -0.50879132140321370     
   1.7345619105598846       -2.9731657936828926        1.2854392949577906     
   1.8245806939609321       -2.7505218034985663        1.0393501545548354     
   4.2121633207340929       -1.1810704272494605        1.0053872687420464     
   3.6999235520169536       -1.2421537709303330       0.95476097125385195     
   3.1031717756356709       -3.2233885052750231       -2.1468900188189344     
   1.7154511214154269        3.0438415469955098       0.34592697265682537     
   1.0145333625347464        3.0375816933748241        6.1694687950621600E-002
   1.9608403793176574        2.6423543041445883       0.41265437129843624     
   1.3840860937471066E-002  0.25687979096619135      -0.64934585924638599     
   1.4665586411842149       0.24345204827273254      -0.34120401232979708     
   1.6960028216213461       -9.2871332092976391E-002 -0.82946238522120153     
 -0.77822394981833753      -0.17479212849851994      -0.83725988596752621     
  -1.3395858594882102      -0.15597541323662914       -1.5867467845490355     
  -1.7527691629453959       -7.8048363710512020E-002  -1.2696167808869934     
  -1.6838617959988182      -0.19721917625440097      -0.82963448904725356     
  -4.0248387511124228      -0.27029238563518393       0.12023628206580532     
  -2.6903329906508859       0.21705487395745982       0.17037598743411586     
  -4.4369159804641294      -0.44518414162845776        3.8037847889076215E-002
  -3.5516828204073847       -1.9590041478206495        1.4992178736955191     
  -3.5551526289500099       -1.8955401590502359        1.3485061116852550     
  -3.5407969739571494       0.82309723666238932        1.0896235661410829     
  -3.7304593598460247        1.3861836598028672        1.4299988054085613     
First
                         Total        1.252032532E+00
Step size:       0.20
Step size in Bohr:       0.38
Learning Rate:       1.00
# Steps:        200
                         Error  1        1.224673886E+00
                         Error  2        1.198746843E+00
                         Error  3        1.174203690E+00
                         Error  4        1.150995606E+00
                         Error  5        1.129072932E+00
                         Error  6        1.108385433E+00
                         Error  7        1.088882551E+00
                         Error  8        1.070513652E+00
                         Error  9        1.053228255E+00
                         Error 10        1.036976249E+00
                         Error 11        1.021708100E+00
                         Error 12        1.007375034E+00
                         Error 13        9.939292072E-01
                         Error 14        9.813238588E-01
                         Error 15        9.695134432E-01
                         Error 16        9.584537460E-01
                         Error 17        9.481019803E-01
                         Error 18        9.384168659E-01
                         Error 19        9.293586914E-01
                         Error 20        9.208893594E-01
                         Error 21        9.129724169E-01
                         Error 22        9.055730709E-01
                         Error 23        8.986581915E-01
                         Error 24        8.921963030E-01
                         Error 25        8.861575645E-01
                         Error 26        8.805137416E-01
                         Error 27        8.752381704E-01
                         Error 28        8.703057149E-01
                         Error 29        8.656927184E-01
                         Error 30        8.613769521E-01
                         Error 31        8.573375589E-01
                         Error 32        8.535549956E-01
                         Error 33        8.500109738E-01
                         Error 34        8.466883997E-01
                         Error 35        8.435713137E-01
                         Error 36        8.406448305E-01
                         Error 37        8.378950802E-01
                         Error 38        8.353091504E-01
                         Error 39        8.328750303E-01
                         Error 40        8.305815557E-01
                         Error 41        8.284183571E-01
                         Error 42        8.263758088E-01
                         Error 43        8.244449816E-01
                         Error 44        8.226175963E-01
                         Error 45        8.208859803E-01
                         Error 46        8.192430267E-01
                         Error 47        8.176821552E-01
                         Error 48        8.161972751E-01
                         Error 49        8.147827512E-01
                         Error 50        8.134333713E-01
                         Error 51        8.121443154E-01
                         Error 52        8.109111278E-01
                         Error 53        8.097296903E-01
                         Error 54        8.085961973E-01
                         Error 55        8.075071328E-01
                         Error 56        8.064592487E-01
                         Error 57        8.054495451E-01
                         Error 58        8.044752512E-01
                         Error 59        8.035338083E-01
                         Error 60        8.026228540E-01
                         Error 61        8.017402065E-01
                         Error 62        8.008838518E-01
                         Error 63        8.000519299E-01
                         Error 64        7.992427240E-01
                         Error 65        7.984546487E-01
                         Error 66        7.976862404E-01
                         Error 67        7.969361474E-01
                         Error 68        7.962031220E-01
                         Error 69        7.954860118E-01
                         Error 70        7.947837527E-01
                         Error 71        7.940953618E-01
                         Error 72        7.934199315E-01
                         Error 73        7.927566231E-01
                         Error 74        7.921046620E-01
                         Error 75        7.914633325E-01
                         Error 76        7.908319731E-01
                         Error 77        7.902099726E-01
                         Error 78        7.895967658E-01
                         Error 79        7.889918303E-01
                         Error 80        7.883946830E-01
                         Error 81        7.878048770E-01
                         Error 82        7.872219990E-01
                         Error 83        7.866456664E-01
                         Error 84        7.860755252E-01
                         Error 85        7.855112476E-01
                         Error 86        7.849525302E-01
                         Error 87        7.843990916E-01
                         Error 88        7.838506715E-01
                         Error 89        7.833070282E-01
                         Error 90        7.827679379E-01
                         Error 91        7.822331928E-01
                         Error 92        7.817026002E-01
                         Error 93        7.811759812E-01
                         Error 94        7.806531696E-01
                         Error 95        7.801340109E-01
                         Error 96        7.796183618E-01
                         Error 97        7.791060886E-01
                         Error 98        7.785970672E-01
                         Error 99        7.780911820E-01
                         Error100        7.775883252E-01
                         Error101        7.770883964E-01
                         Error102        7.765913020E-01
                         Error103        7.760969545E-01
                         Error104        7.756052724E-01
                         Error105        7.751161792E-01
                         Error106        7.746296038E-01
                         Error107        7.741454792E-01
                         Error108        7.736637429E-01
                         Error109        7.731843363E-01
                         Error110        7.727072043E-01
                         Error111        7.722322952E-01
                         Error112        7.717595603E-01
                         Error113        7.712889541E-01
                         Error114        7.708204334E-01
                         Error115        7.703539576E-01
                         Error116        7.698894883E-01
                         Error117        7.694269895E-01
                         Error118        7.689664268E-01
                         Error119        7.685077678E-01
                         Error120        7.680509819E-01
                         Error121        7.675960397E-01
                         Error122        7.671429137E-01
                         Error123        7.666915775E-01
                         Error124        7.662420060E-01
                         Error125        7.657941752E-01
                         Error126        7.653480624E-01
                         Error127        7.649036457E-01
                         Error128        7.644609042E-01
                         Error129        7.640198180E-01
                         Error130        7.635803678E-01
                         Error131        7.631425353E-01
                         Error132        7.627063028E-01
                         Error133        7.622716531E-01
                         Error134        7.618385699E-01
                         Error135        7.614070373E-01
                         Error136        7.609770401E-01
                         Error137        7.605485634E-01
                         Error138        7.601215929E-01
                         Error139        7.596961149E-01
                         Error140        7.592721158E-01
                         Error141        7.588495825E-01
                         Error142        7.584285025E-01
                         Error143        7.580088633E-01
                         Error144        7.575906529E-01
                         Error145        7.571738597E-01
                         Error146        7.567584723E-01
                         Error147        7.563444794E-01
                         Error148        7.559318703E-01
                         Error149        7.555206343E-01
                         Error150        7.551107609E-01
                         Error151        7.547022401E-01
                         Error152        7.542950619E-01
                         Error153        7.538892164E-01
                         Error154        7.534846941E-01
                         Error155        7.530814855E-01
                         Error156        7.526795816E-01
                         Error157        7.522789731E-01
                         Error158        7.518796511E-01
                         Error159        7.514816070E-01
                         Error160        7.510848320E-01
                         Error161        7.506893177E-01
                         Error162        7.502950557E-01
                         Error163        7.499020378E-01
                         Error164        7.495102559E-01
                         Error165        7.491197019E-01
                         Error166        7.487303680E-01
                         Error167        7.483422465E-01
                         Error168        7.479553296E-01
                         Error169        7.475696098E-01
                         Error170        7.471850795E-01
                         Error171        7.468017315E-01
                         Error172        7.464195584E-01
                         Error173        7.460385530E-01
                         Error174        7.456587082E-01
                         Error175        7.452800170E-01
                         Error176        7.449024724E-01
                         Error177        7.445260675E-01
                         Error178        7.441507956E-01
                         Error179        7.437766499E-01
                         Error180        7.434036238E-01
                         Error181        7.430317107E-01
                         Error182        7.426609041E-01
                         Error183        7.422911975E-01
                         Error184        7.419225847E-01
                         Error185        7.415550591E-01
                         Error186        7.411886148E-01
                         Error187        7.408232453E-01
                         Error188        7.404589447E-01
                         Error189        7.400957069E-01
                         Error190        7.397335258E-01
                         Error191        7.393723955E-01
                         Error192        7.390123102E-01
                         Error193        7.386532639E-01
                         Error194        7.382952510E-01
                         Error195        7.379382657E-01
                         Error196        7.375823023E-01
                         Error197        7.372273552E-01
                         Error198        7.368734188E-01
                         Error199        7.365204877E-01
                         Error200        7.361685564E-01
                         Error        7.361685564E-01
