-xyz
refined.xyz
-dens
/home/unibas/boittier/RDKit_G2/B.pdb/SCAN_1_2_3_4_S_36_10.0/35_SCAN_1_2_3_4_F/B.d.cube
-esp
/home/unibas/boittier/RDKit_G2/B.pdb/SCAN_1_2_3_4_S_36_10.0/35_SCAN_1_2_3_4_F/B.p.cube
-stepsize
0.2
-n_steps
0
-learning_rate
0.5
   3.6630937747156858        2.4422687156119327        1.3939652092885167E-002
   3.3968625028490944      -0.65365354730040715      -0.73865514194474957     
   6.1958678717505222       -1.3027735232910711       0.23806375633173335     
   3.9387999745046325       -1.0395867309132030       0.18868700960663781     
   3.4346906351122137      -0.71480262297415309       0.73940189400195899     
   2.3956129824315320       -1.8410848358134704       0.27132495511615184     
   1.5857664159933267       -1.0218457678263793      -0.96782112771152018     
   2.0095215459233193       -1.4217000236850921       0.34529481209903951     
   1.2354494710604182      -0.81398531676483576       -7.3401189285524596E-002
   1.4159508592351007       -4.0967375406757736        6.5944289886226637E-002
 -0.99614493631308310        3.0859272127066308      -0.10853919576430879     
 -0.96850120591812361        2.4161058852049142      -0.25668351827875591     
  -1.1339858864175418        1.6306756752278557      -0.13507171097267803     
  -1.0293396457770740        2.7089071455259415       -1.9185263206450962E-002
 -0.91947173048748243      -0.37475073662211172       0.11638983257280092     
 -0.91680410633362075       0.42016590306489021      -0.20543325243446786     
 -0.86540539261541594      -0.90671713144060651       -6.2225050242804517E-002
  -1.2804697138269798      -0.55868640737489605      -0.59844595595302097     
  -5.3853144795368015       -3.4446309054340929E-002  0.12490850390390962     
  -2.1993158378795310       -1.3254122564809558      -0.28023062740279608     
  -2.6717187434238463      -0.85813467277470334       0.38277993132237165     
  -2.9554871575660706      -0.43484560380956477        4.7319657932285160E-002
  -2.8918601579594942      -0.77891359309167629      -0.24181656103883289     
  -3.4440963564335392       -3.6061219301051470       0.47067309151411230     
  -3.4467440894837114       -3.4926014332328887       0.16007185448136579     
First
                         Total        3.894884285E+00
Step size:       0.20
Step size in Bohr:       0.38
Learning Rate:       1.00
# Steps:          0
                         Error        3.894884285E+00
