-xyz
refined.xyz
-dens
/home/unibas/boittier/RDKit_G2/B.pdb/SCAN_1_2_3_4_S_36_10.0/6_SCAN/B.d.cube
-esp
/home/unibas/boittier/RDKit_G2/B.pdb/SCAN_1_2_3_4_S_36_10.0/6_SCAN/B.p.cube
-stepsize
0.2
-n_steps
10
-learning_rate
0.5
  -3.4324206680248230        1.9554377189088481       -2.5406559731240046     
  -3.5495383282805624      -0.11290467714587098       0.47578244836890204     
  -3.6809781020261831      -0.69075649564601693        6.1384479228327307E-002
  -6.2224574668591668      -0.96496637403176344      -0.12024098686764863     
  -3.3119647547687738       -1.0027782959210132      -0.39990728389114627     
  -1.3255493648828605       -1.5133006484581824       0.49705348287629331     
 -0.91437750205969104       -1.5511712724187741       0.42086941335162786     
  -2.0989965754647306       -2.0614930386176686        1.7225494345310997     
  -2.0163117635870758       -2.4312545967197838        1.3513043502887228     
  -2.2733344574726191       -1.7442122417988470        2.0931357788754412     
   1.5454169800429978        3.3156323485513592       0.39457048794723693     
   1.3979933633869737        2.4817927787040319       0.31396465393381129     
   1.3662420471900529      -0.81203636746088859       0.78246499432521255     
   1.1813362538696006       -1.1120648620445690       0.57512692739128590     
   1.4772016336018809      -0.67558649620735745      -0.53050061587072672     
   1.2946622891046855       0.44679855284177389       0.32192328692896294     
   5.3889525106027696      -0.61414778365914358       -1.0812381793443717     
   2.9641899799592055       -1.0444569935577734      -0.46603176480584513     
   2.9201893298614552       -1.1988019139997665       0.22794418201151934     
   2.7067275030736178       -1.1168067595000275       -1.1172338406907918     
   2.3328733684700991       -4.1963828598516875      -0.43950596509791001     
First
                         Total        1.347920448E+00
Step size:       0.20
Step size in Bohr:       0.38
Learning Rate:       1.00
# Steps:         10
                         Error  1        1.317767238E+00
                         Error  2        1.288659976E+00
                         Error  3        1.260582928E+00
                         Error  4        1.233519317E+00
                         Error  5        1.207451387E+00
                         Error  6        1.182360465E+00
                         Error  7        1.158227035E+00
                         Error  8        1.135030800E+00
                         Error  9        1.112750754E+00
                         Error 10        1.091365253E+00
                         Error        1.091365253E+00
