-xyz
refined.xyz
-dens
/home/unibas/boittier/RDKit_G2/B.pdb/SCAN_1_2_3_4_S_36_10.0/29_SCAN_1_2_3_4_F/B.d.cube
-esp
/home/unibas/boittier/RDKit_G2/B.pdb/SCAN_1_2_3_4_S_36_10.0/29_SCAN_1_2_3_4_F/B.p.cube
-stepsize
0.2
-n_steps
0
-learning_rate
0.5
  -4.0873497557733360        1.7289499103806272      -0.54570015088069512     
  -3.2521723743331155       -1.2471146863105207       0.36479512242174084     
  -5.5393199255553673       -2.5184154836621864       -1.1741998380987606     
  -3.4744273319757459       -1.7244916009893922      -0.64778481347310779     
  -2.9572647467398121       -1.2726130405366942       -1.0851021510693455     
  -1.8031026412298419       -2.1304533485646502      -0.37848354665630840     
  -1.5140145883958265       -1.1738853511013816       0.98481140478169571     
  -1.5223416162469834       -1.6288612876281889      -0.37784402567359010     
  -1.0335690842138032      -0.86952221181934919       0.18328152247270546     
 -0.37189884759718972       -4.0839068880900173        8.7686573350042971E-002
  0.13832873402612680        3.4651760379747585       0.57989428323367942     
  0.23851585551329427        2.8052065510486259       0.74043818350444135     
  0.60870402364877185        2.0848585480547954       0.68444978599075745     
  0.27917726638738888        3.1089929396374147       0.51262291898875545     
  0.97124315274444950       0.10386753799003429       0.46738176348661975     
  0.69487295857621645       0.86471810867817145       0.75057004568142494     
   1.0160770188821180      -0.42772456991109509       0.64963007139288975     
   1.1989803353365018        4.0286191825740659E-003   1.2505229036805097     
   5.3092180303881031        2.9571175244940750E-002 -0.96275369653153797     
   2.3296641635841162      -0.49465797441179321        1.1713175717470024     
   2.7604341465467077      -0.77959545678101472        2.9661919651888854E-002
   2.9840982700281997      -0.25649114604855061      -0.19071953091391297     
   2.9898586714787263      -0.19690729821467748       0.25922214564086382     
   3.9805365881389920       -2.2624935704222784        2.1377998313829800     
   3.9768615253492552       -1.9392442850196121        2.2075381676612351     
First
                         Total        4.058357056E+00
Step size:       0.20
Step size in Bohr:       0.38
Learning Rate:       1.00
# Steps:          0
                         Error        4.058357056E+00
