atom_charge_dict:  {8: [0], 3: [1, 3, 4], 9: [2], 2: [5, 6, 7, 8], 7: [9], 6: [10, 11, 12, 13], 1: [14, 15, 16, 17], 4: [18], 0: [19, 20, 21, 22], 5: [23, 24]}
4
4 [18] [-0.20126453  0.11005181 -0.00519098]
0
0 [19, 20, 21, 22] [ 0.4015498  -0.37250311  0.11595935]
0 [19, 20, 21, 22] [ 0.09851666 -0.34551182 -0.23159345]
0 [19, 20, 21, 22] [-0.17918583 -0.41463332 -0.09031511]
0 [19, 20, 21, 22] [-0.04429732 -0.32037336  0.08260047]
5
5 [23, 24] [ 0.14270569  0.16300947 -0.33145232]
5 [23, 24] [ 0.06059329  0.11100924 -0.18114777]
6
6 [10, 11, 12, 13] [-0.22732786 -0.1663255  -0.05564523]
6 [10, 11, 12, 13] [0.0028888  0.06084456 0.0791979 ]
6 [10, 11, 12, 13] [0.24990358 0.42352701 0.07585735]
6 [10, 11, 12, 13] [-0.09885797 -0.02015684 -0.06970219]
1
1 [14, 15, 16, 17] [ 0.1360156   0.06948389 -0.08869177]
1 [14, 15, 16, 17] [-0.18008018 -0.23851857  0.00669249]
1 [14, 15, 16, 17] [0.32528651 0.23208686 0.05325376]
1 [14, 15, 16, 17] [-0.00615506  0.25961434  0.26725496]
2
2 [5, 6, 7, 8] [ 0.53336309 -0.18633975 -0.01921452]
2 [5, 6, 7, 8] [-0.18630271 -0.14889573  0.45077489]
2 [5, 6, 7, 8] [ 0.2548837  -0.13565074 -0.14214542]
2 [5, 6, 7, 8] [-0.2918327  -0.0944115  -0.03147929]
7
7 [9] [-0.00060905 -0.33285753  0.20398901]
2
3
3 [1, 3, 4] [-0.20830291 -0.47180102 -0.19939706]
3 [1, 3, 4] [ 0.16834921 -0.44051907  0.2436002 ]
3 [1, 3, 4] [-0.06891179 -0.12051835  0.49854052]
8
8 [0] [-0.07084554  0.20290166 -0.13504394]
3
9
9 [2] [ 0.38996054 -0.09808238  0.01492079]
RMSD using the Kabsch algorithm: 0.7436686049489243
1 [ 1.89116391  1.22011215 -0.90957174]
2 [ 1.7855577  -0.369618   -0.38949067]
3 [ 3.36150847 -0.42093751  0.02243933]
4 [ 2.16220983 -0.33833605  0.05350659]
5 [ 1.92494883 -0.01833533  0.30844691]
6 [ 1.4124732  -0.67102672  0.24316996]
7 [ 0.6928074  -0.6335827   0.71315937]
8 [ 1.13399381 -0.62033771  0.12023906]
9 [ 0.58727741 -0.57909847  0.23090519]
10 [ 0.92471355 -1.76120574  1.00344846]
11 [-1.6349572  -1.14366567 -0.22944548]
12 [-1.40474054 -0.91649562 -0.09460235]
13 [-1.15772576 -0.55381317 -0.0979429 ]
14 [-1.50648731 -0.99749702 -0.24350244]
15 [-0.33048567  0.12332818 -0.03697741]
16 [-0.64658146 -0.18467428  0.05840684]
17 [-0.14121476  0.28593115  0.10496811]
18 [-0.47265634  0.31345863  0.31896931]
19 [-2.1517321   1.65023681 -0.09157859]
20 [-0.50726937  0.93500382  0.20882462]
21 [-0.81030251  0.96199511 -0.13872818]
22 [-1.08800499  0.89287362  0.00255016]
23 [-0.95311648  0.98713358  0.17546574]
24 [-0.08294967  2.27979525 -0.01453668]
25 [-0.16506207  2.22779502  0.13576786]
