node26.cluster
-xyz
refined.xyz
-dens
../../cubes/7_SCAN_1_2_3_4_F/B.d.cube
-esp
../../cubes/7_SCAN_1_2_3_4_F/B.p.cube
-stepsize
0.2
-n_steps
500
-learning_rate
0.5
   3.5197871743985751        2.2198151801969748       -1.7300671369377305     
   3.2313847029670710      -0.76326603977514873      -0.85620154177629526     
   6.3532596192012134      -0.88758315777719299        1.7724763595769379E-002
   4.0034309329977384      -0.56659387949971374       -4.0534160855098832E-002
   3.5796230370276843      -0.12594055708175381       0.54705136069020599     
   2.3772018968026556       -1.3609486076837893       0.35880511599413428     
   1.2588558370582978       -1.3257385997149265       0.99811817018413163     
   1.9507086807481460       -1.0735615942624377        1.2938811058225272E-002
   1.0186257679141117      -0.99122351424121979       0.17219265026615155     
   1.6780887397339739       -3.3156836489582280        2.0832350500438439     
  -2.4204418849603986       -1.9331264650108770      -0.36876974826264830     
  -2.1766235111383105       -1.6708038245719146      -0.26425671536810080     
  -1.7161824020400487       -1.0573808108259255      -0.18441010118073836     
  -2.3215163818749449       -1.7447152796906173      -0.38307974664886074     
 -0.58985461739178002        5.4200154362719619E-002  -6.5761422202196773E-002
  -1.0365566634839529      -0.42014961345758439       -6.6153800812222899E-002
 -0.30654279523748640       0.29148860852774505       0.14618539071172923     
 -0.83684717620183702       0.39343096658926796       0.33978628785728976     
  -4.1186694564623947        3.0539223253694776      -0.18413976360150269     
 -0.91637445845411036        1.5766785741338354       0.37702300709262115     
  -1.4392530390223364        1.6273613641390645       -8.3937787603315314E-002
  -1.8703319400091407        1.4322957855389393        5.8398285153728274E-002
  -1.5885815758999635        1.6519838835965306       0.30402335697907007     
 -0.45026739522152182        4.0459886654067807       0.25252091480756078     
 -0.38448456306684115        4.1046767142382548       0.41602948531012124     
First
                         Total        5.920878043E-01
Step size:       0.20
Step size in Bohr:       0.38
Learning Rate:       1.00
# Steps:        500
                         Error  1        5.844209507E-01
                         Error  2        5.773580206E-01
                         Error  3        5.708554296E-01
                         Error  4        5.648719213E-01
                         Error  5        5.593685570E-01
                         Error  6        5.543086888E-01
                         Error  7        5.496579175E-01
                         Error  8        5.453840376E-01
                         Error  9        5.414569699E-01
                         Error 10        5.378486862E-01
                         Error 11        5.345331253E-01
                         Error 12        5.314861043E-01
                         Error 13        5.286852255E-01
                         Error 14        5.261097813E-01
                         Error 15        5.237406580E-01
                         Error 16        5.215602400E-01
                         Error 17        5.195523150E-01
                         Error 18        5.177019820E-01
                         Error 19        5.159955613E-01
                         Error 20        5.144205082E-01
                         Error 21        5.129653306E-01
                         Error 22        5.116195104E-01
                         Error 23        5.103734288E-01
                         Error 24        5.092182966E-01
                         Error 25        5.081460879E-01
                         Error 26        5.071494786E-01
                         Error 27        5.062217890E-01
                         Error 28        5.053569301E-01
                         Error 29        5.045493539E-01
                         Error 30        5.037940078E-01
                         Error 31        5.030862918E-01
                         Error 32        5.024220193E-01
                         Error 33        5.017973814E-01
                         Error 34        5.012089135E-01
                         Error 35        5.006534647E-01
                         Error 36        5.001281705E-01
                         Error 37        4.996304266E-01
                         Error 38        4.991578661E-01
                         Error 39        4.987083377E-01
                         Error 40        4.982798864E-01
                         Error 41        4.978707357E-01
                         Error 42        4.974792715E-01
                         Error 43        4.971040269E-01
                         Error 44        4.967436691E-01
                         Error 45        4.963969871E-01
                         Error 46        4.960628802E-01
                         Error 47        4.957403482E-01
                         Error 48        4.954284822E-01
                         Error 49        4.951264557E-01
                         Error 50        4.948335176E-01
                         Error 51        4.945489847E-01
                         Error 52        4.942722360E-01
                         Error 53        4.940027064E-01
                         Error 54        4.937398818E-01
                         Error 55        4.934832943E-01
                         Error 56        4.932325181E-01
                         Error 57        4.929871654E-01
                         Error 58        4.927468828E-01
                         Error 59        4.925113485E-01
                         Error 60        4.922802689E-01
                         Error 61        4.920533765E-01
                         Error 62        4.918304268E-01
                         Error 63        4.916111970E-01
                         Error 64        4.913954833E-01
                         Error 65        4.911830995E-01
                         Error 66        4.909738753E-01
                         Error 67        4.907676548E-01
                         Error 68        4.905642952E-01
                         Error 69        4.903636656E-01
                         Error 70        4.901656459E-01
                         Error 71        4.899701257E-01
                         Error 72        4.897770037E-01
                         Error 73        4.895861865E-01
                         Error 74        4.893975881E-01
                         Error 75        4.892111292E-01
                         Error 76        4.890267367E-01
                         Error 77        4.888443427E-01
                         Error 78        4.886638846E-01
                         Error 79        4.884853042E-01
                         Error 80        4.883085475E-01
                         Error 81        4.881335644E-01
                         Error 82        4.879603079E-01
                         Error 83        4.877887346E-01
                         Error 84        4.876188035E-01
                         Error 85        4.874504766E-01
                         Error 86        4.872837178E-01
                         Error 87        4.871184937E-01
                         Error 88        4.869547724E-01
                         Error 89        4.867925241E-01
                         Error 90        4.866317206E-01
                         Error 91        4.864723350E-01
                         Error 92        4.863143420E-01
                         Error 93        4.861577176E-01
                         Error 94        4.860024386E-01
                         Error 95        4.858484833E-01
                         Error 96        4.856958307E-01
                         Error 97        4.855444608E-01
                         Error 98        4.853943543E-01
                         Error 99        4.852454928E-01
                         Error100        4.850978586E-01
                         Error101        4.849514344E-01
                         Error102        4.848062038E-01
                         Error103        4.846621507E-01
                         Error104        4.845192598E-01
                         Error105        4.843775159E-01
                         Error106        4.842369046E-01
                         Error107        4.840974116E-01
                         Error108        4.839590233E-01
                         Error109        4.838217260E-01
                         Error110        4.836855068E-01
                         Error111        4.835503529E-01
                         Error112        4.834162518E-01
                         Error113        4.832831912E-01
                         Error114        4.831511592E-01
                         Error115        4.830201441E-01
                         Error116        4.828901343E-01
                         Error117        4.827611186E-01
                         Error118        4.826330859E-01
                         Error119        4.825060254E-01
                         Error120        4.823799264E-01
                         Error121        4.822547784E-01
                         Error122        4.821305709E-01
                         Error123        4.820072939E-01
                         Error124        4.818849374E-01
                         Error125        4.817634914E-01
                         Error126        4.816429463E-01
                         Error127        4.815232925E-01
                         Error128        4.814045205E-01
                         Error129        4.812866210E-01
                         Error130        4.811695848E-01
                         Error131        4.810534029E-01
                         Error132        4.809380664E-01
                         Error133        4.808235663E-01
                         Error134        4.807098940E-01
                         Error135        4.805970409E-01
                         Error136        4.804849985E-01
                         Error137        4.803737584E-01
                         Error138        4.802633123E-01
                         Error139        4.801536520E-01
                         Error140        4.800447694E-01
                         Error141        4.799366566E-01
                         Error142        4.798293056E-01
                         Error143        4.797227086E-01
                         Error144        4.796168580E-01
                         Error145        4.795117460E-01
                         Error146        4.794073652E-01
                         Error147        4.793037082E-01
                         Error148        4.792007674E-01
                         Error149        4.790985358E-01
                         Error150        4.789970060E-01
                         Error151        4.788961710E-01
                         Error152        4.787960237E-01
                         Error153        4.786965572E-01
                         Error154        4.785977646E-01
                         Error155        4.784996391E-01
                         Error156        4.784021740E-01
                         Error157        4.783053626E-01
                         Error158        4.782091984E-01
                         Error159        4.781136749E-01
                         Error160        4.780187856E-01
                         Error161        4.779245242E-01
                         Error162        4.778308843E-01
                         Error163        4.777378599E-01
                         Error164        4.776454447E-01
                         Error165        4.775536327E-01
                         Error166        4.774624178E-01
                         Error167        4.773717942E-01
                         Error168        4.772817558E-01
                         Error169        4.771922970E-01
                         Error170        4.771034120E-01
                         Error171        4.770150951E-01
                         Error172        4.769273406E-01
                         Error173        4.768401431E-01
                         Error174        4.767534969E-01
                         Error175        4.766673968E-01
                         Error176        4.765818372E-01
                         Error177        4.764968129E-01
                         Error178        4.764123187E-01
                         Error179        4.763283492E-01
                         Error180        4.762448995E-01
                         Error181        4.761619643E-01
                         Error182        4.760795387E-01
                         Error183        4.759976177E-01
                         Error184        4.759161963E-01
                         Error185        4.758352698E-01
                         Error186        4.757548332E-01
                         Error187        4.756748819E-01
                         Error188        4.755954111E-01
                         Error189        4.755164162E-01
                         Error190        4.754378925E-01
                         Error191        4.753598356E-01
                         Error192        4.752822408E-01
                         Error193        4.752051038E-01
                         Error194        4.751284202E-01
                         Error195        4.750521856E-01
                         Error196        4.749763957E-01
                         Error197        4.749010462E-01
                         Error198        4.748261329E-01
                         Error199        4.747516517E-01
                         Error200        4.746775984E-01
                         Error201        4.746039690E-01
                         Error202        4.745307594E-01
                         Error203        4.744579657E-01
                         Error204        4.743855838E-01
                         Error205        4.743136100E-01
                         Error206        4.742420403E-01
                         Error207        4.741708710E-01
                         Error208        4.741000983E-01
                         Error209        4.740297184E-01
                         Error210        4.739597276E-01
                         Error211        4.738901223E-01
                         Error212        4.738208990E-01
                         Error213        4.737520540E-01
                         Error214        4.736835838E-01
                         Error215        4.736154849E-01
                         Error216        4.735477538E-01
                         Error217        4.734803872E-01
                         Error218        4.734133817E-01
                         Error219        4.733467340E-01
                         Error220        4.732804406E-01
                         Error221        4.732144985E-01
                         Error222        4.731489043E-01
                         Error223        4.730836548E-01
                         Error224        4.730187469E-01
                         Error225        4.729541775E-01
                         Error226        4.728899434E-01
                         Error227        4.728260417E-01
                         Error228        4.727624693E-01
                         Error229        4.726992231E-01
                         Error230        4.726363004E-01
                         Error231        4.725736980E-01
                         Error232        4.725114132E-01
                         Error233        4.724494430E-01
                         Error234        4.723877847E-01
                         Error235        4.723264355E-01
                         Error236        4.722653925E-01
                         Error237        4.722046530E-01
                         Error238        4.721442144E-01
                         Error239        4.720840740E-01
                         Error240        4.720242290E-01
                         Error241        4.719646769E-01
                         Error242        4.719054152E-01
                         Error243        4.718464411E-01
                         Error244        4.717877523E-01
                         Error245        4.717293461E-01
                         Error246        4.716712202E-01
                         Error247        4.716133720E-01
                         Error248        4.715557991E-01
                         Error249        4.714984992E-01
                         Error250        4.714414698E-01
                         Error251        4.713847086E-01
                         Error252        4.713282133E-01
                         Error253        4.712719816E-01
                         Error254        4.712160112E-01
                         Error255        4.711602999E-01
                         Error256        4.711048454E-01
                         Error257        4.710496456E-01
                         Error258        4.709946982E-01
                         Error259        4.709400012E-01
                         Error260        4.708855523E-01
                         Error261        4.708313496E-01
                         Error262        4.707773908E-01
                         Error263        4.707236739E-01
                         Error264        4.706701970E-01
                         Error265        4.706169579E-01
                         Error266        4.705639547E-01
                         Error267        4.705111855E-01
                         Error268        4.704586482E-01
                         Error269        4.704063409E-01
                         Error270        4.703542618E-01
                         Error271        4.703024089E-01
                         Error272        4.702507803E-01
                         Error273        4.701993743E-01
                         Error274        4.701481890E-01
                         Error275        4.700972225E-01
                         Error276        4.700464731E-01
                         Error277        4.699959390E-01
                         Error278        4.699456185E-01
                         Error279        4.698955098E-01
                         Error280        4.698456112E-01
                         Error281        4.697959211E-01
                         Error282        4.697464376E-01
                         Error283        4.696971593E-01
                         Error284        4.696480843E-01
                         Error285        4.695992112E-01
                         Error286        4.695505383E-01
                         Error287        4.695020640E-01
                         Error288        4.694537867E-01
                         Error289        4.694057049E-01
                         Error290        4.693578170E-01
                         Error291        4.693101215E-01
                         Error292        4.692626169E-01
                         Error293        4.692153017E-01
                         Error294        4.691681744E-01
                         Error295        4.691212336E-01
                         Error296        4.690744778E-01
                         Error297        4.690279057E-01
                         Error298        4.689815156E-01
                         Error299        4.689353064E-01
                         Error300        4.688892765E-01
                         Error301        4.688434246E-01
                         Error302        4.687977494E-01
                         Error303        4.687522495E-01
                         Error304        4.687069236E-01
                         Error305        4.686617703E-01
                         Error306        4.686167884E-01
                         Error307        4.685719766E-01
                         Error308        4.685273336E-01
                         Error309        4.684828581E-01
                         Error310        4.684385489E-01
                         Error311        4.683944047E-01
                         Error312        4.683504244E-01
                         Error313        4.683066067E-01
                         Error314        4.682629505E-01
                         Error315        4.682194544E-01
                         Error316        4.681761175E-01
                         Error317        4.681329384E-01
                         Error318        4.680899161E-01
                         Error319        4.680470494E-01
                         Error320        4.680043373E-01
                         Error321        4.679617785E-01
                         Error322        4.679193719E-01
                         Error323        4.678771166E-01
                         Error324        4.678350114E-01
                         Error325        4.677930552E-01
                         Error326        4.677512470E-01
                         Error327        4.677095857E-01
                         Error328        4.676680703E-01
                         Error329        4.676266998E-01
                         Error330        4.675854732E-01
                         Error331        4.675443894E-01
                         Error332        4.675034475E-01
                         Error333        4.674626464E-01
                         Error334        4.674219852E-01
                         Error335        4.673814630E-01
                         Error336        4.673410788E-01
                         Error337        4.673008315E-01
                         Error338        4.672607204E-01
                         Error339        4.672207445E-01
                         Error340        4.671809028E-01
                         Error341        4.671411944E-01
                         Error342        4.671016185E-01
                         Error343        4.670621742E-01
                         Error344        4.670228605E-01
                         Error345        4.669836766E-01
                         Error346        4.669446217E-01
                         Error347        4.669056948E-01
                         Error348        4.668668952E-01
                         Error349        4.668282220E-01
                         Error350        4.667896743E-01
                         Error351        4.667512514E-01
                         Error352        4.667129524E-01
                         Error353        4.666747766E-01
                         Error354        4.666367231E-01
                         Error355        4.665987911E-01
                         Error356        4.665609799E-01
                         Error357        4.665232887E-01
                         Error358        4.664857166E-01
                         Error359        4.664482631E-01
                         Error360        4.664109272E-01
                         Error361        4.663737084E-01
                         Error362        4.663366057E-01
                         Error363        4.662996185E-01
                         Error364        4.662627462E-01
                         Error365        4.662259878E-01
                         Error366        4.661893428E-01
                         Error367        4.661528105E-01
                         Error368        4.661163901E-01
                         Error369        4.660800810E-01
                         Error370        4.660438824E-01
                         Error371        4.660077938E-01
                         Error372        4.659718144E-01
                         Error373        4.659359435E-01
                         Error374        4.659001806E-01
                         Error375        4.658645249E-01
                         Error376        4.658289759E-01
                         Error377        4.657935328E-01
                         Error378        4.657581951E-01
                         Error379        4.657229622E-01
                         Error380        4.656878333E-01
                         Error381        4.656528079E-01
                         Error382        4.656178854E-01
                         Error383        4.655830652E-01
                         Error384        4.655483467E-01
                         Error385        4.655137293E-01
                         Error386        4.654792123E-01
                         Error387        4.654447953E-01
                         Error388        4.654104777E-01
                         Error389        4.653762588E-01
                         Error390        4.653421382E-01
                         Error391        4.653081152E-01
                         Error392        4.652741894E-01
                         Error393        4.652403601E-01
                         Error394        4.652066268E-01
                         Error395        4.651729889E-01
                         Error396        4.651394461E-01
                         Error397        4.651059976E-01
                         Error398        4.650726430E-01
                         Error399        4.650393818E-01
                         Error400        4.650062135E-01
                         Error401        4.649731375E-01
                         Error402        4.649401533E-01
                         Error403        4.649072605E-01
                         Error404        4.648744586E-01
                         Error405        4.648417469E-01
                         Error406        4.648091252E-01
                         Error407        4.647765928E-01
                         Error408        4.647441494E-01
                         Error409        4.647117944E-01
                         Error410        4.646795273E-01
                         Error411        4.646473477E-01
                         Error412        4.646152552E-01
                         Error413        4.645832493E-01
                         Error414        4.645513294E-01
                         Error415        4.645194953E-01
                         Error416        4.644877464E-01
                         Error417        4.644560822E-01
                         Error418        4.644245024E-01
                         Error419        4.643930066E-01
                         Error420        4.643615942E-01
                         Error421        4.643302649E-01
                         Error422        4.642990182E-01
                         Error423        4.642678537E-01
                         Error424        4.642367711E-01
                         Error425        4.642057698E-01
                         Error426        4.641748495E-01
                         Error427        4.641440098E-01
                         Error428        4.641132503E-01
                         Error429        4.640825706E-01
                         Error430        4.640519702E-01
                         Error431        4.640214489E-01
                         Error432        4.639910061E-01
                         Error433        4.639606416E-01
                         Error434        4.639303549E-01
                         Error435        4.639001457E-01
                         Error436        4.638700136E-01
                         Error437        4.638399581E-01
                         Error438        4.638099791E-01
                         Error439        4.637800760E-01
                         Error440        4.637502486E-01
                         Error441        4.637204964E-01
                         Error442        4.636908191E-01
                         Error443        4.636612164E-01
                         Error444        4.636316879E-01
                         Error445        4.636022332E-01
                         Error446        4.635728521E-01
                         Error447        4.635435441E-01
                         Error448        4.635143090E-01
                         Error449        4.634851463E-01
                         Error450        4.634560559E-01
                         Error451        4.634270372E-01
                         Error452        4.633980901E-01
                         Error453        4.633692141E-01
                         Error454        4.633404090E-01
                         Error455        4.633116744E-01
                         Error456        4.632830101E-01
                         Error457        4.632544156E-01
                         Error458        4.632258907E-01
                         Error459        4.631974351E-01
                         Error460        4.631690485E-01
                         Error461        4.631407306E-01
                         Error462        4.631124810E-01
                         Error463        4.630842995E-01
                         Error464        4.630561857E-01
                         Error465        4.630281394E-01
                         Error466        4.630001603E-01
                         Error467        4.629722481E-01
                         Error468        4.629444025E-01
                         Error469        4.629166232E-01
                         Error470        4.628889099E-01
                         Error471        4.628612624E-01
                         Error472        4.628336803E-01
                         Error473        4.628061634E-01
                         Error474        4.627787114E-01
                         Error475        4.627513241E-01
                         Error476        4.627240011E-01
                         Error477        4.626967422E-01
                         Error478        4.626695471E-01
                         Error479        4.626424156E-01
                         Error480        4.626153474E-01
                         Error481        4.625883423E-01
                         Error482        4.625613999E-01
                         Error483        4.625345200E-01
                         Error484        4.625077024E-01
                         Error485        4.624809469E-01
                         Error486        4.624542530E-01
                         Error487        4.624276207E-01
                         Error488        4.624010496E-01
                         Error489        4.623745396E-01
                         Error490        4.623480903E-01
                         Error491        4.623217016E-01
                         Error492        4.622953731E-01
                         Error493        4.622691047E-01
                         Error494        4.622428961E-01
                         Error495        4.622167470E-01
                         Error496        4.621906573E-01
                         Error497        4.621646267E-01
                         Error498        4.621386550E-01
                         Error499        4.621127419E-01
                         Error500        4.620868873E-01
                         Error        4.620868873E-01

real	69m42.539s
user	69m42.605s
sys	0m0.027s
