node27.cluster
-xyz
refined.xyz
-dens
../../cubes/7_SCAN_1_2_3_4_F/B.d.cube
-esp
../../cubes/7_SCAN_1_2_3_4_F/B.p.cube
-stepsize
0.2
-n_steps
500
-learning_rate
0.5
   3.5033008942314803        2.2132458071674894       -1.7302528555765622     
   3.2406487400299646      -0.75364733345190804      -0.84630933375807782     
   6.3495812785876904      -0.89352865455428465        2.3455709456755278E-002
   3.9908397504539042      -0.57862134559199507       -4.4884884813417278E-002
   3.5865610305474407      -0.11259608835858714       0.55430539892251096     
   2.3730316532795888       -1.3676275644516633       0.35195663829988949     
   1.2597183498131974       -1.3165113258444725        1.0035194976029975     
   1.9487794788158281       -1.0579386019907455        2.6322170189244251E-002
   1.0164160497296486      -0.98955699242313877       0.16670812466259036     
   1.6815537213094585       -3.3234383690617899        2.0809528784308728     
  -2.4089722812731540       -1.9184475198784512      -0.36548202779164096     
  -2.1667680589588385       -1.6593221167905368      -0.26326910135057968     
  -1.7055132739662850       -1.0439339789608748      -0.18105792011283647     
  -2.3100180101214227       -1.7318959512571566      -0.37995178427782217     
 -0.58492443618412293        5.5067895467412913E-002  -5.7403658691803167E-002
  -1.0306189075108190      -0.41278892884157858       -6.5742417654810717E-002
 -0.30407901013127187       0.29486435809353329       0.14088189469155848     
 -0.83145029973891660       0.39225097241546480       0.34203139878784189     
  -4.1196716681529866        3.0502244820009876      -0.18473994124156506     
 -0.91457280715391065        1.5777382433465124       0.37289415956375921     
  -1.4348258069416930        1.6229114058944045       -7.9954007469899391E-002
  -1.8627637900655829        1.4284436412194346        5.8849623998083085E-002
  -1.5806619542621319        1.6456335704699721       0.30371534248467391     
 -0.45646745883460060        4.0419339685175215       0.24776845433830538     
 -0.38195209060005703        4.0991615569345976       0.42138676946466475     
First
                         Total        4.620868873E-01
Step size:       0.20
Step size in Bohr:       0.38
Learning Rate:       1.00
# Steps:        500
                         Error  1        4.620610908E-01
                         Error  2        4.620353523E-01
                         Error  3        4.620096716E-01
                         Error  4        4.619840483E-01
                         Error  5        4.619584824E-01
                         Error  6        4.619329736E-01
                         Error  7        4.619075216E-01
                         Error  8        4.618821262E-01
                         Error  9        4.618567874E-01
                         Error 10        4.618315047E-01
                         Error 11        4.618062781E-01
                         Error 12        4.617811072E-01
                         Error 13        4.617559920E-01
                         Error 14        4.617309321E-01
                         Error 15        4.617059275E-01
                         Error 16        4.616809778E-01
                         Error 17        4.616560829E-01
                         Error 18        4.616312426E-01
                         Error 19        4.616064566E-01
                         Error 20        4.615817249E-01
                         Error 21        4.615570471E-01
                         Error 22        4.615324231E-01
                         Error 23        4.615078527E-01
                         Error 24        4.614833357E-01
                         Error 25        4.614588719E-01
                         Error 26        4.614344612E-01
                         Error 27        4.614101032E-01
                         Error 28        4.613857979E-01
                         Error 29        4.613615451E-01
                         Error 30        4.613373445E-01
                         Error 31        4.613131960E-01
                         Error 32        4.612890994E-01
                         Error 33        4.612650545E-01
                         Error 34        4.612410612E-01
                         Error 35        4.612171192E-01
                         Error 36        4.611932284E-01
                         Error 37        4.611693886E-01
                         Error 38        4.611455996E-01
                         Error 39        4.611218612E-01
                         Error 40        4.610981733E-01
                         Error 41        4.610745358E-01
                         Error 42        4.610509483E-01
                         Error 43        4.610274108E-01
                         Error 44        4.610039231E-01
                         Error 45        4.609804850E-01
                         Error 46        4.609570964E-01
                         Error 47        4.609337570E-01
                         Error 48        4.609104667E-01
                         Error 49        4.608872254E-01
                         Error 50        4.608640329E-01
                         Error 51        4.608408890E-01
                         Error 52        4.608177936E-01
                         Error 53        4.607947464E-01
                         Error 54        4.607717474E-01
                         Error 55        4.607487964E-01
                         Error 56        4.607258932E-01
                         Error 57        4.607030377E-01
                         Error 58        4.606802297E-01
                         Error 59        4.606574690E-01
                         Error 60        4.606347555E-01
                         Error 61        4.606120891E-01
                         Error 62        4.605894696E-01
                         Error 63        4.605668967E-01
                         Error 64        4.605443705E-01
                         Error 65        4.605218908E-01
                         Error 66        4.604994573E-01
                         Error 67        4.604770699E-01
                         Error 68        4.604547286E-01
                         Error 69        4.604324330E-01
                         Error 70        4.604101832E-01
                         Error 71        4.603879790E-01
                         Error 72        4.603658201E-01
                         Error 73        4.603437065E-01
                         Error 74        4.603216381E-01
                         Error 75        4.602996146E-01
                         Error 76        4.602776359E-01
                         Error 77        4.602557020E-01
                         Error 78        4.602338126E-01
                         Error 79        4.602119676E-01
                         Error 80        4.601901669E-01
                         Error 81        4.601684104E-01
                         Error 82        4.601466979E-01
                         Error 83        4.601250292E-01
                         Error 84        4.601034043E-01
                         Error 85        4.600818230E-01
                         Error 86        4.600602851E-01
                         Error 87        4.600387906E-01
                         Error 88        4.600173393E-01
                         Error 89        4.599959311E-01
                         Error 90        4.599745658E-01
                         Error 91        4.599532433E-01
                         Error 92        4.599319635E-01
                         Error 93        4.599107262E-01
                         Error 94        4.598895314E-01
                         Error 95        4.598683788E-01
                         Error 96        4.598472684E-01
                         Error 97        4.598262001E-01
                         Error 98        4.598051737E-01
                         Error 99        4.597841891E-01
                         Error100        4.597632461E-01
                         Error101        4.597423447E-01
                         Error102        4.597214847E-01
                         Error103        4.597006660E-01
                         Error104        4.596798885E-01
                         Error105        4.596591520E-01
                         Error106        4.596384565E-01
                         Error107        4.596178018E-01
                         Error108        4.595971878E-01
                         Error109        4.595766143E-01
                         Error110        4.595560813E-01
                         Error111        4.595355887E-01
                         Error112        4.595151362E-01
                         Error113        4.594947239E-01
                         Error114        4.594743516E-01
                         Error115        4.594540191E-01
                         Error116        4.594337264E-01
                         Error117        4.594134733E-01
                         Error118        4.593932598E-01
                         Error119        4.593730857E-01
                         Error120        4.593529508E-01
                         Error121        4.593328552E-01
                         Error122        4.593127987E-01
                         Error123        4.592927811E-01
                         Error124        4.592728024E-01
                         Error125        4.592528624E-01
                         Error126        4.592329611E-01
                         Error127        4.592130983E-01
                         Error128        4.591932739E-01
                         Error129        4.591734878E-01
                         Error130        4.591537400E-01
                         Error131        4.591340302E-01
                         Error132        4.591143584E-01
                         Error133        4.590947245E-01
                         Error134        4.590751284E-01
                         Error135        4.590555700E-01
                         Error136        4.590360491E-01
                         Error137        4.590165657E-01
                         Error138        4.589971196E-01
                         Error139        4.589777109E-01
                         Error140        4.589583392E-01
                         Error141        4.589390046E-01
                         Error142        4.589197070E-01
                         Error143        4.589004462E-01
                         Error144        4.588812222E-01
                         Error145        4.588620348E-01
                         Error146        4.588428839E-01
                         Error147        4.588237695E-01
                         Error148        4.588046915E-01
                         Error149        4.587856497E-01
                         Error150        4.587666440E-01
                         Error151        4.587476744E-01
                         Error152        4.587287408E-01
                         Error153        4.587098430E-01
                         Error154        4.586909809E-01
                         Error155        4.586721545E-01
                         Error156        4.586533637E-01
                         Error157        4.586346084E-01
                         Error158        4.586158884E-01
                         Error159        4.585972038E-01
                         Error160        4.585785543E-01
                         Error161        4.585599399E-01
                         Error162        4.585413605E-01
                         Error163        4.585228160E-01
                         Error164        4.585043063E-01
                         Error165        4.584858313E-01
                         Error166        4.584673910E-01
                         Error167        4.584489852E-01
                         Error168        4.584306139E-01
                         Error169        4.584122769E-01
                         Error170        4.583939741E-01
                         Error171        4.583757056E-01
                         Error172        4.583574711E-01
                         Error173        4.583392706E-01
                         Error174        4.583211040E-01
                         Error175        4.583029713E-01
                         Error176        4.582848722E-01
                         Error177        4.582668068E-01
                         Error178        4.582487750E-01
                         Error179        4.582307766E-01
                         Error180        4.582128116E-01
                         Error181        4.581948799E-01
                         Error182        4.581769814E-01
                         Error183        4.581591160E-01
                         Error184        4.581412836E-01
                         Error185        4.581234842E-01
                         Error186        4.581057176E-01
                         Error187        4.580879838E-01
                         Error188        4.580702827E-01
                         Error189        4.580526143E-01
                         Error190        4.580349783E-01
                         Error191        4.580173748E-01
                         Error192        4.579998036E-01
                         Error193        4.579822647E-01
                         Error194        4.579647580E-01
                         Error195        4.579472834E-01
                         Error196        4.579298409E-01
                         Error197        4.579124302E-01
                         Error198        4.578950515E-01
                         Error199        4.578777045E-01
                         Error200        4.578603893E-01
                         Error201        4.578431056E-01
                         Error202        4.578258535E-01
                         Error203        4.578086329E-01
                         Error204        4.577914436E-01
                         Error205        4.577742856E-01
                         Error206        4.577571589E-01
                         Error207        4.577400633E-01
                         Error208        4.577229988E-01
                         Error209        4.577059653E-01
                         Error210        4.576889627E-01
                         Error211        4.576719909E-01
                         Error212        4.576550498E-01
                         Error213        4.576381395E-01
                         Error214        4.576212597E-01
                         Error215        4.576044105E-01
                         Error216        4.575875918E-01
                         Error217        4.575708034E-01
                         Error218        4.575540453E-01
                         Error219        4.575373174E-01
                         Error220        4.575206196E-01
                         Error221        4.575039520E-01
                         Error222        4.574873143E-01
                         Error223        4.574707066E-01
                         Error224        4.574541287E-01
                         Error225        4.574375806E-01
                         Error226        4.574210622E-01
                         Error227        4.574045734E-01
                         Error228        4.573881142E-01
                         Error229        4.573716845E-01
                         Error230        4.573552842E-01
                         Error231        4.573389132E-01
                         Error232        4.573225715E-01
                         Error233        4.573062589E-01
                         Error234        4.572899755E-01
                         Error235        4.572737212E-01
                         Error236        4.572574958E-01
                         Error237        4.572412993E-01
                         Error238        4.572251317E-01
                         Error239        4.572089929E-01
                         Error240        4.571928827E-01
                         Error241        4.571768012E-01
                         Error242        4.571607482E-01
                         Error243        4.571447238E-01
                         Error244        4.571287277E-01
                         Error245        4.571127600E-01
                         Error246        4.570968206E-01
                         Error247        4.570809094E-01
                         Error248        4.570650263E-01
                         Error249        4.570491714E-01
                         Error250        4.570333444E-01
                         Error251        4.570175454E-01
                         Error252        4.570017742E-01
                         Error253        4.569860309E-01
                         Error254        4.569703153E-01
                         Error255        4.569546273E-01
                         Error256        4.569389670E-01
                         Error257        4.569233342E-01
                         Error258        4.569077289E-01
                         Error259        4.568921510E-01
                         Error260        4.568766005E-01
                         Error261        4.568610772E-01
                         Error262        4.568455811E-01
                         Error263        4.568301122E-01
                         Error264        4.568146704E-01
                         Error265        4.567992556E-01
                         Error266        4.567838677E-01
                         Error267        4.567685067E-01
                         Error268        4.567531726E-01
                         Error269        4.567378652E-01
                         Error270        4.567225845E-01
                         Error271        4.567073305E-01
                         Error272        4.566921030E-01
                         Error273        4.566769020E-01
                         Error274        4.566617275E-01
                         Error275        4.566465794E-01
                         Error276        4.566314576E-01
                         Error277        4.566163620E-01
                         Error278        4.566012926E-01
                         Error279        4.565862494E-01
                         Error280        4.565712322E-01
                         Error281        4.565562411E-01
                         Error282        4.565412759E-01
                         Error283        4.565263366E-01
                         Error284        4.565114231E-01
                         Error285        4.564965354E-01
                         Error286        4.564816734E-01
                         Error287        4.564668370E-01
                         Error288        4.564520263E-01
                         Error289        4.564372410E-01
                         Error290        4.564224812E-01
                         Error291        4.564077469E-01
                         Error292        4.563930378E-01
                         Error293        4.563783541E-01
                         Error294        4.563636956E-01
                         Error295        4.563490622E-01
                         Error296        4.563344540E-01
                         Error297        4.563198708E-01
                         Error298        4.563053127E-01
                         Error299        4.562907794E-01
                         Error300        4.562762710E-01
                         Error301        4.562617875E-01
                         Error302        4.562473287E-01
                         Error303        4.562328946E-01
                         Error304        4.562184852E-01
                         Error305        4.562041003E-01
                         Error306        4.561897400E-01
                         Error307        4.561754042E-01
                         Error308        4.561610928E-01
                         Error309        4.561468057E-01
                         Error310        4.561325430E-01
                         Error311        4.561183045E-01
                         Error312        4.561040902E-01
                         Error313        4.560899000E-01
                         Error314        4.560757339E-01
                         Error315        4.560615919E-01
                         Error316        4.560474738E-01
                         Error317        4.560333796E-01
                         Error318        4.560193093E-01
                         Error319        4.560052628E-01
                         Error320        4.559912401E-01
                         Error321        4.559772411E-01
                         Error322        4.559632657E-01
                         Error323        4.559493138E-01
                         Error324        4.559353856E-01
                         Error325        4.559214808E-01
                         Error326        4.559075994E-01
                         Error327        4.558937414E-01
                         Error328        4.558799067E-01
                         Error329        4.558660953E-01
                         Error330        4.558523071E-01
                         Error331        4.558385421E-01
                         Error332        4.558248002E-01
                         Error333        4.558110813E-01
                         Error334        4.557973854E-01
                         Error335        4.557837125E-01
                         Error336        4.557700625E-01
                         Error337        4.557564353E-01
                         Error338        4.557428309E-01
                         Error339        4.557292493E-01
                         Error340        4.557156903E-01
                         Error341        4.557021540E-01
                         Error342        4.556886403E-01
                         Error343        4.556751491E-01
                         Error344        4.556616804E-01
                         Error345        4.556482341E-01
                         Error346        4.556348102E-01
                         Error347        4.556214086E-01
                         Error348        4.556080294E-01
                         Error349        4.555946723E-01
                         Error350        4.555813374E-01
                         Error351        4.555680247E-01
                         Error352        4.555547340E-01
                         Error353        4.555414654E-01
                         Error354        4.555282188E-01
                         Error355        4.555149941E-01
                         Error356        4.555017912E-01
                         Error357        4.554886102E-01
                         Error358        4.554754510E-01
                         Error359        4.554623135E-01
                         Error360        4.554491977E-01
                         Error361        4.554361036E-01
                         Error362        4.554230310E-01
                         Error363        4.554099800E-01
                         Error364        4.553969504E-01
                         Error365        4.553839423E-01
                         Error366        4.553709556E-01
                         Error367        4.553579903E-01
                         Error368        4.553450462E-01
                         Error369        4.553321234E-01
                         Error370        4.553192218E-01
                         Error371        4.553063414E-01
                         Error372        4.552934820E-01
                         Error373        4.552806437E-01
                         Error374        4.552678265E-01
                         Error375        4.552550302E-01
                         Error376        4.552422548E-01
                         Error377        4.552295003E-01
                         Error378        4.552167666E-01
                         Error379        4.552040538E-01
                         Error380        4.551913616E-01
                         Error381        4.551786901E-01
                         Error382        4.551660393E-01
                         Error383        4.551534091E-01
                         Error384        4.551407994E-01
                         Error385        4.551282102E-01
                         Error386        4.551156415E-01
                         Error387        4.551030932E-01
                         Error388        4.550905653E-01
                         Error389        4.550780577E-01
                         Error390        4.550655704E-01
                         Error391        4.550531033E-01
                         Error392        4.550406564E-01
                         Error393        4.550282296E-01
                         Error394        4.550158230E-01
                         Error395        4.550034364E-01
                         Error396        4.549910698E-01
                         Error397        4.549787231E-01
                         Error398        4.549663964E-01
                         Error399        4.549540896E-01
                         Error400        4.549418026E-01
                         Error401        4.549295354E-01
                         Error402        4.549172880E-01
                         Error403        4.549050602E-01
                         Error404        4.548928521E-01
                         Error405        4.548806636E-01
                         Error406        4.548684947E-01
                         Error407        4.548563454E-01
                         Error408        4.548442155E-01
                         Error409        4.548321050E-01
                         Error410        4.548200140E-01
                         Error411        4.548079423E-01
                         Error412        4.547958899E-01
                         Error413        4.547838568E-01
                         Error414        4.547718430E-01
                         Error415        4.547598483E-01
                         Error416        4.547478728E-01
                         Error417        4.547359164E-01
                         Error418        4.547239790E-01
                         Error419        4.547120607E-01
                         Error420        4.547001613E-01
                         Error421        4.546882809E-01
                         Error422        4.546764194E-01
                         Error423        4.546645767E-01
                         Error424        4.546527529E-01
                         Error425        4.546409478E-01
                         Error426        4.546291614E-01
                         Error427        4.546173938E-01
                         Error428        4.546056448E-01
                         Error429        4.545939144E-01
                         Error430        4.545822026E-01
                         Error431        4.545705093E-01
                         Error432        4.545588345E-01
                         Error433        4.545471781E-01
                         Error434        4.545355401E-01
                         Error435        4.545239206E-01
                         Error436        4.545123193E-01
                         Error437        4.545007363E-01
                         Error438        4.544891716E-01
                         Error439        4.544776251E-01
                         Error440        4.544660967E-01
                         Error441        4.544545865E-01
                         Error442        4.544430944E-01
                         Error443        4.544316203E-01
                         Error444        4.544201643E-01
                         Error445        4.544087262E-01
                         Error446        4.543973060E-01
                         Error447        4.543859038E-01
                         Error448        4.543745193E-01
                         Error449        4.543631528E-01
                         Error450        4.543518039E-01
                         Error451        4.543404729E-01
                         Error452        4.543291595E-01
                         Error453        4.543178638E-01
                         Error454        4.543065857E-01
                         Error455        4.542953252E-01
                         Error456        4.542840823E-01
                         Error457        4.542728568E-01
                         Error458        4.542616489E-01
                         Error459        4.542504584E-01
                         Error460        4.542392852E-01
                         Error461        4.542281295E-01
                         Error462        4.542169910E-01
                         Error463        4.542058699E-01
                         Error464        4.541947660E-01
                         Error465        4.541836793E-01
                         Error466        4.541726098E-01
                         Error467        4.541615574E-01
                         Error468        4.541505221E-01
                         Error469        4.541395039E-01
                         Error470        4.541285027E-01
                         Error471        4.541175185E-01
                         Error472        4.541065512E-01
                         Error473        4.540956009E-01
                         Error474        4.540846675E-01
                         Error475        4.540737509E-01
                         Error476        4.540628511E-01
                         Error477        4.540519681E-01
                         Error478        4.540411018E-01
                         Error479        4.540302522E-01
                         Error480        4.540194193E-01
                         Error481        4.540086030E-01
                         Error482        4.539978033E-01
                         Error483        4.539870202E-01
                         Error484        4.539762536E-01
                         Error485        4.539655035E-01
                         Error486        4.539547698E-01
                         Error487        4.539440526E-01
                         Error488        4.539333517E-01
                         Error489        4.539226672E-01
                         Error490        4.539119990E-01
                         Error491        4.539013471E-01
                         Error492        4.538907114E-01
                         Error493        4.538800919E-01
                         Error494        4.538694886E-01
                         Error495        4.538589015E-01
                         Error496        4.538483304E-01
                         Error497        4.538377755E-01
                         Error498        4.538272365E-01
                         Error499        4.538167136E-01
                         Error500        4.538062066E-01
                         Error        4.538062066E-01

real	70m7.113s
user	70m6.424s
sys	0m0.034s
