-xyz
refined.xyz
-dens
/home/unibas/boittier/RDKit_G2/B.pdb/SCAN_1_2_3_4_S_36_-10.0/29_SCAN_1_2_3_4_F/B.d.cube
-esp
/home/unibas/boittier/RDKit_G2/B.pdb/SCAN_1_2_3_4_S_36_-10.0/29_SCAN_1_2_3_4_F/B.p.cube
-stepsize
0.2
-n_steps
50
-learning_rate
0.5
  -3.1446310806286326        1.0699335879886180       -2.8288096800625944     
  -3.4914959071905689       0.45402953942703184       0.27854291527360664     
  -6.3306257718774370      -0.53791800047008009       -2.9934102774541161E-002
  -4.0281220014618855      -0.58803825826724598       0.16069063846238216     
  -3.5139836015154877      -0.90558636146204563      -0.37329333781197221     
  -2.7702360223385747      -0.83288282744388697       0.88323598560229044     
  -1.4435004957106907      -0.40762433087029409        1.7451669565111927     
  -2.2516016845959426      -0.66688139445669448       0.70391125806188271     
  -1.3376560180334436      -0.21581003062375623       0.81359874865867376     
  -2.1335880806596172       -1.9976165343387318        3.3251325800630984     
   1.7349063210150579        2.9184486185887244        8.0937703642277675E-002
   1.5793822098163690        2.3092712056639497       0.24840362396100274     
   1.4998318070348280        1.4803677861367728       0.12534680781895791     
   1.6366834903737904        2.5716332954963703        9.6608469153220567E-003
  0.77017241071188758      -0.36942386974340508        1.4673050740199593E-002
   1.0260739808493535       0.36884945977087591       0.29586015725771331     
  0.63083300569842515      -0.85254714434624546       0.21788799005661022     
   1.2488630308046256      -0.65977060429631718       0.57191987342491879     
   5.0785949474755414       -1.1265108624461422      -0.94504984552605575     
   1.8164287957824590       -1.5933237066669992        2.2893624285060896E-002
   2.2512761788873723       -1.2025681485192821      -0.62413631553945714     
   2.6698785569812031      -0.91809275935628620      -0.33570333505441885     
   2.5854820797751716       -1.2558781157282597       -8.5087113544819765E-002
   2.2130817026719418       -4.0205306245957670       -1.0777611575177084     
   2.3462520478159652       -3.9237390140154620      -0.79071712495691593     
First
                         Total        6.407464300E-01
Step size:       0.20
Step size in Bohr:       0.38
Learning Rate:       1.00
# Steps:         50
                         Error  1        6.400222921E-01
                         Error  2        6.393090950E-01
                         Error  3        6.386062693E-01
                         Error  4        6.379132889E-01
                         Error  5        6.372296674E-01
                         Error  6        6.365549554E-01
                         Error  7        6.358887372E-01
                         Error  8        6.352306278E-01
                         Error  9        6.345802714E-01
                         Error 10        6.339373379E-01
                         Error 11        6.333015216E-01
                         Error 12        6.326725392E-01
                         Error 13        6.320501277E-01
                         Error 14        6.314340428E-01
                         Error 15        6.308240578E-01
                         Error 16        6.302199617E-01
                         Error 17        6.296215583E-01
                         Error 18        6.290286648E-01
                         Error 19        6.284411111E-01
                         Error 20        6.278587381E-01
                         Error 21        6.272813975E-01
                         Error 22        6.267089508E-01
                         Error 23        6.261412681E-01
                         Error 24        6.255782280E-01
                         Error 25        6.250197165E-01
                         Error 26        6.244656266E-01
                         Error 27        6.239158580E-01
                         Error 28        6.233703160E-01
                         Error 29        6.228289114E-01
                         Error 30        6.222915602E-01
                         Error 31        6.217581830E-01
                         Error 32        6.212287047E-01
                         Error 33        6.207030540E-01
                         Error 34        6.201811635E-01
                         Error 35        6.196629690E-01
                         Error 36        6.191484095E-01
                         Error 37        6.186374269E-01
                         Error 38        6.181299658E-01
                         Error 39        6.176259732E-01
                         Error 40        6.171253983E-01
                         Error 41        6.166281927E-01
                         Error 42        6.161343097E-01
                         Error 43        6.156437045E-01
                         Error 44        6.151563341E-01
                         Error 45        6.146721569E-01
                         Error 46        6.141911329E-01
                         Error 47        6.137132234E-01
                         Error 48        6.132383909E-01
                         Error 49        6.127665993E-01
                         Error 50        6.122978133E-01
                         Error        6.122978133E-01
