-xyz
refined.xyz
-dens
../../cube_files/ester/16_SCAN_1_2_6_8_F/O.d.cube
-esp
../../cube_files/ester/16_SCAN_1_2_6_8_F/O.p.cube
-stepsize
0.2
-n_steps
200
-learning_rate
0.5
   3.0020687877219410      -0.81355263791647758      -0.20731433220791368     
   3.3258357422062796      -0.95551072350784039      -0.69473180989004135     
   2.9392576358843638       -1.9844508392432625        1.8777989985797168     
   2.8890485166332875       -1.8731037333510652        1.5118519214298443     
   4.6432265578426453       -2.2550565210031476E-002  0.30864031562235134     
   4.1806741315380096      -0.18162830309337213       0.40365142684186406     
   3.5425556097602557       -3.2715820459459333       -1.5662170593188287     
  0.78710606730218702        3.1018580024375795        3.6328339764159938E-002
  0.12845921803765836        2.8852288640070269      -0.13210148170772246     
   1.1885275134472417        2.8481579676714226        4.9779500363336948E-002
  -3.5289306685255518E-002 -0.14821669179263561      -0.26204949815639367     
   1.3570112056970802       0.25480074264003472      -0.44048539396196290     
   1.5790145268090969      -0.21683495248740037      -0.88024820972538154     
 -0.60435690661079666      -0.81941801407173376      -0.44653616970256815     
  -1.1778400597593748       -1.1157507504382373       -1.1185114640028389     
  -1.6078194591558250       -1.1201643308750580      -0.69714826194307356     
  -1.3667895403859558       -1.1709787656478419      -0.32073700711030639     
  -4.0053049786870067      -0.71083737329021202        1.6500059373122589E-002
  -2.7785642423679127       -8.1256619481312062E-002 -0.24469375079119959     
  -4.3636716258335460      -0.98596783956003065        7.8529607306300403E-002
  -3.6200005293099138      -0.66790930364193968        2.2114677231100348     
  -3.6016566272777646      -0.75053615578966004        2.0383255103970934     
  -3.8084600742865446       0.78362300465026447      -0.16432043941757166     
  -4.0940288885421943        1.3938737945447850      -0.34208607919269524     
First
                         Total        9.991258209E-01
Step size:       0.20
Step size in Bohr:       0.38
Learning Rate:       1.00
# Steps:        200
                         Error  1        9.876815412E-01
                         Error  2        9.768342606E-01
                         Error  3        9.665539779E-01
                         Error  4        9.568116203E-01
                         Error  5        9.475790832E-01
                         Error  6        9.388292604E-01
                         Error  7        9.305360659E-01
                         Error  8        9.226744477E-01
                         Error  9        9.152203940E-01
                         Error 10        9.081509337E-01
                         Error 11        9.014441295E-01
                         Error 12        8.950790668E-01
                         Error 13        8.890358380E-01
                         Error 14        8.832955215E-01
                         Error 15        8.778401589E-01
                         Error 16        8.726527284E-01
                         Error 17        8.677171161E-01
                         Error 18        8.630180852E-01
                         Error 19        8.585412447E-01
                         Error 20        8.542730159E-01
                         Error 21        8.502005992E-01
                         Error 22        8.463119402E-01
                         Error 23        8.425956960E-01
                         Error 24        8.390412011E-01
                         Error 25        8.356384350E-01
                         Error 26        8.323779888E-01
                         Error 27        8.292510340E-01
                         Error 28        8.262492911E-01
                         Error 29        8.233649998E-01
                         Error 30        8.205908899E-01
                         Error 31        8.179201535E-01
                         Error 32        8.153464181E-01
                         Error 33        8.128637214E-01
                         Error 34        8.104664860E-01
                         Error 35        8.081494971E-01
                         Error 36        8.059078794E-01
                         Error 37        8.037370766E-01
                         Error 38        8.016328315E-01
                         Error 39        7.995911668E-01
                         Error 40        7.976083675E-01
                         Error 41        7.956809638E-01
                         Error 42        7.938057159E-01
                         Error 43        7.919795981E-01
                         Error 44        7.901997857E-01
                         Error 45        7.884636413E-01
                         Error 46        7.867687024E-01
                         Error 47        7.851126700E-01
                         Error 48        7.834933977E-01
                         Error 49        7.819088812E-01
                         Error 50        7.803572491E-01
                         Error 51        7.788367539E-01
                         Error 52        7.773457634E-01
                         Error 53        7.758827532E-01
                         Error 54        7.744462992E-01
                         Error 55        7.730350709E-01
                         Error 56        7.716478250E-01
                         Error 57        7.702833993E-01
                         Error 58        7.689407075E-01
                         Error 59        7.676187337E-01
                         Error 60        7.663165279E-01
                         Error 61        7.650332012E-01
                         Error 62        7.637679218E-01
                         Error 63        7.625199109E-01
                         Error 64        7.612884394E-01
                         Error 65        7.600728244E-01
                         Error 66        7.588724256E-01
                         Error 67        7.576866432E-01
                         Error 68        7.565149144E-01
                         Error 69        7.553567112E-01
                         Error 70        7.542115381E-01
                         Error 71        7.530789297E-01
                         Error 72        7.519584486E-01
                         Error 73        7.508496840E-01
                         Error 74        7.497522491E-01
                         Error 75        7.486657801E-01
                         Error 76        7.475899345E-01
                         Error 77        7.465243895E-01
                         Error 78        7.454688407E-01
                         Error 79        7.444230012E-01
                         Error 80        7.433865998E-01
                         Error 81        7.423593805E-01
                         Error 82        7.413411015E-01
                         Error 83        7.403315337E-01
                         Error 84        7.393304603E-01
                         Error 85        7.383376761E-01
                         Error 86        7.373529863E-01
                         Error 87        7.363762062E-01
                         Error 88        7.354071602E-01
                         Error 89        7.344456816E-01
                         Error 90        7.334916116E-01
                         Error 91        7.325447993E-01
                         Error 92        7.316051007E-01
                         Error 93        7.306723784E-01
                         Error 94        7.297465013E-01
                         Error 95        7.288273442E-01
                         Error 96        7.279147873E-01
                         Error 97        7.270087160E-01
                         Error 98        7.261090203E-01
                         Error 99        7.252155949E-01
                         Error100        7.243283387E-01
                         Error101        7.234471546E-01
                         Error102        7.225719490E-01
                         Error103        7.217026322E-01
                         Error104        7.208391175E-01
                         Error105        7.199813213E-01
                         Error106        7.191291631E-01
                         Error107        7.182825651E-01
                         Error108        7.174414520E-01
                         Error109        7.166057510E-01
                         Error110        7.157753917E-01
                         Error111        7.149503056E-01
                         Error112        7.141304266E-01
                         Error113        7.133156904E-01
                         Error114        7.125060345E-01
                         Error115        7.117013982E-01
                         Error116        7.109017225E-01
                         Error117        7.101069498E-01
                         Error118        7.093170241E-01
                         Error119        7.085318909E-01
                         Error120        7.077514969E-01
                         Error121        7.069757901E-01
                         Error122        7.062047198E-01
                         Error123        7.054382364E-01
                         Error124        7.046762914E-01
                         Error125        7.039188373E-01
                         Error126        7.031658278E-01
                         Error127        7.024172174E-01
                         Error128        7.016729614E-01
                         Error129        7.009330164E-01
                         Error130        7.001973393E-01
                         Error131        6.994658883E-01
                         Error132        6.987386221E-01
                         Error133        6.980155002E-01
                         Error134        6.972964829E-01
                         Error135        6.965815311E-01
                         Error136        6.958706063E-01
                         Error137        6.951636709E-01
                         Error138        6.944606876E-01
                         Error139        6.937616200E-01
                         Error140        6.930664321E-01
                         Error141        6.923750884E-01
                         Error142        6.916875541E-01
                         Error143        6.910037948E-01
                         Error144        6.903237768E-01
                         Error145        6.896474667E-01
                         Error146        6.889748315E-01
                         Error147        6.883058390E-01
                         Error148        6.876404571E-01
                         Error149        6.869786544E-01
                         Error150        6.863203998E-01
                         Error151        6.856656625E-01
                         Error152        6.850144124E-01
                         Error153        6.843666196E-01
                         Error154        6.837222545E-01
                         Error155        6.830812881E-01
                         Error156        6.824436916E-01
                         Error157        6.818094367E-01
                         Error158        6.811784952E-01
                         Error159        6.805508396E-01
                         Error160        6.799264424E-01
                         Error161        6.793052767E-01
                         Error162        6.786873157E-01
                         Error163        6.780725330E-01
                         Error164        6.774609025E-01
                         Error165        6.768523985E-01
                         Error166        6.762469954E-01
                         Error167        6.756446681E-01
                         Error168        6.750453916E-01
                         Error169        6.744491413E-01
                         Error170        6.738558929E-01
                         Error171        6.732656223E-01
                         Error172        6.726783055E-01
                         Error173        6.720939192E-01
                         Error174        6.715124398E-01
                         Error175        6.709338445E-01
                         Error176        6.703581104E-01
                         Error177        6.697852149E-01
                         Error178        6.692151356E-01
                         Error179        6.686478506E-01
                         Error180        6.680833379E-01
                         Error181        6.675215759E-01
                         Error182        6.669625432E-01
                         Error183        6.664062185E-01
                         Error184        6.658525811E-01
                         Error185        6.653016100E-01
                         Error186        6.647532847E-01
                         Error187        6.642075849E-01
                         Error188        6.636644906E-01
                         Error189        6.631239817E-01
                         Error190        6.625860385E-01
                         Error191        6.620506415E-01
                         Error192        6.615177713E-01
                         Error193        6.609874089E-01
                         Error194        6.604595353E-01
                         Error195        6.599341317E-01
                         Error196        6.594111795E-01
                         Error197        6.588906603E-01
                         Error198        6.583725559E-01
                         Error199        6.578568482E-01
                         Error200        6.573435194E-01
                         Error        6.573435194E-01
