-xyz
refined.xyz
-dens
../../cube_files/fbuta/10_SCAN_1_2_3_4_F/B.d.cube
-esp
../../cube_files/fbuta/10_SCAN_1_2_3_4_F/B.p.cube
-stepsize
0.2
-n_steps
100
-learning_rate
0.5
  -3.7404326626247260        2.5753946765098412      -0.91264870637851703     
  -3.5134571145854712      -0.15468707152468086       0.72980727552418778     
  -6.3283429778984592      -0.99116081469755424       0.10229641309732236     
  -4.0532469465017753      -0.78227945178946678        6.0517099965154850E-002
  -3.5694050159031487      -0.63357346710937412      -0.69003181265453417     
  -2.5581959765605875       -1.4845607515438473       0.52389996046571552     
  -1.5108048634721289       -1.2173607794798593      -0.69117869237197094     
  -2.0177149949228990       -1.3271874051462698       0.59935500423046606     
  -1.0696724903213262       -1.1973040143274418       0.15379063273997584     
  -1.6000064824875835       -3.7458756746772544       0.97699479859433680     
   3.2219535024950168       -2.0446435995628152      -0.23068529806752477     
   2.7199395639652706       -1.6249934636541941      -0.31664148932305869     
   2.2440100801892733      -0.97059626848006608      -0.11988644084584534     
   2.9836616369082032       -1.7872935144616044      -0.11331006033736631     
  0.66992734714699365       0.20714519980692217       0.29366323029117947     
   1.2151251753838321      -0.31541998745029742       -7.7834977834053853E-002
  0.24749708534985768       0.51397393487376108       0.17683544824007283     
  0.73448677634895221       0.63407927390263308      -0.37996332306351738     
   3.9331650029996990        3.2559424086323405      -0.15472466910016697     
  0.82821384923455532        1.8058038968718224        1.1830481488517387E-002
   1.5713451258360891        1.7818647392924447       0.45475720348975512     
   1.9833672352026335        1.7375949131867565        3.2193761615402106E-002
   1.6431213172378416        1.9406781792732812      -0.16740781464465723     
  0.15830260643056485        4.1857148561451938        1.0866495789541302     
  0.22853163606021223        4.1446959617495605       0.76024869339350720     
First
                         Total        6.415272745E-01
Step size:       0.20
Step size in Bohr:       0.38
Learning Rate:       1.00
# Steps:        100
                         Error  1        6.380779673E-01
                         Error  2        6.348335133E-01
                         Error  3        6.317770953E-01
                         Error  4        6.288932344E-01
                         Error  5        6.261676976E-01
                         Error  6        6.235874103E-01
                         Error  7        6.211403723E-01
                         Error  8        6.188155778E-01
                         Error  9        6.166029410E-01
                         Error 10        6.144932249E-01
                         Error 11        6.124779748E-01
                         Error 12        6.105494567E-01
                         Error 13        6.087005990E-01
                         Error 14        6.069249387E-01
                         Error 15        6.052165713E-01
                         Error 16        6.035701047E-01
                         Error 17        6.019806159E-01
                         Error 18        6.004436114E-01
                         Error 19        5.989549912E-01
                         Error 20        5.975110144E-01
                         Error 21        5.961082687E-01
                         Error 22        5.947436417E-01
                         Error 23        5.934142952E-01
                         Error 24        5.921176406E-01
                         Error 25        5.908513176E-01
                         Error 26        5.896131738E-01
                         Error 27        5.884012462E-01
                         Error 28        5.872137448E-01
                         Error 29        5.860490369E-01
                         Error 30        5.849056331E-01
                         Error 31        5.837821748E-01
                         Error 32        5.826774221E-01
                         Error 33        5.815902434E-01
                         Error 34        5.805196056E-01
                         Error 35        5.794645654E-01
                         Error 36        5.784242611E-01
                         Error 37        5.773979050E-01
                         Error 38        5.763847773E-01
                         Error 39        5.753842194E-01
                         Error 40        5.743956287E-01
                         Error 41        5.734184536E-01
                         Error 42        5.724521886E-01
                         Error 43        5.714963704E-01
                         Error 44        5.705505738E-01
                         Error 45        5.696144086E-01
                         Error 46        5.686875162E-01
                         Error 47        5.677695670E-01
                         Error 48        5.668602574E-01
                         Error 49        5.659593076E-01
                         Error 50        5.650664596E-01
                         Error 51        5.641814753E-01
                         Error 52        5.633041344E-01
                         Error 53        5.624342329E-01
                         Error 54        5.615715817E-01
                         Error 55        5.607160053E-01
                         Error 56        5.598673406E-01
                         Error 57        5.590254357E-01
                         Error 58        5.581901487E-01
                         Error 59        5.573613474E-01
                         Error 60        5.565389077E-01
                         Error 61        5.557227136E-01
                         Error 62        5.549126560E-01
                         Error 63        5.541086320E-01
                         Error 64        5.533105451E-01
                         Error 65        5.525183037E-01
                         Error 66        5.517318212E-01
                         Error 67        5.509510157E-01
                         Error 68        5.501758090E-01
                         Error 69        5.494061270E-01
                         Error 70        5.486418988E-01
                         Error 71        5.478830567E-01
                         Error 72        5.471295358E-01
                         Error 73        5.463812740E-01
                         Error 74        5.456382115E-01
                         Error 75        5.449002905E-01
                         Error 76        5.441674557E-01
                         Error 77        5.434396533E-01
                         Error 78        5.427168314E-01
                         Error 79        5.419989395E-01
                         Error 80        5.412859288E-01
                         Error 81        5.405777518E-01
                         Error 82        5.398743621E-01
                         Error 83        5.391757147E-01
                         Error 84        5.384817654E-01
                         Error 85        5.377924713E-01
                         Error 86        5.371077901E-01
                         Error 87        5.364276807E-01
                         Error 88        5.357521027E-01
                         Error 89        5.350810163E-01
                         Error 90        5.344143825E-01
                         Error 91        5.337521632E-01
                         Error 92        5.330943206E-01
                         Error 93        5.324408176E-01
                         Error 94        5.317916177E-01
                         Error 95        5.311466850E-01
                         Error 96        5.305059839E-01
                         Error 97        5.298694795E-01
                         Error 98        5.292371372E-01
                         Error 99        5.286089228E-01
                         Error100        5.279848026E-01
                         Error        5.279848026E-01
