-xyz
refined.xyz
-dens
/home/unibas/boittier/RDKit_G2/B.pdb/SCAN_1_2_3_4_S_36_10.0/25_SCAN/B.d.cube
-esp
/home/unibas/boittier/RDKit_G2/B.pdb/SCAN_1_2_3_4_S_36_10.0/25_SCAN/B.p.cube
-stepsize
0.2
-n_steps
100
-learning_rate
0.5
  -3.6891653661196058        2.7669568895728420      -0.36283391641772378     
  -3.0820944101163290       -1.0901483392007576E-002  0.56217741098742768     
  -2.8123483781315541       0.27973521392003614      -0.39128917680605940     
  -5.7654610846999805       -1.1661175137606106       0.17295784362065750     
  -2.9100645396525562        3.4994327696534024E-002 -0.63200683109951794     
 -0.99886562375517851       -1.1174666316929165      -0.14781325860366684     
  -1.4597280302705122       -3.7148026074443070       0.60916370676550757     
  -2.4707307590580085       -1.6973116547967400        7.0726030307153923E-002
  -1.8882247652730373       -1.3706169472347371        1.1754989737217626E-002
   1.4627981261927323        1.6368368321717723      -0.18141726622832402     
   1.4200024901281525        1.8217367993104636      -0.21392448408131068     
   1.1596701492026351        3.2673470398715985       -6.2209739766727813E-002
   1.1345374036232410        2.5350871703243909       -2.9959797309982484E-002
  0.95045821888501802      -0.76849105725960143      -0.12479854139877052     
   1.1776120662336564      -0.45564457654953855      -0.44511924635954675     
   1.4744357994828263      -0.48432447626565533       0.79279956530727047     
   1.1750386497659293       0.63749511011444271       -3.2844311368525891E-002
   2.7709395364028877       -1.1625764969161356      -0.99844890866521319     
   2.8367271005070682       -1.0594633101276132       0.89537988149463477     
   5.2354839971032332      -0.23677753633268836       -5.9982217167301698E-002
   3.0284743485211334       -3.7165254157381877        1.8450895874845590E-002
First
                         Total        8.101245279E+00
Step size:       0.20
Step size in Bohr:       0.38
Learning Rate:       1.00
# Steps:        100
                         Error  1        8.056127581E+00
                         Error  2        8.011338699E+00
                         Error  3        7.966881069E+00
                         Error  4        7.922757093E+00
                         Error  5        7.878969133E+00
                         Error  6        7.835519512E+00
                         Error  7        7.792410510E+00
                         Error  8        7.749644360E+00
                         Error  9        7.707223250E+00
                         Error 10        7.665149316E+00
                         Error 11        7.623424643E+00
                         Error 12        7.582051259E+00
                         Error 13        7.541031136E+00
                         Error 14        7.500366186E+00
                         Error 15        7.460058258E+00
                         Error 16        7.420109137E+00
                         Error 17        7.380520541E+00
                         Error 18        7.341294116E+00
                         Error 19        7.302431441E+00
                         Error 20        7.263934016E+00
                         Error 21        7.225803268E+00
                         Error 22        7.188040543E+00
                         Error 23        7.150647109E+00
                         Error 24        7.113624147E+00
                         Error 25        7.076972758E+00
                         Error 26        7.040693952E+00
                         Error 27        7.004788652E+00
                         Error 28        6.969257692E+00
                         Error 29        6.934101810E+00
                         Error 30        6.899321653E+00
                         Error 31        6.864917772E+00
                         Error 32        6.830890619E+00
                         Error 33        6.797240550E+00
                         Error 34        6.763967821E+00
                         Error 35        6.731072586E+00
                         Error 36        6.698554898E+00
                         Error 37        6.666414708E+00
                         Error 38        6.634651863E+00
                         Error 39        6.603266106E+00
                         Error 40        6.572257075E+00
                         Error 41        6.541624303E+00
                         Error 42        6.511367219E+00
                         Error 43        6.481485146E+00
                         Error 44        6.451977300E+00
                         Error 45        6.422842795E+00
                         Error 46        6.394080637E+00
                         Error 47        6.365689730E+00
                         Error 48        6.337668871E+00
                         Error 49        6.310016758E+00
                         Error 50        6.282731983E+00
                         Error 51        6.255813038E+00
                         Error 52        6.229258315E+00
                         Error 53        6.203066105E+00
                         Error 54        6.177234605E+00
                         Error 55        6.151761912E+00
                         Error 56        6.126646031E+00
                         Error 57        6.101884872E+00
                         Error 58        6.077476256E+00
                         Error 59        6.053417913E+00
                         Error 60        6.029707487E+00
                         Error 61        6.006342538E+00
                         Error 62        5.983320542E+00
                         Error 63        5.960638894E+00
                         Error 64        5.938294914E+00
                         Error 65        5.916285844E+00
                         Error 66        5.894608854E+00
                         Error 67        5.873261045E+00
                         Error 68        5.852239450E+00
                         Error 69        5.831541036E+00
                         Error 70        5.811162710E+00
                         Error 71        5.791101318E+00
                         Error 72        5.771353654E+00
                         Error 73        5.751916454E+00
                         Error 74        5.732786408E+00
                         Error 75        5.713960155E+00
                         Error 76        5.695434292E+00
                         Error 77        5.677205375E+00
                         Error 78        5.659269921E+00
                         Error 79        5.641624412E+00
                         Error 80        5.624265296E+00
                         Error 81        5.607188995E+00
                         Error 82        5.590391901E+00
                         Error 83        5.573870385E+00
                         Error 84        5.557620797E+00
                         Error 85        5.541639468E+00
                         Error 86        5.525922713E+00
                         Error 87        5.510466839E+00
                         Error 88        5.495268138E+00
                         Error 89        5.480322899E+00
                         Error 90        5.465627405E+00
                         Error 91        5.451177937E+00
                         Error 92        5.436970777E+00
                         Error 93        5.423002211E+00
                         Error 94        5.409268527E+00
                         Error 95        5.395766025E+00
                         Error 96        5.382491013E+00
                         Error 97        5.369439809E+00
                         Error 98        5.356608748E+00
                         Error 99        5.343994179E+00
                         Error100        5.331592471E+00
                         Error        5.331592471E+00
