-xyz
refined.xyz
-dens
../../cube_files/acrolein/1_SCAN_1_2_3_4_F/L.d.cube
-esp
../../cube_files/acrolein/1_SCAN_1_2_3_4_F/L.p.cube
-stepsize
0.2
-n_steps
100
-learning_rate
0.5
  -3.5360602109209749        2.6047519893053117      -0.22872045255445903     
  -3.3934866525758984        2.2417872982430787      -0.17249351724558101     
  -5.1028008785264785      -0.81391520617251101      -0.37793734764603271     
  -4.9461270605313743      -0.71119267354701532      -0.38204791293254109     
  -2.8776832118113975       -7.2357377873588050E-002  -8.8712772589516167E-002
  -3.1761096412214300      -0.79165965551616935      -0.10676241355825543     
  -3.9210411228249766       0.19527954965208139      -0.28708022457706206     
  -2.4761650217607194       0.90435248147823566       -3.0676504467153528E-002
  -2.0625802594631253       -1.1323432332090202       0.25521254994663412     
  -1.2933910738751093       -4.2258867800447526E-002  0.38712972551426766     
  -1.5692665558037180      -0.15290992976315088       0.26281577436067938     
  -1.5879147869772279      -0.65787949684768765       0.26076285733086935     
  -1.1492383622184030       -3.4691810511549641       0.22606819958160482     
 -0.31900456786722231       -3.3761757573672782       0.41065038685149563     
  -1.5314053719630702      -0.25324084330223467       0.95423141607884920     
  0.72841521242847873        2.5676356708962809       -1.5122365022614286E-002
  0.89725904973418213        2.4501342418704217       0.56625502561538055     
  0.87755057970735473        2.4125738388228846       0.87798727228780793     
   1.2534319471374324      -0.36964398516265373       -7.6814970550369066E-002
   2.5851591331622457       0.17939482534142290        3.4019710935256818E-002
   3.4401714867392172      -0.89677498937078681      -0.34221384113657322     
   3.7513046304751017      -0.53997492966767935      -0.32100675787458793     
   3.8809312468415866       0.10442328975386278      -0.19862795702895117     
First
                         Total        3.509688152E-01
Step size:       0.20
Step size in Bohr:       0.38
Learning Rate:       1.00
# Steps:        100
                         Error  1        3.494637487E-01
                         Error  2        3.480578560E-01
                         Error  3        3.467446263E-01
                         Error  4        3.455179445E-01
                         Error  5        3.443720724E-01
                         Error  6        3.433016289E-01
                         Error  7        3.423015716E-01
                         Error  8        3.413671789E-01
                         Error  9        3.404940320E-01
                         Error 10        3.396779979E-01
                         Error 11        3.389152129E-01
                         Error 12        3.382020671E-01
                         Error 13        3.375351888E-01
                         Error 14        3.369114307E-01
                         Error 15        3.363278554E-01
                         Error 16        3.357817229E-01
                         Error 17        3.352704778E-01
                         Error 18        3.347917377E-01
                         Error 19        3.343432820E-01
                         Error 20        3.339230416E-01
                         Error 21        3.335290887E-01
                         Error 22        3.331596275E-01
                         Error 23        3.328129856E-01
                         Error 24        3.324876058E-01
                         Error 25        3.321820380E-01
                         Error 26        3.318949324E-01
                         Error 27        3.316250323E-01
                         Error 28        3.313711680E-01
                         Error 29        3.311322508E-01
                         Error 30        3.309072675E-01
                         Error 31        3.306952749E-01
                         Error 32        3.304953954E-01
                         Error 33        3.303068121E-01
                         Error 34        3.301287647E-01
                         Error 35        3.299605459E-01
                         Error 36        3.298014970E-01
                         Error 37        3.296510052E-01
                         Error 38        3.295085000E-01
                         Error 39        3.293734504E-01
                         Error 40        3.292453620E-01
                         Error 41        3.291237748E-01
                         Error 42        3.290082602E-01
                         Error 43        3.288984195E-01
                         Error 44        3.287938810E-01
                         Error 45        3.286942990E-01
                         Error 46        3.285993513E-01
                         Error 47        3.285087378E-01
                         Error 48        3.284221789E-01
                         Error 49        3.283394143E-01
                         Error 50        3.282602013E-01
                         Error 51        3.281843138E-01
                         Error 52        3.281115410E-01
                         Error 53        3.280416865E-01
                         Error 54        3.279745671E-01
                         Error 55        3.279100121E-01
                         Error 56        3.278478623E-01
                         Error 57        3.277879691E-01
                         Error 58        3.277301940E-01
                         Error 59        3.276744078E-01
                         Error 60        3.276204898E-01
                         Error 61        3.275683274E-01
                         Error 62        3.275178157E-01
                         Error 63        3.274688564E-01
                         Error 64        3.274213580E-01
                         Error 65        3.273752349E-01
                         Error 66        3.273304072E-01
                         Error 67        3.272868002E-01
                         Error 68        3.272443441E-01
                         Error 69        3.272029736E-01
                         Error 70        3.271626278E-01
                         Error 71        3.271232495E-01
                         Error 72        3.270847856E-01
                         Error 73        3.270471859E-01
                         Error 74        3.270104039E-01
                         Error 75        3.269743958E-01
                         Error 76        3.269391206E-01
                         Error 77        3.269045400E-01
                         Error 78        3.268706180E-01
                         Error 79        3.268373211E-01
                         Error 80        3.268046177E-01
                         Error 81        3.267724782E-01
                         Error 82        3.267408748E-01
                         Error 83        3.267097816E-01
                         Error 84        3.266791741E-01
                         Error 85        3.266490294E-01
                         Error 86        3.266193261E-01
                         Error 87        3.265900438E-01
                         Error 88        3.265611636E-01
                         Error 89        3.265326676E-01
                         Error 90        3.265045392E-01
                         Error 91        3.264767624E-01
                         Error 92        3.264493225E-01
                         Error 93        3.264222054E-01
                         Error 94        3.263953980E-01
                         Error 95        3.263688879E-01
                         Error 96        3.263426635E-01
                         Error 97        3.263167137E-01
                         Error 98        3.262910281E-01
                         Error 99        3.262655970E-01
                         Error100        3.262404110E-01
                         Error        3.262404110E-01
