-xyz
refined.xyz
-dens
/home/unibas/boittier/RDKit_G2/B.pdb/SCAN_1_2_3_4_S_36_10.0/35_SCAN/B.d.cube
-esp
/home/unibas/boittier/RDKit_G2/B.pdb/SCAN_1_2_3_4_S_36_10.0/35_SCAN/B.p.cube
-stepsize
0.2
-n_steps
0
-learning_rate
0.5
  -4.0199756526050558        2.9736692270823264       0.37026322579491477     
  -3.4744655380729701      -0.61004205404600731       0.72215258052989473     
  -3.7378398779719175      -0.72198591690923031        5.8061213514698388E-002
  -6.2585989547331149       -1.1454162713153289        8.8553927708640484E-002
  -3.5137245798408419      -0.54733398598320204      -0.54657717526843885     
  -1.7446353089060245      -0.32723105517146889        1.6565821361518948E-002
  -1.4478509787980980       -3.0214841731034590E-002   1.7529014942087473E-002
  -1.8751753352490312       -2.6187252311911333      -0.20438970915915272     
  -1.9088606992969332       -2.5896631750029702      -0.73297649832300715     
  -1.9334585004046778       -2.6958683571632673       0.30457694055590728     
   3.4386122553931915       -2.3256396108879498       -8.2619922062280512E-002
   2.8198721765465540       -1.7439587491668755       -3.5095063034715553E-002
  0.72589889002851016       0.77443471867608860      -0.70831917460055605     
  0.42138220361129991       0.93029110134219439      -0.48432207720589932     
   1.0459996682472779       0.91601227299465104       0.56929601732379465     
   1.4915815200064717      -0.19909270779993302      -0.19076517486581845     
   4.2657835253299137        3.2510142436646778        5.3735400009787618E-002
   2.0102330950755611        2.0908331518815899        1.0941681446242505E-002
   1.7797696604404387        2.0468314576884241      -0.66159938246037042     
   1.8613525024103514        2.1354936520219039       0.69754605670734882     
 -0.37075588065443044        4.2465055231410922      -0.10285921339768775     
First
                         Total        7.283660809E+00
Step size:       0.20
Step size in Bohr:       0.38
Learning Rate:       1.00
# Steps:          0
                         Error        7.283660809E+00
