-xyz
refined.xyz
-dens
/home/unibas/boittier/RDKit_G2/B.pdb/SCAN_1_2_3_4_S_36_-10.0/34_SCAN_1_2_3_4_F/B.d.cube
-esp
/home/unibas/boittier/RDKit_G2/B.pdb/SCAN_1_2_3_4_S_36_-10.0/34_SCAN_1_2_3_4_F/B.p.cube
-stepsize
0.2
-n_steps
0
-learning_rate
0.5
   3.6023286396593934        2.4133562322550044       0.67768319289169066     
   3.4357318012202200      -0.46766667650715971      -0.74746819067185377     
   6.2107685029545348       -1.2456755606287420       0.14042985004621134     
   3.9464568749737894       -1.0179862489150304       0.11213193654201396     
   3.4140388227019822      -0.81016370573181273       0.69199281200002627     
   2.4527485684445631       -1.7888702629095317       -6.6806756178052096E-002
   1.5208253512976557      -0.98656247759081095       -1.1765533707689413     
   2.0694606204584756       -1.3772100874151689        5.1717530664625665E-002
   1.2449303367893017      -0.78271407371961965      -0.25555243456681354     
   1.4931476539330739       -4.0228040428096454      -0.70197471436218206     
  -1.0509079499431997        3.0772977746019667      -0.10366827190586789     
  -1.0249019623032554        2.4076039174093151      -0.25268287905857600     
  -1.1661178756342909        1.6198918006929568      -0.11614382639901941     
  -1.0699643399049144        2.7000375125487848       -1.1246987917401655E-002
 -0.89627391313387883      -0.38324092073017918       0.11874225728898148     
 -0.93516306445090780       0.41067035615974423      -0.20322388479795511     
 -0.84853444750998364      -0.91471118931958761       -6.3123043133511275E-002
  -1.3142206480551912      -0.57543199488806041      -0.56208459095545071     
  -5.3665257274263736      -0.10284919587100423       0.34229303895065805     
  -2.1869732874307517       -1.3572417320130741       -6.9218745801902806E-002
  -2.6248243545169689      -0.84408755019905968       0.51317781121162465     
  -2.9371188260250958      -0.46563655044812574       0.15057782824679289     
  -2.8815466446978517      -0.83839833785096651      -0.10238721274357349     
  -3.3237711029966164       -3.5792100908804820       0.94625354828455299     
  -3.3466251321799469       -3.5008178034663411       0.62578610099736121     
First
                         Total        3.962536305E-01
Step size:       0.20
Step size in Bohr:       0.38
Learning Rate:       1.00
# Steps:          0
                         Error        3.962536305E-01
