Running in analysis mode

Reading "/home/unibas/boittier/RDKit_G2/B.pdb/SCAN_1_2_3_4_S_36_10.0/27_SCAN/B.p.cube"...

  B.pdb Potential
  Electrostatic potential from Total SCF Density
   10  -10.191843   -6.906028   -7.146925
  116    0.166667    0.000000    0.000000
   94    0.000000    0.166667    0.000000
   89    0.000000    0.000000    0.166667
    6    6.000000    2.447888    2.072312   -0.092511
    6    6.000000    0.935684    0.091219    0.131282
    6    6.000000   -1.735398    0.018197    0.947103
    6    6.000000   -3.679091    0.226265   -0.634173
    1    1.000000    4.411081    1.848447   -0.621194
    1    1.000000    1.713482    3.951157    0.228432
    9    9.000000    1.903222   -2.279979   -0.227959
    1    1.000000   -2.056739   -0.379953    2.938332
    1    1.000000   -3.399725    0.562249   -2.636835
    1    1.000000   -5.611595    0.089954    0.032696
  4.52178E-04  4.65141E-04  4.78283E-04  4.91606E-04  5.05114E-04  5.18812E-04
       .            .            .            .            .            .
       .            .            .            .            .            .
       .            .            .            .            .            .
  6.88498E-04  6.65710E-04  6.43890E-04  6.23014E-04  6.03057E-04  5.83991E-04

815792 out of 970456 gridpoints are considered (84.1%).

...done!

Reading "21charges.cube"...

  Fitted ESP
  Electrostatic potential fitted from 21 point charges.
   10  -10.191843   -6.906028   -7.146925
  116    0.166667    0.000000    0.000000
   94    0.000000    0.166667    0.000000
   89    0.000000    0.000000    0.166667
    6    6.000000    2.447888    2.072312   -0.092511
    6    6.000000    0.935684    0.091219    0.131282
    6    6.000000   -1.735398    0.018197    0.947103
    6    6.000000   -3.679091    0.226265   -0.634173
    1    1.000000    4.411081    1.848447   -0.621194
    1    1.000000    1.713482    3.951157    0.228432
    9    9.000000    1.903222   -2.279979   -0.227959
    1    1.000000   -2.056739   -0.379953    2.938332
    1    1.000000   -3.399725    0.562249   -2.636835
    1    1.000000   -5.611595    0.089954    0.032696
  2.76882E-04  2.85146E-04  2.93609E-04  3.02289E-04  3.11202E-04  3.20366E-04
       .            .            .            .            .            .
       .            .            .            .            .            .
       .            .            .            .            .            .
  5.40642E-04  5.20812E-04  5.01899E-04  4.83877E-04  4.66719E-04  4.50398E-04

815792 out of 970456 gridpoints are considered (84.1%).

...done!

                       Measure       RMSE[kcal/mol/e]   MaxError[kcal/mol/e]   NPoints
                         Total        5.492815172E-01        5.363693662E+00    815792
Close (  1.20 < r <   1.66 )          1.092566633E+00        5.363693662E+00    156459
Mid-range ( 1.66 < r <  2.20)         4.064703182E-01        1.594034694E+00    278087
Far-range (  2.20         < r)        1.876340183E-01        7.972068547E-01    381246
Did analysis and wrote slice data
