-xyz
refined.xyz
-dens
/home/unibas/boittier/RDKit_G2/B.pdb/SCAN_1_2_3_4_S_36_10.0/27_SCAN/B.d.cube
-esp
/home/unibas/boittier/RDKit_G2/B.pdb/SCAN_1_2_3_4_S_36_10.0/27_SCAN/B.p.cube
-stepsize
0.2
-n_steps
10
-learning_rate
0.5
  -3.6359739785405849        2.7503064502805490      -0.55772011853998804     
  -3.0745783743415540        3.9141030175961294E-002  0.58910595578708935     
  -2.8079824223949275       0.25361308786828557      -0.38682139688388689     
  -5.7674379392989783       -1.1194715861197144       0.29825325006830972     
  -2.9113974358579124       -6.9701939809159019E-003 -0.60834340868177039     
  -1.0098907128240380       -1.0882984052531928      -0.14550403660346445     
  -1.6834543350461058       -3.6069036851814005       0.18748500245049676     
  -2.4956672857049313       -1.6376924908518780        6.1815675095968886E-002
  -1.9069769104137864       -1.3224640319576664        4.3712670867474641E-003
   1.4807305903825669        1.6266155613978619      -0.24675837531559663     
   1.4394916702852236        1.8103986971024626      -0.28650668214235381     
   1.1886399421740046        3.2628868225206897      -0.19098758476724162     
   1.1587565817704715        2.5336187562736332      -0.13116169282884682     
  0.94924277807454527      -0.77221174724411290       -9.7070349923315036E-002
   1.1865046199957037      -0.47080561326244591      -0.42246619182051331     
   1.4588966418822098      -0.46714060999571122       0.82343579244423248     
   1.1888429215205965       0.63427132409213594       -3.9989581754678323E-002
   2.7810722151720766       -1.2091606614659620      -0.92366952974749184     
   2.8117385180677350       -1.0530097932040736       0.96837426224725742     
   5.2353754774921297      -0.27152865830191020       -2.8039792481921393E-002
   2.9891177759768737       -3.7363387870314302       0.17010396465068431     
First
                         Total        8.103018897E+00
Step size:       0.20
Step size in Bohr:       0.38
Learning Rate:       1.00
# Steps:         10
                         Error  1        8.055874027E+00
                         Error  2        8.009066260E+00
                         Error  3        7.962598601E+00
                         Error  4        7.916474025E+00
                         Error  5        7.870695472E+00
                         Error  6        7.825265846E+00
                         Error  7        7.780188013E+00
                         Error  8        7.735464796E+00
                         Error  9        7.691098973E+00
                         Error 10        7.647093275E+00
                         Error        7.647093275E+00
