-xyz
refined.xyz
-dens
/home/unibas/boittier/RDKit_G2/B.pdb/SCAN_1_2_3_4_S_36_10.0/8_SCAN/B.d.cube
-esp
/home/unibas/boittier/RDKit_G2/B.pdb/SCAN_1_2_3_4_S_36_10.0/8_SCAN/B.p.cube
-stepsize
0.2
-n_steps
1
-learning_rate
0.5
  -3.2116254374624988       0.29251815954266747       -3.3555519084529934     
  -3.0825205962265980       0.37322966710892297      -0.36374362771690955     
  -2.7457690419636718      -0.46583770114845524      -0.86608557884202253     
  -5.9115649053814980      -0.29060507125401719       0.16775958064758736     
  -2.8746917178207347      -0.76446618663442301      -0.71811952374552934     
  -1.2547167303965743      -0.47348166440855605       0.55274857601727301     
  -2.0928916402323186      -0.66427574550667279        3.4078573987803313     
  -2.7298530079985026      -0.58409720176056712        1.1562974624058708     
  -2.1109077225671076      -0.44806992742428464       0.93807694442110812     
   1.8210189794334930        1.4619624778586930      -0.25694521328725251     
   1.8225994349496366        1.6521433960268239      -0.28695424935694080     
   2.0088375891934245        3.1105690917083435      -0.14816408670548145     
   1.7981476331538848        2.4136168793895867       -7.3110097982859903E-002
  0.71413102097481918      -0.73380804452086590        6.5432564074573582E-002
  0.92980383778138742      -0.48979691757033411      -0.31810748959049556     
   1.5071115109888988      -0.61611541564615258       0.81226978168459718     
   1.3234093845160095       0.55701358471547324        2.3839282571349551E-002
   2.1095251212327075       -1.6054127436318608       -1.1318821435880417     
   2.6248098939176989       -1.5277918748043682       0.69403314810899541     
   4.8614624072245922       -1.3968801314592669      -0.86268800771682952     
   1.8871749335400456       -4.1323932156122831       -4.0856798417009010E-002
First
                         Total        1.296198727E+00
Step size:       0.20
Step size in Bohr:       0.38
Learning Rate:       1.00
# Steps:          1
                         Error  1        1.262568250E+00
                         Error        1.262568250E+00
