-xyz
refined.xyz
-dens
/home/unibas/boittier/RDKit_G2/B.pdb/SCAN_1_2_3_4_S_36_-10.0/8_SCAN_1_2_3_4_F/B.d.cube
-esp
/home/unibas/boittier/RDKit_G2/B.pdb/SCAN_1_2_3_4_S_36_-10.0/8_SCAN_1_2_3_4_F/B.p.cube
-stepsize
0.2
-n_steps
50
-learning_rate
0.5
   3.1704553952065488       0.23055772369665850       -3.1071371208555880     
   3.4273847257109735       -1.0587870247789337      -0.16629263756072665     
   6.3658892489812882      -0.29068697708847951        4.5709936180199334E-002
   4.0959328815608869      -0.19088166743678320       0.23865625756188971     
   3.5596946143340538       0.39317525294981026        8.1555857993971761E-002
   2.6760901631562968      -0.49884090775221290        1.4678094860000546     
   1.9462351050749562       -4.5080693692253176E-002   2.6114080727711736E-002
   2.1504330515100589      -0.25724000750573972        1.3679574265398815     
   1.3385581744392590        2.8629380662175370E-002  0.80954401824700750     
   2.1809944318490135      -0.68956559575918686        3.6750393033263205     
  -1.9899963687717370        2.8878001218988389      -0.10878530966626235     
  -1.7150592426146454        2.2823630312785372      -0.18071186144312706     
  -1.6314736059983215        1.4787050564301008       -4.2444624743639088E-002
  -1.9220851150447620        2.5342834677262838        6.5090618461207507E-003
 -0.85391879192096876      -0.34128312609550587       0.41259458067125193     
  -1.0185611083844290       0.40075378266675893        4.7635624143758819E-002
 -0.57777773923713027      -0.82086613793174434       0.31538567424493963     
 -0.94174077139878010      -0.64082503429203730      -0.33871970003042967     
  -4.9521497021892822       -1.5229197372701906      -0.94884796407451522     
  -1.6057502368549630       -1.6627261429242830      -0.14414092551739990     
  -2.3593180409603693       -1.3522201189552772       0.20440930102185667     
  -2.6188603888259911       -1.0762910998599031      -0.26033312157944011     
  -2.3701772583606315       -1.3980301163428117      -0.45235870077549856     
  -2.2505890586954127       -4.1839565145219622       0.54993173590058597     
  -2.1897498088195220       -4.0922845857967811       0.24594657918307514     
First
                         Total        6.729509095E-01
Step size:       0.20
Step size in Bohr:       0.38
Learning Rate:       1.00
# Steps:         50
                         Error  1        6.694615334E-01
                         Error  2        6.661867673E-01
                         Error  3        6.631103026E-01
                         Error  4        6.602170099E-01
                         Error  5        6.574928683E-01
                         Error  6        6.549248971E-01
                         Error  7        6.525010889E-01
                         Error  8        6.502103461E-01
                         Error  9        6.480424192E-01
                         Error 10        6.459878491E-01
                         Error 11        6.440379113E-01
                         Error 12        6.421845634E-01
                         Error 13        6.404203956E-01
                         Error 14        6.387385844E-01
                         Error 15        6.371328486E-01
                         Error 16        6.355974082E-01
                         Error 17        6.341269466E-01
                         Error 18        6.327165745E-01
                         Error 19        6.313617968E-01
                         Error 20        6.300584817E-01
                         Error 21        6.288028320E-01
                         Error 22        6.275913585E-01
                         Error 23        6.264208555E-01
                         Error 24        6.252883779E-01
                         Error 25        6.241912200E-01
                         Error 26        6.231268964E-01
                         Error 27        6.220931238E-01
                         Error 28        6.210878047E-01
                         Error 29        6.201090119E-01
                         Error 30        6.191549747E-01
                         Error 31        6.182240661E-01
                         Error 32        6.173147907E-01
                         Error 33        6.164257737E-01
                         Error 34        6.155557514E-01
                         Error 35        6.147035615E-01
                         Error 36        6.138681349E-01
                         Error 37        6.130484878E-01
                         Error 38        6.122437149E-01
                         Error 39        6.114529825E-01
                         Error 40        6.106755226E-01
                         Error 41        6.099106278E-01
                         Error 42        6.091576457E-01
                         Error 43        6.084159747E-01
                         Error 44        6.076850595E-01
                         Error 45        6.069643875E-01
                         Error 46        6.062534852E-01
                         Error 47        6.055519146E-01
                         Error 48        6.048592708E-01
                         Error 49        6.041751787E-01
                         Error 50        6.034992911E-01
                         Error        6.034992911E-01
