-xyz
refined.xyz
-dens
/home/unibas/boittier/RDKit_G2/B.pdb/SCAN_1_2_3_4_S_36_10.0/24_SCAN_1_2_3_4_F/B.d.cube
-esp
/home/unibas/boittier/RDKit_G2/B.pdb/SCAN_1_2_3_4_S_36_10.0/24_SCAN_1_2_3_4_F/B.p.cube
-stepsize
0.2
-n_steps
0
-learning_rate
0.5
   4.4888633391320720      -0.23825132864896037      -0.79960338022216260     
   2.6099312515114499        1.8679044766558839       0.79839104956084728     
   4.2272237940209347        4.2629491235645576      -0.13056632746966515     
   2.6235343409600995        2.6541476936770416       -2.8797363732964928E-002
   2.3115244352493596        2.1843714316726315      -0.61604340171237759     
  0.92611646215281163        2.3264615163559959       0.17626030766334153     
   1.0309046850672245        1.0896871283985392        1.1094868715406858     
  0.85648555281651462        1.7778654145152213        1.9366677323845873E-002
  0.68579823461670597       0.77856778337815202       0.24344920129295047     
  -1.1353882890894795        3.3995857816934580       0.99621011648959412     
   1.3107935204055430       -3.6585448304829056      -0.21713682837935450     
  0.96505923869213273       -3.1322865587299908        5.6526404005494128E-002
  0.34135675572617830       -2.6159670313102708       0.11555677117385964     
   1.0401283492486262       -3.3794173104433525      -0.22477474275770024     
 -0.73402510926761089      -0.95864000352063050       0.23631981562717738     
 -0.16304361155183342       -1.5807474135584694       0.38609357152504847     
 -0.98626419217835226      -0.53663091384945794       0.51217931565857278     
 -0.95908809616451551       -1.1117748503053237        1.0115865117628147     
  -5.4079045404144894       0.26647378932279897      -0.76840139314465550     
  -2.1966653159685152       -1.1096124418831614       0.96909331571744362     
  -2.8677535853750515       -1.8706860766706870E-002  0.47343866170048832     
  -3.0486575531513362       -2.1315845968882110E-002 -0.10922650066305037     
  -2.9862473015381181      -0.46030799583793119       -1.2160634904741030E-002
  -3.9607458382159000       -1.7178333960441534        2.4996856179438094     
  -3.9061912225925366       -1.8868705257246372        2.2207281214496799     
First
                         Total        4.016061537E+00
Step size:       0.20
Step size in Bohr:       0.38
Learning Rate:       1.00
# Steps:          0
                         Error        4.016061537E+00
