-xyz
refined.xyz
-dens
../../cube_files/fbuta/7_SCAN_1_2_3_4_F/B.d.cube
-esp
../../cube_files/fbuta/7_SCAN_1_2_3_4_F/B.p.cube
-stepsize
0.2
-n_steps
100
-learning_rate
0.5
   3.5737818501351462        2.3056778002260230       -1.7188414806127617     
   3.3742150398313520      -0.69847678163803795      -0.73603069372288843     
   6.3523303826932960      -0.79545660171719168        4.2404193055384773E-002
   4.0859844006298518      -0.63936248011789421       0.10111280392868038     
   3.6376260903242601       -3.4648751799255556E-002  0.58288018585699009     
   2.6691875018578952       -1.2680567281447213       0.45952462563558660     
   1.3092162399418548       -1.1972977777109328        1.3476758904141226     
   2.1429377342877349       -1.1722683852584657       0.22721888746715102     
   1.1097934660892466       -1.0943375062456364       0.43634756261293889     
   1.7474553618385782       -3.3281964902601660        1.8962427692682928     
  -3.0896213333746658       -2.1612148991392996      -0.43358911667165917     
  -2.6545748951398989       -1.7319257129915406      -0.17877253365679749     
  -2.1877846165148775       -1.0465552099054056      -0.18508526063537234     
  -2.8468484354466383       -1.8849961755124138      -0.46015291949363757     
 -0.62452741052983773       0.23305648471405363       -6.9877184708482587E-002
  -1.2218618697488204      -0.34898381531180817       0.11037292565499190     
 -0.26685722910146631       0.54033156687723582       0.19836098320018813     
 -0.89319103511231068       0.59235095751152655       0.60276463664419122     
  -4.0661843733088681        3.1184956132730277      -0.17305845818662718     
 -0.95860017731660974        1.7669011518172446       0.39462133420913797     
  -1.5312498180458520        1.8179073013090965      -0.26215827044866075     
  -2.0560314607450350        1.6872866053565192        4.8191032263517185E-003
  -1.8011291189584222        1.8654121161441022       0.33158220085531370     
 -0.15675215942727797        4.3081886529542404       -2.7470344446915370E-002
 -0.31192211158325261        4.2099224592037272       0.25656408085095039     
First
                         Total        5.755823680E-01
Step size:       0.20
Step size in Bohr:       0.38
Learning Rate:       1.00
# Steps:        100
                         Error  1        5.730547421E-01
                         Error  2        5.706771277E-01
                         Error  3        5.684379745E-01
                         Error  4        5.663265941E-01
                         Error  5        5.643331038E-01
                         Error  6        5.624483734E-01
                         Error  7        5.606639738E-01
                         Error  8        5.589721285E-01
                         Error  9        5.573656677E-01
                         Error 10        5.558379840E-01
                         Error 11        5.543829921E-01
                         Error 12        5.529950896E-01
                         Error 13        5.516691208E-01
                         Error 14        5.504003431E-01
                         Error 15        5.491843953E-01
                         Error 16        5.480172678E-01
                         Error 17        5.468952755E-01
                         Error 18        5.458150319E-01
                         Error 19        5.447734260E-01
                         Error 20        5.437675998E-01
                         Error 21        5.427949285E-01
                         Error 22        5.418530015E-01
                         Error 23        5.409396048E-01
                         Error 24        5.400527056E-01
                         Error 25        5.391904370E-01
                         Error 26        5.383510849E-01
                         Error 27        5.375330749E-01
                         Error 28        5.367349613E-01
                         Error 29        5.359554162E-01
                         Error 30        5.351932198E-01
                         Error 31        5.344472516E-01
                         Error 32        5.337164819E-01
                         Error 33        5.329999645E-01
                         Error 34        5.322968295E-01
                         Error 35        5.316062773E-01
                         Error 36        5.309275722E-01
                         Error 37        5.302600376E-01
                         Error 38        5.296030508E-01
                         Error 39        5.289560387E-01
                         Error 40        5.283184731E-01
                         Error 41        5.276898678E-01
                         Error 42        5.270697743E-01
                         Error 43        5.264577792E-01
                         Error 44        5.258535009E-01
                         Error 45        5.252565872E-01
                         Error 46        5.246667127E-01
                         Error 47        5.240835767E-01
                         Error 48        5.235069009E-01
                         Error 49        5.229364278E-01
                         Error 50        5.223719188E-01
                         Error 51        5.218131528E-01
                         Error 52        5.212599244E-01
                         Error 53        5.207120431E-01
                         Error 54        5.201693317E-01
                         Error 55        5.196316252E-01
                         Error 56        5.190987701E-01
                         Error 57        5.185706231E-01
                         Error 58        5.180470505E-01
                         Error 59        5.175279273E-01
                         Error 60        5.170131366E-01
                         Error 61        5.165025687E-01
                         Error 62        5.159961209E-01
                         Error 63        5.154936966E-01
                         Error 64        5.149952049E-01
                         Error 65        5.145005603E-01
                         Error 66        5.140096821E-01
                         Error 67        5.135224939E-01
                         Error 68        5.130389236E-01
                         Error 69        5.125589030E-01
                         Error 70        5.120823670E-01
                         Error 71        5.116092542E-01
                         Error 72        5.111395058E-01
                         Error 73        5.106730659E-01
                         Error 74        5.102098811E-01
                         Error 75        5.097499005E-01
                         Error 76        5.092930752E-01
                         Error 77        5.088393583E-01
                         Error 78        5.083887049E-01
                         Error 79        5.079410718E-01
                         Error 80        5.074964173E-01
                         Error 81        5.070547013E-01
                         Error 82        5.066158851E-01
                         Error 83        5.061799313E-01
                         Error 84        5.057468035E-01
                         Error 85        5.053164668E-01
                         Error 86        5.048888870E-01
                         Error 87        5.044640311E-01
                         Error 88        5.040418669E-01
                         Error 89        5.036223632E-01
                         Error 90        5.032054895E-01
                         Error 91        5.027912161E-01
                         Error 92        5.023795140E-01
                         Error 93        5.019703550E-01
                         Error 94        5.015637114E-01
                         Error 95        5.011595560E-01
                         Error 96        5.007578625E-01
                         Error 97        5.003586050E-01
                         Error 98        4.999617579E-01
                         Error 99        4.995672964E-01
                         Error100        4.991751961E-01
                         Error        4.991751961E-01
