-xyz
refined.xyz
-dens
/home/unibas/boittier/RDKit_G2/B.pdb/SCAN_1_2_3_4_S_36_-10.0/2_SCAN_1_2_3_4_F/B.d.cube
-esp
/home/unibas/boittier/RDKit_G2/B.pdb/SCAN_1_2_3_4_S_36_-10.0/2_SCAN_1_2_3_4_F/B.p.cube
-stepsize
0.2
-n_steps
0
-learning_rate
0.5
  -3.6013298243608505        2.4107252346413865       0.69101148130546008     
  -3.2792446532392101      -0.76872924787676267       0.88072067171185631     
  -6.2090870901601525       -1.2501885481459045       0.16335417376016553     
  -3.9580313275579688      -0.99571061051019183       -8.2856405414466362E-003
  -3.5347812983172195      -0.57785555121145349      -0.56430217706993269     
  -2.4279977851303918       -1.7913974837061031      -0.50018344068640652     
  -1.6279797544266958      -0.97562035421330673       0.69906425648957349     
  -2.0334320878783290       -1.3808893174779302      -0.57906761998097422     
  -1.2488617508719826      -0.78231332371281881      -0.18683465795629575     
  -1.5005404315766222       -4.0085835651068571      -0.77889002809512042     
   1.0519188410827682        3.0771952278778221      -0.12116169635434405     
   1.0086642143331286        2.4092626237311250        3.1699680331004648E-002
   1.1639830425585296        1.6201091734951703       -7.8700136155392272E-002
   1.0811235334276523        2.6988983107916917      -0.20641821238131153     
  0.92130225044838077      -0.38579904216101718      -0.31947735756392281     
  0.92380479899323797       0.41182832112842238       -4.4313214101357737E-003
  0.85280706729758726      -0.91514972735586508      -0.13806359722805028     
   1.2588698396103852      -0.56978383501195118       0.40670429894823840     
   5.3574155076114582      -0.10107285703564083       0.42815417444377468     
   2.1568037037494858       -1.3513022039183746       0.21507323591700941     
   2.7093128859304847      -0.86072169184159586      -0.28321471864252762     
   2.9402673167678728      -0.46625939546938744       0.12087845305239323     
   2.8312404493066561      -0.82849814435735003       0.37173131913959545     
   3.4715583488187334       -3.6083089919135678      -0.44675540177100381     
   3.4270330291652158       -3.5166525813957392      -0.13213874539782003     
First
                         Total        3.872738819E-01
Step size:       0.20
Step size in Bohr:       0.38
Learning Rate:       1.00
# Steps:          0
                         Error        3.872738819E-01
