-xyz
refined.xyz
-dens
/home/unibas/boittier/RDKit_G2/B.pdb/SCAN_1_2_3_4_S_36_-10.0/26_SCAN_1_2_3_4_F/B.d.cube
-esp
/home/unibas/boittier/RDKit_G2/B.pdb/SCAN_1_2_3_4_S_36_-10.0/26_SCAN_1_2_3_4_F/B.p.cube
-stepsize
0.2
-n_steps
500
-learning_rate
0.5
   3.1975116011849898        1.0657046941027515       -2.8329592919255213     
   3.3792099891283991      -0.83963631832391228      -0.29255030904791418     
   6.4192434900859974      -0.18677764376561035        6.9826945577448146E-002
   4.0416702413401735       -5.9395995009970448E-002  0.23147190234499748     
   3.6269832013003227       0.60021550117318301       0.20219017011818438     
   2.6680346459247675      -0.39734018290324852        1.0110190775567143     
   1.4238884015950430      -0.44521776035743732        1.6423574560671668     
   2.1275711833699291      -0.27846842127260196       0.78630944755084875     
   1.1669085608511343      -0.48957746154187248       0.82559717645243413     
   2.1213370651481553       -1.2459395937652014        3.6835405450868710     
  -2.1539563333136913       -2.2587417471359013      -0.34278656591125817     
  -1.9102729758677273       -1.8669248687827444      -0.16617804969019226     
  -1.6185935349872842       -1.0864140673193095      -0.10968868089561754     
  -2.0007218010882282       -2.0216906135147563      -0.34109837320926761     
 -0.60553480371242230       0.28597988678244035        8.5983875150999617E-002
  -1.0021768970152123      -0.30918752502155344       0.18494581353935066     
 -0.38029218235589690       0.65419017362781595       0.30033711734450325     
  -1.0032585299944921       0.60883840127538646       0.50921494418576607     
  -4.6931963586701020        2.1964350168288904      -0.58889429294055207     
  -1.3347877897340581        1.6645391345645055       0.32237813217515010     
  -1.8269648994944239        1.5284467480266717      -0.23834508079666147     
  -2.2006305222897775        1.2584288563163117       -8.0798299041746971E-002
  -2.0474571695736130        1.5232144424474960       0.20667578883020854     
  -1.2869064251148974        4.1567826617220529      -0.18401307981712767     
  -1.3291730927090506        4.1362842578442800       0.13396425978416673     
First
                         Total        4.435849063E-01
Step size:       0.20
Step size in Bohr:       0.38
Learning Rate:       1.00
# Steps:        500
                         Error  1        4.430942008E-01
                         Error  2        4.426419823E-01
                         Error  3        4.422249534E-01
                         Error  4        4.418400970E-01
                         Error  5        4.414846526E-01
                         Error  6        4.411560955E-01
                         Error  7        4.408521169E-01
                         Error  8        4.405706062E-01
                         Error  9        4.403096338E-01
                         Error 10        4.400674362E-01
                         Error 11        4.398424020E-01
                         Error 12        4.396330586E-01
                         Error 13        4.394380608E-01
                         Error 14        4.392561794E-01
                         Error 15        4.390862917E-01
                         Error 16        4.389273722E-01
                         Error 17        4.387784842E-01
                         Error 18        4.386387721E-01
                         Error 19        4.385074545E-01
                         Error 20        4.383838177E-01
                         Error 21        4.382672100E-01
                         Error 22        4.381570360E-01
                         Error 23        4.380527522E-01
                         Error 24        4.379538619E-01
                         Error 25        4.378599117E-01
                         Error 26        4.377704873E-01
                         Error 27        4.376852105E-01
                         Error 28        4.376037357E-01
                         Error 29        4.375257472E-01
                         Error 30        4.374509568E-01
                         Error 31        4.373791008E-01
                         Error 32        4.373099389E-01
                         Error 33        4.372432509E-01
                         Error 34        4.371788361E-01
                         Error 35        4.371165108E-01
                         Error 36        4.370561073E-01
                         Error 37        4.369974723E-01
                         Error 38        4.369404655E-01
                         Error 39        4.368849589E-01
                         Error 40        4.368308353E-01
                         Error 41        4.367779876E-01
                         Error 42        4.367263179E-01
                         Error 43        4.366757367E-01
                         Error 44        4.366261620E-01
                         Error 45        4.365775188E-01
                         Error 46        4.365297387E-01
                         Error 47        4.364827587E-01
                         Error 48        4.364365216E-01
                         Error 49        4.363909747E-01
                         Error 50        4.363460699E-01
                         Error 51        4.363017631E-01
                         Error 52        4.362580139E-01
                         Error 53        4.362147853E-01
                         Error 54        4.361720435E-01
                         Error 55        4.361297573E-01
                         Error 56        4.360878982E-01
                         Error 57        4.360464401E-01
                         Error 58        4.360053591E-01
                         Error 59        4.359646330E-01
                         Error 60        4.359242418E-01
                         Error 61        4.358841668E-01
                         Error 62        4.358443910E-01
                         Error 63        4.358048987E-01
                         Error 64        4.357656756E-01
                         Error 65        4.357267083E-01
                         Error 66        4.356879846E-01
                         Error 67        4.356494934E-01
                         Error 68        4.356112242E-01
                         Error 69        4.355731676E-01
                         Error 70        4.355353147E-01
                         Error 71        4.354976573E-01
                         Error 72        4.354601881E-01
                         Error 73        4.354228999E-01
                         Error 74        4.353857865E-01
                         Error 75        4.353488418E-01
                         Error 76        4.353120604E-01
                         Error 77        4.352754372E-01
                         Error 78        4.352389674E-01
                         Error 79        4.352026465E-01
                         Error 80        4.351664706E-01
                         Error 81        4.351304357E-01
                         Error 82        4.350945384E-01
                         Error 83        4.350587754E-01
                         Error 84        4.350231434E-01
                         Error 85        4.349876397E-01
                         Error 86        4.349522614E-01
                         Error 87        4.349170061E-01
                         Error 88        4.348818715E-01
                         Error 89        4.348468551E-01
                         Error 90        4.348119549E-01
                         Error 91        4.347771690E-01
                         Error 92        4.347424954E-01
                         Error 93        4.347079324E-01
                         Error 94        4.346734782E-01
                         Error 95        4.346391313E-01
                         Error 96        4.346048902E-01
                         Error 97        4.345707534E-01
                         Error 98        4.345367196E-01
                         Error 99        4.345027874E-01
                         Error100        4.344689555E-01
                         Error101        4.344352229E-01
                         Error102        4.344015883E-01
                         Error103        4.343680507E-01
                         Error104        4.343346090E-01
                         Error105        4.343012621E-01
                         Error106        4.342680091E-01
                         Error107        4.342348491E-01
                         Error108        4.342017811E-01
                         Error109        4.341688042E-01
                         Error110        4.341359177E-01
                         Error111        4.341031206E-01
                         Error112        4.340704122E-01
                         Error113        4.340377917E-01
                         Error114        4.340052584E-01
                         Error115        4.339728114E-01
                         Error116        4.339404500E-01
                         Error117        4.339081737E-01
                         Error118        4.338759816E-01
                         Error119        4.338438732E-01
                         Error120        4.338118477E-01
                         Error121        4.337799045E-01
                         Error122        4.337480430E-01
                         Error123        4.337162626E-01
                         Error124        4.336845627E-01
                         Error125        4.336529426E-01
                         Error126        4.336214018E-01
                         Error127        4.335899398E-01
                         Error128        4.335585559E-01
                         Error129        4.335272497E-01
                         Error130        4.334960205E-01
                         Error131        4.334648679E-01
                         Error132        4.334337912E-01
                         Error133        4.334027901E-01
                         Error134        4.333718640E-01
                         Error135        4.333410123E-01
                         Error136        4.333102346E-01
                         Error137        4.332795305E-01
                         Error138        4.332488993E-01
                         Error139        4.332183407E-01
                         Error140        4.331878541E-01
                         Error141        4.331574392E-01
                         Error142        4.331270954E-01
                         Error143        4.330968223E-01
                         Error144        4.330666195E-01
                         Error145        4.330364864E-01
                         Error146        4.330064227E-01
                         Error147        4.329764280E-01
                         Error148        4.329465018E-01
                         Error149        4.329166437E-01
                         Error150        4.328868532E-01
                         Error151        4.328571300E-01
                         Error152        4.328274737E-01
                         Error153        4.327978838E-01
                         Error154        4.327683599E-01
                         Error155        4.327389017E-01
                         Error156        4.327095088E-01
                         Error157        4.326801808E-01
                         Error158        4.326509172E-01
                         Error159        4.326217178E-01
                         Error160        4.325925821E-01
                         Error161        4.325635098E-01
                         Error162        4.325345004E-01
                         Error163        4.325055537E-01
                         Error164        4.324766693E-01
                         Error165        4.324478468E-01
                         Error166        4.324190859E-01
                         Error167        4.323903862E-01
                         Error168        4.323617474E-01
                         Error169        4.323331690E-01
                         Error170        4.323046509E-01
                         Error171        4.322761926E-01
                         Error172        4.322477939E-01
                         Error173        4.322194543E-01
                         Error174        4.321911736E-01
                         Error175        4.321629514E-01
                         Error176        4.321347874E-01
                         Error177        4.321066813E-01
                         Error178        4.320786328E-01
                         Error179        4.320506415E-01
                         Error180        4.320227073E-01
                         Error181        4.319948296E-01
                         Error182        4.319670083E-01
                         Error183        4.319392431E-01
                         Error184        4.319115336E-01
                         Error185        4.318838795E-01
                         Error186        4.318562806E-01
                         Error187        4.318287366E-01
                         Error188        4.318012471E-01
                         Error189        4.317738119E-01
                         Error190        4.317464308E-01
                         Error191        4.317191033E-01
                         Error192        4.316918293E-01
                         Error193        4.316646085E-01
                         Error194        4.316374406E-01
                         Error195        4.316103253E-01
                         Error196        4.315832624E-01
                         Error197        4.315562516E-01
                         Error198        4.315292926E-01
                         Error199        4.315023852E-01
                         Error200        4.314755291E-01
                         Error201        4.314487240E-01
                         Error202        4.314219698E-01
                         Error203        4.313952660E-01
                         Error204        4.313686126E-01
                         Error205        4.313420093E-01
                         Error206        4.313154557E-01
                         Error207        4.312889517E-01
                         Error208        4.312624970E-01
                         Error209        4.312360914E-01
                         Error210        4.312097346E-01
                         Error211        4.311834265E-01
                         Error212        4.311571667E-01
                         Error213        4.311309550E-01
                         Error214        4.311047912E-01
                         Error215        4.310786752E-01
                         Error216        4.310526065E-01
                         Error217        4.310265851E-01
                         Error218        4.310006108E-01
                         Error219        4.309746832E-01
                         Error220        4.309488021E-01
                         Error221        4.309229674E-01
                         Error222        4.308971789E-01
                         Error223        4.308714363E-01
                         Error224        4.308457394E-01
                         Error225        4.308200879E-01
                         Error226        4.307944818E-01
                         Error227        4.307689208E-01
                         Error228        4.307434046E-01
                         Error229        4.307179332E-01
                         Error230        4.306925062E-01
                         Error231        4.306671235E-01
                         Error232        4.306417848E-01
                         Error233        4.306164901E-01
                         Error234        4.305912390E-01
                         Error235        4.305660314E-01
                         Error236        4.305408672E-01
                         Error237        4.305157460E-01
                         Error238        4.304906678E-01
                         Error239        4.304656323E-01
                         Error240        4.304406394E-01
                         Error241        4.304156888E-01
                         Error242        4.303907804E-01
                         Error243        4.303659140E-01
                         Error244        4.303410895E-01
                         Error245        4.303163066E-01
                         Error246        4.302915651E-01
                         Error247        4.302668650E-01
                         Error248        4.302422059E-01
                         Error249        4.302175879E-01
                         Error250        4.301930105E-01
                         Error251        4.301684738E-01
                         Error252        4.301439776E-01
                         Error253        4.301195216E-01
                         Error254        4.300951057E-01
                         Error255        4.300707297E-01
                         Error256        4.300463935E-01
                         Error257        4.300220969E-01
                         Error258        4.299978398E-01
                         Error259        4.299736220E-01
                         Error260        4.299494432E-01
                         Error261        4.299253035E-01
                         Error262        4.299012026E-01
                         Error263        4.298771403E-01
                         Error264        4.298531166E-01
                         Error265        4.298291312E-01
                         Error266        4.298051840E-01
                         Error267        4.297812749E-01
                         Error268        4.297574037E-01
                         Error269        4.297335702E-01
                         Error270        4.297097744E-01
                         Error271        4.296860160E-01
                         Error272        4.296622949E-01
                         Error273        4.296386110E-01
                         Error274        4.296149641E-01
                         Error275        4.295913542E-01
                         Error276        4.295677810E-01
                         Error277        4.295442444E-01
                         Error278        4.295207442E-01
                         Error279        4.294972804E-01
                         Error280        4.294738528E-01
                         Error281        4.294504613E-01
                         Error282        4.294271057E-01
                         Error283        4.294037859E-01
                         Error284        4.293805018E-01
                         Error285        4.293572532E-01
                         Error286        4.293340400E-01
                         Error287        4.293108621E-01
                         Error288        4.292877193E-01
                         Error289        4.292646115E-01
                         Error290        4.292415387E-01
                         Error291        4.292185006E-01
                         Error292        4.291954971E-01
                         Error293        4.291725282E-01
                         Error294        4.291495936E-01
                         Error295        4.291266934E-01
                         Error296        4.291038272E-01
                         Error297        4.290809951E-01
                         Error298        4.290581970E-01
                         Error299        4.290354326E-01
                         Error300        4.290127019E-01
                         Error301        4.289900047E-01
                         Error302        4.289673410E-01
                         Error303        4.289447106E-01
                         Error304        4.289221134E-01
                         Error305        4.288995493E-01
                         Error306        4.288770182E-01
                         Error307        4.288545200E-01
                         Error308        4.288320546E-01
                         Error309        4.288096217E-01
                         Error310        4.287872215E-01
                         Error311        4.287648536E-01
                         Error312        4.287425181E-01
                         Error313        4.287202148E-01
                         Error314        4.286979436E-01
                         Error315        4.286757045E-01
                         Error316        4.286534972E-01
                         Error317        4.286313217E-01
                         Error318        4.286091779E-01
                         Error319        4.285870657E-01
                         Error320        4.285649849E-01
                         Error321        4.285429356E-01
                         Error322        4.285209175E-01
                         Error323        4.284989306E-01
                         Error324        4.284769748E-01
                         Error325        4.284550500E-01
                         Error326        4.284331561E-01
                         Error327        4.284112929E-01
                         Error328        4.283894605E-01
                         Error329        4.283676586E-01
                         Error330        4.283458872E-01
                         Error331        4.283241463E-01
                         Error332        4.283024356E-01
                         Error333        4.282807551E-01
                         Error334        4.282591048E-01
                         Error335        4.282374845E-01
                         Error336        4.282158942E-01
                         Error337        4.281943336E-01
                         Error338        4.281728029E-01
                         Error339        4.281513018E-01
                         Error340        4.281298302E-01
                         Error341        4.281083882E-01
                         Error342        4.280869755E-01
                         Error343        4.280655922E-01
                         Error344        4.280442381E-01
                         Error345        4.280229131E-01
                         Error346        4.280016172E-01
                         Error347        4.279803502E-01
                         Error348        4.279591121E-01
                         Error349        4.279379028E-01
                         Error350        4.279167222E-01
                         Error351        4.278955702E-01
                         Error352        4.278744468E-01
                         Error353        4.278533518E-01
                         Error354        4.278322852E-01
                         Error355        4.278112470E-01
                         Error356        4.277902369E-01
                         Error357        4.277692549E-01
                         Error358        4.277483010E-01
                         Error359        4.277273751E-01
                         Error360        4.277064771E-01
                         Error361        4.276856069E-01
                         Error362        4.276647645E-01
                         Error363        4.276439497E-01
                         Error364        4.276231625E-01
                         Error365        4.276024028E-01
                         Error366        4.275816705E-01
                         Error367        4.275609656E-01
                         Error368        4.275402880E-01
                         Error369        4.275196376E-01
                         Error370        4.274990143E-01
                         Error371        4.274784181E-01
                         Error372        4.274578489E-01
                         Error373        4.274373066E-01
                         Error374        4.274167911E-01
                         Error375        4.273963024E-01
                         Error376        4.273758404E-01
                         Error377        4.273554050E-01
                         Error378        4.273349962E-01
                         Error379        4.273146139E-01
                         Error380        4.272942579E-01
                         Error381        4.272739284E-01
                         Error382        4.272536251E-01
                         Error383        4.272333480E-01
                         Error384        4.272130971E-01
                         Error385        4.271928722E-01
                         Error386        4.271726733E-01
                         Error387        4.271525004E-01
                         Error388        4.271323534E-01
                         Error389        4.271122321E-01
                         Error390        4.270921366E-01
                         Error391        4.270720668E-01
                         Error392        4.270520226E-01
                         Error393        4.270320039E-01
                         Error394        4.270120107E-01
                         Error395        4.269920429E-01
                         Error396        4.269721005E-01
                         Error397        4.269521834E-01
                         Error398        4.269322914E-01
                         Error399        4.269124247E-01
                         Error400        4.268925830E-01
                         Error401        4.268727664E-01
                         Error402        4.268529748E-01
                         Error403        4.268332081E-01
                         Error404        4.268134662E-01
                         Error405        4.267937492E-01
                         Error406        4.267740568E-01
                         Error407        4.267543892E-01
                         Error408        4.267347461E-01
                         Error409        4.267151276E-01
                         Error410        4.266955337E-01
                         Error411        4.266759641E-01
                         Error412        4.266564189E-01
                         Error413        4.266368981E-01
                         Error414        4.266174015E-01
                         Error415        4.265979291E-01
                         Error416        4.265784809E-01
                         Error417        4.265590568E-01
                         Error418        4.265396567E-01
                         Error419        4.265202806E-01
                         Error420        4.265009284E-01
                         Error421        4.264816001E-01
                         Error422        4.264622955E-01
                         Error423        4.264430148E-01
                         Error424        4.264237578E-01
                         Error425        4.264045244E-01
                         Error426        4.263853146E-01
                         Error427        4.263661283E-01
                         Error428        4.263469656E-01
                         Error429        4.263278262E-01
                         Error430        4.263087103E-01
                         Error431        4.262896177E-01
                         Error432        4.262705483E-01
                         Error433        4.262515022E-01
                         Error434        4.262324793E-01
                         Error435        4.262134795E-01
                         Error436        4.261945027E-01
                         Error437        4.261755490E-01
                         Error438        4.261566182E-01
                         Error439        4.261377104E-01
                         Error440        4.261188254E-01
                         Error441        4.260999632E-01
                         Error442        4.260811238E-01
                         Error443        4.260623072E-01
                         Error444        4.260435132E-01
                         Error445        4.260247418E-01
                         Error446        4.260059930E-01
                         Error447        4.259872667E-01
                         Error448        4.259685628E-01
                         Error449        4.259498815E-01
                         Error450        4.259312224E-01
                         Error451        4.259125857E-01
                         Error452        4.258939713E-01
                         Error453        4.258753792E-01
                         Error454        4.258568092E-01
                         Error455        4.258382613E-01
                         Error456        4.258197356E-01
                         Error457        4.258012319E-01
                         Error458        4.257827502E-01
                         Error459        4.257642904E-01
                         Error460        4.257458526E-01
                         Error461        4.257274366E-01
                         Error462        4.257090425E-01
                         Error463        4.256906701E-01
                         Error464        4.256723195E-01
                         Error465        4.256539905E-01
                         Error466        4.256356832E-01
                         Error467        4.256173975E-01
                         Error468        4.255991333E-01
                         Error469        4.255808906E-01
                         Error470        4.255626694E-01
                         Error471        4.255444697E-01
                         Error472        4.255262913E-01
                         Error473        4.255081342E-01
                         Error474        4.254899984E-01
                         Error475        4.254718839E-01
                         Error476        4.254537906E-01
                         Error477        4.254357185E-01
                         Error478        4.254176674E-01
                         Error479        4.253996375E-01
                         Error480        4.253816286E-01
                         Error481        4.253636407E-01
                         Error482        4.253456737E-01
                         Error483        4.253277277E-01
                         Error484        4.253098025E-01
                         Error485        4.252918982E-01
                         Error486        4.252740147E-01
                         Error487        4.252561519E-01
                         Error488        4.252383098E-01
                         Error489        4.252204884E-01
                         Error490        4.252026877E-01
                         Error491        4.251849075E-01
                         Error492        4.251671479E-01
                         Error493        4.251494088E-01
                         Error494        4.251316901E-01
                         Error495        4.251139919E-01
                         Error496        4.250963141E-01
                         Error497        4.250786567E-01
                         Error498        4.250610196E-01
                         Error499        4.250434027E-01
                         Error500        4.250258061E-01
                         Error        4.250258061E-01
