-xyz
refined.xyz
-dens
/home/unibas/boittier/RDKit_G2/B.pdb/SCAN_1_2_3_4_S_36_-10.0/19_SCAN_1_2_3_4_F/B.d.cube
-esp
/home/unibas/boittier/RDKit_G2/B.pdb/SCAN_1_2_3_4_S_36_-10.0/19_SCAN_1_2_3_4_F/B.p.cube
-stepsize
0.2
-n_steps
50
-learning_rate
0.5
   3.8053093189810627        2.6423524077385738      -0.49204277092754500     
   3.4780069881670017      -0.50359946639153630      -0.87097472164424239     
   6.3196581712967932       -1.0733093049843490        4.4924441801224624E-002
   4.0458203783013360      -0.81487114362416913       0.12653607216264590     
   3.6272495737324908      -0.35446592272182248       0.60530808814373671     
   2.5879038638882998       -1.4927176611690109      -0.10075245463597564     
   1.3861818814739517       -1.3055167086797650        1.0610174909067482     
   2.0382531791544203       -1.3471313423194053      -0.11833146632340991     
   1.0550165918365277       -1.2099320184122655       0.10121583094436662     
   1.5565324986221296       -3.8385275629810227       0.57109886971220725     
  -3.2463875777804132       -2.0280267462331811      -0.13167965353895425     
  -2.7591253308657930       -1.6173495944331939        4.4125947821860495E-002
  -2.2614612395336979      -0.96190095711004553       -3.3838496377991800E-002
  -2.9928233111580589       -1.7622554418282634      -0.20121184978414897     
 -0.64285242341848936       0.22176349616121288      -0.16042589991273690     
  -1.2354668755845963      -0.31699082082376856       0.10588210622048934     
 -0.23474124881042299       0.51481119540306597        3.3104022759941051E-002
 -0.78836971888538676       0.60671524611339289       0.51980206098960913     
  -3.9324894409725055        3.2663072095851859       -1.2629173356771078E-002
 -0.84037012110667730        1.7955010666401945       0.22491551500302026     
  -1.4945811403350731        1.8285583239688747      -0.35740604983789204     
  -1.9744948214720652        1.7453647735360942        2.4144634795200448E-004
  -1.6704014509558085        1.9253769765127065       0.25566332847288936     
  -1.1317138626664246E-002   4.2652494410932524      -0.47405686841252853     
 -0.12602169338718999        4.1919324214336120      -0.17325876116200833     
First
                         Total        5.873570081E-01
Step size:       0.20
Step size in Bohr:       0.38
Learning Rate:       1.00
# Steps:         50
                         Error  1        5.857715153E-01
                         Error  2        5.842563997E-01
                         Error  3        5.828058922E-01
                         Error  4        5.814147224E-01
                         Error  5        5.800780775E-01
                         Error  6        5.787915631E-01
                         Error  7        5.775511682E-01
                         Error  8        5.763532321E-01
                         Error  9        5.751944150E-01
                         Error 10        5.740716694E-01
                         Error 11        5.729822155E-01
                         Error 12        5.719235174E-01
                         Error 13        5.708932622E-01
                         Error 14        5.698893399E-01
                         Error 15        5.689098261E-01
                         Error 16        5.679529652E-01
                         Error 17        5.670171556E-01
                         Error 18        5.661009360E-01
                         Error 19        5.652029731E-01
                         Error 20        5.643220499E-01
                         Error 21        5.634570556E-01
                         Error 22        5.626069760E-01
                         Error 23        5.617708848E-01
                         Error 24        5.609479359E-01
                         Error 25        5.601373560E-01
                         Error 26        5.593384384E-01
                         Error 27        5.585505365E-01
                         Error 28        5.577730591E-01
                         Error 29        5.570054647E-01
                         Error 30        5.562472578E-01
                         Error 31        5.554979839E-01
                         Error 32        5.547572267E-01
                         Error 33        5.540246042E-01
                         Error 34        5.532997654E-01
                         Error 35        5.525823881E-01
                         Error 36        5.518721761E-01
                         Error 37        5.511688566E-01
                         Error 38        5.504721783E-01
                         Error 39        5.497819098E-01
                         Error 40        5.490978372E-01
                         Error 41        5.484197631E-01
                         Error 42        5.477475048E-01
                         Error 43        5.470808932E-01
                         Error 44        5.464197712E-01
                         Error 45        5.457639933E-01
                         Error 46        5.451134241E-01
                         Error 47        5.444679375E-01
                         Error 48        5.438274157E-01
                         Error 49        5.431917491E-01
                         Error 50        5.425608349E-01
                         Error        5.425608349E-01
