-xyz
refined.xyz
-dens
/home/unibas/boittier/RDKit_G2/B.pdb/SCAN_1_2_3_4_S_36_10.0/7_SCAN/B.d.cube
-esp
/home/unibas/boittier/RDKit_G2/B.pdb/SCAN_1_2_3_4_S_36_10.0/7_SCAN/B.p.cube
-stepsize
0.2
-n_steps
1
-learning_rate
0.5
  -3.2236343087938111        1.2807439871799795       -3.0251833045125021     
  -3.1084103036538182       0.36304733456981619      -0.16096854871716654     
  -2.7003396153537111      -0.21297363739293451      -0.91691910718141556     
  -5.8774928640160056      -0.58959364307424855        5.3967936033589736E-002
  -2.8035435224831606      -0.55391057920088715      -0.88854768813929808     
  -1.2011606822489274      -0.72397392296217822       0.47851611743705724     
  -2.0428728273664016       -1.8659451150300406        3.0270035598798524     
  -2.6783754254214354       -1.0120615499413972        1.0145909392643160     
  -2.0688439141404236      -0.80402610262329455       0.82909304276602735     
   1.7055472098056939        1.5371021781591829      -0.11009783506177648     
   1.6907985107525920        1.7279458535493732      -0.13090622665142765     
   1.7376422100909905        3.1881632015579000        8.4787615579440201E-002
   1.5890491164664924        2.4722083119148834       0.11786984008876045     
  0.79374099834559753      -0.76079429842148116        6.1835049092401805E-002
  0.99989077263808557      -0.47911498581772094      -0.30054348526163754     
   1.5451222284556365      -0.61091627544471827       0.84503251289625891     
   1.2834279696266233       0.57986442991287579       0.10668422019416401     
   2.2326070708079722       -1.4065631904255269       -1.2466169782146366     
   2.7525579467263310       -1.4323722839359887       0.57944299506541252     
   4.9588097699217997      -0.98951302448352552      -0.96239912657776860     
   2.2328185250579313       -4.0234071581290536      -0.36289217074496094     
First
                         Total        1.008515760E+00
Step size:       0.20
Step size in Bohr:       0.38
Learning Rate:       1.00
# Steps:          1
                         Error  1        9.832170233E-01
                         Error        9.832170233E-01
