-xyz
refined.xyz
-dens
/home/unibas/boittier/RDKit_G2/B.pdb/SCAN_1_2_3_4_S_36_10.0/6_SCAN/B.d.cube
-esp
/home/unibas/boittier/RDKit_G2/B.pdb/SCAN_1_2_3_4_S_36_10.0/6_SCAN/B.p.cube
-stepsize
0.2
-n_steps
100
-learning_rate
0.5
   4.2024938827847027        2.7852541383454090      -0.14927426881977937     
   3.4576579843557642      -0.70740607992839244      -0.72186593075022543     
   3.6709991952412171      -0.92330549303844911       -5.9138795879919707E-002
   6.1713551272329905       -1.4814869322426831       -8.2107507680595632E-002
   3.4564762559845388      -0.73051997061923202       0.54817634987504205     
   1.7307668725765923      -0.32378312219261579      -0.17405912595144843     
   1.4023380481093835      -0.11733822593498137      -0.15118762473882574     
   1.6513644414919761       -2.7269596981117736        9.3864944755361786E-003
   1.7326544664106667       -2.6724794570200205       0.53955459776068970     
   1.7876364756258794       -2.7094170856611091      -0.50320293421323192     
  -3.5633266137137531       -2.1365554871220858       0.58650314408855941     
  -2.8901458324719487       -1.4315725036741931       0.29237715507636602     
 -0.59934145356286506       0.95465253858850663       0.72564524613646075     
 -0.36543424993791312       0.93678593624676532       0.48811670152979314     
  -1.0302596831272706        1.0757836833608321      -0.51724671204880524     
  -1.5518288702529093      -0.12515991587981379       0.27300943420453933     
  -4.1045744768525196        3.2946852736219330      -0.84011051755855959     
  -1.9279682837402254        1.9695394067795156      -0.54878107701957224     
  -1.6571728662896505        2.2269438920050830        7.2357558651948248E-002
  -1.7630411735936504        2.0209328097274342       -1.2598349944003322     
  0.63560763613243787        4.2611483491341149        5.2419015837948044E-002
First
                         Total        5.769238089E+00
Step size:       0.20
Step size in Bohr:       0.38
Learning Rate:       1.00
# Steps:        100
                         Error  1        5.745517283E+00
                         Error  2        5.722117066E+00
                         Error  3        5.699035746E+00
                         Error  4        5.676271556E+00
                         Error  5        5.653822660E+00
                         Error  6        5.631687150E+00
                         Error  7        5.609863052E+00
                         Error  8        5.588348321E+00
                         Error  9        5.567140849E+00
                         Error 10        5.546238463E+00
                         Error 11        5.525638929E+00
                         Error 12        5.505339950E+00
                         Error 13        5.485339175E+00
                         Error 14        5.465634191E+00
                         Error 15        5.446222535E+00
                         Error 16        5.427101688E+00
                         Error 17        5.408269084E+00
                         Error 18        5.389722104E+00
                         Error 19        5.371458086E+00
                         Error 20        5.353474323E+00
                         Error 21        5.335768066E+00
                         Error 22        5.318336525E+00
                         Error 23        5.301176873E+00
                         Error 24        5.284286249E+00
                         Error 25        5.267661756E+00
                         Error 26        5.251300469E+00
                         Error 27        5.235199432E+00
                         Error 28        5.219355663E+00
                         Error 29        5.203766156E+00
                         Error 30        5.188427883E+00
                         Error 31        5.173337795E+00
                         Error 32        5.158492827E+00
                         Error 33        5.143889896E+00
                         Error 34        5.129525908E+00
                         Error 35        5.115397755E+00
                         Error 36        5.101502321E+00
                         Error 37        5.087836484E+00
                         Error 38        5.074397114E+00
                         Error 39        5.061181079E+00
                         Error 40        5.048185245E+00
                         Error 41        5.035406480E+00
                         Error 42        5.022841651E+00
                         Error 43        5.010487631E+00
                         Error 44        4.998341300E+00
                         Error 45        4.986399542E+00
                         Error 46        4.974659253E+00
                         Error 47        4.963117338E+00
                         Error 48        4.951770714E+00
                         Error 49        4.940616313E+00
                         Error 50        4.929651080E+00
                         Error 51        4.918871978E+00
                         Error 52        4.908275987E+00
                         Error 53        4.897860106E+00
                         Error 54        4.887621354E+00
                         Error 55        4.877556771E+00
                         Error 56        4.867663420E+00
                         Error 57        4.857938387E+00
                         Error 58        4.848378782E+00
                         Error 59        4.838981741E+00
                         Error 60        4.829744426E+00
                         Error 61        4.820664026E+00
                         Error 62        4.811737757E+00
                         Error 63        4.802962865E+00
                         Error 64        4.794336624E+00
                         Error 65        4.785856338E+00
                         Error 66        4.777519340E+00
                         Error 67        4.769322998E+00
                         Error 68        4.761264707E+00
                         Error 69        4.753341896E+00
                         Error 70        4.745552026E+00
                         Error 71        4.737892590E+00
                         Error 72        4.730361114E+00
                         Error 73        4.722955158E+00
                         Error 74        4.715672315E+00
                         Error 75        4.708510210E+00
                         Error 76        4.701466504E+00
                         Error 77        4.694538891E+00
                         Error 78        4.687725099E+00
                         Error 79        4.681022891E+00
                         Error 80        4.674430061E+00
                         Error 81        4.667944440E+00
                         Error 82        4.661563894E+00
                         Error 83        4.655286319E+00
                         Error 84        4.649109648E+00
                         Error 85        4.643031847E+00
                         Error 86        4.637050916E+00
                         Error 87        4.631164888E+00
                         Error 88        4.625371830E+00
                         Error 89        4.619669841E+00
                         Error 90        4.614057055E+00
                         Error 91        4.608531637E+00
                         Error 92        4.603091785E+00
                         Error 93        4.597735730E+00
                         Error 94        4.592461734E+00
                         Error 95        4.587268091E+00
                         Error 96        4.582153128E+00
                         Error 97        4.577115200E+00
                         Error 98        4.572152695E+00
                         Error 99        4.567264031E+00
                         Error100        4.562447656E+00
                         Error        4.562447656E+00
