-xyz
refined.xyz
-dens
/home/unibas/boittier/RDKit_G2/B.pdb/SCAN_1_2_3_4_S_36_10.0/17_SCAN/B.d.cube
-esp
/home/unibas/boittier/RDKit_G2/B.pdb/SCAN_1_2_3_4_S_36_10.0/17_SCAN/B.p.cube
-stepsize
0.2
-n_steps
100
-learning_rate
0.5
  -3.7232242623950591        2.7173623493339032       0.14292754164001686     
  -3.0517384018287133      -0.15632631497147065       0.62896086478153457     
  -2.8386881392616106       0.27560034530666860      -0.28433265758481330     
  -5.7494483676203298       -1.2661908792589587       0.24000062056774057     
  -2.9488725529851720        6.8294417235283122E-002 -0.55287704697313134     
 -0.93349251826407642       -1.2364397275147294      -0.24044220539410610     
  -1.4120193748938654       -3.8059517382533858        3.3568449401797817E-002
  -2.3669508803383188       -1.8972868292650811        1.0094769258971875E-004
  -1.8045146824659921       -1.5386292835667705       -6.7356717601470578E-002
   1.3959566241009336        1.6966022306054853       0.10457369697973713     
   1.3454532590062767        1.8823780417299429       0.10097624763775789     
  0.95366198025419224        3.2718880715396086      -0.23234503009799934     
  0.97448185256937625        2.5403546429923796      -0.19295830715741827     
  0.98616506942394366      -0.78641881384589418      -0.24615940429124150     
   1.1908500942733073      -0.46106627636543718      -0.56915617183229916     
   1.5084876145858979      -0.47595447952753139       0.66382987701114127     
   1.1354560694365554       0.62951841592037716      -0.15383924463303930     
   2.8987362631145022      -0.90087625708241115       -1.0533961800607512     
   2.9009596222483589      -0.97561128940217767       0.74344000720147141     
   5.2484626100570964       -7.8762349242929835E-003   9.3135161386197721E-002
   3.2545646988690886       -3.5551706617614665      -0.40540351257957769     
First
                         Total        8.363310666E+00
Step size:       0.20
Step size in Bohr:       0.38
Learning Rate:       1.00
# Steps:        100
                         Error  1        8.301811364E+00
                         Error  2        8.240516654E+00
                         Error  3        8.179430163E+00
                         Error  4        8.118555585E+00
                         Error  5        8.057896677E+00
                         Error  6        7.997457261E+00
                         Error  7        7.937241227E+00
                         Error  8        7.877252528E+00
                         Error  9        7.817495185E+00
                         Error 10        7.757973286E+00
                         Error 11        7.698690984E+00
                         Error 12        7.639652501E+00
                         Error 13        7.580862123E+00
                         Error 14        7.522324204E+00
                         Error 15        7.464043165E+00
                         Error 16        7.406023492E+00
                         Error 17        7.348269736E+00
                         Error 18        7.290786514E+00
                         Error 19        7.233578506E+00
                         Error 20        7.176650458E+00
                         Error 21        7.120007176E+00
                         Error 22        7.063653528E+00
                         Error 23        7.007594442E+00
                         Error 24        6.951834906E+00
                         Error 25        6.896379962E+00
                         Error 26        6.841234710E+00
                         Error 27        6.786404301E+00
                         Error 28        6.731893939E+00
                         Error 29        6.677708875E+00
                         Error 30        6.623854407E+00
                         Error 31        6.570335874E+00
                         Error 32        6.517158658E+00
                         Error 33        6.464328175E+00
                         Error 34        6.411849875E+00
                         Error 35        6.359729239E+00
                         Error 36        6.307971769E+00
                         Error 37        6.256582992E+00
                         Error 38        6.205568449E+00
                         Error 39        6.154933693E+00
                         Error 40        6.104684283E+00
                         Error 41        6.054825778E+00
                         Error 42        6.005363734E+00
                         Error 43        5.956303693E+00
                         Error 44        5.907651183E+00
                         Error 45        5.859411706E+00
                         Error 46        5.811590734E+00
                         Error 47        5.764193702E+00
                         Error 48        5.717225999E+00
                         Error 49        5.670692962E+00
                         Error 50        5.624599867E+00
                         Error 51        5.578951923E+00
                         Error 52        5.533754262E+00
                         Error 53        5.489011929E+00
                         Error 54        5.444729879E+00
                         Error 55        5.400912961E+00
                         Error 56        5.357565915E+00
                         Error 57        5.314693360E+00
                         Error 58        5.272299787E+00
                         Error 59        5.230389547E+00
                         Error 60        5.188966844E+00
                         Error 61        5.148035726E+00
                         Error 62        5.107600075E+00
                         Error 63        5.067663599E+00
                         Error 64        5.028229823E+00
                         Error 65        4.989302077E+00
                         Error 66        4.950883494E+00
                         Error 67        4.912976996E+00
                         Error 68        4.875585289E+00
                         Error 69        4.838710853E+00
                         Error 70        4.802355937E+00
                         Error 71        4.766522550E+00
                         Error 72        4.731212457E+00
                         Error 73        4.696427169E+00
                         Error 74        4.662167941E+00
                         Error 75        4.628435765E+00
                         Error 76        4.595231365E+00
                         Error 77        4.562555194E+00
                         Error 78        4.530407432E+00
                         Error 79        4.498787979E+00
                         Error 80        4.467696456E+00
                         Error 81        4.437132203E+00
                         Error 82        4.407094278E+00
                         Error 83        4.377581456E+00
                         Error 84        4.348592231E+00
                         Error 85        4.320124816E+00
                         Error 86        4.292177145E+00
                         Error 87        4.264746876E+00
                         Error 88        4.237831395E+00
                         Error 89        4.211427818E+00
                         Error 90        4.185532996E+00
                         Error 91        4.160143521E+00
                         Error 92        4.135255733E+00
                         Error 93        4.110865723E+00
                         Error 94        4.086969341E+00
                         Error 95        4.063562206E+00
                         Error 96        4.040639711E+00
                         Error 97        4.018197032E+00
                         Error 98        3.996229137E+00
                         Error 99        3.974730795E+00
                         Error100        3.953696587E+00
                         Error        3.953696587E+00
