-xyz
refined.xyz
-dens
/home/unibas/boittier/RDKit_G2/B.pdb/SCAN_1_2_3_4_S_36_10.0/4_SCAN_1_2_3_4_F/B.d.cube
-esp
/home/unibas/boittier/RDKit_G2/B.pdb/SCAN_1_2_3_4_S_36_10.0/4_SCAN_1_2_3_4_F/B.p.cube
-stepsize
0.2
-n_steps
5
-learning_rate
0.5
   3.4539848282662553        2.2420667551808218        1.4583965368703888     
   3.4904660259384817      -0.21203324815226759      -0.63373185659477238     
   6.2321703237835573       -1.1047418012243955       0.21357524502260591     
   3.9624783214707007      -0.93998821302113211       0.10717594913596848     
   3.3833468389471206      -0.88730886912693174       0.67860043271655213     
   2.5451512461231571       -1.6146991385060154      -0.36650726291299190     
   1.4980092210647316      -0.87523108560628993       -1.4149334504091517     
   2.1474612016469163       -1.2241108998282288      -0.22389152228219461     
   1.2743536121754646      -0.67762137211711115      -0.47936573675453381     
   1.6913861955121519       -3.7129930658807004       -1.5716103178140068     
  -1.2076646295206139        3.0629764396305608      -0.19692345161806227     
  -1.1592634424814499        2.3939119059820753      -0.34396312520764527     
  -1.2507741320127366        1.6020693887892581      -0.19230810924891051     
  -1.2025996128302137        2.6859381797217967      -0.10217914218071839     
 -0.86767842038710730      -0.38835246058549300        3.6449314268373077E-002
 -0.96626147225947290       0.39985564782346772      -0.28689906569993540     
 -0.80483099308949158      -0.91789583316883616      -0.14477659024419642     
  -1.3198768324796493      -0.60731535084411625      -0.61321463128565323     
  -5.2953006891120120      -0.31549632699647606       0.68660362012840492     
  -2.1080974905769270       -1.4236483183012465        1.7933436840442537E-003
  -2.5157669399375311      -0.91871875030794647       0.61244230914592424     
  -2.8784361209746581      -0.56454145580840909       0.27358602904589174     
  -2.8286117190273412      -0.94061533332993708        2.4166109696873203E-002
  -3.0294938873603083       -3.6729239527923312        1.1644209658078111     
  -3.0860902664168255       -3.6030412827149751       0.84541615224031486     
First
                         Total        5.450363248E-01
Step size:       0.20
Step size in Bohr:       0.38
Learning Rate:       1.00
# Steps:          5
                         Error  1        5.416264489E-01
                         Error  2        5.383942046E-01
                         Error  3        5.353281860E-01
                         Error  4        5.324176744E-01
                         Error  5        5.296526068E-01
                         Error        5.296526068E-01
