-xyz
refined.xyz
-dens
/home/unibas/boittier/RDKit_G2/B.pdb/SCAN_1_2_3_4_S_36_-10.0/3_SCAN_1_2_3_4_F/B.d.cube
-esp
/home/unibas/boittier/RDKit_G2/B.pdb/SCAN_1_2_3_4_S_36_-10.0/3_SCAN_1_2_3_4_F/B.p.cube
-stepsize
0.2
-n_steps
0
-learning_rate
0.5
  -3.5378186947922758        2.3498563770272396        1.0606297624332810     
  -3.2489124162128724      -0.83014214584326251       0.88382519117341740     
  -6.2149006164257363       -1.1993632343093539       0.21539688389715533     
  -3.9660272270036128      -0.95550922723620035        4.8294264000915384E-003
  -3.5605950991855764      -0.48406375700784221      -0.52077668568488245     
  -2.4531424393565895       -1.7260570285453760      -0.64509350064496418     
  -1.6734145125519009      -0.92336408914934343       0.57614546812447243     
  -2.0475676892059096       -1.3243817119225902      -0.71282694723672868     
  -1.2628642042633258      -0.74137021846949103      -0.29806367771862552     
  -1.5837597461011257       -3.8884902981015426       -1.1830993895071980     
   1.1137973222040978        3.0723928120587107      -0.17220219039196194     
   1.0529935765642500        2.4059753209369688       -1.8702486995680775E-002
   1.1964827089020011        1.6135982101877921      -0.12177823177882563     
   1.1383660985869712        2.6932958909417257      -0.25534089788466552     
  0.92290952346012256      -0.39042044985568747      -0.36378455680288752     
  0.93094037820578923       0.40816759331475405       -5.1274843368640265E-002
  0.83865647185764403      -0.91769505601603119      -0.18295977016001153     
   1.2341541621358336      -0.57814578495945235       0.37311981485167173     
   5.3235525590065613      -0.18326251112576183       0.60882262416584310     
   2.1133189637270138       -1.3742686652018750       0.24944930685048694     
   2.6994555983886994      -0.90008421917540671      -0.22575536225220905     
   2.9177999452254162      -0.50554924190098749       0.18521865359872036     
   2.7893286045888090      -0.86274959088316361       0.43408398820868688     
   3.4139122244293332       -3.6635634550223277      -0.32254527901688879     
   3.3556616899300651       -3.5674903542519871       -1.1508501954072254E-002
First
                         Total        4.374518484E-01
Step size:       0.20
Step size in Bohr:       0.38
Learning Rate:       1.00
# Steps:          0
                         Error        4.374518484E-01
