-xyz
refined.xyz
-dens
../../cube_files/ester/15_SCAN_1_2_6_8_F/O.d.cube
-esp
../../cube_files/ester/15_SCAN_1_2_6_8_F/O.p.cube
-stepsize
0.2
-n_steps
200
-learning_rate
0.5
   2.8833958204489778       -1.0094612290745117      -0.15201862227777974     
   3.2476281583248805       -1.1318247451674706      -0.59366066743693124     
   2.4292544485931828       -2.4126220440281601        1.7441901869931145     
   2.4413471467076744       -2.2509301966320634        1.4179618038946533     
   4.5257275936196821      -0.48336094472724284       0.64584093418905275     
   4.0340825361205503      -0.60723935019828545       0.68725532694296909     
   3.3137463972489187       -3.3397468354357573       -1.7416367556287102     
   1.1653873568407720        3.1290676396842874       0.15201202051348081     
  0.47882775656243926        2.9859737360159393       -8.0874402714284019E-002
   1.5056392805425767        2.7994869639449860       0.20411859968465845     
  -4.3285358067262969E-002   1.5065515429291455E-002 -0.45753431901073344     
   1.4141875145555860       0.26172331176403318      -0.43310132066218388     
   1.6198489079190883      -0.16969147189958714      -0.88396276915996785     
 -0.68706354934648117      -0.56680265950271647      -0.69731696903108509     
  -1.2659818142762491      -0.72515679100425967       -1.4255467874642684     
  -1.6897156867275132      -0.70593285887459434       -1.0552826384303675     
  -1.5401804501859817      -0.79268118954582945      -0.64672057081086409     
  -4.0220698241306705      -0.43264126683058868        3.4610724159110165E-002
  -2.7084647356773393        8.6526707592000804E-002   2.3135596164336993E-002
  -4.4256508690177077      -0.64630287732173131       -1.3183049721043271E-002
  -3.6328681634473163       -1.5667362226811221        1.9119076224584466     
  -3.6214842750323983       -1.5557010053659224        1.7365410170192712     
  -3.6115015113674209       0.91621971326956508       0.61444589208909539     
  -3.8153056306501019        1.5643402451281505       0.76501378712973289     
First
                         Total        1.339402106E+00
Step size:       0.20
Step size in Bohr:       0.38
Learning Rate:       1.00
# Steps:        200
                         Error  1        1.309944652E+00
                         Error  2        1.281823269E+00
                         Error  3        1.255002988E+00
                         Error  4        1.229447381E+00
                         Error  5        1.205118767E+00
                         Error  6        1.181978417E+00
                         Error  7        1.159986758E+00
                         Error  8        1.139103572E+00
                         Error  9        1.119288195E+00
                         Error 10        1.100499705E+00
                         Error 11        1.082697106E+00
                         Error 12        1.065839497E+00
                         Error 13        1.049886239E+00
                         Error 14        1.034797104E+00
                         Error 15        1.020532416E+00
                         Error 16        1.007053179E+00
                         Error 17        9.943211899E-01
                         Error 18        9.822991414E-01
                         Error 19        9.709507096E-01
                         Error 20        9.602406301E-01
                         Error 21        9.501347602E-01
                         Error 22        9.406001300E-01
                         Error 23        9.316049810E-01
                         Error 24        9.231187942E-01
                         Error 25        9.151123078E-01
                         Error 26        9.075575254E-01
                         Error 27        9.004277156E-01
                         Error 28        8.936974045E-01
                         Error 29        8.873423600E-01
                         Error 30        8.813395714E-01
                         Error 31        8.756672234E-01
                         Error 32        8.703046651E-01
                         Error 33        8.652323769E-01
                         Error 34        8.604319326E-01
                         Error 35        8.558859606E-01
                         Error 36        8.515781034E-01
                         Error 37        8.474929748E-01
                         Error 38        8.436161177E-01
                         Error 39        8.399339611E-01
                         Error 40        8.364337771E-01
                         Error 41        8.331036387E-01
                         Error 42        8.299323781E-01
                         Error 43        8.269095455E-01
                         Error 44        8.240253699E-01
                         Error 45        8.212707203E-01
                         Error 46        8.186370686E-01
                         Error 47        8.161164539E-01
                         Error 48        8.137014484E-01
                         Error 49        8.113851242E-01
                         Error 50        8.091610228E-01
                         Error 51        8.070231249E-01
                         Error 52        8.049658223E-01
                         Error 53        8.029838916E-01
                         Error 54        8.010724686E-01
                         Error 55        7.992270249E-01
                         Error 56        7.974433452E-01
                         Error 57        7.957175064E-01
                         Error 58        7.940458576E-01
                         Error 59        7.924250021E-01
                         Error 60        7.908517792E-01
                         Error 61        7.893232486E-01
                         Error 62        7.878366745E-01
                         Error 63        7.863895121E-01
                         Error 64        7.849793934E-01
                         Error 65        7.836041157E-01
                         Error 66        7.822616292E-01
                         Error 67        7.809500266E-01
                         Error 68        7.796675330E-01
                         Error 69        7.784124964E-01
                         Error 70        7.771833792E-01
                         Error 71        7.759787496E-01
                         Error 72        7.747972745E-01
                         Error 73        7.736377125E-01
                         Error 74        7.724989069E-01
                         Error 75        7.713797800E-01
                         Error 76        7.702793275E-01
                         Error 77        7.691966128E-01
                         Error 78        7.681307629E-01
                         Error 79        7.670809632E-01
                         Error 80        7.660464534E-01
                         Error 81        7.650265242E-01
                         Error 82        7.640205129E-01
                         Error 83        7.630278004E-01
                         Error 84        7.620478084E-01
                         Error 85        7.610799959E-01
                         Error 86        7.601238570E-01
                         Error 87        7.591789181E-01
                         Error 88        7.582447359E-01
                         Error 89        7.573208950E-01
                         Error 90        7.564070062E-01
                         Error 91        7.555027043E-01
                         Error 92        7.546076467E-01
                         Error 93        7.537215116E-01
                         Error 94        7.528439967E-01
                         Error 95        7.519748180E-01
                         Error 96        7.511137080E-01
                         Error 97        7.502604149E-01
                         Error 98        7.494147017E-01
                         Error 99        7.485763447E-01
                         Error100        7.477451330E-01
                         Error101        7.469208674E-01
                         Error102        7.461033596E-01
                         Error103        7.452924317E-01
                         Error104        7.444879150E-01
                         Error105        7.436896499E-01
                         Error106        7.428974852E-01
                         Error107        7.421112771E-01
                         Error108        7.413308893E-01
                         Error109        7.405561921E-01
                         Error110        7.397870620E-01
                         Error111        7.390233816E-01
                         Error112        7.382650389E-01
                         Error113        7.375119270E-01
                         Error114        7.367639438E-01
                         Error115        7.360209918E-01
                         Error116        7.352829777E-01
                         Error117        7.345498121E-01
                         Error118        7.338214093E-01
                         Error119        7.330976873E-01
                         Error120        7.323785671E-01
                         Error121        7.316639728E-01
                         Error122        7.309538315E-01
                         Error123        7.302480731E-01
                         Error124        7.295466297E-01
                         Error125        7.288494363E-01
                         Error126        7.281564296E-01
                         Error127        7.274675490E-01
                         Error128        7.267827356E-01
                         Error129        7.261019323E-01
                         Error130        7.254250842E-01
                         Error131        7.247521377E-01
                         Error132        7.240830411E-01
                         Error133        7.234177440E-01
                         Error134        7.227561977E-01
                         Error135        7.220983546E-01
                         Error136        7.214441687E-01
                         Error137        7.207935949E-01
                         Error138        7.201465896E-01
                         Error139        7.195031101E-01
                         Error140        7.188631149E-01
                         Error141        7.182265635E-01
                         Error142        7.175934162E-01
                         Error143        7.169636346E-01
                         Error144        7.163371809E-01
                         Error145        7.157140181E-01
                         Error146        7.150941102E-01
                         Error147        7.144774220E-01
                         Error148        7.138639189E-01
                         Error149        7.132535671E-01
                         Error150        7.126463334E-01
                         Error151        7.120421854E-01
                         Error152        7.114410913E-01
                         Error153        7.108430199E-01
                         Error154        7.102479405E-01
                         Error155        7.096558232E-01
                         Error156        7.090666383E-01
                         Error157        7.084803571E-01
                         Error158        7.078969510E-01
                         Error159        7.073163921E-01
                         Error160        7.067386530E-01
                         Error161        7.061637066E-01
                         Error162        7.055915264E-01
                         Error163        7.050220864E-01
                         Error164        7.044553608E-01
                         Error165        7.038913245E-01
                         Error166        7.033299526E-01
                         Error167        7.027712205E-01
                         Error168        7.022151043E-01
                         Error169        7.016615803E-01
                         Error170        7.011106250E-01
                         Error171        7.005622155E-01
                         Error172        7.000163292E-01
                         Error173        6.994729438E-01
                         Error174        6.989320372E-01
                         Error175        6.983935878E-01
                         Error176        6.978575743E-01
                         Error177        6.973239756E-01
                         Error178        6.967927709E-01
                         Error179        6.962639398E-01
                         Error180        6.957374620E-01
                         Error181        6.952133178E-01
                         Error182        6.946914875E-01
                         Error183        6.941719516E-01
                         Error184        6.936546912E-01
                         Error185        6.931396873E-01
                         Error186        6.926269213E-01
                         Error187        6.921163750E-01
                         Error188        6.916080302E-01
                         Error189        6.911018690E-01
                         Error190        6.905978737E-01
                         Error191        6.900960271E-01
                         Error192        6.895963117E-01
                         Error193        6.890987108E-01
                         Error194        6.886032075E-01
                         Error195        6.881097853E-01
                         Error196        6.876184278E-01
                         Error197        6.871291188E-01
                         Error198        6.866418426E-01
                         Error199        6.861565831E-01
                         Error200        6.856733251E-01
                         Error        6.856733251E-01
