-xyz
refined.xyz
-dens
/home/unibas/boittier/RDKit_G2/B.pdb/SCAN_1_2_3_4_S_36_-10.0/28_SCAN_1_2_3_4_F/B.d.cube
-esp
/home/unibas/boittier/RDKit_G2/B.pdb/SCAN_1_2_3_4_S_36_-10.0/28_SCAN_1_2_3_4_F/B.p.cube
-stepsize
0.2
-n_steps
50
-learning_rate
0.5
  -3.1376821631761165       0.25921825876321669       -3.0890165731194523     
  -3.4597773369891351       0.63640963552488183        4.6514489957347353E-002
  -6.3596290670093998      -0.27923598901502955        5.9955071130257484E-002
  -4.0608672358145883      -0.35523502357173986       0.26433540285665114     
  -3.5808681772317756      -0.85177720774444798      -0.14424531677582683     
  -2.8094966754486017      -0.42651347090026565        1.0111171601523707     
  -1.4177442501648769       -8.7595274070589257E-002   1.8128387227083798     
  -2.2841123549881965      -0.31763942259270855       0.81129403643931619     
  -1.3282900948092773        4.9465168515947310E-002  0.86472527400877663     
  -2.1902096201110539      -0.82063496569524375        3.7072499254742657     
   1.9753275608627057        2.8466011608241808      -0.11681656071499924     
   1.7745503831380591        2.2606464978030116        8.1988016030173763E-002
   1.6202572600691212        1.4385737205308824        6.2326372799120225E-003
   1.8458773098915493        2.5061548413878314      -0.17201462008088877     
  0.72837287057858457      -0.34718636500843869        1.0994041806409033E-002
   1.0582877087335365       0.38028732668819465       0.24608687675681024     
  0.55610902234041160      -0.80588743451026323       0.24052630276938641     
   1.1993554990088100      -0.65205321910672120       0.56856985408555816     
   4.9675538369077579       -1.5284775818758067      -0.86549765964488712     
   1.6825635465198723       -1.6518486237586070       0.12792762356835283     
   2.1434568135625098       -1.3492287687420830      -0.54532362953001168     
   2.5877185015840709       -1.0781381025818340      -0.28004735473589759     
   2.4745486072878724       -1.3877291257738453       -2.0612354821938992E-003
   1.8748329673827702       -4.1813019474810620      -0.77604646920510056     
   2.0157554642275683       -4.0741290404898249      -0.49932620825591384     
First
                         Total        6.420562597E-01
Step size:       0.20
Step size in Bohr:       0.38
Learning Rate:       1.00
# Steps:         50
                         Error  1        6.414127227E-01
                         Error  2        6.407828091E-01
                         Error  3        6.401656587E-01
                         Error  4        6.395604766E-01
                         Error  5        6.389665281E-01
                         Error  6        6.383831341E-01
                         Error  7        6.378096669E-01
                         Error  8        6.372455460E-01
                         Error  9        6.366902347E-01
                         Error 10        6.361432366E-01
                         Error 11        6.356040925E-01
                         Error 12        6.350723774E-01
                         Error 13        6.345476980E-01
                         Error 14        6.340296902E-01
                         Error 15        6.335180168E-01
                         Error 16        6.330123654E-01
                         Error 17        6.325124466E-01
                         Error 18        6.320179921E-01
                         Error 19        6.315287531E-01
                         Error 20        6.310444986E-01
                         Error 21        6.305650145E-01
                         Error 22        6.300901017E-01
                         Error 23        6.296195755E-01
                         Error 24        6.291532641E-01
                         Error 25        6.286910076E-01
                         Error 26        6.282326574E-01
                         Error 27        6.277780750E-01
                         Error 28        6.273271313E-01
                         Error 29        6.268797061E-01
                         Error 30        6.264356871E-01
                         Error 31        6.259949695E-01
                         Error 32        6.255574553E-01
                         Error 33        6.251230530E-01
                         Error 34        6.246916766E-01
                         Error 35        6.242632458E-01
                         Error 36        6.238376852E-01
                         Error 37        6.234149241E-01
                         Error 38        6.229948959E-01
                         Error 39        6.225775380E-01
                         Error 40        6.221627915E-01
                         Error 41        6.217506008E-01
                         Error 42        6.213409135E-01
                         Error 43        6.209336800E-01
                         Error 44        6.205288534E-01
                         Error 45        6.201263892E-01
                         Error 46        6.197262453E-01
                         Error 47        6.193283817E-01
                         Error 48        6.189327603E-01
                         Error 49        6.185393448E-01
                         Error 50        6.181481006E-01
                         Error        6.181481006E-01
