-xyz
refined.xyz
-dens
/home/unibas/boittier/RDKit_G2/B.pdb/SCAN_1_2_3_4_S_36_-10.0/25_SCAN/B.d.cube
-esp
/home/unibas/boittier/RDKit_G2/B.pdb/SCAN_1_2_3_4_S_36_-10.0/25_SCAN/B.p.cube
-stepsize
0.2
-n_steps
0
-learning_rate
0.5
   3.3767028299497897        1.7289128662827820       -2.8728392176147617     
   3.0801884519123530      -0.24346634225447453      -0.66421405964914870     
   2.8608051386362994       0.74500307915886033      -0.45299952180131986     
   5.9390447598628908      -0.34399661049199320       0.17027587540873987     
   3.0109143652043935       0.84692193191068643      -0.14514208790796942     
   1.2980409815470184      -0.15851229829135416       0.46548625886443445     
   1.9699514016086286       -1.9386385630558991        2.8443265391852859     
   2.7564845049304902      -0.49726690828890946        1.0229290194266549     
   2.1223969534318270      -0.44591638655875221       0.81194820218744135     
  -2.1363413718109157       -1.1787584720933020      -0.46999073450799234     
  -2.1827459150998538       -1.3576521552244043      -0.52400535108584156     
  -2.7061221073513861       -2.7379567591589495      -0.56634402528293737     
  -2.3371065068789338       -2.1253995898333717      -0.41031524794955149     
 -0.53834020163665475       0.64369945829530406        9.2596442121193168E-002
 -0.80710019950527434       0.50963134468568738      -0.31109837744457719     
  -1.3333660654795143       0.61558642623090265       0.84599616809399936     
  -1.4343098469764302      -0.45281753957264737       -9.2048490501592667E-002
  -1.7372310926346330        2.0127726718141399      -0.82422839265624526     
  -2.2328187343381560        1.7216721726662096       0.98552379729339812     
  -4.4659444817424401        2.3598941619283029      -0.45145920113495219     
 -0.93943153351981057        4.1939360638031946       0.67404409891250505     
First
                         Total        1.525728382E+00
Step size:       0.20
Step size in Bohr:       0.38
Learning Rate:       1.00
# Steps:          0
                         Error        1.525728382E+00
