                                     G D M A

                                 by Anthony Stone

                           version 2.2.03, 21 June 2007

               Distributed Multipoles from Gaussian wavefunctions


Starting at 9:24:46 on 26 May 2021  

GDMA



Using SCF density matrix from file O.pdb.fchk


                         Distributed Multipole Analysis

Standard DMA for products of primitives with exponent greater than 4.00000
Using 80-point Euler-MacLaurin radial quadrature
Using 590-point Lebedev quadrature
Becke smoothing parameter = 3

Positions and radii in angstrom
Multipole moments in atomic units, ea_0^k for rank k

C          x =  1.782306  y = -0.560598  z =  0.083436
           Maximum rank =  2   Radius =  0.650
                   Q00  =  -0.111452
|Q1| =   0.148762  Q10  =  -0.004002  Q11c =  -0.134639  Q11s =   0.063138
|Q2| =   0.170362  Q20  =  -0.138086  Q21c =   0.018569  Q21s =  -0.002443
                   Q22c =   0.063615  Q22s =  -0.074551

C          x =  0.486932  y =  0.172462  z = -0.074462
           Maximum rank =  2   Radius =  0.650
                   Q00  =   0.257643
|Q1| =   0.208658  Q10  =  -0.029672  Q11c =  -0.195671  Q11s =   0.066110
|Q2| =   0.664753  Q20  =  -0.631012  Q21c =   0.095779  Q21s =   0.059036
                   Q22c =  -0.172173  Q22s =   0.037665

H          x =  1.845395  y = -0.945089  z =  1.106818
           Maximum rank =  2   Radius =  0.325
                   Q00  =   0.110744
|Q1| =   0.136719  Q10  =  -0.112556  Q11c =  -0.051512  Q11s =   0.058049
|Q2| =   0.152491  Q20  =   0.116130  Q21c =   0.001921  Q21s =  -0.094621
                   Q22c =   0.014273  Q22s =  -0.024632

H          x =  2.615047  y =  0.119561  z = -0.095076
           Maximum rank =  2   Radius =  0.325
                   Q00  =   0.104792
|Q1| =   0.133999  Q10  =   0.016451  Q11c =  -0.126403  Q11s =  -0.041320
|Q2| =   0.163542  Q20  =  -0.113983  Q21c =  -0.030618  Q21s =  -0.042064
                   Q22c =   0.016026  Q22s =   0.103875

H          x =  1.833941  y = -1.413251  z = -0.596738
           Maximum rank =  2   Radius =  0.325
                   Q00  =   0.109783
|Q1| =   0.135715  Q10  =   0.067938  Q11c =  -0.058621  Q11s =   0.101817
|Q2| =   0.158249  Q20  =  -0.011131  Q21c =   0.016835  Q21s =   0.148707
                   Q22c =  -0.049554  Q22s =  -0.008128

O          x = -0.571927  y = -0.687017  z = -0.189058
           Maximum rank =  2   Radius =  0.650
                   Q00  =  -0.405997
|Q1| =   0.533812  Q10  =   0.107652  Q11c =   0.018956  Q11s =   0.522501
|Q2| =   1.051406  Q20  =  -0.724199  Q21c =  -0.127772  Q21s =   0.173092
                   Q22c =   0.614474  Q22s =   0.396390

O          x =  0.340814  y =  1.393882  z = -0.021701
           Maximum rank =  2   Radius =  0.650
                   Q00  =  -0.422965
|Q1| =   0.564146  Q10  =  -0.034119  Q11c =   0.088323  Q11s =  -0.556144
|Q2| =   1.118181  Q20  =  -0.253484  Q21c =  -0.022463  Q21s =   0.060556
                   Q22c =  -1.076665  Q22s =  -0.150649

C          x = -1.901593  y = -0.157873  z =  0.111588
           Maximum rank =  2   Radius =  0.650
                   Q00  =   0.032351
|Q1| =   0.207723  Q10  =  -0.043559  Q11c =   0.187378  Q11s =  -0.078363
|Q2| =   0.190148  Q20  =  -0.109630  Q21c =  -0.052207  Q21s =   0.032534
                   Q22c =   0.125886  Q22s =  -0.067126

H          x = -1.901824  y =  0.292312  z =  1.106345
           Maximum rank =  2   Radius =  0.325
                   Q00  =   0.110209
|Q1| =   0.136305  Q10  =  -0.119118  Q11c =   0.051718  Q11s =  -0.041413
|Q2| =   0.132614  Q20  =   0.076884  Q21c =   0.011238  Q21s =   0.105620
                   Q22c =   0.017522  Q22s =   0.009297

H          x = -2.559828  y = -1.022121  z =  0.070472
           Maximum rank =  2   Radius =  0.325
                   Q00  =   0.102572
|Q1| =   0.130764  Q10  =  -0.003952  Q11c =   0.106749  Q11s =   0.075421
|Q2| =   0.156776  Q20  =  -0.114308  Q21c =  -0.010372  Q21s =   0.022973
                   Q22c =  -0.027017  Q22s =   0.100733

H          x = -2.189692  y =  0.589722  z = -0.629121
           Maximum rank =  2   Radius =  0.325
                   Q00  =   0.112315
|Q1| =   0.133115  Q10  =   0.075534  Q11c =   0.082609  Q11s =  -0.072042
|Q2| =   0.135706  Q20  =   0.004010  Q21c =   0.016667  Q21s =  -0.128213
                   Q22c =  -0.027154  Q22s =  -0.030762

Total multipoles
referred to origin at x =   0.000000,  y =    0.000000,  z =    0.000000
                   Q00  =  -0.000005
|Q1| =   0.833563  Q10  =   0.235533  Q11c =  -0.191775  Q11s =  -0.776256
|Q2| =   9.178535  Q20  =   0.210674  Q21c =  -0.501014  Q21s =  -0.708293
                   Q22c =   8.734110  Q22s =  -2.676516

CPU time used:      0m13.863s          Total:      0m13.863s

Finished at 9:25:0 on 26 May 2021   
