-xyz
refined.xyz
-dens
/home/unibas/boittier/RDKit_G2/B.pdb/SCAN_1_2_3_4_S_36_10.0/23_SCAN/B.d.cube
-esp
/home/unibas/boittier/RDKit_G2/B.pdb/SCAN_1_2_3_4_S_36_10.0/23_SCAN/B.p.cube
-stepsize
0.2
-n_steps
10
-learning_rate
0.5
  -3.9647156267254164        3.0256445478060177      -0.43115138704081069     
  -3.5331371802194314      -0.41214813828979452       0.69872973615096190     
  -3.7435830803599703      -0.66083771187835350        5.2239469643606068E-002
  -6.2757461627372297       -1.0389907429806171        2.2092709294787252E-002
  -3.4722304728967579      -0.60367877009371418      -0.55611904624241570     
  -1.7562757860254476      -0.21940124208485409       0.25346056627955066     
  -1.4441270136107556        4.9990790403801347E-002  0.23307563780287632     
  -1.8951482470202883       -2.5787042063839212       0.32397018893376350     
  -1.8941827154154152       -2.6454190321240985      -0.20229110723615015     
  -2.0007069124767143       -2.5420548543698716       0.83040123239200159     
   3.3315166740935753       -2.4194336633454796      -0.26365259838863142     
   2.7380677935928550       -1.8048837521474741      -0.15851557755006299     
  0.70432090357272636       0.78859844754994501      -0.63564086025221234     
  0.42633550913908935       0.93559919515276013      -0.39455261711372724     
   1.1118785357844756       0.91860390535092318       0.61752925094945665     
   1.4733830096922407      -0.23117207238904378      -0.16048613219651425     
   4.3773271127476665        3.1288975291823631       -3.6668503937713044E-002
   2.0857807505047763        2.0351779235401639        3.6791825859836584E-002
   1.8156099924782063        2.0233154175720616      -0.62209811995035114     
   1.9723795980840355        2.1012062172269905       0.73017477715549362     
 -0.22575598905538938        4.2804743857763521        5.6683108027815135E-002
First
                         Total        2.499379886E+00
Step size:       0.20
Step size in Bohr:       0.38
Learning Rate:       1.00
# Steps:         10
                         Error  1        2.483706286E+00
                         Error  2        2.468494379E+00
                         Error  3        2.453731339E+00
                         Error  4        2.439404420E+00
                         Error  5        2.425500982E+00
                         Error  6        2.412008509E+00
                         Error  7        2.398914626E+00
                         Error  8        2.386207119E+00
                         Error  9        2.373873949E+00
                         Error 10        2.361903264E+00
                         Error        2.361903264E+00
