-xyz
refined.xyz
-dens
/home/unibas/boittier/RDKit_G2/B.pdb/SCAN_1_2_3_4_S_36_-10.0/34_SCAN/B.d.cube
-esp
/home/unibas/boittier/RDKit_G2/B.pdb/SCAN_1_2_3_4_S_36_-10.0/34_SCAN/B.p.cube
-stepsize
0.2
-n_steps
0
-learning_rate
0.5
   3.7146572909873772        2.6779965383845603       0.60903812555817749     
   3.1385195710805038       -8.7719939715953071E-002 -0.42878242377624076     
   2.7906964904132816       0.21508331542051534       0.49703705616862598     
   5.7554679509719078       -1.2899341042651375       0.12256526793187252     
   2.8595651361467080       -3.0965521760316361E-002  0.74686401909961708     
  0.94060346478315160       -1.2146815471078107        3.4641043884356244E-002
   1.4265312147768243       -3.7595271211928205      -0.61369543174178165     
   2.3786037042047745       -1.8695017126963782      -0.20183409256541499     
   1.8140659489800179       -1.5139833357005086      -0.13764210837368884     
  -1.3743028224808749        1.6742385920160316        7.2958752786414283E-002
  -1.3209600221828057        1.8572825054143045        9.9854509520964779E-002
 -0.99091116162608794        3.2836930190921336       -9.3476289127222015E-002
  -1.0054994234265748        2.5520743689502252      -0.10975854396287753     
 -0.99334903090879922      -0.77202366406011091        4.2707716704641775E-002
  -1.1975399093764991      -0.44115808071746510       0.36209737495196331     
  -1.5208174300400610      -0.47730389790284772      -0.87128624454507519     
  -1.1465509046469475       0.64297963698904181       -7.3480608999882277E-002
  -2.7514143149027070       -1.0369549869747885        1.1053118006455642     
  -2.9653432640346855      -0.98731177790833580      -0.78077397597167086     
  -5.2221858190792956        3.7294041259894753E-003  0.39188124428845922     
  -3.2323416212027118       -3.6060431044378567       0.20089688190021804     
First
                         Total        4.096009576E-01
Step size:       0.20
Step size in Bohr:       0.38
Learning Rate:       1.00
# Steps:          0
                         Error        4.096009576E-01
