-xyz
refined.xyz
-dens
/home/unibas/boittier/RDKit_G2/B.pdb/SCAN_1_2_3_4_S_36_10.0/36_SCAN/B.d.cube
-esp
/home/unibas/boittier/RDKit_G2/B.pdb/SCAN_1_2_3_4_S_36_10.0/36_SCAN/B.p.cube
-stepsize
0.2
-n_steps
0
-learning_rate
0.5
  -4.0357899586677206        2.9827166423337679       -2.9788751017114918E-004
  -3.5130553909295985      -0.56244420752191493       0.67379893682988767     
  -3.7395711436451173      -0.72501667910775391        6.5841135920852367E-003
  -6.2589643218714279       -1.1539647189615598       -2.6104649298954851E-002
  -3.4823204751593249      -0.59579030497822683      -0.59627671845440622     
  -1.7407008119486300      -0.33554142858188984       0.13817576459938236     
  -1.4450246808283225       -3.7492574954902484E-002  0.13161804217897935     
  -1.8669301731256349       -2.6303317502393537       -9.0307346360040865E-003
  -1.8714236149605592       -2.6413518969219552      -0.53935296299065927     
  -1.9532280212423694       -2.6690364547395844       0.50033128496052659     
   3.4395670654320951       -2.3170233588992706      -0.18975692650367854     
   2.8227481082153933       -1.7375249009294911      -0.10482737511653527     
  0.70706940204230218       0.77377907461253348      -0.64796224452190321     
  0.40769139722190501       0.92897373817074147      -0.41669670320991808     
   1.0579844000807543       0.91740725552279667       0.62130482766545325     
   1.4879803533770404      -0.19711309280553810      -0.14852839712654267     
   4.2575006644838460        3.2608029099281644        2.5041308281798496E-002
   2.0048961573279040        2.0942049822597304        3.8510569602955722E-002
   1.7581438415823645        2.0489483357962324      -0.62814238138535028     
   1.8727627809392136        2.1390594314829179       0.72852101046731699     
 -0.38430360559563004        4.2430272393700772       -1.8672632650163518E-002
First
                         Total        7.330254308E+00
Step size:       0.20
Step size in Bohr:       0.38
Learning Rate:       1.00
# Steps:          0
                         Error        7.330254308E+00
