-xyz
refined.xyz
-dens
/home/unibas/boittier/RDKit_G2/B.pdb/SCAN_1_2_3_4_S_36_10.0/35_SCAN/B.d.cube
-esp
/home/unibas/boittier/RDKit_G2/B.pdb/SCAN_1_2_3_4_S_36_10.0/35_SCAN/B.p.cube
-stepsize
0.2
-n_steps
0
-learning_rate
0.5
  -3.7567464683123593        2.6690090054572058      -0.26484093569440070     
  -3.1032052151722551      -0.16001777413087725       0.49473916369528270     
  -2.8072285720862928       0.21720877310005662      -0.42172707955825672     
  -5.7368706620764600       -1.3446647814061981       -4.6043491324575671E-002
  -2.8883593561727521       -9.1686499826940850E-003 -0.68605167213800267     
 -0.89724047733152401       -1.2527984959342777      -0.13730503439672284     
  -1.3690989083655822       -3.8115479384742397       0.29811355345109253     
  -2.3224504441756464       -1.9466256240195632        6.2532636571814820E-002
  -1.7663384122373369       -1.5758501227530588        1.2715572382174332E-002
   1.3392296320636985        1.6812901149294430      -0.11671140107184616     
   1.2825740629569977        1.8631311223845277      -0.14495860983720715     
  0.91642114385994211        3.2818347515079123        3.9887418359854779E-002
  0.94668094197455577        2.5507052002465644        5.6551821463569601E-002
   1.0111258075610836      -0.76233000947579099       -9.6095377172074725E-002
   1.2160404005368579      -0.42688281713842702      -0.41019869397082193     
   1.5085841685167012      -0.45657255249421830       0.83100503295745798     
   1.1301620468981379       0.65563758202046518        2.3917815093178262E-002
   2.8328986387910016      -0.99440191155944235       -1.0402783857296161     
   2.9396807390469726      -0.93405783449001656       0.85458461081354153     
   5.2383407479429582        8.9856648034486300E-002 -0.19410518967689219     
   3.3055868304330756       -3.5470928647451876       -9.8181913776971830E-002
First
                         Total        1.015084349E+00
Step size:       0.20
Step size in Bohr:       0.38
Learning Rate:       1.00
# Steps:          0
                         Error        1.015084349E+00
