-xyz
refined.xyz
-dens
/home/unibas/boittier/RDKit_G2/B.pdb/SCAN_1_2_3_4_S_36_-10.0/21_SCAN_1_2_3_4_F/B.d.cube
-esp
/home/unibas/boittier/RDKit_G2/B.pdb/SCAN_1_2_3_4_S_36_-10.0/21_SCAN_1_2_3_4_F/B.p.cube
-stepsize
0.2
-n_steps
50
-learning_rate
0.5
   3.6353611147367419        2.4404528192134776       -1.3481926896560017     
   3.4294014215467805      -0.67035971182256371      -0.83995453892572480     
   6.3321728864558127      -0.90739211916766360        7.9649062341408339E-002
   4.0454685442494371      -0.71359163489094646       0.17790484640829252     
   3.6499620986351466      -0.14228925143847918       0.53809145377233214     
   2.6331020676875450       -1.3911052639365218       0.23369702528181305     
   1.3312206910316884       -1.2607504034287838        1.2727778620576724     
   2.0887518397311617       -1.2495438149578662       0.15614869842418830     
   1.0826027559303402       -1.1591057870632895       0.30219484621176568     
   1.6712035524504061       -3.5650574013749963        1.5200983529774430     
  -3.1625852814544659       -2.0827110784723004      -0.34468570356958378     
  -2.7045893094873716       -1.6663906978467966      -0.12006527891902045     
  -2.2182476495505408      -0.99640655976888237      -0.13259101080220145     
  -2.9100951807936557       -1.8103524709816978      -0.38787011941567895     
 -0.62885604136019113       0.22530676615197595       -8.6813340509668893E-002
  -1.2271600381149561      -0.33214603349908861       0.11490505545680928     
 -0.24858703372158714       0.52411216930618054       0.15234867212395103     
 -0.84603243216304225       0.58951612001879272       0.58531423786445613     
  -3.9816764271393135        3.2076833364070851      -0.11718791094855899     
 -0.89797089672393293        1.7754752264440117       0.35240298707763545     
  -1.4919871704884691        1.8272368392760834      -0.28552666798320248     
  -2.0004097714127367        1.7194540558133855        1.2240448794755917E-002
  -1.7298001252547590        1.8881217649743165       0.30933632042858716     
  -4.9149796469842189E-002   4.2851083896361111      -0.12435281662692182     
 -0.19377510793181338        4.1935673350248637       0.15399457770125555     
First
                         Total        5.799841647E-01
Step size:       0.20
Step size in Bohr:       0.38
Learning Rate:       1.00
# Steps:         50
                         Error  1        5.788215890E-01
                         Error  2        5.777071863E-01
                         Error  3        5.766369676E-01
                         Error  4        5.756072971E-01
                         Error  5        5.746148606E-01
                         Error  6        5.736566386E-01
                         Error  7        5.727298797E-01
                         Error  8        5.718320774E-01
                         Error  9        5.709609485E-01
                         Error 10        5.701144130E-01
                         Error 11        5.692905766E-01
                         Error 12        5.684877138E-01
                         Error 13        5.677042528E-01
                         Error 14        5.669387619E-01
                         Error 15        5.661899367E-01
                         Error 16        5.654565891E-01
                         Error 17        5.647376363E-01
                         Error 18        5.640320916E-01
                         Error 19        5.633390557E-01
                         Error 20        5.626577088E-01
                         Error 21        5.619873033E-01
                         Error 22        5.613271574E-01
                         Error 23        5.606766491E-01
                         Error 24        5.600352106E-01
                         Error 25        5.594023237E-01
                         Error 26        5.587775152E-01
                         Error 27        5.581603525E-01
                         Error 28        5.575504403E-01
                         Error 29        5.569474172E-01
                         Error 30        5.563509523E-01
                         Error 31        5.557607428E-01
                         Error 32        5.551765112E-01
                         Error 33        5.545980030E-01
                         Error 34        5.540249850E-01
                         Error 35        5.534572428E-01
                         Error 36        5.528945795E-01
                         Error 37        5.523368139E-01
                         Error 38        5.517837794E-01
                         Error 39        5.512353222E-01
                         Error 40        5.506913006E-01
                         Error 41        5.501515836E-01
                         Error 42        5.496160501E-01
                         Error 43        5.490845880E-01
                         Error 44        5.485570933E-01
                         Error 45        5.480334694E-01
                         Error 46        5.475136265E-01
                         Error 47        5.469974812E-01
                         Error 48        5.464849554E-01
                         Error 49        5.459759762E-01
                         Error 50        5.454704755E-01
                         Error        5.454704755E-01
