-xyz
refined.xyz
-dens
/home/unibas/boittier/RDKit_G2/B.pdb/SCAN_1_2_3_4_S_36_10.0/33_SCAN_1_2_3_4_F/B.d.cube
-esp
/home/unibas/boittier/RDKit_G2/B.pdb/SCAN_1_2_3_4_S_36_10.0/33_SCAN_1_2_3_4_F/B.p.cube
-stepsize
0.2
-n_steps
1
-learning_rate
0.5
   3.7249875003230279        2.3526372804998519        6.7752945612973056E-002
   3.4353686907919996      -0.73900341008563697      -0.55180106605594614     
   6.0960818062357314       -1.4540593157593389       0.71787265874176720     
   3.8627883622457921       -1.1332301366717918       0.43148248758861879     
   3.3206877659780001      -0.76785485459855041       0.92205668180218747     
   2.2938988439417445       -1.8906028599360902       0.36983579132221478     
   1.6135214347020723       -1.0491501953826197       -1.0176196907620194     
   1.9261153854084592       -1.4317155327179572       0.39787636836138224     
   1.2098073301125856      -0.84050058230957947      -0.14919162858513862     
   1.2738184841195141       -4.1107085213583847       0.10767145932052727     
 -0.91532009682224813        3.1349212765717671      -0.33545897674796499     
 -0.85391797484752863        2.4667258662056066      -0.47215478636209463     
  -1.0874194516781248        1.6846398857490290      -0.36328106921927888     
 -0.91601120487985277        2.7619662841256183      -0.24004617856092605     
 -0.93365368721530850      -0.31318158773971488       -8.6270016273938335E-002
 -0.89916516207747355       0.46532737331862356      -0.41488812341824444     
 -0.89673348089378713      -0.86392132880618067      -0.26294922941220356     
  -1.2607979984226374      -0.49235909701466152      -0.82033956414891418     
  -5.3589493026460415       -9.5101270485102997E-004  0.45041020209949811     
  -2.2248624691013741       -1.2340311198385390      -0.55672332754407483     
  -2.2278167501688801       -1.9871249676748488       0.51635264839418071     
  -2.9565708624316351      -0.39788084625365222       0.11823179292872062     
  -2.9158495604149497      -0.69128363898268208      -0.25268246946822603     
  -3.4803272065150783       -3.5914949266304039       -5.3291571757814071E-002
  -3.5046138424732645       -3.4135525372460549      -0.32900515793142066     
First
                         Total        6.080754021E+00
Step size:       0.20
Step size in Bohr:       0.38
Learning Rate:       1.00
# Steps:          1
                         Error  1        6.022237559E+00
                         Error        6.022237559E+00
