-xyz
refined.xyz
-dens
/home/unibas/boittier/RDKit_G2/B.pdb/SCAN_1_2_3_4_S_36_10.0/33_SCAN_1_2_3_4_F/B.d.cube
-esp
/home/unibas/boittier/RDKit_G2/B.pdb/SCAN_1_2_3_4_S_36_10.0/33_SCAN_1_2_3_4_F/B.p.cube
-stepsize
0.2
-n_steps
5
-learning_rate
0.5
  -3.5335186676050494        2.3443119531638943        1.0662589792516903     
  -3.2523422867838363      -0.81343060082902352       0.87396522799533893     
  -6.2136957250681046       -1.2041920817092828       0.21840985024367734     
  -3.9603372158331904      -0.97676635579758375        1.9057590620584763E-002
  -3.5649555120357688      -0.46456264965057437      -0.53670695294166992     
  -2.4688960978932379       -1.7084542622209447      -0.65542796489195765     
  -1.6652191567346246      -0.92808406082681505       0.57884742821415547     
  -2.0277081801932781       -1.3377171427655661      -0.69980808706222530     
  -1.2751861636267143      -0.73512440133980750      -0.30666490736422819     
  -1.5844487758928116       -3.8979465781234404       -1.1793644719229572     
   1.1106507316991976        3.0588325465192834      -0.17373605003988105     
   1.0540023849677385        2.4089740034228555       -1.7475226666453188E-002
   1.1904544696525463        1.6030190223620704      -0.12475709452049295     
   1.1387443155251544        2.6951210392860148      -0.25289530542496746     
  0.92677768638573654      -0.39301715021462452      -0.35790459070214742     
  0.92479815571434154       0.40446511068845248       -5.5521036663636565E-002
  0.83359623546646877      -0.91102228897168169      -0.18742940770351654     
   1.2356240097399220      -0.58089879129511279       0.37321550734406406     
   5.3240637299359719      -0.18519000798250004       0.60949221749857863     
   2.1135701033166532       -1.3692985721411959       0.24778428579758416     
   2.6970453661248155      -0.90136995963205080      -0.22280309461316170     
   2.9152516627908560      -0.50640326736482932       0.18427002602298384     
   2.7852944940098481      -0.86409934285849710       0.43266501349358666     
   3.4089446539458308       -3.6669324106400283      -0.32127683528967133     
   3.3617179643426258       -3.5585777725837140       -1.1470854734800516E-002
First
                         Total        6.020656694E-01
Step size:       0.20
Step size in Bohr:       0.38
Learning Rate:       1.00
# Steps:          5
                         Error  1        5.910591884E-01
                         Error  2        5.807383801E-01
                         Error  3        5.710657592E-01
                         Error  4        5.620050339E-01
                         Error  5        5.535211546E-01
                         Error        5.535211546E-01
