                                     G D M A

                                 by Anthony Stone

                           version 2.2.03, 21 June 2007

               Distributed Multipoles from Gaussian wavefunctions


Starting at 9:24:42 on 26 May 2021  

GDMA



Using SCF density matrix from file N.pdb.fchk


                         Distributed Multipole Analysis

Standard DMA for products of primitives with exponent greater than 4.00000
Using 80-point Euler-MacLaurin radial quadrature
Using 590-point Lebedev quadrature
Becke smoothing parameter = 3

Positions and radii in angstrom
Multipole moments in atomic units, ea_0^k for rank k

C          x = -1.870857  y =  1.224217  z = -0.014696
           Maximum rank =  2   Radius =  0.650
                   Q00  =  -0.134990
|Q1| =   0.128618  Q10  =   0.004509  Q11c =   0.035620  Q11s =  -0.123505
|Q2| =   0.180977  Q20  =  -0.149093  Q21c =  -0.040620  Q21s =  -0.004019
                   Q22c =  -0.083014  Q22s =  -0.044345

C          x = -1.506466  y = -0.226377  z = -0.146817
           Maximum rank =  2   Radius =  0.650
                   Q00  =   0.149377
|Q1| =   0.184980  Q10  =   0.061040  Q11c =  -0.055429  Q11s =  -0.165588
|Q2| =   0.611274  Q20  =  -0.516832  Q21c =  -0.271421  Q21s =  -0.042949
                   Q22c =   0.007212  Q22s =   0.175994

H          x = -1.308234  y =  1.680786  z =  0.808083
           Maximum rank =  2   Radius =  0.325
                   Q00  =   0.137474
|Q1| =   0.124317  Q10  =  -0.090623  Q11c =   0.000419  Q11s =  -0.085101
|Q2| =   0.151906  Q20  =   0.011635  Q21c =   0.114365  Q21s =   0.071239
                   Q22c =   0.050945  Q22s =   0.046801

H          x = -2.937098  y =  1.313424  z =  0.196272
           Maximum rank =  2   Radius =  0.325
                   Q00  =   0.111085
|Q1| =   0.132291  Q10  =  -0.019989  Q11c =   0.116337  Q11s =  -0.059723
|Q2| =   0.160065  Q20  =  -0.110310  Q21c =  -0.059714  Q21s =   0.001511
                   Q22c =   0.099143  Q22s =  -0.007413

H          x = -1.617551  y =  1.779935  z = -0.922726
           Maximum rank =  2   Radius =  0.325
                   Q00  =   0.112831
|Q1| =   0.138254  Q10  =   0.100148  Q11c =   0.015619  Q11s =  -0.094024
|Q2| =   0.135553  Q20  =   0.049868  Q21c =  -0.068430  Q21s =  -0.102116
                   Q22c =  -0.011534  Q22s =   0.025387

C          x = -0.149972  y = -0.587832  z = -0.754942
           Maximum rank =  2   Radius =  0.650
                   Q00  =  -0.073845
|Q1| =   0.125327  Q10  =   0.106226  Q11c =   0.044105  Q11s =   0.049776
|Q2| =   0.251580  Q20  =  -0.087909  Q21c =   0.037605  Q21s =   0.042579
                   Q22c =   0.203374  Q22s =   0.104768

O          x = -2.277902  y = -1.135614  z =  0.168413
           Maximum rank =  2   Radius =  0.650
                   Q00  =  -0.360681
|Q1| =   0.536458  Q10  =  -0.123528  Q11c =   0.347839  Q11s =   0.389276
|Q2| =   1.059144  Q20  =  -0.088261  Q21c =  -0.031608  Q21s =  -0.384608
                   Q22c =  -0.061072  Q22s =   0.980482

C          x =  1.034869  y = -0.042668  z = -0.008726
           Maximum rank =  2   Radius =  0.650
                   Q00  =   0.476943
|Q1| =   0.228068  Q10  =   0.130739  Q11c =   0.165841  Q11s =   0.086134
|Q2| =   0.091633  Q20  =  -0.040545  Q21c =  -0.060195  Q21s =  -0.024320
                   Q22c =   0.040542  Q22s =  -0.029903

H          x = -0.092813  y = -0.216698  z = -1.783543
           Maximum rank =  2   Radius =  0.325
                   Q00  =   0.154600
|Q1| =   0.127363  Q10  =   0.126897  Q11c =   0.003020  Q11s =  -0.010451
|Q2| =   0.107096  Q20  =   0.075251  Q21c =  -0.009878  Q21s =  -0.066024
                   Q22c =   0.030801  Q22s =   0.020035

H          x = -0.067755  y = -1.676513  z = -0.768932
           Maximum rank =  2   Radius =  0.325
                   Q00  =   0.165045
|Q1| =   0.118091  Q10  =   0.039239  Q11c =  -0.010171  Q11s =   0.110916
|Q2| =   0.115254  Q20  =  -0.104609  Q21c =  -0.003201  Q21s =  -0.001972
                   Q22c =  -0.047928  Q22s =  -0.005401

F          x =  1.156331  y =  1.343088  z = -0.128964
           Maximum rank =  2   Radius =  0.650
                   Q00  =  -0.274311
|Q1| =   0.338696  Q10  =   0.049153  Q11c =   0.089838  Q11s =  -0.322843
|Q2| =   0.865451  Q20  =  -0.318751  Q21c =  -0.041771  Q21s =  -0.140617
                   Q22c =  -0.754294  Q22s =   0.238592

F          x =  2.224312  y = -0.582763  z = -0.482271
           Maximum rank =  2   Radius =  0.650
                   Q00  =  -0.232224
|Q1| =   0.294761  Q10  =   0.134412  Q11c =  -0.220457  Q11s =   0.142184
|Q2| =   0.769280  Q20  =  -0.228287  Q21c =  -0.429323  Q21s =   0.129795
                   Q22c =   0.343600  Q22s =  -0.469522

F          x =  0.975049  y = -0.315886  z =  1.352860
           Maximum rank =  2   Radius =  0.650
                   Q00  =  -0.231255
|Q1| =   0.300001  Q10  =  -0.289216  Q11c =   0.051274  Q11s =   0.061036
|Q2| =   0.756162  Q20  =   0.704088  Q21c =  -0.038470  Q21s =  -0.270249
                   Q22c =  -0.022377  Q22s =   0.032017

Total multipoles
referred to origin at x =   0.000000,  y =    0.000000,  z =    0.000000
                   Q00  =   0.000049
|Q1| =   1.070471  Q10  =  -0.845210  Q11c =  -0.209107  Q11s =   0.622737
|Q2| =  11.488586  Q20  =   4.876158  Q21c =   1.825514  Q21s =   2.172743
                   Q22c =  -4.728242  Q22s =  -8.820493

CPU time used:      0m26.629s          Total:      0m26.629s

Finished at 9:25:9 on 26 May 2021   
