-xyz
refined.xyz
-dens
/home/unibas/boittier/RDKit_G2/B.pdb/SCAN_1_2_3_4_S_36_-10.0/35_SCAN_1_2_3_4_F/B.d.cube
-esp
/home/unibas/boittier/RDKit_G2/B.pdb/SCAN_1_2_3_4_S_36_-10.0/35_SCAN_1_2_3_4_F/B.p.cube
-stepsize
0.2
-n_steps
0
-learning_rate
0.5
   3.6415180354461518        2.4420689248631917       0.33910737548301778     
   3.3977381431736138      -0.55652130434552449      -0.79368259226871063     
   6.2084801098267723       -1.2749024306933550        6.5778386080041468E-002
   3.9476564265885536       -1.0300121169910363        8.7226281195580388E-002
   3.4441741905766099      -0.76670416547683085       0.67038353907443471     
   2.4282963011974616       -1.8258896158172877        7.4941078779903192E-002
   1.5374648969549958       -1.0105512424081340       -1.0587956453753673     
   2.0467789489475066       -1.4098698992595242       0.18354063263894241     
   1.2383326485199091      -0.80500246507772433      -0.14545860278882236     
   1.4477403741023986       -4.0791745655358786      -0.33258708729888720     
  -1.0175712102619381        3.0794841659559617       -4.9831220859725765E-002
 -0.99432067812097724        2.4098287336063131      -0.19947259742163889     
  -1.1474326395894030        1.6233781110051015       -6.8601013927314852E-002
  -1.0431034956186789        2.7022745035577160        4.1224355876402878E-002
 -0.90493971988008604      -0.38148416843314759       0.16951069505287336     
 -0.92659615541652252       0.41337283107328843      -0.15174158501525950     
 -0.85761791204473481      -0.91308955761786992       -1.2068618645770149E-002
  -1.3056204274913621      -0.56808574345718776      -0.52314860233254967     
  -5.3838231484368313       -5.6646227554159836E-002  0.14978924131141552     
  -2.2002239767548666       -1.3418443253186405      -0.10499805530476794     
  -2.6629056008521901      -0.82909354923475598       0.45824157152469952     
  -2.9516348865756274      -0.44409891187760603        8.3213209177278535E-002
  -2.8866398327890832      -0.81520699017425347      -0.16993766807725558     
  -3.4124057851069503       -3.5601037746975202       0.82824915872162497     
  -3.4174542986816125       -3.4786573711050184       0.50776821077114753     
First
                         Total        3.576320818E-01
Step size:       0.20
Step size in Bohr:       0.38
Learning Rate:       1.00
# Steps:          0
                         Error        3.576320818E-01
