-xyz
refined.xyz
-dens
/home/unibas/boittier/RDKit_G2/B.pdb/SCAN_1_2_3_4_S_36_-10.0/14_SCAN/B.d.cube
-esp
/home/unibas/boittier/RDKit_G2/B.pdb/SCAN_1_2_3_4_S_36_-10.0/14_SCAN/B.p.cube
-stepsize
0.2
-n_steps
0
-learning_rate
0.5
  -3.6252216550499075        2.6107610649965056       -1.7527157107062461     
  -3.2087672400022957       0.37643298212450571       0.25395016662053321     
  -2.8525068880944739       0.32765899843723972      -0.71584985213861907     
  -5.9078766529192714      -0.74087363023251240       0.15831737995221573     
  -2.9385203247443314        1.6346259117915915E-002 -0.86876322337769163     
  -1.1701004326245150      -0.54269991913885041       0.66355925505747793     
  -1.7268723827717811       -3.1140490733196216        1.6853131050339969     
  -2.6625810863304635       -1.1089769572102193       0.72978947824604190     
  -2.0140977296312617      -0.95483182512503950       0.65960815146295537     
   2.4182588469440076      -0.96895155594437943       -7.9330067745001259E-002
   2.5081388851535209       -1.1391799480257712       -7.5113011074906991E-002
   3.1845941066849872       -2.3979226000827221      -0.44784786421696793     
   2.7028677805838708       -1.8559584292892888      -0.34805626758845454     
  0.49972204663411657       0.55460190593427983       0.33901332533082551     
  0.93387428912470116       0.44729308682891999       0.56960463168913478     
  0.88002794029251508       0.72308088638361767      -0.67461869579038736     
   1.5296980788707590      -0.36571874627952805       -2.3428605540471090E-002
   1.8348692387543661        1.9326989655673370        1.1008714794599161     
   1.5196934808100555        2.0914889500947202      -0.76487222819635847     
   4.0690433653924654        2.9065452003976993      -0.22587584249955830     
  0.22930184709553431        4.1385909046658726       0.65873664167511459     
First
                         Total        1.522086817E+00
Step size:       0.20
Step size in Bohr:       0.38
Learning Rate:       1.00
# Steps:          0
                         Error        1.522086817E+00
