                                     G D M A

                                 by Anthony Stone

                           version 2.2.03, 21 June 2007

               Distributed Multipoles from Gaussian wavefunctions


Starting at 11:10:18 on 19 May 2021 

GDMA



Using SCF density matrix from file B.pdb.fchk


                         Distributed Multipole Analysis

Standard DMA for products of primitives with exponent greater than 4.00000
Using 80-point Euler-MacLaurin radial quadrature
Using 590-point Lebedev quadrature
Becke smoothing parameter = 3

Positions and radii in angstrom
Multipole moments in atomic units, ea_0^k for rank k

C          x = -1.387133  y = -1.029742  z = -0.144847
           Maximum rank =  2   Radius =  0.650
                   Q00  =  -0.134827
|Q1| =   0.146921  Q10  =   0.023124  Q11c =   0.083524  Q11s =   0.118638
|Q2| =   1.392779  Q20  =  -1.246627  Q21c =   0.587816  Q21s =   0.028484
                   Q22c =  -0.108372  Q22s =   0.166349

C          x = -0.493984  y = -0.077597  z =  0.090564
           Maximum rank =  2   Radius =  0.650
                   Q00  =   0.110282
|Q1| =   0.237931  Q10  =   0.003614  Q11c =  -0.038783  Q11s =   0.234721
|Q2| =   1.102426  Q20  =  -0.992948  Q21c =   0.459546  Q21s =   0.026012
                   Q22c =  -0.009106  Q22s =   0.132119

C          x =  0.921883  y = -0.187520  z =  0.501559
           Maximum rank =  2   Radius =  0.650
                   Q00  =  -0.095803
|Q1| =   0.151466  Q10  =  -0.055458  Q11c =  -0.115835  Q11s =   0.080302
|Q2| =   1.187427  Q20  =   0.442202  Q21c =  -0.099506  Q21s =  -0.303727
                   Q22c =   1.050241  Q22s =  -0.096343

C          x =  1.940909  y = -0.072413  z = -0.355078
           Maximum rank =  2   Radius =  0.650
                   Q00  =  -0.103900
|Q1| =   0.090975  Q10  =   0.034970  Q11c =  -0.081879  Q11s =   0.018691
|Q2| =   1.220561  Q20  =   0.436923  Q21c =  -0.175909  Q21s =  -0.294207
                   Q22c =   1.085954  Q22s =  -0.045486

H          x = -2.406561  y = -0.790050  z = -0.420046
           Maximum rank =  2   Radius =  0.325
                   Q00  =   0.115358
|Q1| =   0.123230  Q10  =   0.031411  Q11c =   0.117990  Q11s =   0.016655
|Q2| =   0.188985  Q20  =  -0.130703  Q21c =   0.091128  Q21s =  -0.013630
                   Q22c =   0.088515  Q22s =  -0.048033

H          x = -1.101606  y = -2.071089  z = -0.065458
           Maximum rank =  2   Radius =  0.325
                   Q00  =   0.107135
|Q1| =   0.126865  Q10  =  -0.002022  Q11c =   0.002588  Q11s =   0.126822
|Q2| =   0.188399  Q20  =  -0.141091  Q21c =   0.035401  Q21s =  -0.014890
                   Q22c =  -0.107378  Q22s =  -0.050818

F          x = -0.915077  y =  1.272334  z = -0.021878
           Maximum rank =  2   Radius =  0.650
                   Q00  =  -0.313541
|Q1| =   0.280205  Q10  =   0.034618  Q11c =   0.089500  Q11s =  -0.263261
|Q2| =   0.818063  Q20  =  -0.330125  Q21c =   0.029730  Q21s =  -0.110735
                   Q22c =  -0.584851  Q22s =  -0.452823

H          x =  1.106626  y = -0.339878  z =  1.562825
           Maximum rank =  2   Radius =  0.325
                   Q00  =   0.117232
|Q1| =   0.133015  Q10  =  -0.126463  Q11c =  -0.034922  Q11s =   0.021918
|Q2| =   0.161652  Q20  =   0.136755  Q21c =   0.023767  Q21s =  -0.043882
                   Q22c =   0.069820  Q22s =  -0.008012

H          x =  1.777165  y =  0.092469  z = -1.415844
           Maximum rank =  2   Radius =  0.325
                   Q00  =   0.106865
|Q1| =   0.128142  Q10  =   0.124868  Q11c =  -0.025242  Q11s =  -0.013826
|Q2| =   0.170134  Q20  =   0.144895  Q21c =   0.029744  Q21s =  -0.054587
                   Q22c =   0.062352  Q22s =  -0.014097

H          x =  2.970017  y = -0.138824  z = -0.017765
           Maximum rank =  2   Radius =  0.325
                   Q00  =   0.091201
|Q1| =   0.127797  Q10  =  -0.019130  Q11c =  -0.126177  Q11s =   0.006750
|Q2| =   0.194141  Q20  =  -0.035460  Q21c =   0.068095  Q21s =  -0.019328
                   Q22c =   0.176658  Q22s =  -0.014653

Total multipoles
referred to origin at x =   0.000000,  y =    0.000000,  z =    0.000000
                   Q00  =   0.000002
|Q1| =   0.922699  Q10  =   0.049603  Q11c =   0.483718  Q11s =  -0.784174
|Q2| =   5.188528  Q20  =   0.289285  Q21c =   0.624864  Q21s =  -0.501436
                   Q22c =   4.153499  Q22s =   2.990601

CPU time used:      0m11.611s          Total:      0m11.611s

Finished at 11:10:29 on 19 May 2021 
