-xyz
refined.xyz
-dens
/home/unibas/boittier/RDKit_G2/B.pdb/SCAN_1_2_3_4_S_36_10.0/9_SCAN_1_2_3_4_F/B.d.cube
-esp
/home/unibas/boittier/RDKit_G2/B.pdb/SCAN_1_2_3_4_S_36_10.0/9_SCAN_1_2_3_4_F/B.p.cube
-stepsize
0.2
-n_steps
50
-learning_rate
0.5
   3.2182807612918385       0.54407859565642058       -3.0980629182350081     
   3.3978850845802624      -0.68561302680555192      -0.16198763823927786     
   6.3849970623095365        1.9515096085781520E-002   8.3224390788347549E-002
   4.1185084579612088        7.3795595114618501E-002  0.24355253787979661     
   3.6028948375636736       0.75830826114129279       0.13845230575626444     
   2.8146872615483614        5.6447506005909566E-002   1.0778087201586242     
   1.3865819183110408      -0.27839903341318750        1.8066424638526806     
   2.3248432422471672       -8.7956950665573894E-002  0.78597197548237530     
   1.2987543231511978      -0.30453718936023261       0.85995594107261497     
   2.1623505619231884      -0.39436401807723787        3.6773731243274295     
  -2.2197080832977627       -2.7763253909210768      -0.33049602125608818     
  -1.9848560406946831       -2.2011380344442117       -7.7523392015861239E-002
  -1.7575026489160679       -1.4131203913319672      -0.12792417310704293     
  -2.0785880358499909       -2.4326876377394715      -0.35786852015971060     
 -0.69554165417907654       0.32210904256577666       -5.6457435537370397E-003
  -1.1029126996450167      -0.40437720672824395       0.18378878774574045     
 -0.48706833736642818       0.75849812517750403       0.26670489691554561     
  -1.1567323374166336       0.63093852818670482       0.58615041739378559     
  -4.8375965766541311        1.9114100480560594      -0.71652961342580679     
  -1.5421178075031043        1.6980838306608779       0.25815760068004573     
  -2.0342062498802918        1.4946345156911742      -0.45151203894863429     
  -2.5178213699681686        1.2268932589893218      -0.19887021044196546     
  -2.3718291692508036        1.5164265026930956       0.11287127111249207     
  -1.5305217238226811        4.3027049359335692      -0.46024622867355497     
  -1.6604183642976731        4.1878040340274678      -0.16029859812188083     
First
                         Total        6.608766988E-01
Step size:       0.20
Step size in Bohr:       0.38
Learning Rate:       1.00
# Steps:         50
                         Error  1        6.590559576E-01
                         Error  2        6.573038928E-01
                         Error  3        6.556158726E-01
                         Error  4        6.539876077E-01
                         Error  5        6.524151264E-01
                         Error  6        6.508947516E-01
                         Error  7        6.494230802E-01
                         Error  8        6.479969624E-01
                         Error  9        6.466134832E-01
                         Error 10        6.452699453E-01
                         Error 11        6.439638530E-01
                         Error 12        6.426928967E-01
                         Error 13        6.414549393E-01
                         Error 14        6.402480030E-01
                         Error 15        6.390702575E-01
                         Error 16        6.379200086E-01
                         Error 17        6.367956879E-01
                         Error 18        6.356958432E-01
                         Error 19        6.346191297E-01
                         Error 20        6.335643017E-01
                         Error 21        6.325302049E-01
                         Error 22        6.315157695E-01
                         Error 23        6.305200038E-01
                         Error 24        6.295419877E-01
                         Error 25        6.285808677E-01
                         Error 26        6.276358517E-01
                         Error 27        6.267062038E-01
                         Error 28        6.257912405E-01
                         Error 29        6.248903263E-01
                         Error 30        6.240028700E-01
                         Error 31        6.231283216E-01
                         Error 32        6.222661686E-01
                         Error 33        6.214159337E-01
                         Error 34        6.205771715E-01
                         Error 35        6.197494664E-01
                         Error 36        6.189324302E-01
                         Error 37        6.181256999E-01
                         Error 38        6.173289361E-01
                         Error 39        6.165418207E-01
                         Error 40        6.157640557E-01
                         Error 41        6.149953612E-01
                         Error 42        6.142354746E-01
                         Error 43        6.134841488E-01
                         Error 44        6.127411513E-01
                         Error 45        6.120062629E-01
                         Error 46        6.112792770E-01
                         Error 47        6.105599981E-01
                         Error 48        6.098482416E-01
                         Error 49        6.091438327E-01
                         Error 50        6.084466056E-01
                         Error        6.084466056E-01
