-xyz
refined.xyz
-dens
/home/unibas/boittier/RDKit_G2/B.pdb/SCAN_1_2_3_4_S_36_10.0/15_SCAN/B.d.cube
-esp
/home/unibas/boittier/RDKit_G2/B.pdb/SCAN_1_2_3_4_S_36_10.0/15_SCAN/B.p.cube
-stepsize
0.2
-n_steps
0
-learning_rate
0.5
   3.7066966645070383        2.6738388111565441       -1.5262563019873352     
   3.1293524967420003      -0.12623059709022219      -0.68907473208759296     
   2.9180718568433774       0.62873193777851444       -1.4386301506437094E-002
   5.8812238476834535      -0.87473458214916422       0.11400091788594502     
   3.0411210844657370       0.54808893819139737       0.31126999929189203     
   1.2323783923056904      -0.57458833061386383        9.2503274585789899E-002
   1.6568732342108641       -3.2821124942912818        1.3584040041808902     
   2.6650051404433186       -1.2018168206289037       0.41918301046036782     
   2.0285296290586685       -1.0248673951254228       0.30602547199256169     
  -2.4045282627270823      -0.90152001129752446      -0.34111080413759198     
  -2.4908596774688205       -1.0660524570441523      -0.39160705579492938     
  -3.2645407279891714       -2.3239663427058890      -0.38647968643990716     
  -2.7688097960857698       -1.7974615476838363      -0.27339864287675258     
 -0.43714260038483888       0.56088594806128100        1.6795257178862592E-002
 -0.78079150259729169       0.49824923442321201      -0.34536185927506036     
  -1.1082433523392989       0.64088779955680408       0.87917052255367745     
  -1.5399054884720620      -0.34336210982686816       -5.7058284306537407E-002
  -1.4287264791652758        2.1470218851237690      -0.82747582877644166     
  -1.7824979679350643        1.9222968538322884        1.0245214698948075     
  -3.9888424480515958        2.9839934127456291      -0.17515823801515787     
  -9.9043652999421222E-002   4.1191322388306562       0.57376253652843434     
First
                         Total        1.529921509E+00
Step size:       0.20
Step size in Bohr:       0.38
Learning Rate:       1.00
# Steps:          0
                         Error        1.529921509E+00
