-xyz
refined.xyz
-dens
/home/unibas/boittier/RDKit_G2/B.pdb/SCAN_1_2_3_4_S_36_10.0/30_SCAN/B.d.cube
-esp
/home/unibas/boittier/RDKit_G2/B.pdb/SCAN_1_2_3_4_S_36_10.0/30_SCAN/B.p.cube
-stepsize
0.2
-n_steps
1
-learning_rate
0.5
   3.2969741819261280        1.8685583838298145       -2.5648866554235994     
   2.9548605660229739      -0.48401753521111512      -0.75555248859712409     
   2.7979270510740895       0.46214630526431394      -0.36834588677372943     
   5.8230907705129793      -0.88936943491434250      -0.10727900611002214     
   2.9652889814795498       0.50211991432581438       -5.5158918679328851E-002
   1.0355602033857869      -0.93110320552211467       0.84056344633776048     
   1.9133129078431277       -2.6997547288265382        2.4491932260115483     
   2.5729197921515814       -1.3463559386406776       0.96950046712424187     
   1.9607343140449331       -1.0851319472855667       0.89071057610714222     
  -1.6586529706243982        1.5782000128752918       0.29175481975631540     
  -1.6410543092146812        1.7659437490884400       0.33067009118100915     
  -1.4874192530504364        3.2307360071390856       0.22235213587637565     
  -1.3897078195986305        2.5055520668294675       0.20428355693564113     
 -0.92608904586143836      -0.78590272588481891       0.36097697489917913     
  -1.2486254713166334      -0.49893314884723738       0.61939114413107133     
  -1.2513162109422067      -0.53819368062439621      -0.65553813174291553     
  -1.2527571086433493       0.59578323204512396       0.20799823694019473     
  -2.8563642612686753       -1.3788159893435599       0.59117069480927298     
  -2.3766961682077228       -1.1885566438447295       -1.2361853051648048     
  -5.0314835623382805      -0.62997162759679126      -0.95563753404685226     
  -2.5537116110548017       -3.8933673768879364      -0.51131199870671518     
First
                         Total        6.625318175E-01
Step size:       0.20
Step size in Bohr:       0.38
Learning Rate:       1.00
# Steps:          1
                         Error  1        6.499658912E-01
                         Error        6.499658912E-01
