atom_charge_dict:  {0: [0, 1], 2: [2, 3], 3: [4, 5], 4: [6], 6: [7, 8, 9], 1: [10, 11, 12], 5: [13, 14, 15, 16], 7: [17, 18], 9: [19], 8: [20, 21], 10: [22, 23]}
2
2 [2, 3] [0.08115722 0.02937618 0.08927298]
2 [2, 3] [0.14831645 0.13921886 0.25213276]
0
0 [0, 1] [0.12550632 0.24972641 0.19232805]
0 [0, 1] [0.08000297 0.22768492 0.49615244]
1
1 [10, 11, 12] [ 0.53685629 -0.0881569  -0.16795651]
1 [10, 11, 12] [-0.14926452 -0.12977657  0.21004982]
1 [10, 11, 12] [-0.08832694 -0.28411125  0.4700026 ]
3
3 [4, 5] [ 0.07734255  0.04769741 -0.11371077]
3 [4, 5] [ 0.3032553   0.02521303 -0.24817196]
0
4
4 [6] [ 0.12908656 -0.22542     0.2948249 ]
6
6 [7, 8, 9] [-0.10546585  0.26310993  0.05199618]
6 [7, 8, 9] [ 0.29841127  0.25650029 -0.08891652]
6 [7, 8, 9] [-0.20196161  0.06915415  0.07423049]
1
5
5 [13, 14, 15, 16] [-0.2791338   0.07416834  0.07529308]
5 [13, 14, 15, 16] [ 0.11045642 -0.05943778  0.17256167]
5 [13, 14, 15, 16] [ 0.28174277  0.18483871 -0.10346087]
5 [13, 14, 15, 16] [-0.04545737 -0.00303391 -0.29605297]
8
8 [20, 21] [ 0.22501568 -0.02611556 -0.20710164]
8 [20, 21] [ 0.24422965 -0.07212668 -0.31149495]
7
7 [17, 18] [ 0.30183754 -0.20546138 -0.22650932]
7 [17, 18] [-0.51197831 -0.17644397 -0.16875623]
9
9 [19] [-0.40209925  0.06206743  0.35665791]
10
10 [22, 23] [ 0.03126877  0.25002566 -0.31787353]
10 [22, 23] [ 0.02258654  0.02395981 -0.04886305]
7
5
RMSD using the Kabsch algorithm: 0.9678002602313626
1 [-1.29533392 -0.71674024  0.32097786]
2 [-1.34083727 -0.73878173  0.62480224]
3 [-1.46592508 -1.50063434 -0.71119349]
4 [-1.39876584 -1.39079166 -0.5483337 ]
5 [-2.31366223 -0.59365135  0.38991121]
6 [-2.08774948 -0.61613573  0.25545002]
7 [-0.81975214 -1.8633821   1.14906951]
8 [-0.926276    1.6444995   0.17042123]
9 [-0.52239888  1.63788986  0.02950853]
10 [-1.02277176  1.45054372  0.19265554]
11 [ 0.00582188  0.1268419  -0.27764855]
12 [-0.68029894  0.08522222  0.10035778]
13 [-0.61936135 -0.06911246  0.36031056]
14 [ 0.43757188 -0.05961977 -0.54743554]
15 [ 0.82716211 -0.19322589 -0.45016694]
16 [ 0.99844846  0.05105059 -0.72618949]
17 [ 0.67124832 -0.13682202 -0.91878158]
18 [ 2.14506899 -0.38474655  0.07826277]
19 [ 1.33125313 -0.35572914  0.13601586]
20 [ 2.31133466 -0.33840896  0.04811703]
21 [2.19015892 0.76162314 0.59300182]
22 [2.20937289 0.71561203 0.4886085 ]
23 [ 1.72431396 -0.7242093   0.72521424]
24 [ 1.71563173 -0.95027516  0.99422472]
