-xyz
refined.xyz
-dens
/home/unibas/boittier/RDKit_G2/B.pdb/SCAN_1_2_3_4_S_36_10.0/22_SCAN/B.d.cube
-esp
/home/unibas/boittier/RDKit_G2/B.pdb/SCAN_1_2_3_4_S_36_10.0/22_SCAN/B.p.cube
-stepsize
0.2
-n_steps
0
-learning_rate
0.5
  -3.8915813155432843        2.8076564904975148       -1.9991213316717744     
  -3.6713736362770844       0.11224075332772267       0.49475546702659673     
  -3.8497778877241755      -0.35044152159453479       -3.1563685800303137E-002
  -6.3943916903735127      -0.62019371306450277       -8.1869632098939688E-003
  -3.5331600990606473      -0.53521196404118776      -0.59007206042213800     
  -1.1668893403867551       -1.7378530878873359       0.20940155199265018     
 -0.75236429659858595       -1.7294171323422594       0.14308172002334935     
  -2.1244843463362555       -2.0539182777093319        1.0752836553319356     
  -2.0838360329034971       -2.3214153144402623       0.61902018923507562     
  -2.2570833523700689       -1.8382056111373850        1.5272577572744583     
   1.2176183695624363        3.3265958278628598       0.57397578899743462     
   1.1452355241550845        2.4978851840464875       0.40753229330856644     
   1.4156153568895038      -0.78657197723209482       0.60612982680623573     
   1.2663284537946666       -1.0925851936893562       0.37971062293132879     
   1.5425729264534713      -0.57436388171075392      -0.69527663946961582     
   1.2296014141608433       0.48057026620908794       0.20408874608213087     
   5.5277398756786198       -7.9104110993474266E-002 -0.76665639006733644     
   3.1249168504255316      -0.80334257131184328      -0.39614407797854762     
   3.0340220822851935      -0.97978720110301765       0.28793666300083037     
   2.9405615562076095      -0.88812178253252927       -1.0702443450838535     
   2.8814289941999278       -4.0068970181077868      -0.47942125799342478     
First
                         Total        7.588997307E+00
Step size:       0.20
Step size in Bohr:       0.38
Learning Rate:       1.00
# Steps:          0
                         Error        7.588997307E+00
