-xyz
refined.xyz
-dens
/home/unibas/boittier/RDKit_G2/B.pdb/SCAN_1_2_3_4_S_36_10.0/17_SCAN/B.d.cube
-esp
/home/unibas/boittier/RDKit_G2/B.pdb/SCAN_1_2_3_4_S_36_10.0/17_SCAN/B.p.cube
-stepsize
0.2
-n_steps
0
-learning_rate
0.5
   3.8846274241630914        2.9135743355452113      -0.60629443245757630     
   3.1832239593562930       -2.6724481965477304E-003 -0.61183591136363569     
   2.9492063089156062       0.56413863277313514       0.22109467036791544     
   5.8655607836783128       -1.0360447819210228        4.2291667649777626E-002
   3.0528283132921668       0.40021308148889490       0.52124017823978297     
   1.2044302804576890      -0.63718873121637332      -0.12635251095009215     
   1.5639902010939790       -3.5245184668202754       0.49560772887291382     
   2.6410391996242626       -1.3022742515299222        8.8986041188950954E-002
   2.0026004687019561       -1.1075768012192271        2.8111629559015038E-002
  -2.4599088135398897      -0.86524901156847622      -0.22320445506600031     
  -2.5543952535141035       -1.0287196090973010      -0.26093490312438700     
  -3.3547150915758719       -2.2648795710105256      -0.14979217075353782     
  -2.8382103081357948       -1.7489592466919472       -9.6945164415532636E-002
 -0.43339808748230590       0.55319530848064025       -8.5519851673311095E-002
 -0.80966882113487548       0.48999140295281657      -0.41354622897856508     
  -1.0220083857881126       0.67445304481979196       0.83061446814725504     
  -1.5599100004733877      -0.32288835552212253       -3.4010564320790991E-002
  -1.4828107249921398        2.1135148998683664      -0.92149285650005486     
  -1.6496678055458973        1.9974588715104582       0.96642645141324135     
  -3.9494935469138834        3.0383585657153578       -6.2649411770511795E-002
   6.3937521572432904E-003   4.1375233554870938       0.22521686793433618     
First
                         Total        1.581223343E+00
Step size:       0.20
Step size in Bohr:       0.38
Learning Rate:       1.00
# Steps:          0
                         Error        1.581223343E+00
                         Error        1.581223343E+00
                         Error        1.581223343E+00
                         Error        1.581223343E+00
                         Error        1.581223343E+00
