-xyz
refined.xyz
-dens
../../cube_files/fbutone/5_SCAN_1_2_6_8_F/N.d.cube
-esp
../../cube_files/fbutone/5_SCAN_1_2_6_8_F/N.p.cube
-stepsize
0.2
-n_steps
1
-learning_rate
0.5
  -5.9519268197674231        1.7876386360014109      -0.60400568312395175     
  -4.6581548556550585        1.2498074374656885       0.23944773295655311     
  -5.1473299748524148        1.5156537521933788       0.99786339266077828     
  -5.4172444993087812        2.3219931270683132        2.0501003626835050     
  -7.3036491820848779      -0.71852577150232733      -0.19698628222330697     
  -5.4769156334656781        2.5501495645898329       -1.7703612998479223     
  -5.5009191301722353        1.9490462323542446       -1.1351382737627398     
  -3.1845998198675556       -2.7827819970906500       -4.3459305337438213E-002
  -2.0603512673791142       -2.6892638892527088       -2.1355191922715306E-002
  -2.6545999489928587       -2.7900616913812781       -4.4713672867282284E-002
  -3.5481029026094197      -0.18017701590412652       -4.5804156453454058E-002
  -2.1058224127225640      -0.34093336875147651        7.0665737201938361E-002
 -0.58765251333913604        2.0299155492785510       0.92807435874481703     
  -1.2145288328714385        2.1940271741151003       -2.6227714441429614E-002
 -0.52459629179705847        2.8826758522971150        1.7358128334484282     
 -0.47673107021024214        2.7119593136648659        1.5246281235426034     
 -0.45014561771887990        2.5762393957318404       -1.4994746689112644     
 -0.25241643832892235        2.0982970728191934       -1.9666747945969254     
 -0.45468273940804527        2.6181703953917985       -1.2229114165777430     
   1.3971664186252080      -0.42504550672381924      -0.58009173835093897     
   1.6151394357895179      -0.31979208010240090       0.68459287413607761     
   2.3130925289650199      -0.82320557160241192        1.3480526542895972     
   2.3326394739086522       -1.0090104989495747        1.6638087318201911     
   3.3177100309304803        1.3255093909086209        6.6623839107907964E-002
   4.4098381820718382        2.3340911030117009        2.7450098900339139E-002
   3.8941523077900038        2.1101131312464072        2.4299184445336651E-002
   4.2331903668330186        2.0040037946271374        3.7356276716809085E-002
   2.6089899192594812       -1.9008410476034951       -2.7402824206587861     
   2.5136867724877527       -1.0139339657482489       -1.4196209285209667     
   2.4962959738283392       -1.4348728656088381       -2.1258314841998986     
First
                         Total        3.057240565E+00
Step size:       0.20
Step size in Bohr:       0.38
Learning Rate:       1.00
# Steps:          1
                         Error  1        3.000452305E+00
                         Error        3.000452305E+00
