-xyz
refined.xyz
-dens
../../cube_files/acrolein/11_SCAN_1_2_6_8_F/O.d.cube
-esp
../../cube_files/acrolein/11_SCAN_1_2_6_8_F/O.p.cube
-stepsize
0.2
-n_steps
1
-learning_rate
0.5
  -4.4155285152544721       0.52554571347262757       0.56718394580328357     
  -4.0505103494210326       0.61496969709654303       0.47291612307287612     
  -2.6149146031561736        3.8122298389117275       0.18084418477021866     
  -2.6148757000077367        3.6181830648791080       0.21460867146032062     
  -1.9775890007504895        1.5605949357507301        7.6758470871288509E-002
  -1.5287908036781312        2.2060121856814905       -7.6546093959713648E-003
  -2.7215636601790436        2.2604167309010923       0.28427632789731977     
  -2.4992373381950066       0.62195295671573181       0.15927519123920722     
 -0.66272349605472969        1.4337528073192443      -0.24466301082516945     
  -1.0784629254878140       0.20248408163446902      -0.10259996286049852     
  -1.1078191684177312       0.49084142099832495        2.8720864116552034E-002
 -0.74374264321876771       0.78853681837491951      -0.14282850342385361     
  -2.4641886435520413E-002   5.1386126606911310E-002 -0.26934258255596150     
  -3.2348055488834453E-002  -5.4763031954159110E-003 -0.29694687713717960     
  -1.2795071841986585       0.47481261023384574      -0.65062601096200012     
  -1.9405846820194970       -2.8735361771069381       0.59883220851123442     
  -1.9586752682867865       -2.9534273709897203       -1.7931790362103087E-002
  -2.0550308822962058       -2.9300128338945650      -0.30949569149461537     
  0.59753872438026512       -1.9150480729832753      -0.35796802401993166     
   2.4573238468354077      -0.34688264099166838       0.16261243768634853     
   3.3788079946635148       0.71212731502957349       0.30742460218163992     
   3.6836019580496848       0.35081756726068741       0.33718850994956490     
   3.7550531996912602      -0.32383772028400110       0.33304796382549251     
First
                         Total        2.360384112E+01
Step size:       0.20
Step size in Bohr:       0.38
Learning Rate:       1.00
# Steps:          1
                         Error  1        2.354674783E+01
                         Error        2.354674783E+01
