-xyz
refined.xyz
-dens
/home/unibas/boittier/RDKit_G2/B.pdb/SCAN_1_2_3_4_S_36_10.0/32_SCAN_1_2_3_4_F/B.d.cube
-esp
/home/unibas/boittier/RDKit_G2/B.pdb/SCAN_1_2_3_4_S_36_10.0/32_SCAN_1_2_3_4_F/B.p.cube
-stepsize
0.2
-n_steps
0
-learning_rate
0.5
  -3.4521661333705969        2.2363232442073548        1.4702902824741300     
  -3.2352015134817229      -0.89406825936015633       0.86099197647274428     
  -6.2291966216499697       -1.1150082578340563       0.23450207071063492     
  -3.9808714401963261      -0.89016783899900642       -3.0481027807043523E-003
  -3.5815057631417351      -0.36049571733945962      -0.47512047673874591     
  -2.4914028112698205       -1.6233181539914303      -0.79645713021535003     
  -1.7294756208697413      -0.84076903579637663       0.44885409505229440     
  -2.0706011729903495       -1.2355609054799350      -0.85115681192473924     
  -1.2822827895077988      -0.67669222296697562      -0.41080416632069533     
  -1.7032727753492505       -3.6810147919025047       -1.6417554034966180     
   1.2106164665631245        3.0631650755929365      -0.21479162598105539     
   1.1241420526173067        2.3996915706742770       -6.0854590465699993E-002
   1.2470227430432113        1.6028146552449842      -0.15552635752010244     
   1.2265760361187055        2.6830756964853935      -0.29546070981203520     
  0.92125392939881290      -0.39624534774760484      -0.39895840428746937     
  0.94247241940733417       0.40333002551156949       -8.9606377507775184E-002
  0.81461930114475012      -0.91979126067557770      -0.21911562966516684     
   1.2002528810247386      -0.58951428491222202       0.34933885110418805     
   5.2785810014880763      -0.31111286017167439       0.77101676556967036     
   2.0523585289179951       -1.4095529756280620       0.28191418819460379     
   2.6730804799600270      -0.95888331571048635      -0.17176812136496836     
   2.8850140345634943      -0.56619164922790510       0.24429577673409864     
   2.7348525165582043      -0.91637571203368484       0.49098094068943554     
   3.3049544352748743       -3.7436030652266239      -0.20766093004450431     
   3.2360527175391374       -3.6421088804959640        9.9452283454401921E-002
First
                         Total        5.221820810E-01
Step size:       0.20
Step size in Bohr:       0.38
Learning Rate:       1.00
# Steps:          0
                         Error        5.221820810E-01
