-xyz
refined.xyz
-dens
../../cube_files/ester/10_SCAN_1_2_6_8_F/O.d.cube
-esp
../../cube_files/ester/10_SCAN_1_2_6_8_F/O.p.cube
-stepsize
0.2
-n_steps
200
-learning_rate
0.5
  -1.5182605390721688        2.0176271899992133      -0.38059035411096870     
  -1.7671656606494839        2.1960607462054091      -0.90705222530571861     
 -0.24422801479572490        3.2219402608701917        1.2714323564362975     
 -0.37977428545637865        3.0464218537311774       0.99282451912558634     
  -3.1225626658360546        2.8900680429008534       0.25802493379544350     
  -2.6786468392812073        2.6732223461535796       0.31984046203922628     
 -0.37098813763397581        3.5760811749585959       -2.4654822559375762     
  -3.4100419217193405       -1.9615038578603987       0.21425320243693138     
  -2.7799498906912015       -2.4222313228670749        8.8115505336093955E-002
  -3.3752963649995680       -1.5252182672389805       0.19952456043346906     
 -0.18258502599409890      -0.78530310294192884      -0.11538298867817909     
  -1.3641365880973189        8.7822146352160291E-002 -0.27615062395492895     
  -1.2896657965020515       0.36232054107862549      -0.81411871578852446     
  0.68974275057644308       -1.0264926485517241      -0.16423717744155722     
   1.2290536436367583       -1.4639038987181376      -0.67048160844521454     
   1.4381584756641277       -1.7928254566602608      -0.33822596684983297     
   1.3360646528208653       -1.5517155892616248       0.17895736406202575     
   3.9708923577840074      -0.48766344368758358       0.23240170313468875     
   2.5694398163132344      -0.30858152996087090       0.48561600600351695     
   4.3875804228166277      -0.61301199624631530       0.10899193449338153     
   3.9966564525701482        1.1880684189779325       -1.3274364895044335     
   3.9907856016362930        1.0124768788239433       -1.2461561856856616     
   3.4494775556350032       0.41347377111800537        1.4221554291790148     
   3.6034911771578253       0.60027677412174829        1.9887993271243753     
First
                         Total        8.706234121E-01
Step size:       0.20
Step size in Bohr:       0.38
Learning Rate:       1.00
# Steps:        200
                         Error  1        8.642631940E-01
                         Error  2        8.583607989E-01
                         Error  3        8.528808109E-01
                         Error  4        8.477902349E-01
                         Error  5        8.430583868E-01
                         Error  6        8.386567795E-01
                         Error  7        8.345590069E-01
                         Error  8        8.307406277E-01
                         Error  9        8.271790491E-01
                         Error 10        8.238534131E-01
                         Error 11        8.207444853E-01
                         Error 12        8.178345468E-01
                         Error 13        8.151072911E-01
                         Error 14        8.125477240E-01
                         Error 15        8.101420696E-01
                         Error 16        8.078776804E-01
                         Error 17        8.057429525E-01
                         Error 18        8.037272460E-01
                         Error 19        8.018208102E-01
                         Error 20        8.000147135E-01
                         Error 21        7.983007781E-01
                         Error 22        7.966715193E-01
                         Error 23        7.951200892E-01
                         Error 24        7.936402240E-01
                         Error 25        7.922261958E-01
                         Error 26        7.908727679E-01
                         Error 27        7.895751532E-01
                         Error 28        7.883289764E-01
                         Error 29        7.871302390E-01
                         Error 30        7.859752867E-01
                         Error 31        7.848607803E-01
                         Error 32        7.837836682E-01
                         Error 33        7.827411616E-01
                         Error 34        7.817307119E-01
                         Error 35        7.807499891E-01
                         Error 36        7.797968637E-01
                         Error 37        7.788693883E-01
                         Error 38        7.779657819E-01
                         Error 39        7.770844158E-01
                         Error 40        7.762237992E-01
                         Error 41        7.753825679E-01
                         Error 42        7.745594728E-01
                         Error 43        7.737533699E-01
                         Error 44        7.729632108E-01
                         Error 45        7.721880344E-01
                         Error 46        7.714269592E-01
                         Error 47        7.706791763E-01
                         Error 48        7.699439428E-01
                         Error 49        7.692205763E-01
                         Error 50        7.685084494E-01
                         Error 51        7.678069846E-01
                         Error 52        7.671156504E-01
                         Error 53        7.664339570E-01
                         Error 54        7.657614525E-01
                         Error 55        7.650977200E-01
                         Error 56        7.644423740E-01
                         Error 57        7.637950581E-01
                         Error 58        7.631554422E-01
                         Error 59        7.625232206E-01
                         Error 60        7.618981093E-01
                         Error 61        7.612798446E-01
                         Error 62        7.606681811E-01
                         Error 63        7.600628905E-01
                         Error 64        7.594637595E-01
                         Error 65        7.588705893E-01
                         Error 66        7.582831936E-01
                         Error 67        7.577013983E-01
                         Error 68        7.571250398E-01
                         Error 69        7.565539646E-01
                         Error 70        7.559880284E-01
                         Error 71        7.554270951E-01
                         Error 72        7.548710363E-01
                         Error 73        7.543197309E-01
                         Error 74        7.537730639E-01
                         Error 75        7.532309268E-01
                         Error 76        7.526932161E-01
                         Error 77        7.521598337E-01
                         Error 78        7.516306863E-01
                         Error 79        7.511056847E-01
                         Error 80        7.505847438E-01
                         Error 81        7.500677823E-01
                         Error 82        7.495547223E-01
                         Error 83        7.490454891E-01
                         Error 84        7.485400111E-01
                         Error 85        7.480382194E-01
                         Error 86        7.475400475E-01
                         Error 87        7.470454317E-01
                         Error 88        7.465543103E-01
                         Error 89        7.460666238E-01
                         Error 90        7.455823145E-01
                         Error 91        7.451013269E-01
                         Error 92        7.446236071E-01
                         Error 93        7.441491026E-01
                         Error 94        7.436777628E-01
                         Error 95        7.432095384E-01
                         Error 96        7.427443815E-01
                         Error 97        7.422822455E-01
                         Error 98        7.418230851E-01
                         Error 99        7.413668562E-01
                         Error100        7.409135157E-01
                         Error101        7.404630216E-01
                         Error102        7.400153331E-01
                         Error103        7.395704102E-01
                         Error104        7.391282138E-01
                         Error105        7.386887059E-01
                         Error106        7.382518490E-01
                         Error107        7.378176069E-01
                         Error108        7.373859438E-01
                         Error109        7.369568248E-01
                         Error110        7.365302158E-01
                         Error111        7.361060833E-01
                         Error112        7.356843946E-01
                         Error113        7.352651175E-01
                         Error114        7.348482205E-01
                         Error115        7.344336729E-01
                         Error116        7.340214443E-01
                         Error117        7.336115051E-01
                         Error118        7.332038262E-01
                         Error119        7.327983790E-01
                         Error120        7.323951355E-01
                         Error121        7.319940682E-01
                         Error122        7.315951501E-01
                         Error123        7.311983547E-01
                         Error124        7.308036559E-01
                         Error125        7.304110283E-01
                         Error126        7.300204466E-01
                         Error127        7.296318863E-01
                         Error128        7.292453231E-01
                         Error129        7.288607332E-01
                         Error130        7.284780932E-01
                         Error131        7.280973801E-01
                         Error132        7.277185713E-01
                         Error133        7.273416446E-01
                         Error134        7.269665783E-01
                         Error135        7.265933508E-01
                         Error136        7.262219411E-01
                         Error137        7.258523283E-01
                         Error138        7.254844922E-01
                         Error139        7.251184126E-01
                         Error140        7.247540699E-01
                         Error141        7.243914446E-01
                         Error142        7.240305176E-01
                         Error143        7.236712703E-01
                         Error144        7.233136841E-01
                         Error145        7.229577409E-01
                         Error146        7.226034228E-01
                         Error147        7.222507122E-01
                         Error148        7.218995919E-01
                         Error149        7.215500448E-01
                         Error150        7.212020542E-01
                         Error151        7.208556037E-01
                         Error152        7.205106769E-01
                         Error153        7.201672580E-01
                         Error154        7.198253312E-01
                         Error155        7.194848811E-01
                         Error156        7.191458925E-01
                         Error157        7.188083503E-01
                         Error158        7.184722399E-01
                         Error159        7.181375467E-01
                         Error160        7.178042565E-01
                         Error161        7.174723551E-01
                         Error162        7.171418287E-01
                         Error163        7.168126636E-01
                         Error164        7.164848465E-01
                         Error165        7.161583641E-01
                         Error166        7.158332033E-01
                         Error167        7.155093513E-01
                         Error168        7.151867956E-01
                         Error169        7.148655236E-01
                         Error170        7.145455230E-01
                         Error171        7.142267819E-01
                         Error172        7.139092883E-01
                         Error173        7.135930304E-01
                         Error174        7.132779967E-01
                         Error175        7.129641759E-01
                         Error176        7.126515567E-01
                         Error177        7.123401281E-01
                         Error178        7.120298792E-01
                         Error179        7.117207993E-01
                         Error180        7.114128777E-01
                         Error181        7.111061041E-01
                         Error182        7.108004682E-01
                         Error183        7.104959598E-01
                         Error184        7.101925690E-01
                         Error185        7.098902860E-01
                         Error186        7.095891010E-01
                         Error187        7.092890045E-01
                         Error188        7.089899871E-01
                         Error189        7.086920394E-01
                         Error190        7.083951522E-01
                         Error191        7.080993167E-01
                         Error192        7.078045238E-01
                         Error193        7.075107647E-01
                         Error194        7.072180308E-01
                         Error195        7.069263136E-01
                         Error196        7.066356045E-01
                         Error197        7.063458953E-01
                         Error198        7.060571778E-01
                         Error199        7.057694439E-01
                         Error200        7.054826855E-01
                         Error        7.054826855E-01
