-xyz
refined.xyz
-dens
/home/unibas/boittier/RDKit_G2/B.pdb/SCAN_1_2_3_4_S_36_10.0/12_SCAN/B.d.cube
-esp
/home/unibas/boittier/RDKit_G2/B.pdb/SCAN_1_2_3_4_S_36_10.0/12_SCAN/B.p.cube
-stepsize
0.2
-n_steps
0
-learning_rate
0.5
  -3.5720028554076624        2.8607111993520253       0.17189463262766663     
  -3.0679759808458003       -6.9725072460948001E-002  0.60841739681901452     
  -2.8182849963007608       0.38397040456883685      -0.28691898832966684     
  -5.8128222679803097       -1.0220890141037653       0.13845072998167099     
  -2.9347889563643643       0.19213090852713136      -0.56498528815487359     
 -0.99418402159648689       -1.2280447484440673      -0.27024621600041321     
  -1.6107499210366540       -3.7773459952672481       -9.8801125488755928E-002
  -2.4645934887016074       -1.8220056164536444       -7.5367132563678663E-002
  -1.8835644529266096       -1.4910787073332441      -0.12129582399781370     
   1.4429108399816730        1.5391251581242829      -0.20657444818468546     
   1.3991337880816408        1.7250509966574814      -0.23084506001847793     
   1.1406638489341521        3.1665423633132690       -6.0929774457566021E-003
   1.1200721439623484        2.4348884881124158       -4.5544618338127420E-003
  0.94274534219853101      -0.87580317938367647      -0.23258682249076418     
   1.1693883408252106      -0.54937061563889400      -0.54121351509193460     
   1.4650126909420276      -0.62484213544836342       0.69731800312859604     
   1.1624160244449566       0.52747893515958788       -8.5111463561643966E-002
   2.8768670755561945      -0.92897626054622229       -1.1233292149130556     
   2.8289339176329786       -1.1971664731102800       0.77840106617585003     
   5.2424305288111901       -7.1139426855476598E-002   3.6018213214808505E-002
   3.2110516126245385       -3.6123915992938023      -0.54774817332018788     
First
                         Total        9.226873422E+00
Step size:       0.20
Step size in Bohr:       0.38
Learning Rate:       1.00
# Steps:          0
                         Error        9.226873422E+00
