-xyz
refined.xyz
-dens
/home/unibas/boittier/RDKit_G2/B.pdb/SCAN_1_2_3_4_S_36_10.0/29_SCAN/B.d.cube
-esp
/home/unibas/boittier/RDKit_G2/B.pdb/SCAN_1_2_3_4_S_36_10.0/29_SCAN/B.p.cube
-stepsize
0.2
-n_steps
10
-learning_rate
0.5
  -3.7676470989773629        3.2291930616944229       0.31174359243052052     
  -3.5571530687520627      -0.40139083248234542       0.63425965696215458     
  -3.7882703550966186      -0.49725381666912227       -4.4844169567969688E-002
  -6.3349712351633833      -0.71094346463209757      -0.11797147600273641     
  -3.5181403149315282      -0.33340476110135941      -0.63406629614166299     
  -1.7781476448874378      -0.26751046550375496       0.19494894260535825     
  -1.4530762868492788       -1.3092058269853157E-002  0.19001388017833593     
  -2.0734149110484479       -2.5444657408887936      -0.21261435823946381     
  -2.0803789774026162       -2.5009634542878478      -0.74125582928724576     
  -2.1729917614557759       -2.6062999992240661       0.29257786655548945     
   3.2346906676419285       -2.2321829531275763      -0.96428965240959941     
   2.6661818489698210       -1.6644350070558434      -0.65547424946599897     
  0.73102697066980915       0.66501400601855365      -0.63284182988726567     
  0.45986203675840825       0.81250631074857660      -0.38439819652938645     
   1.1479902695714941       0.67996642353730763       0.62752726548353177     
   1.4408497923744601      -0.44319143448278120      -0.21551955760896013     
   4.5211643794657306        2.8243714621992466        1.1899535726355999     
   2.1888814114161184        1.7698106123363146        6.6821323259209350E-002
   1.9140307940207981        1.8065141299634597      -0.58921138030171227     
   2.0845984421132635        1.8095666032748636       0.76363119516322875     
  -2.0658424524838959E-002   4.1631399380471397       0.20375323993395186     
First
                         Total        7.776750561E+00
Step size:       0.20
Step size in Bohr:       0.38
Learning Rate:       1.00
# Steps:         10
                         Error  1        7.734870682E+00
                         Error  2        7.693303601E+00
                         Error  3        7.652051160E+00
                         Error  4        7.611115164E+00
                         Error  5        7.570497379E+00
                         Error  6        7.530199528E+00
                         Error  7        7.490223292E+00
                         Error  8        7.450570308E+00
                         Error  9        7.411242166E+00
                         Error 10        7.372240409E+00
                         Error        7.372240409E+00
