Running in analysis mode

Reading "/home/unibas/boittier/RDKit_G2/B.pdb/SCAN_1_2_3_4_S_36_10.0/32_SCAN/B.p.cube"...

  B.pdb Potential
  Electrostatic potential from Total SCF Density
   10  -10.160704   -7.893537   -6.981890
  120    0.166667    0.000000    0.000000
   91    0.000000    0.166667    0.000000
   84    0.000000    0.000000    0.166667
    6    6.000000    3.092219   -1.380785    0.345714
    6    6.000000    0.987677   -0.116443   -0.191705
    6    6.000000   -1.559302   -1.156401   -0.469138
    6    6.000000   -3.647952   -0.034686    0.391731
    1    1.000000    4.853813   -0.401941    0.685625
    1    1.000000    3.066368   -3.422587    0.409787
    9    9.000000    1.062478    2.459622   -0.200591
    1    1.000000   -1.647193   -3.067727   -1.210770
    1    1.000000   -3.602778    1.846865    1.198423
    1    1.000000   -5.468365   -0.961317    0.262642
  2.31130E-03  2.36779E-03  2.42502E-03  2.48294E-03  2.54149E-03  2.60061E-03
       .            .            .            .            .            .
       .            .            .            .            .            .
       .            .            .            .            .            .
 -1.93769E-03 -1.90864E-03 -1.87980E-03 -1.85117E-03 -1.82274E-03 -1.79453E-03

763190 out of 917280 gridpoints are considered (83.2%).

...done!

Reading "21charges.cube"...

  Fitted ESP
  Electrostatic potential fitted from 21 point charges.
   10  -10.160704   -7.893537   -6.981890
  120    0.166667    0.000000    0.000000
   91    0.000000    0.166667    0.000000
   84    0.000000    0.000000    0.166667
    6    6.000000    3.092219   -1.380785    0.345714
    6    6.000000    0.987677   -0.116443   -0.191705
    6    6.000000   -1.559302   -1.156401   -0.469138
    6    6.000000   -3.647952   -0.034686    0.391731
    1    1.000000    4.853813   -0.401941    0.685625
    1    1.000000    3.066368   -3.422587    0.409787
    9    9.000000    1.062478    2.459622   -0.200591
    1    1.000000   -1.647193   -3.067727   -1.210770
    1    1.000000   -3.602778    1.846865    1.198423
    1    1.000000   -5.468365   -0.961317    0.262642
  2.24528E-03  2.29976E-03  2.35494E-03  2.41079E-03  2.46724E-03  2.52424E-03
       .            .            .            .            .            .
       .            .            .            .            .            .
       .            .            .            .            .            .
 -1.94628E-03 -1.91799E-03 -1.88986E-03 -1.86188E-03 -1.83406E-03 -1.80640E-03

763190 out of 917280 gridpoints are considered (83.2%).

...done!

                       Measure       RMSE[kcal/mol/e]   MaxError[kcal/mol/e]   NPoints
                         Total        4.232831763E-01        4.870916751E+00    763190
Close (  1.20 < r <   1.66 )          8.713933497E-01        4.870916751E+00    155229
Mid-range ( 1.66 < r <  2.20)         2.238711892E-01        8.006393315E-01    275763
Far-range (  2.20         < r)        1.232890362E-01        4.930718404E-01    332198
Did analysis and wrote slice data
