                                     G D M A

                                 by Anthony Stone

                           version 2.2.03, 21 June 2007

               Distributed Multipoles from Gaussian wavefunctions


Starting at 11:10:17 on 19 May 2021 

GDMA



Using SCF density matrix from file B.pdb.fchk


                         Distributed Multipole Analysis

Standard DMA for products of primitives with exponent greater than 4.00000
Using 80-point Euler-MacLaurin radial quadrature
Using 590-point Lebedev quadrature
Becke smoothing parameter = 3

Positions and radii in angstrom
Multipole moments in atomic units, ea_0^k for rank k

C          x = -1.036714  y =  1.257444  z =  0.084065
           Maximum rank =  2   Radius =  0.650
                   Q00  =  -0.135624
|Q1| =   0.149108  Q10  =   0.004343  Q11c =   0.035398  Q11s =  -0.144780
|Q2| =   1.393726  Q20  =  -1.235148  Q21c =   0.511870  Q21s =   0.291046
                   Q22c =  -0.179494  Q22s =  -0.194798

C          x = -0.469726  y =  0.056068  z =  0.062367
           Maximum rank =  2   Radius =  0.650
                   Q00  =   0.113577
|Q1| =   0.231978  Q10  =  -0.020235  Q11c =  -0.106304  Q11s =  -0.205192
|Q2| =   1.080047  Q20  =  -0.988835  Q21c =   0.363000  Q21s =   0.180477
                   Q22c =  -0.054770  Q22s =  -0.146174

C          x =  0.905295  y = -0.345916  z =  0.384162
           Maximum rank =  2   Radius =  0.650
                   Q00  =  -0.090304
|Q1| =   0.143887  Q10  =  -0.067451  Q11c =  -0.127054  Q11s =   0.003307
|Q2| =   1.203282  Q20  =  -0.317625  Q21c =  -0.143846  Q21s =  -0.956510
                   Q22c =   0.641352  Q22s =   0.008073

C          x =  1.978175  y =  0.122366  z = -0.263008
           Maximum rank =  2   Radius =  0.650
                   Q00  =  -0.117492
|Q1| =   0.086947  Q10  =   0.020492  Q11c =  -0.078229  Q11s =  -0.031937
|Q2| =   1.274785  Q20  =  -0.236680  Q21c =  -0.212546  Q21s =  -0.990373
                   Q22c =   0.736863  Q22s =   0.008774

H          x = -2.085213  y =  1.388860  z = -0.151379
           Maximum rank =  2   Radius =  0.325
                   Q00  =   0.115584
|Q1| =   0.122753  Q10  =   0.019964  Q11c =   0.107328  Q11s =  -0.056129
|Q2| =   0.188921  Q20  =  -0.134849  Q21c =   0.078516  Q21s =   0.010156
                   Q22c =   0.102018  Q22s =  -0.028830

H          x = -0.446957  y =  2.128553  z =  0.339222
           Maximum rank =  2   Radius =  0.325
                   Q00  =   0.108363
|Q1| =   0.127484  Q10  =  -0.024706  Q11c =  -0.035133  Q11s =  -0.120031
|Q2| =   0.185575  Q20  =  -0.128444  Q21c =   0.056306  Q21s =   0.066258
                   Q22c =  -0.047671  Q22s =   0.090041

F          x = -1.289002  y = -1.066168  z = -0.208799
           Maximum rank =  2   Radius =  0.650
                   Q00  =  -0.311360
|Q1| =   0.281444  Q10  =   0.047560  Q11c =   0.170505  Q11s =   0.218808
|Q2| =   0.808426  Q20  =  -0.292869  Q21c =   0.119513  Q21s =   0.214354
                   Q22c =  -0.177490  Q22s =   0.689961

H          x =  1.005850  y = -1.106073  z =  1.155323
           Maximum rank =  2   Radius =  0.325
                   Q00  =   0.124466
|Q1| =   0.129849  Q10  =  -0.095982  Q11c =  -0.032195  Q11s =   0.081312
|Q2| =   0.157193  Q20  =   0.000638  Q21c =   0.004649  Q21s =  -0.157047
                   Q22c =  -0.004599  Q22s =   0.001655

H          x =  1.884955  y =  0.842567  z = -1.070598
           Maximum rank =  2   Radius =  0.325
                   Q00  =   0.102177
|Q1| =   0.131591  Q10  =   0.096279  Q11c =  -0.030903  Q11s =  -0.084211
|Q2| =   0.172799  Q20  =   0.031342  Q21c =   0.002471  Q21s =  -0.168819
                   Q22c =  -0.002395  Q22s =  -0.019123

H          x =  2.980202  y = -0.198178  z =  0.001103
           Maximum rank =  2   Radius =  0.325
                   Q00  =   0.090609
|Q1| =   0.127918  Q10  =  -0.016412  Q11c =  -0.124689  Q11s =   0.023379
|Q2| =   0.196783  Q20  =  -0.081535  Q21c =   0.047082  Q21s =  -0.068879
                   Q22c =   0.140007  Q22s =  -0.074246

Total multipoles
referred to origin at x =   0.000000,  y =    0.000000,  z =    0.000000
                   Q00  =  -0.000005
|Q1| =   0.945004  Q10  =   0.172995  Q11c =   0.672190  Q11s =   0.641300
|Q2| =   4.985592  Q20  =  -1.330104  Q21c =  -0.270458  Q21s =  -2.444372
                   Q22c =   1.327152  Q22s =  -3.908646

CPU time used:      0m11.799s          Total:      0m11.799s

Finished at 11:10:29 on 19 May 2021 
