-xyz
refined.xyz
-dens
/home/unibas/boittier/RDKit_G2/B.pdb/SCAN_1_2_3_4_S_36_10.0/3_SCAN_1_2_3_4_F/B.d.cube
-esp
/home/unibas/boittier/RDKit_G2/B.pdb/SCAN_1_2_3_4_S_36_10.0/3_SCAN_1_2_3_4_F/B.p.cube
-stepsize
0.2
-n_steps
5
-learning_rate
0.5
   3.5392920517809547        2.3539037976037500        1.0478981333180115     
   3.4673380856333456      -0.35579846087249928      -0.69498372597600111     
   6.2173531523456331       -1.1921707076082748       0.19327178978021350     
   3.9500679075455238      -0.99026193643698668       0.12142930512249245     
   3.3914480379528409      -0.85029376242404697       0.69759615692117405     
   2.4914403287376188       -1.7210838414272522      -0.21307716444576572     
   1.5079781346897696      -0.94322575437609690       -1.2950085321237252     
   2.1026846719463581       -1.3177068995714962       -8.3397765364433399E-002
   1.2570288692769358      -0.74189838306044864      -0.36670599954004457     
   1.5735006671155305       -3.9108001284552318       -1.1087074144315856     
  -1.1117974011326270        3.0721830939080190      -0.15444462969207856     
  -1.0779809257931068        2.4025452777547938      -0.30269390962583320     
  -1.1992994688941208        1.6131426280949228      -0.15885872621620808     
  -1.1210835099316725        2.6948186271456431       -6.1042122060176930E-002
 -0.88445542932917876      -0.38584019954270471        7.3279375494956625E-002
 -0.94810184804414710       0.40617660544784151      -0.24941015090740812     
 -0.83178698646558513      -0.91657256716702618      -0.10824588132432321     
  -1.3195876898280949      -0.58838238938874488      -0.59329585988404399     
  -5.3367273271572762      -0.18624356505000905       0.52363969162810531     
  -2.1571856611930884       -1.3838176722826394       -3.2951423515181703E-002
  -2.5758724034394018      -0.87292570172908956       0.56505791843776643     
  -2.9127831081759079      -0.50447834260502289       0.21473853459126022     
  -2.8627957605814660      -0.87910385595103346       -3.6740690705739841E-002
  -3.1976734594989136       -3.6157866873218567        1.0610479724102482     
  -3.2379168850261153       -3.5411318037775263       0.74097742250996168     
First
                         Total        4.536452463E-01
Step size:       0.20
Step size in Bohr:       0.38
Learning Rate:       1.00
# Steps:          5
                         Error  1        4.517354983E-01
                         Error  2        4.499241477E-01
                         Error  3        4.482045755E-01
                         Error  4        4.465706052E-01
                         Error  5        4.450164768E-01
                         Error        4.450164768E-01
