Running in analysis mode

Reading "/home/unibas/boittier/RDKit_G2/B.pdb/SCAN_1_2_3_4_S_36_10.0/35_SCAN/B.p.cube"...

  B.pdb Potential
  Electrostatic potential from Total SCF Density
   10  -10.196686   -7.808681   -6.629036
  121    0.166667    0.000000    0.000000
   90    0.000000    0.166667    0.000000
   80    0.000000    0.000000    0.166667
    6    6.000000    3.218971   -1.253034    0.090662
    6    6.000000    0.984222   -0.103555   -0.054985
    6    6.000000   -1.490457   -1.295929   -0.116284
    6    6.000000   -3.683934   -0.063774    0.098322
    1    1.000000    4.955739   -0.180936    0.186811
    1    1.000000    3.314636   -3.293511    0.102786
    9    9.000000    0.914191    2.468186   -0.053963
    1    1.000000   -1.454180   -3.340722   -0.272168
    1    1.000000   -3.753843    1.974195    0.272803
    1    1.000000   -5.462886   -1.074956    0.089171
  2.01447E-03  2.07057E-03  2.12775E-03  2.18595E-03  2.24514E-03  2.30527E-03
       .            .            .            .            .            .
       .            .            .            .            .            .
       .            .            .            .            .            .
 -1.93714E-03 -1.92148E-03 -1.90535E-03 -1.88878E-03 -1.87177E-03 -1.85436E-03

717480 out of 871200 gridpoints are considered (82.4%).

...done!

Reading "21charges.cube"...

  Fitted ESP
  Electrostatic potential fitted from 21 point charges.
   10  -10.196686   -7.808681   -6.629036
  121    0.166667    0.000000    0.000000
   90    0.000000    0.166667    0.000000
   80    0.000000    0.000000    0.166667
    6    6.000000    3.218971   -1.253034    0.090662
    6    6.000000    0.984222   -0.103555   -0.054985
    6    6.000000   -1.490457   -1.295929   -0.116284
    6    6.000000   -3.683934   -0.063774    0.098322
    1    1.000000    4.955739   -0.180936    0.186811
    1    1.000000    3.314636   -3.293511    0.102786
    9    9.000000    0.914191    2.468186   -0.053963
    1    1.000000   -1.454180   -3.340722   -0.272168
    1    1.000000   -3.753843    1.974195    0.272803
    1    1.000000   -5.462886   -1.074956    0.089171
  1.96839E-03  2.02651E-03  2.08587E-03  2.14647E-03  2.20825E-03  2.27119E-03
       .            .            .            .            .            .
       .            .            .            .            .            .
       .            .            .            .            .            .
 -2.26436E-03 -2.24005E-03 -2.21535E-03 -2.19028E-03 -2.16486E-03 -2.13912E-03

717480 out of 871200 gridpoints are considered (82.4%).

...done!

                       Measure       RMSE[kcal/mol/e]   MaxError[kcal/mol/e]   NPoints
                         Total        1.318230633E+00        1.062335880E+01    717480
Close (  1.20 < r <   1.66 )          2.234784312E+00        1.062335880E+01    154925
Mid-range ( 1.66 < r <  2.20)         1.150623634E+00        4.143658377E+00    271794
Far-range (  2.20         < r)        6.239978148E-01        2.264725599E+00    290761
Did analysis and wrote slice data
