atom_charge_dict:  {0: [0, 1], 2: [2, 3], 3: [4, 5], 4: [6], 6: [7, 8, 9], 1: [10, 11, 12], 5: [13, 14, 15, 16], 7: [17, 18], 9: [19], 8: [20, 21], 10: [22, 23]}
2
2 [2, 3] [-0.03873659  0.04539598 -0.16247275]
2 [2, 3] [-0.03233741  0.13095962 -0.33510537]
0
0 [0, 1] [-0.06726476  0.25484178 -0.24686461]
0 [0, 1] [ 0.12547869  0.1900898  -0.48057151]
1
1 [10, 11, 12] [-0.53655816 -0.19638736 -0.10917583]
1 [10, 11, 12] [ 0.23470327 -0.06586168 -0.09624644]
1 [10, 11, 12] [ 0.34353459 -0.29415655 -0.33483205]
3
3 [4, 5] [-0.15278801  0.02645507  0.03505437]
3 [4, 5] [-0.41295537 -0.03909856  0.05696993]
0
4
4 [6] [ 0.08479358 -0.23617072 -0.28968496]
6
6 [7, 8, 9] [0.01980859 0.23926573 0.04656815]
6 [7, 8, 9] [-0.34350311  0.1635437  -0.07667004]
6 [7, 8, 9] [0.19986215 0.06485915 0.07414176]
1
5
5 [13, 14, 15, 16] [0.30274649 0.10092893 0.1650814 ]
5 [13, 14, 15, 16] [-0.00360386  0.01713153 -0.22028123]
5 [13, 14, 15, 16] [-0.22783417  0.0273044  -0.02434588]
5 [13, 14, 15, 16] [-0.14870353 -0.01860084  0.19185586]
8
8 [20, 21] [-0.17006458 -0.12712252 -0.21945744]
8 [20, 21] [-0.16404049 -0.12128294 -0.31225745]
7
7 [17, 18] [-0.26677528 -0.05098697 -0.25910054]
7 [17, 18] [ 0.42835459  0.2237449  -0.26517292]
9
9 [19] [0.34100556 0.26091912 0.28742563]
10
10 [22, 23] [ 0.10955872 -0.40568081 -0.11416193]
10 [22, 23] [ 0.00171022 -0.06271019 -0.03448483]
7
5
RMSD using the Kabsch algorithm: 0.934416689035555
1 [ 1.52582736 -0.53418388 -0.08044479]
2 [ 1.71857081 -0.59893586 -0.3141517 ]
3 [ 1.28550609 -1.2767046   0.9229857 ]
4 [ 1.29190527 -1.19114096  0.75035307]
5 [ 2.3949119 -0.2557836  0.3417643]
6 [ 2.13474454 -0.32133723  0.36367986]
7 [ 1.75355908 -1.76731791 -0.92163448]
8 [0.61669643 1.65583129 0.0804413 ]
9 [ 0.25338474  1.58010925 -0.04279689]
10 [0.79674999 1.4814247  0.10801491]
11 [-0.02290563  0.00797233 -0.24211673]
12 [ 0.7483558   0.13849801 -0.22918735]
13 [ 0.85718713 -0.08979686 -0.46777295]
14 [-0.36357837 -0.29993905 -0.36900425]
15 [-0.66992873 -0.38373645 -0.75436687]
16 [-0.89415903 -0.37356358 -0.55843152]
17 [-0.81502839 -0.41946882 -0.34222979]
18 [-2.12838769 -0.2289439   0.01831521]
19 [-1.43325781  0.04578796  0.01224283]
20 [-2.34195358 -0.34200875 -0.00697617]
21 [-1.92243104 -0.8290811   1.01173794]
22 [-1.91640695 -0.82324152  0.91893793]
23 [-1.9111243   0.48484259  0.32515076]
24 [-2.01897279  0.82781321  0.40482786]
