-xyz
refined.xyz
-dens
/home/unibas/boittier/RDKit_G2/B.pdb/SCAN_1_2_3_4_S_36_-10.0/16_SCAN_1_2_3_4_F/B.d.cube
-esp
/home/unibas/boittier/RDKit_G2/B.pdb/SCAN_1_2_3_4_S_36_-10.0/16_SCAN_1_2_3_4_F/B.p.cube
-stepsize
0.2
-n_steps
0
-learning_rate
0.5
  -3.7589635820275964        2.5742862515229215      -0.93004445107478517     
  -3.5136007727052050      -0.16474986722175428       0.77851629896590735     
  -6.3308819600732580      -0.99211414939215126        8.0698310609898197E-002
  -4.0655064738672548      -0.78216698949983809       -6.8500522260330609E-003
  -3.5595706534113716      -0.62853395359295050      -0.62598142970955561     
  -2.5863319926466319       -1.4164105511053493       0.54330531783042191     
  -1.5186966700402611       -1.2484796393177622      -0.71195172374544313     
  -2.0137740589792861       -1.3961769458181053       0.59010031267665763     
  -1.0708731408827796       -1.1663618756772940       0.15903950175813361     
  -1.5957502481088097       -3.7247397355711391       0.94722178283073877     
   3.2549888865877006       -2.0694860833287874      -0.23577653453694411     
   2.7353717614651605       -1.6291467956695340      -0.32221079812901399     
   2.2809654284835164      -0.98428486042578667      -0.13052565284979017     
   3.0077261630741088       -1.7957425245102927      -0.11266782394784303     
  0.67755178523175519       0.20307456860330481       0.30443558914117608     
   1.2354267665455418      -0.31648486365538897       -8.8378845278767715E-002
  0.23861177622410440       0.53240910415448295       0.17526468430587866     
  0.73674068720827057       0.63410971790346871      -0.39259199529031130     
   3.9418384201047361        3.2513406793603337      -0.15602953859014734     
  0.81778635307032099        1.8142843907599324        1.0754867675084568E-002
   1.5818856475476848        1.7898317822266236       0.46877327232501981     
   2.0013375523002588        1.7443169555243041        2.8069013277282975E-002
   1.6537691453693992        1.9557611870554208      -0.17322298582910706     
  0.17818174713204887        4.1962585803729553        1.0937035306396672     
  0.19430470718166934        4.1505149017115617       0.76657265748877557     
First
                         Total        1.371387302E+00
Step size:       0.20
Step size in Bohr:       0.38
Learning Rate:       1.00
# Steps:          0
                         Error        1.371387302E+00
