-xyz
refined.xyz
-dens
/home/unibas/boittier/RDKit_G2/B.pdb/SCAN_1_2_3_4_S_36_10.0/22_SCAN/B.d.cube
-esp
/home/unibas/boittier/RDKit_G2/B.pdb/SCAN_1_2_3_4_S_36_10.0/22_SCAN/B.p.cube
-stepsize
0.2
-n_steps
10
-learning_rate
0.5
  -3.6219388583750614        2.6019964281345023       -1.7535190992996708     
  -3.1998014022772172       0.37385228820231520       0.25550836949116285     
  -2.8433850921529804       0.32604685860671984      -0.71412450824921825     
  -5.8936133989121062      -0.74608433707940425       0.16061599905839063     
  -2.9288274617487247        1.4632743935286368E-002 -0.86706621008721585     
  -1.1664719743646415      -0.53846965098406852       0.66170367687763543     
  -1.7208114789858355       -3.1068124268985624        1.6811604275308278     
  -2.6594973631742098       -1.1031810478920210       0.72745757595555827     
  -2.0108319338082730      -0.94968514454993869       0.65747638082799786     
   2.4136670285595354      -0.96299888933692079       -7.8079030175586067E-002
   2.5035453243075598       -1.1331772917727938       -7.3833951423724870E-002
   3.1805689018633330       -2.3916743997878398      -0.44629257145094264     
   2.6984870287593394       -1.8498090952155923      -0.34664908988841392     
  0.49965122866316880       0.55468951805818956       0.33833318004341756     
  0.93360276548482524       0.44748397309671167       0.56901548967555371     
  0.88029671772199070       0.72339919745347969      -0.67497480549207944     
   1.5298754612838592      -0.36534626451397328       -2.3651988295666716E-002
   1.8258388973388873        1.9253082150386884        1.0996091242144832     
   1.5135506292599223        2.0855515022206457      -0.76638963064883681     
   4.0586505830498423        2.8995206777327907      -0.22229113589119595     
  0.22213940374887647        4.1273751888006069       0.65610269539203714     
First
                         Total        1.536522872E+00
Step size:       0.20
Step size in Bohr:       0.38
Learning Rate:       1.00
# Steps:         10
                         Error  1        1.497876141E+00
                         Error  2        1.460256078E+00
                         Error  3        1.423658241E+00
                         Error  4        1.388076828E+00
                         Error  5        1.353504763E+00
                         Error  6        1.319933780E+00
                         Error  7        1.287354507E+00
                         Error  8        1.255756541E+00
                         Error  9        1.225128528E+00
                         Error 10        1.195458229E+00
                         Error        1.195458229E+00
