-xyz
refined.xyz
-dens
/home/unibas/boittier/RDKit_G2/B.pdb/SCAN_1_2_3_4_S_36_10.0/32_SCAN/B.d.cube
-esp
/home/unibas/boittier/RDKit_G2/B.pdb/SCAN_1_2_3_4_S_36_10.0/32_SCAN/B.p.cube
-stepsize
0.2
-n_steps
1
-learning_rate
0.5
  -3.5245350657279704        2.4728868415643142        1.5509543024004868     
  -2.9532847327564813      -0.33996366322967375       0.73688282981661846     
  -2.8454919952099358       0.40859527341049962        3.1316860015495003E-002
  -5.7545894467466692       -1.1816322150262808       0.23295657132834857     
  -3.0016665040527917       0.31789062273588176      -0.27702738152031670     
 -0.95554718135114758       -1.1284568442578560      -0.64181786476352054     
  -1.6172500481186480       -3.4838047563658030       -1.4156972325823491     
  -2.4446960091251144       -1.7072194164210786      -0.63988223455725146     
  -1.8596091433398636       -1.3814315847842813      -0.61244998285176322     
   1.4816009412839921        1.6411358483053236      -0.30851591023286651     
   1.4418968142867172        1.8261832724011515      -0.34391160002169052     
   1.1520437649462438        3.2678998501664203      -0.20829674702281259     
   1.1296047969901111        2.5365413196271072      -0.18888186665830325     
  0.98699730108052974      -0.78103712664879033      -0.33680558060610372     
   1.2551917719910632      -0.46274769648268305      -0.61951166679440273     
   1.3735440205851392      -0.50274822930230401       0.64989212654426520     
   1.1854213114890644       0.62640908350881164      -0.19935129199933957     
   2.9632740441019374       -1.1686982007813704      -0.68310570036818119     
   2.5767607860726649       -1.0350271353002138        1.1711460614787272     
   5.1356018798817535      -0.19861222120792957       0.73829711480751747     
   2.9923224372558206       -3.7036904267483228       0.41247503219405296     
First
                         Total        4.459324558E-01
Step size:       0.20
Step size in Bohr:       0.38
Learning Rate:       1.00
# Steps:          1
                         Error  1        4.429904713E-01
                         Error        4.429904713E-01
