-xyz
refined.xyz
-dens
/home/unibas/boittier/RDKit_G2/B.pdb/SCAN_1_2_3_4_S_36_-10.0/36_SCAN_1_2_3_4_F/B.d.cube
-esp
/home/unibas/boittier/RDKit_G2/B.pdb/SCAN_1_2_3_4_S_36_-10.0/36_SCAN_1_2_3_4_F/B.p.cube
-stepsize
0.2
-n_steps
500
-learning_rate
0.5
  -3.5655336034839697        2.4307041119933714        3.6554737165713967E-002
  -3.3256726433452530      -0.72198171955892854       0.95086246477843372     
  -6.2390524798805380       -1.2850434524050749        4.3850175425010428E-002
  -3.8433940203980335      -0.97116368672808040       -5.6579492923070213E-002
  -3.4851856085258794      -0.65344620564091038      -0.67605952680934311     
  -2.2994539910309859       -1.6910435367080590      -0.11885544870959343     
  -1.5351229871633414       -1.0464334833320370       0.77389761675503022     
  -1.8046711122968773       -1.3600721454197222      -0.25475031250371272     
  -1.0797961857847940      -0.83192198038526444        7.1845082186768577E-002
  -1.3847717833027025       -4.3555998158533029      -0.16958435543005693     
  0.84860421810884079        2.4336345382158719       -5.7852151182899696E-003
  0.82960414557039319        1.9959178655499306        6.4041909876880604E-002
  0.96040397479768724        1.2241741489790605       -3.3887388186542365E-003
  0.86924404079952322        2.1919331648998734       -4.5546669003292926E-002
  0.78787439037652007      -0.39828222501663135      -0.12343645473000996     
  0.80924348476386154       0.27413769694029066        5.5124411752481263E-002
  0.74932281913726406      -0.85133549149423404       -2.5105010368214730E-002
   1.2078390249915805      -0.55880224510145282       0.33094278487274015     
   5.3937703462200091        3.7423876167104408E-002   2.3111396444188449E-002
   2.0690265016071665       -1.2976946531471532        9.1539167839541788E-002
   2.5041199449353266      -0.83445260980826319      -0.28715285217479680     
   2.6353552051120706      -0.43831169453958579       -1.6828137396347524E-002
   2.5919041145623130      -0.82412596826382711       0.16336650930880117     
   3.4161017696293912       -3.2821205329063536      -0.63121738572582753     
   3.3755633806357803       -3.3728330808233000      -0.30388331364607157     
First
                         Total        4.553793433E-01
Step size:       0.20
Step size in Bohr:       0.38
Learning Rate:       1.00
# Steps:        500
                         Error  1        4.551093065E-01
                         Error  2        4.548583954E-01
                         Error  3        4.546250084E-01
                         Error  4        4.544076797E-01
                         Error  5        4.542050676E-01
                         Error  6        4.540159444E-01
                         Error  7        4.538391866E-01
                         Error  8        4.536737661E-01
                         Error  9        4.535187418E-01
                         Error 10        4.533732528E-01
                         Error 11        4.532365112E-01
                         Error 12        4.531077959E-01
                         Error 13        4.529864469E-01
                         Error 14        4.528718603E-01
                         Error 15        4.527634834E-01
                         Error 16        4.526608102E-01
                         Error 17        4.525633775E-01
                         Error 18        4.524707616E-01
                         Error 19        4.523825742E-01
                         Error 20        4.522984601E-01
                         Error 21        4.522180939E-01
                         Error 22        4.521411779E-01
                         Error 23        4.520674390E-01
                         Error 24        4.519966276E-01
                         Error 25        4.519285148E-01
                         Error 26        4.518628909E-01
                         Error 27        4.517995639E-01
                         Error 28        4.517383577E-01
                         Error 29        4.516791111E-01
                         Error 30        4.516216764E-01
                         Error 31        4.515659180E-01
                         Error 32        4.515117116E-01
                         Error 33        4.514589435E-01
                         Error 34        4.514075091E-01
                         Error 35        4.513573126E-01
                         Error 36        4.513082662E-01
                         Error 37        4.512602892E-01
                         Error 38        4.512133075E-01
                         Error 39        4.511672532E-01
                         Error 40        4.511220639E-01
                         Error 41        4.510776823E-01
                         Error 42        4.510340558E-01
                         Error 43        4.509911359E-01
                         Error 44        4.509488783E-01
                         Error 45        4.509072420E-01
                         Error 46        4.508661895E-01
                         Error 47        4.508256860E-01
                         Error 48        4.507856999E-01
                         Error 49        4.507462018E-01
                         Error 50        4.507071646E-01
                         Error 51        4.506685636E-01
                         Error 52        4.506303758E-01
                         Error 53        4.505925799E-01
                         Error 54        4.505551566E-01
                         Error 55        4.505180877E-01
                         Error 56        4.504813567E-01
                         Error 57        4.504449481E-01
                         Error 58        4.504088478E-01
                         Error 59        4.503730425E-01
                         Error 60        4.503375201E-01
                         Error 61        4.503022692E-01
                         Error 62        4.502672794E-01
                         Error 63        4.502325410E-01
                         Error 64        4.501980449E-01
                         Error 65        4.501637827E-01
                         Error 66        4.501297466E-01
                         Error 67        4.500959293E-01
                         Error 68        4.500623240E-01
                         Error 69        4.500289245E-01
                         Error 70        4.499957247E-01
                         Error 71        4.499627192E-01
                         Error 72        4.499299027E-01
                         Error 73        4.498972705E-01
                         Error 74        4.498648178E-01
                         Error 75        4.498325406E-01
                         Error 76        4.498004347E-01
                         Error 77        4.497684963E-01
                         Error 78        4.497367218E-01
                         Error 79        4.497051080E-01
                         Error 80        4.496736515E-01
                         Error 81        4.496423493E-01
                         Error 82        4.496111986E-01
                         Error 83        4.495801966E-01
                         Error 84        4.495493407E-01
                         Error 85        4.495186285E-01
                         Error 86        4.494880575E-01
                         Error 87        4.494576256E-01
                         Error 88        4.494273306E-01
                         Error 89        4.493971704E-01
                         Error 90        4.493671430E-01
                         Error 91        4.493372466E-01
                         Error 92        4.493074792E-01
                         Error 93        4.492778392E-01
                         Error 94        4.492483247E-01
                         Error 95        4.492189343E-01
                         Error 96        4.491896663E-01
                         Error 97        4.491605191E-01
                         Error 98        4.491314914E-01
                         Error 99        4.491025815E-01
                         Error100        4.490737882E-01
                         Error101        4.490451101E-01
                         Error102        4.490165458E-01
                         Error103        4.489880940E-01
                         Error104        4.489597536E-01
                         Error105        4.489315232E-01
                         Error106        4.489034017E-01
                         Error107        4.488753880E-01
                         Error108        4.488474807E-01
                         Error109        4.488196790E-01
                         Error110        4.487919815E-01
                         Error111        4.487643874E-01
                         Error112        4.487368954E-01
                         Error113        4.487095047E-01
                         Error114        4.486822141E-01
                         Error115        4.486550227E-01
                         Error116        4.486279295E-01
                         Error117        4.486009335E-01
                         Error118        4.485740338E-01
                         Error119        4.485472295E-01
                         Error120        4.485205197E-01
                         Error121        4.484939034E-01
                         Error122        4.484673797E-01
                         Error123        4.484409479E-01
                         Error124        4.484146070E-01
                         Error125        4.483883562E-01
                         Error126        4.483621946E-01
                         Error127        4.483361214E-01
                         Error128        4.483101359E-01
                         Error129        4.482842371E-01
                         Error130        4.482584244E-01
                         Error131        4.482326970E-01
                         Error132        4.482070539E-01
                         Error133        4.481814947E-01
                         Error134        4.481560183E-01
                         Error135        4.481306242E-01
                         Error136        4.481053116E-01
                         Error137        4.480800797E-01
                         Error138        4.480549279E-01
                         Error139        4.480298554E-01
                         Error140        4.480048616E-01
                         Error141        4.479799457E-01
                         Error142        4.479551071E-01
                         Error143        4.479303451E-01
                         Error144        4.479056590E-01
                         Error145        4.478810483E-01
                         Error146        4.478565121E-01
                         Error147        4.478320500E-01
                         Error148        4.478076612E-01
                         Error149        4.477833452E-01
                         Error150        4.477591012E-01
                         Error151        4.477349288E-01
                         Error152        4.477108273E-01
                         Error153        4.476867960E-01
                         Error154        4.476628345E-01
                         Error155        4.476389420E-01
                         Error156        4.476151182E-01
                         Error157        4.475913622E-01
                         Error158        4.475676737E-01
                         Error159        4.475440520E-01
                         Error160        4.475204966E-01
                         Error161        4.474970069E-01
                         Error162        4.474735824E-01
                         Error163        4.474502226E-01
                         Error164        4.474269269E-01
                         Error165        4.474036948E-01
                         Error166        4.473805258E-01
                         Error167        4.473574194E-01
                         Error168        4.473343750E-01
                         Error169        4.473113922E-01
                         Error170        4.472884704E-01
                         Error171        4.472656092E-01
                         Error172        4.472428081E-01
                         Error173        4.472200666E-01
                         Error174        4.471973843E-01
                         Error175        4.471747606E-01
                         Error176        4.471521951E-01
                         Error177        4.471296873E-01
                         Error178        4.471072368E-01
                         Error179        4.470848431E-01
                         Error180        4.470625058E-01
                         Error181        4.470402244E-01
                         Error182        4.470179986E-01
                         Error183        4.469958278E-01
                         Error184        4.469737117E-01
                         Error185        4.469516498E-01
                         Error186        4.469296416E-01
                         Error187        4.469076869E-01
                         Error188        4.468857852E-01
                         Error189        4.468639360E-01
                         Error190        4.468421390E-01
                         Error191        4.468203938E-01
                         Error192        4.467987000E-01
                         Error193        4.467770571E-01
                         Error194        4.467554649E-01
                         Error195        4.467339229E-01
                         Error196        4.467124308E-01
                         Error197        4.466909882E-01
                         Error198        4.466695946E-01
                         Error199        4.466482498E-01
                         Error200        4.466269535E-01
                         Error201        4.466057051E-01
                         Error202        4.465845044E-01
                         Error203        4.465633511E-01
                         Error204        4.465422448E-01
                         Error205        4.465211851E-01
                         Error206        4.465001717E-01
                         Error207        4.464792042E-01
                         Error208        4.464582825E-01
                         Error209        4.464374060E-01
                         Error210        4.464165745E-01
                         Error211        4.463957877E-01
                         Error212        4.463750453E-01
                         Error213        4.463543468E-01
                         Error214        4.463336921E-01
                         Error215        4.463130808E-01
                         Error216        4.462925127E-01
                         Error217        4.462719873E-01
                         Error218        4.462515044E-01
                         Error219        4.462310638E-01
                         Error220        4.462106651E-01
                         Error221        4.461903080E-01
                         Error222        4.461699923E-01
                         Error223        4.461497176E-01
                         Error224        4.461294837E-01
                         Error225        4.461092904E-01
                         Error226        4.460891372E-01
                         Error227        4.460690240E-01
                         Error228        4.460489506E-01
                         Error229        4.460289165E-01
                         Error230        4.460089216E-01
                         Error231        4.459889656E-01
                         Error232        4.459690482E-01
                         Error233        4.459491692E-01
                         Error234        4.459293284E-01
                         Error235        4.459095254E-01
                         Error236        4.458897601E-01
                         Error237        4.458700322E-01
                         Error238        4.458503414E-01
                         Error239        4.458306875E-01
                         Error240        4.458110703E-01
                         Error241        4.457914895E-01
                         Error242        4.457719450E-01
                         Error243        4.457524364E-01
                         Error244        4.457329635E-01
                         Error245        4.457135262E-01
                         Error246        4.456941241E-01
                         Error247        4.456747571E-01
                         Error248        4.456554250E-01
                         Error249        4.456361275E-01
                         Error250        4.456168645E-01
                         Error251        4.455976356E-01
                         Error252        4.455784407E-01
                         Error253        4.455592796E-01
                         Error254        4.455401521E-01
                         Error255        4.455210580E-01
                         Error256        4.455019971E-01
                         Error257        4.454829691E-01
                         Error258        4.454639739E-01
                         Error259        4.454450113E-01
                         Error260        4.454260811E-01
                         Error261        4.454071831E-01
                         Error262        4.453883171E-01
                         Error263        4.453694829E-01
                         Error264        4.453506803E-01
                         Error265        4.453319092E-01
                         Error266        4.453131693E-01
                         Error267        4.452944605E-01
                         Error268        4.452757826E-01
                         Error269        4.452571355E-01
                         Error270        4.452385189E-01
                         Error271        4.452199326E-01
                         Error272        4.452013766E-01
                         Error273        4.451828506E-01
                         Error274        4.451643545E-01
                         Error275        4.451458880E-01
                         Error276        4.451274511E-01
                         Error277        4.451090436E-01
                         Error278        4.450906652E-01
                         Error279        4.450723159E-01
                         Error280        4.450539955E-01
                         Error281        4.450357038E-01
                         Error282        4.450174407E-01
                         Error283        4.449992060E-01
                         Error284        4.449809996E-01
                         Error285        4.449628212E-01
                         Error286        4.449446709E-01
                         Error287        4.449265483E-01
                         Error288        4.449084534E-01
                         Error289        4.448903860E-01
                         Error290        4.448723460E-01
                         Error291        4.448543333E-01
                         Error292        4.448363476E-01
                         Error293        4.448183889E-01
                         Error294        4.448004570E-01
                         Error295        4.447825517E-01
                         Error296        4.447646730E-01
                         Error297        4.447468207E-01
                         Error298        4.447289947E-01
                         Error299        4.447111948E-01
                         Error300        4.446934209E-01
                         Error301        4.446756729E-01
                         Error302        4.446579506E-01
                         Error303        4.446402539E-01
                         Error304        4.446225828E-01
                         Error305        4.446049370E-01
                         Error306        4.445873164E-01
                         Error307        4.445697210E-01
                         Error308        4.445521506E-01
                         Error309        4.445346050E-01
                         Error310        4.445170842E-01
                         Error311        4.444995881E-01
                         Error312        4.444821165E-01
                         Error313        4.444646692E-01
                         Error314        4.444472463E-01
                         Error315        4.444298476E-01
                         Error316        4.444124729E-01
                         Error317        4.443951222E-01
                         Error318        4.443777953E-01
                         Error319        4.443604922E-01
                         Error320        4.443432127E-01
                         Error321        4.443259567E-01
                         Error322        4.443087242E-01
                         Error323        4.442915149E-01
                         Error324        4.442743288E-01
                         Error325        4.442571659E-01
                         Error326        4.442400259E-01
                         Error327        4.442229089E-01
                         Error328        4.442058146E-01
                         Error329        4.441887430E-01
                         Error330        4.441716940E-01
                         Error331        4.441546675E-01
                         Error332        4.441376635E-01
                         Error333        4.441206817E-01
                         Error334        4.441037221E-01
                         Error335        4.440867847E-01
                         Error336        4.440698692E-01
                         Error337        4.440529757E-01
                         Error338        4.440361040E-01
                         Error339        4.440192541E-01
                         Error340        4.440024258E-01
                         Error341        4.439856191E-01
                         Error342        4.439688339E-01
                         Error343        4.439520701E-01
                         Error344        4.439353275E-01
                         Error345        4.439186062E-01
                         Error346        4.439019060E-01
                         Error347        4.438852268E-01
                         Error348        4.438685686E-01
                         Error349        4.438519313E-01
                         Error350        4.438353148E-01
                         Error351        4.438187190E-01
                         Error352        4.438021438E-01
                         Error353        4.437855891E-01
                         Error354        4.437690550E-01
                         Error355        4.437525412E-01
                         Error356        4.437360477E-01
                         Error357        4.437195745E-01
                         Error358        4.437031214E-01
                         Error359        4.436866884E-01
                         Error360        4.436702755E-01
                         Error361        4.436538824E-01
                         Error362        4.436375092E-01
                         Error363        4.436211558E-01
                         Error364        4.436048221E-01
                         Error365        4.435885080E-01
                         Error366        4.435722135E-01
                         Error367        4.435559385E-01
                         Error368        4.435396829E-01
                         Error369        4.435234467E-01
                         Error370        4.435072297E-01
                         Error371        4.434910320E-01
                         Error372        4.434748534E-01
                         Error373        4.434586939E-01
                         Error374        4.434425534E-01
                         Error375        4.434264318E-01
                         Error376        4.434103292E-01
                         Error377        4.433942453E-01
                         Error378        4.433781802E-01
                         Error379        4.433621338E-01
                         Error380        4.433461059E-01
                         Error381        4.433300967E-01
                         Error382        4.433141059E-01
                         Error383        4.432981336E-01
                         Error384        4.432821796E-01
                         Error385        4.432662440E-01
                         Error386        4.432503266E-01
                         Error387        4.432344274E-01
                         Error388        4.432185463E-01
                         Error389        4.432026833E-01
                         Error390        4.431868382E-01
                         Error391        4.431710112E-01
                         Error392        4.431552020E-01
                         Error393        4.431394107E-01
                         Error394        4.431236371E-01
                         Error395        4.431078813E-01
                         Error396        4.430921431E-01
                         Error397        4.430764226E-01
                         Error398        4.430607196E-01
                         Error399        4.430450341E-01
                         Error400        4.430293660E-01
                         Error401        4.430137154E-01
                         Error402        4.429980820E-01
                         Error403        4.429824660E-01
                         Error404        4.429668672E-01
                         Error405        4.429512856E-01
                         Error406        4.429357211E-01
                         Error407        4.429201737E-01
                         Error408        4.429046433E-01
                         Error409        4.428891299E-01
                         Error410        4.428736334E-01
                         Error411        4.428581538E-01
                         Error412        4.428426910E-01
                         Error413        4.428272450E-01
                         Error414        4.428118158E-01
                         Error415        4.427964032E-01
                         Error416        4.427810072E-01
                         Error417        4.427656278E-01
                         Error418        4.427502650E-01
                         Error419        4.427349187E-01
                         Error420        4.427195888E-01
                         Error421        4.427042753E-01
                         Error422        4.426889781E-01
                         Error423        4.426736973E-01
                         Error424        4.426584327E-01
                         Error425        4.426431844E-01
                         Error426        4.426279522E-01
                         Error427        4.426127361E-01
                         Error428        4.425975362E-01
                         Error429        4.425823522E-01
                         Error430        4.425671843E-01
                         Error431        4.425520324E-01
                         Error432        4.425368963E-01
                         Error433        4.425217761E-01
                         Error434        4.425066718E-01
                         Error435        4.424915832E-01
                         Error436        4.424765104E-01
                         Error437        4.424614532E-01
                         Error438        4.424464118E-01
                         Error439        4.424313860E-01
                         Error440        4.424163757E-01
                         Error441        4.424013810E-01
                         Error442        4.423864018E-01
                         Error443        4.423714381E-01
                         Error444        4.423564898E-01
                         Error445        4.423415569E-01
                         Error446        4.423266393E-01
                         Error447        4.423117370E-01
                         Error448        4.422968501E-01
                         Error449        4.422819783E-01
                         Error450        4.422671218E-01
                         Error451        4.422522804E-01
                         Error452        4.422374541E-01
                         Error453        4.422226429E-01
                         Error454        4.422078468E-01
                         Error455        4.421930657E-01
                         Error456        4.421782995E-01
                         Error457        4.421635483E-01
                         Error458        4.421488120E-01
                         Error459        4.421340906E-01
                         Error460        4.421193840E-01
                         Error461        4.421046923E-01
                         Error462        4.420900152E-01
                         Error463        4.420753530E-01
                         Error464        4.420607054E-01
                         Error465        4.420460725E-01
                         Error466        4.420314542E-01
                         Error467        4.420168505E-01
                         Error468        4.420022614E-01
                         Error469        4.419876868E-01
                         Error470        4.419731267E-01
                         Error471        4.419585811E-01
                         Error472        4.419440499E-01
                         Error473        4.419295331E-01
                         Error474        4.419150307E-01
                         Error475        4.419005426E-01
                         Error476        4.418860688E-01
                         Error477        4.418716093E-01
                         Error478        4.418571641E-01
                         Error479        4.418427330E-01
                         Error480        4.418283162E-01
                         Error481        4.418139135E-01
                         Error482        4.417995249E-01
                         Error483        4.417851504E-01
                         Error484        4.417707900E-01
                         Error485        4.417564436E-01
                         Error486        4.417421112E-01
                         Error487        4.417277928E-01
                         Error488        4.417134883E-01
                         Error489        4.416991978E-01
                         Error490        4.416849211E-01
                         Error491        4.416706583E-01
                         Error492        4.416564093E-01
                         Error493        4.416421741E-01
                         Error494        4.416279527E-01
                         Error495        4.416137450E-01
                         Error496        4.415995510E-01
                         Error497        4.415853708E-01
                         Error498        4.415712042E-01
                         Error499        4.415570512E-01
                         Error500        4.415429118E-01
                         Error        4.415429118E-01
