-xyz
refined.xyz
-dens
/home/unibas/boittier/RDKit_G2/B.pdb/SCAN_1_2_3_4_S_36_10.0/2_SCAN_1_2_3_4_F/B.d.cube
-esp
/home/unibas/boittier/RDKit_G2/B.pdb/SCAN_1_2_3_4_S_36_10.0/2_SCAN_1_2_3_4_F/B.p.cube
-stepsize
0.2
-n_steps
0
-learning_rate
0.5
  -3.6860976134076089        2.4129913565022107        4.8667620271007878E-002
  -3.2473718785706609      -0.65295011364508426        1.0088225055652702     
  -6.1567225729291124       -1.3560122207836220       0.50740776524319120     
  -3.9237717547813906       -1.0729057009903380       0.19106665962989663     
  -3.5172430836986628      -0.76185647129995093      -0.44208469907014408     
  -2.4025539277040253       -1.8639607240786393      -0.11023486331543121     
  -1.4948112523272417       -1.0220614860597832       0.87775502456778332     
  -2.0385404448198297       -1.4440159640763008      -0.25707607195965737     
  -1.2250055135323421      -0.81924644516775236       -4.5275786281941399E-002
  -1.3728527491099036       -4.1035902156344930        6.0770732356925598E-003
  0.95919344264544637        3.1043237586535990      -0.23617129858093686     
  0.95161895609490910        2.4357023617815594       -8.0416421617303016E-002
   1.1144831051908630        1.6508416683904106      -0.20904062932980555     
  0.98863919556608248        2.7268195784604665      -0.32479232672062036     
  0.90335612218324490      -0.35831551388150107      -0.42391224408459255     
  0.91854517055897966       0.43956332748332727      -0.10986077437739029     
  0.87144519252826691      -0.88913756982228320      -0.23676436681724722     
   1.3267614204724449      -0.53119595457951163       0.25871678116447372     
   5.3686200208919042       -3.8071455184049641E-002  0.37364122942422384     
   2.2242452294908164       -1.2902282336339757      -0.13089909967381494     
   2.7321415457074898      -0.73198849323349224      -0.42368195580062057     
   2.9560262128112886      -0.41877990586827341        4.9612646354975164E-002
   2.8609042450424811      -0.82699049188471052       0.22381614276188666     
   3.5770761844303722       -3.3642274766431894       -1.1356137789022485     
   3.5335040800494801       -3.3385351477483050      -0.80879820690103532     
First
                         Total        3.955674462E+00
Step size:       0.20
Step size in Bohr:       0.38
Learning Rate:       1.00
# Steps:          0
                         Error        3.955674462E+00
