Running in analysis mode

Reading "/home/unibas/boittier/RDKit_G2/B.pdb/SCAN_1_2_3_4_S_36_10.0/26_SCAN/B.p.cube"...

  B.pdb Potential
  Electrostatic potential from Total SCF Density
   10  -10.209240   -6.812683   -7.103335
  115    0.166667    0.000000    0.000000
   94    0.000000    0.166667    0.000000
   88    0.000000    0.000000    0.166667
    6    6.000000    2.288615    2.181152    0.033964
    6    6.000000    0.924682    0.083587    0.118805
    6    6.000000   -1.731866   -0.244362    0.895492
    6    6.000000   -3.696488    0.263628   -0.590583
    1    1.000000    4.267844    2.132160   -0.479868
    1    1.000000    1.415627    3.979172    0.453381
    9    9.000000    2.076633   -2.186634   -0.336127
    1    1.000000   -2.019122   -1.117215    2.734806
    1    1.000000   -3.445532    1.052483   -2.465427
    1    1.000000   -5.618175   -0.070925    0.036181
  4.26610E-04  4.45354E-04  4.64707E-04  4.84689E-04  5.05321E-04  5.26622E-04
       .            .            .            .            .            .
       .            .            .            .            .            .
       .            .            .            .            .            .
  6.91670E-04  6.66032E-04  6.41443E-04  6.17885E-04  5.95338E-04  5.73778E-04

796612 out of 951280 gridpoints are considered (83.7%).

...done!

Reading "21charges.cube"...

  Fitted ESP
  Electrostatic potential fitted from 21 point charges.
   10  -10.209240   -6.812683   -7.103335
  115    0.166667    0.000000    0.000000
   94    0.000000    0.166667    0.000000
   88    0.000000    0.000000    0.166667
    6    6.000000    2.288615    2.181152    0.033964
    6    6.000000    0.924682    0.083587    0.118805
    6    6.000000   -1.731866   -0.244362    0.895492
    6    6.000000   -3.696488    0.263628   -0.590583
    1    1.000000    4.267844    2.132160   -0.479868
    1    1.000000    1.415627    3.979172    0.453381
    9    9.000000    2.076633   -2.186634   -0.336127
    1    1.000000   -2.019122   -1.117215    2.734806
    1    1.000000   -3.445532    1.052483   -2.465427
    1    1.000000   -5.618175   -0.070925    0.036181
  2.75497E-04  2.84034E-04  2.92902E-04  3.02123E-04  3.11719E-04  3.21716E-04
       .            .            .            .            .            .
       .            .            .            .            .            .
       .            .            .            .            .            .
  8.14939E-04  7.83871E-04  7.53941E-04  7.25130E-04  6.97420E-04  6.70787E-04

796612 out of 951280 gridpoints are considered (83.7%).

...done!

                       Measure       RMSE[kcal/mol/e]   MaxError[kcal/mol/e]   NPoints
                         Total        1.165668919E+00        8.313458799E+00    796612
Close (  1.20 < r <   1.66 )          1.932660894E+00        8.313458799E+00    156254
Mid-range ( 1.66 < r <  2.20)         1.115658612E+00        3.673647510E+00    276659
Far-range (  2.20         < r)        6.516233151E-01        2.094068124E+00    363699
Did analysis and wrote slice data
