                                     G D M A

                                 by Anthony Stone

                           version 2.2.03, 21 June 2007

               Distributed Multipoles from Gaussian wavefunctions


Starting at 11:10:17 on 19 May 2021 

GDMA



Using SCF density matrix from file B.pdb.fchk


                         Distributed Multipole Analysis

Standard DMA for products of primitives with exponent greater than 4.00000
Using 80-point Euler-MacLaurin radial quadrature
Using 590-point Lebedev quadrature
Becke smoothing parameter = 3

Positions and radii in angstrom
Multipole moments in atomic units, ea_0^k for rank k

C          x =  1.386951  y = -1.029926  z = -0.144672
           Maximum rank =  2   Radius =  0.650
                   Q00  =  -0.134824
|Q1| =   0.146923  Q10  =   0.023106  Q11c =  -0.083504  Q11s =   0.118657
|Q2| =   1.392782  Q20  =  -1.246637  Q21c =  -0.587792  Q21s =   0.028157
                   Q22c =  -0.108416  Q22s =  -0.166412

C          x =  0.493965  y = -0.077582  z =  0.090549
           Maximum rank =  2   Radius =  0.650
                   Q00  =   0.110278
|Q1| =   0.237928  Q10  =   0.003606  Q11c =   0.038830  Q11s =   0.234710
|Q2| =   1.102438  Q20  =  -0.992960  Q21c =  -0.459538  Q21s =   0.025774
                   Q22c =  -0.009154  Q22s =  -0.132200

C          x = -0.921904  y = -0.187159  z =  0.501624
           Maximum rank =  2   Radius =  0.650
                   Q00  =  -0.095802
|Q1| =   0.151475  Q10  =  -0.055488  Q11c =   0.115846  Q11s =   0.080282
|Q2| =   1.187403  Q20  =   0.442538  Q21c =   0.099430  Q21s =  -0.302477
                   Q22c =   1.050451  Q22s =   0.096237

C          x = -1.940925  y = -0.072502  z = -0.355083
           Maximum rank =  2   Radius =  0.650
                   Q00  =  -0.103904
|Q1| =   0.090972  Q10  =   0.034964  Q11c =   0.081876  Q11s =   0.018703
|Q2| =   1.220582  Q20  =   0.437279  Q21c =   0.175843  Q21s =  -0.293038
                   Q22c =   1.086166  Q22s =   0.045382

H          x =  2.406422  y = -0.790477  z = -0.419919
           Maximum rank =  2   Radius =  0.325
                   Q00  =   0.115358
|Q1| =   0.123229  Q10  =   0.031410  Q11c =  -0.117986  Q11s =   0.016681
|Q2| =   0.188985  Q20  =  -0.130698  Q21c =  -0.091138  Q21s =  -0.013638
                   Q22c =   0.088538  Q22s =   0.047982

H          x =  1.101212  y = -2.071202  z = -0.065096
           Maximum rank =  2   Radius =  0.325
                   Q00  =   0.107137
|Q1| =   0.126865  Q10  =  -0.002043  Q11c =  -0.002567  Q11s =   0.126823
|Q2| =   0.188396  Q20  =  -0.141085  Q21c =  -0.035414  Q21s =  -0.014950
                   Q22c =  -0.107351  Q22s =   0.050855

F          x =  0.915300  y =  1.272265  z = -0.022092
           Maximum rank =  2   Radius =  0.650
                   Q00  =  -0.313539
|Q1| =   0.280202  Q10  =   0.034646  Q11c =  -0.089558  Q11s =  -0.263234
|Q2| =   0.818032  Q20  =  -0.330105  Q21c =  -0.029788  Q21s =  -0.110906
                   Q22c =  -0.584644  Q22s =   0.453002

H          x = -1.106658  y = -0.338755  z =  1.562996
           Maximum rank =  2   Radius =  0.325
                   Q00  =   0.117235
|Q1| =   0.133013  Q10  =  -0.126476  Q11c =   0.034924  Q11s =   0.021834
|Q2| =   0.161648  Q20  =   0.136807  Q21c =  -0.023772  Q21s =  -0.043663
                   Q22c =   0.069848  Q22s =   0.007991

H          x = -1.777165  y =  0.091670  z = -1.415955
           Maximum rank =  2   Radius =  0.325
                   Q00  =   0.106862
|Q1| =   0.128144  Q10  =   0.124880  Q11c =   0.025238  Q11s =  -0.013750
|Q2| =   0.170136  Q20  =   0.144960  Q21c =  -0.029752  Q21s =  -0.054380
                   Q22c =   0.062393  Q22s =   0.014054

H          x = -2.970033  y = -0.138599  z = -0.017707
           Maximum rank =  2   Radius =  0.325
                   Q00  =   0.091201
|Q1| =   0.127797  Q10  =  -0.019134  Q11c =   0.126178  Q11s =   0.006726
|Q2| =   0.194141  Q20  =  -0.035434  Q21c =  -0.068111  Q21s =  -0.019245
                   Q22c =   0.176672  Q22s =   0.014574

Total multipoles
referred to origin at x =   0.000000,  y =    0.000000,  z =    0.000000
                   Q00  =   0.000002
|Q1| =   0.922721  Q10  =   0.049759  Q11c =  -0.483849  Q11s =  -0.784110
|Q2| =   5.188626  Q20  =   0.290192  Q21c =  -0.624479  Q21s =  -0.498277
                   Q22c =   4.153150  Q22s =  -2.991776

CPU time used:      0m12.014s          Total:      0m12.014s

Finished at 11:10:29 on 19 May 2021 
