-xyz
refined.xyz
-dens
/home/unibas/boittier/RDKit_G2/B.pdb/SCAN_1_2_3_4_S_36_10.0/16_SCAN_1_2_3_4_F/B.d.cube
-esp
/home/unibas/boittier/RDKit_G2/B.pdb/SCAN_1_2_3_4_S_36_10.0/16_SCAN_1_2_3_4_F/B.p.cube
-stepsize
0.2
-n_steps
5
-learning_rate
0.5
   3.7586630676821819        2.5677932279304816      -0.94669071654659276     
   3.4309721340139374      -0.59670444649039611      -0.81554292756496394     
   6.3302895333364058       -1.0011037630932333        5.5406806592720119E-002
   4.0726073121396018      -0.75870331276321934        9.9993897392106679E-002
   3.6203130076868142      -0.28136943247034840       0.62154724818493912     
   2.6240874737626996       -1.4174679997489650       0.11484514765602746     
   1.3434964506479325       -1.3119158637905501        1.1540214033928360     
   2.0721969843225994       -1.3534760551117804       -4.1549870920519962E-002
   1.0650248173367802       -1.1826271516544387       0.23006739220973699     
   1.6002433230009971       -3.7077458194949173        1.0202728335867985     
  -3.2465958076883767       -2.0702714699453515      -0.25355807092495630     
  -2.7639189243084976       -1.6355143809530275       -3.8721513579208340E-002
  -2.2787359992504341      -0.99055805184458723       -9.3519705871942777E-002
  -2.9910841853226744       -1.7837724340886616      -0.30612474503845644     
 -0.63581756285592905       0.22876134279725727      -0.13231935785173859     
  -1.2511507593243905      -0.33175944421309089       0.10989490543099467     
 -0.23382907721236221       0.52454990601660045       0.10153871444688606     
 -0.82580800208925109       0.60417690439265626       0.57075186700828495     
  -3.9516333837720214        3.2452991913905249       -7.0686660546024724E-002
 -0.85376420592126612        1.7890104741698745       0.29451611998242666     
  -1.4866383581130287        1.8470959994051832      -0.32427073261693395     
  -1.9980794656624956        1.7406628573949381       -1.5305902933009992E-003
  -1.7055323409303920        1.9286210601180327       0.29863739436731040     
  -1.2638869173047639E-002   4.2891483286391185      -0.29506724697168563     
 -0.11372204131413356        4.1972493549311167        1.1574680982490466E-002
First
                         Total        8.961776321E-01
Step size:       0.20
Step size in Bohr:       0.38
Learning Rate:       1.00
# Steps:          5
                         Error  1        8.892105829E-01
                         Error  2        8.825656567E-01
                         Error  3        8.762213379E-01
                         Error  4        8.701574625E-01
                         Error  5        8.643551571E-01
                         Error        8.643551571E-01
