-xyz
refined.xyz
-dens
../../cube_files/fbutone/17_SCAN_1_2_6_8_F/N.d.cube
-esp
../../cube_files/fbutone/17_SCAN_1_2_6_8_F/N.p.cube
-stepsize
0.2
-n_steps
1
-learning_rate
0.5
  -3.7358266162963143        3.2107201746449379      -0.57738220993927403     
  -3.0220194143684505        1.8912311036153224        6.8729105836356205E-002
  -2.9653388868273121        2.4002958813089683       0.85397061983303468     
  -2.3016350158982446        3.1377056170445976        1.7785471255506919     
  -6.2720254132053928        2.4297756563725961       0.53682555825455913     
  -3.1766857051741235        3.4308830425150054       -1.9227441618355399     
  -3.4541239606460250        3.0060762066801283       -1.2020091876077477     
  -4.8406391899800223       -1.9716889585039383       0.51386003799779179     
  -4.0624653211456243       -2.7147166468167270       0.17330443313061616     
  -4.5146385771845123       -2.3431265045620706       0.35434134013032592     
  -3.3597980435626593       0.11157357257229975      -0.17258856778033346     
  -2.4796547140223111       -1.0384429748710573      -0.31111289361447225     
 -0.33944382148855079      -0.63268953717344856       -2.3759894057903019     
 -0.25165594354700277      -0.10599527002672464       -1.4320651846337753     
 -0.15571025123506571      -0.41387045727283944       -3.5183912802875801     
 -0.13597954022933340      -0.48443986801319466       -3.2684007777089725     
  -8.5677164275691678E-002  -2.9339430321675488       -1.4059206570748259     
   3.8549256343544724E-002  -3.0141322928314844      -0.73749300736905088     
  -9.2324716982776403E-002  -2.7211437230177045       -1.6182151401082716     
   1.2454764766098509      -0.31804830666020811       0.71517502469426075     
   1.4393750829277516       0.70198368298048308       -4.5853967084093707E-002
   2.1418920242158186        1.6221175456858978      -0.11091581468409722     
   2.1449431395243095        1.9850144001864172      -0.19300030768844503     
   3.4241975167245240      -0.69299279956825366      -0.63691172550493325     
   4.6853669083474685       -1.3045558422135153       -1.1335998367589339     
   4.1343317339003640       -1.1916830676443950       -1.0834935529011500     
   4.4458043938440719       -1.0887447759102378      -0.94759786464556295     
   1.8939280705646384      -0.67125240551043897        3.4249785941383126     
   2.0828901483050513      -0.30735385195529341        1.8877206724047770     
   1.9230878043922117      -0.53713851097073984        2.6495653891266739     
First
                         Total        2.239954184E+00
Step size:       0.20
Step size in Bohr:       0.38
Learning Rate:       1.00
# Steps:          1
                         Error  1        2.191270159E+00
                         Error        2.191270159E+00
