-xyz
refined.xyz
-dens
/home/unibas/boittier/RDKit_G2/B.pdb/SCAN_1_2_3_4_S_36_10.0/35_SCAN_1_2_3_4_F/B.d.cube
-esp
/home/unibas/boittier/RDKit_G2/B.pdb/SCAN_1_2_3_4_S_36_10.0/35_SCAN_1_2_3_4_F/B.p.cube
-stepsize
0.2
-n_steps
500
-learning_rate
0.5
  -3.5510888117453248        2.4091657873144787       0.30868401381637434     
  -3.3430119784831525      -0.69399391009657108       0.85287793843421034     
  -6.2384317941916585       -1.2770161585438338        3.5466919279468899E-002
  -3.8674436722429171      -0.94126524238652054        3.2393954773032363E-002
  -3.4338712217203047      -0.68009578506061230      -0.74308928355653192     
  -2.2973063215733331       -1.7064038537299899      -0.30863874347623277     
  -1.5911753301309535      -0.97426642595418178       0.68854871717474542     
  -1.8120698901539229       -1.3569417820963579      -0.30886501289630564     
  -1.0788426549143733      -0.83591806269196534       -8.6411102598361059E-002
  -1.4007979840021143       -4.3124343322228871      -0.27842925404509727     
  0.86438613849556423        2.4478505589135913       -5.9082299859135198E-002
  0.83696336069267674        2.0019889484575550        3.9986763303232328E-003
  0.96761489306715542        1.2264103076086050       -2.4573035180399144E-002
  0.88982223463278931        2.1981161764523796      -0.10156484802027292     
  0.80068892142362547      -0.40704676166207415      -0.18459349498323549     
  0.81206998891433180       0.27322729518539035        2.4720386401517067E-002
  0.74555129113121799      -0.85041184759304611       -6.4521529634530700E-002
   1.1955674450925218      -0.56638495516636644       0.28172403301790411     
   5.3919417193183827        2.1008201660283339E-002  0.17936820299098935     
   2.0653726833753305       -1.2960318364169607       0.12091731456840137     
   2.5120592142475329      -0.83931211172693165      -0.23529463772283501     
   2.6417168403779594      -0.44557487277505420        3.6547118668786835E-002
   2.5825235754679658      -0.83291410004405186       0.22802482242997948     
   3.4346477479036817       -3.2999827521819811      -0.49528293415855834     
   3.3796722206085970       -3.3951172208764726      -0.19075935513545003     
First
                         Total        4.521351748E-01
Step size:       0.20
Step size in Bohr:       0.38
Learning Rate:       1.00
# Steps:        500
                         Error  1        4.519950123E-01
                         Error  2        4.518605462E-01
                         Error  3        4.517313586E-01
                         Error  4        4.516070649E-01
                         Error  5        4.514873107E-01
                         Error  6        4.513717695E-01
                         Error  7        4.512601408E-01
                         Error  8        4.511521474E-01
                         Error  9        4.510475343E-01
                         Error 10        4.509460663E-01
                         Error 11        4.508475267E-01
                         Error 12        4.507517160E-01
                         Error 13        4.506584501E-01
                         Error 14        4.505675595E-01
                         Error 15        4.504788877E-01
                         Error 16        4.503922906E-01
                         Error 17        4.503076352E-01
                         Error 18        4.502247991E-01
                         Error 19        4.501436690E-01
                         Error 20        4.500641405E-01
                         Error 21        4.499861175E-01
                         Error 22        4.499095109E-01
                         Error 23        4.498342386E-01
                         Error 24        4.497602249E-01
                         Error 25        4.496873996E-01
                         Error 26        4.496156980E-01
                         Error 27        4.495450604E-01
                         Error 28        4.494754312E-01
                         Error 29        4.494067593E-01
                         Error 30        4.493389973E-01
                         Error 31        4.492721014E-01
                         Error 32        4.492060307E-01
                         Error 33        4.491407477E-01
                         Error 34        4.490762174E-01
                         Error 35        4.490124073E-01
                         Error 36        4.489492875E-01
                         Error 37        4.488868297E-01
                         Error 38        4.488250082E-01
                         Error 39        4.487637987E-01
                         Error 40        4.487031786E-01
                         Error 41        4.486431271E-01
                         Error 42        4.485836245E-01
                         Error 43        4.485246526E-01
                         Error 44        4.484661943E-01
                         Error 45        4.484082337E-01
                         Error 46        4.483507560E-01
                         Error 47        4.482937471E-01
                         Error 48        4.482371939E-01
                         Error 49        4.481810842E-01
                         Error 50        4.481254064E-01
                         Error 51        4.480701496E-01
                         Error 52        4.480153036E-01
                         Error 53        4.479608589E-01
                         Error 54        4.479068061E-01
                         Error 55        4.478531369E-01
                         Error 56        4.477998429E-01
                         Error 57        4.477469165E-01
                         Error 58        4.476943504E-01
                         Error 59        4.476421377E-01
                         Error 60        4.475902716E-01
                         Error 61        4.475387459E-01
                         Error 62        4.474875545E-01
                         Error 63        4.474366918E-01
                         Error 64        4.473861522E-01
                         Error 65        4.473359305E-01
                         Error 66        4.472860216E-01
                         Error 67        4.472364207E-01
                         Error 68        4.471871230E-01
                         Error 69        4.471381243E-01
                         Error 70        4.470894200E-01
                         Error 71        4.470410061E-01
                         Error 72        4.469928784E-01
                         Error 73        4.469450332E-01
                         Error 74        4.468974667E-01
                         Error 75        4.468501751E-01
                         Error 76        4.468031549E-01
                         Error 77        4.467564027E-01
                         Error 78        4.467099152E-01
                         Error 79        4.466636890E-01
                         Error 80        4.466177210E-01
                         Error 81        4.465720082E-01
                         Error 82        4.465265473E-01
                         Error 83        4.464813356E-01
                         Error 84        4.464363702E-01
                         Error 85        4.463916481E-01
                         Error 86        4.463471668E-01
                         Error 87        4.463029233E-01
                         Error 88        4.462589152E-01
                         Error 89        4.462151398E-01
                         Error 90        4.461715945E-01
                         Error 91        4.461282769E-01
                         Error 92        4.460851846E-01
                         Error 93        4.460423150E-01
                         Error 94        4.459996658E-01
                         Error 95        4.459572348E-01
                         Error 96        4.459150195E-01
                         Error 97        4.458730178E-01
                         Error 98        4.458312275E-01
                         Error 99        4.457896463E-01
                         Error100        4.457482721E-01
                         Error101        4.457071028E-01
                         Error102        4.456661362E-01
                         Error103        4.456253705E-01
                         Error104        4.455848034E-01
                         Error105        4.455444330E-01
                         Error106        4.455042573E-01
                         Error107        4.454642745E-01
                         Error108        4.454244825E-01
                         Error109        4.453848794E-01
                         Error110        4.453454635E-01
                         Error111        4.453062328E-01
                         Error112        4.452671856E-01
                         Error113        4.452283200E-01
                         Error114        4.451896342E-01
                         Error115        4.451511265E-01
                         Error116        4.451127952E-01
                         Error117        4.450746386E-01
                         Error118        4.450366549E-01
                         Error119        4.449988425E-01
                         Error120        4.449611997E-01
                         Error121        4.449237250E-01
                         Error122        4.448864166E-01
                         Error123        4.448492731E-01
                         Error124        4.448122927E-01
                         Error125        4.447754741E-01
                         Error126        4.447388156E-01
                         Error127        4.447023157E-01
                         Error128        4.446659729E-01
                         Error129        4.446297858E-01
                         Error130        4.445937528E-01
                         Error131        4.445578726E-01
                         Error132        4.445221436E-01
                         Error133        4.444865645E-01
                         Error134        4.444511338E-01
                         Error135        4.444158502E-01
                         Error136        4.443807123E-01
                         Error137        4.443457188E-01
                         Error138        4.443108683E-01
                         Error139        4.442761595E-01
                         Error140        4.442415910E-01
                         Error141        4.442071616E-01
                         Error142        4.441728700E-01
                         Error143        4.441387150E-01
                         Error144        4.441046952E-01
                         Error145        4.440708094E-01
                         Error146        4.440370565E-01
                         Error147        4.440034352E-01
                         Error148        4.439699443E-01
                         Error149        4.439365826E-01
                         Error150        4.439033490E-01
                         Error151        4.438702423E-01
                         Error152        4.438372613E-01
                         Error153        4.438044049E-01
                         Error154        4.437716721E-01
                         Error155        4.437390616E-01
                         Error156        4.437065724E-01
                         Error157        4.436742034E-01
                         Error158        4.436419535E-01
                         Error159        4.436098218E-01
                         Error160        4.435778070E-01
                         Error161        4.435459082E-01
                         Error162        4.435141244E-01
                         Error163        4.434824546E-01
                         Error164        4.434508977E-01
                         Error165        4.434194527E-01
                         Error166        4.433881188E-01
                         Error167        4.433568948E-01
                         Error168        4.433257798E-01
                         Error169        4.432947730E-01
                         Error170        4.432638733E-01
                         Error171        4.432330798E-01
                         Error172        4.432023916E-01
                         Error173        4.431718078E-01
                         Error174        4.431413275E-01
                         Error175        4.431109498E-01
                         Error176        4.430806739E-01
                         Error177        4.430504987E-01
                         Error178        4.430204236E-01
                         Error179        4.429904476E-01
                         Error180        4.429605699E-01
                         Error181        4.429307897E-01
                         Error182        4.429011061E-01
                         Error183        4.428715183E-01
                         Error184        4.428420255E-01
                         Error185        4.428126270E-01
                         Error186        4.427833219E-01
                         Error187        4.427541094E-01
                         Error188        4.427249888E-01
                         Error189        4.426959593E-01
                         Error190        4.426670202E-01
                         Error191        4.426381707E-01
                         Error192        4.426094100E-01
                         Error193        4.425807375E-01
                         Error194        4.425521524E-01
                         Error195        4.425236540E-01
                         Error196        4.424952416E-01
                         Error197        4.424669144E-01
                         Error198        4.424386718E-01
                         Error199        4.424105132E-01
                         Error200        4.423824378E-01
                         Error201        4.423544449E-01
                         Error202        4.423265339E-01
                         Error203        4.422987041E-01
                         Error204        4.422709550E-01
                         Error205        4.422432857E-01
                         Error206        4.422156958E-01
                         Error207        4.421881845E-01
                         Error208        4.421607513E-01
                         Error209        4.421333956E-01
                         Error210        4.421061166E-01
                         Error211        4.420789139E-01
                         Error212        4.420517867E-01
                         Error213        4.420247346E-01
                         Error214        4.419977570E-01
                         Error215        4.419708532E-01
                         Error216        4.419440228E-01
                         Error217        4.419172650E-01
                         Error218        4.418905794E-01
                         Error219        4.418639655E-01
                         Error220        4.418374226E-01
                         Error221        4.418109502E-01
                         Error222        4.417845478E-01
                         Error223        4.417582149E-01
                         Error224        4.417319509E-01
                         Error225        4.417057553E-01
                         Error226        4.416796276E-01
                         Error227        4.416535672E-01
                         Error228        4.416275738E-01
                         Error229        4.416016467E-01
                         Error230        4.415757856E-01
                         Error231        4.415499898E-01
                         Error232        4.415242589E-01
                         Error233        4.414985925E-01
                         Error234        4.414729901E-01
                         Error235        4.414474511E-01
                         Error236        4.414219752E-01
                         Error237        4.413965619E-01
                         Error238        4.413712106E-01
                         Error239        4.413459211E-01
                         Error240        4.413206927E-01
                         Error241        4.412955252E-01
                         Error242        4.412704180E-01
                         Error243        4.412453707E-01
                         Error244        4.412203829E-01
                         Error245        4.411954542E-01
                         Error246        4.411705842E-01
                         Error247        4.411457723E-01
                         Error248        4.411210183E-01
                         Error249        4.410963218E-01
                         Error250        4.410716822E-01
                         Error251        4.410470993E-01
                         Error252        4.410225726E-01
                         Error253        4.409981018E-01
                         Error254        4.409736864E-01
                         Error255        4.409493262E-01
                         Error256        4.409250206E-01
                         Error257        4.409007693E-01
                         Error258        4.408765720E-01
                         Error259        4.408524283E-01
                         Error260        4.408283379E-01
                         Error261        4.408043003E-01
                         Error262        4.407803152E-01
                         Error263        4.407563823E-01
                         Error264        4.407325012E-01
                         Error265        4.407086717E-01
                         Error266        4.406848932E-01
                         Error267        4.406611656E-01
                         Error268        4.406374884E-01
                         Error269        4.406138613E-01
                         Error270        4.405902841E-01
                         Error271        4.405667564E-01
                         Error272        4.405432778E-01
                         Error273        4.405198481E-01
                         Error274        4.404964669E-01
                         Error275        4.404731340E-01
                         Error276        4.404498489E-01
                         Error277        4.404266115E-01
                         Error278        4.404034214E-01
                         Error279        4.403802783E-01
                         Error280        4.403571820E-01
                         Error281        4.403341320E-01
                         Error282        4.403111282E-01
                         Error283        4.402881703E-01
                         Error284        4.402652579E-01
                         Error285        4.402423908E-01
                         Error286        4.402195687E-01
                         Error287        4.401967913E-01
                         Error288        4.401740584E-01
                         Error289        4.401513697E-01
                         Error290        4.401287249E-01
                         Error291        4.401061238E-01
                         Error292        4.400835660E-01
                         Error293        4.400610514E-01
                         Error294        4.400385797E-01
                         Error295        4.400161506E-01
                         Error296        4.399937638E-01
                         Error297        4.399714192E-01
                         Error298        4.399491165E-01
                         Error299        4.399268553E-01
                         Error300        4.399046356E-01
                         Error301        4.398824570E-01
                         Error302        4.398603193E-01
                         Error303        4.398382223E-01
                         Error304        4.398161657E-01
                         Error305        4.397941493E-01
                         Error306        4.397721730E-01
                         Error307        4.397502363E-01
                         Error308        4.397283392E-01
                         Error309        4.397064814E-01
                         Error310        4.396846627E-01
                         Error311        4.396628828E-01
                         Error312        4.396411416E-01
                         Error313        4.396194388E-01
                         Error314        4.395977743E-01
                         Error315        4.395761478E-01
                         Error316        4.395545590E-01
                         Error317        4.395330079E-01
                         Error318        4.395114942E-01
                         Error319        4.394900177E-01
                         Error320        4.394685782E-01
                         Error321        4.394471754E-01
                         Error322        4.394258093E-01
                         Error323        4.394044796E-01
                         Error324        4.393831861E-01
                         Error325        4.393619286E-01
                         Error326        4.393407069E-01
                         Error327        4.393195209E-01
                         Error328        4.392983704E-01
                         Error329        4.392772551E-01
                         Error330        4.392561750E-01
                         Error331        4.392351297E-01
                         Error332        4.392141192E-01
                         Error333        4.391931432E-01
                         Error334        4.391722017E-01
                         Error335        4.391512943E-01
                         Error336        4.391304210E-01
                         Error337        4.391095816E-01
                         Error338        4.390887758E-01
                         Error339        4.390680036E-01
                         Error340        4.390472647E-01
                         Error341        4.390265591E-01
                         Error342        4.390058865E-01
                         Error343        4.389852467E-01
                         Error344        4.389646397E-01
                         Error345        4.389440652E-01
                         Error346        4.389235232E-01
                         Error347        4.389030134E-01
                         Error348        4.388825356E-01
                         Error349        4.388620899E-01
                         Error350        4.388416759E-01
                         Error351        4.388212935E-01
                         Error352        4.388009426E-01
                         Error353        4.387806231E-01
                         Error354        4.387603348E-01
                         Error355        4.387400775E-01
                         Error356        4.387198511E-01
                         Error357        4.386996555E-01
                         Error358        4.386794905E-01
                         Error359        4.386593560E-01
                         Error360        4.386392518E-01
                         Error361        4.386191779E-01
                         Error362        4.385991340E-01
                         Error363        4.385791201E-01
                         Error364        4.385591359E-01
                         Error365        4.385391815E-01
                         Error366        4.385192565E-01
                         Error367        4.384993610E-01
                         Error368        4.384794948E-01
                         Error369        4.384596577E-01
                         Error370        4.384398497E-01
                         Error371        4.384200705E-01
                         Error372        4.384003201E-01
                         Error373        4.383805984E-01
                         Error374        4.383609052E-01
                         Error375        4.383412404E-01
                         Error376        4.383216039E-01
                         Error377        4.383019956E-01
                         Error378        4.382824154E-01
                         Error379        4.382628630E-01
                         Error380        4.382433385E-01
                         Error381        4.382238417E-01
                         Error382        4.382043724E-01
                         Error383        4.381849307E-01
                         Error384        4.381655163E-01
                         Error385        4.381461292E-01
                         Error386        4.381267692E-01
                         Error387        4.381074362E-01
                         Error388        4.380881301E-01
                         Error389        4.380688509E-01
                         Error390        4.380495984E-01
                         Error391        4.380303725E-01
                         Error392        4.380111730E-01
                         Error393        4.379920000E-01
                         Error394        4.379728533E-01
                         Error395        4.379537327E-01
                         Error396        4.379346382E-01
                         Error397        4.379155697E-01
                         Error398        4.378965271E-01
                         Error399        4.378775103E-01
                         Error400        4.378585192E-01
                         Error401        4.378395537E-01
                         Error402        4.378206136E-01
                         Error403        4.378016990E-01
                         Error404        4.377828096E-01
                         Error405        4.377639455E-01
                         Error406        4.377451065E-01
                         Error407        4.377262925E-01
                         Error408        4.377075034E-01
                         Error409        4.376887392E-01
                         Error410        4.376699997E-01
                         Error411        4.376512849E-01
                         Error412        4.376325946E-01
                         Error413        4.376139288E-01
                         Error414        4.375952874E-01
                         Error415        4.375766703E-01
                         Error416        4.375580775E-01
                         Error417        4.375395087E-01
                         Error418        4.375209641E-01
                         Error419        4.375024433E-01
                         Error420        4.374839465E-01
                         Error421        4.374654735E-01
                         Error422        4.374470241E-01
                         Error423        4.374285984E-01
                         Error424        4.374101963E-01
                         Error425        4.373918176E-01
                         Error426        4.373734623E-01
                         Error427        4.373551303E-01
                         Error428        4.373368216E-01
                         Error429        4.373185360E-01
                         Error430        4.373002735E-01
                         Error431        4.372820340E-01
                         Error432        4.372638174E-01
                         Error433        4.372456237E-01
                         Error434        4.372274527E-01
                         Error435        4.372093045E-01
                         Error436        4.371911788E-01
                         Error437        4.371730757E-01
                         Error438        4.371549951E-01
                         Error439        4.371369369E-01
                         Error440        4.371189010E-01
                         Error441        4.371008874E-01
                         Error442        4.370828960E-01
                         Error443        4.370649267E-01
                         Error444        4.370469795E-01
                         Error445        4.370290542E-01
                         Error446        4.370111509E-01
                         Error447        4.369932694E-01
                         Error448        4.369754097E-01
                         Error449        4.369575717E-01
                         Error450        4.369397553E-01
                         Error451        4.369219605E-01
                         Error452        4.369041872E-01
                         Error453        4.368864354E-01
                         Error454        4.368687049E-01
                         Error455        4.368509958E-01
                         Error456        4.368333079E-01
                         Error457        4.368156413E-01
                         Error458        4.367979957E-01
                         Error459        4.367803712E-01
                         Error460        4.367627677E-01
                         Error461        4.367451852E-01
                         Error462        4.367276235E-01
                         Error463        4.367100826E-01
                         Error464        4.366925625E-01
                         Error465        4.366750631E-01
                         Error466        4.366575844E-01
                         Error467        4.366401262E-01
                         Error468        4.366226885E-01
                         Error469        4.366052713E-01
                         Error470        4.365878745E-01
                         Error471        4.365704981E-01
                         Error472        4.365531419E-01
                         Error473        4.365358060E-01
                         Error474        4.365184903E-01
                         Error475        4.365011946E-01
                         Error476        4.364839191E-01
                         Error477        4.364666635E-01
                         Error478        4.364494279E-01
                         Error479        4.364322122E-01
                         Error480        4.364150164E-01
                         Error481        4.363978403E-01
                         Error482        4.363806840E-01
                         Error483        4.363635474E-01
                         Error484        4.363464304E-01
                         Error485        4.363293329E-01
                         Error486        4.363122551E-01
                         Error487        4.362951966E-01
                         Error488        4.362781576E-01
                         Error489        4.362611380E-01
                         Error490        4.362441377E-01
                         Error491        4.362271567E-01
                         Error492        4.362101949E-01
                         Error493        4.361932523E-01
                         Error494        4.361763288E-01
                         Error495        4.361594244E-01
                         Error496        4.361425390E-01
                         Error497        4.361256725E-01
                         Error498        4.361088251E-01
                         Error499        4.360919964E-01
                         Error500        4.360751867E-01
                         Error        4.360751867E-01
