-xyz
refined.xyz
-dens
/home/unibas/boittier/RDKit_G2/B.pdb/SCAN_1_2_3_4_S_36_-10.0/3_SCAN/B.d.cube
-esp
/home/unibas/boittier/RDKit_G2/B.pdb/SCAN_1_2_3_4_S_36_-10.0/3_SCAN/B.p.cube
-stepsize
0.2
-n_steps
10
-learning_rate
0.5
  -3.6341459434270895        2.5868159303215785        1.1389727347381862     
  -2.9888675283396116      -0.29638921698797560       0.69832577926869455     
  -2.8658620746965004       0.36294548877028776       -8.6968059678369361E-002
  -5.7539279533378194       -1.2597304955962756       0.21892566325756735     
  -3.0080155701588756       0.23340784621755600      -0.38831734352829134     
 -0.93196066015864087       -1.1825351290013701      -0.54281433878237462     
  -1.5123572083366623       -3.6578887308858046       -1.0111707624312349     
  -2.4014313359246979       -1.8071866135021624      -0.49367112944368075     
  -1.8254751002346297       -1.4628128449463067      -0.48541368989616679     
   1.4256718003565161        1.6636424343660208      -0.28056607265684880     
   1.3798010608228286        1.8480126137974806      -0.31562842150306070     
   1.0533430154350734        3.2800205456661060      -0.16386957190133677     
   1.0525203941197283        2.5482091368680395      -0.14778304910323567     
   1.0008746011677794      -0.77777859083524348      -0.30140216147334187     
   1.2503574504190318      -0.45046030124362652      -0.59319239004846658     
   1.4119829106256045      -0.49070894084450561       0.67092660921317637     
   1.1629632642322845       0.63417053202711249      -0.16553349413500376     
   2.9814583979734564       -1.1014925867096685      -0.75357404410158280     
   2.6801858536728127      -0.99379913367109907        1.1179584101785569     
   5.1897038533886466       -6.9839192157330324E-002  0.57266311928709190     
   3.1481207056647063       -3.6462265532536273       0.31916225728960262     
First
                         Total        4.089897909E-01
Step size:       0.20
Step size in Bohr:       0.38
Learning Rate:       1.00
# Steps:         10
                         Error  1        4.074920474E-01
                         Error  2        4.060922395E-01
                         Error  3        4.047839215E-01
                         Error  4        4.035610406E-01
                         Error  5        4.024179176E-01
                         Error  6        4.013492275E-01
                         Error  7        4.003499809E-01
                         Error  8        3.994155064E-01
                         Error  9        3.985414322E-01
                         Error 10        3.977236700E-01
                         Error        3.977236700E-01
