-xyz
refined.xyz
-dens
../../cube_files/acrolein/4_SCAN_1_2_3_4_F/L.d.cube
-esp
../../cube_files/acrolein/4_SCAN_1_2_3_4_F/L.p.cube
-stepsize
0.2
-n_steps
100
-learning_rate
0.5
   3.0006340323372527       -2.8602867584823444       0.45999114954400477     
   2.9454170906161123       -2.4669036242894484       0.41644871058217958     
   4.9715631392353581        2.5560468906716496E-002 -0.90991397150413289     
   4.8124091933841893       -4.7006527077689021E-002 -0.87467821160173298     
   2.7706174236882481      -0.19111253502076969      -0.17597076092046232     
   3.1340453684132732       0.43236425889081326      -0.43409651518662973     
   3.7008818210998760      -0.68199636818100562      -0.38324077212239954     
   2.2289423390125540       -1.0171436386094701       0.23808927810614799     
   2.1299572816359316        1.2806994581421745        4.3491133994661708E-002
   1.1399630902623177       0.92602709542875350       0.87070854723836055     
   1.4923191818550219       0.87791519963119657       0.81462030972824062     
   1.6146635236969082        1.0355218940148871       0.35115201185226974     
   1.6843583733833016        3.4056248853281335      -0.78398426477825622     
  0.89092197235976922        3.5468838403561036      -0.50080644816753428     
   1.3081212644316293        1.5489707874740677       0.89930983584408564     
  -1.2736931348304674      -0.57718939685636472        2.6619847743330061     
  -1.5704544935561249       -3.3141798233207155E-002   2.6342106412528632     
  -1.5961993349022374       0.27262759663335140        2.6865696971527004     
  -1.1185205181370166       0.16976891834688274      -0.22121279738061533     
  -2.5140894942946277      -0.12101120459289676       -5.1914411763576786E-002
  -2.9791471452149172      -0.26970182412114702       -1.3755675335007727     
  -3.3711633354199146      -0.41424120884049481       -1.1274901497438430     
  -3.6463343352179085      -0.52709494869479578      -0.54501720218421645     
First
                         Total        8.936952503E-01
Step size:       0.20
Step size in Bohr:       0.38
Learning Rate:       1.00
# Steps:        100
                         Error  1        8.788933588E-01
                         Error  2        8.646862921E-01
                         Error  3        8.510570265E-01
                         Error  4        8.379884712E-01
                         Error  5        8.254635064E-01
                         Error  6        8.134650218E-01
                         Error  7        8.019759531E-01
                         Error  8        7.909793179E-01
                         Error  9        7.804582506E-01
                         Error 10        7.703960350E-01
                         Error 11        7.607761363E-01
                         Error 12        7.515822305E-01
                         Error 13        7.427982325E-01
                         Error 14        7.344083219E-01
                         Error 15        7.263969668E-01
                         Error 16        7.187489453E-01
                         Error 17        7.114493656E-01
                         Error 18        7.044836825E-01
                         Error 19        6.978377132E-01
                         Error 20        6.914976500E-01
                         Error 21        6.854500709E-01
                         Error 22        6.796819489E-01
                         Error 23        6.741806581E-01
                         Error 24        6.689339787E-01
                         Error 25        6.639301002E-01
                         Error 26        6.591576225E-01
                         Error 27        6.546055553E-01
                         Error 28        6.502633166E-01
                         Error 29        6.461207291E-01
                         Error 30        6.421680161E-01
                         Error 31        6.383957952E-01
                         Error 32        6.347950726E-01
                         Error 33        6.313572347E-01
                         Error 34        6.280740403E-01
                         Error 35        6.249376114E-01
                         Error 36        6.219404237E-01
                         Error 37        6.190752968E-01
                         Error 38        6.163353837E-01
                         Error 39        6.137141600E-01
                         Error 40        6.112054134E-01
                         Error 41        6.088032326E-01
                         Error 42        6.065019961E-01
                         Error 43        6.042963616E-01
                         Error 44        6.021812547E-01
                         Error 45        6.001518580E-01
                         Error 46        5.982036009E-01
                         Error 47        5.963321482E-01
                         Error 48        5.945333907E-01
                         Error 49        5.928034343E-01
                         Error 50        5.911385909E-01
                         Error 51        5.895353681E-01
                         Error 52        5.879904606E-01
                         Error 53        5.865007407E-01
                         Error 54        5.850632499E-01
                         Error 55        5.836751905E-01
                         Error 56        5.823339174E-01
                         Error 57        5.810369308E-01
                         Error 58        5.797818681E-01
                         Error 59        5.785664973E-01
                         Error 60        5.773887102E-01
                         Error 61        5.762465156E-01
                         Error 62        5.751380331E-01
                         Error 63        5.740614875E-01
                         Error 64        5.730152028E-01
                         Error 65        5.719975970E-01
                         Error 66        5.710071770E-01
                         Error 67        5.700425336E-01
                         Error 68        5.691023368E-01
                         Error 69        5.681853318E-01
                         Error 70        5.672903345E-01
                         Error 71        5.664162275E-01
                         Error 72        5.655619567E-01
                         Error 73        5.647265272E-01
                         Error 74        5.639090008E-01
                         Error 75        5.631084917E-01
                         Error 76        5.623241646E-01
                         Error 77        5.615552312E-01
                         Error 78        5.608009474E-01
                         Error 79        5.600606114E-01
                         Error 80        5.593335608E-01
                         Error 81        5.586191704E-01
                         Error 82        5.579168501E-01
                         Error 83        5.572260431E-01
                         Error 84        5.565462236E-01
                         Error 85        5.558768953E-01
                         Error 86        5.552175896E-01
                         Error 87        5.545678640E-01
                         Error 88        5.539273006E-01
                         Error 89        5.532955048E-01
                         Error 90        5.526721036E-01
                         Error 91        5.520567449E-01
                         Error 92        5.514490957E-01
                         Error 93        5.508488414E-01
                         Error 94        5.502556846E-01
                         Error 95        5.496693443E-01
                         Error 96        5.490895544E-01
                         Error 97        5.485160636E-01
                         Error 98        5.479486339E-01
                         Error 99        5.473870403E-01
                         Error100        5.468310697E-01
                         Error        5.468310697E-01
