-xyz
refined.xyz
-dens
/home/unibas/boittier/RDKit_G2/B.pdb/SCAN_1_2_3_4_S_36_10.0/14_SCAN/B.d.cube
-esp
/home/unibas/boittier/RDKit_G2/B.pdb/SCAN_1_2_3_4_S_36_10.0/14_SCAN/B.p.cube
-stepsize
0.2
-n_steps
0
-learning_rate
0.5
   3.8861278569233222        2.8032105739172777       -2.0067632851451584     
   3.5558888667934125      -0.54617265184411301      -0.67457155233367361     
   3.8482928676493682      -0.35570227815043942       -4.1218765869067801E-002
   6.3972773078362462      -0.58762390014724086        3.7214773515118878E-002
   3.6343175432975769        4.8190703484307512E-002  0.44602200108047446     
   1.1188901777164975       -1.7542796061962573       0.48070638611992805     
  0.70667244629764958       -1.7450478446212467       0.40138543133432536     
   2.1264059517207814       -2.0419199984502412        1.0992092716605320     
   2.1762075134180772       -1.7908786973709401        1.5638396302730511     
   2.1721590383545650       -2.3240411270608412       0.66711048249022165     
  -1.1428083953525590        3.3677882766126053       0.20533545655459623     
  -1.1039303102518794        2.5203618375340744       0.20441090899470668     
  -1.1902193817289639      -0.71225014873531567      -0.66735954232042383     
  -1.1214976295324230       -1.0448016140120862      -0.43958077315432453     
  -1.7599123669259804      -0.64589436776056208       0.52673262484571559     
  -1.1788080506450944       0.49740057821649331       -8.5549794292533940E-002
  -5.5368773613770559       -8.2050794220812476E-002 -0.71708174138874203     
  -3.1386350238889964      -0.80769935424310146      -0.32056305391297074     
  -2.8151839685650395      -0.90753179472355205      -0.94727983609920063     
  -3.1949112204996806      -0.97174231096050057       0.36171874807157067     
  -2.8741800411361900       -4.0043837292457694      -0.52119975827597154     
First
                         Total        7.875579115E+00
Step size:       0.20
Step size in Bohr:       0.38
Learning Rate:       1.00
# Steps:          0
                         Error        7.875579115E+00
