atom_charge_dict:  {0: [0, 1, 2], 2: [3], 3: [4], 4: [5, 6], 6: [7, 8, 9], 1: [10, 11], 5: [12, 13], 8: [14, 15], 9: [16, 17, 18], 7: [19, 20], 10: [21, 22], 11: [23, 24, 25, 26], 12: [27, 28, 29]}
2
2 [3] [ 0.13050161 -0.03132953 -0.0916882 ]
0
0 [0, 1, 2] [-0.37214594 -0.35837755  0.23078576]
0 [0, 1, 2] [0.33748523 0.10329196 0.05056523]
0 [0, 1, 2] [ 0.39764904 -0.21851385 -0.32331288]
3
3 [4] [-0.28932836  0.15524897 -0.21584354]
4
4 [5, 6] [-0.10024236  0.00546373  0.06383505]
4 [5, 6] [-0.00841742  0.20741444 -0.34184962]
0
1
1 [10, 11] [-0.32330706 -0.16646538 -0.15962528]
1 [10, 11] [0.28722893 0.22794148 0.09581484]
6
6 [7, 8, 9] [-0.28790876  0.02258559 -0.13112093]
6 [7, 8, 9] [0.21904522 0.22485321 0.11111585]
6 [7, 8, 9] [-0.06040945  0.14256499 -0.01937003]
1
5
5 [12, 13] [-0.06629552 -0.52038875  0.21199804]
5 [12, 13] [-0.18922738 -0.49968316 -0.04319614]
8
8 [14, 15] [ 0.00594449 -0.05455493  0.06147458]
8 [14, 15] [ 0.02659194  0.06845283 -0.01561947]
5
7
7 [19, 20] [-0.3495533   0.37413288 -0.20997189]
7 [19, 20] [-0.29606572 -0.30342219 -0.25946699]
9
9 [16, 17, 18] [ 0.01428404 -0.08523259 -0.09868286]
9 [16, 17, 18] [ 0.09866883  0.18013473 -0.3410119 ]
9 [16, 17, 18] [ 0.00261109 -0.23125159 -0.08918727]
5
8
10
10 [21, 22] [0.06458422 0.35567885 0.3287981 ]
10 [21, 22] [0.03223315 0.21142141 0.2047675 ]
7
11
11 [23, 24, 25, 26] [-0.41422771  0.06091063 -0.24967735]
11 [23, 24, 25, 26] [ 0.24568788 -0.08164075  0.15457955]
11 [23, 24, 25, 26] [-0.0411048  -0.02636785  0.09484657]
11 [23, 24, 25, 26] [ 0.12266124 -0.04282204  0.00370885]
12
12 [27, 28, 29] [ 0.1057395   0.36381675 -0.26266908]
12 [27, 28, 29] [ 0.04399942 -0.3922872   0.10624171]
12 [27, 28, 29] [ 0.04542827  0.01216785 -0.05740957]
7
5
RMSD using the Kabsch algorithm: 1.4872264108069817
1 [-2.67670278 -1.36616763  0.13555983]
2 [-1.96707161 -0.90449812 -0.0446607 ]
3 [-1.9069078  -1.22630393 -0.41853881]
4 [-1.59045555 -1.77710404 -0.74863022]
5 [-3.47820187 -0.56821219 -0.88201229]
6 [-2.71624156 -1.47713676  0.90724476]
7 [-2.62441662 -1.27518605  0.50156009]
8 [-2.10530525  1.37131383 -0.22940392]
9 [-1.59835127  1.57358144  0.01283286]
10 [-1.87780595  1.49129323 -0.11765302]
11 [-1.79213837  0.03805835  0.03765244]
12 [-1.18160237  0.43246522  0.29309255]
13 [-0.21117148 -0.54557757  1.14616161]
14 [-0.33410334 -0.52487199  0.89096743]
15 [-0.14668656 -1.03522363  1.52490775]
16 [-0.12603911 -0.91221587  1.44781371]
17 [0.01613775 0.69739426 1.5566246 ]
18 [0.10052254 0.96276159 1.31429556]
19 [0.00446479 0.55137526 1.56612019]
20 [ 0.69541623  0.34021211 -0.19736478]
21 [ 0.74890381 -0.33734297 -0.24685988]
22 [ 0.98813408 -0.65855554 -0.64683284]
23 [ 0.95578301 -0.80281299 -0.77086344]
24 [ 1.80212961 -0.25626801  0.46078723]
25 [ 2.4620452  -0.39881939  0.86504413]
26 [ 2.17525252 -0.34354649  0.80531114]
27 [ 2.33901856 -0.36000068  0.71417343]
28 [ 1.34978277  1.53237556 -0.90258166]
29 [ 1.28804269  0.77627161 -0.53367087]
30 [ 1.28947154  1.18072667 -0.69732215]
