-xyz
refined.xyz
-dens
../../cube_files/fbutone/1_SCAN_1_2_6_8_F/N.d.cube
-esp
../../cube_files/fbutone/1_SCAN_1_2_6_8_F/N.p.cube
-stepsize
0.2
-n_steps
1
-learning_rate
0.5
  -5.0582351797742557       -2.5816826603384628       0.25617094354801573     
  -3.7172266072394922       -1.7092537314115905       -8.4396490027980331E-002
  -3.6035334950914639       -2.3173785764805013      -0.79092371770721392     
  -3.0055254011703454       -3.3582399249582235       -1.4147060845616497     
  -6.5728489525031302       -1.0737654220096033       -1.6667616731147263     
  -5.1329526300723325       -2.7913839306866559        1.7144441272493980     
  -4.9594286458832659       -2.4097523930194296       0.94781119940722092     
  -3.9784503317422208        2.5914075682946160      -0.43351057564742407     
  -3.0204461554787585        2.9736379659675842        2.4250597737296358E-002
  -3.5485389533744223        2.8181357693697873      -0.22233198411244368     
  -3.3866506963960252        7.1919866243636388E-002   7.1152795563595467E-002
  -2.2329048743303965       0.81724081853429498       0.55386465261899531     
 -0.39905626630420443       -1.0309921899711345        2.1659315401506145     
 -0.63136380599031161      -0.99186430648626900        1.6836844276345133     
 -0.27719743292547205       -1.9562891436625067        2.8816580195573831     
 -0.23817939326145490       -1.7238381671864003        2.7359713841491642     
   3.0495918915455247E-002   1.3178841528346275        2.9415941713272478     
  0.18996006247084951        1.8193557237679039        2.4836586554962876     
   8.4372361743000075E-003   1.0419482309396808        2.9595382342264989     
   1.3141462162919233       0.64290771091374066      -0.37296537228396681     
   1.4152230876812095      -0.63748581660791381      -0.46649756820117844     
   1.8673027909153435       -1.2444896181833067       -1.2223369090413587     
   1.8061681332785997       -1.5170966787271158       -1.4567207775807398     
   3.4055314011248927      -0.48427635144997333       0.87076166064399307     
   4.6525911391697283      -0.75365942422591403        1.6346964836490698     
   4.1106315238372773      -0.64920877326997151        1.5218175078982195     
   4.4201044759203070      -0.68030268993243592        1.3495921854808566     
   2.5507197668769170        2.8957701309616604       -1.7056321362723070     
   2.4340479258791872        1.4669407462587118       -1.0084917876237516     
   2.4367480576297504        2.2312500271417899       -1.3177478801930200     
First
                         Total        6.873412475E-01
Step size:       0.20
Step size in Bohr:       0.38
Learning Rate:       1.00
# Steps:          1
                         Error  1        6.703365556E-01
                         Error        6.703365556E-01
