-xyz
refined.xyz
-dens
/home/unibas/boittier/RDKit_G2/B.pdb/SCAN_1_2_3_4_S_36_10.0/1_SCAN/B.d.cube
-esp
/home/unibas/boittier/RDKit_G2/B.pdb/SCAN_1_2_3_4_S_36_10.0/1_SCAN/B.p.cube
-stepsize
0.2
-n_steps
10
-learning_rate
0.5
   4.0212526921831513        2.9729717244700624       0.36921083897377199     
   3.5485781231800888      -0.50507114077451365      -0.61921007677363638     
   3.7369669915019053      -0.72529686255291470        4.4185665861165305E-002
   6.2564573440239455       -1.1498394893692838       0.13600650856156982     
   3.4495489839774520      -0.63518234416725305       0.64106901173442832     
   1.7412292819555419      -0.31834538282770736      -0.25837314102543968     
   1.4390026285733759       -3.7476922923357109E-002 -0.24435790596706652     
   1.8700811381043849       -2.6272958979636294      -0.18825205233868958     
   1.8528875290943112       -2.6685080936954799       0.34033917611996301     
   1.9908436615821394       -2.6163700196291488      -0.69248934443448096     
  -3.4173479589518427       -2.3263297850388329       0.29630599372343258     
  -2.8037825789880828       -1.7353878409939676       0.17300421888204554     
 -0.69128882991342822       0.78437792670724893       0.58656416549496937     
 -0.40459040880793246       0.91987176965475437       0.34896350440004542     
  -1.0749372309936387       0.92140680892128102      -0.67338700817370234     
  -1.4892395914607437      -0.20999075420010224       0.10524726305341199     
  -4.2662176487340480        3.2508160004677236        1.1422791227204832E-003
  -2.0140243288253372        2.0787737233204862       -6.7048550056586095E-002
  -1.7476612775761684        2.0542588650231233       0.59304134145981924     
  -1.8950045492471890        2.1442945915636020      -0.75953738172021612     
  0.37186306884889286        4.2451617873610870       -6.4234062025267824E-002
First
                         Total        6.834101605E+00
Step size:       0.20
Step size in Bohr:       0.38
Learning Rate:       1.00
# Steps:         10
                         Error  1        6.788455974E+00
                         Error  2        6.743118332E+00
                         Error  3        6.698091986E+00
                         Error  4        6.653380226E+00
                         Error  5        6.608986329E+00
                         Error  6        6.564913546E+00
                         Error  7        6.521165110E+00
                         Error  8        6.477744222E+00
                         Error  9        6.434654057E+00
                         Error 10        6.391897754E+00
                         Error        6.391897754E+00
