-xyz
refined.xyz
-dens
/home/unibas/boittier/RDKit_G2/B.pdb/SCAN_1_2_3_4_S_36_10.0/10_SCAN_1_2_3_4_F/B.d.cube
-esp
/home/unibas/boittier/RDKit_G2/B.pdb/SCAN_1_2_3_4_S_36_10.0/10_SCAN_1_2_3_4_F/B.p.cube
-stepsize
0.2
-n_steps
1
-learning_rate
0.5
  -4.3629622261475349      -0.77551710559139542      -0.94156782027241637     
  -2.4672401761460652        1.8171488128122386      -0.93304303754110951     
  -4.7768513354682272        3.7354833532396707      -0.49077972901185551     
  -3.0042073339488433        2.3669972698912805       -9.1356848659053566E-002
  -2.9013585572912830        1.7960326818820012       0.48131799902120131     
  -1.3654680743754770        2.2665353184239656       0.48888791774096463     
 -0.70079981003713321        1.2037455546984837      -0.73172489493010240     
  -1.2694135680888088        1.7044738666656811       0.56307989191898877     
 -0.78116023959955894       0.82336447665959989       0.16906522176028896     
  0.57798859325355345        3.7018476136451355       0.96255493459916486     
 -0.78086620678927487       -3.6872385438724620        6.0010218607441830E-003
 -0.45516710610805411       -3.0799486722123479       -2.1249840303044620E-002
   2.8847866655336177E-002  -2.5007659136137819       0.27258613742823257     
 -0.61778677222074696       -3.3686403306524615       0.16772027747361837     
  0.72222517557096422      -0.71555598111372021       0.81666677029485335     
  0.42483301165278881       -1.3815458443173421       0.35820830167753548     
   1.0084135606586935      -0.23817019009957752       0.72812894548156337     
   1.3272877210490959      -0.73679311139552872       0.25941687366823696     
   5.3751580735931750       0.31958260993266502      -0.89662548273732101     
   2.3607506970088790      -0.59564485571337955       0.92757344817822229     
   2.8002441611221385      -0.42167855749109201       0.10540008541711961     
   3.0389863449916845        8.6869636111865711E-002 -0.14825959402270739     
   3.0360723099553284       0.16916881996098448       0.30449016816679425     
   3.9659363278925102       -1.8020833382355710        2.3180885099900723     
   3.9667739818005270       -1.4742462469504383        2.3667798481517810     
First
                         Total        3.792149851E+00
Step size:       0.20
Step size in Bohr:       0.38
Learning Rate:       1.00
# Steps:          1
                         Error  1        3.768468195E+00
                         Error        3.768468195E+00
