-xyz
refined.xyz
-dens
../../cube_files/fbuta/6_SCAN_1_2_3_4_F/B.d.cube
-esp
../../cube_files/fbuta/6_SCAN_1_2_3_4_F/B.p.cube
-stepsize
0.2
-n_steps
100
-learning_rate
0.5
   3.4068896999121572        1.8900981417556471       -2.3641066748351913     
   3.3609428493392168      -0.74425938055731788      -0.59992178165602106     
   6.3782031700816386      -0.51621062431357234        4.9140964255808280E-002
   4.1094099394115151      -0.42763782702421699       0.15850357969033474     
   3.6488517270335534       0.25782223327307346       0.47384750763890698     
   2.7512509507308636      -0.89786702027786569       0.77128987938938276     
   1.3235623838392521      -0.96122988697807077        1.5587408069120066     
   2.2325653845106590      -0.87440770477401641       0.50005672024930281     
   1.1863757939638717      -0.88247973503201482       0.62883811223563946     
   1.9360539736951843       -2.5863706516873908        2.7214201694859175     
  -2.8257919718176638       -2.3744263492793429      -0.52648238265309555     
  -2.4558910846235404       -1.8991054401366105      -0.24582130330106644     
  -2.0578778066851817       -1.1732844678989311      -0.23647069351574271     
  -2.6116829999877105       -2.0746825902550157      -0.53804240988995722     
 -0.63429016156778217       0.25871691684355519       -3.5909752998575212E-002
  -1.1850534481932480      -0.37652846738301299       0.11557068886811138     
 -0.32577204654482461       0.60510879127061945       0.25585890264230204     
 -0.98611451149104790       0.59988724045799757       0.60914824939058010     
  -4.3389049113830769        2.7935967150691594      -0.31703744295572311     
  -1.1472799087356194        1.7485408791356747       0.42476435514597422     
  -1.6893570024748514        1.7464353507491022      -0.26807520404382362     
  -2.2133926443537448        1.5630409959934755       -2.3798223458932385E-002
  -1.9947477937354545        1.7683453060247956       0.31227148141020378     
 -0.57449533221613314        4.3571819771457712        2.5061857267708969E-002
 -0.72868163275622899        4.2409040598096945       0.30719789613136078     
First
                         Total        6.087638943E-01
Step size:       0.20
Step size in Bohr:       0.38
Learning Rate:       1.00
# Steps:        100
                         Error  1        6.065329701E-01
                         Error  2        6.044149421E-01
                         Error  3        6.024017394E-01
                         Error  4        6.004858654E-01
                         Error  5        5.986603616E-01
                         Error  6        5.969187722E-01
                         Error  7        5.952551116E-01
                         Error  8        5.936638327E-01
                         Error  9        5.921397969E-01
                         Error 10        5.906782464E-01
                         Error 11        5.892747770E-01
                         Error 12        5.879253138E-01
                         Error 13        5.866260873E-01
                         Error 14        5.853736117E-01
                         Error 15        5.841646639E-01
                         Error 16        5.829962649E-01
                         Error 17        5.818656611E-01
                         Error 18        5.807703080E-01
                         Error 19        5.797078547E-01
                         Error 20        5.786761289E-01
                         Error 21        5.776731238E-01
                         Error 22        5.766969856E-01
                         Error 23        5.757460015E-01
                         Error 24        5.748185894E-01
                         Error 25        5.739132872E-01
                         Error 26        5.730287445E-01
                         Error 27        5.721637131E-01
                         Error 28        5.713170396E-01
                         Error 29        5.704876579E-01
                         Error 30        5.696745825E-01
                         Error 31        5.688769022E-01
                         Error 32        5.680937741E-01
                         Error 33        5.673244186E-01
                         Error 34        5.665681141E-01
                         Error 35        5.658241931E-01
                         Error 36        5.650920369E-01
                         Error 37        5.643710729E-01
                         Error 38        5.636607703E-01
                         Error 39        5.629606369E-01
                         Error 40        5.622702164E-01
                         Error 41        5.615890850E-01
                         Error 42        5.609168496E-01
                         Error 43        5.602531447E-01
                         Error 44        5.595976307E-01
                         Error 45        5.589499915E-01
                         Error 46        5.583099331E-01
                         Error 47        5.576771814E-01
                         Error 48        5.570514811E-01
                         Error 49        5.564325936E-01
                         Error 50        5.558202966E-01
                         Error 51        5.552143820E-01
                         Error 52        5.546146551E-01
                         Error 53        5.540209338E-01
                         Error 54        5.534330471E-01
                         Error 55        5.528508349E-01
                         Error 56        5.522741466E-01
                         Error 57        5.517028404E-01
                         Error 58        5.511367832E-01
                         Error 59        5.505758493E-01
                         Error 60        5.500199199E-01
                         Error 61        5.494688832E-01
                         Error 62        5.489226330E-01
                         Error 63        5.483810690E-01
                         Error 64        5.478440957E-01
                         Error 65        5.473116228E-01
                         Error 66        5.467835642E-01
                         Error 67        5.462598378E-01
                         Error 68        5.457403656E-01
                         Error 69        5.452250730E-01
                         Error 70        5.447138884E-01
                         Error 71        5.442067438E-01
                         Error 72        5.437035734E-01
                         Error 73        5.432043145E-01
                         Error 74        5.427089067E-01
                         Error 75        5.422172917E-01
                         Error 76        5.417294136E-01
                         Error 77        5.412452182E-01
                         Error 78        5.407646535E-01
                         Error 79        5.402876688E-01
                         Error 80        5.398142153E-01
                         Error 81        5.393442458E-01
                         Error 82        5.388777141E-01
                         Error 83        5.384145756E-01
                         Error 84        5.379547871E-01
                         Error 85        5.374983064E-01
                         Error 86        5.370450922E-01
                         Error 87        5.365951045E-01
                         Error 88        5.361483044E-01
                         Error 89        5.357046536E-01
                         Error 90        5.352641148E-01
                         Error 91        5.348266517E-01
                         Error 92        5.343922285E-01
                         Error 93        5.339608104E-01
                         Error 94        5.335323632E-01
                         Error 95        5.331068534E-01
                         Error 96        5.326842480E-01
                         Error 97        5.322645150E-01
                         Error 98        5.318476226E-01
                         Error 99        5.314335398E-01
                         Error100        5.310222359E-01
                         Error        5.310222359E-01
