-xyz
refined.xyz
-dens
/home/unibas/boittier/RDKit_G2/B.pdb/SCAN_1_2_3_4_S_36_10.0/25_SCAN_1_2_3_4_F/B.d.cube
-esp
/home/unibas/boittier/RDKit_G2/B.pdb/SCAN_1_2_3_4_S_36_10.0/25_SCAN_1_2_3_4_F/B.p.cube
-stepsize
0.2
-n_steps
5
-learning_rate
0.5
  -3.3207317530243596        1.5805394082769249       -2.6459838353708274     
  -3.5453865262004713       0.59805170982045663       0.41402014740231763     
  -6.3834177527973432      -0.32058370727665447        8.8682464267840724E-002
  -4.0974700368053156      -0.35086367456872025       0.17586549480816194     
  -3.5280319897800729      -0.66284624244163748      -0.36991059469990761     
  -2.6763971692554454      -0.64525272761092578        1.3142102772222879     
  -1.8501386765112882      -0.68194084070533900      -0.12812606203279756     
  -2.1092578749447242      -0.69767232590177852        1.2426368030293413     
  -1.2454755037768019      -0.72460615756346036       0.64990433772320710     
  -2.0275212747228410       -2.0698462997972915        3.0800790292742790     
   2.6621291509470697       -2.5199433827750481      -0.49782109801346880     
   2.2486372068268330       -1.9801037354865056      -0.51923462694205913     
   1.9725737333576101       -1.2572425825592692      -0.26234764612729466     
   2.5140542228505800       -2.1996287230143361      -0.35687501089602336     
  0.76446475050955010       0.26044625328890264       0.39512069670480732     
   1.1155318016021762      -0.38322389930898743       -5.8074668336278258E-002
  0.38981416737776631       0.65194806942952854       0.34390922234000315     
  0.77911971939006064       0.66421543522871929      -0.31467744132547265     
   4.4902763626945301        2.5581083516855978      -0.51111997597152059     
   1.1996437251828729        1.7751500822245887       0.12769960877546685     
   1.9928706143462724        1.5933647847192567       0.46052910135990932     
   2.3285611530688040        1.4676210996989607       -3.3116901926950097E-002
   2.0010001049137709        1.7596700861327765      -0.18199084684670158     
   1.2131893053356666        4.2059377104429805        1.2966324053786356     
   1.1874026515345892        4.1610016276798172       0.96853934118808871     
First
                         Total        8.226929604E-01
Step size:       0.20
Step size in Bohr:       0.38
Learning Rate:       1.00
# Steps:          5
                         Error  1        8.177908899E-01
                         Error  2        8.131457496E-01
                         Error  3        8.087389960E-01
                         Error  4        8.045533589E-01
                         Error  5        8.005727708E-01
                         Error        8.005727708E-01
