-xyz
refined.xyz
-dens
/home/unibas/boittier/RDKit_G2/B.pdb/SCAN_1_2_3_4_S_36_-10.0/18_SCAN_1_2_3_4_F/B.d.cube
-esp
/home/unibas/boittier/RDKit_G2/B.pdb/SCAN_1_2_3_4_S_36_-10.0/18_SCAN_1_2_3_4_F/B.p.cube
-stepsize
0.2
-n_steps
5
-learning_rate
0.5
  -3.8537499620426972        2.6769077314605312        5.3552881051454520E-003
  -3.4848781456520457      -0.39670489144484422       0.83750513159521844     
  -6.3217508542901770       -1.0934852220903646        9.9973351973553157E-003
  -4.0666981113553948      -0.82046755008125516       -6.7058026969114226E-002
  -3.6000165003147604      -0.47180767725335954      -0.63744379585204380     
  -2.5960356176581070       -1.4671921888647890       0.23165890177098034     
  -1.4183274654572149       -1.3059548224000628      -0.94561642634909038     
  -2.0277681506237624       -1.4034283718405958       0.29940054141324235     
  -1.0569506625744061       -1.2017194078707545       -2.2373737427473481E-002
  -1.5408841477052861       -3.8477462962064948       -4.1298022704947784E-002
   3.2843843101554437       -2.0451932626680160        1.1458921518206959E-002
   2.7791251079948069       -1.6114207900707871      -0.14590764173816251     
   2.2960450591789554      -0.97205115224415317       -1.4734159243164900E-002
   3.0319051431404573       -1.7664742199627217        9.3662686178972623E-002
  0.65547765227011467       0.22197839854271290       0.21204872663587845     
   1.2482933329163426      -0.31889774222647588       -9.3838535817895252E-002
  0.22787742983077525       0.52338679553038470        4.4348499748688354E-002
  0.77326886338326994       0.62532349380734265      -0.48903069159238854     
   3.9368034404172718        3.2650230313828601       -4.3295957485943337E-002
  0.82004293650100379        1.8066196247504698      -0.13899570923032112     
   1.5223926679146549        1.8294375741086688       0.39629281128626720     
   1.9908558282688342        1.7497244658988631        1.7561991556883309E-002
   1.6658026395103001        1.9529976112236307      -0.24059507969113164     
   5.4358039141720244E-002   4.2585984321512491       0.69801090296181201     
  0.11631157058919081        4.1866073359563822       0.38359230455078530     
First
                         Total        9.365322978E-01
Step size:       0.20
Step size in Bohr:       0.38
Learning Rate:       1.00
# Steps:          5
                         Error  1        9.291351758E-01
                         Error  2        9.220645513E-01
                         Error  3        9.152999568E-01
                         Error  4        9.088221014E-01
                         Error  5        9.026128268E-01
                         Error        9.026128268E-01
