-xyz
refined.xyz
-dens
/home/unibas/boittier/RDKit_G2/B.pdb/SCAN_1_2_3_4_S_36_-10.0/8_SCAN_1_2_3_4_F/B.d.cube
-esp
/home/unibas/boittier/RDKit_G2/B.pdb/SCAN_1_2_3_4_S_36_-10.0/8_SCAN_1_2_3_4_F/B.p.cube
-stepsize
0.2
-n_steps
5
-learning_rate
0.5
   3.1672283698294605       0.23581386312861000       -3.1083438948020263     
   3.4312785268218668       -1.0487889089558420      -0.16927509255212558     
   6.3636721255473354      -0.29591056178884406        4.6267204501253316E-002
   4.0922438265415826      -0.20369457034874638       0.23694446418865792     
   3.5684782208193289       0.40139199774622730        9.0114447816393703E-002
   2.6770701049287364      -0.50722725106302602        1.4492819097587313     
   1.9478798379208524       -3.9834332417519824E-002   2.9980557899132364E-002
   2.1585620262714498      -0.25707271338016124        1.3936235684495493     
   1.3360810242368477        2.7423620410165196E-002  0.79981157542059356     
   2.1811631587782521      -0.70152249642300823        3.6664384102843033     
  -1.9989028383063443        2.9012830135963954      -0.10729086849710896     
  -1.7203992745889147        2.2828965400267092      -0.18803962169091248     
  -1.6420335990129094        1.4855858295570310       -4.2091152757199858E-002
  -1.9308981512184906        2.5376064087189780        2.3915639824495694E-003
 -0.85239821749412636      -0.34528105469322817       0.41961612328421211     
  -1.0254558518456591       0.40226818574810413        4.5907695821777818E-002
 -0.58094247918104147      -0.82805520999143378       0.30987373895350934     
 -0.94059580210954918      -0.64069569289863049      -0.34096253811711180     
  -4.9543841005322555       -1.5205895357393602      -0.94785042112456375     
  -1.6069207373292369       -1.6688866590259446      -0.14750866359196305     
  -2.3607924737362684       -1.3531921474361370       0.20846344609995579     
  -2.6269118153154087       -1.0772506893080938      -0.26095658836335789     
  -2.3740029407386261       -1.3984550485495599      -0.45595264863491081     
  -2.2537320917717643       -4.1847699713502626       0.55507523780500112     
  -2.1869202758085229       -4.1008306655364954       0.24461740639677382     
First
                         Total        9.427160111E-01
Step size:       0.20
Step size in Bohr:       0.38
Learning Rate:       1.00
# Steps:          5
                         Error  1        9.302262262E-01
                         Error  2        9.184602424E-01
                         Error  3        9.073762068E-01
                         Error  4        8.969339404E-01
                         Error  5        8.870949645E-01
                         Error        8.870949645E-01
