-xyz
refined.xyz
-dens
/home/unibas/boittier/RDKit_G2/B.pdb/SCAN_1_2_3_4_S_36_10.0/26_SCAN/B.d.cube
-esp
/home/unibas/boittier/RDKit_G2/B.pdb/SCAN_1_2_3_4_S_36_10.0/26_SCAN/B.p.cube
-stepsize
0.2
-n_steps
100
-learning_rate
0.5
  -3.9588303281247010        3.0336006417060655      -0.57804479044844514     
  -3.5321974019795754      -0.30912051590560002       0.75806144903664285     
  -3.7443892734426423      -0.63263313655923825       0.14028440341293277     
  -6.2778567378879293      -0.99547969517750734       0.14260106365433325     
  -3.4966497051549679      -0.57984850611757233      -0.48249719914041722     
  -1.7819872970592863       -7.1708534011062919E-002  0.21633829740747271     
  -1.4284911671539779        8.8535499596576750E-002  0.19709175656034283     
  -2.0164890159522524       -2.4666720226062062       0.14588497772598194     
  -2.0899359485904521       -2.4206052432282226      -0.38622194995439924     
  -2.0396429419421733       -2.4416244750779295        1.0024789313349125     
   3.2673203546418463       -2.5173224198691950      -0.15756309316411496     
   2.6505875944661406       -1.8038800486865461       -8.0656014716164681E-002
  0.72700252543421195       0.85727334087899565      -0.65370596625279798     
  0.48691049909735784       0.87856235237582236      -0.42272068150765230     
   1.1309705236300396       0.95994856921020033       0.59861141031334575     
   1.5030153709589069      -0.32666042139676293      -0.13964644374073287     
   4.4773381432364818        2.9971105493377879      -0.12668805555458937     
   2.1587978973847166        1.9038472428074467       -3.3132918317331055E-002
   1.8884104233877528        2.0280361888640970      -0.69409294088543438     
   2.0340911842948550        2.1496730184869102       0.64470026962222771     
  -6.8652758118540394E-002   4.3140194470945321      -0.14076141478116347     
First
                         Total        6.569345508E+00
Step size:       0.20
Step size in Bohr:       0.38
Learning Rate:       1.00
# Steps:        100
                         Error  1        6.516456759E+00
                         Error  2        6.463972565E+00
                         Error  3        6.411898263E+00
                         Error  4        6.360239179E+00
                         Error  5        6.309000619E+00
                         Error  6        6.258187866E+00
                         Error  7        6.207806170E+00
                         Error  8        6.157860746E+00
                         Error  9        6.108356763E+00
                         Error 10        6.059299337E+00
                         Error 11        6.010693525E+00
                         Error 12        5.962544317E+00
                         Error 13        5.914856628E+00
                         Error 14        5.867635288E+00
                         Error 15        5.820885037E+00
                         Error 16        5.774610515E+00
                         Error 17        5.728816252E+00
                         Error 18        5.683506661E+00
                         Error 19        5.638686029E+00
                         Error 20        5.594358509E+00
                         Error 21        5.550528109E+00
                         Error 22        5.507198684E+00
                         Error 23        5.464373929E+00
                         Error 24        5.422057369E+00
                         Error 25        5.380252348E+00
                         Error 26        5.338962025E+00
                         Error 27        5.298189364E+00
                         Error 28        5.257937123E+00
                         Error 29        5.218207852E+00
                         Error 30        5.179003879E+00
                         Error 31        5.140327309E+00
                         Error 32        5.102180012E+00
                         Error 33        5.064563622E+00
                         Error 34        5.027479524E+00
                         Error 35        4.990928856E+00
                         Error 36        4.954912498E+00
                         Error 37        4.919431072E+00
                         Error 38        4.884484937E+00
                         Error 39        4.850074182E+00
                         Error 40        4.816198628E+00
                         Error 41        4.782857826E+00
                         Error 42        4.750051051E+00
                         Error 43        4.717777306E+00
                         Error 44        4.686035319E+00
                         Error 45        4.654823545E+00
                         Error 46        4.624140167E+00
                         Error 47        4.593983097E+00
                         Error 48        4.564349980E+00
                         Error 49        4.535238197E+00
                         Error 50        4.506644865E+00
                         Error 51        4.478566849E+00
                         Error 52        4.451000760E+00
                         Error 53        4.423942963E+00
                         Error 54        4.397389585E+00
                         Error 55        4.371336519E+00
                         Error 56        4.345779433E+00
                         Error 57        4.320713775E+00
                         Error 58        4.296134786E+00
                         Error 59        4.272037502E+00
                         Error 60        4.248416768E+00
                         Error 61        4.225267244E+00
                         Error 62        4.202583417E+00
                         Error 63        4.180359608E+00
                         Error 64        4.158589982E+00
                         Error 65        4.137268560E+00
                         Error 66        4.116389228E+00
                         Error 67        4.095945746E+00
                         Error 68        4.075931759E+00
                         Error 69        4.056340809E+00
                         Error 70        4.037166342E+00
                         Error 71        4.018401719E+00
                         Error 72        4.000040228E+00
                         Error 73        3.982075093E+00
                         Error 74        3.964499481E+00
                         Error 75        3.947306514E+00
                         Error 76        3.930489281E+00
                         Error 77        3.914040840E+00
                         Error 78        3.897954236E+00
                         Error 79        3.882222499E+00
                         Error 80        3.866838663E+00
                         Error 81        3.851795767E+00
                         Error 82        3.837086864E+00
                         Error 83        3.822705032E+00
                         Error 84        3.808643377E+00
                         Error 85        3.794895039E+00
                         Error 86        3.781453205E+00
                         Error 87        3.768311107E+00
                         Error 88        3.755462034E+00
                         Error 89        3.742899334E+00
                         Error 90        3.730616419E+00
                         Error 91        3.718606773E+00
                         Error 92        3.706863952E+00
                         Error 93        3.695381591E+00
                         Error 94        3.684153409E+00
                         Error 95        3.673173207E+00
                         Error 96        3.662434877E+00
                         Error 97        3.651932402E+00
                         Error 98        3.641659858E+00
                         Error 99        3.631611419E+00
                         Error100        3.621781356E+00
                         Error        3.621781356E+00
