atom_charge_dict:  {0: [0, 1], 2: [2, 3], 3: [4, 5], 4: [6], 6: [7, 8, 9], 1: [10, 11, 12], 5: [13, 14, 15, 16], 7: [17, 18], 9: [19], 8: [20, 21], 10: [22, 23]}
2
2 [2, 3] [0.07132685 0.03451061 0.09528804]
2 [2, 3] [0.12547095 0.17558066 0.23226879]
0
0 [0, 1] [0.1354449  0.26646892 0.15678395]
0 [0, 1] [0.03861954 0.3325748  0.44021396]
1
1 [10, 11, 12] [ 0.5342729  -0.18547311 -0.03940109]
1 [10, 11, 12] [-0.19590483 -0.0667546   0.20080056]
1 [10, 11, 12] [-0.20921656 -0.15172453  0.49268758]
3
3 [4, 5] [ 0.09581878  0.00797284 -0.10454649]
3 [4, 5] [ 0.3323696  -0.06625714 -0.1967005 ]
0
4
4 [6] [ 0.05145985 -0.1610299   0.3559808 ]
6
6 [7, 8, 9] [-0.05608332  0.27477601  0.0348584 ]
6 [7, 8, 9] [ 0.3470771   0.20049584 -0.07117508]
6 [7, 8, 9] [-0.19295079  0.12180916  0.05453705]
1
5
5 [13, 14, 15, 16] [-0.25403516  0.13252544  0.03985217]
5 [13, 14, 15, 16] [ 0.07979031 -0.07660697  0.18963735]
5 [13, 14, 15, 16] [ 0.32686025  0.1221547  -0.10273746]
5 [13, 14, 15, 16] [-0.03210759 -0.01757806 -0.29144267]
8
8 [20, 21] [ 0.21198321 -0.0994955  -0.20939545]
8 [20, 21] [ 0.22750442 -0.16589654 -0.28326346]
7
7 [17, 18] [ 0.29011316 -0.28089713 -0.1651083 ]
7 [17, 18] [-0.52414383 -0.20882734 -0.06779021]
9
9 [19] [-0.37642223  0.19049598  0.33986523]
10
10 [22, 23] [ 0.01521902  0.12923971 -0.38440922]
10 [22, 23] [ 0.01668771  0.00667186 -0.04952818]
7
5
RMSD using the Kabsch algorithm: 1.15210984760592
1 [-1.46670462 -0.51227537  0.32369378]
2 [-1.56352997 -0.44616948  0.60712379]
3 [-1.6060764  -1.49381713 -0.52914188]
4 [-1.5519323  -1.35274707 -0.39216113]
5 [-2.45800423 -0.2552308   0.19015748]
6 [-2.22145341 -0.32946078  0.09800346]
7 [-1.29319214 -1.46523583  1.44948856]
8 [-0.64101864  1.6917776   0.06411924]
9 [-0.23785822  1.61749744 -0.04191424]
10 [-0.77788611  1.53881075  0.08379789]
11 [ 0.02167078  0.01780653 -0.17257801]
12 [-0.70850694  0.13652504  0.06762364]
13 [-0.72181868  0.05155511  0.35951066]
14 [ 0.40868971 -0.2826933  -0.48569785]
15 [ 0.74251518 -0.4918257  -0.33591267]
16 [ 0.98958512 -0.29306404 -0.62828748]
17 [ 0.63061728 -0.43279679 -0.81699269]
18 [ 2.15329352 -0.45809945  0.1091017 ]
19 [ 1.33903653 -0.38602967  0.20641978]
20 [ 2.30494356 -0.42025683  0.04418811]
21 [2.23374998 0.79441252 0.20825326]
22 [2.24927119 0.72801147 0.13438526]
23 [ 1.77507545 -0.55644138  0.8524891 ]
24 [ 1.77654415 -0.67900924  1.18737014]
