-xyz
refined.xyz
-dens
/home/unibas/boittier/RDKit_G2/B.pdb/SCAN_1_2_3_4_S_36_10.0/10_SCAN/B.d.cube
-esp
/home/unibas/boittier/RDKit_G2/B.pdb/SCAN_1_2_3_4_S_36_10.0/10_SCAN/B.p.cube
-stepsize
0.2
-n_steps
1
-learning_rate
0.5
   3.3017670638687622        1.2664274428347275       -3.1387225653738469     
   3.0671330371289010      -0.27916194813857231      -0.60587819154327605     
   2.8251259001168085       0.72617416936156798      -0.58318611984411550     
   5.9302087761330240      -0.17248750434368756       0.19017246642361932     
   2.9745813271165931       0.88791937155366163      -0.30176908577766492     
   1.2963079781257483        1.9380547989528561E-002  0.52805152586851101     
   2.0248925450436750       -1.3000746327732389        3.1621826734225098     
   2.7617907563230442      -0.19604693575289617        1.1267879611364895     
   2.1307801253403453      -0.19707599671437756       0.90086451212997087     
  -2.0335255936789776       -1.2691887607886794      -0.44733279844988760     
  -2.0655025442488939       -1.4525570908335461      -0.49658066022630937     
  -2.4859303957316286       -2.8682213289732599      -0.50596446110831428     
  -2.1662216548156090       -2.2257617638998255      -0.36175013004972872     
 -0.58909476307213304       0.67596066394741072        8.9455588176220693E-002
 -0.83779664646660890       0.51035143751583834      -0.31536551313536976     
  -1.3974835859008010       0.61236662938063990       0.82627222203778961     
  -1.3982979800422464      -0.48849075881227860       -7.9107876216717873E-002
  -1.8578949230026160        1.9121173457464380      -0.89119685061035148     
  -2.3607988450470732        1.6525605467059492       0.92132293189018521     
  -4.6066477670798402        2.0819087014693647      -0.56708530585137507     
  -1.2380908330218716        4.1926754265612400       0.53503197877355091     
First
                         Total        1.533944947E+00
Step size:       0.20
Step size in Bohr:       0.38
Learning Rate:       1.00
# Steps:          1
                         Error  1        1.494715623E+00
                         Error        1.494715623E+00
