-xyz
refined.xyz
-dens
/home/unibas/boittier/RDKit_G2/B.pdb/SCAN_1_2_3_4_S_36_-10.0/26_SCAN_1_2_3_4_F/B.d.cube
-esp
/home/unibas/boittier/RDKit_G2/B.pdb/SCAN_1_2_3_4_S_36_-10.0/26_SCAN_1_2_3_4_F/B.p.cube
-stepsize
0.2
-n_steps
5
-learning_rate
0.5
   3.2585849078988622        1.1509664161581583       -2.9023589465192723     
   3.3973961175521006      -0.74577156039598602      -0.37249021977086610     
   6.3842863387817985      -0.17210422648894377        8.9172837493097248E-002
   4.1090973261469363      -0.10131738667845323       0.26912829286709217     
   3.6457977246088040       0.57566391491295454       0.25246050838824552     
   2.8199574126449094      -0.30911587964678172       0.99052132209645150     
   1.3666386031148559      -0.55637845570004707        1.7679661626553105     
   2.3045767985022954      -0.40139779255992863       0.75344765785356749     
   1.2692341445276514      -0.53898545276171861       0.78409396823197608     
   2.1097029551370454       -1.3120534698705912        3.4528200082809057     
  -2.4513747289505647       -2.6555772526714447      -0.45847037747263086     
  -2.1658326994338695       -2.0998736402400184      -0.19342105021626763     
  -1.8783020386267986       -1.3404511090229341      -0.19908837225252482     
  -2.2813768055120778       -2.3124591501896736      -0.48742255080759433     
 -0.66909305199470881       0.30665534009937057       -9.2397736116631921E-003
  -1.1380562065910489      -0.40367040750780614       0.14738647125951959     
 -0.42187538494859084       0.70708864769355051       0.26744420451669504     
  -1.0960277444540723       0.62493979901877472       0.60980770310165322     
  -4.6843229745714954        2.2496069961839980      -0.56069449725381737     
  -1.4052747003704280        1.7253097891110414       0.34732760770683851     
  -1.9169238938095667        1.6045686684536438      -0.36261450254857497     
  -2.4252889201174122        1.3573880602775956      -0.11989393102055863     
  -2.2460215031403297        1.6191141377443052       0.21308361681019800     
  -1.1983286843435574        4.3587353996904037      -0.20301978119293979     
  -1.3221158063346568        4.2395929366767282        8.2662458708341296E-002
First
                         Total        8.138901216E-01
Step size:       0.20
Step size in Bohr:       0.38
Learning Rate:       1.00
# Steps:          5
                         Error  1        8.095934144E-01
                         Error  2        8.055230431E-01
                         Error  3        8.016618646E-01
                         Error  4        7.979940202E-01
                         Error  5        7.945048521E-01
                         Error        7.945048521E-01
