-xyz
refined.xyz
-dens
/home/unibas/boittier/RDKit_G2/B.pdb/SCAN_1_2_3_4_S_36_10.0/8_SCAN/B.d.cube
-esp
/home/unibas/boittier/RDKit_G2/B.pdb/SCAN_1_2_3_4_S_36_10.0/8_SCAN/B.p.cube
-stepsize
0.2
-n_steps
0
-learning_rate
0.5
  -3.2116239316129471       0.29251773908708562       -3.3555563830329023     
  -3.0825257480008501       0.37323551183184023      -0.36374695782156008     
  -2.7457833160680818      -0.46584958106241586      -0.86609460400904337     
  -5.9115691253925577      -0.29060591769837596       0.16776507679473382     
  -2.8747032356047315      -0.76448348329674864      -0.71812880108999799     
  -1.2547223554417435      -0.47348695593389406       0.55274785412782823     
  -2.0928962742364381      -0.66427973765887516        3.4078617920894914     
  -2.7298642145208913      -0.58410934875974330        1.1562988542885657     
  -2.1109208914882398      -0.44807644516818451       0.93807645327481626     
   1.8210367435385593        1.4619652538969450      -0.25695735824474597     
   1.8226194766092854        1.6521513460352557      -0.28696828324386975     
   2.0088452401911647        3.1105785138469058      -0.14816567967095465     
   1.7981727265238441        2.4136361312443357       -7.3117789909108680E-002
  0.71412870594722466      -0.73382158446487900        6.5428598209857969E-002
  0.92980688820992652      -0.48980336991740653      -0.31812548604729352     
   1.5071184061081107      -0.61611615473340320       0.81227555783231842     
   1.3234165763549994       0.55700888174656149        2.3836752840701275E-002
   2.1095291548324706       -1.6054124094464561       -1.1318901355762985     
   2.6248160166581376       -1.5277895557900107       0.69403531275422936     
   4.8614697186473874       -1.3968759520314804      -0.86268973626901346     
   1.8871732553721725       -4.1323987861428142       -4.0853666811569309E-002
First
                         Total        1.296194462E+00
Step size:       0.20
Step size in Bohr:       0.38
Learning Rate:       1.00
# Steps:          0
                         Error        1.296194462E+00
