-xyz
refined.xyz
-dens
/home/unibas/boittier/RDKit_G2/B.pdb/SCAN_1_2_3_4_S_36_10.0/11_SCAN/B.d.cube
-esp
/home/unibas/boittier/RDKit_G2/B.pdb/SCAN_1_2_3_4_S_36_10.0/11_SCAN/B.p.cube
-stepsize
0.2
-n_steps
100
-learning_rate
0.5
  -3.5374018578335904        2.8856802721136066       0.20909228153947176     
  -3.0703125715819963       -5.2616953185847970E-002  0.58993571023338698     
  -2.8069226373264780       0.40736798563259563      -0.29627574547433827     
  -5.8180420315391386      -0.96600134790460890        3.5671633800744562E-002
  -2.9238265763379587       0.22049515547749976      -0.57699545104171290     
  -1.0051345484936014       -1.2270725849175581      -0.28506806243621619     
  -1.6551954736655023       -3.7690811783471361      -0.14732963302854266     
  -2.4836201125000312       -1.8023092785922386      -0.10812630828694507     
  -1.8976740258576779       -1.4786246231125846      -0.14575177474079490     
   1.4572947215863890        1.5131861621111562      -0.17219395782058897     
   1.4156974927735317        1.6998167020921675      -0.19488526955194474     
   1.1789919737468117        3.1366316123362532        5.4060613331786508E-002
   1.1484155059197219        2.4044402963760980        4.4738888328459847E-002
  0.93560968568209335      -0.89411659873808924      -0.22792070225921715     
   1.1673916753281053      -0.56712147237653998      -0.53029206581082622     
   1.4527561789842958      -0.65894044087273618       0.70724832812532168     
   1.1670737817961165       0.50421648255346196       -6.4280795213110878E-002
   2.8638212431577084      -0.90584671665618777       -1.1583636707920886     
   2.8103939022682294       -1.2457740784833209       0.79338244849408956     
   5.2409531793322692       -8.3576381461392346E-002   1.4242592035891840E-002
   2.9955071284585371       -3.8571560699420235      -0.21268299380447975     
First
                         Total        9.502062650E+00
Step size:       0.20
Step size in Bohr:       0.38
Learning Rate:       1.00
# Steps:        100
                         Error  1        9.448132603E+00
                         Error  2        9.394502306E+00
                         Error  3        9.341174692E+00
                         Error  4        9.288152696E+00
                         Error  5        9.235439245E+00
                         Error  6        9.183037264E+00
                         Error  7        9.130949668E+00
                         Error  8        9.079179362E+00
                         Error  9        9.027729245E+00
                         Error 10        8.976602197E+00
                         Error 11        8.925801088E+00
                         Error 12        8.875328769E+00
                         Error 13        8.825188073E+00
                         Error 14        8.775381812E+00
                         Error 15        8.725912777E+00
                         Error 16        8.676783731E+00
                         Error 17        8.627997412E+00
                         Error 18        8.579556528E+00
                         Error 19        8.531463757E+00
                         Error 20        8.483721740E+00
                         Error 21        8.436333084E+00
                         Error 22        8.389300357E+00
                         Error 23        8.342626086E+00
                         Error 24        8.296312755E+00
                         Error 25        8.250362800E+00
                         Error 26        8.204778612E+00
                         Error 27        8.159562528E+00
                         Error 28        8.114716834E+00
                         Error 29        8.070243759E+00
                         Error 30        8.026145474E+00
                         Error 31        7.982424089E+00
                         Error 32        7.939081651E+00
                         Error 33        7.896120141E+00
                         Error 34        7.853541471E+00
                         Error 35        7.811347484E+00
                         Error 36        7.769539948E+00
                         Error 37        7.728120556E+00
                         Error 38        7.687090924E+00
                         Error 39        7.646452585E+00
                         Error 40        7.606206993E+00
                         Error 41        7.566355514E+00
                         Error 42        7.526899430E+00
                         Error 43        7.487839930E+00
                         Error 44        7.449178115E+00
                         Error 45        7.410914992E+00
                         Error 46        7.373051473E+00
                         Error 47        7.335588371E+00
                         Error 48        7.298526405E+00
                         Error 49        7.261866188E+00
                         Error 50        7.225608236E+00
                         Error 51        7.189752960E+00
                         Error 52        7.154300665E+00
                         Error 53        7.119251552E+00
                         Error 54        7.084605715E+00
                         Error 55        7.050363140E+00
                         Error 56        7.016523702E+00
                         Error 57        6.983087171E+00
                         Error 58        6.950053202E+00
                         Error 59        6.917421344E+00
                         Error 60        6.885191032E+00
                         Error 61        6.853361591E+00
                         Error 62        6.821932235E+00
                         Error 63        6.790902067E+00
                         Error 64        6.760270079E+00
                         Error 65        6.730035152E+00
                         Error 66        6.700196058E+00
                         Error 67        6.670751459E+00
                         Error 68        6.641699910E+00
                         Error 69        6.613039857E+00
                         Error 70        6.584769640E+00
                         Error 71        6.556887493E+00
                         Error 72        6.529391549E+00
                         Error 73        6.502279835E+00
                         Error 74        6.475550280E+00
                         Error 75        6.449200713E+00
                         Error 76        6.423228866E+00
                         Error 77        6.397632376E+00
                         Error 78        6.372408787E+00
                         Error 79        6.347555553E+00
                         Error 80        6.323070039E+00
                         Error 81        6.298949526E+00
                         Error 82        6.275191209E+00
                         Error 83        6.251792204E+00
                         Error 84        6.228749550E+00
                         Error 85        6.206060211E+00
                         Error 86        6.183721078E+00
                         Error 87        6.161728973E+00
                         Error 88        6.140080654E+00
                         Error 89        6.118772815E+00
                         Error 90        6.097802092E+00
                         Error 91        6.077165063E+00
                         Error 92        6.056858254E+00
                         Error 93        6.036878142E+00
                         Error 94        6.017221157E+00
                         Error 95        5.997883688E+00
                         Error 96        5.978862083E+00
                         Error 97        5.960152655E+00
                         Error 98        5.941751683E+00
                         Error 99        5.923655418E+00
                         Error100        5.905860085E+00
                         Error        5.905860085E+00
