atom_charge_dict:  {0: [0, 1, 2], 2: [3], 3: [4], 4: [5, 6], 6: [7, 8, 9], 1: [10, 11], 8: [12, 14, 15], 5: [13], 9: [16, 17, 18], 7: [19, 20], 10: [21, 22], 11: [23, 24, 25, 26], 12: [27, 28, 29]}
2
2 [3] [-0.11371523 -0.03519289  0.1106859 ]
0
0 [0, 1, 2] [ 0.39616594 -0.33062833 -0.23105698]
0 [0, 1, 2] [-0.35345397  0.04692707 -0.01644775]
0 [0, 1, 2] [-0.31938305 -0.22424854  0.39616972]
3
3 [4] [0.2835268  0.22299113 0.1560827 ]
4
4 [5, 6] [ 0.09067909  0.01108645 -0.07484915]
4 [5, 6] [0.01242252 0.25362169 0.30850829]
0
1
1 [10, 11] [ 0.36274753 -0.09420844  0.1328303 ]
1 [10, 11] [-0.32993577  0.17039889 -0.07685159]
6
6 [7, 8, 9] [0.28428286 0.07691744 0.10996111]
6 [7, 8, 9] [-0.25963217  0.17311557 -0.11261993]
6 [7, 8, 9] [0.03371308 0.15143807 0.0101711 ]
1
5
5 [13] [ 0.28071002 -0.45094118  0.05651465]
8
8 [12, 14, 15] [0.03580206 0.52192865 0.15115839]
8 [12, 14, 15] [-0.00454086 -0.07179475 -0.03165707]
8 [12, 14, 15] [-0.02606418  0.07115046 -0.01578495]
5
7
7 [19, 20] [0.33385285 0.4356343  0.07808198]
7 [19, 20] [ 0.28808738 -0.18291961  0.3616296 ]
9
9 [16, 17, 18] [-0.01951778 -0.0418539   0.1304671 ]
9 [16, 17, 18] [-0.11456125  0.28571639  0.24543004]
9 [16, 17, 18] [ 9.87473961e-06 -1.86359210e-01  1.63820193e-01]
5
8
10
10 [21, 22] [-0.06478896  0.20079272 -0.44152938]
10 [21, 22] [-0.03109586  0.11566952 -0.2726363 ]
7
11
11 [23, 24, 25, 26] [0.39788468 0.1803066  0.22106596]
11 [23, 24, 25, 26] [-0.23155025 -0.14862096 -0.11641646]
11 [23, 24, 25, 26] [ 0.04859201 -0.05719403 -0.0770178 ]
11 [23, 24, 25, 26] [-0.11829884 -0.04856287  0.00894165]
12
12 [27, 28, 29] [-0.13729651  0.43100521  0.09864886]
12 [27, 28, 29] [-0.01754941 -0.40251665  0.05387245]
12 [27, 28, 29] [-0.0471126   0.02539449  0.04600188]
7
5
RMSD using the Kabsch algorithm: 1.2594063823846602
1 [ 2.91057268 -1.18923495 -0.10616116]
2 [ 2.16095278 -0.81167954  0.10844808]
3 [ 2.19502369 -1.08285515  0.52106555]
4 [ 2.00732303 -1.62002191  0.95737069]
5 [ 3.68400921 -0.15355958  0.69479441]
6 [ 2.87771518 -1.40193679 -0.85614195]
7 [ 2.79945861 -1.15940156 -0.47278451]
8 [1.90822177 1.45003598 0.13457789]
9 [ 1.36430674  1.54623411 -0.08800314]
10 [1.65765198 1.5245566  0.03478789]
11 [ 1.82921554  0.07590238 -0.05432479]
12 [ 1.13653224  0.34050972 -0.26400668]
13 [ 0.25479402 -0.90211788 -0.83506349]
14 [ 0.45455472 -0.79538884 -0.77298617]
15 [ 0.2144511  -1.49584128 -1.01787895]
16 [ 0.19292778 -1.35289607 -1.00200684]
17 [ 0.02542099  0.10023013 -1.6706392 ]
18 [-0.06962248  0.42780042 -1.55567627]
19 [ 0.04494864 -0.04427519 -1.63728611]
20 [-0.72191665  0.3727395   0.06887589]
21 [-0.76768212 -0.24581441  0.35242351]
22 [-1.00116978 -0.38350494  0.83880432]
23 [-0.96747668 -0.46862814  1.00769739]
24 [-1.77824673 -0.48754335 -0.35845588]
25 [-2.40768165 -0.81647091 -0.6959383 ]
26 [-2.1275394  -0.72504398 -0.65653964]
27 [-2.29443024 -0.71641282 -0.5705802 ]
28 [-1.48675131  1.71053562  0.21918004]
29 [-1.36700421  0.87701375  0.17440362]
30 [-1.3965674   1.3049249   0.16653305]
