-xyz
refined.xyz
-dens
../../cube_files/fbutone/2_SCAN_1_2_6_8_F/N.d.cube
-esp
../../cube_files/fbutone/2_SCAN_1_2_6_8_F/N.p.cube
-stepsize
0.2
-n_steps
100
-learning_rate
0.5
   5.5001852408949130       -2.2473283509369106      -0.20061551229741906     
   4.0836089154093491       -1.5338520401549223       0.20493716230688258     
   4.1479936140046680       -2.0462996698205806       0.98467118217021732     
   3.7932907661914856       -3.0613977222070998        1.8091684023199974     
   6.9617684441024350      -0.29018554790128864        1.3129711577775010     
   5.4380935540289643       -2.6492765820768924       -1.6178738104086732     
   5.2902100656693998       -2.1909514102017384      -0.89343323451798218     
   3.6060165230878631        2.7401708653225541       0.25431535519075682     
   2.5781660804604800        2.9219589872411182      -0.16630183939519763     
   3.1325082590550624        2.8809944367844547        6.5739583827347514E-002
   3.4567163863245844       0.14343471719887319      -0.10265896630620619     
   2.1477346576913026       0.64347011036016522      -0.49890032594320333     
  0.48149092399673910       -1.7047557213285867       -1.5780412915261584     
  0.85898392381746669       -1.5030670726967086       -1.4607321559797746     
  0.40525384912488355       -2.8267303481161190       -1.9235124485641051     
  0.36458066771747000       -2.5566030422000523       -1.8935184977995534     
   4.8038707655912401E-002  0.18940749037400964       -3.1570505498982380     
 -0.13156742174374370       0.80842562628357562       -2.9398020836987255     
   8.4940626745247924E-002  -8.3667974858601446E-002  -3.0940223460188263     
  -1.3642247453286815       0.70437556238111665       0.13015657168674288     
  -1.4507089616792417      -0.46452192154045752       0.66598390580719824     
  -1.8919366806394371      -0.72471930799308582        1.5851104346526923     
  -1.8282659498113705      -0.88557883784154212        1.9042720895208063     
  -3.3603992949464714      -0.92132340688518122      -0.67738344608366696     
  -4.5498589121614952       -1.5429064112815458       -1.3151327954898044     
  -4.0204667784459787       -1.3701345597223917       -1.2406801092789539     
  -4.3358447697264149       -1.3538240309900658       -1.0782403034320560     
  -2.8095527945876455        3.2324438437192122       0.41419024497875262     
  -2.5832635606589727        1.6573158046138685       0.32957507940538139     
  -2.6391298963461827        2.4659506673617630       0.31470185454387606     
First
                         Total        1.028905585E+00
Step size:       0.20
Step size in Bohr:       0.38
Learning Rate:       1.00
# Steps:        100
                         Error  1        9.985684030E-01
                         Error  2        9.693902493E-01
                         Error  3        9.413492681E-01
                         Error  4        9.144223091E-01
                         Error  5        8.885850634E-01
                         Error  6        8.638121968E-01
                         Error  7        8.400774773E-01
                         Error  8        8.173538992E-01
                         Error  9        7.956138018E-01
                         Error 10        7.748289826E-01
                         Error 11        7.549708057E-01
                         Error 12        7.360103059E-01
                         Error 13        7.179182863E-01
                         Error 14        7.006654134E-01
                         Error 15        6.842223058E-01
                         Error 16        6.685596200E-01
                         Error 17        6.536481314E-01
                         Error 18        6.394588112E-01
                         Error 19        6.259628989E-01
                         Error 20        6.131319717E-01
                         Error 21        6.009380083E-01
                         Error 22        5.893534491E-01
                         Error 23        5.783512522E-01
                         Error 24        5.679049443E-01
                         Error 25        5.579886667E-01
                         Error 26        5.485772176E-01
                         Error 27        5.396460880E-01
                         Error 28        5.311714939E-01
                         Error 29        5.231304028E-01
                         Error 30        5.155005553E-01
                         Error 31        5.082604825E-01
                         Error 32        5.013895177E-01
                         Error 33        4.948678043E-01
                         Error 34        4.886762991E-01
                         Error 35        4.827967709E-01
                         Error 36        4.772117966E-01
                         Error 37        4.719047524E-01
                         Error 38        4.668598025E-01
                         Error 39        4.620618847E-01
                         Error 40        4.574966938E-01
                         Error 41        4.531506621E-01
                         Error 42        4.490109389E-01
                         Error 43        4.450653674E-01
                         Error 44        4.413024614E-01
                         Error 45        4.377113806E-01
                         Error 46        4.342819046E-01
                         Error 47        4.310044077E-01
                         Error 48        4.278698323E-01
                         Error 49        4.248696630E-01
                         Error 50        4.219959007E-01
                         Error 51        4.192410368E-01
                         Error 52        4.165980278E-01
                         Error 53        4.140602713E-01
                         Error 54        4.116215812E-01
                         Error 55        4.092761650E-01
                         Error 56        4.070186011E-01
                         Error 57        4.048438173E-01
                         Error 58        4.027470699E-01
                         Error 59        4.007239238E-01
                         Error 60        3.987702337E-01
                         Error 61        3.968821259E-01
                         Error 62        3.950559815E-01
                         Error 63        3.932884193E-01
                         Error 64        3.915762813E-01
                         Error 65        3.899166176E-01
                         Error 66        3.883066730E-01
                         Error 67        3.867438738E-01
                         Error 68        3.852258156E-01
                         Error 69        3.837502522E-01
                         Error 70        3.823150847E-01
                         Error 71        3.809183512E-01
                         Error 72        3.795582180E-01
                         Error 73        3.782329700E-01
                         Error 74        3.769410032E-01
                         Error 75        3.756808164E-01
                         Error 76        3.744510046E-01
                         Error 77        3.732502517E-01
                         Error 78        3.720773248E-01
                         Error 79        3.709310680E-01
                         Error 80        3.698103974E-01
                         Error 81        3.687142956E-01
                         Error 82        3.676418071E-01
                         Error 83        3.665920343E-01
                         Error 84        3.655641332E-01
                         Error 85        3.645573095E-01
                         Error 86        3.635708153E-01
                         Error 87        3.626039458E-01
                         Error 88        3.616560365E-01
                         Error 89        3.607264598E-01
                         Error 90        3.598146231E-01
                         Error 91        3.589199660E-01
                         Error 92        3.580419583E-01
                         Error 93        3.571800975E-01
                         Error 94        3.563339073E-01
                         Error 95        3.555029358E-01
                         Error 96        3.546867537E-01
                         Error 97        3.538849525E-01
                         Error 98        3.530971439E-01
                         Error 99        3.523229576E-01
                         Error100        3.515620405E-01
                         Error        3.515620405E-01
