-xyz
global_fitted_global.xyz
-dens
/home/unibas/boittier/RDKit_G2/B.pdb/SCAN_1_2_3_4_S_36_10.0/21_SCAN/B.d.cube
-esp
/home/unibas/boittier/RDKit_G2/B.pdb/SCAN_1_2_3_4_S_36_10.0/21_SCAN/B.p.cube
-stepsize
0.2
-n_steps
0
-learning_rate
0.5
  -3.7253160591901882        2.7460197432761038       -1.3566199520468074     
  -3.2097835862903623       0.30583963962327709       0.31036713673593391     
  -2.8644335650198234       0.35766732787204814      -0.62024440507913270     
  -5.8792827383719821      -0.86499494156263224       0.16298148413923305     
  -2.9672976826857247        8.6921929843717397E-002 -0.85001634383854996     
  -1.1625019627780235      -0.61844169266148241       0.55741180140671509     
  -1.6515958558070567       -3.3102739128668488        1.3004320235489735     
  -2.6360376982645115       -1.2331976866631693       0.55900469090203797     
  -2.0052130702544435       -1.0054377824379925       0.52968100900945103     
   2.4405398349693646      -0.93041808344796229       -2.4492497361293632E-002
   2.5364900434013431       -1.0747288767500343       -1.7973571974291384E-002
   3.2599188129585022       -2.3331708118201742      -0.35732805044380689     
   2.7643461135751433       -1.7854157067355942      -0.28091583054092706     
  0.48333043749381388       0.52778520077580160       0.30426975625720137     
  0.89435835961063403       0.46671070788324298       0.55742984917476279     
  0.89126339749220773       0.73584869310904111      -0.68775248047887616     
   1.5445721529978185      -0.36060335524204973       -9.2056955517736370E-003
   1.7327616816613853        1.9715084307480015        1.0834919166670098     
   1.4911056674200127        2.0995367154227416      -0.79554041859080948     
   3.9964847145468148        2.9733062850647820      -0.17087249936911744     
  0.11278578736858721        4.1202981164854755       0.54948830834701901     
First
                         Total        6.600030199E-01
Step size:       0.20
Step size in Bohr:       0.38
Learning Rate:       1.00
# Steps:          0
                         Error        6.600030199E-01
