-xyz
refined.xyz
-dens
../../cube_files/fbuta/3_SCAN_1_2_3_4_F/B.d.cube
-esp
../../cube_files/fbuta/3_SCAN_1_2_3_4_F/B.p.cube
-stepsize
0.2
-n_steps
100
-learning_rate
0.5
  -3.2461351604065656        1.6844516579962787       -2.3881819281669405     
  -3.4917081001370507       0.17628817826114002       0.44599332376091250     
  -6.2962836998647118      -0.77721548543103625      -0.13751006645648017     
  -4.0228762991379448      -0.72959895230584060        1.3269509199473138E-002
  -3.4240610842101216      -0.94768113810902332      -0.51670732052316071     
  -2.6850392059790527       -1.2294328544277653       0.71869714017547326     
  -1.4724042731577720      -0.61501197245516992        1.6539966562403410     
  -2.2540861808945221      -0.89204089176197754       0.52350154668668780     
  -1.3165087285209318      -0.44156592694005625       0.71066433714201727     
  -1.9984700338466392       -2.8359488361048197        2.6893840509668516     
   1.5166595127073452        3.0151938104572511       0.18861521624490177     
   1.4166321609316173        2.3588423251481236       0.35079415267113945     
   1.4092434720249951        1.5612464431185398       0.18747792369394345     
   1.4683589571717870        2.6442494785344137       0.10679810286570857     
  0.81282928800142673      -0.38245943055974024        5.5537582197929154E-003
   1.0134015950368442       0.38925519275459186       0.31310316683886152     
  0.70861863788269652      -0.90028386143751082       0.19645081746928511     
   1.2941848887109353      -0.64693520125243154       0.61068845918457548     
   5.1734480892843848      -0.76034491007435923      -0.92158182980788661     
   1.9394100177316744       -1.5378609914864030       -2.7756239220340800E-002
   2.3578470399458729       -1.0797259168461975      -0.66679541333578363     
   2.7714985190474057      -0.76278300636904761      -0.35357370323510362     
   2.7025666873618563       -1.1327704050449747      -0.10245619708829495     
   2.5467625875941073       -3.8695928560873645       -1.2393535003510470     
   2.6354964131912944       -3.8002995531622132      -0.91849010828048572     
First
                         Total        6.622444133E-01
Step size:       0.20
Step size in Bohr:       0.38
Learning Rate:       1.00
# Steps:        100
                         Error  1        6.573132737E-01
                         Error  2        6.526703402E-01
                         Error  3        6.482965578E-01
                         Error  4        6.441739900E-01
                         Error  5        6.402857770E-01
                         Error  6        6.366160919E-01
                         Error  7        6.331500952E-01
                         Error  8        6.298738899E-01
                         Error  9        6.267744755E-01
                         Error 10        6.238397020E-01
                         Error 11        6.210582255E-01
                         Error 12        6.184194634E-01
                         Error 13        6.159135515E-01
                         Error 14        6.135313022E-01
                         Error 15        6.112641636E-01
                         Error 16        6.091041805E-01
                         Error 17        6.070439576E-01
                         Error 18        6.050766231E-01
                         Error 19        6.031957947E-01
                         Error 20        6.013955477E-01
                         Error 21        5.996703841E-01
                         Error 22        5.980152034E-01
                         Error 23        5.964252757E-01
                         Error 24        5.948962157E-01
                         Error 25        5.934239585E-01
                         Error 26        5.920047372E-01
                         Error 27        5.906350614E-01
                         Error 28        5.893116972E-01
                         Error 29        5.880316491E-01
                         Error 30        5.867921421E-01
                         Error 31        5.855906059E-01
                         Error 32        5.844246598E-01
                         Error 33        5.832920986E-01
                         Error 34        5.821908795E-01
                         Error 35        5.811191103E-01
                         Error 36        5.800750377E-01
                         Error 37        5.790570374E-01
                         Error 38        5.780636039E-01
                         Error 39        5.770933419E-01
                         Error 40        5.761449578E-01
                         Error 41        5.752172522E-01
                         Error 42        5.743091125E-01
                         Error 43        5.734195065E-01
                         Error 44        5.725474763E-01
                         Error 45        5.716921325E-01
                         Error 46        5.708526493E-01
                         Error 47        5.700282592E-01
                         Error 48        5.692182491E-01
                         Error 49        5.684219557E-01
                         Error 50        5.676387620E-01
                         Error 51        5.668680937E-01
                         Error 52        5.661094158E-01
                         Error 53        5.653622298E-01
                         Error 54        5.646260711E-01
                         Error 55        5.639005060E-01
                         Error 56        5.631851296E-01
                         Error 57        5.624795636E-01
                         Error 58        5.617834544E-01
                         Error 59        5.610964710E-01
                         Error 60        5.604183034E-01
                         Error 61        5.597486612E-01
                         Error 62        5.590872719E-01
                         Error 63        5.584338796E-01
                         Error 64        5.577882439E-01
                         Error 65        5.571501385E-01
                         Error 66        5.565193505E-01
                         Error 67        5.558956791E-01
                         Error 68        5.552789349E-01
                         Error 69        5.546689390E-01
                         Error 70        5.540655220E-01
                         Error 71        5.534685238E-01
                         Error 72        5.528777927E-01
                         Error 73        5.522931844E-01
                         Error 74        5.517145623E-01
                         Error 75        5.511417961E-01
                         Error 76        5.505747619E-01
                         Error 77        5.500133415E-01
                         Error 78        5.494574223E-01
                         Error 79        5.489068964E-01
                         Error 80        5.483616607E-01
                         Error 81        5.478216166E-01
                         Error 82        5.472866692E-01
                         Error 83        5.467567277E-01
                         Error 84        5.462317047E-01
                         Error 85        5.457115161E-01
                         Error 86        5.451960808E-01
                         Error 87        5.446853207E-01
                         Error 88        5.441791603E-01
                         Error 89        5.436775268E-01
                         Error 90        5.431803497E-01
                         Error 91        5.426875605E-01
                         Error 92        5.421990930E-01
                         Error 93        5.417148831E-01
                         Error 94        5.412348683E-01
                         Error 95        5.407589879E-01
                         Error 96        5.402871829E-01
                         Error 97        5.398193960E-01
                         Error 98        5.393555710E-01
                         Error 99        5.388956534E-01
                         Error100        5.384395900E-01
                         Error        5.384395900E-01
