-xyz
refined.xyz
-dens
/home/unibas/boittier/RDKit_G2/B.pdb/SCAN_1_2_3_4_S_36_-10.0/18_SCAN_1_2_3_4_F/B.d.cube
-esp
/home/unibas/boittier/RDKit_G2/B.pdb/SCAN_1_2_3_4_S_36_-10.0/18_SCAN_1_2_3_4_F/B.p.cube
-stepsize
0.2
-n_steps
50
-learning_rate
0.5
  -3.8357737899373614        2.6738767816756712        5.9854233861330996E-003
  -3.4980993686233357      -0.39235321611219753       0.86491818096547413     
  -6.3186850211354182       -1.0978689911936246        1.0198572606135014E-003
  -4.0483488552393334      -0.83501186554136164       -9.1774260781224776E-002
  -3.6109188832334209      -0.44931698902899242      -0.62095056414765815     
  -2.5754948983707706       -1.5047720880316477       0.26496106964165494     
  -1.4273706968086359       -1.2933958463381368      -0.95256280846977992     
  -2.0222040606008491       -1.3652457111831977       0.25494137097032032     
  -1.0529963459239755       -1.2129406567655909       -3.0283041679790711E-003
  -1.5394754287325891       -3.8779380353499642       -5.7882359367067822E-002
   3.2575315160077052       -2.0242305634697986        6.6883515030991304E-003
   2.7603523923102284       -1.6113085703057337      -0.13879749290327048     
   2.2671110721931651      -0.95899729017170099       -2.0849382504211991E-002
   3.0062592819258209       -1.7610167403811383        9.2360390310748150E-002
  0.65264426276329024       0.21839796621326052       0.20671479161188744     
   1.2336648329934250      -0.31360524132963352       -9.7534562364192792E-002
  0.23456137394680049       0.51377675677875612        4.0877923587638421E-002
  0.76470742994768293       0.61857095497816272      -0.47160116946401281     
   3.9293219144441327        3.2706756061556099       -4.7819588470517420E-002
  0.82805613724369431        1.8023659553000968      -0.14619611440343491     
   1.5172039079970754        1.8180767854875548       0.39685462361773477     
   1.9751963218170832        1.7468988601462840        6.1024149730234635E-003
   1.6549948338528366        1.9367776833299135      -0.22296459333298674     
   4.5324055660051918E-002   4.2461618725410188       0.69119841833240014     
  0.13973378909496095        4.1836468556768791       0.37884572083928364     
First
                         Total        5.813658775E-01
Step size:       0.20
Step size in Bohr:       0.38
Learning Rate:       1.00
# Steps:         50
                         Error  1        5.797375539E-01
                         Error  2        5.781818371E-01
                         Error  3        5.766929096E-01
                         Error  4        5.752654457E-01
                         Error  5        5.738945715E-01
                         Error  6        5.725758279E-01
                         Error  7        5.713051359E-01
                         Error  8        5.700787653E-01
                         Error  9        5.688933054E-01
                         Error 10        5.677456378E-01
                         Error 11        5.666329118E-01
                         Error 12        5.655525216E-01
                         Error 13        5.645020854E-01
                         Error 14        5.634794260E-01
                         Error 15        5.624825532E-01
                         Error 16        5.615096478E-01
                         Error 17        5.605590465E-01
                         Error 18        5.596292285E-01
                         Error 19        5.587188034E-01
                         Error 20        5.578264991E-01
                         Error 21        5.569511521E-01
                         Error 22        5.560916978E-01
                         Error 23        5.552471618E-01
                         Error 24        5.544166519E-01
                         Error 25        5.535993510E-01
                         Error 26        5.527945106E-01
                         Error 27        5.520014446E-01
                         Error 28        5.512195238E-01
                         Error 29        5.504481710E-01
                         Error 30        5.496868564E-01
                         Error 31        5.489350936E-01
                         Error 32        5.481924352E-01
                         Error 33        5.474584702E-01
                         Error 34        5.467328201E-01
                         Error 35        5.460151366E-01
                         Error 36        5.453050984E-01
                         Error 37        5.446024094E-01
                         Error 38        5.439067959E-01
                         Error 39        5.432180054E-01
                         Error 40        5.425358038E-01
                         Error 41        5.418599747E-01
                         Error 42        5.411903173E-01
                         Error 43        5.405266453E-01
                         Error 44        5.398687854E-01
                         Error 45        5.392165765E-01
                         Error 46        5.385698685E-01
                         Error 47        5.379285212E-01
                         Error 48        5.372924037E-01
                         Error 49        5.366613935E-01
                         Error 50        5.360353757E-01
                         Error        5.360353757E-01
