-xyz
refined.xyz
-dens
/home/unibas/boittier/RDKit_G2/B.pdb/SCAN_1_2_3_4_S_36_-10.0/9_SCAN_1_2_3_4_F/B.d.cube
-esp
/home/unibas/boittier/RDKit_G2/B.pdb/SCAN_1_2_3_4_S_36_-10.0/9_SCAN_1_2_3_4_F/B.p.cube
-stepsize
0.2
-n_steps
0
-learning_rate
0.5
  -3.2094657317081761       0.55788955608885193       -3.0940331178926104     
  -3.4953447827350081       0.93678856894993379       0.10054098912305848     
  -6.3805388337940219        5.2368789993868049E-002   9.2215261504747681E-002
  -4.1019173697793621       -2.0315698798217485E-002  0.23701526782223797     
  -3.5522051387940086      -0.53096726887974566       -7.9132267049307120E-002
  -2.6893878267126614        7.5544756022519963E-002   1.4728561168698273     
  -1.9407108513745130      -0.23781634587287734        2.8901886274605319E-002
  -2.1536014227757421      -0.12251894745903495        1.4086264006123548     
  -1.3125109903683543      -0.29167238527439909       0.78281130850543368     
  -2.1597009516250978      -0.45406917846804823        3.6602069373485642     
   2.2413226015804444       -2.7925213293486952      -0.31283527572612163     
   1.9062260932792554       -2.1947308594334074      -0.35440943960692384     
   1.7643651666053892       -1.4186561324050520      -0.16294476544495803     
   2.1409345123074348       -2.4408326964373259      -0.18067067354410132     
  0.82091275861416646       0.30933044676239324       0.41512453483429840     
   1.0567377027373326      -0.39870063582839660       -7.4251783689114857E-003
  0.51031466780238699       0.77215452631954873       0.33064147241072306     
  0.87340612433209219       0.65384565937411065      -0.32898284608763684     
   4.8190616907908899        1.9142202982796261      -0.79926049860755766     
   1.4689143103165969        1.7257267938398002       -2.2267702486499823E-002
   2.2431426427488272        1.4442581953128542       0.31769176301702640     
   2.5351798350578796        1.2293943245501238      -0.17300115433783139     
   2.2548488820030412        1.5440269534781810      -0.34167775325324706     
   1.9010839297473634        4.2184559383007088       0.89042128038247270     
   1.8426470920596789        4.1557302438820471       0.57101923685822897     
First
                         Total        1.167892472E+00
Step size:       0.20
Step size in Bohr:       0.38
Learning Rate:       1.00
# Steps:          0
                         Error        1.167892472E+00
