-xyz
refined.xyz
-dens
../../cube_files/fbutone/17_SCAN_1_2_6_8_F/N.d.cube
-esp
../../cube_files/fbutone/17_SCAN_1_2_6_8_F/N.p.cube
-stepsize
0.2
-n_steps
100
-learning_rate
0.5
  -3.7319382212602781        3.2032664174237748      -0.59244786479370204     
  -3.0670966075653743        1.8849209986882969       -7.2427591739356112E-003
  -2.8664499777209302        2.3572127945013190       0.90243204250754328     
  -2.3873900612054433        3.1628537591966315        1.7180720713840920     
  -6.2748602292209208        2.4262286219589897       0.54632210345183485     
  -3.1271838565619481        3.4065272753297537       -1.9336451622528879     
  -3.4631440949411085        2.9815105044116268       -1.1421183786148723     
  -4.7914742567569739       -1.9518251633615658       0.50329449165041729     
  -4.0718590156406229       -2.6390127901585592       0.20578319417450339     
  -4.4465354787639173       -2.3316918183620876       0.30814419611981964     
  -3.3808785177764538        9.7499065212383440E-002 -0.21518625961566940     
  -2.4956722816272081       -1.0936876931020516      -0.39911175699994828     
  0.23420730801613773      -0.80639812093003416      -0.92685068463927467     
 -0.14371091863945309       -5.9203352967722382E-002  -1.2174372070949577     
 -0.13668571283446310      -0.34667359878548981       -3.5871183148615242     
 -0.16869358202573559      -0.57551910900881009       -3.1109330246278466     
  -8.0552147994558676E-002  -2.7659612457400087       -1.4494205454930575     
   3.2667070946497415E-002  -3.0452426848594052      -0.72174606143453479     
 -0.11205416763280604       -2.7678280050629556       -1.5432141496341540     
   1.2427314321581162      -0.30138466425545096       0.70982497076289197     
   1.4341328441863062       0.71347087868543457       -6.1083838976619065E-002
   2.0926367840507401        1.6265599105443951      -0.14607069721944874     
   2.1390899421883751        1.9255018189287338      -0.14935094316256828     
   3.3776296690443011      -0.64577041240760713      -0.65720198957539222     
   4.6244180126567906       -1.2703019306250354       -1.1254727702761771     
   4.1065115030075967       -1.1882490803285084       -1.0311445619047481     
   4.4027454863974089       -1.0800039417141376      -0.90328889304697635     
   1.8772803344840991      -0.63977425222428785        3.3978067234411564     
   2.0603609940644492      -0.26153026690847725        1.8505668807741225     
   1.8974682008019015      -0.58217612401935781        2.6192503791149480     
First
                         Total        1.048540644E+00
Step size:       0.20
Step size in Bohr:       0.38
Learning Rate:       1.00
# Steps:        100
                         Error  1        1.040391213E+00
                         Error  2        1.032606439E+00
                         Error  3        1.025168101E+00
                         Error  4        1.018058653E+00
                         Error  5        1.011261222E+00
                         Error  6        1.004759611E+00
                         Error  7        9.985382951E-01
                         Error  8        9.925824151E-01
                         Error  9        9.868777662E-01
                         Error 10        9.814107882E-01
                         Error 11        9.761685510E-01
                         Error 12        9.711387401E-01
                         Error 13        9.663096394E-01
                         Error 14        9.616701135E-01
                         Error 15        9.572095895E-01
                         Error 16        9.529180372E-01
                         Error 17        9.487859495E-01
                         Error 18        9.448043224E-01
                         Error 19        9.409646347E-01
                         Error 20        9.372588281E-01
                         Error 21        9.336792865E-01
                         Error 22        9.302188168E-01
                         Error 23        9.268706292E-01
                         Error 24        9.236283179E-01
                         Error 25        9.204858427E-01
                         Error 26        9.174375106E-01
                         Error 27        9.144779583E-01
                         Error 28        9.116021353E-01
                         Error 29        9.088052874E-01
                         Error 30        9.060829407E-01
                         Error 31        9.034308868E-01
                         Error 32        9.008451679E-01
                         Error 33        8.983220630E-01
                         Error 34        8.958580750E-01
                         Error 35        8.934499172E-01
                         Error 36        8.910945021E-01
                         Error 37        8.887889294E-01
                         Error 38        8.865304753E-01
                         Error 39        8.843165818E-01
                         Error 40        8.821448477E-01
                         Error 41        8.800130183E-01
                         Error 42        8.779189775E-01
                         Error 43        8.758607388E-01
                         Error 44        8.738364380E-01
                         Error 45        8.718443255E-01
                         Error 46        8.698827594E-01
                         Error 47        8.679501987E-01
                         Error 48        8.660451974E-01
                         Error 49        8.641663988E-01
                         Error 50        8.623125293E-01
                         Error 51        8.604823940E-01
                         Error 52        8.586748713E-01
                         Error 53        8.568889086E-01
                         Error 54        8.551235180E-01
                         Error 55        8.533777720E-01
                         Error 56        8.516508000E-01
                         Error 57        8.499417848E-01
                         Error 58        8.482499588E-01
                         Error 59        8.465746013E-01
                         Error 60        8.449150354E-01
                         Error 61        8.432706253E-01
                         Error 62        8.416407736E-01
                         Error 63        8.400249191E-01
                         Error 64        8.384225341E-01
                         Error 65        8.368331228E-01
                         Error 66        8.352562189E-01
                         Error 67        8.336913838E-01
                         Error 68        8.321382053E-01
                         Error 69        8.305962950E-01
                         Error 70        8.290652879E-01
                         Error 71        8.275448400E-01
                         Error 72        8.260346276E-01
                         Error 73        8.245343455E-01
                         Error 74        8.230437065E-01
                         Error 75        8.215624396E-01
                         Error 76        8.200902893E-01
                         Error 77        8.186270147E-01
                         Error 78        8.171723883E-01
                         Error 79        8.157261956E-01
                         Error 80        8.142882336E-01
                         Error 81        8.128583110E-01
                         Error 82        8.114362466E-01
                         Error 83        8.100218692E-01
                         Error 84        8.086150167E-01
                         Error 85        8.072155358E-01
                         Error 86        8.058232811E-01
                         Error 87        8.044381151E-01
                         Error 88        8.030599072E-01
                         Error 89        8.016885335E-01
                         Error 90        8.003238765E-01
                         Error 91        7.989658245E-01
                         Error 92        7.976142714E-01
                         Error 93        7.962691163E-01
                         Error 94        7.949302632E-01
                         Error 95        7.935976205E-01
                         Error 96        7.922711010E-01
                         Error 97        7.909506218E-01
                         Error 98        7.896361034E-01
                         Error 99        7.883274702E-01
                         Error100        7.870246496E-01
                         Error        7.870246496E-01
