-xyz
refined.xyz
-dens
/home/unibas/boittier/RDKit_G2/B.pdb/SCAN_1_2_3_4_S_36_10.0/15_SCAN/B.d.cube
-esp
/home/unibas/boittier/RDKit_G2/B.pdb/SCAN_1_2_3_4_S_36_10.0/15_SCAN/B.p.cube
-stepsize
0.2
-n_steps
100
-learning_rate
0.5
  -3.6695397357434447        2.7724740168089879       0.12425608167647834     
  -3.0590534742772677      -0.12535438651068773       0.63071754044041206     
  -2.8337394318636568       0.31750147263692691      -0.27431203647235908     
  -5.7760980076633324       -1.1756533026166098       0.21206533084998902     
  -2.9466416877085857       0.11707513406715031      -0.54672384818530861     
 -0.95851764146151364       -1.2319583616672323      -0.24824737536706723     
  -1.4880095259122141       -3.7957488501862504       -1.9637546550457345E-002
  -2.4054894204163753       -1.8685174288921544       -2.4705141815740052E-002
  -1.8358940717099839       -1.5198205972288283       -8.3797499107886322E-002
   1.3907164110102381        1.6081707267149823      -0.26551602868812840     
   1.3502766824514794        1.8649130181647129        4.4438223189847290E-002
   1.0243466865468385        3.2385425502637122      -0.13911672639388947     
   1.0295935889352086        2.5061272180884160      -0.11330608286916914     
  0.96787753403618904      -0.81894084176555759      -0.23898213730643325     
   1.1802944048604886      -0.49220428909190633      -0.55552509334981159     
   1.4922075530598620      -0.53437484162656279       0.67829080945966491     
   1.1444433289465770       0.59200884448922286      -0.12178761470633798     
   2.8970115469855666      -0.93783486380732284       -1.0612085994890974     
   2.8742758690665484       -1.0625689696584506       0.75491408013921601     
   5.2462249303944617       -4.0128193262460060E-002   8.1368270716411534E-002
   3.2415283494669915       -3.5878788019672370      -0.38557654495627941     
First
                         Total        9.092560762E+00
Step size:       0.20
Step size in Bohr:       0.38
Learning Rate:       1.00
# Steps:        100
                         Error  1        9.029899808E+00
                         Error  2        8.967438293E+00
                         Error  3        8.905179356E+00
                         Error  4        8.843126189E+00
                         Error  5        8.781282036E+00
                         Error  6        8.719650192E+00
                         Error  7        8.658234006E+00
                         Error  8        8.597036879E+00
                         Error  9        8.536062264E+00
                         Error 10        8.475313670E+00
                         Error 11        8.414794656E+00
                         Error 12        8.354508836E+00
                         Error 13        8.294459878E+00
                         Error 14        8.234651504E+00
                         Error 15        8.175087486E+00
                         Error 16        8.115771654E+00
                         Error 17        8.056707887E+00
                         Error 18        7.997900120E+00
                         Error 19        7.939352337E+00
                         Error 20        7.881068577E+00
                         Error 21        7.823052928E+00
                         Error 22        7.765309532E+00
                         Error 23        7.707842576E+00
                         Error 24        7.650656300E+00
                         Error 25        7.593754991E+00
                         Error 26        7.537142983E+00
                         Error 27        7.480824656E+00
                         Error 28        7.424804433E+00
                         Error 29        7.369086783E+00
                         Error 30        7.313676214E+00
                         Error 31        7.258577275E+00
                         Error 32        7.203794551E+00
                         Error 33        7.149332666E+00
                         Error 34        7.095196273E+00
                         Error 35        7.041390061E+00
                         Error 36        6.987918743E+00
                         Error 37        6.934787062E+00
                         Error 38        6.881999782E+00
                         Error 39        6.829561685E+00
                         Error 40        6.777477573E+00
                         Error 41        6.725752260E+00
                         Error 42        6.674390569E+00
                         Error 43        6.623397328E+00
                         Error 44        6.572777368E+00
                         Error 45        6.522535517E+00
                         Error 46        6.472676595E+00
                         Error 47        6.423205412E+00
                         Error 48        6.374126761E+00
                         Error 49        6.325445411E+00
                         Error 50        6.277166106E+00
                         Error 51        6.229293560E+00
                         Error 52        6.181832446E+00
                         Error 53        6.134787393E+00
                         Error 54        6.088162984E+00
                         Error 55        6.041963743E+00
                         Error 56        5.996194134E+00
                         Error 57        5.950858551E+00
                         Error 58        5.905961315E+00
                         Error 59        5.861506664E+00
                         Error 60        5.817498749E+00
                         Error 61        5.773941625E+00
                         Error 62        5.730839245E+00
                         Error 63        5.688195453E+00
                         Error 64        5.646013978E+00
                         Error 65        5.604298426E+00
                         Error 66        5.563052270E+00
                         Error 67        5.522278849E+00
                         Error 68        5.481981358E+00
                         Error 69        5.442162839E+00
                         Error 70        5.402826178E+00
                         Error 71        5.363974097E+00
                         Error 72        5.325609147E+00
                         Error 73        5.287733700E+00
                         Error 74        5.250349948E+00
                         Error 75        5.213459893E+00
                         Error 76        5.177065340E+00
                         Error 77        5.141167896E+00
                         Error 78        5.105768964E+00
                         Error 79        5.070869736E+00
                         Error 80        5.036471189E+00
                         Error 81        5.002574082E+00
                         Error 82        4.969178955E+00
                         Error 83        4.936286120E+00
                         Error 84        4.903895663E+00
                         Error 85        4.872007439E+00
                         Error 86        4.840621071E+00
                         Error 87        4.809735952E+00
                         Error 88        4.779351237E+00
                         Error 89        4.749465848E+00
                         Error 90        4.720078475E+00
                         Error 91        4.691187571E+00
                         Error 92        4.662791358E+00
                         Error 93        4.634887828E+00
                         Error 94        4.607474743E+00
                         Error 95        4.580549640E+00
                         Error 96        4.554109832E+00
                         Error 97        4.528152414E+00
                         Error 98        4.502674264E+00
                         Error 99        4.477672052E+00
                         Error100        4.453142238E+00
                         Error        4.453142238E+00
