-xyz
refined.xyz
-dens
/home/unibas/boittier/RDKit_G2/B.pdb/SCAN_1_2_3_4_S_36_-10.0/16_SCAN/B.d.cube
-esp
/home/unibas/boittier/RDKit_G2/B.pdb/SCAN_1_2_3_4_S_36_-10.0/16_SCAN/B.p.cube
-stepsize
0.2
-n_steps
0
-learning_rate
0.5
  -3.8232748071595957        2.8757314630220119      -0.92053200873444008     
  -3.2182999864991544       0.22369119370533358       0.40876057462772331     
  -2.9170927885126381       0.42264894573604939      -0.56051877261921901     
  -5.8880715703120359      -0.95511846638105125       0.12562722467203011     
  -3.0053658854280045       0.15480033553420333      -0.77997586278590370     
  -1.1776899282114641      -0.63610435322328351       0.45916679616289074     
  -1.6023824788546934       -3.4569600002725109       0.87114498074678925     
  -2.6402379314693443       -1.2767770852054752       0.40397244266650040     
  -1.9966078492862380       -1.0905079777243172       0.38781876823631811     
   2.4706740580296924      -0.89680267562933047        3.2300401780598287E-002
   2.5671172771173647       -1.0628605932963613        4.6349735509108710E-002
   3.3267688908575299       -2.2938662901798370      -0.25115724184399218     
   2.8153215491421699       -1.7727818703853186      -0.19981113644092333     
  0.45923287512285910       0.54454982375065897       0.26571503417542364     
  0.87617974734316173       0.45854836908438840       0.53392159342857404     
  0.91763966785871476       0.72052366042406957      -0.71375626965481243     
   1.5552849831589146      -0.33270642021927704        4.3797284619012250E-003
   1.6766749995472954        2.0113825414528730        1.0553446663081463     
   1.5093518968184967        2.0916922490486267      -0.83439154025615925     
   3.9752181923123713        3.0219492185194485      -0.12432289636683438     
   4.1841243792887395E-002   4.1435320572971124       0.40104546347903841     
First
                         Total        1.534107886E+00
Step size:       0.20
Step size in Bohr:       0.38
Learning Rate:       1.00
# Steps:          0
                         Error        1.534107886E+00
