-xyz
global_fitted_global.xyz
-dens
/home/unibas/boittier/RDKit_G2/B.pdb/SCAN_1_2_3_4_S_36_10.0/15_SCAN/B.d.cube
-esp
/home/unibas/boittier/RDKit_G2/B.pdb/SCAN_1_2_3_4_S_36_10.0/15_SCAN/B.p.cube
-stepsize
0.2
-n_steps
0
-learning_rate
0.5
   3.7076173108451869        2.6668776809544403       -1.5285580764605082     
   3.1288728893857889      -0.10610338987503964      -0.67645618095672799     
   2.9154629988602982       0.60393470047555076       -2.7862764387656731E-002
   5.8798993489112483      -0.88187632362330026       0.10842005709026710     
   3.0398239246360390       0.56792448397062056       0.32131027637818682     
   1.2292751365470858      -0.59506188793529158        9.9365782126883961E-002
   1.6574998002323162       -3.2891659139716936        1.3528516728723692     
   2.6585137603331224       -1.2267689117904648       0.42664134632175332     
   2.0305754016161583      -0.99856283954333969       0.29638080534757527     
  -2.3984183691120355      -0.91814105396591184      -0.33541375633681042     
  -2.4893739680205336       -1.0498031694551282      -0.39424462362471807     
  -3.2582722993645361       -2.3327801574694562      -0.38395373151823298     
  -2.7687643902630987       -1.7806466590876937      -0.27671429616072057     
 -0.43974382098991455       0.53980043770957220        2.4293438650823975E-002
 -0.77691009929901433       0.51569688622808119      -0.35034347408535671     
  -1.1075545753036375       0.65475595867353864       0.87400139086865092     
  -1.5372195506489665      -0.36261521929751794       -5.1365498302612493E-002
  -1.4248287210497173        2.1539060773911207      -0.82956328120770439     
  -1.7807936048917758        1.9295881161383497        1.0227472059407572     
  -3.9890935591618444        2.9811049517590700      -0.17513888500589611     
 -0.10301675922999229        4.1154269406079500       0.57542841560478297     
First
                         Total        5.975759533E-01
Step size:       0.20
Step size in Bohr:       0.38
Learning Rate:       1.00
# Steps:          0
                         Error        5.975759533E-01
