-xyz
refined.xyz
-dens
/home/unibas/boittier/RDKit_G2/B.pdb/SCAN_1_2_3_4_S_36_10.0/8_SCAN/B.d.cube
-esp
/home/unibas/boittier/RDKit_G2/B.pdb/SCAN_1_2_3_4_S_36_10.0/8_SCAN/B.p.cube
-stepsize
0.2
-n_steps
10
-learning_rate
0.5
  -3.5212565764103285        2.6877906862285990      -0.96204778413408709     
  -3.0697943361107538       0.11047629561247711       0.49891949197036800     
  -2.8136475485569643       0.19102175900878898      -0.49978322374068668     
  -5.8133377676349891      -0.98906037381895806       0.37978303015221360     
  -2.9344112499693278       -8.8841511946229662E-002 -0.68623158520137317     
  -1.0441819274438759       -1.0466145797772302      -0.14571501873975284     
  -1.7554827378580782       -3.5507725363394504       0.21648146810607832     
  -2.5336616595976880       -1.5670020481917053       0.10527175161244137     
  -1.9409759759613590       -1.2631942478975975        3.0107264241270578E-002
   1.4858922215699546        1.6297632200479284      -0.30050932944395065     
   1.4470582451102452        1.8146648609064631      -0.33738917320653916     
   1.2259856711927604        3.2701970625421337      -0.22139673317552772     
   1.1839156878724924        2.5412895613837252      -0.16778950091188058     
  0.91771420189864805      -0.76730033390428842      -0.15185532470360966     
   1.1498865734367882      -0.47000759726317221      -0.48462297906979612     
   1.4570968974763614      -0.46701915065800598       0.75315546888508078     
   1.1781208057658989       0.63587576706605797      -0.10552711388645560     
   2.7815052818665595       -1.2533794286063493      -0.88441060541596850     
   2.7891744916421923       -1.0310263035231864        1.0012334483771299     
   5.2283411028800630      -0.31409816375013905        1.5898333478454062E-002
   2.9579941093523976       -3.7415973045682072       0.30031576763222784     
First
                         Total        3.940441631E+00
Step size:       0.20
Step size in Bohr:       0.38
Learning Rate:       1.00
# Steps:         10
                         Error  1        3.929832669E+00
                         Error  2        3.919458711E+00
                         Error  3        3.909314473E+00
                         Error  4        3.899394733E+00
                         Error  5        3.889694334E+00
                         Error  6        3.880208187E+00
                         Error  7        3.870931268E+00
                         Error  8        3.861858628E+00
                         Error  9        3.852985390E+00
                         Error 10        3.844306749E+00
                         Error        3.844306749E+00
