-xyz
refined.xyz
-dens
/home/unibas/boittier/RDKit_G2/B.pdb/SCAN_1_2_3_4_S_36_-10.0/16_SCAN_1_2_3_4_F/B.d.cube
-esp
/home/unibas/boittier/RDKit_G2/B.pdb/SCAN_1_2_3_4_S_36_-10.0/16_SCAN_1_2_3_4_F/B.p.cube
-stepsize
0.2
-n_steps
5
-learning_rate
0.5
  -3.7580383685671577        2.5708678650971746      -0.93040528602762040     
  -3.5147160653419012      -0.15549699614734430       0.78190029893508450     
  -6.3305004725719538      -0.99488215274386982        7.9751466651456174E-002
  -4.0639529289578817      -0.79415656756887631       -9.4435558790000006E-003
  -3.5600192910208421      -0.61694348132636601      -0.62480724025591150     
  -2.5861051325073028       -1.4295068583892914       0.55651719045564840     
  -1.5184027581045170       -1.2430816908027309      -0.71773991851179175     
  -2.0111101305081411       -1.3823349099015751       0.57474571685608922     
  -1.0725625852563736       -1.1757899207069586       0.17035263207712995     
  -1.5958498571064323       -3.7298134476058640       0.94643141048167401     
   3.2493259955877094       -2.0694361010191908      -0.23193753859936286     
   2.7364163236119978       -1.6265142654567548      -0.32597275466915260     
   2.2756763820429002      -0.98711444577850049      -0.12560540544727100     
   3.0083667064224651       -1.7928970340971810      -0.11691031019754761     
  0.67839848023958427       0.20977334581937110       0.29694326432548923     
   1.2324760463750617      -0.32172167528338774       -8.2286941835087432E-002
  0.23897588353707327       0.52387815421355022       0.18189503842588028     
  0.73583402808562592       0.63924311636548403      -0.39669481015922786     
   3.9414449479347371        3.2511018423041120      -0.15571189045583261     
  0.81954345923209260        1.8089095616914446        1.4540740361114388E-002
   1.5810079669799548        1.7939979821637930       0.46437797293265626     
   2.0003677404275004        1.7394361792193831        3.1150296256781167E-002
   1.6515858547277988        1.9589660602871437      -0.17570310618706389     
  0.17602722073531238        4.1975660864403963        1.0913895547588142     
  0.19868731185298777        4.1469116885931774       0.76853795186108553     
First
                         Total        9.405905510E-01
Step size:       0.20
Step size in Bohr:       0.38
Learning Rate:       1.00
# Steps:          5
                         Error  1        9.335598568E-01
                         Error  2        9.268177519E-01
                         Error  3        9.203469732E-01
                         Error  4        9.141312060E-01
                         Error  5        9.081550507E-01
                         Error        9.081550507E-01
