-xyz
refined.xyz
-dens
../../cube_files/fbutone/6_SCAN_1_2_6_8_F/N.d.cube
-esp
../../cube_files/fbutone/6_SCAN_1_2_6_8_F/N.p.cube
-stepsize
0.2
-n_steps
100
-learning_rate
0.5
  -5.8520987028387568       -1.7041284838392914       0.87247688595061579     
  -4.5966289700399434       -1.3125991593061275       -7.1306904678198779E-002
  -5.0563589229814845       -1.7974434048141692      -0.81476396807551144     
  -5.3133536764725475       -2.8078142539724600       -1.5649990982607305     
  -7.3281777736524152       0.58021987063208691       -9.3266851464331973E-002
  -5.3362618975416760       -2.1511146605661606        2.1825061055191712     
  -5.4195347168623824       -1.7005974115912661        1.3584766908020496     
  -3.2036192226628377        2.7663045475420307        7.8430649562372987E-002
  -2.1076230519005894        2.7019948683225214      -0.10968716586516358     
  -2.6871076004564043        2.7963537925883046        1.3839937685337473E-002
  -3.5483042776044678       0.18129993119225343      -0.10986093414194685     
  -2.1111967664008962       0.37507300705669538      -0.23001757792376815     
 -0.70745809953888950       -1.9257992472389887       -1.4543359550526755     
  -1.1706711678601667       -2.0831748827226315      -0.56662760809894031     
 -0.43629342586199582       -2.1627504739577894       -2.6370675535353700     
 -0.34555688400932288       -1.9561537956240085       -2.4645002203737105     
 -0.52293935980520911       -2.9575533780148926       0.45198706971660885     
 -0.31197175840045571       -2.6185589107839564        1.0583481039346667     
 -0.45110089949526810       -2.8052117744725753       0.16636358423161571     
   1.3504801822225203       0.19113185049969225       0.72518092034614501     
   1.6356225323799005       0.52585561850374152      -0.47652937619252878     
   2.4415851871361056        1.1338031710640153      -0.97243850832973522     
   2.4778971163954489        1.3729632272283796       -1.2915484538454289     
   3.2999428084835545       -1.2832724066107419      -0.20182846324157067     
   4.3906642406317156       -2.2811425531240488      -0.31178778079297664     
   3.8998797248895682       -2.0573600415301971      -0.32015528956127787     
   4.2290352197020411       -1.9602500059019086      -0.26512343227865537     
   2.2599115559181473        1.1344200123906671        3.2201901593139031     
   2.3143495935037972       0.61372808623078934        1.7217627126289972     
   2.2428622725058074       0.82937464005842931        2.4853990176443483     
First
                         Total        1.261693269E+00
Step size:       0.20
Step size in Bohr:       0.38
Learning Rate:       1.00
# Steps:        100
                         Error  1        1.237422197E+00
                         Error  2        1.214018999E+00
                         Error  3        1.191461869E+00
                         Error  4        1.169728504E+00
                         Error  5        1.148796193E+00
                         Error  6        1.128641910E+00
                         Error  7        1.109242396E+00
                         Error  8        1.090574244E+00
                         Error  9        1.072613977E+00
                         Error 10        1.055338126E+00
                         Error 11        1.038723301E+00
                         Error 12        1.022746257E+00
                         Error 13        1.007383960E+00
                         Error 14        9.926136413E-01
                         Error 15        9.784128552E-01
                         Error 16        9.647595236E-01
                         Error 17        9.516319820E-01
                         Error 18        9.390090177E-01
                         Error 19        9.268699039E-01
                         Error 20        9.151944290E-01
                         Error 21        9.039629221E-01
                         Error 22        8.931562733E-01
                         Error 23        8.827559505E-01
                         Error 24        8.727440118E-01
                         Error 25        8.631031150E-01
                         Error 26        8.538165231E-01
                         Error 27        8.448681068E-01
                         Error 28        8.362423441E-01
                         Error 29        8.279243173E-01
                         Error 30        8.198997078E-01
                         Error 31        8.121547884E-01
                         Error 32        8.046764141E-01
                         Error 33        7.974520107E-01
                         Error 34        7.904695628E-01
                         Error 35        7.837176000E-01
                         Error 36        7.771851819E-01
                         Error 37        7.708618833E-01
                         Error 38        7.647377771E-01
                         Error 39        7.588034186E-01
                         Error 40        7.530498278E-01
                         Error 41        7.474684726E-01
                         Error 42        7.420512514E-01
                         Error 43        7.367904757E-01
                         Error 44        7.316788530E-01
                         Error 45        7.267094695E-01
                         Error 46        7.218757739E-01
                         Error 47        7.171715603E-01
                         Error 48        7.125909525E-01
                         Error 49        7.081283883E-01
                         Error 50        7.037786039E-01
                         Error 51        6.995366194E-01
                         Error 52        6.953977245E-01
                         Error 53        6.913574645E-01
                         Error 54        6.874116271E-01
                         Error 55        6.835562297E-01
                         Error 56        6.797875071E-01
                         Error 57        6.761018997E-01
                         Error 58        6.724960423E-01
                         Error 59        6.689667535E-01
                         Error 60        6.655110253E-01
                         Error 61        6.621260135E-01
                         Error 62        6.588090284E-01
                         Error 63        6.555575259E-01
                         Error 64        6.523690995E-01
                         Error 65        6.492414720E-01
                         Error 66        6.461724881E-01
                         Error 67        6.431601075E-01
                         Error 68        6.402023978E-01
                         Error 69        6.372975286E-01
                         Error 70        6.344437652E-01
                         Error 71        6.316394630E-01
                         Error 72        6.288830623E-01
                         Error 73        6.261730830E-01
                         Error 74        6.235081200E-01
                         Error 75        6.208868388E-01
                         Error 76        6.183079714E-01
                         Error 77        6.157703118E-01
                         Error 78        6.132727129E-01
                         Error 79        6.108140827E-01
                         Error 80        6.083933810E-01
                         Error 81        6.060096164E-01
                         Error 82        6.036618432E-01
                         Error 83        6.013491591E-01
                         Error 84        5.990707022E-01
                         Error 85        5.968256486E-01
                         Error 86        5.946132106E-01
                         Error 87        5.924326341E-01
                         Error 88        5.902831967E-01
                         Error 89        5.881642062E-01
                         Error 90        5.860749984E-01
                         Error 91        5.840149356E-01
                         Error 92        5.819834052E-01
                         Error 93        5.799798183E-01
                         Error 94        5.780036079E-01
                         Error 95        5.760542283E-01
                         Error 96        5.741311534E-01
                         Error 97        5.722338758E-01
                         Error 98        5.703619056E-01
                         Error 99        5.685147698E-01
                         Error100        5.666920111E-01
                         Error        5.666920111E-01
