-xyz
refined.xyz
-dens
/home/unibas/boittier/RDKit_G2/B.pdb/SCAN_1_2_3_4_S_36_-10.0/19_SCAN/B.d.cube
-esp
/home/unibas/boittier/RDKit_G2/B.pdb/SCAN_1_2_3_4_S_36_-10.0/19_SCAN/B.p.cube
-stepsize
0.2
-n_steps
10
-learning_rate
0.5
   3.8934602921379100        2.9167195998473772      -0.59607356807247658     
   3.1975781918785193        2.1802810957021593E-002 -0.62549769086390727     
   2.9522949295427754       0.54189049766077846       0.23839579325387561     
   5.8772909695674640       -1.0393172523387788        4.6878590381969294E-002
   3.0680260861316322       0.42520099997471378       0.50319393693820613     
   1.2056422429875637      -0.65967529699314553      -0.13742591086240474     
   1.5696151812365378       -3.5392379591753924       0.49760237364176685     
   2.6381586554112313       -1.3301857180082470        7.4446684448567266E-002
   2.0077893780149574       -1.0820457039621634        4.6856072536257051E-002
  -2.4556036903294092      -0.88728774738257132      -0.22651772331630216     
  -2.5550461188928137       -1.0217106834353098      -0.25447130399506063     
  -3.3491183965180933       -2.2813811250898963      -0.15178675165942249     
  -2.8387331267974991       -1.7413884208742452       -9.1258357641782223E-002
 -0.43602769833403376       0.53456794623743131       -9.4834905709011943E-002
 -0.80619446563340003       0.50616976247817413      -0.40184738119683144     
  -1.0163865749194663       0.68624882581142632       0.83757877096489419     
  -1.5554923792327631      -0.34081507527367100       -4.1148230029097975E-002
  -1.4912006174632548        2.1237263926054588      -0.91827801971326828     
  -1.6546225691641454        2.0091347320528530       0.97067161010178904     
  -3.9688990703244569        3.0345712714621111       -6.4343060252039480E-002
  -1.6160662083359291E-002   4.1512089725606742       0.21936439235319516     
First
                         Total        6.153891363E-01
Step size:       0.20
Step size in Bohr:       0.38
Learning Rate:       1.00
# Steps:         10
                         Error  1        6.110356932E-01
                         Error  2        6.068681937E-01
                         Error  3        6.028771843E-01
                         Error  4        5.990536409E-01
                         Error  5        5.953889567E-01
                         Error  6        5.918749312E-01
                         Error  7        5.885037569E-01
                         Error  8        5.852680069E-01
                         Error  9        5.821606215E-01
                         Error 10        5.791748952E-01
                         Error        5.791748952E-01
