                                     G D M A

                                 by Anthony Stone

                           version 2.2.03, 21 June 2007

               Distributed Multipoles from Gaussian wavefunctions


Starting at 9:24:42 on 26 May 2021  

GDMA



Using SCF density matrix from file N.pdb.fchk


                         Distributed Multipole Analysis

Standard DMA for products of primitives with exponent greater than 4.00000
Using 80-point Euler-MacLaurin radial quadrature
Using 590-point Lebedev quadrature
Becke smoothing parameter = 3

Positions and radii in angstrom
Multipole moments in atomic units, ea_0^k for rank k

C          x =  1.740580  y =  1.257937  z = -0.033838
           Maximum rank =  2   Radius =  0.650
                   Q00  =  -0.135501
|Q1| =   0.128218  Q10  =   0.003131  Q11c =  -0.022399  Q11s =  -0.126208
|Q2| =   0.176178  Q20  =  -0.151465  Q21c =   0.037869  Q21s =  -0.005419
                   Q22c =  -0.079514  Q22s =   0.017637

C          x =  1.531307  y = -0.226968  z = -0.096552
           Maximum rank =  2   Radius =  0.650
                   Q00  =   0.151353
|Q1| =   0.173250  Q10  =   0.054266  Q11c =   0.079865  Q11s =  -0.143848
|Q2| =   0.645855  Q20  =  -0.581818  Q21c =   0.193817  Q21s =  -0.002241
                   Q22c =   0.068566  Q22s =  -0.190644

H          x =  1.424037  y =  1.737663  z = -0.965602
           Maximum rank =  2   Radius =  0.325
                   Q00  =   0.124427
|Q1| =   0.132739  Q10  =   0.099055  Q11c =  -0.017057  Q11s =  -0.086701
|Q2| =   0.140941  Q20  =   0.051352  Q21c =   0.089515  Q21s =  -0.090077
                   Q22c =   0.012833  Q22s =  -0.030591

H          x =  2.795474  y =  1.462507  z =  0.151129
           Maximum rank =  2   Radius =  0.325
                   Q00  =   0.111644
|Q1| =   0.132252  Q10  =  -0.016732  Q11c =  -0.109476  Q11s =  -0.072289
|Q2| =   0.159480  Q20  =  -0.112964  Q21c =   0.052146  Q21s =   0.005136
                   Q22c =   0.095675  Q22s =   0.027814

H          x =  1.142730  y =  1.697173  z =  0.772415
           Maximum rank =  2   Radius =  0.325
                   Q00  =   0.139181
|Q1| =   0.123077  Q10  =  -0.084014  Q11c =   0.003735  Q11s =  -0.089865
|Q2| =   0.154455  Q20  =   0.013680  Q21c =  -0.125826  Q21s =   0.058191
                   Q22c =   0.055458  Q22s =  -0.037082

C          x =  0.173609  y = -0.783194  z = -0.528161
           Maximum rank =  2   Radius =  0.650
                   Q00  =  -0.073246
|Q1| =   0.111550  Q10  =   0.069785  Q11c =  -0.041944  Q11s =   0.076249
|Q2| =   0.283689  Q20  =  -0.141118  Q21c =  -0.032542  Q21s =   0.051847
                   Q22c =   0.210478  Q22s =  -0.111879

O          x =  2.437796  y = -1.031978  z =  0.134786
           Maximum rank =  2   Radius =  0.650
                   Q00  =  -0.368204
|Q1| =   0.535906  Q10  =  -0.095876  Q11c =  -0.400703  Q11s =   0.342696
|Q2| =   1.064641  Q20  =  -0.092907  Q21c =   0.092343  Q21s =  -0.248922
                   Q22c =   0.182526  Q22s =  -1.010458

C          x = -1.036192  y = -0.066269  z = -0.004515
           Maximum rank =  2   Radius =  0.650
                   Q00  =   0.474832
|Q1| =   0.229978  Q10  =   0.093390  Q11c =  -0.174712  Q11s =   0.116807
|Q2| =   0.082820  Q20  =  -0.025124  Q21c =   0.044015  Q21s =  -0.025882
                   Q22c =   0.038544  Q22s =   0.046207

H          x =  0.121215  y = -1.825385  z = -0.206112
           Maximum rank =  2   Radius =  0.325
                   Q00  =   0.166652
|Q1| =   0.116394  Q10  =  -0.001800  Q11c =   0.008055  Q11s =   0.116101
|Q2| =   0.118229  Q20  =  -0.089627  Q21c =  -0.004288  Q21s =  -0.068705
                   Q22c =  -0.034678  Q22s =   0.001946

H          x =  0.119170  y = -0.766434  z = -1.623058
           Maximum rank =  2   Radius =  0.325
                   Q00  =   0.160841
|Q1| =   0.123477  Q10  =   0.119960  Q11c =  -0.001134  Q11s =   0.029239
|Q2| =   0.107988  Q20  =   0.095448  Q21c =   0.012543  Q21s =  -0.004236
                   Q22c =   0.046367  Q22s =  -0.015029

F          x = -0.997035  y =  0.101687  z =  1.377192
           Maximum rank =  2   Radius =  0.650
                   Q00  =  -0.244687
|Q1| =   0.306837  Q10  =  -0.294748  Q11c =  -0.068585  Q11s =  -0.050683
|Q2| =   0.791534  Q20  =   0.775650  Q21c =   0.026031  Q21s =   0.133777
                   Q22c =  -0.015433  Q22s =  -0.077980

F          x = -2.200771  y = -0.767471  z = -0.293434
           Maximum rank =  2   Radius =  0.650
                   Q00  =  -0.233114
|Q1| =   0.294616  Q10  =   0.084775  Q11c =   0.212949  Q11s =   0.185107
|Q2| =   0.771055  Q20  =  -0.288392  Q21c =   0.263326  Q21s =   0.101859
                   Q22c =   0.266512  Q22s =   0.600509

F          x = -1.197841  y =  1.205924  z = -0.553609
           Maximum rank =  2   Radius =  0.650
                   Q00  =  -0.274182
|Q1| =   0.338440  Q10  =   0.140737  Q11c =  -0.082191  Q11s =  -0.296613
|Q2| =   0.868461  Q20  =  -0.129136  Q21c =   0.110087  Q21s =  -0.507239
                   Q22c =  -0.632772  Q22s =  -0.260263

Total multipoles
referred to origin at x =   0.000000,  y =    0.000000,  z =    0.000000
                   Q00  =  -0.000006
|Q1| =   0.762149  Q10  =  -0.642681  Q11c =   0.079362  Q11s =   0.401912
|Q2| =  12.169126  Q20  =   4.771418  Q21c =  -1.617288  Q21s =   1.849121
                   Q22c =  -6.919245  Q22s =   8.450466

CPU time used:      0m26.887s          Total:      0m26.887s

Finished at 9:25:9 on 26 May 2021   
