-xyz
refined.xyz
-dens
/home/unibas/boittier/RDKit_G2/B.pdb/SCAN_1_2_3_4_S_36_10.0/23_SCAN_1_2_3_4_F/B.d.cube
-esp
/home/unibas/boittier/RDKit_G2/B.pdb/SCAN_1_2_3_4_S_36_10.0/23_SCAN_1_2_3_4_F/B.p.cube
-stepsize
0.2
-n_steps
5
-learning_rate
0.5
  -3.4792833046018914        2.1296710120779241       -2.0357438307077298     
  -3.5456137750269638       0.26109384261475305       0.59596180370105467     
  -6.3628526604203284      -0.63802810776412833        8.1386224200946641E-002
  -4.0785545620641406      -0.59018769756464817        9.1891254422726096E-002
  -3.5213575783238071      -0.69839831766008476      -0.53635211227289548     
  -2.6291056002605959       -1.1097781149527939        1.0264533810596619     
  -1.7151040118738203      -0.99680468894760021      -0.35417688277195547     
  -2.0564441019172564       -1.0941047360728433       0.99674353683871808     
  -1.1597484151824116      -0.99610142532746326       0.45742505501800146     
  -1.8380308354583925       -3.0269637261480273        2.2706469395085156     
   2.9907921604935517       -2.2738403157650651      -0.47399786258825399     
   2.5167919316724183       -1.7846375666113339      -0.50550631785820188     
   2.1401879733633216       -1.1114673951286760      -0.24903037276116796     
   2.7960777288303760       -1.9769903724540252      -0.33214510159416799     
  0.72009078712475716       0.22504184621918272       0.37160172844149264     
   1.1747595541064912      -0.35623350026051526       -7.8269793557776871E-002
  0.30488415579419742       0.57041101991961296       0.30406818659382495     
  0.73069150739741096       0.65374331000019437      -0.32425296416045657     
   4.1742881140953489        2.9877755591507342      -0.31672349337171013     
  0.97797119397424304        1.7964475318496393       0.14296952456901632     
   1.7722519157911647        1.7002287310982525       0.50896663625486738     
   2.1421217129447392        1.6313056755026301        2.6988022396171832E-002
   1.7882964037543152        1.8881687264611968      -0.12780704723677003     
  0.64722518712282340        4.1709000655358368        1.3807392114031884     
  0.64060934849214435        4.1341462467956003        1.0499848962120890     
First
                         Total        8.641491830E-01
Step size:       0.20
Step size in Bohr:       0.38
Learning Rate:       1.00
# Steps:          5
                         Error  1        8.577517798E-01
                         Error  2        8.517090765E-01
                         Error  3        8.459946522E-01
                         Error  4        8.405839113E-01
                         Error  5        8.354539884E-01
                         Error        8.354539884E-01
