atom_charge_dict:  {8: [0], 3: [1, 3, 4], 9: [2], 2: [5, 6, 7, 8], 7: [9], 6: [10, 11, 12, 13], 1: [14, 15, 16, 17], 4: [18], 0: [19, 20, 21, 22], 5: [23, 24]}
4
4 [18] [ 0.19692589  0.09518714 -0.06127481]
0
0 [19, 20, 21, 22] [-0.46443602 -0.31305398 -0.00715375]
0 [19, 20, 21, 22] [-0.04712517 -0.38918126  0.17401924]
0 [19, 20, 21, 22] [ 0.12895114 -0.43307056 -0.0807468 ]
0 [19, 20, 21, 22] [-0.04183168 -0.29741417 -0.15221931]
5
5 [23, 24] [0.02706736 0.08261832 0.38296183]
5 [23, 24] [0.03608429 0.06095347 0.20617507]
6
6 [10, 11, 12, 13] [ 0.20374899 -0.17966773 -0.05580233]
6 [10, 11, 12, 13] [-0.03479139  0.07570692 -0.06327558]
6 [10, 11, 12, 13] [-0.21230516  0.45744964  0.07409727]
6 [10, 11, 12, 13] [ 0.10583133 -0.02868073  0.02196833]
1
1 [14, 15, 16, 17] [-0.08149094  0.06843394  0.1356608 ]
1 [14, 15, 16, 17] [ 0.1276049  -0.24291275 -0.09431048]
1 [14, 15, 16, 17] [-0.28751556  0.26212164  0.11091324]
1 [14, 15, 16, 17] [-0.07291087  0.28719392 -0.22164893]
2
2 [5, 6, 7, 8] [-0.48871112 -0.16136751  0.23423154]
2 [5, 6, 7, 8] [-0.03375466 -0.09994136 -0.50487404]
2 [5, 6, 7, 8] [-0.19497293 -0.11319011  0.20594387]
2 [5, 6, 7, 8] [ 0.26947221 -0.12464629 -0.08710458]
7
7 [9] [-0.02184852 -0.28135416  0.28231498]
2
3
3 [1, 3, 4] [0.09618911 0.0958412  0.51511833]
3 [1, 3, 4] [-0.17666942 -0.36470959  0.35690589]
3 [1, 3, 4] [ 0.1089719  -0.50296021 -0.006539  ]
8
8 [0] [ 0.09984596  0.16625244 -0.16222809]
3
9
9 [2] [-0.39121968 -0.05640404  0.05055855]
RMSD using the Kabsch algorithm: 0.7439610222919428
1 [-1.78506029  1.00861227 -1.23314263]
2 [-1.88198723  0.21831022  0.25206551]
3 [-3.37144294 -0.25441943  0.05161479]
4 [-2.15484577 -0.24224057  0.09385306]
5 [-1.86920444 -0.38049119 -0.26959183]
6 [-1.39405465 -0.50699629  0.61853576]
7 [-0.93909819 -0.44557014 -0.12056983]
8 [-1.10031646 -0.45881889  0.59024808]
9 [-0.63587132 -0.47027507  0.29719963]
10 [-1.02773885 -1.38694673  1.4379751 ]
11 [ 1.49245109 -1.24604775 -0.26462457]
12 [ 1.25391071 -0.99067311 -0.27209782]
13 [ 1.07639694 -0.60893039 -0.13472497]
14 [ 1.39453343 -1.09506075 -0.18685391]
15 [0.38825049 0.12453834 0.1980767 ]
16 [ 0.59734633 -0.18680835 -0.03189458]
17 [0.18222586 0.31822604 0.17332914]
18 [ 0.39683056  0.34329833 -0.15923303]
19 [ 2.28248865  1.48364493 -0.21279724]
20 [0.57261226 0.94426475 0.07686315]
21 [0.98992311 0.86813747 0.25803614]
22 [1.16599941 0.82424817 0.0032701 ]
23 [ 0.99521659  0.95990457 -0.06820241]
24 [0.47459076 2.21124868 0.72198172]
25 [0.48360769 2.18958383 0.54519496]
