-xyz
refined.xyz
-dens
../../cube_files/fbuta/12_SCAN_1_2_3_4_F/B.d.cube
-esp
../../cube_files/fbuta/12_SCAN_1_2_3_4_F/B.p.cube
-stepsize
0.2
-n_steps
100
-learning_rate
0.5
  -3.3732750577567598        1.9060009542096008       -2.3303018526508543     
  -3.5564404293136866       0.41254652526793700       0.47633477321480061     
  -6.3711038117522225      -0.48078304707973468        9.7537818527723377E-002
  -4.0720683393999311      -0.45776833147425244       0.17735658328415954     
  -3.5322844661161059      -0.71902413514967078      -0.50945472560440930     
  -2.6343814945683279      -0.95808413427225436        1.1688631802513008     
  -1.7746383862816748      -0.84200553589720606      -0.22784395853434664     
  -2.0792967570777710      -0.86704205216004648        1.1154072185891586     
  -1.2016226380571675      -0.88869108484705805       0.56162590451496919     
  -1.9421449568196862       -2.6209494750524209        2.7173791199693529     
   2.8203238134513620       -2.3546889940866258      -0.50006795652961067     
   2.3695478263835312       -1.8721008575828784      -0.51419035458700846     
   2.0340954226803305       -1.1507116664560144      -0.25459328727834557     
   2.6352862509371540       -2.0693649169501267      -0.35310271631843138     
  0.73368709497304674       0.23534336094624322       0.37431070897109159     
   1.1288209666841771      -0.35301661487697811       -6.0272024696464616E-002
  0.34435697360837914       0.60136006953973908       0.32754460248464667     
  0.74990107989892474       0.64873981413587745      -0.30090681359749583     
   4.3132784389735015        2.8036825830312520      -0.40212850060110805     
   1.0820803482274459        1.7844017635661376       0.14525031135652380     
   1.8706835599510006        1.6405420586179704       0.48761764405521318     
   2.2034195519910003        1.5576033101200062        6.1795988068361228E-003
   1.8806867937169971        1.8139567361777125      -0.12888387174893814     
  0.89684656719863631        4.1786544009786883        1.3643477207766004     
  0.91388608771783930        4.1377137632421173        1.0302691519199703     
First
                         Total        5.921145497E-01
Step size:       0.20
Step size in Bohr:       0.38
Learning Rate:       1.00
# Steps:        100
                         Error  1        5.906933007E-01
                         Error  2        5.893516683E-01
                         Error  3        5.880831416E-01
                         Error  4        5.868817487E-01
                         Error  5        5.857420146E-01
                         Error  6        5.846589216E-01
                         Error  7        5.836278727E-01
                         Error  8        5.826446571E-01
                         Error  9        5.817054193E-01
                         Error 10        5.808066293E-01
                         Error 11        5.799450560E-01
                         Error 12        5.791177424E-01
                         Error 13        5.783219825E-01
                         Error 14        5.775553004E-01
                         Error 15        5.768154307E-01
                         Error 16        5.761003010E-01
                         Error 17        5.754080152E-01
                         Error 18        5.747368388E-01
                         Error 19        5.740851848E-01
                         Error 20        5.734516014E-01
                         Error 21        5.728347601E-01
                         Error 22        5.722334455E-01
                         Error 23        5.716465451E-01
                         Error 24        5.710730409E-01
                         Error 25        5.705120009E-01
                         Error 26        5.699625719E-01
                         Error 27        5.694239726E-01
                         Error 28        5.688954873E-01
                         Error 29        5.683764606E-01
                         Error 30        5.678662915E-01
                         Error 31        5.673644296E-01
                         Error 32        5.668703698E-01
                         Error 33        5.663836490E-01
                         Error 34        5.659038423E-01
                         Error 35        5.654305596E-01
                         Error 36        5.649634426E-01
                         Error 37        5.645021624E-01
                         Error 38        5.640464163E-01
                         Error 39        5.635959261E-01
                         Error 40        5.631504358E-01
                         Error 41        5.627097097E-01
                         Error 42        5.622735305E-01
                         Error 43        5.618416980E-01
                         Error 44        5.614140274E-01
                         Error 45        5.609903482E-01
                         Error 46        5.605705026E-01
                         Error 47        5.601543448E-01
                         Error 48        5.597417398E-01
                         Error 49        5.593325627E-01
                         Error 50        5.589266972E-01
                         Error 51        5.585240358E-01
                         Error 52        5.581244782E-01
                         Error 53        5.577279314E-01
                         Error 54        5.573343084E-01
                         Error 55        5.569435284E-01
                         Error 56        5.565555157E-01
                         Error 57        5.561701995E-01
                         Error 58        5.557875137E-01
                         Error 59        5.554073961E-01
                         Error 60        5.550297883E-01
                         Error 61        5.546546356E-01
                         Error 62        5.542818862E-01
                         Error 63        5.539114914E-01
                         Error 64        5.535434051E-01
                         Error 65        5.531775838E-01
                         Error 66        5.528139861E-01
                         Error 67        5.524525729E-01
                         Error 68        5.520933068E-01
                         Error 69        5.517361525E-01
                         Error 70        5.513810760E-01
                         Error 71        5.510280451E-01
                         Error 72        5.506770287E-01
                         Error 73        5.503279974E-01
                         Error 74        5.499809226E-01
                         Error 75        5.496357771E-01
                         Error 76        5.492925345E-01
                         Error 77        5.489511696E-01
                         Error 78        5.486116579E-01
                         Error 79        5.482739758E-01
                         Error 80        5.479381005E-01
                         Error 81        5.476040098E-01
                         Error 82        5.472716824E-01
                         Error 83        5.469410973E-01
                         Error 84        5.466122343E-01
                         Error 85        5.462850738E-01
                         Error 86        5.459595965E-01
                         Error 87        5.456357838E-01
                         Error 88        5.453136175E-01
                         Error 89        5.449930797E-01
                         Error 90        5.446741530E-01
                         Error 91        5.443568204E-01
                         Error 92        5.440410653E-01
                         Error 93        5.437268712E-01
                         Error 94        5.434142223E-01
                         Error 95        5.431031028E-01
                         Error 96        5.427934974E-01
                         Error 97        5.424853909E-01
                         Error 98        5.421787686E-01
                         Error 99        5.418736157E-01
                         Error100        5.415699180E-01
                         Error        5.415699180E-01
