-xyz
refined.xyz
-dens
/home/unibas/boittier/RDKit_G2/B.pdb/SCAN_1_2_3_4_S_36_10.0/15_SCAN_1_2_3_4_F/B.d.cube
-esp
/home/unibas/boittier/RDKit_G2/B.pdb/SCAN_1_2_3_4_S_36_10.0/15_SCAN_1_2_3_4_F/B.p.cube
-stepsize
0.2
-n_steps
5
-learning_rate
0.5
   3.6654791987401767        2.4480566922536631       -1.3567100233191149     
   3.4068483301996935      -0.66747736556541415      -0.79052118003742911     
   6.3384885262357180      -0.90395310646068194        6.2281370686693371E-002
   4.0758331320542895      -0.69997995513966271       0.12054603324895995     
   3.6285180961382735      -0.16791411683191826       0.58835653205909877     
   2.6499948235406170       -1.3464544443599300       0.28070389704183402     
   1.3221742542080785       -1.2793386166320293        1.2619718343455526     
   2.1038396402059445       -1.2954677090317537        9.9488563535531246E-002
   1.0824903635389882       -1.1456158392190834       0.32821357469063323     
   1.6677006282744298       -3.5393830943581692        1.4805233260461510     
  -3.1932218126186669       -2.1105653505478807      -0.35548812554221476     
  -2.7275693029369461       -1.6698931831478985      -0.11593783279038727     
  -2.2521449403991434       -1.0159976473779988      -0.14304400487251373     
  -2.9401008907158390       -1.8193829779981463      -0.39447391384869329     
 -0.63021872215401975       0.23091734976718778       -9.8902349597903935E-002
  -1.2456705364372440      -0.34138218620905275       0.11171822980397642     
 -0.24359420429048481       0.53229984324530621       0.15618245803892752     
 -0.85767239040504850       0.59642630396531815       0.59844558980789353     
  -3.9897710699634885        3.2021203490981875      -0.12005792451482857     
 -0.89062593970693049        1.7791237473468275       0.35352622514328241     
  -1.4961661132736965        1.8431860982863497      -0.29312883844947302     
  -2.0196391784319232        1.7225354712389924        4.1211413368637609E-003
  -1.7444731317436699        1.9069412344568686       0.32089495290336345     
  -5.6194660476179194E-002   4.2997187335837221      -0.13887543589210100     
 -0.16890998165558208        4.1994652254213163       0.16118985062254401     
First
                         Total        8.777569179E-01
Step size:       0.20
Step size in Bohr:       0.38
Learning Rate:       1.00
# Steps:          5
                         Error  1        8.712080753E-01
                         Error  2        8.649479803E-01
                         Error  3        8.589580186E-01
                         Error  4        8.532207145E-01
                         Error  5        8.477196800E-01
                         Error        8.477196800E-01
