-xyz
refined.xyz
-dens
/home/unibas/boittier/RDKit_G2/B.pdb/SCAN_1_2_3_4_S_36_10.0/20_SCAN_1_2_3_4_F/B.d.cube
-esp
/home/unibas/boittier/RDKit_G2/B.pdb/SCAN_1_2_3_4_S_36_10.0/20_SCAN_1_2_3_4_F/B.p.cube
-stepsize
0.2
-n_steps
5
-learning_rate
0.5
  -3.7576688869939461        2.5735856713265650      -0.92398616771561792     
  -3.5119787057167224      -0.15977845520184200       0.76471637536947512     
  -6.3308012217613028      -0.99291822771366667        8.5502879427810707E-002
  -4.0656242325844980      -0.78719688585703840        1.1785625790268312E-002
  -3.5593182901494913      -0.62494258643773937      -0.64356175984810660     
  -2.5827455417243277       -1.4390385499158764       0.54104926379481610     
  -1.5176936790720359       -1.2374023950569366      -0.71000188705828726     
  -2.0142671315057199       -1.3727136835777598       0.59094685601605168     
  -1.0710783250253226       -1.1832756104172706       0.15867446507280220     
  -1.5972651174897319       -3.7274830840109763       0.95243181097627971     
   3.2468297232087635       -2.0702924094155883      -0.23244231894647360     
   2.7377691555889192       -1.6239135750893678      -0.32412548029335675     
   2.2743748281836438      -0.98902092397290153      -0.12727927936430988     
   3.0092842437322744       -1.7906726779865934      -0.11542855022937944     
  0.67538555265073530       0.21318936773418290       0.30253525526482705     
   1.2327228351390316      -0.32479076480762253       -8.6118797025049709E-002
  0.24200761137298124       0.52025608735772177       0.17560675838524162     
  0.73477955431782116       0.64226701430252975      -0.39177754649596386     
   3.9419770607714359        3.2513394961729567      -0.15532219605230094     
  0.82233790017611796        1.8073742792465033        1.0533451731430738E-002
   1.5770911203772233        1.7945797025450196       0.46705999412642202     
   2.0023154189850150        1.7386653860757530        2.9014911948365859E-002
   1.6490644154610106        1.9593995589678253      -0.17280176017030538     
  0.17232219068562593        4.1971130168194311        1.0939595756749196     
  0.20358850045627078        4.1470059742418286       0.76501574821327134     
First
                         Total        9.297076718E-01
Step size:       0.20
Step size in Bohr:       0.38
Learning Rate:       1.00
# Steps:          5
                         Error  1        9.217863740E-01
                         Error  2        9.142923312E-01
                         Error  3        9.071944292E-01
                         Error  4        9.004636179E-01
                         Error  5        8.940728160E-01
                         Error        8.940728160E-01
