-xyz
refined.xyz
-dens
/home/unibas/boittier/RDKit_G2/B.pdb/SCAN_1_2_3_4_S_36_-10.0/8_SCAN/B.d.cube
-esp
/home/unibas/boittier/RDKit_G2/B.pdb/SCAN_1_2_3_4_S_36_-10.0/8_SCAN/B.p.cube
-stepsize
0.2
-n_steps
10
-learning_rate
0.5
   3.2183424927193354       0.11988567401703240       -3.3825033084355942     
   3.0768642711081888      -0.73080686511047288      -0.50342500242546528     
   2.7658496614596628       0.21662441167460128      -0.78055286633179932     
   5.9240163664526344      -0.33647619377232146       0.16222833934819342     
   2.8923501301340471       0.45998104562279085      -0.57453244042260210     
   1.1262884971057148      -0.47705762922410050        1.0178422562795859     
   2.1028808916752135      -0.60625240507748146        3.4230347680868669     
   2.6924306395941890      -0.58545686707685363        1.3090160404747628     
   2.0459845066376059      -0.45514432844795227        1.1487059262264749     
  -1.9027773648567254        1.4697136841504590        5.1631729521658051E-002
  -1.9295952236577625        1.6564162703151890        7.2603999552135326E-002
  -2.0062290602472856        3.1193877805536538      -0.12297882010473200     
  -1.7934298578002110        2.4190618102236532       -8.5220959469030910E-002
 -0.79436201275307106      -0.73534418631185194       0.35583400032876755     
  -1.1933393309810498      -0.49765884004348460       0.55832585309812743     
  -1.0650547864864470      -0.60916692053740551      -0.70356552934693839     
  -1.3297914439626852       0.55730056269848316        7.5962018323670902E-002
  -2.6297518709408680       -1.5938172841063685       0.74535766748954924     
  -2.1622786289922127       -1.5402748220476490       -1.0944533337211868     
  -4.8759122880366785       -1.3850016972478285      -0.86710386765046854     
  -1.9075879147239427       -4.1390653425173172       -6.0486839357511299E-002
First
                         Total        9.405964995E-01
Step size:       0.20
Step size in Bohr:       0.38
Learning Rate:       1.00
# Steps:         10
                         Error  1        9.167291835E-01
                         Error  2        8.937545098E-01
                         Error  3        8.716542539E-01
                         Error  4        8.504097878E-01
                         Error  5        8.300021174E-01
                         Error  6        8.104119173E-01
                         Error  7        7.916195668E-01
                         Error  8        7.736051846E-01
                         Error  9        7.563486634E-01
                         Error 10        7.398297052E-01
                         Error        7.398297052E-01
