                                     G D M A

                                 by Anthony Stone

                           version 2.2.03, 21 June 2007

               Distributed Multipoles from Gaussian wavefunctions


Starting at 9:24:42 on 26 May 2021  

GDMA



Using SCF density matrix from file N.pdb.fchk


                         Distributed Multipole Analysis

Standard DMA for products of primitives with exponent greater than 4.00000
Using 80-point Euler-MacLaurin radial quadrature
Using 590-point Lebedev quadrature
Becke smoothing parameter = 3

Positions and radii in angstrom
Multipole moments in atomic units, ea_0^k for rank k

C          x = -2.674904  y = -0.736313  z =  0.112083
           Maximum rank =  2   Radius =  0.650
                   Q00  =  -0.141113
|Q1| =   0.127002  Q10  =  -0.007334  Q11c =   0.078924  Q11s =   0.099230
|Q2| =   0.202723  Q20  =  -0.078527  Q21c =  -0.029075  Q21s =  -0.006657
                   Q22c =   0.032350  Q22s =   0.181642

C          x = -1.475193  y =  0.130895  z = -0.147186
           Maximum rank =  2   Radius =  0.650
                   Q00  =   0.146422
|Q1| =   0.228529  Q10  =   0.027790  Q11c =   0.076737  Q11s =   0.213459
|Q2| =   0.630936  Q20  =  -0.590054  Q21c =  -0.159811  Q21s =   0.120783
                   Q22c =  -0.096943  Q22s =   0.019770

H          x = -2.846938  y = -1.428716  z = -0.720006
           Maximum rank =  2   Radius =  0.325
                   Q00  =   0.099406
|Q1| =   0.142183  Q10  =   0.084284  Q11c =   0.059027  Q11s =   0.098123
|Q2| =   0.153242  Q20  =   0.049689  Q21c =   0.007741  Q21s =   0.134915
                   Q22c =  -0.022130  Q22s =   0.047565

H          x = -3.557980  y = -0.115241  z =  0.264580
           Maximum rank =  2   Radius =  0.325
                   Q00  =   0.111108
|Q1| =   0.131237  Q10  =  -0.020170  Q11c =   0.126895  Q11s =  -0.026721
|Q2| =   0.161491  Q20  =  -0.114955  Q21c =  -0.040193  Q21s =   0.018590
                   Q22c =   0.025223  Q22s =  -0.101328

H          x = -2.500837  y = -1.341345  z =  1.010715
           Maximum rank =  2   Radius =  0.325
                   Q00  =   0.110220
|Q1| =   0.137107  Q10  =  -0.100328  Q11c =   0.023642  Q11s =   0.090409
|Q2| =   0.154534  Q20  =   0.068088  Q21c =   0.044885  Q21s =  -0.131195
                   Q22c =  -0.003829  Q22s =  -0.001830

C          x = -0.211469  y = -0.601575  z = -0.599307
           Maximum rank =  2   Radius =  0.650
                   Q00  =  -0.079469
|Q1| =   0.160353  Q10  =   0.077833  Q11c =   0.083611  Q11s =   0.112535
|Q2| =   0.205489  Q20  =  -0.130177  Q21c =   0.033887  Q21s =   0.017350
                   Q22c =   0.139971  Q22s =  -0.065104

O          x = -1.498273  y =  1.355486  z = -0.021991
           Maximum rank =  2   Radius =  0.650
                   Q00  =  -0.336954
|Q1| =   0.526252  Q10  =  -0.053715  Q11c =   0.081682  Q11s =  -0.517092
|Q2| =   0.936045  Q20  =  -0.212732  Q21c =   0.186457  Q21s =   0.120922
                   Q22c =  -0.881353  Q22s =  -0.068952

C          x =  1.067428  y = -0.079717  z = -0.003533
           Maximum rank =  2   Radius =  0.650
                   Q00  =   0.481985
|Q1| =   0.224175  Q10  =   0.103963  Q11c =   0.173832  Q11s =   0.096064
|Q2| =   0.092701  Q20  =  -0.035403  Q21c =  -0.055218  Q21s =  -0.021625
                   Q22c =   0.018013  Q22s =  -0.059152

H          x = -0.131888  y = -0.521491  z = -1.689403
           Maximum rank =  2   Radius =  0.325
                   Q00  =   0.161543
|Q1| =   0.124052  Q10  =   0.120880  Q11c =   0.005384  Q11s =   0.027352
|Q2| =   0.110375  Q20  =   0.095713  Q21c =  -0.018845  Q21s =  -0.024192
                   Q22c =   0.045608  Q22s =  -0.001123

H          x = -0.277863  y = -1.663447  z = -0.350236
           Maximum rank =  2   Radius =  0.325
                   Q00  =   0.146193
|Q1| =   0.131319  Q10  =   0.002734  Q11c =   0.019698  Q11s =   0.129805
|Q2| =   0.117217  Q20  =  -0.097395  Q21c =   0.004607  Q21s =  -0.051786
                   Q22c =  -0.038258  Q22s =  -0.009341

F          x =  1.416947  y =  1.182835  z = -0.440409
           Maximum rank =  2   Radius =  0.650
                   Q00  =  -0.220081
|Q1| =   0.300280  Q10  =   0.121155  Q11c =  -0.039158  Q11s =  -0.271949
|Q2| =   0.771084  Q20  =  -0.241352  Q21c =  -0.142526  Q21s =  -0.391684
                   Q22c =  -0.515913  Q22s =   0.310522

F          x =  2.131235  y = -0.923965  z = -0.336481
           Maximum rank =  2   Radius =  0.650
                   Q00  =  -0.247281
|Q1| =   0.295751  Q10  =   0.097066  Q11c =  -0.182021  Q11s =   0.211931
|Q2| =   0.776377  Q20  =  -0.276279  Q21c =  -0.281766  Q21s =   0.153723
                   Q22c =   0.102079  Q22s =  -0.642641

F          x =  1.014764  y = -0.042579  z =  1.386660
           Maximum rank =  2   Radius =  0.650
                   Q00  =  -0.232001
|Q1| =   0.302706  Q10  =  -0.298979  Q11c =   0.045017  Q11s =   0.014694
|Q2| =   0.742129  Q20  =   0.739618  Q21c =  -0.036109  Q21s =   0.018601
                   Q22c =  -0.005095  Q22s =  -0.045215

Total multipoles
referred to origin at x =   0.000000,  y =    0.000000,  z =    0.000000
                   Q00  =  -0.000021
|Q1| =   2.014625  Q10  =  -0.563858  Q11c =  -1.133455  Q11s =  -1.567181
|Q2| =   8.172738  Q20  =   2.409282  Q21c =   0.200873  Q21s =   0.690465
                   Q22c =   2.173420  Q22s =   7.466469

CPU time used:      0m26.291s          Total:      0m26.291s

Finished at 9:25:8 on 26 May 2021   
