Running in analysis mode

Reading "/home/unibas/boittier/RDKit_G2/B.pdb/SCAN_1_2_3_4_S_36_10.0/10_SCAN/B.p.cube"...

  B.pdb Potential
  Electrostatic potential from Total SCF Density
   10   -8.803884   -6.813646   -7.101580
  115    0.166667    0.000000    0.000000
   94    0.000000    0.166667    0.000000
   88    0.000000    0.000000    0.166667
    6    6.000000   -2.291132    2.180400    0.036385
    6    6.000000   -0.924777    0.084892    0.115829
    6    6.000000    1.732168   -0.246403    0.894800
    6    6.000000    3.696622    0.267043   -0.588828
    1    1.000000   -4.270902    2.131267   -0.475650
    1    1.000000   -1.417640    3.977904    0.456645
    9    9.000000   -2.074014   -2.187596   -0.337239
    1    1.000000    2.014620   -1.130803    2.729454
    1    1.000000    3.444050    1.066340   -2.458999
    1    1.000000    5.618719   -0.071935    0.034584
 -4.49746E-03 -4.58958E-03 -4.68273E-03 -4.77682E-03 -4.87177E-03 -4.96747E-03
       .            .            .            .            .            .
       .            .            .            .            .            .
       .            .            .            .            .            .
  2.06738E-03  2.04632E-03  2.02521E-03  2.00406E-03  1.98288E-03  1.96168E-03

796632 out of 951280 gridpoints are considered (83.7%).

...done!

Reading "21charges.cube"...

  Fitted ESP
  Electrostatic potential fitted from 21 point charges.
   10   -8.803884   -6.813646   -7.101580
  115    0.166667    0.000000    0.000000
   94    0.000000    0.166667    0.000000
   88    0.000000    0.000000    0.166667
    6    6.000000   -2.291132    2.180400    0.036385
    6    6.000000   -0.924777    0.084892    0.115829
    6    6.000000    1.732168   -0.246403    0.894800
    6    6.000000    3.696622    0.267043   -0.588828
    1    1.000000   -4.270902    2.131267   -0.475650
    1    1.000000   -1.417640    3.977904    0.456645
    9    9.000000   -2.074014   -2.187596   -0.337239
    1    1.000000    2.014620   -1.130803    2.729454
    1    1.000000    3.444050    1.066340   -2.458999
    1    1.000000    5.618719   -0.071935    0.034584
 -4.57563E-03 -4.67372E-03 -4.77302E-03 -4.87342E-03 -4.97483E-03 -5.07715E-03
       .            .            .            .            .            .
       .            .            .            .            .            .
       .            .            .            .            .            .
  2.41978E-03  2.38898E-03  2.35823E-03  2.32756E-03  2.29698E-03  2.26650E-03

796632 out of 951280 gridpoints are considered (83.7%).

...done!

                       Measure       RMSE[kcal/mol/e]   MaxError[kcal/mol/e]   NPoints
                         Total        1.186443002E+00        8.318893031E+00    796632
Close (  1.20 < r <   1.66 )          1.984817123E+00        8.318893031E+00    156261
Mid-range ( 1.66 < r <  2.20)         1.117324931E+00        3.894976374E+00    276716
Far-range (  2.20         < r)        6.639920208E-01        2.075217740E+00    363655
Did analysis and wrote slice data
