-xyz
refined.xyz
-dens
/home/unibas/boittier/RDKit_G2/B.pdb/SCAN_1_2_3_4_S_36_10.0/26_SCAN_1_2_3_4_F/B.d.cube
-esp
/home/unibas/boittier/RDKit_G2/B.pdb/SCAN_1_2_3_4_S_36_10.0/26_SCAN_1_2_3_4_F/B.p.cube
-stepsize
0.2
-n_steps
0
-learning_rate
0.5
  -3.2625920532820194        1.1654524978118230       -2.9039927553772662     
  -3.5325138388426658       0.77558164126424056       0.29763588136421021     
  -6.3861998236282878      -0.14937117821323942        9.2613408708583492E-002
  -4.1023059756673481      -0.20843782612918074       0.19941816379047905     
  -3.5378120979566243      -0.60624076905901458      -0.23185588753936032     
  -2.6882293556227208      -0.30453367940960729        1.4160715198775746     
  -1.9063486633846047      -0.48407098880170357       -3.3116235824875793E-002
  -2.1370722593018794      -0.45299971647861831        1.3482080632665085     
  -1.2806427922835151      -0.52002415272838676       0.72392701799215864     
  -2.1013385243068066       -1.3828921516702273        3.4138129116058318     
   2.4644374496585115       -2.6606243759720942      -0.44598625638908279     
   2.0819310385657070       -2.0907560198591693      -0.46360525390977547     
   1.8759775434121597       -1.3384814245814372      -0.23834691991385998     
   2.3348378391956857       -2.3247580001337740      -0.29892210846035661     
  0.79159708235032733       0.27725638744622094       0.40821213271586593     
   1.0871121582692929      -0.38893110775714235       -4.3821869824619518E-002
  0.44479698645196247       0.71672872550507016       0.34181598797621271     
  0.82051645025625430       0.65900329726278595      -0.31881953544805852     
   4.6619970075877752        2.2577506840942219      -0.64512814936123841     
   1.3304726744240511        1.7614763636882147        7.3919474202291433E-002
   2.1214519061438311        1.5206213665556079       0.40643600947113423     
   2.4336604292037256        1.3598855383020476       -9.2484400451651252E-002
   2.1309610086846047        1.6615783929322037      -0.24540729517635468     
   1.5566893009679967        4.2182722473675387        1.1428211454424868     
   1.5061500816272893        4.1710795957999522       0.81942404729045737     
First
                         Total        1.227030779E+00
Step size:       0.20
Step size in Bohr:       0.38
Learning Rate:       1.00
# Steps:          0
                         Error        1.227030779E+00
