-xyz
refined.xyz
-dens
/home/unibas/boittier/RDKit_G2/B.pdb/SCAN_1_2_3_4_S_36_10.0/11_SCAN/B.d.cube
-esp
/home/unibas/boittier/RDKit_G2/B.pdb/SCAN_1_2_3_4_S_36_10.0/11_SCAN/B.p.cube
-stepsize
0.2
-n_steps
10
-learning_rate
0.5
   3.3636026150306204        1.7122453046818731       -2.8754098421829579     
   3.0692547018036969      -0.24947533856123871      -0.66132229987948754     
   2.8489348279943409       0.73972037218808828      -0.45527167052774076     
   5.9253308454328470      -0.34568260580747162       0.16855364938161879     
   2.9989773158811466       0.84331140604140509      -0.14798277871130985     
   1.2946475386372676      -0.15549304742894060       0.46450897716586448     
   1.9644914095726627       -1.9224172019383077        2.8480352718759425     
   2.7538272455391080      -0.49270747716689761        1.0207718287153882     
   2.1195293630352325      -0.44201928901737619       0.81024367596142277     
  -2.1330771748003459       -1.1724527348010036      -0.46747213312333852     
  -2.1794354853960121       -1.3512705967895486      -0.52161912443741121     
  -2.7025088448224501       -2.7316342045632349      -0.56511498715543296     
  -2.3333976236386627       -2.1190766529305414      -0.40865439650556651     
 -0.53945270543770141       0.64338105747902052        9.4303838842301480E-002
 -0.80838297001361703       0.50966810542234453      -0.30920409466706467     
  -1.3338426000575614       0.61435637403739163       0.84812694865617544     
  -1.4350840701265368      -0.45316958278541786       -9.0850757943202784E-002
  -1.7277695091064507        2.0063029339833056      -0.82584672614737220     
  -2.2226494799802330        1.7173781305559546       0.98433820888289481     
  -4.4522710948349928        2.3583838043095326      -0.45076866592857084     
 -0.92599711716986932        4.1830575119363873       0.66954401846208000     
First
                         Total        1.538303360E+00
Step size:       0.20
Step size in Bohr:       0.38
Learning Rate:       1.00
# Steps:         10
                         Error  1        1.498810439E+00
                         Error  2        1.460359161E+00
                         Error  3        1.422944998E+00
                         Error  4        1.386562042E+00
                         Error  5        1.351203104E+00
                         Error  6        1.316859810E+00
                         Error  7        1.283522690E+00
                         Error  8        1.251181265E+00
                         Error  9        1.219824131E+00
                         Error 10        1.189439032E+00
                         Error        1.189439032E+00
