-xyz
refined.xyz
-dens
/home/unibas/boittier/RDKit_G2/B.pdb/SCAN_1_2_3_4_S_36_10.0/6_SCAN_1_2_3_4_F/B.d.cube
-esp
/home/unibas/boittier/RDKit_G2/B.pdb/SCAN_1_2_3_4_S_36_10.0/6_SCAN_1_2_3_4_F/B.p.cube
-stepsize
0.2
-n_steps
1
-learning_rate
0.5
   3.9724317605766704        1.9720886637856365      -0.35522832725718784     
   2.9200702811128862      -0.96323295072002424       -1.2526668214381618     
   5.7299741203134431       -2.1094220936295880       -1.2236166431413584     
   3.6402697814906624       -1.5093931466508386      -0.55723614266577548     
   3.3894082234108498       -1.1632558368931403       0.13634808389012065     
   2.0800827191014428       -2.0753441589913693       -3.0907184201623659E-002
   1.1857148504202617       -1.0881070464139009      -0.83433654462130602     
   1.8144748827813029       -1.6103436362760097       0.17793239468413122     
   1.0892288123588216      -0.86644488546027731       0.11746283960754147     
  0.70902642829877593       -4.1238244707246192       -9.0742745827737670E-003
 -0.42187533773550723        3.3506101282913692       0.62896252356360260     
 -0.52974434119809388        2.6869261707745120       0.47598848154940193     
 -0.79723324368747006        1.9380537933444242       0.62845590394922224     
 -0.48433709837272554        2.9747843229860149       0.72224580527771010     
 -0.88323612464028689       -8.4524084879447972E-002  0.82070933204248486     
 -0.81999057187578939       0.71409365768129252       0.50694282386555445     
 -0.97091303596951928      -0.60737134992724262       0.63138431677169904     
  -1.4277683583920664      -0.17265786227068194       0.21082107886887869     
  -5.2992424632177730        1.0169067939860305E-003 -0.92681241560556415     
  -2.3701385725518147      -0.78227577594455855       0.73424463839214160     
  -2.8121917317150023      -0.26663700006998980       0.42414846118881594     
  -2.9709486667306484      -0.27401636209924579      -0.16918655686409417     
  -2.9109234521701990      -0.71407929941641324       -6.0193794189872162E-002
  -4.0102538337665958       -1.9271390239522415        2.4054256570219805     
  -3.9434966238770279       -2.0988365982808519        2.1301136559290748     
First
                         Total        4.005039816E+00
Step size:       0.20
Step size in Bohr:       0.38
Learning Rate:       1.00
# Steps:          1
                         Error  1        3.964928297E+00
                         Error        3.964928297E+00
