-xyz
refined.xyz
-dens
../../cube_files/fbutone/14_SCAN_1_2_6_8_F/N.d.cube
-esp
../../cube_files/fbutone/14_SCAN_1_2_6_8_F/N.p.cube
-stepsize
0.2
-n_steps
100
-learning_rate
0.5
   3.1053037036357698        3.2624643109272271       0.65119470378471844     
   2.7806886084583704        1.9040139224587282      -0.12570855603975947     
   2.6712873487888040        2.4276763726856001       -1.0423293886364555     
   2.1824680316711746        3.1909849571307638       -1.8646248969573824     
   5.8981683615760714        2.9832462727075537       -2.5785973376217956E-002
   2.2759452014371564        3.2623965472677803        1.8738801466600059     
   2.7812283488210454        2.9486785130214948        1.1129089882264067     
   5.3021651744192217       -1.5123202728650191        3.2053804234680384E-002
   4.6546741274312478       -2.3456346619059860        1.0351579236645776E-002
   4.9963675212433785       -1.9953818451210839        5.8568597191208473E-002
   3.3760815780598961       0.18196860438640780        4.8815018834040755E-002
   2.7035809671058941       -1.1492310616373937        4.1814490501566179E-003
   2.1015165597803313E-002  -1.4917155814049541      -0.71942198912109800     
   8.5352202143377867E-002 -0.73786833460731704      -0.18042822463925609     
  0.23666597447607937       -3.1077895831635329        1.7965103595895302     
  0.30407414423489892       -2.9055499321196465        1.4089642508753879     
  0.21325469287766352       -2.6999274395167667       -1.4062962369204333     
  0.10701010411153312       -2.3369992899806586       -1.9715489538712212     
  0.27581915205258778       -2.8729974680109769       -1.2534333028157449     
  -1.2741312201822621       0.37694914541649455      -0.57808621122252513     
  -1.5036967426225503       0.28975447378095626       0.68980826578575682     
  -2.1007205752914886       0.89068498265194496        1.3571559634105865     
  -2.0950445369608759        1.0714115540079376        1.6137730827858001     
  -3.3488946419550691       -1.0960919490018386        9.7317270506431727E-002
  -4.5464726238846431       -1.9507574145121167        4.8186431303208974E-002
  -4.0191852481072843       -1.7926857133567846        4.3514485888969581E-003
  -4.3312537976673227       -1.6433080617662399        1.8472344757857067E-002
  -2.2734675331526240        2.0114593706866883       -2.7140466466411071     
  -2.2848682861220264        1.1104705397771881       -1.3980627198988960     
  -2.2066264211027637        1.4892062720228016       -2.1047456095588699     
First
                         Total        1.402230560E+00
Step size:       0.20
Step size in Bohr:       0.38
Learning Rate:       1.00
# Steps:        100
                         Error  1        1.380897578E+00
                         Error  2        1.360564731E+00
                         Error  3        1.341192385E+00
                         Error  4        1.322741030E+00
                         Error  5        1.305171444E+00
                         Error  6        1.288444842E+00
                         Error  7        1.272523016E+00
                         Error  8        1.257368451E+00
                         Error  9        1.242944440E+00
                         Error 10        1.229215170E+00
                         Error 11        1.216145808E+00
                         Error 12        1.203702565E+00
                         Error 13        1.191852749E+00
                         Error 14        1.180564810E+00
                         Error 15        1.169808370E+00
                         Error 16        1.159554247E+00
                         Error 17        1.149774460E+00
                         Error 18        1.140442242E+00
                         Error 19        1.131532026E+00
                         Error 20        1.123019442E+00
                         Error 21        1.114881296E+00
                         Error 22        1.107095549E+00
                         Error 23        1.099641289E+00
                         Error 24        1.092498706E+00
                         Error 25        1.085649053E+00
                         Error 26        1.079074615E+00
                         Error 27        1.072758669E+00
                         Error 28        1.066685449E+00
                         Error 29        1.060840104E+00
                         Error 30        1.055208658E+00
                         Error 31        1.049777974E+00
                         Error 32        1.044535708E+00
                         Error 33        1.039470278E+00
                         Error 34        1.034570817E+00
                         Error 35        1.029827143E+00
                         Error 36        1.025229715E+00
                         Error 37        1.020769604E+00
                         Error 38        1.016438456E+00
                         Error 39        1.012228457E+00
                         Error 40        1.008132304E+00
                         Error 41        1.004143175E+00
                         Error 42        1.000254695E+00
                         Error 43        9.964609169E-01
                         Error 44        9.927562866E-01
                         Error 45        9.891356232E-01
                         Error 46        9.855940939E-01
                         Error 47        9.821271915E-01
                         Error 48        9.787307133E-01
                         Error 49        9.754007416E-01
                         Error 50        9.721336243E-01
                         Error 51        9.689259577E-01
                         Error 52        9.657745700E-01
                         Error 53        9.626765050E-01
                         Error 54        9.596290083E-01
                         Error 55        9.566295131E-01
                         Error 56        9.536756276E-01
                         Error 57        9.507651226E-01
                         Error 58        9.478959210E-01
                         Error 59        9.450660863E-01
                         Error 60        9.422738138E-01
                         Error 61        9.395174208E-01
                         Error 62        9.367953381E-01
                         Error 63        9.341061024E-01
                         Error 64        9.314483484E-01
                         Error 65        9.288208023E-01
                         Error 66        9.262222750E-01
                         Error 67        9.236516565E-01
                         Error 68        9.211079097E-01
                         Error 69        9.185900659E-01
                         Error 70        9.160972195E-01
                         Error 71        9.136285236E-01
                         Error 72        9.111831860E-01
                         Error 73        9.087604650E-01
                         Error 74        9.063596662E-01
                         Error 75        9.039801385E-01
                         Error 76        9.016212719E-01
                         Error 77        8.992824937E-01
                         Error 78        8.969632663E-01
                         Error 79        8.946630847E-01
                         Error 80        8.923814740E-01
                         Error 81        8.901179875E-01
                         Error 82        8.878722043E-01
                         Error 83        8.856437280E-01
                         Error 84        8.834321844E-01
                         Error 85        8.812372204E-01
                         Error 86        8.790585022E-01
                         Error 87        8.768957140E-01
                         Error 88        8.747485569E-01
                         Error 89        8.726167476E-01
                         Error 90        8.705000171E-01
                         Error 91        8.683981101E-01
                         Error 92        8.663107838E-01
                         Error 93        8.642378070E-01
                         Error 94        8.621789593E-01
                         Error 95        8.601340307E-01
                         Error 96        8.581028204E-01
                         Error 97        8.560851363E-01
                         Error 98        8.540807947E-01
                         Error 99        8.520896194E-01
                         Error100        8.501114414E-01
                         Error        8.501114414E-01
