-xyz
refined.xyz
-dens
/home/unibas/boittier/RDKit_G2/B.pdb/SCAN_1_2_3_4_S_36_10.0/34_SCAN/B.d.cube
-esp
/home/unibas/boittier/RDKit_G2/B.pdb/SCAN_1_2_3_4_S_36_10.0/34_SCAN/B.p.cube
-stepsize
0.2
-n_steps
10
-learning_rate
0.5
  -3.7702647688366007        2.6488951494211355      -0.29117508354859156     
  -3.0998057709122020      -0.16834984128947902       0.49467641613117486     
  -2.8089760959238426       0.19980200868142101      -0.42694616297898175     
  -5.7303729650605302       -1.3720493878244293       -2.3597482690244892E-002
  -2.8902719993885801       -2.9828919234129947E-002 -0.68834801171828719     
 -0.88223507600595819       -1.2667877357535868      -0.13824355116053527     
  -1.3477148591509902       -3.8145935648142331       0.33127345783371620     
  -2.3003987558770236       -1.9738458984456235        6.4802946806711365E-002
  -1.7478298629390967       -1.5979492123666417        1.3866719806946140E-002
   1.3229102494713099        1.6854274613174396      -0.12068609763410336     
   1.2644265996510413        1.8667012875584006      -0.14854789979165978     
  0.88531775010428715        3.2816309869086626        3.8940086951878068E-002
  0.92251922344022530        2.5506598222231758        5.4655393901133768E-002
   1.0185182286891992      -0.76023952724873955      -0.10209478252835057     
   1.2192549267254631      -0.42255765195375222      -0.41625560490494862     
   1.5156223826703723      -0.45092731967375366       0.82384281588325370     
   1.1242033441348218       0.65855214548466123        1.9239130888887641E-002
   2.8471308845134828      -0.97569369258797922       -1.0397904690635107     
   2.9477001919271553      -0.91557953988427498       0.85531515587383034     
   5.2398564261162157       0.12973810828502566      -0.18585729678781879     
   3.3404613409958541       -3.5246327129782942       -9.7848693424184077E-002
First
                         Total        1.496481410E+00
Step size:       0.20
Step size in Bohr:       0.38
Learning Rate:       1.00
# Steps:         10
                         Error  1        1.491875499E+00
                         Error  2        1.487445606E+00
                         Error  3        1.483181863E+00
                         Error  4        1.479074932E+00
                         Error  5        1.475115983E+00
                         Error  6        1.471296667E+00
                         Error  7        1.467609100E+00
                         Error  8        1.464045832E+00
                         Error  9        1.460599833E+00
                         Error 10        1.457264469E+00
                         Error        1.457264469E+00
