Running in analysis mode

Reading "/home/unibas/boittier/RDKit_G2/B.pdb/SCAN_1_2_3_4_S_36_10.0/5_SCAN/B.p.cube"...

  B.pdb Potential
  Electrostatic potential from Total SCF Density
   10   -9.523505   -7.980533   -7.103730
  119    0.166667    0.000000    0.000000
   91    0.000000    0.166667    0.000000
   86    0.000000    0.000000    0.166667
    6    6.000000   -3.010753   -1.467781    0.411389
    6    6.000000   -0.986749   -0.122455   -0.217071
    6    6.000000    1.601222   -1.053695   -0.590978
    6    6.000000    3.633552   -0.023214    0.486105
    1    1.000000   -4.798379   -0.560773    0.811121
    1    1.000000   -2.897238   -3.506380    0.487381
    9    9.000000   -1.166171    2.450557   -0.229039
    1    1.000000    1.766796   -2.828174   -1.608960
    1    1.000000    3.515233    1.709731    1.572033
    1    1.000000    5.485495   -0.866552    0.263106
  8.68655E-04  9.01547E-04  9.35546E-04  9.70673E-04  1.00695E-03  1.04440E-03
       .            .            .            .            .            .
       .            .            .            .            .            .
       .            .            .            .            .            .
  6.69100E-04  6.52663E-04  6.35780E-04  6.18533E-04  6.01002E-04  5.83263E-04

777026 out of 931294 gridpoints are considered (83.4%).

...done!

Reading "21charges.cube"...

  Fitted ESP
  Electrostatic potential fitted from 21 point charges.
   10   -9.523505   -7.980533   -7.103730
  119    0.166667    0.000000    0.000000
   91    0.000000    0.166667    0.000000
   86    0.000000    0.000000    0.166667
    6    6.000000   -3.010753   -1.467781    0.411389
    6    6.000000   -0.986749   -0.122455   -0.217071
    6    6.000000    1.601222   -1.053695   -0.590978
    6    6.000000    3.633552   -0.023214    0.486105
    1    1.000000   -4.798379   -0.560773    0.811121
    1    1.000000   -2.897238   -3.506380    0.487381
    9    9.000000   -1.166171    2.450557   -0.229039
    1    1.000000    1.766796   -2.828174   -1.608960
    1    1.000000    3.515233    1.709731    1.572033
    1    1.000000    5.485495   -0.866552    0.263106
  1.82136E-03  1.86396E-03  1.90742E-03  1.95173E-03  1.99689E-03  2.04288E-03
       .            .            .            .            .            .
       .            .            .            .            .            .
       .            .            .            .            .            .
 -8.57079E-05 -9.96599E-05 -1.13657E-04 -1.27638E-04 -1.41545E-04 -1.55326E-04

777026 out of 931294 gridpoints are considered (83.4%).

...done!

                       Measure       RMSE[kcal/mol/e]   MaxError[kcal/mol/e]   NPoints
                         Total        1.389583212E+00        1.438054665E+01    777026
Close (  1.20 < r <   1.66 )          2.374738831E+00        1.438054665E+01    155513
Mid-range ( 1.66 < r <  2.20)         1.273578031E+00        5.024436943E+00    276318
Far-range (  2.20         < r)        7.124302190E-01        2.631737062E+00    345195
Did analysis and wrote slice data
