-xyz
refined.xyz
-dens
/home/unibas/boittier/RDKit_G2/B.pdb/SCAN_1_2_3_4_S_36_10.0/23_SCAN_1_2_3_4_F/B.d.cube
-esp
/home/unibas/boittier/RDKit_G2/B.pdb/SCAN_1_2_3_4_S_36_10.0/23_SCAN_1_2_3_4_F/B.p.cube
-stepsize
0.2
-n_steps
1
-learning_rate
0.5
   4.5224057023092277       -3.0747367941858575E-002 -0.68155497247896113     
   2.4886258872750155        1.9514715252926378       0.82865637315615670     
   3.9911009204338797        4.4406960022292710       -3.8238458209670124E-002
   2.4720794525859531        2.7484445474189299        1.3194799384750686E-002
   2.2084583353585741        2.2638847714252939      -0.58974191137226362     
  0.78921436584233562        2.3278069079868287       0.17518006458860227     
  0.94026589862959820        1.0776665512789187        1.1150751119062563     
  0.76804595572076229        1.7715257205752717        2.3999351978580925E-003
  0.63416640873268537       0.76288924777034806       0.24016542881543301     
  -1.3416993999689699        3.2769003071427836       0.94907211172545314     
   1.5094102234735001       -3.6384580947456024      -0.25114469826518576     
   1.1513983275473707       -3.1107629324015771        5.8071359772385485E-003
  0.47824672204311935       -2.6527443476826194        5.9573885322504336E-002
   1.2516594337371261       -3.3471655041068873      -0.27566266133770106     
 -0.67211389371244190       -1.0458090021039639       0.15066426211565939     
  -8.4625381782477541E-002  -1.6440810151739922       0.32325022725116459     
 -0.96547437819340620      -0.64433608317368296       0.43262132957583699     
 -0.91805580443680379       -1.2223025865005104       0.91669514237126115     
  -5.4266109879644775       0.24849250286445426      -0.67233369361354134     
  -2.1546376194369272       -1.2874098082017882       0.83641441618142764     
  -2.8535634825377807      -0.16253402532353312       0.47967091957335606     
  -3.0554077008503699       -7.3758585740288485E-002 -0.10263686769413936     
  -2.9754648727006936      -0.53434698976610684       -5.9855392656930906E-002
  -3.8819409176328099       -2.1455889579032457        2.2631081551339829     
  -3.8297026756447528       -2.2674335169275808        1.9588506088207753     
First
                         Total        3.585212111E+00
Step size:       0.20
Step size in Bohr:       0.38
Learning Rate:       1.00
# Steps:          1
                         Error  1        3.566519667E+00
                         Error        3.566519667E+00
