-xyz
refined.xyz
-dens
../../cube_files/acrolein/17_SCAN_1_2_3_4_F/L.d.cube
-esp
../../cube_files/acrolein/17_SCAN_1_2_3_4_F/L.p.cube
-stepsize
0.2
-n_steps
100
-learning_rate
0.5
   3.4991961283369584        2.6218859495548279      -0.35563969628272413     
   3.3731635765679191        2.1639011110505106      -0.35271637121194260     
   5.0650094528245582      -0.76263378347637412      -0.17504246461059775     
   4.8964893306689410      -0.64947468878668890      -0.14793863557012860     
   2.8891535000959339       -5.4423145140498758E-002  -1.8892521115832655E-002
   3.1500584017361319      -0.80498548395357561       -2.2853919752123249E-002
   3.9216675871831290       0.21618697835829537      -0.11969600526686888     
   2.4295256650688049       0.91693872009593502      -0.12146243903969439     
   2.0646106823962720       -1.0930622953737992       0.25184200880075630     
   1.2626747337927808       -4.8240980640014038E-002  0.31939775863311443     
   1.5293501565440550      -0.19992855120665223       0.42159977441290442     
   1.5486296119443084      -0.68600445980830738       0.26023199227087496     
   1.1442751645926863       -3.5015889890828182       0.29253667472872863     
  0.29813464082399843       -3.4084469459314439       0.31195728070592937     
   1.6547472166264183       -5.3672165904372085E-002 -0.23469381631922553     
 -0.79120594754157858        2.4277708537384513       0.91558084089661984     
 -0.88928296981746069        2.4245903590455011       0.32247906932425152     
 -0.78859252042010541        2.4703079413243003        3.3344731557395355E-002
  -1.2780841048702862      -0.37380038422850170        9.8442458986211359E-002
  -2.5555405675607155       0.20920168671864869      -0.11002005171331314     
  -3.3913244730298264      -0.86908634296884257      -0.29256234299626438     
  -3.6958329533192127      -0.52711012584066774      -0.26233619884183174     
  -3.8495841107671933       0.10510469065264821      -0.18951791802810666     
First
                         Total        4.442238206E-01
Step size:       0.20
Step size in Bohr:       0.38
Learning Rate:       1.00
# Steps:        100
                         Error  1        4.387240089E-01
                         Error  2        4.335177213E-01
                         Error  3        4.285914538E-01
                         Error  4        4.239320876E-01
                         Error  5        4.195268980E-01
                         Error  6        4.153635626E-01
                         Error  7        4.114301666E-01
                         Error  8        4.077152073E-01
                         Error  9        4.042075964E-01
                         Error 10        4.008966604E-01
                         Error 11        3.977721405E-01
                         Error 12        3.948241894E-01
                         Error 13        3.920433681E-01
                         Error 14        3.894206405E-01
                         Error 15        3.869473675E-01
                         Error 16        3.846152993E-01
                         Error 17        3.824165671E-01
                         Error 18        3.803436741E-01
                         Error 19        3.783894859E-01
                         Error 20        3.765472193E-01
                         Error 21        3.748104321E-01
                         Error 22        3.731730111E-01
                         Error 23        3.716291612E-01
                         Error 24        3.701733928E-01
                         Error 25        3.688005104E-01
                         Error 26        3.675056004E-01
                         Error 27        3.662840193E-01
                         Error 28        3.651313816E-01
                         Error 29        3.640435486E-01
                         Error 30        3.630166162E-01
                         Error 31        3.620469045E-01
                         Error 32        3.611309462E-01
                         Error 33        3.602654761E-01
                         Error 34        3.594474212E-01
                         Error 35        3.586738898E-01
                         Error 36        3.579421627E-01
                         Error 37        3.572496837E-01
                         Error 38        3.565940503E-01
                         Error 39        3.559730058E-01
                         Error 40        3.553844307E-01
                         Error 41        3.548263349E-01
                         Error 42        3.542968506E-01
                         Error 43        3.537942250E-01
                         Error 44        3.533168135E-01
                         Error 45        3.528630736E-01
                         Error 46        3.524315584E-01
                         Error 47        3.520209115E-01
                         Error 48        3.516298610E-01
                         Error 49        3.512572145E-01
                         Error 50        3.509018546E-01
                         Error 51        3.505627337E-01
                         Error 52        3.502388705E-01
                         Error 53        3.499293452E-01
                         Error 54        3.496332958E-01
                         Error 55        3.493499149E-01
                         Error 56        3.490784459E-01
                         Error 57        3.488181801E-01
                         Error 58        3.485684533E-01
                         Error 59        3.483286435E-01
                         Error 60        3.480981678E-01
                         Error 61        3.478764800E-01
                         Error 62        3.476630686E-01
                         Error 63        3.474574542E-01
                         Error 64        3.472591878E-01
                         Error 65        3.470678484E-01
                         Error 66        3.468830416E-01
                         Error 67        3.467043980E-01
                         Error 68        3.465315712E-01
                         Error 69        3.463642364E-01
                         Error 70        3.462020895E-01
                         Error 71        3.460448451E-01
                         Error 72        3.458922358E-01
                         Error 73        3.457440108E-01
                         Error 74        3.455999349E-01
                         Error 75        3.454597874E-01
                         Error 76        3.453233614E-01
                         Error 77        3.451904629E-01
                         Error 78        3.450609095E-01
                         Error 79        3.449345304E-01
                         Error 80        3.448111650E-01
                         Error 81        3.446906627E-01
                         Error 82        3.445728818E-01
                         Error 83        3.444576896E-01
                         Error 84        3.443449612E-01
                         Error 85        3.442345792E-01
                         Error 86        3.441264334E-01
                         Error 87        3.440204201E-01
                         Error 88        3.439164417E-01
                         Error 89        3.438144067E-01
                         Error 90        3.437142287E-01
                         Error 91        3.436158264E-01
                         Error 92        3.435191236E-01
                         Error 93        3.434240481E-01
                         Error 94        3.433305321E-01
                         Error 95        3.432385118E-01
                         Error 96        3.431479268E-01
                         Error 97        3.430587204E-01
                         Error 98        3.429708389E-01
                         Error 99        3.428842319E-01
                         Error100        3.427988514E-01
                         Error        3.427988514E-01
