-xyz
global_fitted_global.xyz
-dens
/home/unibas/boittier/RDKit_G2/B.pdb/SCAN_1_2_3_4_S_36_10.0/2_SCAN/B.d.cube
-esp
/home/unibas/boittier/RDKit_G2/B.pdb/SCAN_1_2_3_4_S_36_10.0/2_SCAN/B.p.cube
-stepsize
0.2
-n_steps
0
-learning_rate
0.5
   3.6976978249222787        2.6768504561262731       0.59569773973273421     
   3.1264923351274336       -8.8918816469912010E-002 -0.42941735207723053     
   2.7771060619908394       0.21556129005039548       0.49651427599951348     
   5.7429761937858936       -1.2815013781293167       0.11957687213983308     
   2.8462255393671576       -3.0228674963868885E-002  0.74535768424881454     
  0.93631081608057520       -1.2116775626306013        3.6167075605986053E-002
   1.4287758786094824       -3.7541155661460586      -0.60651995216635013     
   2.3740206346065289       -1.8674056458114920      -0.19895671698711759     
   1.8098483333871014       -1.5111326115554495      -0.13643230130297948     
  -1.3730703742634909        1.6690567336957065        7.3386681707942825E-002
  -1.3195015870898170        1.8521804113233444        9.9266876215494404E-002
 -0.98996154566910244        3.2787580144401889       -9.1439285499613596E-002
  -1.0039078246757227        2.5469955153254697      -0.10927703554303479     
 -0.99165781648827556      -0.76968595633714654        4.1905605485324370E-002
  -1.1960244585210631      -0.43905759531544414       0.35971931062297513     
  -1.5178819210078114      -0.47441233346137440      -0.87364141383407545     
  -1.1449430961925731       0.64519991758796214       -7.3397647581013317E-002
  -2.7373607276213394       -1.0377740410437992        1.1026915156219401     
  -2.9557564399416152      -0.98460372668578755      -0.78259532052730829     
  -5.2095580602643201       -3.7484419023800061E-003  0.39804655978929482     
  -3.2126650698468406       -3.6018588662120958       0.19455428381191839     
First
                         Total        3.969113044E-01
Step size:       0.20
Step size in Bohr:       0.38
Learning Rate:       1.00
# Steps:          0
                         Error        3.969113044E-01
