-xyz
refined.xyz
-dens
/home/unibas/boittier/RDKit_G2/B.pdb/SCAN_1_2_3_4_S_36_-10.0/14_SCAN_1_2_3_4_F/B.d.cube
-esp
/home/unibas/boittier/RDKit_G2/B.pdb/SCAN_1_2_3_4_S_36_-10.0/14_SCAN_1_2_3_4_F/B.p.cube
-stepsize
0.2
-n_steps
0
-learning_rate
0.5
  -3.5712297436899116        2.3160215592194673       -1.6980136133244614     
  -3.5384865021428524       0.10498143062817887       0.67789145709832932     
  -6.3502206428919861      -0.77497980871354366        7.8040725745711553E-002
  -4.0697376405320851      -0.67626859123313032        3.7559712809703188E-002
  -3.5268270032709927      -0.69187094926920822      -0.56898990024717444     
  -2.6088113853402457       -1.2417318169009472       0.86804255245264006     
  -1.6456417080880996       -1.1164000159739285      -0.47371462607661990     
  -2.0340908969845013       -1.2522433409906033       0.86528105712449510     
  -1.1208176777174266       -1.0676986542604605       0.35580503601062263     
  -1.7428842543405205       -3.3416566243560410        1.8354203072348256     
   3.1164374726839905       -2.1796146194720865      -0.41958150593462418     
   2.6128418246569152       -1.7145112634741926      -0.45755279018025496     
   2.2077108963928129       -1.0514118667460359      -0.22251375741447382     
   2.8939328393847203       -1.8960771566821146      -0.27353925036498661     
  0.70505370955003621       0.20514272051331231       0.35822438471066953     
   1.2018649988721792      -0.33528532857865367       -8.5155525603517385E-002
  0.27280602514445240       0.55610086140833614       0.26987839931328139     
  0.72467914103786080       0.64104468453203245      -0.33801293094494345     
   4.0552329192762588        3.1231270744690502      -0.25660350881531813     
  0.89501227662605276        1.8081988527412054       0.11733028632951295     
   1.6919139160074226        1.7353227241449778       0.50958449971041597     
   2.0719145529448122        1.6897946039925602        3.4444046796033391E-002
   1.7187013421804547        1.9226841337939815      -0.12997561169678062     
  0.44202575531036731        4.1648139863813070        1.3325595580438094     
  0.42987650275216527        4.1312336930870366        1.0037863813531753     
First
                         Total        1.333507306E+00
Step size:       0.20
Step size in Bohr:       0.38
Learning Rate:       1.00
# Steps:          0
                         Error        1.333507306E+00
