-xyz
refined.xyz
-dens
/home/unibas/boittier/RDKit_G2/B.pdb/SCAN_1_2_3_4_S_36_10.0/17_SCAN_1_2_3_4_F/B.d.cube
-esp
/home/unibas/boittier/RDKit_G2/B.pdb/SCAN_1_2_3_4_S_36_10.0/17_SCAN_1_2_3_4_F/B.p.cube
-stepsize
0.2
-n_steps
0
-learning_rate
0.5
  -4.5989771634463201       0.33164978369584480      -0.14389679049527918     
  -2.0699919644251232        2.2119076523433039      -0.81602206211658657     
  -3.5881400652266189        4.7092809318724562        1.2046257913493679E-003
  -2.2406666258515791        2.8812195656738728        9.2545950782062805E-002
  -2.1836100069993964        2.2971881960865912       0.65694804885589209     
 -0.61548946053095166        2.3032518651144009       0.32793255433205648     
 -0.57956852609601950        1.1411557660711715      -0.86998233793319990     
 -0.66482017807961413        1.7356089824734833       0.40389172641971793     
 -0.55423950972154046       0.74379911360532303        2.8561532418845046E-002
   1.7091417057871845        3.1314850696649166       0.32210159107673031     
  -1.9274296348557971       -3.5410166696758347       -8.8299678923507333E-002
  -1.4432337485737099       -3.0687886415325298      -0.20631052606463712     
 -0.76118343304760294       -2.6606143023705600       -4.1155139106540235E-002
  -1.6331656532919385       -3.3109152588015678        1.9830774348184196E-002
  0.50943638934894975       -1.2137536318998352       0.28960715361937939     
  -8.2065894315283633E-002  -1.7206422257130805       -6.9083075123365076E-002
  0.89453105147385503      -0.83252839199154705       0.13409474855120104     
  0.92603617795145432       -1.3754663265796134      -0.39991130155317656     
   5.5127783845015337       0.17780892762029721       -9.0132625187267876E-002
   2.0805492636569478       -1.5911228157399449       -7.4835549348319782E-003
   2.8007215694098733      -0.63946600634754003      -0.36616661736366773     
   3.0791744056054613      -0.20253345165925019       -4.4008729890280138E-002
   3.0060092600477901      -0.53220112024310862       0.25930137415258486     
   3.5697519447457187       -3.3788244864119559      -0.30792919018562181     
   3.5650164288179873       -3.2508811931328796       -3.0109540295914497E-003
First
                         Total        4.152852887E+00
Step size:       0.20
Step size in Bohr:       0.38
Learning Rate:       1.00
# Steps:          0
                         Error        4.152852887E+00
