-xyz
refined.xyz
-dens
/home/unibas/boittier/RDKit_G2/B.pdb/SCAN_1_2_3_4_S_36_10.0/35_SCAN/B.d.cube
-esp
/home/unibas/boittier/RDKit_G2/B.pdb/SCAN_1_2_3_4_S_36_10.0/35_SCAN/B.p.cube
-stepsize
0.2
-n_steps
10
-learning_rate
0.5
  -3.7461659829321916        2.6836349819309953      -0.24847438205628181     
  -3.1042322762187271      -0.15262148958914556       0.49505306945435978     
  -2.8046907115153306       0.22973538954550835      -0.41795510729431351     
  -5.7396098646451614       -1.3244015330144359       -5.7857688155335235E-002
  -2.8855730525569774        5.2232220629269748E-003 -0.68389240640770876     
 -0.90839545130537636       -1.2406595741524420      -0.13655259566321754     
  -1.3800646087264947       -3.8065794218282942       0.28055256805744616     
  -2.3391105095375599       -1.9231834537399290        6.2351714526805969E-002
  -1.7800470784802336       -1.5568157372453983        1.2874693256607471E-002
   1.3501370697130259        1.6775807576435338      -0.11523520151524461     
   1.2946735606695601        1.8597226378949538      -0.14360687786450987     
  0.93764585428411340        3.2808678521806254        4.0183262968210995E-002
  0.96304944876668053        2.5494212975351060        5.7223191873451922E-002
   1.0064498971549802      -0.76408505086024603       -9.3790462629832053E-002
   1.2137303867026508      -0.43019757827873051      -0.40775741545064653     
   1.5050638784802186      -0.46123184300395031       0.83346950627351968     
   1.1344545307953520       0.65303010899276137        2.5626915799431282E-002
   2.8218811470486158       -1.0099695038203258       -1.0402681194038597     
   2.9318677162552134      -0.94684662789820284       0.85421642361769357     
   5.2354970708820394        6.0384043236060732E-002 -0.19970635977797388     
   3.2791988435907071       -3.5638426686646452       -9.4284521622287495E-002
First
                         Total        9.979494924E-01
Step size:       0.20
Step size in Bohr:       0.38
Learning Rate:       1.00
# Steps:         10
                         Error  1        9.952807626E-01
                         Error  2        9.927171880E-01
                         Error  3        9.902521159E-01
                         Error  4        9.878793143E-01
                         Error  5        9.855929470E-01
                         Error  6        9.833875509E-01
                         Error  7        9.812580137E-01
                         Error  8        9.791995528E-01
                         Error  9        9.772076956E-01
                         Error 10        9.752782604E-01
                         Error        9.752782604E-01
