-xyz
refined.xyz
-dens
/home/unibas/boittier/RDKit_G2/B.pdb/SCAN_1_2_3_4_S_36_10.0/7_SCAN_1_2_3_4_F/B.d.cube
-esp
/home/unibas/boittier/RDKit_G2/B.pdb/SCAN_1_2_3_4_S_36_10.0/7_SCAN_1_2_3_4_F/B.p.cube
-stepsize
0.2
-n_steps
0
-learning_rate
0.5
   4.0840388776286005        1.7293553272719395      -0.55862604408223715     
   2.8180001357947440       -1.1602664312988042       -1.2383539481297881     
   5.5332643891959261       -2.5172286048910748       -1.1965209790215148     
   3.5065315439969762       -1.7309271571818496      -0.52921718607640689     
   3.2922602855240517       -1.3396410505009686       0.15187079446496773     
   1.9163982365466381       -2.1531233769612270        3.9888033756835480E-002
   1.0468671893729307       -1.1150705805717156      -0.83397900154277771     
   1.6872600466461838       -1.6618568217467637       0.23113295365762146     
   1.0164436490008419      -0.86736782186959882       0.11661697299066494     
  0.39238723799221842       -4.0880088506042851       0.16338848837359701     
 -0.13398354513943775        3.4646373216402910       0.59674659556728282     
 -0.30934965198740766        2.8141337692788539       0.46459749858317551     
 -0.61802775604273874        2.0860422233453439       0.64810704797451157     
 -0.23057692340187036        3.1028824431326991       0.70178597965103395     
 -0.86208763002319977        9.0132160456458527E-002  0.89236767266421946     
 -0.74437508053564316       0.87095860943679171       0.55781798938922789     
 -0.99739497833212387      -0.43006843082389706       0.72237368219545872     
  -1.4402421976846334        3.4415794924851952E-002  0.31118348326126943     
  -5.3041836444372343       -4.7642543333171312E-002  -1.0010367919818177     
  -2.4007518093722289      -0.48569232168947535       0.89455005376884988     
  -2.8185491489417056       -6.4118733609429712E-002  0.38530393957395137     
  -2.9862724473083451      -0.22975218893221502      -0.17742707739238592     
  -2.9552705803967076      -0.62276367608660865        4.7543553271197594E-002
  -4.0821683555485357       -1.0111437585047121        2.7598176893488353     
  -4.0321549763334863       -1.2584021570558475        2.5459743158435475     
First
                         Total        4.172982736E+00
Step size:       0.20
Step size in Bohr:       0.38
Learning Rate:       1.00
# Steps:          0
                         Error        4.172982736E+00
