-xyz
refined.xyz
-dens
../../cube_files/fbutone/11_SCAN_1_2_6_8_F/N.d.cube
-esp
../../cube_files/fbutone/11_SCAN_1_2_6_8_F/N.p.cube
-stepsize
0.2
-n_steps
1
-learning_rate
0.5
   3.5091671457126687        3.1330071938163253       0.65874314940778400     
   3.1109714559523352        1.9070928261676461      -0.34561539065918029     
   3.3178565962450586        2.5118550651950264       -1.0373524130167413     
   3.0036732161089503        3.3562566191252001       -2.0408914167964167     
   6.2899507230565401        2.4213574387423962       0.48805799807354922     
   2.5289569250690507        3.2210865969778211        1.7418712270686678     
   3.0449364057905917        2.8781742407567603        1.1178266567970803     
   4.7995925727663300       -1.9770723738512803       0.59065714973842576     
   4.0368595215143124       -2.7161607921378326       0.20941773857537366     
   4.4670168912434516       -2.3562190703919406       0.44217855897876712     
   3.3573527367921612       0.10767067614501190      -0.15344691306795066     
   2.4972499992315158       -1.0338884494018241      -0.42763570889264912     
  0.31300670656733726       -2.1574774970181774       -1.3272726971109419     
  0.23975335188040478       -9.2649910975536071E-002  -1.4092513875715587     
  0.10545048722085645       -3.2972627871176097       -1.5342289474742750     
   8.7833763266786907E-002  -3.0308762166190206       -1.5083987605408500     
  0.13026471795359884      -0.42913543754650479       -3.1399079583307574     
   1.6235937086245687E-002  0.23328095878956043       -2.9756341225269489     
  0.12347045036873168      -0.69309142713797045       -3.0137166683509622     
  -1.2235452910904221       0.66683158746926785        3.4099111536256811E-002
  -1.4627594037195188      -0.39953455762680323       0.71458511334977926     
  -1.9229638433123932      -0.38160799432321174        1.6585170857756697     
  -1.8782487158654018      -0.49486949955849863        2.0110500408566550     
  -3.4129974787003148      -0.78643075833042930      -0.55898919415241088     
  -4.6799350120734475       -1.3432799234715096       -1.1029152967492732     
  -4.1314828638883814       -1.2394471266979958       -1.0359784254607982     
  -4.4417185870390314       -1.1511224681560632      -0.88666406476728987     
  -2.3352023207024675        3.3991956194507216      -0.18672541197914810     
  -2.3129051177004958        1.8184188197600653        3.6722802304599857E-003
  -2.2668133406744428        2.6204322599343759      -0.14438770864569836     
First
                         Total        4.651803142E+00
Step size:       0.20
Step size in Bohr:       0.38
Learning Rate:       1.00
# Steps:          1
                         Error  1        4.579490732E+00
                         Error        4.579490732E+00
