atom_charge_dict:  {6: [0, 1], 5: [2, 3], 0: [4, 5, 6, 7], 1: [8, 9, 10, 11, 14], 7: [12, 13], 4: [15, 16, 17], 2: [18], 3: [19, 20, 21, 22]}
3
3 [19, 20, 21, 22] [-0.31816758  0.28018999  0.268261  ]
3 [19, 20, 21, 22] [-0.11026102 -0.16192164 -0.28387277]
3 [19, 20, 21, 22] [ 0.1047617  -0.13959831 -0.15320459]
3 [19, 20, 21, 22] [ 0.27918342 -0.02108599  0.11409827]
2
2 [18] [-0.17339372 -0.23227034 -0.46867974]
1
1 [8, 9, 10, 11, 14] [-0.51806421  0.17205807 -0.02954927]
1 [8, 9, 10, 11, 14] [0.04961865 0.24701553 0.37172689]
1 [8, 9, 10, 11, 14] [-0.08439912  0.31072581  0.2816912 ]
1 [8, 9, 10, 11, 14] [-0.19700587  0.15644661  0.09125983]
1 [8, 9, 10, 11, 14] [-0.21027818  0.05509383  0.51416843]
4
4 [15, 16, 17] [-0.10371317  0.1823329  -0.23068163]
4 [15, 16, 17] [-0.1429466  -0.08276544 -0.07803302]
4 [15, 16, 17] [-0.22580997 -0.19186356  0.03114754]
2
1
5
5 [2, 3] [-0.00439547  0.00583058  0.05738755]
5 [2, 3] [ 0.0783844  -0.01556673  0.09321218]
0
0 [4, 5, 6, 7] [ 0.17216895  0.22819596 -0.05813274]
0 [4, 5, 6, 7] [-0.0513849   0.50719539 -0.26374347]
0 [4, 5, 6, 7] [-0.30923985 -0.05252497  0.01032497]
0 [4, 5, 6, 7] [ 0.536035   -0.14786868  0.17687308]
6
6 [0, 1] [ 0.0484196  -0.15168141  0.06230631]
6 [0, 1] [ 0.05355509  0.05168243 -0.07984851]
7
7 [12, 13] [-0.23976708  0.22444811 -0.14960726]
7 [12, 13] [ 0.20209242  0.31181644 -0.1586091 ]
1
0
RMSD using the Kabsch algorithm: 0.8742808885092715
1 [-1.39374701 -1.4570981   0.66726887]
2 [-1.38861152 -1.25373426  0.52511404]
3 [-2.63918839 -0.1838291  -0.20594256]
4 [-2.55640853 -0.20522641 -0.17011794]
5 [-1.44725344 -0.14913106  0.01095184]
6 [-1.67080728  0.12986837 -0.19465888]
7 [-1.92866223 -0.42985198  0.07940955]
8 [-1.08338738 -0.52519569  0.24595767]
9 [-1.15153512  0.65947031 -0.21395634]
10 [-0.58385225  0.73442776  0.18731981]
11 [-0.71787003  0.79813804  0.09728412]
12 [-0.83047678  0.64385884 -0.09314724]
13 [-1.07171587  1.65076216 -0.8503863 ]
14 [-0.62985638  1.73813049 -0.85938815]
15 [-0.84374908  0.54250606  0.32976136]
16 [0.95350945 1.11029504 0.93225362]
17 [0.91427602 0.8451967  1.08490223]
18 [0.83141265 0.73609858 1.19408279]
19 [ 0.59029125  0.07951811 -0.1722189 ]
20 [ 1.28019991 -0.1436157   0.0319332 ]
21 [ 1.48810646 -0.58572733 -0.52020057]
22 [ 1.70312919 -0.563404   -0.38953239]
23 [ 1.87755091 -0.44489168 -0.12222953]
