-xyz
refined.xyz
-dens
../../cube_files/acrolein/13_SCAN_1_2_3_4_F/L.d.cube
-esp
../../cube_files/acrolein/13_SCAN_1_2_3_4_F/L.p.cube
-stepsize
0.2
-n_steps
100
-learning_rate
0.5
  -2.6338001379759857       -2.7535163481157152        1.2609554121932134     
  -2.6240954645057175       -2.3692143782367752       0.99232172545020125     
  -4.9873432578496795      -0.34738665008506003      -0.38917504526578672     
  -4.8309119779777951      -0.38782170696632429      -0.32147631186384362     
  -2.7349126269921422      -0.28181685654279159        2.0695986728013455E-002
  -3.1573681723870526       0.24541565421737685      -0.36785197524704338     
  -3.6446433998622116      -0.81230252476005438       0.15006231005658982     
  -2.0473054354977167      -0.99247602140263858       0.46479262598141391     
  -2.1760859925874234        1.2462182706552938      -0.40431889163269452     
  -1.1033208584172061        1.3878673278197118       0.35398314500061950     
  -1.3565777500018275        1.5082623117381473       0.18384035257731973     
  -1.5693736653765997        1.2167168781106035      -0.17602277064136709     
  -2.0252494859483217        3.1194883862727392       -1.6069972142112865     
  -1.1902560523334091        3.2845905906510193       -1.6240082310076589     
  -1.5944546867255043        1.0251878818980746       0.62315866140663667     
   1.8018717129762927        2.0981535395381563        1.7617040254093184     
   1.7277312875763711        1.5971902816341379        2.0501680827519877     
   1.5711421969932173        1.3910247181501592        2.2564894417052686     
   1.1154887889504781       0.15026744513287127      -0.32544656283928158     
   2.4192272132062875      -0.27139434051849959        6.0344998414352251E-002
   2.8121136594410419       -1.1068642341679347      -0.98303661036748968     
   3.2184477180210460       -1.0646792523031026      -0.73610953725021733     
   3.5480569999766209      -0.84072342547973866      -0.23098033894724601     
First
                         Total        9.006250352E-01
Step size:       0.20
Step size in Bohr:       0.38
Learning Rate:       1.00
# Steps:        100
                         Error  1        8.870776400E-01
                         Error  2        8.740813696E-01
                         Error  3        8.616191979E-01
                         Error  4        8.496741312E-01
                         Error  5        8.382292448E-01
                         Error  6        8.272677189E-01
                         Error  7        8.167728726E-01
                         Error  8        8.067281955E-01
                         Error  9        7.971173786E-01
                         Error 10        7.879243422E-01
                         Error 11        7.791332621E-01
                         Error 12        7.707285937E-01
                         Error 13        7.626950940E-01
                         Error 14        7.550178410E-01
                         Error 15        7.476822516E-01
                         Error 16        7.406740963E-01
                         Error 17        7.339795129E-01
                         Error 18        7.275850171E-01
                         Error 19        7.214775116E-01
                         Error 20        7.156442931E-01
                         Error 21        7.100730574E-01
                         Error 22        7.047519023E-01
                         Error 23        6.996693300E-01
                         Error 24        6.948142462E-01
                         Error 25        6.901759591E-01
                         Error 26        6.857441767E-01
                         Error 27        6.815090025E-01
                         Error 28        6.774609301E-01
                         Error 29        6.735908377E-01
                         Error 30        6.698899805E-01
                         Error 31        6.663499829E-01
                         Error 32        6.629628304E-01
                         Error 33        6.597208601E-01
                         Error 34        6.566167514E-01
                         Error 35        6.536435160E-01
                         Error 36        6.507944878E-01
                         Error 37        6.480633122E-01
                         Error 38        6.454439359E-01
                         Error 39        6.429305961E-01
                         Error 40        6.405178096E-01
                         Error 41        6.382003624E-01
                         Error 42        6.359732993E-01
                         Error 43        6.338319128E-01
                         Error 44        6.317717334E-01
                         Error 45        6.297885194E-01
                         Error 46        6.278782467E-01
                         Error 47        6.260370993E-01
                         Error 48        6.242614599E-01
                         Error 49        6.225479007E-01
                         Error 50        6.208931746E-01
                         Error 51        6.192942065E-01
                         Error 52        6.177480849E-01
                         Error 53        6.162520544E-01
                         Error 54        6.148035072E-01
                         Error 55        6.133999764E-01
                         Error 56        6.120391286E-01
                         Error 57        6.107187571E-01
                         Error 58        6.094367754E-01
                         Error 59        6.081912109E-01
                         Error 60        6.069801989E-01
                         Error 61        6.058019772E-01
                         Error 62        6.046548803E-01
                         Error 63        6.035373345E-01
                         Error 64        6.024478528E-01
                         Error 65        6.013850303E-01
                         Error 66        6.003475397E-01
                         Error 67        5.993341270E-01
                         Error 68        5.983436078E-01
                         Error 69        5.973748630E-01
                         Error 70        5.964268358E-01
                         Error 71        5.954985274E-01
                         Error 72        5.945889948E-01
                         Error 73        5.936973467E-01
                         Error 74        5.928227414E-01
                         Error 75        5.919643836E-01
                         Error 76        5.911215219E-01
                         Error 77        5.902934463E-01
                         Error 78        5.894794859E-01
                         Error 79        5.886790068E-01
                         Error 80        5.878914097E-01
                         Error 81        5.871161284E-01
                         Error 82        5.863526275E-01
                         Error 83        5.856004009E-01
                         Error 84        5.848589700E-01
                         Error 85        5.841278822E-01
                         Error 86        5.834067095E-01
                         Error 87        5.826950470E-01
                         Error 88        5.819925116E-01
                         Error 89        5.812987408E-01
                         Error 90        5.806133916E-01
                         Error 91        5.799361391E-01
                         Error 92        5.792666757E-01
                         Error 93        5.786047103E-01
                         Error 94        5.779499670E-01
                         Error 95        5.773021844E-01
                         Error 96        5.766611147E-01
                         Error 97        5.760265231E-01
                         Error 98        5.753981870E-01
                         Error 99        5.747758952E-01
                         Error100        5.741594473E-01
                         Error        5.741594473E-01
