-xyz
refined.xyz
-dens
/home/unibas/boittier/RDKit_G2/B.pdb/SCAN_1_2_3_4_S_36_-10.0/27_SCAN/B.d.cube
-esp
/home/unibas/boittier/RDKit_G2/B.pdb/SCAN_1_2_3_4_S_36_-10.0/27_SCAN/B.p.cube
-stepsize
0.2
-n_steps
0
-learning_rate
0.5
   3.2654143487978207       0.61368479103752438       -3.3467707175390284     
   3.0825139751269570      -0.32384365247330599      -0.51573687872751484     
   2.8027870437084235       0.64793995790003256      -0.73299680292062019     
   5.9398456004204725        3.9904170296392781E-002  0.20791273483383696     
   2.9457278535600602       0.87791215399867895      -0.49980772523677464     
   1.2865157323845129       0.23007430289472502       0.56746194641293168     
   2.0794435351646290      -0.44972504986735656        3.4031705347124834     
   2.7572291093439789       0.16410321267038910        1.1881104830938118     
   2.1312930340622405       0.10058452754852418       0.95705592115715832     
  -1.9313952792774922       -1.3749858586071908      -0.38136522227092373     
  -1.9483896120356157       -1.5622952760075661      -0.42259973588944971     
  -2.2570519732665781       -3.0055970135013816      -0.37196730657736399     
  -1.9901693214037965       -2.3343234270634237      -0.25403003203800739     
 -0.64644471685061677       0.70679495041364493        8.1034207080674700E-002
 -0.87658171706087296       0.50449320106418183      -0.31807312964691903     
  -1.4562684884669046       0.61257986580355894       0.81300182289705958     
  -1.3603497395122637      -0.52381909165769169       -4.1984414283008038E-002
  -1.9972484991698656        1.7861369073926245      -0.99661831369206533     
  -2.5065139918781769        1.5944046619261978       0.82256749436216625     
  -4.7587518227890220        1.7608885923869086      -0.71367875650695589     
  -1.5761898546920268        4.1918371833671930       0.29892518812409064     
First
                         Total        1.445918241E+00
Step size:       0.20
Step size in Bohr:       0.38
Learning Rate:       1.00
# Steps:          0
                         Error        1.445918241E+00
