                                     G D M A

                                 by Anthony Stone

                           version 2.2.03, 21 June 2007

               Distributed Multipoles from Gaussian wavefunctions


Starting at 9:24:49 on 26 May 2021  

GDMA



Using SCF density matrix from file O.pdb.fchk


                         Distributed Multipole Analysis

Standard DMA for products of primitives with exponent greater than 4.00000
Using 80-point Euler-MacLaurin radial quadrature
Using 590-point Lebedev quadrature
Becke smoothing parameter = 3

Positions and radii in angstrom
Multipole moments in atomic units, ea_0^k for rank k

C          x =  0.970266  y =  1.262966  z = -0.016235
           Maximum rank =  2   Radius =  0.650
                   Q00  =  -0.134210
|Q1| =   0.141778  Q10  =  -0.004856  Q11c =  -0.003993  Q11s =  -0.141638
|Q2| =   0.202758  Q20  =  -0.071536  Q21c =   0.033138  Q21s =   0.033003
                   Q22c =  -0.158546  Q22s =   0.093110

C          x =  0.576527  y = -0.190079  z = -0.033649
           Maximum rank =  2   Radius =  0.650
                   Q00  =   0.259343
|Q1| =   0.233351  Q10  =  -0.073016  Q11c =  -0.049339  Q11s =  -0.216072
|Q2| =   0.661886  Q20  =  -0.549199  Q21c =   0.329985  Q21s =  -0.069296
                   Q22c =   0.033431  Q22s =  -0.147187

H          x =  0.742398  y =  1.716768  z = -0.985064
           Maximum rank =  2   Radius =  0.325
                   Q00  =   0.111301
|Q1| =   0.136795  Q10  =   0.099148  Q11c =  -0.000881  Q11s =  -0.094244
|Q2| =   0.150752  Q20  =   0.098397  Q21c =   0.068001  Q21s =  -0.087771
                   Q22c =  -0.025005  Q22s =   0.009540

H          x =  2.037090  y =  1.345119  z =  0.189655
           Maximum rank =  2   Radius =  0.325
                   Q00  =   0.109862
|Q1| =   0.131310  Q10  =  -0.019593  Q11c =  -0.115182  Q11s =  -0.059928
|Q2| =   0.164534  Q20  =  -0.112030  Q21c =   0.060111  Q21s =  -0.003132
                   Q22c =   0.104206  Q22s =   0.006208

H          x =  0.421326  y =  1.817730  z =  0.752515
           Maximum rank =  2   Radius =  0.325
                   Q00  =   0.100097
|Q1| =   0.143281  Q10  =  -0.089230  Q11c =   0.039922  Q11s =  -0.104755
|Q2| =   0.149000  Q20  =   0.013196  Q21c =  -0.106135  Q21s =   0.098046
                   Q22c =   0.000674  Q22s =  -0.033893

O          x = -0.709878  y = -0.457631  z = -0.478838
           Maximum rank =  2   Radius =  0.650
                   Q00  =  -0.418990
|Q1| =   0.462892  Q10  =   0.359892  Q11c =   0.175565  Q11s =   0.232215
|Q2| =   1.177436  Q20  =  -0.394219  Q21c =  -0.051256  Q21s =   0.410660
                   Q22c =   1.016096  Q22s =  -0.165011

O          x =  1.340672  y = -1.115917  z =  0.195582
           Maximum rank =  2   Radius =  0.650
                   Q00  =  -0.350405
|Q1| =   0.547786  Q10  =  -0.120916  Q11c =  -0.374257  Q11s =   0.381288
|Q2| =   0.988113  Q20  =  -0.156709  Q21c =   0.113578  Q21s =  -0.255521
                   Q22c =  -0.106986  Q22s =  -0.928533

C          x = -1.850356  y =  0.101179  z =  0.236515
           Maximum rank =  2   Radius =  0.650
                   Q00  =   0.024035
|Q1| =   0.211293  Q10  =  -0.124893  Q11c =   0.128587  Q11s =  -0.111856
|Q2| =   0.249380  Q20  =  -0.051667  Q21c =  -0.158704  Q21s =   0.000260
                   Q22c =   0.091075  Q22s =  -0.161367

H          x = -1.843973  y = -0.238350  z =  1.275728
           Maximum rank =  2   Radius =  0.325
                   Q00  =   0.100221
|Q1| =   0.139735  Q10  =  -0.131298  Q11c =   0.040805  Q11s =   0.024937
|Q2| =   0.136849  Q20  =   0.104307  Q21c =  -0.004910  Q21s =  -0.078406
                   Q22c =   0.020549  Q22s =  -0.035408

H          x = -2.725264  y = -0.292384  z = -0.275456
           Maximum rank =  2   Radius =  0.325
                   Q00  =   0.108901
|Q1| =   0.127375  Q10  =   0.030742  Q11c =   0.121614  Q11s =   0.022123
|Q2| =   0.154282  Q20  =  -0.022647  Q21c =   0.078284  Q21s =   0.083269
                   Q22c =   0.080651  Q22s =   0.061019

H          x = -1.856551  y =  1.195103  z =  0.188875
           Maximum rank =  2   Radius =  0.325
                   Q00  =   0.089841
|Q1| =   0.146598  Q10  =  -0.010197  Q11c =   0.042224  Q11s =  -0.140015
|Q2| =   0.138620  Q20  =  -0.101523  Q21c =  -0.033509  Q21s =  -0.012529
                   Q22c =  -0.086885  Q22s =   0.008928

Total multipoles
referred to origin at x =   0.000000,  y =    0.000000,  z =    0.000000
                   Q00  =  -0.000004
|Q1| =   1.858207  Q10  =   0.355295  Q11c =  -0.934700  Q11s =   1.566216
|Q2| =   5.891235  Q20  =   0.292159  Q21c =  -2.885032  Q21s =  -0.407419
                   Q22c =   2.820263  Q22s =   4.263568

CPU time used:      0m14.153s          Total:      0m14.153s

Finished at 9:25:3 on 26 May 2021   
