Running in analysis mode

Reading "/home/unibas/boittier/RDKit_G2/B.pdb/SCAN_1_2_3_4_S_36_10.0/17_SCAN/B.p.cube"...

  B.pdb Potential
  Electrostatic potential from Total SCF Density
   10   -8.136917   -7.552585   -6.607617
  112    0.166667    0.000000    0.000000
  100    0.000000    0.166667    0.000000
   80    0.000000    0.000000    0.166667
    6    6.000000   -1.624165    2.488297    0.058122
    6    6.000000   -0.908558    0.080351    0.030241
    6    6.000000    1.618050   -1.039833    0.122473
    6    6.000000    3.806356    0.195647   -0.094864
    1    1.000000   -3.601617    2.992200   -0.043179
    1    1.000000   -0.236079    3.979797    0.196199
    9    9.000000   -2.735813   -1.739950   -0.096667
    1    1.000000    1.619280   -3.072778    0.401315
    1    1.000000    3.903434    2.217746   -0.411926
    1    1.000000    5.587202   -0.804192    0.031764
 -4.63646E-03 -4.73352E-03 -4.83179E-03 -4.93117E-03 -5.03157E-03 -5.13286E-03
       .            .            .            .            .            .
       .            .            .            .            .            .
       .            .            .            .            .            .
  2.71227E-03  2.66089E-03  2.60990E-03  2.55936E-03  2.50930E-03  2.45979E-03

742039 out of 896000 gridpoints are considered (82.8%).

...done!

Reading "21charges.cube"...

  Fitted ESP
  Electrostatic potential fitted from 21 point charges.
   10   -8.136917   -7.552585   -6.607617
  112    0.166667    0.000000    0.000000
  100    0.000000    0.166667    0.000000
   80    0.000000    0.000000    0.166667
    6    6.000000   -1.624165    2.488297    0.058122
    6    6.000000   -0.908558    0.080351    0.030241
    6    6.000000    1.618050   -1.039833    0.122473
    6    6.000000    3.806356    0.195647   -0.094864
    1    1.000000   -3.601617    2.992200   -0.043179
    1    1.000000   -0.236079    3.979797    0.196199
    9    9.000000   -2.735813   -1.739950   -0.096667
    1    1.000000    1.619280   -3.072778    0.401315
    1    1.000000    3.903434    2.217746   -0.411926
    1    1.000000    5.587202   -0.804192    0.031764
 -5.55305E-03 -5.66627E-03 -5.78076E-03 -5.89639E-03 -6.01306E-03 -6.13063E-03
       .            .            .            .            .            .
       .            .            .            .            .            .
       .            .            .            .            .            .
  3.68254E-03  3.61864E-03  3.55505E-03  3.49183E-03  3.42903E-03  3.36673E-03

742039 out of 896000 gridpoints are considered (82.8%).

...done!

                       Measure       RMSE[kcal/mol/e]   MaxError[kcal/mol/e]   NPoints
                         Total        1.581226848E+00        1.113407558E+01    742039
Close (  1.20 < r <   1.66 )          2.448492197E+00        1.113407558E+01    154901
Mid-range ( 1.66 < r <  2.20)         1.504482801E+00        4.949851167E+00    277205
Far-range (  2.20         < r)        9.825489884E-01        2.878160031E+00    309933
Did analysis and wrote slice data
