-xyz
refined.xyz
-dens
../../cube_files/acrolein/3_SCAN_1_2_3_4_F/L.d.cube
-esp
../../cube_files/acrolein/3_SCAN_1_2_3_4_F/L.p.cube
-stepsize
0.2
-n_steps
100
-learning_rate
0.5
  -3.2554218605928811        2.6645329574179062      -0.75513582141921731     
  -3.1564067491823788        2.3017566860630212      -0.63128752330839932     
  -4.9734738555652136      -0.67271483731377935      -0.78112810556629231     
  -4.8159531098382278      -0.57906495429761029      -0.77473754729738320     
  -2.8000626455617472        1.5174743593485292E-003 -0.21026772769287630     
  -3.1252646296857285      -0.70019912267571283      -0.19047467480535937     
  -3.7702930937658508       0.28620703498004890      -0.60563971721302479     
  -2.3459765983584178       0.96093685353940028      -0.18916761243603708     
  -2.1003844974412940       -1.0927481650328053       0.61692856222714243     
  -1.2080518336740422      -0.17511111532572002        1.0094375237286597     
  -1.5292452279069690      -0.21335745667778777       0.91079434024134032     
  -1.6008743735365507      -0.66784656842529044       0.70467649508466235     
  -1.4005463801109486       -3.4210001888826644       0.69522055821085005     
 -0.61362443378753617       -3.3601782485393352        1.0232649096551580     
  -1.3710283167974480      -0.59607349353498884        1.4751619611534075     
  0.99455289034473160        2.3678090667010481        1.2092438723764105     
   1.2554648744862993        2.0249388677873883        1.6517628491585361     
   1.2736792454434946        1.8726452313246156        1.9243629062012706     
   1.1601699769753715      -0.30460319929563401       -7.6292432289609496E-002
   2.5392416155247246       0.11023368821527429       -5.3147694355352236E-002
   3.1606724702224467      -0.72541227141525877       -1.0121333519818345     
   3.5161076023673883      -0.42111279642647009      -0.91833816961163406     
   3.7364600046572471       0.10358157269146538      -0.58213460840543718     
First
                         Total        7.228529448E-01
Step size:       0.20
Step size in Bohr:       0.38
Learning Rate:       1.00
# Steps:        100
                         Error  1        7.102850077E-01
                         Error  2        6.982296458E-01
                         Error  3        6.866719876E-01
                         Error  4        6.755971540E-01
                         Error  5        6.649902860E-01
                         Error  6        6.548365716E-01
                         Error  7        6.451212728E-01
                         Error  8        6.358297510E-01
                         Error  9        6.269474920E-01
                         Error 10        6.184601298E-01
                         Error 11        6.103534692E-01
                         Error 12        6.026135075E-01
                         Error 13        5.952264549E-01
                         Error 14        5.881787535E-01
                         Error 15        5.814570949E-01
                         Error 16        5.750484366E-01
                         Error 17        5.689400164E-01
                         Error 18        5.631193661E-01
                         Error 19        5.575743230E-01
                         Error 20        5.522930398E-01
                         Error 21        5.472639938E-01
                         Error 22        5.424759933E-01
                         Error 23        5.379181841E-01
                         Error 24        5.335800526E-01
                         Error 25        5.294514295E-01
                         Error 26        5.255224907E-01
                         Error 27        5.217837575E-01
                         Error 28        5.182260958E-01
                         Error 29        5.148407136E-01
                         Error 30        5.116191579E-01
                         Error 31        5.085533107E-01
                         Error 32        5.056353836E-01
                         Error 33        5.028579125E-01
                         Error 34        5.002137507E-01
                         Error 35        4.976960622E-01
                         Error 36        4.952983137E-01
                         Error 37        4.930142668E-01
                         Error 38        4.908379698E-01
                         Error 39        4.887637487E-01
                         Error 40        4.867861985E-01
                         Error 41        4.849001739E-01
                         Error 42        4.831007808E-01
                         Error 43        4.813833663E-01
                         Error 44        4.797435102E-01
                         Error 45        4.781770154E-01
                         Error 46        4.766798990E-01
                         Error 47        4.752483837E-01
                         Error 48        4.738788885E-01
                         Error 49        4.725680201E-01
                         Error 50        4.713125652E-01
                         Error 51        4.701094812E-01
                         Error 52        4.689558893E-01
                         Error 53        4.678490660E-01
                         Error 54        4.667864358E-01
                         Error 55        4.657655641E-01
                         Error 56        4.647841503E-01
                         Error 57        4.638400206E-01
                         Error 58        4.629311221E-01
                         Error 59        4.620555161E-01
                         Error 60        4.612113725E-01
                         Error 61        4.603969641E-01
                         Error 62        4.596106608E-01
                         Error 63        4.588509250E-01
                         Error 64        4.581163058E-01
                         Error 65        4.574054353E-01
                         Error 66        4.567170232E-01
                         Error 67        4.560498529E-01
                         Error 68        4.554027775E-01
                         Error 69        4.547747160E-01
                         Error 70        4.541646490E-01
                         Error 71        4.535716162E-01
                         Error 72        4.529947121E-01
                         Error 73        4.524330838E-01
                         Error 74        4.518859272E-01
                         Error 75        4.513524847E-01
                         Error 76        4.508320427E-01
                         Error 77        4.503239283E-01
                         Error 78        4.498275079E-01
                         Error 79        4.493421842E-01
                         Error 80        4.488673945E-01
                         Error 81        4.484026086E-01
                         Error 82        4.479473269E-01
                         Error 83        4.475010785E-01
                         Error 84        4.470634198E-01
                         Error 85        4.466339325E-01
                         Error 86        4.462122227E-01
                         Error 87        4.457979188E-01
                         Error 88        4.453906707E-01
                         Error 89        4.449901483E-01
                         Error 90        4.445960405E-01
                         Error 91        4.442080538E-01
                         Error 92        4.438259116E-01
                         Error 93        4.434493529E-01
                         Error 94        4.430781315E-01
                         Error 95        4.427120154E-01
                         Error 96        4.423507854E-01
                         Error 97        4.419942348E-01
                         Error 98        4.416421686E-01
                         Error 99        4.412944026E-01
                         Error100        4.409507629E-01
                         Error        4.409507629E-01
