                                     G D M A

                                 by Anthony Stone

                           version 2.2.03, 21 June 2007

               Distributed Multipoles from Gaussian wavefunctions


Starting at 11:58:51 on 19 May 2021 

GDMA



Using SCF density matrix from file L.pdb.fchk


                         Distributed Multipole Analysis

Standard DMA for products of primitives with exponent greater than 4.00000
Using 80-point Euler-MacLaurin radial quadrature
Using 590-point Lebedev quadrature
Becke smoothing parameter = 3

Positions and radii in angstrom
Multipole moments in atomic units, ea_0^k for rank k

C          x =  1.479955  y = -0.466976  z =  0.037707
           Maximum rank =  2   Radius =  0.650
                   Q00  =  -0.078026
|Q1| =   0.083196  Q10  =  -0.010922  Q11c =  -0.074476  Q11s =   0.035435
|Q2| =   1.122968  Q20  =  -1.075547  Q21c =  -0.075906  Q21s =  -0.228111
                   Q22c =   0.099357  Q22s =  -0.191277

C          x =  0.664631  y =  0.591871  z = -0.065213
           Maximum rank =  2   Radius =  0.650
                   Q00  =  -0.122276
|Q1| =   0.105065  Q10  =   0.009251  Q11c =  -0.078630  Q11s =  -0.069069
|Q2| =   1.210561  Q20  =  -1.179511  Q21c =  -0.099297  Q21s =  -0.246757
                   Q22c =  -0.003278  Q22s =  -0.058764

C          x = -0.800375  y =  0.468517  z =  0.071603
           Maximum rank =  2   Radius =  0.650
                   Q00  =   0.158628
|Q1| =   0.190018  Q10  =  -0.029945  Q11c =  -0.053695  Q11s =  -0.179797
|Q2| =   0.631997  Q20  =  -0.590595  Q21c =  -0.078288  Q21s =   0.179953
                   Q22c =   0.000534  Q22s =   0.110026

O          x = -1.426269  y = -0.590750  z = -0.065538
           Maximum rank =  2   Radius =  0.650
                   Q00  =  -0.382728
|Q1| =   0.529973  Q10  =   0.048399  Q11c =   0.254159  Q11s =   0.462528
|Q2| =   1.025148  Q20  =  -0.111244  Q21c =   0.177329  Q21s =   0.039023
                   Q22c =  -0.397318  Q22s =   0.920719

H          x = -1.346587  y =  1.398128  z =  0.292810
           Maximum rank =  2   Radius =  0.325
                   Q00  =   0.102046
|Q1| =   0.148837  Q10  =  -0.028787  Q11c =   0.063558  Q11s =  -0.131469
|Q2| =   0.132547  Q20  =  -0.098231  Q21c =  -0.029474  Q21s =   0.043908
                   Q22c =  -0.015584  Q22s =  -0.069856

H          x =  2.557451  y = -0.366626  z = -0.035250
           Maximum rank =  2   Radius =  0.325
                   Q00  =   0.094653
|Q1| =   0.123846  Q10  =   0.004852  Q11c =  -0.123514  Q11s =   0.007642
|Q2| =   0.193589  Q20  =  -0.131801  Q21c =  -0.021949  Q21s =  -0.011419
                   Q22c =   0.139180  Q22s =   0.011033

H          x =  1.075813  y = -1.462964  z =  0.195928
           Maximum rank =  2   Radius =  0.325
                   Q00  =   0.124885
|Q1| =   0.117389  Q10  =  -0.018993  Q11c =  -0.012613  Q11s =   0.115154
|Q2| =   0.177138  Q20  =  -0.136587  Q21c =  -0.016639  Q21s =  -0.044680
                   Q22c =  -0.057737  Q22s =   0.084351

H          x =  1.058212  y =  1.596996  z = -0.193771
           Maximum rank =  2   Radius =  0.325
                   Q00  =   0.102817
|Q1| =   0.135843  Q10  =   0.016383  Q11c =  -0.051789  Q11s =  -0.124511
|Q2| =   0.177750  Q20  =  -0.140358  Q21c =  -0.019374  Q21s =  -0.039525
                   Q22c =  -0.072398  Q22s =   0.068670

Total multipoles
referred to origin at x =   0.000000,  y =    0.000000,  z =    0.000000
                   Q00  =  -0.000001
|Q1| =   1.277618  Q10  =   0.127360  Q11c =   1.000105  Q11s =   0.784778
|Q2| =   5.234358  Q20  =  -1.189801  Q21c =  -0.687004  Q21s =  -0.643070
                   Q22c =  -1.554199  Q22s =  -4.762544

CPU time used:      0m 6.534s          Total:      0m 6.534s

Finished at 11:58:58 on 19 May 2021 
