-xyz
refined.xyz
-dens
/home/unibas/boittier/RDKit_G2/B.pdb/SCAN_1_2_3_4_S_36_10.0/34_SCAN_1_2_3_4_F/B.d.cube
-esp
/home/unibas/boittier/RDKit_G2/B.pdb/SCAN_1_2_3_4_S_36_10.0/34_SCAN_1_2_3_4_F/B.p.cube
-stepsize
0.2
-n_steps
0
-learning_rate
0.5
   3.6868510890776274        2.4129292813184087        3.5320527454967020E-002
   3.4228073885781058      -0.68747880196869549      -0.64471995207894028     
   6.1591785630931115       -1.3564714405724783       0.48433170266179060     
   3.9108050264917993       -1.0703426661255309       0.31333937716712179     
   3.3818877208165570      -0.73520381378020894       0.83374908127810488     
   2.3567826517385586       -1.8549481116975222       0.32128218809612780     
   1.6019742692436576       -1.0329991592834245      -0.99790895974591032     
   1.9719082095888523       -1.4308994735280829       0.37104335747141426     
   1.2289429177428226      -0.81964415545661873      -0.11402989085915316     
   1.3645743039029368       -4.1019534024586441        8.4160699551865115E-002
 -0.96020126853517518        3.1044142882972827      -0.21875734669463823     
 -0.93537911729829193        2.4340319578680356      -0.36484950512828096     
  -1.1123483442227557        1.6506112300542457      -0.24648953784913794     
 -0.99979622810272106        2.7279466216184058      -0.12968164754447076     
 -0.92838851348801155      -0.35575880445542357        1.4379707291029022E-002
 -0.90718558835909824       0.43840339604663325      -0.30861644372815178     
 -0.87572484378572946      -0.88870011553215134      -0.16173044946213197     
  -1.2714163535248757      -0.53684828428917031      -0.70996867626551696     
  -5.3748485113537967       -2.1341937340084813E-002  0.28900403632760657     
  -2.2079340771888689       -1.2918952930390362      -0.41629148862707488     
  -2.6567646673371037      -0.87701005734280857       0.36058691864202780     
  -2.9532091096349999      -0.42420713514991154        7.8945391026903414E-002
  -2.9057670309517682      -0.74068119138702104      -0.24296197196364669     
  -3.4452503842511573       -3.6178446454771995       0.23597037344858549     
  -3.4617809786450362       -3.4765190867449403       -6.2560810927019428E-002
First
                         Total        3.957432042E+00
Step size:       0.20
Step size in Bohr:       0.38
Learning Rate:       1.00
# Steps:          0
                         Error        3.957432042E+00
