-xyz
refined.xyz
-dens
/home/unibas/boittier/RDKit_G2/B.pdb/SCAN_1_2_3_4_S_36_10.0/31_SCAN/B.d.cube
-esp
/home/unibas/boittier/RDKit_G2/B.pdb/SCAN_1_2_3_4_S_36_10.0/31_SCAN/B.p.cube
-stepsize
0.2
-n_steps
10
-learning_rate
0.5
  -3.4145000712758149        2.2579583233777987        2.0143101856129575     
  -2.9502697068027466      -0.36239482338728546       0.76040547615834386     
  -2.8147372945592033       0.40756302001705907       0.17753945627410517     
  -5.7739694760150497       -1.0827044458011574       0.20244072843260391     
  -2.9961214358037984       0.44147243832245603      -0.13587892190035927     
  -1.0047016338396377       -1.0286477984010940      -0.74481986749760232     
  -1.7523446233311069       -3.2221686260877931       -1.8759399823328724     
  -2.5176988139502026       -1.5279566832836204      -0.79707716758475944     
  -1.8833680924757186       -1.2951844721296060      -0.74058801279336528     
   1.5376198591153709        1.6121458054183171      -0.32376682078053276     
   1.5324084546121115        1.7915149102948622      -0.34843691615223310     
   1.2776835874488583        3.2465194620711770      -0.24085534836666117     
   1.2473944571840956        2.5151529717361369      -0.20898470673393313     
  0.95267167416264209      -0.76836683225450531      -0.36460504179313696     
   1.2612256196082183      -0.49744684740508405      -0.62319448427576063     
   1.3297351031020701      -0.53210589295230448       0.64479280106567083     
   1.1981010516850146       0.61827293547399054      -0.22532526843869952     
   2.9256971207228704       -1.2655681959858154      -0.61763666782055893     
   2.4778844217369840       -1.1012168728018537        1.2190012552358529     
   5.0883667700689319      -0.36922903666108475       0.86881930409587560     
   2.8181546842917360       -3.7768187021390038       0.48621312869785244     
First
                         Total        6.686655962E-01
Step size:       0.20
Step size in Bohr:       0.38
Learning Rate:       1.00
# Steps:         10
                         Error  1        6.578784858E-01
                         Error  2        6.476261758E-01
                         Error  3        6.378871202E-01
                         Error  4        6.286401207E-01
                         Error  5        6.198643600E-01
                         Error  6        6.115394341E-01
                         Error  7        6.036453811E-01
                         Error  8        5.961627085E-01
                         Error  9        5.890724176E-01
                         Error 10        5.823560244E-01
                         Error        5.823560244E-01
