node26.cluster
-xyz
refined.xyz
-dens
../../cubes/2_SCAN_1_2_3_4_F/B.d.cube
-esp
../../cubes/2_SCAN_1_2_3_4_F/B.p.cube
   3.5431974154416630        2.4465038544039581       0.81315066612896136     
   3.4251332947314919      -0.35493292243447072      -0.76054219830303260     
   6.2390323889821930       -1.1067279295318642        5.6775129925175277E-002
   3.9714465010107198      -0.93982635478367160        5.5109440577403690E-002
   3.4426460498635798      -0.78171634481074059       0.65618249825961217     
   2.5326396175504815       -1.6598953686277917       -8.5776862986974442E-002
   1.5555114858571000      -0.89830512251869754       -1.1790788530261067     
   2.1279033634623685       -1.2715148100006397        4.6440598906700076E-002
   1.2844774481674666      -0.70513377665200860      -0.25958482769027502     
   1.5843849287432341       -3.9596352822430503      -0.87712603803527112     
  -1.1565619664206819        3.0661013408929083       -7.6730483084369736E-002
  -1.1105390383388145        2.4046259964014336      -0.24745041767628698     
  -1.2174323616476266        1.6059252798759358       -8.7768409108026149E-002
  -1.1637216029985091        2.6950056534262465       -7.6082101258803242E-003
 -0.86984311858883989      -0.38155333078780423       0.13718774275416926     
 -0.94523306736317114       0.40356544699170671      -0.19240589303860089     
 -0.80312134027133852      -0.91030464279151935       -3.4847944224613292E-002
  -1.3068689904513671      -0.60121358516767454      -0.51979855599463543     
  -5.3560570356032517      -0.26753494352880364       0.30696061338804365     
  -2.1278776426876886       -1.4046921460996211       -7.3356243797414122E-002
  -2.5932048165836634      -0.90891563268315634       0.49927015117950352     
  -2.9098205098419045      -0.54092924236177808       0.14063935319339552     
  -2.8468414245807852      -0.91396690366926758      -0.11817188138994655     
  -3.1915517578242198       -3.6675358920632317       0.93263278190900467     
  -3.2169616644807166       -3.5863852993905998       0.61312953367693168     
First
                         Total        1.099116765E+00
                         Error  1        1.098718314E+00
                         Error  2        1.098321063E+00
                         Error  3        1.097925003E+00
                         Error  4        1.097530123E+00
                         Error  5        1.097136415E+00
                         Error  6        1.096743872E+00
                         Error  7        1.096352483E+00
                         Error  8        1.095962241E+00
                         Error  9        1.095573139E+00
                         Error 10        1.095185166E+00
                         Error 11        1.094798317E+00
                         Error 12        1.094412584E+00
                         Error 13        1.094027958E+00
                         Error 14        1.093644432E+00
                         Error 15        1.093262000E+00
                         Error 16        1.092880653E+00
                         Error 17        1.092500386E+00
                         Error 18        1.092121191E+00
                         Error 19        1.091743062E+00
                         Error 20        1.091365992E+00
                         Error 21        1.090989974E+00
                         Error 22        1.090615002E+00
                         Error 23        1.090241071E+00
                         Error 24        1.089868173E+00
                         Error 25        1.089496303E+00
                         Error 26        1.089125455E+00
                         Error 27        1.088755623E+00
                         Error 28        1.088386801E+00
                         Error 29        1.088018984E+00
                         Error 30        1.087652167E+00
                         Error 31        1.087286343E+00
                         Error 32        1.086921508E+00
                         Error 33        1.086557656E+00
                         Error 34        1.086194782E+00
                         Error 35        1.085832881E+00
                         Error 36        1.085471948E+00
                         Error 37        1.085111978E+00
                         Error 38        1.084752966E+00
                         Error 39        1.084394908E+00
                         Error 40        1.084037799E+00
                         Error 41        1.083681634E+00
                         Error 42        1.083326408E+00
                         Error 43        1.082972117E+00
                         Error 44        1.082618757E+00
                         Error 45        1.082266324E+00
                         Error 46        1.081914812E+00
                         Error 47        1.081564219E+00
                         Error 48        1.081214538E+00
                         Error 49        1.080865768E+00
                         Error 50        1.080517903E+00
                         Error 51        1.080170939E+00
                         Error 52        1.079824872E+00
                         Error 53        1.079479700E+00
                         Error 54        1.079135417E+00
                         Error 55        1.078792020E+00
                         Error 56        1.078449505E+00
                         Error 57        1.078107868E+00
                         Error 58        1.077767106E+00
                         Error 59        1.077427216E+00
                         Error 60        1.077088193E+00
                         Error 61        1.076750034E+00
                         Error 62        1.076412736E+00
                         Error 63        1.076076295E+00
                         Error 64        1.075740708E+00
                         Error 65        1.075405971E+00
                         Error 66        1.075072082E+00
                         Error 67        1.074739036E+00
                         Error 68        1.074406830E+00
                         Error 69        1.074075462E+00
                         Error 70        1.073744928E+00
                         Error 71        1.073415225E+00
                         Error 72        1.073086350E+00
                         Error 73        1.072758300E+00
                         Error 74        1.072431071E+00
                         Error 75        1.072104661E+00
                         Error 76        1.071779067E+00
                         Error 77        1.071454285E+00
                         Error 78        1.071130313E+00
                         Error 79        1.070807149E+00
                         Error 80        1.070484788E+00
                         Error 81        1.070163228E+00
                         Error 82        1.069842467E+00
                         Error 83        1.069522501E+00
                         Error 84        1.069203328E+00
                         Error 85        1.068884944E+00
                         Error 86        1.068567348E+00
                         Error 87        1.068250537E+00
                         Error 88        1.067934507E+00
                         Error 89        1.067619257E+00
                         Error 90        1.067304783E+00
                         Error 91        1.066991083E+00
                         Error 92        1.066678154E+00
                         Error 93        1.066365994E+00
                         Error 94        1.066054600E+00
                         Error 95        1.065743970E+00
                         Error 96        1.065434101E+00
                         Error 97        1.065124990E+00
                         Error 98        1.064816636E+00
                         Error 99        1.064509035E+00
                         Error100        1.064202185E+00
                         Error101        1.063896084E+00
                         Error102        1.063590729E+00
                         Error103        1.063286119E+00
                         Error104        1.062982250E+00
                         Error105        1.062679119E+00
                         Error106        1.062376726E+00
                         Error107        1.062075067E+00
                         Error108        1.061774141E+00
                         Error109        1.061473944E+00
                         Error110        1.061174474E+00
                         Error111        1.060875730E+00
                         Error112        1.060577709E+00
                         Error113        1.060280409E+00
                         Error114        1.059983826E+00
                         Error115        1.059687961E+00
                         Error116        1.059392809E+00
                         Error117        1.059098369E+00
                         Error118        1.058804638E+00
                         Error119        1.058511615E+00
                         Error120        1.058219298E+00
                         Error121        1.057927683E+00
                         Error122        1.057636769E+00
                         Error123        1.057346554E+00
                         Error124        1.057057036E+00
                         Error125        1.056768212E+00
                         Error126        1.056480081E+00
                         Error127        1.056192640E+00
                         Error128        1.055905888E+00
                         Error129        1.055619821E+00
                         Error130        1.055334439E+00
                         Error131        1.055049739E+00
                         Error132        1.054765718E+00
                         Error133        1.054482376E+00
                         Error134        1.054199710E+00
                         Error135        1.053917717E+00
                         Error136        1.053636397E+00
                         Error137        1.053355746E+00
                         Error138        1.053075764E+00
                         Error139        1.052796447E+00
                         Error140        1.052517794E+00
                         Error141        1.052239804E+00
                         Error142        1.051962473E+00
                         Error143        1.051685801E+00
                         Error144        1.051409784E+00
                         Error145        1.051134422E+00
                         Error146        1.050859712E+00
                         Error147        1.050585652E+00
                         Error148        1.050312241E+00
                         Error149        1.050039477E+00
                         Error150        1.049767357E+00
                         Error151        1.049495879E+00
                         Error152        1.049225043E+00
                         Error153        1.048954845E+00
                         Error154        1.048685285E+00
                         Error155        1.048416360E+00
                         Error156        1.048148068E+00
                         Error157        1.047880408E+00
                         Error158        1.047613378E+00
                         Error159        1.047346975E+00
                         Error160        1.047081198E+00
                         Error161        1.046816046E+00
                         Error162        1.046551516E+00
                         Error163        1.046287606E+00
                         Error164        1.046024316E+00
                         Error165        1.045761642E+00
                         Error166        1.045499583E+00
                         Error167        1.045238138E+00
                         Error168        1.044977304E+00
                         Error169        1.044717080E+00
                         Error170        1.044457464E+00
                         Error171        1.044198454E+00
                         Error172        1.043940049E+00
                         Error173        1.043682247E+00
                         Error174        1.043425045E+00
                         Error175        1.043168443E+00
                         Error176        1.042912438E+00
                         Error177        1.042657030E+00
                         Error178        1.042402215E+00
                         Error179        1.042147992E+00
                         Error180        1.041894360E+00
                         Error181        1.041641317E+00
                         Error182        1.041388861E+00
                         Error183        1.041136991E+00
                         Error184        1.040885705E+00
                         Error185        1.040635000E+00
                         Error186        1.040384876E+00
                         Error187        1.040135331E+00
                         Error188        1.039886363E+00
                         Error189        1.039637970E+00
                         Error190        1.039390151E+00
                         Error191        1.039142904E+00
                         Error192        1.038896227E+00
                         Error193        1.038650119E+00
                         Error194        1.038404578E+00
                         Error195        1.038159603E+00
                         Error196        1.037915191E+00
                         Error197        1.037671342E+00
                         Error198        1.037428053E+00
                         Error199        1.037185323E+00
                         Error200        1.036943151E+00
                         Error201        1.036701534E+00
                         Error202        1.036460471E+00
                         Error203        1.036219961E+00
                         Error204        1.035980001E+00
                         Error205        1.035740591E+00
                         Error206        1.035501728E+00
                         Error207        1.035263412E+00
                         Error208        1.035025640E+00
                         Error209        1.034788411E+00
                         Error210        1.034551723E+00
                         Error211        1.034315575E+00
                         Error212        1.034079966E+00
                         Error213        1.033844893E+00
                         Error214        1.033610355E+00
                         Error215        1.033376350E+00
                         Error216        1.033142878E+00
                         Error217        1.032909936E+00
                         Error218        1.032677523E+00
                         Error219        1.032445637E+00
                         Error220        1.032214277E+00
                         Error221        1.031983441E+00
                         Error222        1.031753128E+00
                         Error223        1.031523336E+00
                         Error224        1.031294064E+00
                         Error225        1.031065311E+00
                         Error226        1.030837074E+00
                         Error227        1.030609352E+00
                         Error228        1.030382144E+00
                         Error229        1.030155448E+00
                         Error230        1.029929262E+00
                         Error231        1.029703586E+00
                         Error232        1.029478418E+00
                         Error233        1.029253756E+00
                         Error234        1.029029598E+00
                         Error235        1.028805944E+00
                         Error236        1.028582792E+00
                         Error237        1.028360140E+00
                         Error238        1.028137987E+00
                         Error239        1.027916331E+00
                         Error240        1.027695171E+00
                         Error241        1.027474506E+00
                         Error242        1.027254334E+00
                         Error243        1.027034654E+00
                         Error244        1.026815463E+00
                         Error245        1.026596762E+00
                         Error246        1.026378548E+00
                         Error247        1.026160819E+00
                         Error248        1.025943576E+00
                         Error249        1.025726815E+00
