-xyz
refined.xyz
-dens
/home/unibas/boittier/RDKit_G2/B.pdb/SCAN_1_2_3_4_S_36_10.0/30_SCAN/B.d.cube
-esp
/home/unibas/boittier/RDKit_G2/B.pdb/SCAN_1_2_3_4_S_36_10.0/30_SCAN/B.p.cube
-stepsize
0.2
-n_steps
10
-learning_rate
0.5
   3.2969855425882142        1.8685214782015400       -2.5648652997474883     
   2.9548206840338556      -0.48399940280309101      -0.75548926636300262     
   2.7977790560849325       0.46203477669410986      -0.36836768193415881     
   5.8230555723424686      -0.88933192177238207      -0.10731259195494976     
   2.9651537503879357       0.50198135411761591       -5.5221875385586885E-002
   1.0355303203168289      -0.93105041351533413       0.84053644997483534     
   1.9132685020288664       -2.6997403826131068        2.4491454119295626     
   2.5728485537701320       -1.3462318800240352       0.96947188975514542     
   1.9606424953201840       -1.0850473068226885       0.89065843920520871     
  -1.6584643180926018        1.5781387201311370       0.29172773602199503     
  -1.6408548434663421        1.7658427377604287       0.33063693242868669     
  -1.4873641900662737        3.2306358725594566       0.22236407966452856     
  -1.3895127264633058        2.5053434673802677       0.20431464331109853     
 -0.92606683717911742      -0.78578455095662181       0.36094242352579331     
  -1.2485197481719752      -0.49887948074721800       0.61926565910082088     
  -1.2512876920147777      -0.53819325622473313      -0.65546151397417918     
  -1.2526797731351695       0.59580742877547022       0.20800889418815890     
  -2.8563002165609359       -1.3788220083061964       0.59112679371604770     
  -2.3766646160378539       -1.1885845689081762       -1.2361423802099638     
  -5.0314250711046640      -0.63002419583357339      -0.95562407708452923     
  -2.5537283516434273       -3.8933175460496368      -0.51129052975377032     
First
                         Total        6.627167058E-01
Step size:       0.20
Step size in Bohr:       0.38
Learning Rate:       1.00
# Steps:         10
                         Error  1        6.501455446E-01
                         Error  2        6.381296595E-01
                         Error  3        6.266515062E-01
                         Error  4        6.156936162E-01
                         Error  5        6.052386228E-01
                         Error  6        5.952692859E-01
                         Error  7        5.857685177E-01
                         Error  8        5.767194066E-01
                         Error  9        5.681052421E-01
                         Error 10        5.599095377E-01
                         Error        5.599095377E-01
