                                     G D M A

                                 by Anthony Stone

                           version 2.2.03, 21 June 2007

               Distributed Multipoles from Gaussian wavefunctions


Starting at 9:20:38 on 26 May 2021  

GDMA



Using SCF density matrix from file N.pdb.fchk


                         Distributed Multipole Analysis

Standard DMA for products of primitives with exponent greater than 4.00000
Using 80-point Euler-MacLaurin radial quadrature
Using 590-point Lebedev quadrature
Becke smoothing parameter = 3

Positions and radii in angstrom
Multipole moments in atomic units, ea_0^k for rank k

C          x =  1.731242  y =  1.259959  z =  0.033795
           Maximum rank =  2   Radius =  0.650
                   Q00  =  -0.135521
|Q1| =   0.128074  Q10  =  -0.002539  Q11c =  -0.020961  Q11s =  -0.126322
|Q2| =   0.175540  Q20  =  -0.151475  Q21c =  -0.036354  Q21s =   0.004814
                   Q22c =  -0.079314  Q22s =   0.015304

C          x =  1.534811  y = -0.226875  z =  0.089213
           Maximum rank =  2   Radius =  0.650
                   Q00  =   0.151549
|Q1| =   0.171958  Q10  =  -0.052130  Q11c =   0.082556  Q11s =  -0.141550
|Q2| =   0.650223  Q20  =  -0.590254  Q21c =  -0.180490  Q21s =  -0.000606
                   Q22c =   0.074277  Q22s =  -0.190515

H          x =  1.128587  y =  1.700109  z = -0.768108
           Maximum rank =  2   Radius =  0.325
                   Q00  =   0.139226
|Q1| =   0.122891  Q10  =   0.083062  Q11c =   0.004080  Q11s =  -0.090478
|Q2| =   0.155591  Q20  =   0.012834  Q21c =   0.127244  Q21s =  -0.057816
                   Q22c =   0.056361  Q22s =  -0.036515

H          x =  2.784435  y =  1.473386  z = -0.150823
           Maximum rank =  2   Radius =  0.325
                   Q00  =   0.111729
|Q1| =   0.132255  Q10  =   0.016774  Q11c =  -0.108816  Q11s =  -0.073275
|Q2| =   0.159398  Q20  =  -0.113092  Q21c =  -0.051953  Q21s =  -0.005472
                   Q22c =   0.095060  Q22s =   0.029196

H          x =  1.413661  y =  1.731329  z =  0.969579
           Maximum rank =  2   Radius =  0.325
                   Q00  =   0.125713
|Q1| =   0.132098  Q10  =  -0.098728  Q11c =  -0.017479  Q11s =  -0.086008
|Q2| =   0.141565  Q20  =   0.052829  Q21c =  -0.091036  Q21s =   0.088640
                   Q22c =   0.014588  Q22s =  -0.029874

C          x =  0.176274  y = -0.802772  z =  0.492258
           Maximum rank =  2   Radius =  0.650
                   Q00  =  -0.073067
|Q1| =   0.109789  Q10  =  -0.064280  Q11c =  -0.041987  Q11s =   0.078478
|Q2| =   0.287810  Q20  =  -0.147723  Q21c =   0.031269  Q21s =  -0.049358
                   Q22c =   0.211650  Q22s =  -0.113150

O          x =  2.453887  y = -1.021954  z = -0.127051
           Maximum rank =  2   Radius =  0.650
                   Q00  =  -0.369282
|Q1| =   0.535877  Q10  =   0.090426  Q11c =  -0.405901  Q11s =   0.337982
|Q2| =   1.064678  Q20  =  -0.096863  Q21c =  -0.093147  Q21s =   0.229059
                   Q22c =   0.205526  Q22s =  -1.010332

C          x = -1.037073  y = -0.067954  z =  0.003940
           Maximum rank =  2   Radius =  0.650
                   Q00  =   0.474554
|Q1| =   0.230213  Q10  =  -0.087396  Q11c =  -0.175918  Q11s =   0.120054
|Q2| =   0.081376  Q20  =  -0.022757  Q21c =  -0.041532  Q21s =   0.025100
                   Q22c =   0.038155  Q22s =   0.047889

H          x =  0.122911  y = -0.837617  z =  1.586856
           Maximum rank =  2   Radius =  0.325
                   Q00  =   0.161550
|Q1| =   0.122938  Q10  =  -0.118051  Q11c =  -0.000993  Q11s =   0.034304
|Q2| =   0.108229  Q20  =   0.095277  Q21c =  -0.012774  Q21s =  -0.005682
                   Q22c =   0.047360  Q22s =  -0.014051

H          x =  0.126497  y = -1.829792  z =  0.123948
           Maximum rank =  2   Radius =  0.325
                   Q00  =   0.166934
|Q1| =   0.116248  Q10  =   0.007590  Q11c =   0.007798  Q11s =   0.115738
|Q2| =   0.118256  Q20  =  -0.084075  Q21c =   0.005216  Q21s =   0.076808
                   Q22c =  -0.031428  Q22s =   0.001243

F          x = -1.195786  y =  1.183996  z =  0.598461
           Maximum rank =  2   Radius =  0.650
                   Q00  =  -0.273801
|Q1| =   0.338274  Q10  =  -0.149456  Q11c =  -0.082345  Q11s =  -0.292081
|Q2| =   0.867032  Q20  =  -0.095138  Q21c =  -0.113247  Q21s =   0.537237
                   Q22c =  -0.613294  Q22s =  -0.255176

F          x = -2.198913  y = -0.780201  z =  0.277416
           Maximum rank =  2   Radius =  0.650
                   Q00  =  -0.233454
|Q1| =   0.294537  Q10  =  -0.080080  Q11c =   0.211906  Q11s =   0.188241
|Q2| =   0.771381  Q20  =  -0.291605  Q21c =  -0.248491  Q21s =  -0.098388
                   Q22c =   0.259764  Q22s =   0.609172

F          x = -1.009602  y =  0.147768  z = -1.371464
           Maximum rank =  2   Radius =  0.650
                   Q00  =  -0.246118
|Q1| =   0.307875  Q10  =   0.293670  Q11c =  -0.068629  Q11s =  -0.061929
|Q2| =   0.795475  Q20  =   0.770476  Q21c =  -0.016727  Q21s =  -0.177669
                   Q22c =  -0.023614  Q22s =  -0.082117

Total multipoles
referred to origin at x =   0.000000,  y =    0.000000,  z =    0.000000
                   Q00  =   0.000012
|Q1| =   0.717458  Q10  =   0.605758  Q11c =   0.069148  Q11s =   0.378182
|Q2| =  12.244464  Q20  =   4.747724  Q21c =   1.548126  Q21s =  -1.752864
                   Q22c =  -7.151793  Q22s =   8.412410

CPU time used:      0m26.736s          Total:      0m26.736s

Finished at 9:21:4 on 26 May 2021   
