-xyz
refined.xyz
-dens
/home/unibas/boittier/RDKit_G2/B.pdb/SCAN_1_2_3_4_S_36_-10.0/15_SCAN_1_2_3_4_F/B.d.cube
-esp
/home/unibas/boittier/RDKit_G2/B.pdb/SCAN_1_2_3_4_S_36_-10.0/15_SCAN_1_2_3_4_F/B.p.cube
-stepsize
0.2
-n_steps
5
-learning_rate
0.5
  -3.6651838780842767        2.4533021202319909       -1.3412798487603728     
  -3.5251256388030052       -2.3694549700664456E-002  0.73491317434731740     
  -6.3391281826893939      -0.89446464405408277        8.5311662609844977E-002
  -4.0649737434597526      -0.74944968393757094        1.5940023851318510E-002
  -3.5409971915151823      -0.66136070958016335      -0.60169622583027171     
  -2.5928443196632673       -1.3632701342780580       0.71908293711013072     
  -1.5783174521964203       -1.1895326939677602      -0.59900645616438464     
  -2.0159128795885803       -1.3313579044234596       0.71340850158376090     
  -1.0927609951995227       -1.1380068368168510       0.26804345030786902     
  -1.6617699587543666       -3.5708028390494491        1.4100157335446399     
   3.1967196518085372       -2.1097879147291478      -0.33417980974785733     
   2.6877965442217251       -1.6578625094817738      -0.40139553346201834     
   2.2474848817662609       -1.0119854486438578      -0.17523198792360381     
   2.9657828212359609       -1.8308251700411904      -0.20605230301362212     
  0.69159625495042576       0.20687255974947821       0.32844977045642776     
   1.2184412074366464      -0.32902207930464561       -7.9802779440229177E-002
  0.25210611793348353       0.53096790256173265       0.23569147356694767     
  0.72583563159116926       0.64214409643718240      -0.36345259882050845     
   3.9757583390621143        3.2101646126068308      -0.20434777830019774     
  0.84384891071743362        1.8063167193048280        7.5677731069432513E-002
   1.6257626263343259        1.7697775662347657       0.48924012603199341     
   2.0232506187306458        1.7207245811791085        3.6472939921648607E-002
   1.6695343794454576        1.9491175437823007      -0.14954208839054614     
  0.28131722629615447        4.1728149892813233        1.2363133835265483     
  0.28760727434050609        4.1300607757007954       0.91189989044624442     
First
                         Total        9.348269231E-01
Step size:       0.20
Step size in Bohr:       0.38
Learning Rate:       1.00
# Steps:          5
                         Error  1        9.277665866E-01
                         Error  2        9.210023448E-01
                         Error  3        9.145164861E-01
                         Error  4        9.082922616E-01
                         Error  5        9.023138515E-01
                         Error        9.023138515E-01
