-xyz
refined.xyz
-dens
/home/unibas/boittier/RDKit_G2/B.pdb/SCAN_1_2_3_4_S_36_-10.0/31_SCAN_1_2_3_4_F/B.d.cube
-esp
/home/unibas/boittier/RDKit_G2/B.pdb/SCAN_1_2_3_4_S_36_-10.0/31_SCAN_1_2_3_4_F/B.p.cube
-stepsize
0.2
-n_steps
500
-learning_rate
0.5
  -3.3003182131566926        2.0287116346114948       -1.7930589121665133     
  -3.4909280421274334       -7.9276512016073844E-002  0.69709286518646929     
  -6.3001430491626786      -0.95574957066300226      -0.19559018085558347     
  -3.9053012102943399      -0.81949347086283730       -9.3831844152687832E-002
  -3.3717552902343004      -0.87394092124793510      -0.68149230097437585     
  -2.4974054472739908       -1.3136232761636353       0.59703812786660770     
  -1.4857782485836564      -0.84103926583743804        1.3484886147558470     
  -1.9633388325193151       -1.1153630383335353       0.39530772767827532     
  -1.1650400954362177      -0.61574036582050473       0.63516835083757106     
  -1.7979658243817915       -3.6824943669443773        2.0918313881450326     
   1.1795594514464964        2.4822092317842079       0.22229873476099007     
   1.0890204063972264        2.0238455326977323       0.32037629624676051     
   1.1303211140806348        1.2044458984534105       0.21117289297568911     
   1.1272246758294193        2.2197022655844210       0.19663881189020629     
  0.75746053811408531      -0.40936599255385220        9.1701896007452446E-002
  0.86552598229108879       0.24208100327267251       0.30215402766449428     
  0.67011185628573067      -0.86314617171047814       0.21152598996975661     
   1.2245936368224020      -0.62442973019814940       0.49240813117368598     
   5.2409904929699360      -0.43307377297349081      -0.83965857024347446     
   1.9220847219604589       -1.4236276872145655       -3.9039755073782309E-002
   2.3205679855562882      -0.98438413075240649      -0.50774761764780330     
   2.5425143265413581      -0.63375120785701045      -0.25979825736575873     
   2.5240814622035299       -1.0084809210178631       -7.9122761688559015E-002
   2.8139685725490335       -3.5206590989134541       -1.1522357564488948     
   2.8687785143362361       -3.5827627075537012      -0.82776483478099216     
First
                         Total        5.112522035E-01
Step size:       0.20
Step size in Bohr:       0.38
Learning Rate:       1.00
# Steps:        500
                         Error  1        5.093147442E-01
                         Error  2        5.075184434E-01
                         Error  3        5.058525527E-01
                         Error  4        5.043070944E-01
                         Error  5        5.028728147E-01
                         Error  6        5.015411386E-01
                         Error  7        5.003041260E-01
                         Error  8        4.991544300E-01
                         Error  9        4.980852571E-01
                         Error 10        4.970903293E-01
                         Error 11        4.961638482E-01
                         Error 12        4.953004609E-01
                         Error 13        4.944952283E-01
                         Error 14        4.937435945E-01
                         Error 15        4.930413594E-01
                         Error 16        4.923846516E-01
                         Error 17        4.917699042E-01
                         Error 18        4.911938312E-01
                         Error 19        4.906534069E-01
                         Error 20        4.901458453E-01
                         Error 21        4.896685817E-01
                         Error 22        4.892192558E-01
                         Error 23        4.887956954E-01
                         Error 24        4.883959018E-01
                         Error 25        4.880180361E-01
                         Error 26        4.876604069E-01
                         Error 27        4.873214579E-01
                         Error 28        4.869997577E-01
                         Error 29        4.866939899E-01
                         Error 30        4.864029434E-01
                         Error 31        4.861255045E-01
                         Error 32        4.858606487E-01
                         Error 33        4.856074338E-01
                         Error 34        4.853649930E-01
                         Error 35        4.851325291E-01
                         Error 36        4.849093087E-01
                         Error 37        4.846946572E-01
                         Error 38        4.844879537E-01
                         Error 39        4.842886272E-01
                         Error 40        4.840961520E-01
                         Error 41        4.839100445E-01
                         Error 42        4.837298595E-01
                         Error 43        4.835551871E-01
                         Error 44        4.833856501E-01
                         Error 45        4.832209009E-01
                         Error 46        4.830606195E-01
                         Error 47        4.829045113E-01
                         Error 48        4.827523045E-01
                         Error 49        4.826037489E-01
                         Error 50        4.824586139E-01
                         Error 51        4.823166866E-01
                         Error 52        4.821777710E-01
                         Error 53        4.820416860E-01
                         Error 54        4.819082647E-01
                         Error 55        4.817773530E-01
                         Error 56        4.816488085E-01
                         Error 57        4.815224998E-01
                         Error 58        4.813983053E-01
                         Error 59        4.812761129E-01
                         Error 60        4.811558186E-01
                         Error 61        4.810373263E-01
                         Error 62        4.809205472E-01
                         Error 63        4.808053988E-01
                         Error 64        4.806918048E-01
                         Error 65        4.805796944E-01
                         Error 66        4.804690021E-01
                         Error 67        4.803596668E-01
                         Error 68        4.802516319E-01
                         Error 69        4.801448450E-01
                         Error 70        4.800392569E-01
                         Error 71        4.799348222E-01
                         Error 72        4.798314984E-01
                         Error 73        4.797292459E-01
                         Error 74        4.796280280E-01
                         Error 75        4.795278099E-01
                         Error 76        4.794285596E-01
                         Error 77        4.793302469E-01
                         Error 78        4.792328435E-01
                         Error 79        4.791363229E-01
                         Error 80        4.790406603E-01
                         Error 81        4.789458323E-01
                         Error 82        4.788518170E-01
                         Error 83        4.787585936E-01
                         Error 84        4.786661425E-01
                         Error 85        4.785744455E-01
                         Error 86        4.784834851E-01
                         Error 87        4.783932448E-01
                         Error 88        4.783037090E-01
                         Error 89        4.782148629E-01
                         Error 90        4.781266923E-01
                         Error 91        4.780391840E-01
                         Error 92        4.779523252E-01
                         Error 93        4.778661036E-01
                         Error 94        4.777805078E-01
                         Error 95        4.776955265E-01
                         Error 96        4.776111492E-01
                         Error 97        4.775273657E-01
                         Error 98        4.774441661E-01
                         Error 99        4.773615411E-01
                         Error100        4.772794817E-01
                         Error101        4.771979790E-01
                         Error102        4.771170248E-01
                         Error103        4.770366108E-01
                         Error104        4.769567292E-01
                         Error105        4.768773725E-01
                         Error106        4.767985332E-01
                         Error107        4.767202043E-01
                         Error108        4.766423787E-01
                         Error109        4.765650498E-01
                         Error110        4.764882110E-01
                         Error111        4.764118560E-01
                         Error112        4.763359784E-01
                         Error113        4.762605723E-01
                         Error114        4.761856317E-01
                         Error115        4.761111508E-01
                         Error116        4.760371241E-01
                         Error117        4.759635460E-01
                         Error118        4.758904110E-01
                         Error119        4.758177139E-01
                         Error120        4.757454496E-01
                         Error121        4.756736128E-01
                         Error122        4.756021987E-01
                         Error123        4.755312023E-01
                         Error124        4.754606189E-01
                         Error125        4.753904437E-01
                         Error126        4.753206720E-01
                         Error127        4.752512994E-01
                         Error128        4.751823213E-01
                         Error129        4.751137334E-01
                         Error130        4.750455312E-01
                         Error131        4.749777106E-01
                         Error132        4.749102673E-01
                         Error133        4.748431971E-01
                         Error134        4.747764961E-01
                         Error135        4.747101601E-01
                         Error136        4.746441852E-01
                         Error137        4.745785675E-01
                         Error138        4.745133032E-01
                         Error139        4.744483884E-01
                         Error140        4.743838195E-01
                         Error141        4.743195926E-01
                         Error142        4.742557042E-01
                         Error143        4.741921507E-01
                         Error144        4.741289284E-01
                         Error145        4.740660340E-01
                         Error146        4.740034640E-01
                         Error147        4.739412148E-01
                         Error148        4.738792832E-01
                         Error149        4.738176659E-01
                         Error150        4.737563595E-01
                         Error151        4.736953607E-01
                         Error152        4.736346665E-01
                         Error153        4.735742735E-01
                         Error154        4.735141788E-01
                         Error155        4.734543791E-01
                         Error156        4.733948715E-01
                         Error157        4.733356528E-01
                         Error158        4.732767203E-01
                         Error159        4.732180707E-01
                         Error160        4.731597014E-01
                         Error161        4.731016094E-01
                         Error162        4.730437918E-01
                         Error163        4.729862458E-01
                         Error164        4.729289688E-01
                         Error165        4.728719578E-01
                         Error166        4.728152103E-01
                         Error167        4.727587234E-01
                         Error168        4.727024947E-01
                         Error169        4.726465214E-01
                         Error170        4.725908010E-01
                         Error171        4.725353309E-01
                         Error172        4.724801085E-01
                         Error173        4.724251315E-01
                         Error174        4.723703972E-01
                         Error175        4.723159033E-01
                         Error176        4.722616474E-01
                         Error177        4.722076270E-01
                         Error178        4.721538398E-01
                         Error179        4.721002835E-01
                         Error180        4.720469558E-01
                         Error181        4.719938543E-01
                         Error182        4.719409768E-01
                         Error183        4.718883212E-01
                         Error184        4.718358851E-01
                         Error185        4.717836664E-01
                         Error186        4.717316630E-01
                         Error187        4.716798727E-01
                         Error188        4.716282934E-01
                         Error189        4.715769231E-01
                         Error190        4.715257596E-01
                         Error191        4.714748010E-01
                         Error192        4.714240453E-01
                         Error193        4.713734903E-01
                         Error194        4.713231343E-01
                         Error195        4.712729751E-01
                         Error196        4.712230110E-01
                         Error197        4.711732400E-01
                         Error198        4.711236602E-01
                         Error199        4.710742698E-01
                         Error200        4.710250669E-01
                         Error201        4.709760497E-01
                         Error202        4.709272164E-01
                         Error203        4.708785653E-01
                         Error204        4.708300946E-01
                         Error205        4.707818025E-01
                         Error206        4.707336873E-01
                         Error207        4.706857473E-01
                         Error208        4.706379809E-01
                         Error209        4.705903864E-01
                         Error210        4.705429622E-01
                         Error211        4.704957065E-01
                         Error212        4.704486179E-01
                         Error213        4.704016947E-01
                         Error214        4.703549354E-01
                         Error215        4.703083384E-01
                         Error216        4.702619021E-01
                         Error217        4.702156251E-01
                         Error218        4.701695059E-01
                         Error219        4.701235430E-01
                         Error220        4.700777348E-01
                         Error221        4.700320800E-01
                         Error222        4.699865771E-01
                         Error223        4.699412247E-01
                         Error224        4.698960215E-01
                         Error225        4.698509659E-01
                         Error226        4.698060566E-01
                         Error227        4.697612924E-01
                         Error228        4.697166718E-01
                         Error229        4.696721935E-01
                         Error230        4.696278562E-01
                         Error231        4.695836586E-01
                         Error232        4.695395994E-01
                         Error233        4.694956773E-01
                         Error234        4.694518912E-01
                         Error235        4.694082397E-01
                         Error236        4.693647217E-01
                         Error237        4.693213358E-01
                         Error238        4.692780810E-01
                         Error239        4.692349560E-01
                         Error240        4.691919596E-01
                         Error241        4.691490908E-01
                         Error242        4.691063483E-01
                         Error243        4.690637310E-01
                         Error244        4.690212378E-01
                         Error245        4.689788675E-01
                         Error246        4.689366192E-01
                         Error247        4.688944916E-01
                         Error248        4.688524837E-01
                         Error249        4.688105946E-01
                         Error250        4.687688230E-01
                         Error251        4.687271680E-01
                         Error252        4.686856285E-01
                         Error253        4.686442035E-01
                         Error254        4.686028921E-01
                         Error255        4.685616932E-01
                         Error256        4.685206058E-01
                         Error257        4.684796290E-01
                         Error258        4.684387619E-01
                         Error259        4.683980033E-01
                         Error260        4.683573525E-01
                         Error261        4.683168085E-01
                         Error262        4.682763703E-01
                         Error263        4.682360372E-01
                         Error264        4.681958080E-01
                         Error265        4.681556820E-01
                         Error266        4.681156584E-01
                         Error267        4.680757361E-01
                         Error268        4.680359144E-01
                         Error269        4.679961923E-01
                         Error270        4.679565692E-01
                         Error271        4.679170441E-01
                         Error272        4.678776161E-01
                         Error273        4.678382846E-01
                         Error274        4.677990486E-01
                         Error275        4.677599075E-01
                         Error276        4.677208603E-01
                         Error277        4.676819063E-01
                         Error278        4.676430448E-01
                         Error279        4.676042749E-01
                         Error280        4.675655960E-01
                         Error281        4.675270072E-01
                         Error282        4.674885079E-01
                         Error283        4.674500973E-01
                         Error284        4.674117747E-01
                         Error285        4.673735393E-01
                         Error286        4.673353905E-01
                         Error287        4.672973275E-01
                         Error288        4.672593498E-01
                         Error289        4.672214565E-01
                         Error290        4.671836470E-01
                         Error291        4.671459206E-01
                         Error292        4.671082767E-01
                         Error293        4.670707146E-01
                         Error294        4.670332337E-01
                         Error295        4.669958333E-01
                         Error296        4.669585128E-01
                         Error297        4.669212715E-01
                         Error298        4.668841089E-01
                         Error299        4.668470244E-01
                         Error300        4.668100172E-01
                         Error301        4.667730868E-01
                         Error302        4.667362327E-01
                         Error303        4.666994542E-01
                         Error304        4.666627507E-01
                         Error305        4.666261218E-01
                         Error306        4.665895667E-01
                         Error307        4.665530849E-01
                         Error308        4.665166760E-01
                         Error309        4.664803392E-01
                         Error310        4.664440742E-01
                         Error311        4.664078802E-01
                         Error312        4.663717569E-01
                         Error313        4.663357037E-01
                         Error314        4.662997200E-01
                         Error315        4.662638053E-01
                         Error316        4.662279592E-01
                         Error317        4.661921811E-01
                         Error318        4.661564705E-01
                         Error319        4.661208269E-01
                         Error320        4.660852498E-01
                         Error321        4.660497388E-01
                         Error322        4.660142933E-01
                         Error323        4.659789130E-01
                         Error324        4.659435972E-01
                         Error325        4.659083456E-01
                         Error326        4.658731576E-01
                         Error327        4.658380329E-01
                         Error328        4.658029710E-01
                         Error329        4.657679714E-01
                         Error330        4.657330337E-01
                         Error331        4.656981574E-01
                         Error332        4.656633422E-01
                         Error333        4.656285876E-01
                         Error334        4.655938931E-01
                         Error335        4.655592584E-01
                         Error336        4.655246830E-01
                         Error337        4.654901665E-01
                         Error338        4.654557085E-01
                         Error339        4.654213087E-01
                         Error340        4.653869666E-01
                         Error341        4.653526818E-01
                         Error342        4.653184539E-01
                         Error343        4.652842826E-01
                         Error344        4.652501675E-01
                         Error345        4.652161081E-01
                         Error346        4.651821041E-01
                         Error347        4.651481552E-01
                         Error348        4.651142610E-01
                         Error349        4.650804211E-01
                         Error350        4.650466351E-01
                         Error351        4.650129028E-01
                         Error352        4.649792237E-01
                         Error353        4.649455975E-01
                         Error354        4.649120239E-01
                         Error355        4.648785024E-01
                         Error356        4.648450329E-01
                         Error357        4.648116149E-01
                         Error358        4.647782481E-01
                         Error359        4.647449323E-01
                         Error360        4.647116669E-01
                         Error361        4.646784519E-01
                         Error362        4.646452867E-01
                         Error363        4.646121712E-01
                         Error364        4.645791050E-01
                         Error365        4.645460878E-01
                         Error366        4.645131192E-01
                         Error367        4.644801991E-01
                         Error368        4.644473270E-01
                         Error369        4.644145028E-01
                         Error370        4.643817260E-01
                         Error371        4.643489965E-01
                         Error372        4.643163139E-01
                         Error373        4.642836780E-01
                         Error374        4.642510884E-01
                         Error375        4.642185449E-01
                         Error376        4.641860472E-01
                         Error377        4.641535951E-01
                         Error378        4.641211882E-01
                         Error379        4.640888263E-01
                         Error380        4.640565092E-01
                         Error381        4.640242366E-01
                         Error382        4.639920081E-01
                         Error383        4.639598237E-01
                         Error384        4.639276829E-01
                         Error385        4.638955856E-01
                         Error386        4.638635315E-01
                         Error387        4.638315204E-01
                         Error388        4.637995519E-01
                         Error389        4.637676260E-01
                         Error390        4.637357423E-01
                         Error391        4.637039006E-01
                         Error392        4.636721007E-01
                         Error393        4.636403423E-01
                         Error394        4.636086252E-01
                         Error395        4.635769491E-01
                         Error396        4.635453140E-01
                         Error397        4.635137194E-01
                         Error398        4.634821653E-01
                         Error399        4.634506513E-01
                         Error400        4.634191773E-01
                         Error401        4.633877431E-01
                         Error402        4.633563484E-01
                         Error403        4.633249931E-01
                         Error404        4.632936768E-01
                         Error405        4.632623995E-01
                         Error406        4.632311609E-01
                         Error407        4.631999608E-01
                         Error408        4.631687991E-01
                         Error409        4.631376754E-01
                         Error410        4.631065896E-01
                         Error411        4.630755416E-01
                         Error412        4.630445311E-01
                         Error413        4.630135579E-01
                         Error414        4.629826219E-01
                         Error415        4.629517228E-01
                         Error416        4.629208605E-01
                         Error417        4.628900348E-01
                         Error418        4.628592455E-01
                         Error419        4.628284924E-01
                         Error420        4.627977754E-01
                         Error421        4.627670942E-01
                         Error422        4.627364488E-01
                         Error423        4.627058388E-01
                         Error424        4.626752642E-01
                         Error425        4.626447248E-01
                         Error426        4.626142204E-01
                         Error427        4.625837508E-01
                         Error428        4.625533159E-01
                         Error429        4.625229155E-01
                         Error430        4.624925495E-01
                         Error431        4.624622176E-01
                         Error432        4.624319198E-01
                         Error433        4.624016559E-01
                         Error434        4.623714256E-01
                         Error435        4.623412290E-01
                         Error436        4.623110657E-01
                         Error437        4.622809357E-01
                         Error438        4.622508387E-01
                         Error439        4.622207748E-01
                         Error440        4.621907436E-01
                         Error441        4.621607451E-01
                         Error442        4.621307791E-01
                         Error443        4.621008455E-01
                         Error444        4.620709440E-01
                         Error445        4.620410747E-01
                         Error446        4.620112373E-01
                         Error447        4.619814317E-01
                         Error448        4.619516578E-01
                         Error449        4.619219154E-01
                         Error450        4.618922044E-01
                         Error451        4.618625246E-01
                         Error452        4.618328760E-01
                         Error453        4.618032584E-01
                         Error454        4.617736716E-01
                         Error455        4.617441156E-01
                         Error456        4.617145902E-01
                         Error457        4.616850952E-01
                         Error458        4.616556306E-01
                         Error459        4.616261963E-01
                         Error460        4.615967920E-01
                         Error461        4.615674177E-01
                         Error462        4.615380733E-01
                         Error463        4.615087586E-01
                         Error464        4.614794735E-01
                         Error465        4.614502180E-01
                         Error466        4.614209918E-01
                         Error467        4.613917949E-01
                         Error468        4.613626271E-01
                         Error469        4.613334884E-01
                         Error470        4.613043786E-01
                         Error471        4.612752976E-01
                         Error472        4.612462453E-01
                         Error473        4.612172216E-01
                         Error474        4.611882264E-01
                         Error475        4.611592596E-01
                         Error476        4.611303210E-01
                         Error477        4.611014106E-01
                         Error478        4.610725282E-01
                         Error479        4.610436738E-01
                         Error480        4.610148473E-01
                         Error481        4.609860484E-01
                         Error482        4.609572772E-01
                         Error483        4.609285336E-01
                         Error484        4.608998174E-01
                         Error485        4.608711285E-01
                         Error486        4.608424669E-01
                         Error487        4.608138324E-01
                         Error488        4.607852249E-01
                         Error489        4.607566445E-01
                         Error490        4.607280908E-01
                         Error491        4.606995639E-01
                         Error492        4.606710637E-01
                         Error493        4.606425900E-01
                         Error494        4.606141429E-01
                         Error495        4.605857221E-01
                         Error496        4.605573276E-01
                         Error497        4.605289593E-01
                         Error498        4.605006171E-01
                         Error499        4.604723010E-01
                         Error500        4.604440108E-01
                         Error        4.604440108E-01
