-xyz
global_fitted_global.xyz
-dens
/home/unibas/boittier/RDKit_G2/B.pdb/SCAN_1_2_3_4_S_36_10.0/29_SCAN/B.d.cube
-esp
/home/unibas/boittier/RDKit_G2/B.pdb/SCAN_1_2_3_4_S_36_10.0/29_SCAN/B.p.cube
-stepsize
0.2
-n_steps
0
-learning_rate
0.5
   3.2140770783897099        1.1101775342079094       -3.1051740436509863     
   3.0208438023590172      -0.60819573573446317      -0.68319326375434819     
   2.7412347754088029       0.38039680785141849      -0.58498100072854953     
   5.8727096791480742      -0.62194877268866966        5.4043842664197927E-002
   2.9280903261421880       0.54088346623360883      -0.32490657214448254     
   1.0852131745669891      -0.72527125836911954       0.94040041466863711     
   2.0460632527669471       -1.7954999867433543        3.0705758174714552     
   2.6452989872490811      -0.99782317130909481        1.1628518299951038     
   2.0124939871395942      -0.82126724256077366        1.0432543285902633     
  -1.7838414740243711        1.5269721045840319       0.19138370223745788     
  -1.7858091807549190        1.7133217367930331       0.23662429646639016     
  -1.7459098556907264        3.1888918992904212       0.10278351615418443     
  -1.5896173821609714        2.4695369091616555       0.11101078849726384     
 -0.86748240608925098      -0.76190956393246068       0.34548245410490891     
  -1.2240662594362117      -0.51382251199884832       0.58574978390981181     
  -1.1515232283898111      -0.56623237727799391      -0.68797211283247905     
  -1.2948175599471818       0.57914561603791770       0.14826489416855618     
  -2.7320318634783298       -1.5108327726345019       0.63231652349483192     
  -2.2674747142312941       -1.3435817918464115       -1.2020348796354843     
  -4.9571682907261545      -0.99545134458452311      -0.95692418269365476     
  -2.2267626196871664       -4.0132630254998078      -0.37572404355722860     
First
                         Total        9.933021642E-01
Step size:       0.20
Step size in Bohr:       0.38
Learning Rate:       1.00
# Steps:          0
                         Error        9.933021642E-01
