-xyz
refined.xyz
-dens
/home/unibas/boittier/RDKit_G2/B.pdb/SCAN_1_2_3_4_S_36_-10.0/12_SCAN/B.d.cube
-esp
/home/unibas/boittier/RDKit_G2/B.pdb/SCAN_1_2_3_4_S_36_-10.0/12_SCAN/B.p.cube
-stepsize
0.2
-n_steps
0
-learning_rate
0.5
  -3.4616440256387206        2.1987547890192078       -2.4465844476008423     
  -3.2024003129715570       0.55738941362718908        8.8796401653751522E-002
  -2.8105817784519229       0.25258834564026217      -0.81861032147120827     
  -5.9326019717474283      -0.47151377963376229       0.17733317393640624     
  -2.9000372253141022       -8.5953199920513118E-002 -0.88991093161255141     
  -1.1725654469506313      -0.33179934194030530       0.84352780172250930     
  -1.8800442223822400       -2.4722176962905640        2.4367938030244649     
  -2.7020910924482275      -0.75305441585813304        1.0323401171594884     
  -2.0492136343032352      -0.66213742704167877       0.91108860137044800     
   2.3001707635669524       -1.1113753568750571      -0.15389155167148744     
   2.3734403706669114       -1.2894293611945415      -0.15239270967415128     
   2.8964123010967060       -2.6135897592932635      -0.54489188378914732     
   2.4775959050565519       -2.0259500722345591      -0.42235126586249422     
  0.57128926547190473       0.60007666117225433       0.37025304876069032     
   1.0094079019651738       0.45483986068661586       0.57058785608931128     
  0.88813692314864889       0.71479030204587324      -0.67229956682718273     
   1.4782510097414128      -0.42141985447214492       -4.5884123437207616E-002
   2.0711104172096353        1.8290666177577550        1.0856245358415495     
   1.6807374904759891        2.0192689322335640      -0.76288341866727882     
   4.3213774935156639        2.5825250289819404      -0.35392058852465247     
  0.66434549401763865        4.1788457075161407       0.71500268891219154     
First
                         Total        1.525653136E+00
Step size:       0.20
Step size in Bohr:       0.38
Learning Rate:       1.00
# Steps:          0
                         Error        1.525653136E+00
