-xyz
refined.xyz
-dens
../../cube_files/acrolein/8_SCAN_1_2_3_4_F/L.d.cube
-esp
../../cube_files/acrolein/8_SCAN_1_2_3_4_F/L.p.cube
-stepsize
0.2
-n_steps
100
-learning_rate
0.5
   1.9013342562114239       -3.0298256036744378       0.47590933103219896     
   1.9796317574748388       -2.6020974893289290       0.44397491768798397     
   4.8378208257842665      -0.74602922936050498      -0.15085212027089445     
   4.6489695390674450      -0.77490187946040501      -0.16972110052510306     
   2.5442733629757601      -0.39473161273605661       -2.9964441558068090E-002
   3.1137308621963062       0.12892242664154049      -0.10992752375384714     
   3.3529211366338783       -1.1068769409732369       -5.9436522516456312E-003
   1.7299335340040181       -1.0576240556014538       0.20520677862110417     
   2.2089969701372754        1.5202089042676852      -0.18594707566234450     
  0.94923892670273924        1.8993108071795397        2.8309038497551595E-003
   1.2688679923540234        1.9080780785320695       0.14875558273482783     
   1.5693209048547614        1.5411879322022635       -3.3777752086683224E-002
   2.5384729355836702        3.4106131396023383      -0.45306218384325136     
   1.7490459349851615        3.7291189999593048      -0.38893281804238339     
   1.2100923586330643        2.0861761154196841      -0.52934629861001581     
  -2.1390848551661019        2.5566690909780254       0.97845614678445814     
  -2.2668269053123091        2.5360143833139901       0.38429448291764551     
  -2.2679613590775558        2.6243247732443407        8.9562829322691551E-002
 -0.89857417518211447        4.3120160233334294E-002  -1.1422474653160973E-002
  -2.2968344104123384      -0.26410436595792736       -7.5768961013914976E-002
  -2.3401062388178460       -1.6527132332459342      -0.25198880546385455     
  -2.7944575446494526       -1.5664383790165701      -0.16604054274277255     
  -3.2821244276735708       -1.1258030013708240       -6.6033360839169636E-002
First
                         Total        5.665362574E-01
Step size:       0.20
Step size in Bohr:       0.38
Learning Rate:       1.00
# Steps:        100
                         Error  1        5.612108190E-01
                         Error  2        5.561258597E-01
                         Error  3        5.512704254E-01
                         Error  4        5.466339283E-01
                         Error  5        5.422061474E-01
                         Error  6        5.379772282E-01
                         Error  7        5.339376809E-01
                         Error  8        5.300783777E-01
                         Error  9        5.263905485E-01
                         Error 10        5.228657764E-01
                         Error 11        5.194959913E-01
                         Error 12        5.162734642E-01
                         Error 13        5.131907991E-01
                         Error 14        5.102409255E-01
                         Error 15        5.074170903E-01
                         Error 16        5.047128484E-01
                         Error 17        5.021220543E-01
                         Error 18        4.996388521E-01
                         Error 19        4.972576662E-01
                         Error 20        4.949731918E-01
                         Error 21        4.927803844E-01
                         Error 22        4.906744511E-01
                         Error 23        4.886508397E-01
                         Error 24        4.867052296E-01
                         Error 25        4.848335224E-01
                         Error 26        4.830318319E-01
                         Error 27        4.812964751E-01
                         Error 28        4.796239631E-01
                         Error 29        4.780109924E-01
                         Error 30        4.764544362E-01
                         Error 31        4.749513356E-01
                         Error 32        4.734988923E-01
                         Error 33        4.720944600E-01
                         Error 34        4.707355375E-01
                         Error 35        4.694197607E-01
                         Error 36        4.681448963E-01
                         Error 37        4.669088345E-01
                         Error 38        4.657095830E-01
                         Error 39        4.645452604E-01
                         Error 40        4.634140907E-01
                         Error 41        4.623143974E-01
                         Error 42        4.612445982E-01
                         Error 43        4.602031998E-01
                         Error 44        4.591887932E-01
                         Error 45        4.582000488E-01
                         Error 46        4.572357122E-01
                         Error 47        4.562945998E-01
                         Error 48        4.553755952E-01
                         Error 49        4.544776448E-01
                         Error 50        4.535997548E-01
                         Error 51        4.527409876E-01
                         Error 52        4.519004584E-01
                         Error 53        4.510773326E-01
                         Error 54        4.502708224E-01
                         Error 55        4.494801846E-01
                         Error 56        4.487047175E-01
                         Error 57        4.479437589E-01
                         Error 58        4.471966839E-01
                         Error 59        4.464629022E-01
                         Error 60        4.457418564E-01
                         Error 61        4.450330202E-01
                         Error 62        4.443358965E-01
                         Error 63        4.436500154E-01
                         Error 64        4.429749331E-01
                         Error 65        4.423102298E-01
                         Error 66        4.416555089E-01
                         Error 67        4.410103951E-01
                         Error 68        4.403745336E-01
                         Error 69        4.397475885E-01
                         Error 70        4.391292420E-01
                         Error 71        4.385191930E-01
                         Error 72        4.379171566E-01
                         Error 73        4.373228627E-01
                         Error 74        4.367360554E-01
                         Error 75        4.361564918E-01
                         Error 76        4.355839420E-01
                         Error 77        4.350181874E-01
                         Error 78        4.344590208E-01
                         Error 79        4.339062452E-01
                         Error 80        4.333596736E-01
                         Error 81        4.328191282E-01
                         Error 82        4.322844398E-01
                         Error 83        4.317554477E-01
                         Error 84        4.312319986E-01
                         Error 85        4.307139468E-01
                         Error 86        4.302011533E-01
                         Error 87        4.296934857E-01
                         Error 88        4.291908175E-01
                         Error 89        4.286930282E-01
                         Error 90        4.282000026E-01
                         Error 91        4.277116306E-01
                         Error 92        4.272278072E-01
                         Error 93        4.267484317E-01
                         Error 94        4.262734079E-01
                         Error 95        4.258026433E-01
                         Error 96        4.253360498E-01
                         Error 97        4.248735426E-01
                         Error 98        4.244150404E-01
                         Error 99        4.239604651E-01
                         Error100        4.235097419E-01
                         Error        4.235097419E-01
