                                     G D M A

                                 by Anthony Stone

                           version 2.2.03, 21 June 2007

               Distributed Multipoles from Gaussian wavefunctions


Starting at 9:24:49 on 26 May 2021  

GDMA



Using SCF density matrix from file O.pdb.fchk


                         Distributed Multipole Analysis

Standard DMA for products of primitives with exponent greater than 4.00000
Using 80-point Euler-MacLaurin radial quadrature
Using 590-point Lebedev quadrature
Becke smoothing parameter = 3

Positions and radii in angstrom
Multipole moments in atomic units, ea_0^k for rank k

C          x = -1.602150  y = -0.778744  z =  0.166910
           Maximum rank =  2   Radius =  0.650
                   Q00  =  -0.113850
|Q1| =   0.146480  Q10  =  -0.021629  Q11c =   0.116572  Q11s =   0.086021
|Q2| =   0.171102  Q20  =  -0.126025  Q21c =  -0.054403  Q21s =  -0.006477
                   Q22c =   0.031441  Q22s =   0.096971

C          x = -0.512602  y =  0.203280  z = -0.133177
           Maximum rank =  2   Radius =  0.650
                   Q00  =   0.261708
|Q1| =   0.211770  Q10  =  -0.080605  Q11c =   0.158522  Q11s =   0.114980
|Q2| =   0.665363  Q20  =  -0.551394  Q21c =  -0.268854  Q21s =   0.171700
                   Q22c =  -0.176073  Q22s =  -0.076857

H          x = -1.677404  y = -1.528328  z = -0.624430
           Maximum rank =  2   Radius =  0.325
                   Q00  =   0.111515
|Q1| =   0.134427  Q10  =   0.071272  Q11c =   0.054143  Q11s =   0.100297
|Q2| =   0.156687  Q20  =   0.036822  Q21c =  -0.019342  Q21s =   0.142826
                   Q22c =  -0.039559  Q22s =   0.029267

H          x = -2.553824  y = -0.263204  z =  0.294704
           Maximum rank =  2   Radius =  0.325
                   Q00  =   0.104086
|Q1| =   0.134020  Q10  =  -0.019690  Q11c =   0.131519  Q11s =  -0.016622
|Q2| =   0.163649  Q20  =  -0.116213  Q21c =  -0.037862  Q21s =   0.007915
                   Q22c =   0.051272  Q22s =  -0.095659

H          x = -1.344653  y = -1.304206  z =  1.093508
           Maximum rank =  2   Radius =  0.325
                   Q00  =   0.109577
|Q1| =   0.139586  Q10  =  -0.111695  Q11c =   0.013163  Q11s =   0.082676
|Q2| =   0.148915  Q20  =   0.069439  Q21c =   0.055954  Q21s =  -0.119142
                   Q22c =   0.002627  Q22s =  -0.004599

O          x =  0.662725  y = -0.415219  z = -0.525550
           Maximum rank =  2   Radius =  0.650
                   Q00  =  -0.434581
|Q1| =   0.507005  Q10  =   0.335632  Q11c =  -0.089338  Q11s =   0.369357
|Q2| =   1.155602  Q20  =  -0.365193  Q21c =   0.223635  Q21s =   0.348160
                   Q22c =   0.888714  Q22s =  -0.490926

O          x = -0.584936  y =  1.417002  z =  0.029261
           Maximum rank =  2   Radius =  0.650
                   Q00  =  -0.388451
|Q1| =   0.553953  Q10  =  -0.100743  Q11c =   0.024277  Q11s =  -0.544174
|Q2| =   1.074541  Q20  =  -0.199316  Q21c =   0.067905  Q21s =   0.192998
                   Q22c =  -1.012224  Q22s =  -0.220127

C          x =  1.863181  y = -0.177202  z =  0.274210
           Maximum rank =  2   Radius =  0.650
                   Q00  =   0.035701
|Q1| =   0.209652  Q10  =  -0.128832  Q11c =  -0.160531  Q11s =  -0.039823
|Q2| =   0.199359  Q20  =  -0.044709  Q21c =   0.144992  Q21s =   0.003254
                   Q22c =   0.127918  Q22s =   0.018674

H          x =  2.021768  y =  0.893909  z =  0.417649
           Maximum rank =  2   Radius =  0.325
                   Q00  =   0.114567
|Q1| =   0.130076  Q10  =  -0.032336  Q11c =  -0.070725  Q11s =  -0.104269
|Q2| =   0.150129  Q20  =  -0.104407  Q21c =   0.034738  Q21s =   0.030469
                   Q22c =  -0.097317  Q22s =  -0.005674

H          x =  2.681367  y = -0.610753  z = -0.295677
           Maximum rank =  2   Radius =  0.325
                   Q00  =   0.105201
|Q1| =   0.129459  Q10  =   0.034793  Q11c =  -0.118190  Q11s =   0.039752
|Q2| =   0.154349  Q20  =   0.001677  Q21c =  -0.075387  Q21s =   0.081416
                   Q22c =   0.077356  Q22s =  -0.074330

H          x =  1.759857  y = -0.685681  z =  1.236899
           Maximum rank =  2   Radius =  0.325
                   Q00  =   0.094521
|Q1| =   0.144079  Q10  =  -0.128600  Q11c =  -0.028093  Q11s =   0.058581
|Q2| =   0.135396  Q20  =   0.075458  Q21c =  -0.002949  Q21s =  -0.106798
                   Q22c =   0.016058  Q22s =   0.031077

Total multipoles
referred to origin at x =   0.000000,  y =    0.000000,  z =    0.000000
                   Q00  =  -0.000006
|Q1| =   1.168005  Q10  =   0.549803  Q11c =   0.284203  Q11s =  -0.990546
|Q2| =   8.409759  Q20  =  -0.553014  Q21c =   2.027027  Q21s =  -1.555736
                   Q22c =   7.094309  Q22s =   3.682369

CPU time used:      0m14.100s          Total:      0m14.100s

Finished at 9:25:3 on 26 May 2021   
