-xyz
refined.xyz
-dens
/home/unibas/boittier/RDKit_G2/B.pdb/SCAN_1_2_3_4_S_36_10.0/33_SCAN/B.d.cube
-esp
/home/unibas/boittier/RDKit_G2/B.pdb/SCAN_1_2_3_4_S_36_10.0/33_SCAN/B.p.cube
-stepsize
0.2
-n_steps
0
-learning_rate
0.5
  -3.7933505065077457        2.6210957777937973      -0.35620357203488529     
  -3.0937555122824656      -0.16898786355057283       0.49270166099422275     
  -2.8161827016546410       0.17508822632333426      -0.44237983031480516     
  -5.7204399750068449       -1.4065841092765674        3.0014183558061003E-002
  -2.8990142199460425       -6.2251490245420239E-002 -0.69635862975901741     
 -0.86705238139276042       -1.2855358605803437      -0.14184734623657863     
  -1.3175417704931482       -3.8078022162253164       0.40928424898116728     
  -2.2759773803521197       -2.0093601246409767        6.6871148539232886E-002
  -1.7280500687924014       -1.6270062230915536        1.3975406675347522E-002
   1.3081932313657181        1.6901640317863298      -0.12801307484859284     
   1.2479295236625265        1.8710272081458683      -0.15504467260235141     
  0.85692570779342925        3.2818967803620138        3.8653721200537547E-002
  0.90094088906103231        2.5513987517700429        5.2035517850595459E-002
   1.0258992131907294      -0.75760847199176651      -0.11489253451224289     
   1.2219503287039466      -0.41713995848085639      -0.42925037885387229     
   1.5251409414507713      -0.44632938594826238       0.80940754728083120     
   1.1194673830488537       0.66184271477631540        1.0040283830187641E-002
   2.8656326880138954      -0.95201451153136563       -1.0366000332881709     
   2.9511366498266525      -0.89954023728141574       0.85957641506710136     
   5.2412777291403918       0.17231597475890656      -0.15930021263654506     
   3.3746972225570442       -3.5000870388226750      -0.10238196281872812     
First
                         Total        2.037849399E+00
Step size:       0.20
Step size in Bohr:       0.38
Learning Rate:       1.00
# Steps:          0
                         Error        2.037849399E+00
