-xyz
refined.xyz
-dens
/home/unibas/boittier/RDKit_G2/B.pdb/SCAN_1_2_3_4_S_36_10.0/15_SCAN/B.d.cube
-esp
/home/unibas/boittier/RDKit_G2/B.pdb/SCAN_1_2_3_4_S_36_10.0/15_SCAN/B.p.cube
-stepsize
0.2
-n_steps
0
-learning_rate
0.5
   3.9924354328964551        2.9733927818399231       -1.5888671695261563     
   3.5753635039801042      -0.51234315991845736      -0.69167506118485134     
   3.8517238799524507      -0.40288326972884303       -3.2464707711728824E-002
   6.3916317340038864      -0.69656594658314019        6.0626125922233487E-002
   3.6284354453924088       -5.6898356915539502E-002  0.49361062921268434     
   1.0759467712691511       -1.8128305756523873       0.38485671128056725     
  0.66124247266584091       -1.7910159659017224       0.32284893025800998     
   2.0827255256773847       -2.1868071503190469       0.85078686811596038     
   2.1220875543512574       -1.9936329906700370        1.3432477044086064     
   2.1377443345641307       -2.4158211108905188       0.38935369171927214     
  -1.0533473177922339        3.3798086217144143       0.14734372427361300     
  -1.0343654873264894        2.5306600493180675       0.15613193188822624     
  -1.2430678416895662      -0.70191307488808152      -0.66575612799565931     
  -1.1741217798806789       -1.0362955764041466      -0.44074255683512481     
  -1.7604311037053728      -0.62014665767043042       0.55098492862679949     
  -1.1739994668475962       0.50680992375058620       -8.6009670696385654E-002
  -5.5685994860230066        4.8557106473148079E-002 -0.53474895479214835     
  -3.1768716273611344      -0.74319603483366348      -0.23789204510061446     
  -2.8827119918980810      -0.85176756845011625      -0.87745702021162042     
  -3.2091632743747303      -0.90579726578607855       0.44628896055412642     
  -3.0094157055226005       -3.9459161078177698      -0.44651890524215287     
First
                         Total        7.844519395E+00
Step size:       0.20
Step size in Bohr:       0.38
Learning Rate:       1.00
# Steps:          0
                         Error        7.844519395E+00
