-xyz
refined.xyz
-dens
/home/unibas/boittier/RDKit_G2/B.pdb/SCAN_1_2_3_4_S_36_-10.0/25_SCAN_1_2_3_4_F/B.d.cube
-esp
/home/unibas/boittier/RDKit_G2/B.pdb/SCAN_1_2_3_4_S_36_-10.0/25_SCAN_1_2_3_4_F/B.p.cube
-stepsize
0.2
-n_steps
0
-learning_rate
0.5
   3.3222413164489355        1.5659658917731925       -2.6595841466735464     
   3.3856459106664722      -0.76648226275282494      -0.49914717371253270     
   6.3821852598304361      -0.34242944028294903        7.1188914723021857E-002
   4.1086964080757893      -0.25724241904867384       0.22229365630901463     
   3.6538220118325548       0.40205806084657764       0.36827306437475310     
   2.7921068631288231      -0.59571532212702527       0.89243855701888120     
   1.3489750143591193      -0.79436478671823751        1.6808705901838044     
   2.2832051847146304      -0.68997608676447741       0.64232708649387538     
   1.2236200598799378      -0.71081060185165867       0.70967555886651101     
   2.0322856772112403       -2.0065392548270782        3.1164693932682406     
  -2.6654080322729339       -2.5225954362705347      -0.52217716629611222     
  -2.3227632053274334       -1.9988191824471286      -0.23999905694355664     
  -1.9899466584586203       -1.2583634100490440      -0.23420068186707235     
  -2.4602111114944938       -2.1926811755316016      -0.53893870921479592     
 -0.64771467970005103       0.27390989743889738       -2.1402176312420827E-002
  -1.1728261868749918      -0.38775753010675729       0.12666469598206648     
 -0.36796416229870216       0.66865166778356588       0.26796484535582499     
  -1.0408948932830902       0.60423363831461885       0.62003186189295745     
  -4.5111239110106061        2.5473815599614729      -0.42889360809970423     
  -1.2656540271316801        1.7485661023550099       0.40190167740082322     
  -1.8014828835128831        1.6837875957231401      -0.30726523005518452     
  -2.3212037058493609        1.4759980841039804       -6.4478225699338573E-002
  -2.1228274772854050        1.6997955452697140       0.27697821041660298     
 -0.87656798656412116        4.3706579174393445       -5.1667161031819189E-002
 -0.99093580311503326        4.2571527805757396       0.23712970285290894     
First
                         Total        1.196032576E+00
Step size:       0.20
Step size in Bohr:       0.38
Learning Rate:       1.00
# Steps:          0
                         Error        1.196032576E+00
