atom_charge_dict:  {8: [0], 3: [1, 3, 4], 9: [2], 2: [5, 6, 7, 8], 7: [9], 6: [10, 11, 12, 13], 1: [14, 15, 16, 17], 4: [18], 0: [19, 20, 21, 22], 5: [23, 24]}
4
4 [18] [ 0.19047416  0.11466808 -0.04964148]
0
0 [19, 20, 21, 22] [-0.43034405 -0.35549057 -0.03148009]
0 [19, 20, 21, 22] [-0.01926686 -0.39318885  0.17034369]
0 [19, 20, 21, 22] [ 0.17624284 -0.41707324 -0.07310775]
0 [19, 20, 21, 22] [-0.00508736 -0.29885868 -0.15637999]
5
5 [23, 24] [-0.00210605  0.08238363  0.38443123]
5 [23, 24] [0.01939033 0.06430244 0.20840147]
6
6 [10, 11, 12, 13] [ 0.22429064 -0.16016341 -0.04336082]
6 [10, 11, 12, 13] [-0.03492569  0.07320616 -0.06466305]
6 [10, 11, 12, 13] [-0.25929585  0.43106461  0.06423314]
6 [10, 11, 12, 13] [ 0.10884357 -0.01972882  0.02964564]
1
1 [14, 15, 16, 17] [-0.09775573  0.05710824  0.13126977]
1 [14, 15, 16, 17] [ 0.1584298  -0.22880926 -0.08900924]
1 [14, 15, 16, 17] [-0.31824269  0.23079534  0.09241233]
1 [14, 15, 16, 17] [-0.08400365  0.2843379  -0.22309907]
2
2 [5, 6, 7, 8] [-0.48752757 -0.21170444  0.18997305]
2 [5, 6, 7, 8] [ 0.0134879  -0.09028878 -0.50531941]
2 [5, 6, 7, 8] [-0.19766127 -0.13817664  0.19468793]
2 [5, 6, 7, 8] [ 0.28606315 -0.09689441 -0.07256167]
7
7 [9] [-0.00132368 -0.34740919  0.19222188]
2
3
3 [1, 3, 4] [ 0.12019553 -0.04603427  0.51910208]
3 [1, 3, 4] [-0.1520921  -0.45294471  0.24874361]
3 [1, 3, 4] [ 0.12177971 -0.4783015  -0.1464485 ]
8
8 [0] [ 0.08474095  0.20981657 -0.11366944]
3
9
9 [2] [-0.38697863 -0.08492216  0.04542321]
RMSD using the Kabsch algorithm: 0.7683971956362025
1 [-1.87717379  1.22688683 -0.88847559]
2 [-1.87363598  0.05612229  0.32890422]
3 [-3.35853503 -0.40761112  0.05306453]
4 [-2.14592361 -0.35078815  0.05854575]
5 [-1.87205181 -0.37614493 -0.33664636]
6 [-1.36664773 -0.69633796  0.45245702]
7 [-0.86563226 -0.57492231 -0.24283545]
8 [-1.07678144 -0.62281017  0.45717189]
9 [-0.59305701 -0.58152794  0.18992229]
10 [-0.92673519 -1.7755272   0.99208297]
11 [ 1.63189141 -1.13752581 -0.217196  ]
12 [ 1.37267507 -0.90415624 -0.23849823]
13 [ 1.14830491 -0.54629779 -0.10960203]
14 [ 1.51644433 -0.99709122 -0.14418953]
15 [0.36872755 0.11094935 0.1829529 ]
16 [ 0.62491308 -0.17496814 -0.03732611]
17 [0.14824059 0.28463645 0.14409546]
18 [ 0.38247963  0.33817902 -0.17141594]
19 [ 2.14096925  1.6548044  -0.13603386]
20 [0.47849999 0.95199626 0.06140211]
21 [0.88957717 0.91429798 0.2632259 ]
22 [1.08508688 0.89041359 0.01977445]
23 [ 0.90375668  1.00862814 -0.06349779]
24 [0.22361705 2.1991382  0.70153525]
25 [0.24511342 2.181057   0.5255055 ]
