-xyz
refined.xyz
-dens
../../cube_files/fbuta/11_SCAN_1_2_3_4_F/B.d.cube
-esp
../../cube_files/fbuta/11_SCAN_1_2_3_4_F/B.p.cube
-stepsize
0.2
-n_steps
100
-learning_rate
0.5
  -3.5473443447633830        2.3184800878823739       -1.6789755356315001     
  -3.5406588660196916       0.10605576467271793       0.62153889652881111     
  -6.3467113833293789      -0.77027339024985075       0.10027742935424773     
  -4.0552079150533240      -0.66289352226480314       0.11063543420606427     
  -3.5376652066142151      -0.71081090794490831      -0.63616941731588827     
  -2.5825899252035476       -1.3158880390114795       0.85501984242821449     
  -1.6358079015877545       -1.0864457062759936      -0.45889249324837145     
  -2.0348220117618463       -1.1769406467383003       0.86392966378596081     
  -1.1207153267791155       -1.0989285383592695       0.35890112084809533     
  -1.7512756924543422       -3.3552601414784795        1.8747651075155027     
   3.0838278242250996       -2.1496122467817056      -0.41044094804996373     
   2.5939799448395666       -1.7086076746951717      -0.45069633137613796     
   2.1699817955714629       -1.0323532039754244      -0.20711782378104293     
   2.8656644695841318       -1.8842293268499395      -0.27247872900917985     
  0.69679408348528438       0.20966388699072583       0.34573087450787066     
   1.1809145717821135      -0.33064186787745836       -7.0536126441460123E-002
  0.28013412175385016       0.53788493486161593       0.27230096395341979     
  0.72278175104604603       0.63906572350252056      -0.32392917774349006     
   4.0458455215198752        3.1271271031469698      -0.25706674439624388     
  0.90423392591322538        1.7990122052288802       0.11603317615872775     
   1.6810572281490257        1.7277727759174044       0.49742485746143428     
   2.0505170219275408        1.6826378255951235        3.7368301721394874E-002
   1.7078526030651768        1.9060309554363384      -0.11999343005095439     
  0.42257498121751985        4.1557689147303893        1.3257094925374322     
  0.46319724023716485        4.1216004027830735       0.99306146985055688     
First
                         Total        6.034528388E-01
Step size:       0.20
Step size in Bohr:       0.38
Learning Rate:       1.00
# Steps:        100
                         Error  1        6.012106891E-01
                         Error  2        5.990944223E-01
                         Error  3        5.970935752E-01
                         Error  4        5.951985579E-01
                         Error  5        5.934005867E-01
                         Error  6        5.916916211E-01
                         Error  7        5.900643048E-01
                         Error  8        5.885119107E-01
                         Error  9        5.870282896E-01
                         Error 10        5.856078229E-01
                         Error 11        5.842453785E-01
                         Error 12        5.829362700E-01
                         Error 13        5.816762193E-01
                         Error 14        5.804613216E-01
                         Error 15        5.792880138E-01
                         Error 16        5.781530450E-01
                         Error 17        5.770534493E-01
                         Error 18        5.759865214E-01
                         Error 19        5.749497936E-01
                         Error 20        5.739410152E-01
                         Error 21        5.729581332E-01
                         Error 22        5.719992751E-01
                         Error 23        5.710627326E-01
                         Error 24        5.701469476E-01
                         Error 25        5.692504982E-01
                         Error 26        5.683720872E-01
                         Error 27        5.675105305E-01
                         Error 28        5.666647471E-01
                         Error 29        5.658337503E-01
                         Error 30        5.650166386E-01
                         Error 31        5.642125886E-01
                         Error 32        5.634208474E-01
                         Error 33        5.626407272E-01
                         Error 34        5.618715984E-01
                         Error 35        5.611128851E-01
                         Error 36        5.603640600E-01
                         Error 37        5.596246400E-01
                         Error 38        5.588941825E-01
                         Error 39        5.581722811E-01
                         Error 40        5.574585633E-01
                         Error 41        5.567526867E-01
                         Error 42        5.560543365E-01
                         Error 43        5.553632231E-01
                         Error 44        5.546790799E-01
                         Error 45        5.540016611E-01
                         Error 46        5.533307398E-01
                         Error 47        5.526661065E-01
                         Error 48        5.520075674E-01
                         Error 49        5.513549430E-01
                         Error 50        5.507080669E-01
                         Error 51        5.500667846E-01
                         Error 52        5.494309524E-01
                         Error 53        5.488004367E-01
                         Error 54        5.481751127E-01
                         Error 55        5.475548638E-01
                         Error 56        5.469395810E-01
                         Error 57        5.463291622E-01
                         Error 58        5.457235114E-01
                         Error 59        5.451225385E-01
                         Error 60        5.445261584E-01
                         Error 61        5.439342910E-01
                         Error 62        5.433468603E-01
                         Error 63        5.427637946E-01
                         Error 64        5.421850255E-01
                         Error 65        5.416104882E-01
                         Error 66        5.410401209E-01
                         Error 67        5.404738646E-01
                         Error 68        5.399116629E-01
                         Error 69        5.393534617E-01
                         Error 70        5.387992093E-01
                         Error 71        5.382488557E-01
                         Error 72        5.377023530E-01
                         Error 73        5.371596548E-01
                         Error 74        5.366207166E-01
                         Error 75        5.360854949E-01
                         Error 76        5.355539478E-01
                         Error 77        5.350260348E-01
                         Error 78        5.345017163E-01
                         Error 79        5.339809538E-01
                         Error 80        5.334637100E-01
                         Error 81        5.329499482E-01
                         Error 82        5.324396330E-01
                         Error 83        5.319327294E-01
                         Error 84        5.314292034E-01
                         Error 85        5.309290216E-01
                         Error 86        5.304321514E-01
                         Error 87        5.299385607E-01
                         Error 88        5.294482181E-01
                         Error 89        5.289610926E-01
                         Error 90        5.284771539E-01
                         Error 91        5.279963722E-01
                         Error 92        5.275187180E-01
                         Error 93        5.270441625E-01
                         Error 94        5.265726771E-01
                         Error 95        5.261042337E-01
                         Error 96        5.256388047E-01
                         Error 97        5.251763628E-01
                         Error 98        5.247168811E-01
                         Error 99        5.242603329E-01
                         Error100        5.238066920E-01
                         Error        5.238066920E-01
