-xyz
refined.xyz
-dens
/home/unibas/boittier/RDKit_G2/B.pdb/SCAN_1_2_3_4_S_36_10.0/23_SCAN/B.d.cube
-esp
/home/unibas/boittier/RDKit_G2/B.pdb/SCAN_1_2_3_4_S_36_10.0/23_SCAN/B.p.cube
-stepsize
0.2
-n_steps
100
-learning_rate
0.5
  -3.9660638924232505        3.0210251017300864      -0.43061690331396651     
  -3.5375647324017834      -0.39870887156476420       0.69665471438839555     
  -3.7351205920764379      -0.68348226578668458        5.5398072794503171E-002
  -6.2754171367310949       -1.0406948990356586        2.2323158265571345E-002
  -3.4779271726920022      -0.58668059333735190      -0.55819708414653657     
  -1.7756871930778635      -0.16693212252282139       0.25358249446737174     
  -1.4277378407634547        4.8285904233032716E-003  0.23266362232569912     
  -1.8575685555084895       -2.6181824778148712       0.33051020459916625     
  -2.0204901894766687       -2.5086815481501286      -0.40331026297497485     
  -2.0158795239882936       -2.5247350879243924       0.82833643484794173     
   3.3416911377018312       -2.4352379746929764      -0.26362458420803936     
   2.7028116070625519       -1.7452973351264152      -0.15832086920859767     
  0.68221827123495460       0.86189475152618622      -0.63133380801543548     
  0.44550151028347906       0.86916280395421996      -0.39603834399542964     
   1.1037106035515205       0.94639442612069924       0.61655848562231286     
   1.5060439731815864      -0.30771169023059736      -0.16071265807179608     
   4.3696828058346746        3.1180649998101018       -3.6283167969917825E-002
   2.0911688436564635        1.9417489266466939        3.6179602944983340E-002
   1.8084337393661880        2.0842629878191050      -0.61585646585831588     
   1.9665953983239963        2.1542359414533383       0.72521561957034941     
 -0.22306486418539348        4.2702176776121048        5.6402775877019799E-002
First
                         Total        5.335354274E+00
Step size:       0.20
Step size in Bohr:       0.38
Learning Rate:       1.00
# Steps:        100
                         Error  1        5.276067204E+00
                         Error  2        5.217095211E+00
                         Error  3        5.158446781E+00
                         Error  4        5.100130614E+00
                         Error  5        5.042155619E+00
                         Error  6        4.984530921E+00
                         Error  7        4.927265852E+00
                         Error  8        4.870369953E+00
                         Error  9        4.813852971E+00
                         Error 10        4.757724848E+00
                         Error 11        4.701995726E+00
                         Error 12        4.646675930E+00
                         Error 13        4.591775967E+00
                         Error 14        4.537306511E+00
                         Error 15        4.483278397E+00
                         Error 16        4.429702605E+00
                         Error 17        4.376590249E+00
                         Error 18        4.323952556E+00
                         Error 19        4.271800853E+00
                         Error 20        4.220146547E+00
                         Error 21        4.169001102E+00
                         Error 22        4.118376016E+00
                         Error 23        4.068282798E+00
                         Error 24        4.018732940E+00
                         Error 25        3.969737889E+00
                         Error 26        3.921309016E+00
                         Error 27        3.873457585E+00
                         Error 28        3.826194719E+00
                         Error 29        3.779531369E+00
                         Error 30        3.733478273E+00
                         Error 31        3.688045922E+00
                         Error 32        3.643244524E+00
                         Error 33        3.599083966E+00
                         Error 34        3.555573772E+00
                         Error 35        3.512723071E+00
                         Error 36        3.470540558E+00
                         Error 37        3.429034454E+00
                         Error 38        3.388212475E+00
                         Error 39        3.348081793E+00
                         Error 40        3.308649009E+00
                         Error 41        3.269920118E+00
                         Error 42        3.231900480E+00
                         Error 43        3.194594799E+00
                         Error 44        3.158007092E+00
                         Error 45        3.122140677E+00
                         Error 46        3.086998149E+00
                         Error 47        3.052581368E+00
                         Error 48        3.018891451E+00
                         Error 49        2.985928759E+00
                         Error 50        2.953692899E+00
                         Error 51        2.922182718E+00
                         Error 52        2.891396310E+00
                         Error 53        2.861331022E+00
                         Error 54        2.831983461E+00
                         Error 55        2.803349509E+00
                         Error 56        2.775424339E+00
                         Error 57        2.748202433E+00
                         Error 58        2.721677601E+00
                         Error 59        2.695843012E+00
                         Error 60        2.670691211E+00
                         Error 61        2.646214153E+00
                         Error 62        2.622403234E+00
                         Error 63        2.599249317E+00
                         Error 64        2.576742770E+00
                         Error 65        2.554873497E+00
                         Error 66        2.533630975E+00
                         Error 67        2.513004286E+00
                         Error 68        2.492982157E+00
                         Error 69        2.473552994E+00
                         Error 70        2.454704914E+00
                         Error 71        2.436425789E+00
                         Error 72        2.418703274E+00
                         Error 73        2.401524842E+00
                         Error 74        2.384877823E+00
                         Error 75        2.368749431E+00
                         Error 76        2.353126797E+00
                         Error 77        2.337997003E+00
                         Error 78        2.323347107E+00
                         Error 79        2.309164174E+00
                         Error 80        2.295435298E+00
                         Error 81        2.282147634E+00
                         Error 82        2.269288416E+00
                         Error 83        2.256844981E+00
                         Error 84        2.244804789E+00
                         Error 85        2.233155441E+00
                         Error 86        2.221884700E+00
                         Error 87        2.210980503E+00
                         Error 88        2.200430976E+00
                         Error 89        2.190224448E+00
                         Error 90        2.180349463E+00
                         Error 91        2.170794788E+00
                         Error 92        2.161549423E+00
                         Error 93        2.152602608E+00
                         Error 94        2.143943832E+00
                         Error 95        2.135562833E+00
                         Error 96        2.127449607E+00
                         Error 97        2.119594409E+00
                         Error 98        2.111987754E+00
                         Error 99        2.104620419E+00
                         Error100        2.097483446E+00
                         Error        2.097483446E+00
