-xyz
refined.xyz
-dens
/home/unibas/boittier/RDKit_G2/B.pdb/SCAN_1_2_3_4_S_36_10.0/0_SCAN/B.d.cube
-esp
/home/unibas/boittier/RDKit_G2/B.pdb/SCAN_1_2_3_4_S_36_10.0/0_SCAN/B.p.cube
-stepsize
0.2
-n_steps
10
-learning_rate
0.5
  -3.7421892119163820        2.6965220618258998        8.5750745209489457E-002
  -3.0748017430660002      -0.18747476084914846       0.55260401571448536     
  -2.8247165616154066       0.26305322059057573      -0.34404965364462681     
  -5.7416866752713842       -1.3127062953514894        2.0711439746555288E-002
  -2.9208070175440075        5.9186731487550250E-002 -0.62131377393441667     
 -0.90900423760417193       -1.2350338555797356      -0.23850499058925939     
  -1.3769693730753925       -3.8130481361165742       -3.1655075062847468E-002
  -2.3465335878670501       -1.9127041302581553       -7.5349498430079098E-002
  -1.7851526823200947       -1.5482569940585329      -0.11077495639398488     
   1.3582626264059336        1.6762051388160841      -0.15918015719377993     
   1.3040268265208406        1.8585277742671731      -0.18873945368064202     
  0.94662358641994493        3.2805324820681667       -1.2481534600609825E-002
  0.96953220051234101        2.5490026470404823        4.5202287569193434E-003
   1.0072527164649645      -0.76473442565501870      -0.14835466388730359     
   1.2231110136873344      -0.43117968882809371      -0.45684733190092386     
   1.4838419827721143      -0.46407052464533199       0.79111907586434516     
   1.1363006865452512       0.65191087814327919       -2.4565417852266295E-002
   2.8744416144315643       -1.0201799438033841      -0.97187351353771290     
   2.8768642279252301      -0.94974743702056386       0.92554226049555055     
   5.2398338248063636        4.6429904761463109E-002   2.9536625789762299E-004
   3.2690460328486237       -3.5715753054012116        8.3921200122603155E-003
First
                         Total        3.856534331E-01
Step size:       0.20
Step size in Bohr:       0.38
Learning Rate:       1.00
# Steps:         10
                         Error  1        3.856517964E-01
                         Error  2        3.856503131E-01
                         Error  3        3.856489732E-01
                         Error  4        3.856477674E-01
                         Error  5        3.856466871E-01
                         Error  6        3.856457242E-01
                         Error  7        3.856448711E-01
                         Error  8        3.856441210E-01
                         Error  9        3.856434673E-01
                         Error 10        3.856429040E-01
                         Error        3.856429040E-01
