{0, 1, 2, 3, 4, 5, 6, 7, 8, 9, 10} {0, 1, 3, 5, 6, 7}
Something is wrong with Atoms?
atom_charge_dict:  {3: [0, 1, 2, 3, 6], 0: [4, 5, 8], 1: [7, 9, 10, 11, 14], 5: [12, 13, 18], 6: [15, 16, 17], 7: [19, 20, 21, 22]}
3
3 [0, 1, 2, 3, 6] [ 0.69316553  1.1179645  -0.42656977]
3 [0, 1, 2, 3, 6] [ 0.77545361  0.94372825 -0.34694689]
3 [0, 1, 2, 3, 6] [-0.08698342 -0.64678908  0.06729295]
3 [0, 1, 2, 3, 6] [-0.00587577 -0.59434866  0.04482313]
3 [0, 1, 2, 3, 6] [ 0.52451505 -0.11385704 -0.07637117]
2
1
1 [7, 9, 10, 11, 14] [-0.8402499   0.25175838 -0.13248697]
1 [7, 9, 10, 11, 14] [-0.20331423 -0.17741772  0.06843503]
1 [7, 9, 10, 11, 14] [-0.33424347 -0.27512269  0.01965385]
1 [7, 9, 10, 11, 14] [-0.34003519 -0.50828216  0.1504489 ]
1 [7, 9, 10, 11, 14] [-0.37966895 -0.14049111  0.36156074]
4
2
1
5
5 [12, 13, 18] [-1.13429155 -1.14535009  0.06095762]
5 [12, 13, 18] [-0.68508601 -1.0888608   0.05837598]
5 [12, 13, 18] [ 0.10154682  0.51195703 -0.04641068]
0
0 [4, 5, 8] [ 0.26238222  0.50014478 -0.02629688]
0 [4, 5, 8] [ 0.11005145  0.11722217 -0.03531297]
0 [4, 5, 8] [ 0.712062   -0.05256188 -0.07225258]
6
6 [15, 16, 17] [ 0.67009302 -0.02855841 -0.33049022]
6 [15, 16, 17] [ 0.76936601 -0.05890398 -0.021099  ]
6 [15, 16, 17] [ 0.76385219 -0.06361886  0.14522456]
7
7 [19, 20, 21, 22] [-0.53833642  0.26556721 -0.05053601]
7 [19, 20, 21, 22] [-0.07439233 -0.31485931  0.07801689]
7 [19, 20, 21, 22] [ 0.0909663 -0.1325952  0.0298559]
7 [19, 20, 21, 22] [ 0.15689805  0.20596899 -0.04893543]
1
0
RMSD using the Kabsch algorithm: 0.7306920749637753
1 [-1.92103447  1.24293124 -0.53280576]
2 [-1.83874639  1.06869499 -0.45318288]
3 [-2.70118342 -0.52182234 -0.03894304]
4 [-2.62007577 -0.46938192 -0.06141286]
5 [-1.52249529 -0.05750671  0.05231501]
6 [-1.67482606 -0.44042932  0.04329891]
7 [-2.08968495  0.01110969 -0.18260715]
8 [-1.32673713  0.4236663  -0.20308395]
9 [-1.07281551 -0.61021336  0.00635931]
10 [-0.68980146 -0.00550981 -0.00216194]
11 [-0.8207307  -0.10321478 -0.05094312]
12 [-0.82652242 -0.33637425  0.07985192]
13 [-0.56381493 -1.83569271 -0.11677336]
14 [-0.11460939 -1.77920341 -0.11935499]
15 [-0.86615619  0.0314168   0.29096377]
16 [ 0.3323913   1.36466409 -0.35127629]
17 [ 0.43166429  1.33431851 -0.04188507]
18 [0.42615048 1.32960364 0.12443849]
19 [ 0.67202344 -0.17838559 -0.22414165]
20 [1.36421841 0.10802434 0.05460193]
21 [ 1.8281625  -0.47240218  0.18315483]
22 [ 1.99352113 -0.29013807  0.13499385]
23 [2.05945288 0.04842612 0.05620251]
