-xyz
refined.xyz
-dens
../../cube_files/acrolein/1_SCAN_1_2_6_8_F/O.d.cube
-esp
../../cube_files/acrolein/1_SCAN_1_2_6_8_F/O.p.cube
-stepsize
0.2
-n_steps
1
-learning_rate
0.5
  -3.6302290201460150        2.3487996358037724       -1.0068569550607420     
  -3.4747270882332568        2.0195408365377139      -0.85639152039689193     
  -5.1044968786984581      -0.98610131054939887       -7.3591680523607150E-002
  -4.9512256275876672      -0.88700327771714960      -0.11605347715122155     
  -2.8770991269562702      -0.10867193041060499        9.8861048439256860E-002
  -3.1649625561715147      -0.83229078314184968        8.1823090120141662E-002
  -3.9489322370308511        2.0994279489265858E-002 -0.34507750702593609     
  -2.5071698144315149       0.80061326621312157      -0.38377303789961564     
  -2.0273274914932520       -1.1531361337393100        1.2017353248716008E-002
  -1.3035358442687737       -1.0412026049606600E-002  -4.0854765896589365E-003
  -1.5509562543617572      -0.19504766409468005       -9.6268551648703973E-002
  -1.5619010130933477      -0.63565521115451795       0.15089826733393424     
  -1.0654558010982329       -3.4689564635739947      -0.22066966749135325     
 -0.21658036227183700       -3.3622071748460614      -0.22554824576830845     
  -1.6367979746887438        5.9369155908841696E-002  0.54984183506284701     
  0.62812853175634198        2.5788413812828135      -0.66381598188192326     
  0.81572729383655651        2.5214965532458500       -7.9151314976474360E-002
  0.80530768902560157        2.5125867328027285       0.23515466367901630     
   1.2699402503877963      -0.33709990160804049      -0.42356633336274807     
   2.5779991624204532       0.20413640871448510       0.10318269460812965     
   3.4547264378115790      -0.89271074959098951       0.34611247144495272     
   3.7672089672941342      -0.54828149844822738       0.25510139606939153     
   3.8918019092977723        9.1512109168079420E-002  0.10620735919456106     
First
                         Total        1.474006580E+01
Step size:       0.20
Step size in Bohr:       0.38
Learning Rate:       1.00
# Steps:          1
                         Error  1        1.469605327E+01
                         Error        1.469605327E+01
