-xyz
refined.xyz
-dens
../../cube_files/fbutone/12_SCAN_1_2_6_8_F/N.d.cube
-esp
../../cube_files/fbutone/12_SCAN_1_2_6_8_F/N.p.cube
-stepsize
0.2
-n_steps
1
-learning_rate
0.5
   3.1826351807009856        3.2276223636639094       0.57755365347173393     
   2.8951151701225486        1.9159727765160208      -0.35333762896579346     
   3.0309521852864791        2.4991835119854278       -1.0795700968995154     
   2.6188519218455113        3.2536943214038594       -2.1204692623957948     
   6.0183219162949184        2.7928452500030581       0.38180064056909324     
   2.2074084658236597        3.2680214672286612        1.6719566068680025     
   2.7492531341740332        2.9476318560625883        1.0572790210535288     
   5.1142380566221028       -1.7102136513928858       0.45953045753361410     
   4.4066766096227887       -2.5457028615338255       0.18609582445548833     
   4.8146863420720010       -2.1287862468229739       0.35886621637941446     
   3.3447067708413769       0.16448840074930546       -8.8960497811492428E-002
   2.6119103963778301       -1.0752966056221427      -0.29796746049565537     
  0.38536935744161421       -2.4471150630485838      -0.56269277064381884     
  0.15063540903218070      -0.48727862420762735      -0.98627053603779480     
  0.21387039938374716       -3.6003787063027524      -0.40156267273407464     
  0.18873039238924069       -3.3415380824899161      -0.46079401828439265     
  0.17857527927896358       -1.4133117808266158       -2.8333107955272672     
   4.3679334592935028E-002 -0.73914388258994090       -2.8968491669853136     
  0.17846447384979483       -1.6229938955174184       -2.6259308950422930     
  -1.2440664247784634       0.61849878072889231      -0.18913109888545532     
  -1.4732460065055279      -0.18219566736740361       0.79254841687325317     
  -1.9517785586749008       0.12562244471054310        1.6799895471194315     
  -1.9106446028135609       0.13072220456233502        2.0512439049141094     
  -3.3839947416001057       -1.0180595687023959      -0.30584534108630285     
  -4.6234917766178283       -1.7635294679380131      -0.65094189932700131     
  -4.0791920379480802       -1.6263793380620941      -0.61627994640776507     
  -4.3945456436279047       -1.5056371550180376      -0.50547345587618819     
  -2.4436866869841207        3.0978608738467508       -1.2865970539506453     
  -2.3749707414341072        1.6634403411190195      -0.59935665844246910     
  -2.3513416828749163        2.3756943343432519      -0.99579504740225067     
First
                         Total        4.537392746E+00
Step size:       0.20
Step size in Bohr:       0.38
Learning Rate:       1.00
# Steps:          1
                         Error  1        4.465010547E+00
                         Error        4.465010547E+00
