{0, 1, 2, 3, 4, 5, 6, 7, 8, 9, 10} {0, 1, 3, 5, 6, 7}
Something is wrong with Atoms?
atom_charge_dict:  {3: [0, 1, 2, 3, 6], 0: [4, 5, 8], 1: [7, 9, 10, 11, 12, 13, 14], 6: [15, 16, 17], 5: [18], 7: [19, 20, 21, 22]}
3
3 [0, 1, 2, 3, 6] [-0.22113498  1.3522361   0.17085963]
3 [0, 1, 2, 3, 6] [-0.34822171  1.22039731  0.08068976]
3 [0, 1, 2, 3, 6] [-0.18965402 -0.63302129 -0.01653448]
3 [0, 1, 2, 3, 6] [-0.239432   -0.53964483 -0.01457145]
3 [0, 1, 2, 3, 6] [-0.52461698  0.11949932 -0.06838024]
2
1
1 [7, 9, 10, 11, 12, 13, 14] [ 0.81212675 -0.08620958  0.34448802]
1 [7, 9, 10, 11, 12, 13, 14] [ 0.11754834 -0.258115   -0.00556384]
1 [7, 9, 10, 11, 12, 13, 14] [ 0.18239554 -0.38100822  0.08602142]
1 [7, 9, 10, 11, 12, 13, 14] [ 0.1198892  -0.61180068 -0.02639665]
1 [7, 9, 10, 11, 12, 13, 14] [-0.36166928 -0.45702665 -0.23977398]
1 [7, 9, 10, 11, 12, 13, 14] [-0.36801097 -0.42878161 -0.25704749]
1 [7, 9, 10, 11, 12, 13, 14] [ 0.35700672 -0.33191497 -0.23713745]
4
2
1
5
5 [18] [0.07119124 0.50087574 0.12805552]
0
0 [4, 5, 8] [-0.05378372  0.56692448  0.04802901]
0 [4, 5, 8] [-0.06646768  0.14761068  0.01587803]
0 [4, 5, 8] [-0.63412673  0.24310225 -0.23195561]
6
6 [15, 16, 17] [-0.71156134  0.23011354  0.02043937]
6 [15, 16, 17] [-0.66023748  0.25908087 -0.30280892]
6 [15, 16, 17] [-0.58033519  0.27183982 -0.44519704]
7
7 [19, 20, 21, 22] [ 0.51235034  0.25544758 -0.17916414]
7 [19, 20, 21, 22] [ 0.095937   -0.30446157  0.08023862]
7 [19, 20, 21, 22] [-0.08686935 -0.13476357  0.05782234]
7 [19, 20, 21, 22] [-0.16245421  0.20481467 -0.0382411 ]
1
0
RMSD using the Kabsch algorithm: 0.6043736609968019
1 [2.15587731 0.6832045  0.68414332]
2 [2.02879057 0.55136571 0.59397346]
3 [ 2.18735826 -1.30205289  0.49674922]
4 [ 2.13758028 -1.20867643  0.49871225]
5 [ 1.35357468 -0.41193814  0.17236602]
6 [ 1.34089072 -0.83125193  0.14021505]
7 [ 1.8523953  -0.54953228  0.44490346]
8 [1.34449257 0.12890246 0.23729105]
9 [ 0.77323167 -0.73576036 -0.10761859]
10 [ 0.64991416 -0.04300296 -0.11276081]
11 [ 0.71476136 -0.16589618 -0.02117555]
12 [ 0.65225502 -0.39668865 -0.13359363]
13 [ 0.17069654 -0.24191462 -0.34697096]
14 [ 0.16435485 -0.21366957 -0.36424446]
15 [ 0.88937254 -0.11680293 -0.34433442]
16 [0.12674234 1.60666908 0.14456842]
17 [ 0.17806621  1.63563641 -0.17867987]
18 [ 0.25796849  1.64839536 -0.32106799]
19 [-0.64808572  0.38717889 -0.49670143]
20 [-1.33059376  0.07724141  0.1257667 ]
21 [-1.7470071  -0.48266774  0.38516946]
22 [-1.92981345 -0.31296975  0.36275318]
23 [-2.00539831  0.02660849  0.26668973]
