-xyz
refined.xyz
-dens
../../cube_files/acrolein/14_SCAN_1_2_6_8_F/O.d.cube
-esp
../../cube_files/acrolein/14_SCAN_1_2_6_8_F/O.p.cube
-stepsize
0.2
-n_steps
1
-learning_rate
0.5
   4.0740176680680946        1.2910693942575544        1.2928435128030824     
   3.8338585440051158        1.0419301809531254        1.1224471591534984     
   4.1335080461240867       -2.4605233650143452       0.93871997417478592     
   4.0394413021232252       -2.2840674321005858       0.94242956914827136     
   2.5578854441012067      -0.77845026261465411       0.32572457892932455     
   2.5339162206994570       -1.5708384964325088       0.26496803560839555     
   3.5005197939826922       -1.0384655006366252       0.84074568334669308     
   2.5407227270785953       0.24359034069625082       0.44841509352940123     
   1.4611960886112518       -1.3903855819456372      -0.20336966171593504     
   1.2281597641920237       -8.1263811739845052E-002 -0.21308704843592316     
   1.3507032177888769      -0.31349835301259082       -4.0015997410292069E-002
   1.2325833609844812      -0.74963289931421040      -0.25245536617597347     
  0.32256971848640309      -0.45715237034583278      -0.65568008301111269     
  0.31058566136847748      -0.40377696550499426      -0.68832226766800475     
   1.6806705319862709      -0.22072554280187856      -0.65069775456788748     
  0.23950832005700079        3.0361645402641044       0.27319471192084827     
  0.33649636320164666        3.0909048587533432      -0.33765601482262353     
  0.48748979564845007        3.1150157707471342      -0.60673057144823050     
  -1.2247045157185907       0.73166205822101960      -0.93862966015323679     
  -2.5144577940936332       0.14596510405276386       0.23766462181203024     
  -3.3013649653373518      -0.91210984503712433       0.72786479331748732     
  -3.6468189019126669      -0.59142710738849924       0.68550415488850569     
  -3.7896535834822167        5.0282762084282215E-002  0.50397055634980115     
First
                         Total        1.774467769E+01
Step size:       0.20
Step size in Bohr:       0.38
Learning Rate:       1.00
# Steps:          1
                         Error  1        1.769633454E+01
                         Error        1.769633454E+01
