-xyz
refined.xyz
-dens
/home/unibas/boittier/RDKit_G2/B.pdb/SCAN_1_2_3_4_S_36_10.0/10_SCAN/B.d.cube
-esp
/home/unibas/boittier/RDKit_G2/B.pdb/SCAN_1_2_3_4_S_36_10.0/10_SCAN/B.p.cube
-stepsize
0.2
-n_steps
0
-learning_rate
0.5
   3.5492284816847608        1.4628711853908274       -3.4134486921582599     
   3.5471578538370410      -0.55368577916131234      -0.40037290819625632     
   3.8506455873717957       -2.2835712552147083E-002  -1.4357082783566311E-002
   6.4152850327750590       -4.8966697665469211E-002  -2.0905728954418806E-002
   3.6270501195373730       0.57895719992141381       0.17049123958732609     
   1.4084214878117214       -1.2033865384749372       0.89608321519489875     
   1.0187781356344769       -1.2937005855143759       0.76832591247831428     
   2.3177256019902894      -0.81341443011730152        2.0149599849455644     
   2.3677016751078210      -0.33935654651118063        2.2476718575393630     
   2.3666766306424893       -1.2905336220104486        1.8191128168051822     
  -1.9204892523399699        3.2244485655434509        4.9253576103166843E-002
  -1.6922008865405298        2.4094636226565327       0.10648027764638242     
 -0.91993572967204396      -0.78125655993817189      -0.60125219148620512     
 -0.80895213076395400       -1.0761962642992122      -0.34069598731838469     
  -1.6437488203405759      -0.78814548344660451       0.50818750640131261     
  -1.2592237185009989       0.42600901290588922      -0.12241904742208880     
  -5.2520265143393594       -1.1926101991760938       -1.2134988919682519     
  -2.8266681100516311       -1.3152221956653873      -0.48003988113812091     
  -2.4085204286009736       -1.3689946922251928       -1.0541670983535143     
  -2.9348580107122664       -1.4522150092978583       0.20195240157549241     
  -1.8237843846974082       -4.3672162466111226      -0.38763282059557064     
First
                         Total        7.596151163E+00
Step size:       0.20
Step size in Bohr:       0.38
Learning Rate:       1.00
# Steps:          0
                         Error        7.596151163E+00
