-xyz
refined.xyz
-dens
../../cube_files/ester/3_SCAN_1_2_6_8_F/O.d.cube
-esp
../../cube_files/ester/3_SCAN_1_2_6_8_F/O.p.cube
-stepsize
0.2
-n_steps
200
-learning_rate
0.5
  -2.7716700296556511      -0.96806014298804832       0.61169259913402951     
  -2.9546434395696757      -0.84313812097122809        1.1472976865074946     
  -3.0350445233862233       -2.8229052487945485      -0.99993323709333737     
  -2.9327270152771976       -2.5563214820428857      -0.74107713045884560     
  -4.6449548189910965      -0.48231631868611835       0.35934555348715030     
  -4.1979385531768010      -0.62259064796343166       0.18519970282487278     
  -2.4437789714412248       -2.7688944213032936        2.7391363981348058     
  -1.2113496748849959        3.1969963357029201       0.12116780628311689     
 -0.44948688975394496        3.0566271649194583       -7.9206433590944481E-002
  -1.4699917074753484        2.9079308796000580       0.15835506740818658     
   4.0951835837702774E-002   3.3649462178526851E-002 -0.32612516770585098     
  -1.3388840814548055       0.25799492632502502       0.12779016248360070     
  -1.3640396227930873        9.7425047449400393E-002  0.67937669227899589     
  0.77231161807977200      -0.53421291039040009      -0.91783591195445835     
   1.4031503324860901      -0.92941588376887130      -0.63478294801183299     
   1.8700448613543976      -0.55381076342058133       -1.1872912722987015     
   1.1916939562850788      -0.81786740316802931       -1.5438924348460745     
   4.0691350187668096      -0.86568250376742506       0.20617232857193082     
   2.5304123185574929      -0.72949035301187681       0.39007685344403342     
   4.3557120612727864      -0.79417031553090800        8.3503417719125519E-002
   4.2211756881407849        1.5012220849476277       0.39354163190976155     
   4.2505065345371191        1.3757422959398107       0.25395132936538162     
   3.3544064601197805       -1.0515218209575987        1.6109709213677930     
   3.3571818857655984       -1.2831414973240693        2.2438043799709879     
First
                         Total        1.196387054E+00
Step size:       0.20
Step size in Bohr:       0.38
Learning Rate:       1.00
# Steps:        200
                         Error  1        1.180466594E+00
                         Error  2        1.165357579E+00
                         Error  3        1.151019215E+00
                         Error  4        1.137411859E+00
                         Error  5        1.124497102E+00
                         Error  6        1.112237837E+00
                         Error  7        1.100598306E+00
                         Error  8        1.089544137E+00
                         Error  9        1.079042369E+00
                         Error 10        1.069061466E+00
                         Error 11        1.059571318E+00
                         Error 12        1.050543231E+00
                         Error 13        1.041949915E+00
                         Error 14        1.033765461E+00
                         Error 15        1.025965309E+00
                         Error 16        1.018526218E+00
                         Error 17        1.011426223E+00
                         Error 18        1.004644596E+00
                         Error 19        9.981618025E-01
                         Error 20        9.919594500E-01
                         Error 21        9.860202449E-01
                         Error 22        9.803279411E-01
                         Error 23        9.748672922E-01
                         Error 24        9.696240019E-01
                         Error 25        9.645846759E-01
                         Error 26        9.597367743E-01
                         Error 27        9.550685651E-01
                         Error 28        9.505690789E-01
                         Error 29        9.462280648E-01
                         Error 30        9.420359485E-01
                         Error 31        9.379837916E-01
                         Error 32        9.340632525E-01
                         Error 33        9.302665493E-01
                         Error 34        9.265864246E-01
                         Error 35        9.230161113E-01
                         Error 36        9.195493014E-01
                         Error 37        9.161801156E-01
                         Error 38        9.129030744E-01
                         Error 39        9.097130719E-01
                         Error 40        9.066053500E-01
                         Error 41        9.035754750E-01
                         Error 42        9.006193151E-01
                         Error 43        8.977330196E-01
                         Error 44        8.949129992E-01
                         Error 45        8.921559080E-01
                         Error 46        8.894586261E-01
                         Error 47        8.868182436E-01
                         Error 48        8.842320459E-01
                         Error 49        8.816974998E-01
                         Error 50        8.792122406E-01
                         Error 51        8.767740596E-01
                         Error 52        8.743808937E-01
                         Error 53        8.720308141E-01
                         Error 54        8.697220173E-01
                         Error 55        8.674528158E-01
                         Error 56        8.652216299E-01
                         Error 57        8.630269794E-01
                         Error 58        8.608674774E-01
                         Error 59        8.587418227E-01
                         Error 60        8.566487940E-01
                         Error 61        8.545872443E-01
                         Error 62        8.525560950E-01
                         Error 63        8.505543319E-01
                         Error 64        8.485809998E-01
                         Error 65        8.466351984E-01
                         Error 66        8.447160790E-01
                         Error 67        8.428228400E-01
                         Error 68        8.409547242E-01
                         Error 69        8.391110153E-01
                         Error 70        8.372910353E-01
                         Error 71        8.354941416E-01
                         Error 72        8.337197247E-01
                         Error 73        8.319672058E-01
                         Error 74        8.302360347E-01
                         Error 75        8.285256879E-01
                         Error 76        8.268356667E-01
                         Error 77        8.251654958E-01
                         Error 78        8.235147212E-01
                         Error 79        8.218829094E-01
                         Error 80        8.202696456E-01
                         Error 81        8.186745326E-01
                         Error 82        8.170971898E-01
                         Error 83        8.155372519E-01
                         Error 84        8.139943681E-01
                         Error 85        8.124682013E-01
                         Error 86        8.109584269E-01
                         Error 87        8.094647323E-01
                         Error 88        8.079868162E-01
                         Error 89        8.065243876E-01
                         Error 90        8.050771656E-01
                         Error 91        8.036448787E-01
                         Error 92        8.022272640E-01
                         Error 93        8.008240670E-01
                         Error 94        7.994350413E-01
                         Error 95        7.980599474E-01
                         Error 96        7.966985533E-01
                         Error 97        7.953506335E-01
                         Error 98        7.940159687E-01
                         Error 99        7.926943457E-01
                         Error100        7.913855570E-01
                         Error101        7.900894006E-01
                         Error102        7.888056794E-01
                         Error103        7.875342016E-01
                         Error104        7.862747797E-01
                         Error105        7.850272310E-01
                         Error106        7.837913769E-01
                         Error107        7.825670430E-01
                         Error108        7.813540589E-01
                         Error109        7.801522578E-01
                         Error110        7.789614767E-01
                         Error111        7.777815559E-01
                         Error112        7.766123393E-01
                         Error113        7.754536739E-01
                         Error114        7.743054098E-01
                         Error115        7.731674001E-01
                         Error116        7.720395008E-01
                         Error117        7.709215708E-01
                         Error118        7.698134717E-01
                         Error119        7.687150676E-01
                         Error120        7.676262253E-01
                         Error121        7.665468139E-01
                         Error122        7.654767051E-01
                         Error123        7.644157728E-01
                         Error124        7.633638932E-01
                         Error125        7.623209446E-01
                         Error126        7.612868076E-01
                         Error127        7.602613648E-01
                         Error128        7.592445008E-01
                         Error129        7.582361023E-01
                         Error130        7.572360576E-01
                         Error131        7.562442574E-01
                         Error132        7.552605938E-01
                         Error133        7.542849608E-01
                         Error134        7.533172543E-01
                         Error135        7.523573718E-01
                         Error136        7.514052124E-01
                         Error137        7.504606769E-01
                         Error138        7.495236678E-01
                         Error139        7.485940891E-01
                         Error140        7.476718462E-01
                         Error141        7.467568461E-01
                         Error142        7.458489974E-01
                         Error143        7.449482100E-01
                         Error144        7.440543951E-01
                         Error145        7.431674656E-01
                         Error146        7.422873354E-01
                         Error147        7.414139201E-01
                         Error148        7.405471363E-01
                         Error149        7.396869020E-01
                         Error150        7.388331365E-01
                         Error151        7.379857602E-01
                         Error152        7.371446949E-01
                         Error153        7.363098634E-01
                         Error154        7.354811898E-01
                         Error155        7.346585993E-01
                         Error156        7.338420182E-01
                         Error157        7.330313739E-01
                         Error158        7.322265950E-01
                         Error159        7.314276111E-01
                         Error160        7.306343527E-01
                         Error161        7.298467516E-01
                         Error162        7.290647404E-01
                         Error163        7.282882528E-01
                         Error164        7.275172235E-01
                         Error165        7.267515880E-01
                         Error166        7.259912829E-01
                         Error167        7.252362457E-01
                         Error168        7.244864148E-01
                         Error169        7.237417295E-01
                         Error170        7.230021300E-01
                         Error171        7.222675573E-01
                         Error172        7.215379533E-01
                         Error173        7.208132608E-01
                         Error174        7.200934234E-01
                         Error175        7.193783853E-01
                         Error176        7.186680919E-01
                         Error177        7.179624890E-01
                         Error178        7.172615235E-01
                         Error179        7.165651427E-01
                         Error180        7.158732950E-01
                         Error181        7.151859294E-01
                         Error182        7.145029955E-01
                         Error183        7.138244438E-01
                         Error184        7.131502254E-01
                         Error185        7.124802921E-01
                         Error186        7.118145963E-01
                         Error187        7.111530914E-01
                         Error188        7.104957310E-01
                         Error189        7.098424696E-01
                         Error190        7.091932624E-01
                         Error191        7.085480650E-01
                         Error192        7.079068338E-01
                         Error193        7.072695257E-01
                         Error194        7.066360983E-01
                         Error195        7.060065097E-01
                         Error196        7.053807186E-01
                         Error197        7.047586843E-01
                         Error198        7.041403666E-01
                         Error199        7.035257260E-01
                         Error200        7.029147232E-01
                         Error        7.029147232E-01
