-xyz
refined.xyz
-dens
/home/unibas/boittier/RDKit_G2/B.pdb/SCAN_1_2_3_4_S_36_10.0/7_SCAN_1_2_3_4_F/B.d.cube
-esp
/home/unibas/boittier/RDKit_G2/B.pdb/SCAN_1_2_3_4_S_36_10.0/7_SCAN_1_2_3_4_F/B.p.cube
-stepsize
0.2
-n_steps
1
-learning_rate
0.5
   4.0828107725337155        1.7287448808202743      -0.55865548147212463     
   2.8188376747646156       -1.1598774818513922       -1.2379479094856762     
   5.5331152030148090       -2.5173044799348641       -1.1965808539822687     
   3.5055610675201176       -1.7315448070892256      -0.52963161673880688     
   3.2931806468782239       -1.3390389268130440       0.15219738319525694     
   1.9149533880845298       -2.1535774879523224        3.9176103376235172E-002
   1.0475683327279641       -1.1150368790851271      -0.83364527724790616     
   1.6897657188242221       -1.6611557044434804       0.23219680233302439     
   1.0142326921902729      -0.86740685233468462       0.11577662174679719     
  0.39236561318322144       -4.0879778978968053       0.16330487013590197     
 -0.13960225513622324        3.4675248489899650       0.59654246085099871     
 -0.30375372119436944        2.8105995875575962       0.46501837482969383     
 -0.62249509949561088        2.0891190592451747       0.64715786923420238     
 -0.22419253258652164        3.0988728131942702       0.70191001101789918     
 -0.85937361050060668        8.8545298377867301E-002  0.89360347561094911     
 -0.74730031128786645       0.87277482013311281       0.55671315644350972     
 -0.99957037166939278      -0.42875230398680864       0.72113088246100276     
  -1.4385245767791603        3.3075792119989289E-002  0.31220947612904937     
  -5.3042649993556692       -4.7503548103427440E-002  -1.0014180014921201     
  -2.4014867294608013      -0.48474573678067967       0.89383690041077768     
  -2.8173580408140362       -6.4647909855390401E-002  0.38737835914836355     
  -2.9877125882895674      -0.22893582731254089      -0.18025978221290151     
  -2.9538086337113358      -0.62336810352207750        5.0205921909767866E-002
  -4.0822048617168507       -1.0113511762398872        2.7603041688676586     
  -4.0319303903762300       -1.2580489761189644        2.5448889555858614     
First
                         Total        3.947360325E+00
Step size:       0.20
Step size in Bohr:       0.38
Learning Rate:       1.00
# Steps:          1
                         Error  1        3.910404746E+00
                         Error        3.910404746E+00
