-xyz
refined.xyz
-dens
/home/unibas/boittier/RDKit_G2/B.pdb/SCAN_1_2_3_4_S_36_10.0/31_SCAN/B.d.cube
-esp
/home/unibas/boittier/RDKit_G2/B.pdb/SCAN_1_2_3_4_S_36_10.0/31_SCAN/B.p.cube
-stepsize
0.2
-n_steps
1
-learning_rate
0.5
  -3.4139547358928066        2.2689422210165944        2.0179471450488387     
  -2.9414763301359312      -0.39620404531304587       0.76201474339107123     
  -2.8278495703343771       0.44885943703307157       0.17657493957252429     
  -5.7795331113870816       -1.0724057025066036       0.20359696296088362     
  -2.9935877843305114       0.41060764722686127      -0.13768868726424438     
 -0.99059321499005781       -1.0519368371802744      -0.74041354552239336     
  -1.7541042605558541       -3.2049892810906750       -1.8796901972789435     
  -2.5031124626846246       -1.5636650506307042      -0.79476291326624426     
  -1.9055261224151889       -1.2642085597206834      -0.74543486682321358     
   1.5561446348440189        1.6153771196174835      -0.31861410212638791     
   1.5254063270406184        1.8017358682408309      -0.35599584854983757     
   1.2895778926057777        3.2545940910455466      -0.23541059609411297     
   1.2366117101800971        2.5248390169855943      -0.21496896068666257     
  0.96448661460430030      -0.78717926520832837      -0.35962040572847459     
   1.2560930330119144      -0.48123443051843223      -0.63260872346461483     
   1.3238808349785303      -0.52071359108218529       0.64051322580082848     
   1.2147010001585736       0.61160196292573743      -0.21828944333365388     
   2.9293729417636731       -1.2594751021452988      -0.62301210399119844     
   2.4802318030569124       -1.0949317757013599        1.2145699431391037     
   5.0864662550675774      -0.36926421017920119       0.87245859512973167     
   2.8115012824819150       -3.7848320707619769       0.48930526176547579     
First
                         Total        5.012366346E-01
Step size:       0.20
Step size in Bohr:       0.38
Learning Rate:       1.00
# Steps:          1
                         Error  1        4.961798781E-01
                         Error        4.961798781E-01
