-xyz
refined.xyz
-dens
/home/unibas/boittier/RDKit_G2/B.pdb/SCAN_1_2_3_4_S_36_-10.0/11_SCAN_1_2_3_4_F/B.d.cube
-esp
/home/unibas/boittier/RDKit_G2/B.pdb/SCAN_1_2_3_4_S_36_-10.0/11_SCAN_1_2_3_4_F/B.p.cube
-stepsize
0.2
-n_steps
500
-learning_rate
0.5
  -3.3254202668560859        1.5956685741310048       -2.6243215476438815     
  -3.5281960569576074       0.59721321775902514       0.50953921328757057     
  -6.4044680545220292      -0.32964486354528932        5.2075790588991387E-002
  -4.0970456922670886      -0.36560605225148951        8.6685071287377999E-002
  -3.4750848686382856      -0.62561570074638639      -0.34678785438550436     
  -2.5982688207059872      -0.69287502620782948        1.3481417841173007     
  -1.8653748402497996      -0.66510402227382237       -8.4154523237651851E-002
  -2.0580056149605084      -0.68712957196359381        1.0982399965581691     
  -1.2117311211411861      -0.70077458224626854       0.64679733161683661     
  -1.9930949407382474       -2.1807496883712294        3.0995622768899533     
   2.5165880819420696       -2.4104022660660416      -0.46024192379772061     
   2.1357595830722151       -1.9504560442227379      -0.45618282049403491     
   1.8409980119185838       -1.2152364914409675      -0.23894165261061373     
   2.3521507607983887       -2.1349544417540600      -0.33589312723893650     
  0.74085124072702424       0.20471046590207426       0.35601183093035599     
   1.0517316728804997      -0.38044025338203458       -5.4115359977248277E-002
  0.38649280123850710       0.58514981878543881       0.32455718266817607     
  0.78159345024105864       0.62320044536220898      -0.24772554767372176     
   4.4769188189114306        2.5623148993004543      -0.49140325323493539     
   1.1880780827739721        1.7289470799438365       0.12496920559378215     
   1.9512267780260133        1.5629607701206749       0.41942168674915414     
   2.2362572753936880        1.4294929101367702       -2.3124627233227977E-002
   1.9510997772086949        1.7027125260652822      -0.14131615837691416     
   1.2120808933893847        4.1368427428011643        1.2561725773803949     
   1.2039150433473962        4.1223369839541517       0.92638095979976964     
First
                         Total        4.401544951E-01
Step size:       0.20
Step size in Bohr:       0.38
Learning Rate:       1.00
# Steps:        500
                         Error  1        4.382938482E-01
                         Error  2        4.365728758E-01
                         Error  3        4.349808266E-01
                         Error  4        4.335077140E-01
                         Error  5        4.321442715E-01
                         Error  6        4.308819103E-01
                         Error  7        4.297126768E-01
                         Error  8        4.286292123E-01
                         Error  9        4.276247144E-01
                         Error 10        4.266928992E-01
                         Error 11        4.258279664E-01
                         Error 12        4.250245649E-01
                         Error 13        4.242777616E-01
                         Error 14        4.235830108E-01
                         Error 15        4.229361262E-01
                         Error 16        4.223332540E-01
                         Error 17        4.217708481E-01
                         Error 18        4.212456470E-01
                         Error 19        4.207546515E-01
                         Error 20        4.202951051E-01
                         Error 21        4.198644747E-01
                         Error 22        4.194604333E-01
                         Error 23        4.190808436E-01
                         Error 24        4.187237432E-01
                         Error 25        4.183873304E-01
                         Error 26        4.180699514E-01
                         Error 27        4.177700884E-01
                         Error 28        4.174863486E-01
                         Error 29        4.172174542E-01
                         Error 30        4.169622328E-01
                         Error 31        4.167196087E-01
                         Error 32        4.164885956E-01
                         Error 33        4.162682883E-01
                         Error 34        4.160578570E-01
                         Error 35        4.158565403E-01
                         Error 36        4.156636401E-01
                         Error 37        4.154785160E-01
                         Error 38        4.153005805E-01
                         Error 39        4.151292951E-01
                         Error 40        4.149641654E-01
                         Error 41        4.148047383E-01
                         Error 42        4.146505980E-01
                         Error 43        4.145013629E-01
                         Error 44        4.143566831E-01
                         Error 45        4.142162373E-01
                         Error 46        4.140797308E-01
                         Error 47        4.139468930E-01
                         Error 48        4.138174756E-01
                         Error 49        4.136912506E-01
                         Error 50        4.135680084E-01
                         Error 51        4.134475569E-01
                         Error 52        4.133297192E-01
                         Error 53        4.132143329E-01
                         Error 54        4.131012488E-01
                         Error 55        4.129903295E-01
                         Error 56        4.128814489E-01
                         Error 57        4.127744908E-01
                         Error 58        4.126693481E-01
                         Error 59        4.125659226E-01
                         Error 60        4.124641235E-01
                         Error 61        4.123638671E-01
                         Error 62        4.122650765E-01
                         Error 63        4.121676805E-01
                         Error 64        4.120716135E-01
                         Error 65        4.119768148E-01
                         Error 66        4.118832285E-01
                         Error 67        4.117908027E-01
                         Error 68        4.116994894E-01
                         Error 69        4.116092443E-01
                         Error 70        4.115200261E-01
                         Error 71        4.114317968E-01
                         Error 72        4.113445207E-01
                         Error 73        4.112581650E-01
                         Error 74        4.111726990E-01
                         Error 75        4.110880942E-01
                         Error 76        4.110043238E-01
                         Error 77        4.109213631E-01
                         Error 78        4.108391888E-01
                         Error 79        4.107577793E-01
                         Error 80        4.106771142E-01
                         Error 81        4.105971743E-01
                         Error 82        4.105179418E-01
                         Error 83        4.104393999E-01
                         Error 84        4.103615325E-01
                         Error 85        4.102843249E-01
                         Error 86        4.102077628E-01
                         Error 87        4.101318329E-01
                         Error 88        4.100565225E-01
                         Error 89        4.099818196E-01
                         Error 90        4.099077127E-01
                         Error 91        4.098341911E-01
                         Error 92        4.097612443E-01
                         Error 93        4.096888626E-01
                         Error 94        4.096170363E-01
                         Error 95        4.095457566E-01
                         Error 96        4.094750147E-01
                         Error 97        4.094048024E-01
                         Error 98        4.093351115E-01
                         Error 99        4.092659345E-01
                         Error100        4.091972639E-01
                         Error101        4.091290925E-01
                         Error102        4.090614134E-01
                         Error103        4.089942199E-01
                         Error104        4.089275055E-01
                         Error105        4.088612640E-01
                         Error106        4.087954891E-01
                         Error107        4.087301750E-01
                         Error108        4.086653159E-01
                         Error109        4.086009061E-01
                         Error110        4.085369402E-01
                         Error111        4.084734127E-01
                         Error112        4.084103184E-01
                         Error113        4.083476523E-01
                         Error114        4.082854093E-01
                         Error115        4.082235846E-01
                         Error116        4.081621732E-01
                         Error117        4.081011706E-01
                         Error118        4.080405720E-01
                         Error119        4.079803731E-01
                         Error120        4.079205693E-01
                         Error121        4.078611563E-01
                         Error122        4.078021297E-01
                         Error123        4.077434855E-01
                         Error124        4.076852193E-01
                         Error125        4.076273273E-01
                         Error126        4.075698052E-01
                         Error127        4.075126493E-01
                         Error128        4.074558555E-01
                         Error129        4.073994201E-01
                         Error130        4.073433393E-01
                         Error131        4.072876093E-01
                         Error132        4.072322266E-01
                         Error133        4.071771874E-01
                         Error134        4.071224882E-01
                         Error135        4.070681255E-01
                         Error136        4.070140959E-01
                         Error137        4.069603958E-01
                         Error138        4.069070219E-01
                         Error139        4.068539709E-01
                         Error140        4.068012394E-01
                         Error141        4.067488243E-01
                         Error142        4.066967223E-01
                         Error143        4.066449302E-01
                         Error144        4.065934450E-01
                         Error145        4.065422634E-01
                         Error146        4.064913825E-01
                         Error147        4.064407993E-01
                         Error148        4.063905107E-01
                         Error149        4.063405138E-01
                         Error150        4.062908058E-01
                         Error151        4.062413837E-01
                         Error152        4.061922446E-01
                         Error153        4.061433859E-01
                         Error154        4.060948046E-01
                         Error155        4.060464982E-01
                         Error156        4.059984638E-01
                         Error157        4.059506988E-01
                         Error158        4.059032005E-01
                         Error159        4.058559664E-01
                         Error160        4.058089938E-01
                         Error161        4.057622801E-01
                         Error162        4.057158230E-01
                         Error163        4.056696198E-01
                         Error164        4.056236681E-01
                         Error165        4.055779655E-01
                         Error166        4.055325095E-01
                         Error167        4.054872978E-01
                         Error168        4.054423280E-01
                         Error169        4.053975978E-01
                         Error170        4.053531049E-01
                         Error171        4.053088469E-01
                         Error172        4.052648217E-01
                         Error173        4.052210271E-01
                         Error174        4.051774608E-01
                         Error175        4.051341206E-01
                         Error176        4.050910044E-01
                         Error177        4.050481101E-01
                         Error178        4.050054356E-01
                         Error179        4.049629788E-01
                         Error180        4.049207376E-01
                         Error181        4.048787100E-01
                         Error182        4.048368940E-01
                         Error183        4.047952877E-01
                         Error184        4.047538889E-01
                         Error185        4.047126959E-01
                         Error186        4.046717067E-01
                         Error187        4.046309194E-01
                         Error188        4.045903320E-01
                         Error189        4.045499429E-01
                         Error190        4.045097500E-01
                         Error191        4.044697516E-01
                         Error192        4.044299460E-01
                         Error193        4.043903313E-01
                         Error194        4.043509057E-01
                         Error195        4.043116676E-01
                         Error196        4.042726152E-01
                         Error197        4.042337468E-01
                         Error198        4.041950608E-01
                         Error199        4.041565554E-01
                         Error200        4.041182291E-01
                         Error201        4.040800802E-01
                         Error202        4.040421071E-01
                         Error203        4.040043082E-01
                         Error204        4.039666820E-01
                         Error205        4.039292269E-01
                         Error206        4.038919413E-01
                         Error207        4.038548237E-01
                         Error208        4.038178727E-01
                         Error209        4.037810868E-01
                         Error210        4.037444644E-01
                         Error211        4.037080041E-01
                         Error212        4.036717045E-01
                         Error213        4.036355641E-01
                         Error214        4.035995816E-01
                         Error215        4.035637556E-01
                         Error216        4.035280846E-01
                         Error217        4.034925674E-01
                         Error218        4.034572025E-01
                         Error219        4.034219887E-01
                         Error220        4.033869246E-01
                         Error221        4.033520089E-01
                         Error222        4.033172403E-01
                         Error223        4.032826176E-01
                         Error224        4.032481395E-01
                         Error225        4.032138047E-01
                         Error226        4.031796120E-01
                         Error227        4.031455601E-01
                         Error228        4.031116480E-01
                         Error229        4.030778743E-01
                         Error230        4.030442379E-01
                         Error231        4.030107376E-01
                         Error232        4.029773723E-01
                         Error233        4.029441408E-01
                         Error234        4.029110420E-01
                         Error235        4.028780748E-01
                         Error236        4.028452380E-01
                         Error237        4.028125305E-01
                         Error238        4.027799514E-01
                         Error239        4.027474994E-01
                         Error240        4.027151735E-01
                         Error241        4.026829728E-01
                         Error242        4.026508960E-01
                         Error243        4.026189423E-01
                         Error244        4.025871105E-01
                         Error245        4.025553998E-01
                         Error246        4.025238090E-01
                         Error247        4.024923372E-01
                         Error248        4.024609835E-01
                         Error249        4.024297467E-01
                         Error250        4.023986261E-01
                         Error251        4.023676207E-01
                         Error252        4.023367294E-01
                         Error253        4.023059514E-01
                         Error254        4.022752858E-01
                         Error255        4.022447317E-01
                         Error256        4.022142881E-01
                         Error257        4.021839542E-01
                         Error258        4.021537291E-01
                         Error259        4.021236119E-01
                         Error260        4.020936017E-01
                         Error261        4.020636978E-01
                         Error262        4.020338993E-01
                         Error263        4.020042052E-01
                         Error264        4.019746149E-01
                         Error265        4.019451275E-01
                         Error266        4.019157421E-01
                         Error267        4.018864580E-01
                         Error268        4.018572744E-01
                         Error269        4.018281904E-01
                         Error270        4.017992054E-01
                         Error271        4.017703186E-01
                         Error272        4.017415291E-01
                         Error273        4.017128363E-01
                         Error274        4.016842393E-01
                         Error275        4.016557375E-01
                         Error276        4.016273301E-01
                         Error277        4.015990165E-01
                         Error278        4.015707957E-01
                         Error279        4.015426673E-01
                         Error280        4.015146304E-01
                         Error281        4.014866844E-01
                         Error282        4.014588286E-01
                         Error283        4.014310623E-01
                         Error284        4.014033848E-01
                         Error285        4.013757955E-01
                         Error286        4.013482936E-01
                         Error287        4.013208786E-01
                         Error288        4.012935499E-01
                         Error289        4.012663066E-01
                         Error290        4.012391483E-01
                         Error291        4.012120743E-01
                         Error292        4.011850840E-01
                         Error293        4.011581767E-01
                         Error294        4.011313518E-01
                         Error295        4.011046088E-01
                         Error296        4.010779471E-01
                         Error297        4.010513660E-01
                         Error298        4.010248649E-01
                         Error299        4.009984433E-01
                         Error300        4.009721007E-01
                         Error301        4.009458364E-01
                         Error302        4.009196498E-01
                         Error303        4.008935405E-01
                         Error304        4.008675078E-01
                         Error305        4.008415513E-01
                         Error306        4.008156703E-01
                         Error307        4.007898644E-01
                         Error308        4.007641330E-01
                         Error309        4.007384755E-01
                         Error310        4.007128915E-01
                         Error311        4.006873805E-01
                         Error312        4.006619418E-01
                         Error313        4.006365751E-01
                         Error314        4.006112798E-01
                         Error315        4.005860555E-01
                         Error316        4.005609016E-01
                         Error317        4.005358176E-01
                         Error318        4.005108030E-01
                         Error319        4.004858575E-01
                         Error320        4.004609805E-01
                         Error321        4.004361715E-01
                         Error322        4.004114301E-01
                         Error323        4.003867558E-01
                         Error324        4.003621481E-01
                         Error325        4.003376067E-01
                         Error326        4.003131310E-01
                         Error327        4.002887206E-01
                         Error328        4.002643751E-01
                         Error329        4.002400941E-01
                         Error330        4.002158771E-01
                         Error331        4.001917236E-01
                         Error332        4.001676333E-01
                         Error333        4.001436058E-01
                         Error334        4.001196406E-01
                         Error335        4.000957373E-01
                         Error336        4.000718955E-01
                         Error337        4.000481148E-01
                         Error338        4.000243948E-01
                         Error339        4.000007352E-01
                         Error340        3.999771354E-01
                         Error341        3.999535952E-01
                         Error342        3.999301141E-01
                         Error343        3.999066918E-01
                         Error344        3.998833279E-01
                         Error345        3.998600219E-01
                         Error346        3.998367737E-01
                         Error347        3.998135826E-01
                         Error348        3.997904485E-01
                         Error349        3.997673710E-01
                         Error350        3.997443496E-01
                         Error351        3.997213840E-01
                         Error352        3.996984739E-01
                         Error353        3.996756190E-01
                         Error354        3.996528188E-01
                         Error355        3.996300731E-01
                         Error356        3.996073815E-01
                         Error357        3.995847437E-01
                         Error358        3.995621593E-01
                         Error359        3.995396280E-01
                         Error360        3.995171494E-01
                         Error361        3.994947234E-01
                         Error362        3.994723494E-01
                         Error363        3.994500273E-01
                         Error364        3.994277567E-01
                         Error365        3.994055372E-01
                         Error366        3.993833687E-01
                         Error367        3.993612507E-01
                         Error368        3.993391830E-01
                         Error369        3.993171652E-01
                         Error370        3.992951971E-01
                         Error371        3.992732784E-01
                         Error372        3.992514087E-01
                         Error373        3.992295878E-01
                         Error374        3.992078155E-01
                         Error375        3.991860913E-01
                         Error376        3.991644150E-01
                         Error377        3.991427864E-01
                         Error378        3.991212052E-01
                         Error379        3.990996710E-01
                         Error380        3.990781836E-01
                         Error381        3.990567428E-01
                         Error382        3.990353483E-01
                         Error383        3.990139997E-01
                         Error384        3.989926969E-01
                         Error385        3.989714396E-01
                         Error386        3.989502275E-01
                         Error387        3.989290604E-01
                         Error388        3.989079379E-01
                         Error389        3.988868599E-01
                         Error390        3.988658261E-01
                         Error391        3.988448363E-01
                         Error392        3.988238901E-01
                         Error393        3.988029874E-01
                         Error394        3.987821280E-01
                         Error395        3.987613114E-01
                         Error396        3.987405377E-01
                         Error397        3.987198064E-01
                         Error398        3.986991174E-01
                         Error399        3.986784704E-01
                         Error400        3.986578652E-01
                         Error401        3.986373016E-01
                         Error402        3.986167793E-01
                         Error403        3.985962981E-01
                         Error404        3.985758578E-01
                         Error405        3.985554582E-01
                         Error406        3.985350990E-01
                         Error407        3.985147801E-01
                         Error408        3.984945012E-01
                         Error409        3.984742621E-01
                         Error410        3.984540626E-01
                         Error411        3.984339024E-01
                         Error412        3.984137814E-01
                         Error413        3.983936994E-01
                         Error414        3.983736562E-01
                         Error415        3.983536515E-01
                         Error416        3.983336851E-01
                         Error417        3.983137569E-01
                         Error418        3.982938667E-01
                         Error419        3.982740142E-01
                         Error420        3.982541992E-01
                         Error421        3.982344216E-01
                         Error422        3.982146812E-01
                         Error423        3.981949778E-01
                         Error424        3.981753111E-01
                         Error425        3.981556811E-01
                         Error426        3.981360874E-01
                         Error427        3.981165300E-01
                         Error428        3.980970087E-01
                         Error429        3.980775232E-01
                         Error430        3.980580734E-01
                         Error431        3.980386590E-01
                         Error432        3.980192801E-01
                         Error433        3.979999362E-01
                         Error434        3.979806273E-01
                         Error435        3.979613533E-01
                         Error436        3.979421138E-01
                         Error437        3.979229088E-01
                         Error438        3.979037381E-01
                         Error439        3.978846016E-01
                         Error440        3.978654989E-01
                         Error441        3.978464301E-01
                         Error442        3.978273949E-01
                         Error443        3.978083931E-01
                         Error444        3.977894246E-01
                         Error445        3.977704893E-01
                         Error446        3.977515869E-01
                         Error447        3.977327174E-01
                         Error448        3.977138805E-01
                         Error449        3.976950761E-01
                         Error450        3.976763041E-01
                         Error451        3.976575643E-01
                         Error452        3.976388565E-01
                         Error453        3.976201806E-01
                         Error454        3.976015364E-01
                         Error455        3.975829239E-01
                         Error456        3.975643428E-01
                         Error457        3.975457930E-01
                         Error458        3.975272743E-01
                         Error459        3.975087867E-01
                         Error460        3.974903299E-01
                         Error461        3.974719038E-01
                         Error462        3.974535084E-01
                         Error463        3.974351433E-01
                         Error464        3.974168086E-01
                         Error465        3.973985041E-01
                         Error466        3.973802296E-01
                         Error467        3.973619849E-01
                         Error468        3.973437701E-01
                         Error469        3.973255848E-01
                         Error470        3.973074291E-01
                         Error471        3.972893027E-01
                         Error472        3.972712055E-01
                         Error473        3.972531375E-01
                         Error474        3.972350984E-01
                         Error475        3.972170881E-01
                         Error476        3.971991066E-01
                         Error477        3.971811537E-01
                         Error478        3.971632292E-01
                         Error479        3.971453331E-01
                         Error480        3.971274651E-01
                         Error481        3.971096253E-01
                         Error482        3.970918134E-01
                         Error483        3.970740294E-01
                         Error484        3.970562732E-01
                         Error485        3.970385445E-01
                         Error486        3.970208433E-01
                         Error487        3.970031695E-01
                         Error488        3.969855230E-01
                         Error489        3.969679036E-01
                         Error490        3.969503112E-01
                         Error491        3.969327458E-01
                         Error492        3.969152071E-01
                         Error493        3.968976951E-01
                         Error494        3.968802097E-01
                         Error495        3.968627508E-01
                         Error496        3.968453183E-01
                         Error497        3.968279119E-01
                         Error498        3.968105318E-01
                         Error499        3.967931776E-01
                         Error500        3.967758494E-01
                         Error        3.967758494E-01
