-xyz
refined.xyz
-dens
../../cube_files/fbutone/4_SCAN_1_2_6_8_F/N.d.cube
-esp
../../cube_files/fbutone/4_SCAN_1_2_6_8_F/N.p.cube
-stepsize
0.2
-n_steps
100
-learning_rate
0.5
   5.9118419486308209       -1.8992227753409237      -0.39201970535942277     
   4.5750733639981487       -1.2583124000865922       0.28768492247193261     
   4.9850208116059767       -1.4899678276650115        1.1443625411410361     
   5.1442597153302891       -2.2116864132110234        2.2282683583980720     
   7.3243585503618585       0.58458954987625333       -2.8130715172016613E-002
   5.4926890006905005       -2.7348891959883117       -1.5372225909325357     
   5.4999705965058157       -2.0762362215552463      -0.91116520326397876     
   3.2263797746817713        2.7765393334659936        7.0063591415787524E-003
   2.1179927043907498        2.7122304955290097      -0.14223306315128151     
   2.7025917135910702        2.8062859211024413       -7.5853688274754735E-002
   3.5454396389320850       0.17663256492077009      -0.15436537520674559     
   2.1055007436225530       0.39000373249120102      -0.15491004413343626     
  0.62049013219534188       -2.2234273926390093        7.0265618017450404E-002
   1.1674287448197627       -2.1101232250408790      -0.51642699721488428     
  0.58501063137584453       -3.2996570088106743       0.54158007424435595     
  0.50077635684872734       -3.0417800862712618       0.44961230146227338     
  0.36154658376920612       -1.9091825860558367       -2.3640728954214247     
  0.13336463454097747       -1.2955250713441435       -2.6243433830909368     
  0.35458102359484683       -2.0237495572375668       -2.1015669486334394     
  -1.4110622508006860       0.59770403237675340      -0.38531240208214218     
  -1.5654914750177868        6.6917752823332469E-002  0.77313323421186297     
  -2.1381298478814350       0.46330663589130461        1.5576425067409669     
  -2.1185414511380825       0.54317306253881470        1.9452070507016845     
  -3.2923117910102078       -1.3149877675853530       -9.6034047909768994E-002
  -4.3895532423544097       -2.3027274493204835      -0.25927430707739174     
  -3.8937160064431997       -2.0808734714477968      -0.25012772865743732     
  -4.2241170520307900       -1.9883328637734576      -0.17461860673702886     
  -2.8847561321552919        2.5206771700583421       -2.0460743236309438     
  -2.6448911489540685        1.3322586090027924       -1.0182120723271140     
  -2.7151451264723407        1.8936591175220416       -1.5685301452012315     
First
                         Total        1.211557779E+00
Step size:       0.20
Step size in Bohr:       0.38
Learning Rate:       1.00
# Steps:        100
                         Error  1        1.190743487E+00
                         Error  2        1.170817132E+00
                         Error  3        1.151744104E+00
                         Error  4        1.133490064E+00
                         Error  5        1.116021065E+00
                         Error  6        1.099303671E+00
                         Error  7        1.083305049E+00
                         Error  8        1.067993055E+00
                         Error  9        1.053336314E+00
                         Error 10        1.039304276E+00
                         Error 11        1.025867275E+00
                         Error 12        1.012996566E+00
                         Error 13        1.000664366E+00
                         Error 14        9.888438689E-01
                         Error 15        9.775092732E-01
                         Error 16        9.666357847E-01
                         Error 17        9.561996229E-01
                         Error 18        9.461780181E-01
                         Error 19        9.365492036E-01
                         Error 20        9.272924033E-01
                         Error 21        9.183878155E-01
                         Error 22        9.098165930E-01
                         Error 23        9.015608199E-01
                         Error 24        8.936034870E-01
                         Error 25        8.859284635E-01
                         Error 26        8.785204691E-01
                         Error 27        8.713650428E-01
                         Error 28        8.644485126E-01
                         Error 29        8.577579637E-01
                         Error 30        8.512812065E-01
                         Error 31        8.450067447E-01
                         Error 32        8.389237436E-01
                         Error 33        8.330219987E-01
                         Error 34        8.272919049E-01
                         Error 35        8.217244260E-01
                         Error 36        8.163110658E-01
                         Error 37        8.110438387E-01
                         Error 38        8.059152427E-01
                         Error 39        8.009182323E-01
                         Error 40        7.960461929E-01
                         Error 41        7.912929161E-01
                         Error 42        7.866525759E-01
                         Error 43        7.821197067E-01
                         Error 44        7.776891810E-01
                         Error 45        7.733561894E-01
                         Error 46        7.691162213E-01
                         Error 47        7.649650460E-01
                         Error 48        7.608986954E-01
                         Error 49        7.569134477E-01
                         Error 50        7.530058115E-01
                         Error 51        7.491725113E-01
                         Error 52        7.454104734E-01
                         Error 53        7.417168130E-01
                         Error 54        7.380888219E-01
                         Error 55        7.345239570E-01
                         Error 56        7.310198293E-01
                         Error 57        7.275741939E-01
                         Error 58        7.241849402E-01
                         Error 59        7.208500834E-01
                         Error 60        7.175677558E-01
                         Error 61        7.143361991E-01
                         Error 62        7.111537569E-01
                         Error 63        7.080188684E-01
                         Error 64        7.049300612E-01
                         Error 65        7.018859460E-01
                         Error 66        6.988852107E-01
                         Error 67        6.959266154E-01
                         Error 68        6.930089873E-01
                         Error 69        6.901312163E-01
                         Error 70        6.872922511E-01
                         Error 71        6.844910946E-01
                         Error 72        6.817268009E-01
                         Error 73        6.789984714E-01
                         Error 74        6.763052519E-01
                         Error 75        6.736463298E-01
                         Error 76        6.710209308E-01
                         Error 77        6.684283170E-01
                         Error 78        6.658677839E-01
                         Error 79        6.633386586E-01
                         Error 80        6.608402978E-01
                         Error 81        6.583720854E-01
                         Error 82        6.559334313E-01
                         Error 83        6.535237693E-01
                         Error 84        6.511425559E-01
                         Error 85        6.487892683E-01
                         Error 86        6.464634041E-01
                         Error 87        6.441644789E-01
                         Error 88        6.418920258E-01
                         Error 89        6.396455945E-01
                         Error 90        6.374247498E-01
                         Error 91        6.352290707E-01
                         Error 92        6.330581501E-01
                         Error 93        6.309115935E-01
                         Error 94        6.287890185E-01
                         Error 95        6.266900537E-01
                         Error 96        6.246143387E-01
                         Error 97        6.225615230E-01
                         Error 98        6.205312658E-01
                         Error 99        6.185232351E-01
                         Error100        6.165371076E-01
                         Error        6.165371076E-01
