-xyz
refined.xyz
-dens
/home/unibas/boittier/RDKit_G2/B.pdb/SCAN_1_2_3_4_S_36_10.0/8_SCAN_1_2_3_4_F/B.d.cube
-esp
/home/unibas/boittier/RDKit_G2/B.pdb/SCAN_1_2_3_4_S_36_10.0/8_SCAN_1_2_3_4_F/B.p.cube
-stepsize
0.2
-n_steps
1
-learning_rate
0.5
   4.1871413885323578        1.4251760489421512      -0.77099880396228415     
   2.7107000618668695       -1.4008643388625064       -1.1594853392400408     
   5.3059075749222826       -2.9669919668734033       -1.0064860240876763     
   3.3514850033748922       -1.9694369854099867      -0.40729008586335275     
   3.1749852076455558       -1.5086165037326924       0.24135719884232895     
   1.7342752008317466       -2.2150011955121154       0.18953927754157057     
  0.91056501723735461       -1.1529292564302775      -0.80733589813151574     
   1.5513774701010732       -1.6921165919289420       0.34321944043138913     
  0.93188545238029574      -0.85867987070800222       0.12878917352359479     
   5.9817968138197328E-002  -4.0022571654808230       0.46202444318161551     
  0.17293413889488046        3.5805003565579256       0.42680334986903395     
  -4.9717874873468612E-002   2.9342321666982381       0.33390440982160408     
 -0.42443798352528495        2.2537661314794515       0.56160018733867956     
   6.2841388998299205E-002   3.2252761488108770       0.55335578760921422     
 -0.82034443107686505       0.30889582461899612       0.91562728594982801     
 -0.64833515253446394        1.0616241026594999       0.53415034443874287     
  -1.0154380285098619      -0.20018732970770847       0.77452090865550727     
  -1.4228595217205122       0.28040664488662265       0.35624663026331188     
  -5.3253763017874380      -0.15195135686327418       -1.0135838219688884     
  -2.4090392394644220      -0.11339098881418369       0.99361103961566299     
  -2.8155450838677787       0.13376377920325094       0.31369333491928902     
  -3.0085751081798682      -0.18835763054013208      -0.17408062276673666     
  -2.9940807643012222      -0.49214186284619577       0.16951985543453013     
  -4.0849692912234090        6.5484691398213946E-002   2.8667786194711282     
  -4.0550260146654669      -0.23904416121530631        2.7395475385470776     
First
                         Total        3.842260972E+00
Step size:       0.20
Step size in Bohr:       0.38
Learning Rate:       1.00
# Steps:          1
                         Error  1        3.811010475E+00
                         Error        3.811010475E+00
