Running in analysis mode

Reading "/home/unibas/boittier/RDKit_G2/B.pdb/SCAN_1_2_3_4_S_36_10.0/3_SCAN/B.p.cube"...

  B.pdb Potential
  Electrostatic potential from Total SCF Density
   10   -9.665719   -7.830613   -6.862400
  120    0.166667    0.000000    0.000000
   91    0.000000    0.166667    0.000000
   83    0.000000    0.000000    0.166667
    6    6.000000   -3.152966   -1.317861    0.265726
    6    6.000000   -0.986303   -0.110798   -0.155099
    6    6.000000    1.525631   -1.225928   -0.349648
    6    6.000000    3.663126   -0.047568    0.292985
    1    1.000000   -4.898709   -0.290502    0.535288
    1    1.000000   -3.190003   -3.359929    0.310093
    9    9.000000   -0.988584    2.464594   -0.155934
    1    1.000000    1.554128   -3.213627   -0.857387
    1    1.000000    3.674472    1.919818    0.858937
    1    1.000000    5.460436   -1.024173    0.232695
  1.22793E-03  1.27308E-03  1.31955E-03  1.36735E-03  1.41648E-03  1.46693E-03
       .            .            .            .            .            .
       .            .            .            .            .            .
       .            .            .            .            .            .
  2.14999E-04  1.95487E-04  1.76134E-04  1.57002E-04  1.38145E-04  1.19614E-04

752446 out of 906360 gridpoints are considered (83.0%).

...done!

Reading "21charges.cube"...

  Fitted ESP
  Electrostatic potential fitted from 21 point charges.
   10   -9.665719   -7.830613   -6.862400
  120    0.166667    0.000000    0.000000
   91    0.000000    0.166667    0.000000
   83    0.000000    0.000000    0.166667
    6    6.000000   -3.152966   -1.317861    0.265726
    6    6.000000   -0.986303   -0.110798   -0.155099
    6    6.000000    1.525631   -1.225928   -0.349648
    6    6.000000    3.663126   -0.047568    0.292985
    1    1.000000   -4.898709   -0.290502    0.535288
    1    1.000000   -3.190003   -3.359929    0.310093
    9    9.000000   -0.988584    2.464594   -0.155934
    1    1.000000    1.554128   -3.213627   -0.857387
    1    1.000000    3.674472    1.919818    0.858937
    1    1.000000    5.460436   -1.024173    0.232695
  1.43388E-03  1.47990E-03  1.52709E-03  1.57543E-03  1.62493E-03  1.67556E-03
       .            .            .            .            .            .
       .            .            .            .            .            .
       .            .            .            .            .            .
  5.69600E-05  3.96584E-05  2.25288E-05  5.62682E-06 -1.09971E-05 -2.72980E-05

752446 out of 906360 gridpoints are considered (83.0%).

...done!

                       Measure       RMSE[kcal/mol/e]   MaxError[kcal/mol/e]   NPoints
                         Total        4.321969818E-01        4.565507893E+00    752446
Close (  1.20 < r <   1.66 )          8.631512699E-01        4.565507893E+00    154971
Mid-range ( 1.66 < r <  2.20)         2.569344010E-01        8.022708561E-01    275748
Far-range (  2.20         < r)        1.463507882E-01        5.407751102E-01    321727
Did analysis and wrote slice data
