-xyz
refined.xyz
-dens
/home/unibas/boittier/RDKit_G2/B.pdb/SCAN_1_2_3_4_S_36_10.0/3_SCAN/B.d.cube
-esp
/home/unibas/boittier/RDKit_G2/B.pdb/SCAN_1_2_3_4_S_36_10.0/3_SCAN/B.p.cube
-stepsize
0.2
-n_steps
1
-learning_rate
0.5
   3.6373345389225875        2.6329858433525253       0.96991462551227492     
   3.1455938647654058       -2.3251607906656490E-002 -0.36005084330876669     
   2.7493454470272853       0.19422466739685479       0.57025789832123264     
   5.7462218847427735       -1.2415463242635281       0.18350438569236052     
   2.8080973284431803       -7.2703695593262466E-002  0.80045661164542903     
  0.96615464157485631       -1.1782623914159083       -6.7099985169209203E-002
   1.5002518415537249       -3.6658245423024147      -0.95026979410143442     
   2.4101489607192801       -1.8039051356411275      -0.34275494293132402     
   1.8405071939732491       -1.4598480287635645      -0.26306902839086577     
  -1.4019271479685285        1.6586903439010439        3.6155027883502826E-002
  -1.3513080304875771        1.8426815809556769        6.1782188344604513E-002
  -1.0532739596468699        3.2751012626321496      -0.13897243136081100     
  -1.0546156130068860        2.5433300911186070      -0.15555246643578177     
 -0.97633055786745171      -0.77457091927398669       -6.6196865051548794E-003
  -1.1780126983587083      -0.44773159230998449       0.31843344039402660     
  -1.5335482721300149      -0.48936863945236475      -0.90584352990480943     
  -1.1589850852767580       0.63736214982155626      -0.11731266668600526     
  -2.6537658987846391       -1.0646388333098173        1.1639219007980708     
  -2.9678843904243974       -1.0290438910735058      -0.70839554610797950     
  -5.1765246663738758       -7.9393507798233315E-002  0.57740185535813948     
  -3.1272481914144561       -3.6434437032971116       0.29629644642324032     
First
                         Total        4.354626871E-01
Step size:       0.20
Step size in Bohr:       0.38
Learning Rate:       1.00
# Steps:          1
                         Error  1        4.321966534E-01
                         Error        4.321966534E-01
