-xyz
refined.xyz
-dens
/home/unibas/boittier/RDKit_G2/B.pdb/SCAN_1_2_3_4_S_36_10.0/18_SCAN/B.d.cube
-esp
/home/unibas/boittier/RDKit_G2/B.pdb/SCAN_1_2_3_4_S_36_10.0/18_SCAN/B.p.cube
-stepsize
0.2
-n_steps
10
-learning_rate
0.5
   4.0315989783314210        2.9870258618561079       -7.0839352764798455E-002
   3.4824047992364973      -0.53672818114051979      -0.77853193730132353     
   3.7376284080656608      -0.71974052609330597      -0.12626585917256389     
   6.2583462986576270       -1.1371292667017303      -0.21826692649614021     
   3.5107424884636154      -0.59707075909165397       0.49056018908104410     
   1.7389894034764266      -0.32000967782721540      -0.15556602819013665     
   1.4375753385118986       -3.9208401682976617E-002 -0.12864627048890218     
   1.8683767048483093       -2.6339094985355893       -6.5658586848768200E-002
   1.9043930429248670       -2.6458639370168497       0.46345639768995378     
   1.9380168813680501       -2.6508341078091036      -0.57929465650259382     
  -3.4409055126655650       -2.2821696253598813       0.44313045162388531     
  -2.8019324173391391       -1.7480152164692049       0.26615647899263717     
 -0.67297952185815135       0.76667886898003923       0.76764067121528434     
 -0.39155404996691240       0.90721487586347116       0.52668844600483733     
  -1.0864079853961957       0.92834916864767014      -0.48009488118771732     
  -1.4825891274054033      -0.22018308536633963       0.28272382876948937     
  -4.2705706712651681        3.2027918129048829      -0.59635778095247938     
  -2.0170333588178422        2.0493573454645992      -0.39174509910088490     
  -1.7780581372238489        2.1284631076343206       0.27451464010440113     
  -1.8696343776178268        2.0083721193309811       -1.0806523683795564     
  0.38820904456216021        4.2380912551892749       0.21449387419511493     
First
                         Total        8.090740395E+00
Step size:       0.20
Step size in Bohr:       0.38
Learning Rate:       1.00
# Steps:         10
                         Error  1        8.045479947E+00
                         Error  2        8.000431249E+00
                         Error  3        7.955596416E+00
                         Error  4        7.910977571E+00
                         Error  5        7.866576839E+00
                         Error  6        7.822396349E+00
                         Error  7        7.778438235E+00
                         Error  8        7.734704629E+00
                         Error  9        7.691197665E+00
                         Error 10        7.647919480E+00
                         Error        7.647919480E+00
