-xyz
refined.xyz
-dens
/home/unibas/boittier/RDKit_G2/B.pdb/SCAN_1_2_3_4_S_36_10.0/7_SCAN_1_2_3_4_F/B.d.cube
-esp
/home/unibas/boittier/RDKit_G2/B.pdb/SCAN_1_2_3_4_S_36_10.0/7_SCAN_1_2_3_4_F/B.p.cube
-stepsize
0.2
-n_steps
50
-learning_rate
0.5
  -3.1783874784887529        1.0618303647751468       -2.8503201364385902     
  -3.4607841977844003       0.40725998659025059       0.27959301194492536     
  -6.3382493832599440      -0.52373036393547945       -3.8328666399420515E-002
  -4.0670978321178968      -0.53468416503163618       0.12480114508112894     
  -3.4852313184864152      -0.94833477308123093      -0.32233568827113035     
  -2.7537384703359775      -0.89758976144951452       0.91115545442582035     
  -1.4464267806550362      -0.37323076409764128        1.7604603546294979     
  -2.2995635293210044      -0.61191404189915777       0.67529457398807646     
  -1.3284549748127445      -0.23138949512422491       0.81635721439468145     
  -2.1275564503269413       -1.9320779837324273        3.2932875228467005     
   1.7397479016410420        2.9661441882314792        7.4427364228737594E-002
   1.6005283809653201        2.3283468923374939       0.25725596901815856     
   1.5196098360519013        1.5284126437002923       0.11314033813080682     
   1.6619336803134777        2.6025679836197244        6.0519369642566467E-003
  0.77275227645838807      -0.36563418273914838        4.9069598209929271E-003
   1.0418141541408323       0.39369708204548276       0.28567312658626892     
  0.63500446794673471      -0.86563876778551885       0.21680578164368819     
   1.2606338307488829      -0.65386828839096489       0.58924831912260112     
   5.0851764567144588       -1.1186281876348585      -0.94421819536087903     
   1.8149823772444285       -1.6041479716341223        2.4011536003393022E-002
   2.2582397720163212       -1.2097532781065687      -0.64031520577360734     
   2.6962291931573983      -0.91162429769274700      -0.34477163803751143     
   2.6057031301582541       -1.2655075470128245       -8.1312947275240216E-002
   2.2224474469716280       -4.0263365204015287       -1.0994132987554750     
   2.3261819885964332       -3.9460878775080031      -0.78067384063741385     
First
                         Total        6.690620607E-01
Step size:       0.20
Step size in Bohr:       0.38
Learning Rate:       1.00
# Steps:         50
                         Error  1        6.661972409E-01
                         Error  2        6.634828481E-01
                         Error  3        6.609080783E-01
                         Error  4        6.584629005E-01
                         Error  5        6.561380076E-01
                         Error  6        6.539247701E-01
                         Error  7        6.518151907E-01
                         Error  8        6.498018623E-01
                         Error  9        6.478779275E-01
                         Error 10        6.460370402E-01
                         Error 11        6.442733304E-01
                         Error 12        6.425813695E-01
                         Error 13        6.409561390E-01
                         Error 14        6.393930005E-01
                         Error 15        6.378876680E-01
                         Error 16        6.364361816E-01
                         Error 17        6.350348833E-01
                         Error 18        6.336803945E-01
                         Error 19        6.323695947E-01
                         Error 20        6.310996018E-01
                         Error 21        6.298677543E-01
                         Error 22        6.286715941E-01
                         Error 23        6.275088507E-01
                         Error 24        6.263774273E-01
                         Error 25        6.252753866E-01
                         Error 26        6.242009390E-01
                         Error 27        6.231524308E-01
                         Error 28        6.221283334E-01
                         Error 29        6.211272341E-01
                         Error 30        6.201478266E-01
                         Error 31        6.191889024E-01
                         Error 32        6.182493439E-01
                         Error 33        6.173281164E-01
                         Error 34        6.164242622E-01
                         Error 35        6.155368942E-01
                         Error 36        6.146651905E-01
                         Error 37        6.138083891E-01
                         Error 38        6.129657834E-01
                         Error 39        6.121367176E-01
                         Error 40        6.113205830E-01
                         Error 41        6.105168140E-01
                         Error 42        6.097248848E-01
                         Error 43        6.089443063E-01
                         Error 44        6.081746235E-01
                         Error 45        6.074154122E-01
                         Error 46        6.066662771E-01
                         Error 47        6.059268494E-01
                         Error 48        6.051967847E-01
                         Error 49        6.044757613E-01
                         Error 50        6.037634780E-01
                         Error        6.037634780E-01
