-xyz
refined.xyz
-dens
/home/unibas/boittier/RDKit_G2/B.pdb/SCAN_1_2_3_4_S_36_-10.0/23_SCAN_1_2_3_4_F/B.d.cube
-esp
/home/unibas/boittier/RDKit_G2/B.pdb/SCAN_1_2_3_4_S_36_-10.0/23_SCAN_1_2_3_4_F/B.p.cube
-stepsize
0.2
-n_steps
5
-learning_rate
0.5
   3.4769446311916545        2.1159156389155616       -2.0479111858989989     
   3.3837794293391594      -0.74315759099289647      -0.70982288762440182     
   6.3603367817883543      -0.65637668229940838        6.2361964486111143E-002
   4.0863137193120904      -0.52881883396244422       0.18221391640519358     
   3.6532817213397832        9.7293833665655263E-002  0.48057969480376239     
   2.7259275545043380       -1.0811744454181058       0.58823564970955100     
   1.3175392438849329       -1.1058199080428588        1.4840578586686421     
   2.1843745152947993       -1.0619085272677480       0.39838794033765773     
   1.1483810039174207      -0.99729905394579266       0.51159572466486125     
   1.8447508300175548       -2.9825868702695306        2.3315207058942944     
  -2.9871175494856996       -2.2727980260175951      -0.49532455509454831     
  -2.5769150159378231       -1.8010489232997793      -0.22363568672745335     
  -2.1475215294273373       -1.1133346017829295      -0.21819952519774352     
  -2.7551018042783277       -1.9659896483634669      -0.51726475270811667     
 -0.63026517600804000       0.24925057428948991       -4.7362398116500129E-002
  -1.2156538810012705      -0.36697188062668767       0.10866780931762512     
 -0.28649865098476524       0.57535831705021634       0.22355451659434891     
 -0.93587055475396308       0.59835047841149425       0.62486813974283029     
  -4.1928802272609031        2.9771069977068456      -0.23300304992945056     
  -1.0381358300962469        1.7620562238379440       0.41633898857200891     
  -1.6024643142267632        1.7971094518113342      -0.26156774701529645     
  -2.1347312019064395        1.6345200115070608       -4.4620740360360768E-003
  -1.8911983308912061        1.8309704239923568       0.33506895877166215     
 -0.34769998864356177        4.3409002939858556        2.5909140045511741E-002
 -0.47437050616928056        4.2261248846184447       0.31003584357268010     
First
                         Total        8.283590996E-01
Step size:       0.20
Step size in Bohr:       0.38
Learning Rate:       1.00
# Steps:          5
                         Error  1        8.219006006E-01
                         Error  2        8.158064355E-01
                         Error  3        8.100501322E-01
                         Error  4        8.046069893E-01
                         Error  5        7.994539913E-01
                         Error        7.994539913E-01
