-xyz
refined.xyz
-dens
../../cube_files/fbuta/16_SCAN_1_2_3_4_F/B.d.cube
-esp
../../cube_files/fbuta/16_SCAN_1_2_3_4_F/B.p.cube
-stepsize
0.2
-n_steps
100
-learning_rate
0.5
  -3.4270599186025397        2.2305106544062450        1.4704926430888088     
  -3.2520207122516007      -0.85193902264050425       0.84149040469476943     
  -6.2259034047313673       -1.1243344556278887       0.24408960158502113     
  -3.9495140001622309      -0.93480186381248764        4.0531032082580631E-002
  -3.6009694479011909      -0.32060010300167613      -0.53245059307444342     
  -2.5146741198397149       -1.5504686151159386      -0.82103780538312743     
  -1.7064444580493263      -0.85134431308197911       0.43912110983592895     
  -2.0170068694863419       -1.2797926000969080      -0.80402790871422469     
  -1.2934036704180230      -0.67240203097141016      -0.43227700364740762     
  -1.6997718586887764       -3.7462412506815821       -1.6281526333993537     
   1.2106364640128842        3.0046907318367890      -0.20456372688505217     
   1.0977902145504723        2.3693618800097687       -7.7260447323342585E-002
   1.2283296129215087        1.5418335032645640      -0.15554311699283388     
   1.1962230486846215        2.6372396598319794      -0.29935288310015967     
  0.91594162045533611      -0.39208434510061890      -0.37875523201634986     
  0.92688343120077143       0.36713192844691100       -9.8375781048034794E-002
  0.80244937030956665      -0.90735672082909946      -0.22785912152899987     
   1.1963755953156818      -0.58647247514951539       0.32664096423995137     
   5.2678067427303983      -0.32050572923336146       0.77415316576249715     
   2.0447619604110239       -1.3974709086513100       0.27780058569300253     
   2.6629826876207159      -0.94957311042861237      -0.15798514422633309     
   2.8444920909869915      -0.58017222538521995       0.24236588264103848     
   2.7191773405770481      -0.90981681530885938       0.47034389955464256     
   3.2867532705263187       -3.7394602096369489      -0.19296819864048265     
   3.2486729347181074       -3.6074442075112252        9.9254573382101502E-002
First
                         Total        5.702343267E-01
Step size:       0.20
Step size in Bohr:       0.38
Learning Rate:       1.00
# Steps:        100
                         Error  1        5.658317749E-01
                         Error  2        5.617092307E-01
                         Error  3        5.578476432E-01
                         Error  4        5.542290939E-01
                         Error  5        5.508367552E-01
                         Error  6        5.476548467E-01
                         Error  7        5.446685898E-01
                         Error  8        5.418641620E-01
                         Error  9        5.392286501E-01
                         Error 10        5.367500036E-01
                         Error 11        5.344169891E-01
                         Error 12        5.322191447E-01
                         Error 13        5.301467359E-01
                         Error 14        5.281907120E-01
                         Error 15        5.263426653E-01
                         Error 16        5.245947901E-01
                         Error 17        5.229398448E-01
                         Error 18        5.213711149E-01
                         Error 19        5.198823782E-01
                         Error 20        5.184678713E-01
                         Error 21        5.171222583E-01
                         Error 22        5.158406010E-01
                         Error 23        5.146183311E-01
                         Error 24        5.134512235E-01
                         Error 25        5.123353720E-01
                         Error 26        5.112671659E-01
                         Error 27        5.102432686E-01
                         Error 28        5.092605969E-01
                         Error 29        5.083163028E-01
                         Error 30        5.074077553E-01
                         Error 31        5.065325244E-01
                         Error 32        5.056883660E-01
                         Error 33        5.048732074E-01
                         Error 34        5.040851345E-01
                         Error 35        5.033223795E-01
                         Error 36        5.025833097E-01
                         Error 37        5.018664172E-01
                         Error 38        5.011703090E-01
                         Error 39        5.004936981E-01
                         Error 40        4.998353956E-01
                         Error 41        4.991943026E-01
                         Error 42        4.985694036E-01
                         Error 43        4.979597595E-01
                         Error 44        4.973645020E-01
                         Error 45        4.967828281E-01
                         Error 46        4.962139947E-01
                         Error 47        4.956573138E-01
                         Error 48        4.951121488E-01
                         Error 49        4.945779098E-01
                         Error 50        4.940540502E-01
                         Error 51        4.935400632E-01
                         Error 52        4.930354791E-01
                         Error 53        4.925398616E-01
                         Error 54        4.920528059E-01
                         Error 55        4.915739359E-01
                         Error 56        4.911029019E-01
                         Error 57        4.906393787E-01
                         Error 58        4.901830636E-01
                         Error 59        4.897336747E-01
                         Error 60        4.892909492E-01
                         Error 61        4.888546418E-01
                         Error 62        4.884245237E-01
                         Error 63        4.880003810E-01
                         Error 64        4.875820136E-01
                         Error 65        4.871692342E-01
                         Error 66        4.867618672E-01
                         Error 67        4.863597482E-01
                         Error 68        4.859627224E-01
                         Error 69        4.855706445E-01
                         Error 70        4.851833779E-01
                         Error 71        4.848007937E-01
                         Error 72        4.844227703E-01
                         Error 73        4.840491930E-01
                         Error 74        4.836799534E-01
                         Error 75        4.833149486E-01
                         Error 76        4.829540814E-01
                         Error 77        4.825972594E-01
                         Error 78        4.822443947E-01
                         Error 79        4.818954039E-01
                         Error 80        4.815502074E-01
                         Error 81        4.812087292E-01
                         Error 82        4.808708969E-01
                         Error 83        4.805366411E-01
                         Error 84        4.802058954E-01
                         Error 85        4.798785962E-01
                         Error 86        4.795546822E-01
                         Error 87        4.792340947E-01
                         Error 88        4.789167773E-01
                         Error 89        4.786026753E-01
                         Error 90        4.782917363E-01
                         Error 91        4.779839095E-01
                         Error 92        4.776791457E-01
                         Error 93        4.773773975E-01
                         Error 94        4.770786188E-01
                         Error 95        4.767827650E-01
                         Error 96        4.764897928E-01
                         Error 97        4.761996599E-01
                         Error 98        4.759123256E-01
                         Error 99        4.756277497E-01
                         Error100        4.753458936E-01
                         Error        4.753458936E-01
