-xyz
refined.xyz
-dens
/home/unibas/boittier/RDKit_G2/B.pdb/SCAN_1_2_3_4_S_36_10.0/8_SCAN_1_2_3_4_F/B.d.cube
-esp
/home/unibas/boittier/RDKit_G2/B.pdb/SCAN_1_2_3_4_S_36_10.0/8_SCAN_1_2_3_4_F/B.p.cube
-stepsize
0.2
-n_steps
50
-learning_rate
0.5
  -3.1748326650094083       0.24862226116426953       -3.1086493040463559     
  -3.4272663221573652       0.58669093506706449        6.2688888428857781E-002
  -6.3682978633437459      -0.26482068766896377        4.6548705075000994E-002
  -4.1004840035768151      -0.30471737604046129       0.21258268738073471     
  -3.5510499648361988      -0.88722402571145398       -8.1088520446385801E-002
  -2.7985414878069710      -0.48330494833042126        1.0471744098641280     
  -1.4159036111391974       -5.2366716400997694E-002   1.8195977948241442     
  -2.3249863124234307      -0.26502862846045944       0.77582473401454199     
  -1.3216998931214345        3.4400135788067686E-002  0.87216616964651017     
  -2.1802088283390573      -0.76692507602427806        3.6613103509653184     
   1.9820107037460977        2.8893166679519808      -0.12744546177432234     
   1.7960001315412977        2.2786961721988481        9.0636630390671880E-002
   1.6397212909969594        1.4808487723413439       -9.4782466539066849E-003
   1.8716607622417969        2.5338282117380344      -0.17526473369721446     
  0.73112550913004282      -0.34437694958529325       -5.7570460259858491E-005
   1.0726295306426743       0.40174097641634327       0.23515588233203158     
  0.55833421594379185      -0.81597955365764197       0.24316667072397471     
   1.2127185010231136      -0.64599148643445647       0.58081255638413487     
   4.9739001485171768       -1.5216321876713994      -0.86533971450448122     
   1.6800330071336484       -1.6601185783706245       0.13215357308088363     
   2.1496685571337273       -1.3588228123910973      -0.56072339146144401     
   2.6114849915093723       -1.0738969527273481      -0.28811324173691955     
   2.4936001658760643       -1.3984247350281815        3.8234761826482866E-004
   1.8809955032658345       -4.1899895298298953      -0.79709939732193014     
   1.9977791383731880       -4.0911197276847879      -0.48643635219382542     
First
                         Total        6.744275558E-01
Step size:       0.20
Step size in Bohr:       0.38
Learning Rate:       1.00
# Steps:         50
                         Error  1        6.721379227E-01
                         Error  2        6.699518116E-01
                         Error  3        6.678618988E-01
                         Error  4        6.658614009E-01
                         Error  5        6.639440381E-01
                         Error  6        6.621039986E-01
                         Error  7        6.603359060E-01
                         Error  8        6.586347876E-01
                         Error  9        6.569960460E-01
                         Error 10        6.554154311E-01
                         Error 11        6.538890149E-01
                         Error 12        6.524131674E-01
                         Error 13        6.509845348E-01
                         Error 14        6.496000182E-01
                         Error 15        6.482567548E-01
                         Error 16        6.469520996E-01
                         Error 17        6.456836092E-01
                         Error 18        6.444490261E-01
                         Error 19        6.432462642E-01
                         Error 20        6.420733962E-01
                         Error 21        6.409286407E-01
                         Error 22        6.398103510E-01
                         Error 23        6.387170048E-01
                         Error 24        6.376471946E-01
                         Error 25        6.365996183E-01
                         Error 26        6.355730711E-01
                         Error 27        6.345664383E-01
                         Error 28        6.335786876E-01
                         Error 29        6.326088630E-01
                         Error 30        6.316560788E-01
                         Error 31        6.307195139E-01
                         Error 32        6.297984068E-01
                         Error 33        6.288920511E-01
                         Error 34        6.279997907E-01
                         Error 35        6.271210164E-01
                         Error 36        6.262551618E-01
                         Error 37        6.254017001E-01
                         Error 38        6.245601410E-01
                         Error 39        6.237300278E-01
                         Error 40        6.229109348E-01
                         Error 41        6.221024648E-01
                         Error 42        6.213042470E-01
                         Error 43        6.205159348E-01
                         Error 44        6.197372040E-01
                         Error 45        6.189677511E-01
                         Error 46        6.182072916E-01
                         Error 47        6.174555585E-01
                         Error 48        6.167123011E-01
                         Error 49        6.159772838E-01
                         Error 50        6.152502845E-01
                         Error        6.152502845E-01
