Running in analysis mode

Reading "/home/unibas/boittier/RDKit_G2/B.pdb/SCAN_1_2_3_4_S_36_10.0/24_SCAN/B.p.cube"...

  B.pdb Potential
  Electrostatic potential from Total SCF Density
   10  -10.235254   -7.160543   -6.995052
  113    0.166667    0.000000    0.000000
   97    0.000000    0.166667    0.000000
   86    0.000000    0.000000    0.166667
    6    6.000000    1.969509    2.345193    0.167027
    6    6.000000    0.910563    0.072915    0.100310
    6    6.000000   -1.696532   -0.647790    0.709979
    6    6.000000   -3.722501    0.255934   -0.482300
    1    1.000000    3.951059    2.596649   -0.271048
    1    1.000000    0.841828    3.977323    0.650610
    9    9.000000    2.388599   -1.988784   -0.391111
    1    1.000000   -1.893874   -2.121678    2.128905
    1    1.000000   -3.550676    1.636673   -1.986798
    1    1.000000   -5.611956   -0.347418    0.028236
  5.12251E-04  5.41151E-04  5.71198E-04  6.02422E-04  6.34852E-04  6.68514E-04
       .            .            .            .            .            .
       .            .            .            .            .            .
       .            .            .            .            .            .
  6.10701E-04  5.80271E-04  5.51083E-04  5.23121E-04  4.96368E-04  4.70803E-04

788188 out of 942646 gridpoints are considered (83.6%).

...done!

Reading "21charges.cube"...

  Fitted ESP
  Electrostatic potential fitted from 21 point charges.
   10  -10.235254   -7.160543   -6.995052
  113    0.166667    0.000000    0.000000
   97    0.000000    0.166667    0.000000
   86    0.000000    0.000000    0.166667
    6    6.000000    1.969509    2.345193    0.167027
    6    6.000000    0.910563    0.072915    0.100310
    6    6.000000   -1.696532   -0.647790    0.709979
    6    6.000000   -3.722501    0.255934   -0.482300
    1    1.000000    3.951059    2.596649   -0.271048
    1    1.000000    0.841828    3.977323    0.650610
    9    9.000000    2.388599   -1.988784   -0.391111
    1    1.000000   -1.893874   -2.121678    2.128905
    1    1.000000   -3.550676    1.636673   -1.986798
    1    1.000000   -5.611956   -0.347418    0.028236
  4.73654E-04  5.01285E-04  5.30088E-04  5.60097E-04  5.91341E-04  6.23850E-04
       .            .            .            .            .            .
       .            .            .            .            .            .
       .            .            .            .            .            .
  4.19720E-04  3.92568E-04  3.66647E-04  3.41938E-04  3.18418E-04  2.96061E-04

788188 out of 942646 gridpoints are considered (83.6%).

...done!

                       Measure       RMSE[kcal/mol/e]   MaxError[kcal/mol/e]   NPoints
                         Total        5.564216403E-01        5.075535039E+00    788188
Close (  1.20 < r <   1.66 )          1.082402053E+00        5.075535039E+00    155683
Mid-range ( 1.66 < r <  2.20)         4.032916799E-01        1.789406002E+00    279463
Far-range (  2.20         < r)        2.140578119E-01        8.234869513E-01    353042
Did analysis and wrote slice data
