-xyz
refined.xyz
-dens
/home/unibas/boittier/RDKit_G2/B.pdb/SCAN_1_2_3_4_S_36_-10.0/23_SCAN/B.d.cube
-esp
/home/unibas/boittier/RDKit_G2/B.pdb/SCAN_1_2_3_4_S_36_-10.0/23_SCAN/B.p.cube
-stepsize
0.2
-n_steps
10
-learning_rate
0.5
   3.5247518149826744        2.3136372246090602       -2.2349329873860162     
   3.0983807143318653      -0.17751759779507248      -0.73252499720356068     
   2.8868505725796050       0.67759961866633089      -0.19119974032013731     
   5.9142023760577045      -0.64399706864566231       0.14245793665044509     
   3.0408262570201474       0.71268629351927681        7.8218171432594047E-002
   1.2711326836818033      -0.45087556777870513       0.28165513501854728     
   1.8128736866295725       -2.8134146106876026        2.1216349060599269     
   2.7093654467949020      -0.98070496038109778       0.72440628447921496     
   2.0746707827754620      -0.78512242679006206       0.59082667950702694     
  -2.2920303622323903       -1.0243199231663564      -0.43165034627813481     
  -2.3716129950580545       -1.1650100012496025      -0.48623406421364473     
  -3.0495933135783795       -2.4944783468883664      -0.53211332306087078     
  -2.6103969234471975       -1.9118184672382041      -0.38492713289019481     
 -0.46852801048131371       0.56700651981510186        6.1256694918224108E-002
 -0.77254395261391284       0.51938874885886588      -0.30977814758848010     
  -1.2035052274480549       0.64091364563834252       0.87821267340788844     
  -1.4919719346111238      -0.40568765468950196       -8.8418735061195380E-002
  -1.5186179021636828        2.1286372189075617      -0.77882618814241777     
  -1.9699990727071175        1.8455437784285438        1.0437373336107791     
  -4.1760282461993219        2.7753876920946787      -0.28319791051610155     
 -0.42191706960838554        4.1488934323353179       0.72969312503600836     
First
                         Total        5.824543675E-01
Step size:       0.20
Step size in Bohr:       0.38
Learning Rate:       1.00
# Steps:         10
                         Error  1        5.776231144E-01
                         Error  2        5.730222381E-01
                         Error  3        5.686398953E-01
                         Error  4        5.644647440E-01
                         Error  5        5.604859354E-01
                         Error  6        5.566931045E-01
                         Error  7        5.530763595E-01
                         Error  8        5.496262702E-01
                         Error  9        5.463338557E-01
                         Error 10        5.431905714E-01
                         Error        5.431905714E-01
