-xyz
refined.xyz
-dens
/home/unibas/boittier/RDKit_G2/B.pdb/SCAN_1_2_3_4_S_36_10.0/12_SCAN/B.d.cube
-esp
/home/unibas/boittier/RDKit_G2/B.pdb/SCAN_1_2_3_4_S_36_10.0/12_SCAN/B.p.cube
-stepsize
0.2
-n_steps
10
-learning_rate
0.5
  -3.5720130159838206        2.8606644735102025       0.17190469822639329     
  -3.0679209608361955       -6.9754176586755118E-002  0.60835895167860532     
  -2.8181307781476912       0.38390725279305837      -0.28679580306606839     
  -5.8127877710616591       -1.0220299491788529       0.13845207917218205     
  -2.9346571632763196       0.19207424166434275      -0.56481021080418570     
 -0.99415148611037107       -1.2279828497850869      -0.27022155986157259     
  -1.6107090601315406       -3.7772945062755965       -9.8766401158574102E-002
  -2.4645249805907987       -1.8218596992526956       -7.5346871232037552E-002
  -1.8834632147533961       -1.4909750069194185      -0.12125704363653413     
   1.4427212664211262        1.5390352977005137      -0.20650217303875265     
   1.3989377493993347        1.7249146051782427      -0.23076539798118778     
   1.1406126259576421        3.1664261464441665       -6.0987987568822261E-003
   1.1198762909030660        2.4346356150313540       -4.5539247849017729E-003
  0.94271783571106926      -0.87567577092827542      -0.23253740155367658     
   1.1693002154345180      -0.54932819429187107      -0.54104830505627066     
   1.4649624206690428      -0.62484304151036663       0.69724243967075805     
   1.1623277409670649       0.52749762013759982       -8.5102680718714435E-002
   2.8768119666006733      -0.92900511769946059       -1.1232686352443475     
   2.8288892217787684       -1.1971989047648499       0.77836307014343353     
   5.2423725925878601       -7.1205025234537853E-002   3.6005913474800887E-002
   3.2110559455338405       -3.6123301350045445      -0.54776305820143267     
First
                         Total        9.225128911E+00
Step size:       0.20
Step size in Bohr:       0.38
Learning Rate:       1.00
# Steps:         10
                         Error  1        9.170372069E+00
                         Error  2        9.115901039E+00
                         Error  3        9.061718908E+00
                         Error  4        9.007828770E+00
                         Error  5        8.954233728E+00
                         Error  6        8.900936883E+00
                         Error  7        8.847941346E+00
                         Error  8        8.795250222E+00
                         Error  9        8.742866621E+00
                         Error 10        8.690793649E+00
                         Error        8.690793649E+00
