-xyz
refined.xyz
-dens
../../cube_files/fbuta/5_SCAN_1_2_3_4_F/B.d.cube
-esp
../../cube_files/fbuta/5_SCAN_1_2_3_4_F/B.p.cube
-stepsize
0.2
-n_steps
100
-learning_rate
0.5
   3.2713952148419834        1.1530733841186041       -2.9119149237386592     
   3.3783356247983587      -0.73000878188413520      -0.35000052128600789     
   6.3901585410617612      -0.18005756247026214        7.6263356366751037E-002
   4.1231508199585143      -0.12170901725798842       0.22843342901608801     
   3.6333470858143468       0.59136951345857491       0.29273812301033947     
   2.8099512407495579      -0.31787752951688591        1.0189799228168703     
   1.3620001284528283      -0.56138942159392669        1.7458082049095629     
   2.3073310980428539      -0.40139467877561519       0.72532498113383537     
   1.2670039229963845      -0.53616674002930054       0.80074484612033359     
   2.1059132453013172       -1.3306466887464850        3.4457969941796587     
  -2.4437340505347915       -2.6453952227245301      -0.46379315118858022     
  -2.1605642514281644       -2.1047534925648193      -0.18710972467625256     
  -1.8690595646625616       -1.3340578602657058      -0.20343565069784622     
  -2.2748073669612556       -2.3148086841529989      -0.47740905580735687     
 -0.66802420817382779       0.29986747980043810       -1.3077561210229242E-002
  -1.1322397856426598      -0.39888983515642934       0.14747168449835824     
 -0.42311585509502114       0.70431405513440171       0.27668638823184527     
  -1.0988328706681496       0.61738078589630840       0.59745816788796469     
  -4.6802769956967589        2.2520087539807947      -0.56208081719063741     
  -1.4038940259634742        1.7226789853607172       0.35297673059988655     
  -1.9159027895932628        1.6022197371945397      -0.36106239945230312     
  -2.4174991712770089        1.3584090469036714      -0.11891449911572058     
  -2.2463250443219756        1.6152201415311467       0.20849540979624950     
  -1.1909955132453285        4.3573021365167577      -0.20380322676498205     
  -1.3295102948834474        4.2353207911640167        8.8275250648794532E-002
First
                         Total        6.757618423E-01
Step size:       0.20
Step size in Bohr:       0.38
Learning Rate:       1.00
# Steps:        100
                         Error  1        6.728066429E-01
                         Error  2        6.699972715E-01
                         Error  3        6.673236810E-01
                         Error  4        6.647765105E-01
                         Error  5        6.623470445E-01
                         Error  6        6.600271741E-01
                         Error  7        6.578093596E-01
                         Error  8        6.556865942E-01
                         Error  9        6.536523697E-01
                         Error 10        6.517006444E-01
                         Error 11        6.498258114E-01
                         Error 12        6.480226698E-01
                         Error 13        6.462863968E-01
                         Error 14        6.446125215E-01
                         Error 15        6.429969007E-01
                         Error 16        6.414356953E-01
                         Error 17        6.399253489E-01
                         Error 18        6.384625678E-01
                         Error 19        6.370443015E-01
                         Error 20        6.356677256E-01
                         Error 21        6.343302247E-01
                         Error 22        6.330293774E-01
                         Error 23        6.317629418E-01
                         Error 24        6.305288422E-01
                         Error 25        6.293251568E-01
                         Error 26        6.281501057E-01
                         Error 27        6.270020410E-01
                         Error 28        6.258794361E-01
                         Error 29        6.247808770E-01
                         Error 30        6.237050535E-01
                         Error 31        6.226507514E-01
                         Error 32        6.216168453E-01
                         Error 33        6.206022915E-01
                         Error 34        6.196061222E-01
                         Error 35        6.186274391E-01
                         Error 36        6.176654088E-01
                         Error 37        6.167192571E-01
                         Error 38        6.157882649E-01
                         Error 39        6.148717638E-01
                         Error 40        6.139691323E-01
                         Error 41        6.130797922E-01
                         Error 42        6.122032049E-01
                         Error 43        6.113388690E-01
                         Error 44        6.104863170E-01
                         Error 45        6.096451126E-01
                         Error 46        6.088148487E-01
                         Error 47        6.079951449E-01
                         Error 48        6.071856454E-01
                         Error 49        6.063860175E-01
                         Error 50        6.055959492E-01
                         Error 51        6.048151482E-01
                         Error 52        6.040433402E-01
                         Error 53        6.032802673E-01
                         Error 54        6.025256872E-01
                         Error 55        6.017793717E-01
                         Error 56        6.010411057E-01
                         Error 57        6.003106863E-01
                         Error 58        5.995879216E-01
                         Error 59        5.988726305E-01
                         Error 60        5.981646412E-01
                         Error 61        5.974637909E-01
                         Error 62        5.967699251E-01
                         Error 63        5.960828968E-01
                         Error 64        5.954025663E-01
                         Error 65        5.947288004E-01
                         Error 66        5.940614718E-01
                         Error 67        5.934004593E-01
                         Error 68        5.927456465E-01
                         Error 69        5.920969223E-01
                         Error 70        5.914541799E-01
                         Error 71        5.908173167E-01
                         Error 72        5.901862343E-01
                         Error 73        5.895608378E-01
                         Error 74        5.889410359E-01
                         Error 75        5.883267402E-01
                         Error 76        5.877178656E-01
                         Error 77        5.871143298E-01
                         Error 78        5.865160528E-01
                         Error 79        5.859229575E-01
                         Error 80        5.853349689E-01
                         Error 81        5.847520140E-01
                         Error 82        5.841740222E-01
                         Error 83        5.836009246E-01
                         Error 84        5.830326541E-01
                         Error 85        5.824691453E-01
                         Error 86        5.819103347E-01
                         Error 87        5.813561599E-01
                         Error 88        5.808065602E-01
                         Error 89        5.802614762E-01
                         Error 90        5.797208499E-01
                         Error 91        5.791846244E-01
                         Error 92        5.786527440E-01
                         Error 93        5.781251542E-01
                         Error 94        5.776018016E-01
                         Error 95        5.770826337E-01
                         Error 96        5.765675991E-01
                         Error 97        5.760566472E-01
                         Error 98        5.755497284E-01
                         Error 99        5.750467940E-01
                         Error100        5.745477960E-01
                         Error        5.745477960E-01
