node26.cluster
-xyz
refined.xyz
-dens
../../cubes/5_SCAN_1_2_3_4_F/B.d.cube
-esp
../../cubes/5_SCAN_1_2_3_4_F/B.p.cube
-stepsize
0.2
-n_steps
1000
-learning_rate
0.5
   3.2352213316174674        1.0774945167257559       -2.8782522419162544     
   3.2346089989734850      -0.86900970426646695      -0.40389975914852899     
   6.3965969717629969      -0.27133401071223195        9.7498724801261469E-002
   4.0334134587724098      -0.14159368342993367        8.1319672292557571E-002
   3.5859787431750414       0.47530079845597428       0.31449008628400499     
   2.5708164445629440      -0.47710865032000654       0.90150998844555874     
   1.3850180595269226      -0.73650085054916958        1.4056669525895236     
   2.1346618772816237      -0.38354119394188180       0.46748514990912710     
   1.2017369640251518      -0.47591595653775343       0.52736303373637405     
   2.0415820755446203       -1.1812718765922869        3.5918009899929411     
  -1.8815890762592657       -2.2931826902155632      -0.35009460642086421     
  -1.7232534136962900       -1.9590962538977743      -0.22373821690380694     
  -1.4344595139485332       -1.2536465267529691      -0.16385962783627331     
  -1.8329103629951999       -2.0766727180226181      -0.36031225813084350     
 -0.61378866076230643       0.13778652289497451       -1.3161928261892662E-002
 -0.92801567655684791      -0.43682472110806347       -2.2219506597916473E-002
 -0.40367287173706906       0.45408538582144020       0.23197090060533729     
 -0.97178612539353737       0.41901033012296934       0.36788174170722343     
  -4.7142452544912583        2.1815090898691052      -0.57204233649506886     
  -1.3205292814276386        1.5454133469720828       0.34809528381581600     
  -1.8042808669257970        1.4650915365077053      -0.18240856489207341     
  -2.1971726616796579        1.1735047423898282       -6.2023737259820758E-002
  -2.0027621126851960        1.4661303745430094       0.20064459041763519     
  -1.4268501279598347        4.0718936233250833        7.8642588777466743E-002
  -1.4072991054165318        4.1265234374329793       0.24416469914295560     
First
                         Total        6.186418375E-01
Step size:       0.20
Step size in Bohr:       0.38
Learning Rate:       1.00
# Steps:       1000
                         Error  1        6.113625057E-01
                         Error  2        6.045748258E-01
                         Error  3        5.982477182E-01
                         Error  4        5.923515190E-01
                         Error  5        5.868579864E-01
                         Error  6        5.817402968E-01
                         Error  7        5.769730318E-01
                         Error  8        5.725321576E-01
                         Error  9        5.683949963E-01
                         Error 10        5.645401921E-01
                         Error 11        5.609476716E-01
                         Error 12        5.575986001E-01
                         Error 13        5.544753342E-01
                         Error 14        5.515613730E-01
                         Error 15        5.488413058E-01
                         Error 16        5.463007607E-01
                         Error 17        5.439263512E-01
                         Error 18        5.417056236E-01
                         Error 19        5.396270051E-01
                         Error 20        5.376797527E-01
                         Error 21        5.358539028E-01
                         Error 22        5.341402235E-01
                         Error 23        5.325301673E-01
                         Error 24        5.310158268E-01
                         Error 25        5.295898917E-01
                         Error 26        5.282456082E-01
                         Error 27        5.269767399E-01
                         Error 28        5.257775318E-01
                         Error 29        5.246426754E-01
                         Error 30        5.235672763E-01
                         Error 31        5.225468238E-01
                         Error 32        5.215771624E-01
                         Error 33        5.206544647E-01
                         Error 34        5.197752070E-01
                         Error 35        5.189361457E-01
                         Error 36        5.181342960E-01
                         Error 37        5.173669115E-01
                         Error 38        5.166314655E-01
                         Error 39        5.159256342E-01
                         Error 40        5.152472803E-01
                         Error 41        5.145944380E-01
                         Error 42        5.139653000E-01
                         Error 43        5.133582040E-01
                         Error 44        5.127716217E-01
                         Error 45        5.122041475E-01
                         Error 46        5.116544889E-01
                         Error 47        5.111214571E-01
                         Error 48        5.106039590E-01
                         Error 49        5.101009888E-01
                         Error 50        5.096116212E-01
                         Error 51        5.091350048E-01
                         Error 52        5.086703561E-01
                         Error 53        5.082169539E-01
                         Error 54        5.077741338E-01
                         Error 55        5.073412844E-01
                         Error 56        5.069178420E-01
                         Error 57        5.065032872E-01
                         Error 58        5.060971412E-01
                         Error 59        5.056989623E-01
                         Error 60        5.053083431E-01
                         Error 61        5.049249073E-01
                         Error 62        5.045483074E-01
                         Error 63        5.041782223E-01
                         Error 64        5.038143551E-01
                         Error 65        5.034564310E-01
                         Error 66        5.031041958E-01
                         Error 67        5.027574137E-01
                         Error 68        5.024158663E-01
                         Error 69        5.020793507E-01
                         Error 70        5.017476787E-01
                         Error 71        5.014206753E-01
                         Error 72        5.010981775E-01
                         Error 73        5.007800337E-01
                         Error 74        5.004661025E-01
                         Error 75        5.001562520E-01
                         Error 76        4.998503589E-01
                         Error 77        4.995483079E-01
                         Error 78        4.992499909E-01
                         Error 79        4.989553068E-01
                         Error 80        4.986641604E-01
                         Error 81        4.983764624E-01
                         Error 82        4.980921287E-01
                         Error 83        4.978110800E-01
                         Error 84        4.975332414E-01
                         Error 85        4.972585422E-01
                         Error 86        4.969869153E-01
                         Error 87        4.967182972E-01
                         Error 88        4.964526278E-01
                         Error 89        4.961898495E-01
                         Error 90        4.959299078E-01
                         Error 91        4.956727506E-01
                         Error 92        4.954183281E-01
                         Error 93        4.951665928E-01
                         Error 94        4.949174991E-01
                         Error 95        4.946710032E-01
                         Error 96        4.944270632E-01
                         Error 97        4.941856385E-01
                         Error 98        4.939466903E-01
                         Error 99        4.937101810E-01
                         Error100        4.934760744E-01
                         Error101        4.932443352E-01
                         Error102        4.930149297E-01
                         Error103        4.927878247E-01
