-xyz
refined.xyz
-dens
../../cube_files/ester/11_SCAN_1_2_6_8_F/O.d.cube
-esp
../../cube_files/ester/11_SCAN_1_2_6_8_F/O.p.cube
-stepsize
0.2
-n_steps
200
-learning_rate
0.5
  -1.6570260849252427        1.9618283125820497      -0.40255832456430168     
  -1.9135929174558777        2.1274500371419389      -0.92497223026415976     
 -0.44432795440413742        3.2495914143873668        1.2257544299280065     
 -0.57351255908302057        3.0651667256486248       0.95484065288091413     
  -3.3058856407072099        2.7383240596110241       0.25253414870758378     
  -2.8381584206322281        2.5479711567811569       0.31603682130069799     
 -0.62178659271912706        3.5742965399382882       -2.5016769814037447     
  -3.2287375594720471       -2.1319626113184471       0.38249249099257304     
  -2.5945126464539858       -2.5387734360167111       0.18200826815766113     
  -3.2278250335947001       -1.6862548012938199       0.38564483911009534     
 -0.12832842367148115      -0.73931393509814880      -0.14695747731797726     
  -1.3707730891926424        4.8440657996472215E-002 -0.29246032240829284     
  -1.3132429151705252       0.33243345148666675      -0.83318899638719901     
  0.73692299217077906      -0.89726395546544180      -0.39704952807959415     
   1.2473917786245294       -1.2960640590645129      -0.98609742981530635     
   1.5160328066600555       -1.5898036072527553      -0.67300562584988954     
   1.4515407180499837       -1.3925850513467535      -0.16743321461550345     
   3.9741077597245202      -0.43250829866905571       0.26417725553133575     
   2.5639832639534017      -0.36003377182659485       0.49493245874646941     
   4.3998626574708561      -0.51445684138816650       0.13510545985409150     
   4.0024385830143032        1.5768653219027431      -0.78727908626500454     
   3.9989448308809328        1.4013430260587474      -0.76001634787333039     
   3.3717588200363187       0.10970357967743036        1.6123598293361416     
   3.4961557741238551       0.14182327138821832        2.2293355071436789     
First
                         Total        9.800869784E-01
Step size:       0.20
Step size in Bohr:       0.38
Learning Rate:       1.00
# Steps:        200
                         Error  1        9.636522630E-01
                         Error  2        9.483806914E-01
                         Error  3        9.342025311E-01
                         Error  4        9.210502459E-01
                         Error  5        9.088586767E-01
                         Error  6        8.975651896E-01
                         Error  7        8.871097904E-01
                         Error  8        8.774352082E-01
                         Error  9        8.684869488E-01
                         Error 10        8.602133194E-01
                         Error 11        8.525654289E-01
                         Error 12        8.454971641E-01
                         Error 13        8.389651464E-01
                         Error 14        8.329286705E-01
                         Error 15        8.273496287E-01
                         Error 16        8.221924235E-01
                         Error 17        8.174238696E-01
                         Error 18        8.130130900E-01
                         Error 19        8.089314066E-01
                         Error 20        8.051522275E-01
                         Error 21        8.016509332E-01
                         Error 22        7.984047626E-01
                         Error 23        7.953927006E-01
                         Error 24        7.925953674E-01
                         Error 25        7.899949113E-01
                         Error 26        7.875749051E-01
                         Error 27        7.853202465E-01
                         Error 28        7.832170634E-01
                         Error 29        7.812526234E-01
                         Error 30        7.794152489E-01
                         Error 31        7.776942362E-01
                         Error 32        7.760797805E-01
                         Error 33        7.745629049E-01
                         Error 34        7.731353946E-01
                         Error 35        7.717897352E-01
                         Error 36        7.705190558E-01
                         Error 37        7.693170761E-01
                         Error 38        7.681780571E-01
                         Error 39        7.670967558E-01
                         Error 40        7.660683837E-01
                         Error 41        7.650885678E-01
                         Error 42        7.641533158E-01
                         Error 43        7.632589825E-01
                         Error 44        7.624022407E-01
                         Error 45        7.615800536E-01
                         Error 46        7.607896489E-01
                         Error 47        7.600284967E-01
                         Error 48        7.592942875E-01
                         Error 49        7.585849134E-01
                         Error 50        7.578984503E-01
                         Error 51        7.572331414E-01
                         Error 52        7.565873830E-01
                         Error 53        7.559597104E-01
                         Error 54        7.553487860E-01
                         Error 55        7.547533880E-01
                         Error 56        7.541723998E-01
                         Error 57        7.536048014E-01
                         Error 58        7.530496599E-01
                         Error 59        7.525061226E-01
                         Error 60        7.519734092E-01
                         Error 61        7.514508060E-01
                         Error 62        7.509376595E-01
                         Error 63        7.504333713E-01
                         Error 64        7.499373932E-01
                         Error 65        7.494492225E-01
                         Error 66        7.489683985E-01
                         Error 67        7.484944983E-01
                         Error 68        7.480271335E-01
                         Error 69        7.475659476E-01
                         Error 70        7.471106124E-01
                         Error 71        7.466608265E-01
                         Error 72        7.462163119E-01
                         Error 73        7.457768129E-01
                         Error 74        7.453420935E-01
                         Error 75        7.449119359E-01
                         Error 76        7.444861389E-01
                         Error 77        7.440645165E-01
                         Error 78        7.436468966E-01
                         Error 79        7.432331196E-01
                         Error 80        7.428230377E-01
                         Error 81        7.424165134E-01
                         Error 82        7.420134191E-01
                         Error 83        7.416136359E-01
                         Error 84        7.412170532E-01
                         Error 85        7.408235674E-01
                         Error 86        7.404330822E-01
                         Error 87        7.400455073E-01
                         Error 88        7.396607580E-01
                         Error 89        7.392787549E-01
                         Error 90        7.388994237E-01
                         Error 91        7.385226941E-01
                         Error 92        7.381485001E-01
                         Error 93        7.377767795E-01
                         Error 94        7.374074733E-01
                         Error 95        7.370405259E-01
                         Error 96        7.366758846E-01
                         Error 97        7.363134993E-01
                         Error 98        7.359533225E-01
                         Error 99        7.355953089E-01
                         Error100        7.352394154E-01
                         Error101        7.348856008E-01
                         Error102        7.345338261E-01
                         Error103        7.341840534E-01
                         Error104        7.338362469E-01
                         Error105        7.334903720E-01
                         Error106        7.331463956E-01
                         Error107        7.328042858E-01
                         Error108        7.324640119E-01
                         Error109        7.321255444E-01
                         Error110        7.317888549E-01
                         Error111        7.314539157E-01
                         Error112        7.311207003E-01
                         Error113        7.307891830E-01
                         Error114        7.304593388E-01
                         Error115        7.301311437E-01
                         Error116        7.298045741E-01
                         Error117        7.294796075E-01
                         Error118        7.291562216E-01
                         Error119        7.288343951E-01
                         Error120        7.285141071E-01
                         Error121        7.281953372E-01
                         Error122        7.278780657E-01
                         Error123        7.275622732E-01
                         Error124        7.272479410E-01
                         Error125        7.269350507E-01
                         Error126        7.266235845E-01
                         Error127        7.263135247E-01
                         Error128        7.260048543E-01
                         Error129        7.256975566E-01
                         Error130        7.253916153E-01
                         Error131        7.250870144E-01
                         Error132        7.247837383E-01
                         Error133        7.244817716E-01
                         Error134        7.241810994E-01
                         Error135        7.238817070E-01
                         Error136        7.235835799E-01
                         Error137        7.232867043E-01
                         Error138        7.229910661E-01
                         Error139        7.226966518E-01
                         Error140        7.224034482E-01
                         Error141        7.221114423E-01
                         Error142        7.218206212E-01
                         Error143        7.215309724E-01
                         Error144        7.212424835E-01
                         Error145        7.209551425E-01
                         Error146        7.206689376E-01
                         Error147        7.203838569E-01
                         Error148        7.200998892E-01
                         Error149        7.198170230E-01
                         Error150        7.195352474E-01
                         Error151        7.192545515E-01
                         Error152        7.189749246E-01
                         Error153        7.186963562E-01
                         Error154        7.184188360E-01
                         Error155        7.181423538E-01
                         Error156        7.178668997E-01
                         Error157        7.175924638E-01
                         Error158        7.173190366E-01
                         Error159        7.170466083E-01
                         Error160        7.167751699E-01
                         Error161        7.165047120E-01
                         Error162        7.162352256E-01
                         Error163        7.159667018E-01
                         Error164        7.156991318E-01
                         Error165        7.154325071E-01
                         Error166        7.151668191E-01
                         Error167        7.149020594E-01
                         Error168        7.146382200E-01
                         Error169        7.143752926E-01
                         Error170        7.141132692E-01
                         Error171        7.138521421E-01
                         Error172        7.135919034E-01
                         Error173        7.133325456E-01
                         Error174        7.130740612E-01
                         Error175        7.128164427E-01
                         Error176        7.125596828E-01
                         Error177        7.123037745E-01
                         Error178        7.120487106E-01
                         Error179        7.117944841E-01
                         Error180        7.115410882E-01
                         Error181        7.112885161E-01
                         Error182        7.110367611E-01
                         Error183        7.107858166E-01
                         Error184        7.105356762E-01
                         Error185        7.102863335E-01
                         Error186        7.100377821E-01
                         Error187        7.097900158E-01
                         Error188        7.095430286E-01
                         Error189        7.092968143E-01
                         Error190        7.090513670E-01
                         Error191        7.088066807E-01
                         Error192        7.085627498E-01
                         Error193        7.083195685E-01
                         Error194        7.080771311E-01
                         Error195        7.078354320E-01
                         Error196        7.075944658E-01
                         Error197        7.073542271E-01
                         Error198        7.071147104E-01
                         Error199        7.068759104E-01
                         Error200        7.066378221E-01
                         Error        7.066378221E-01
