-xyz
refined.xyz
-dens
/home/unibas/boittier/RDKit_G2/B.pdb/SCAN_1_2_3_4_S_36_-10.0/15_SCAN_1_2_3_4_F/B.d.cube
-esp
/home/unibas/boittier/RDKit_G2/B.pdb/SCAN_1_2_3_4_S_36_-10.0/15_SCAN_1_2_3_4_F/B.p.cube
-stepsize
0.2
-n_steps
500
-learning_rate
0.5
  -3.6208429296198550        2.4171520912360696       -1.3005698307191627     
  -3.5135310740633483       -6.7296067605061891E-002  0.79756829550301600     
  -6.3552765875420256      -0.89411891565415436        7.0399024883883901E-002
  -4.0390613603026653      -0.72279100745031333       -3.7099204172297465E-002
  -3.5108693757048606      -0.62259813638875661      -0.58759657446665914     
  -2.4793013929717418       -1.4358425091784173       0.73693440645722963     
  -1.6152680493063114       -1.1640845556668600      -0.54564596278733579     
  -1.9453949073142673       -1.2344029240463916       0.56656226981593716     
  -1.0477459484493730       -1.1077684730006052       0.26521849241022383     
  -1.6296348390568558       -3.7008472268641359        1.3778376639483256     
   2.9580550835246604       -1.9822987577041613      -0.30864113045948377     
   2.5140488363625613       -1.6135781905072930      -0.34506949465768894     
   2.0480872705731370      -0.95838375993269509      -0.16054732006116476     
   2.7339547742453751       -1.7499250709133145      -0.21122301469004831     
  0.65475943438205197       0.15538330538681189       0.28658325926275569     
   1.1276212562517229      -0.32344099739966015       -8.1696471960151423E-002
  0.26057990289919530       0.46262576234980535       0.19399728965965035     
  0.70754022011350903       0.59431602349109358      -0.26710486936783512     
   3.9773167506410112        3.1955709324402362      -0.17339986015084263     
  0.83867607554459878        1.7517395532248046        6.8597401055382076E-002
   1.5664543151608630        1.7130896328559273       0.43413544484803274     
   1.9153497620997335        1.6394605058385039        4.3127140050333072E-002
   1.5942103389212967        1.8566281678320629      -0.10039320153054862     
  0.33155138736149742        4.0754016706253999        1.1686785422605992     
  0.31020451487172884        4.0828748939366024       0.87094870784286960     
First
                         Total        4.285476008E-01
Step size:       0.20
Step size in Bohr:       0.38
Learning Rate:       1.00
# Steps:        500
                         Error  1        4.273553607E-01
                         Error  2        4.262520788E-01
                         Error  3        4.252304367E-01
                         Error  4        4.242836992E-01
                         Error  5        4.234056727E-01
                         Error  6        4.225906651E-01
                         Error  7        4.218334482E-01
                         Error  8        4.211292224E-01
                         Error  9        4.204735835E-01
                         Error 10        4.198624924E-01
                         Error 11        4.192922457E-01
                         Error 12        4.187594494E-01
                         Error 13        4.182609938E-01
                         Error 14        4.177940308E-01
                         Error 15        4.173559521E-01
                         Error 16        4.169443699E-01
                         Error 17        4.165570987E-01
                         Error 18        4.161921384E-01
                         Error 19        4.158476586E-01
                         Error 20        4.155219849E-01
                         Error 21        4.152135855E-01
                         Error 22        4.149210591E-01
                         Error 23        4.146431240E-01
                         Error 24        4.143786080E-01
                         Error 25        4.141264389E-01
                         Error 26        4.138856361E-01
                         Error 27        4.136553027E-01
                         Error 28        4.134346185E-01
                         Error 29        4.132228332E-01
                         Error 30        4.130192605E-01
                         Error 31        4.128232727E-01
                         Error 32        4.126342954E-01
                         Error 33        4.124518032E-01
                         Error 34        4.122753154E-01
                         Error 35        4.121043919E-01
                         Error 36        4.119386301E-01
                         Error 37        4.117776612E-01
                         Error 38        4.116211478E-01
                         Error 39        4.114687808E-01
                         Error 40        4.113202769E-01
                         Error 41        4.111753769E-01
                         Error 42        4.110338431E-01
                         Error 43        4.108954573E-01
                         Error 44        4.107600200E-01
                         Error 45        4.106273477E-01
                         Error 46        4.104972724E-01
                         Error 47        4.103696395E-01
                         Error 48        4.102443075E-01
                         Error 49        4.101211459E-01
                         Error 50        4.100000351E-01
                         Error 51        4.098808650E-01
                         Error 52        4.097635344E-01
                         Error 53        4.096479499E-01
                         Error 54        4.095340257E-01
                         Error 55        4.094216827E-01
                         Error 56        4.093108477E-01
                         Error 57        4.092014534E-01
                         Error 58        4.090934375E-01
                         Error 59        4.089867424E-01
                         Error 60        4.088813149E-01
                         Error 61        4.087771056E-01
                         Error 62        4.086740688E-01
                         Error 63        4.085721622E-01
                         Error 64        4.084713461E-01
                         Error 65        4.083715841E-01
                         Error 66        4.082728420E-01
                         Error 67        4.081750880E-01
                         Error 68        4.080782924E-01
                         Error 69        4.079824276E-01
                         Error 70        4.078874675E-01
                         Error 71        4.077933878E-01
                         Error 72        4.077001658E-01
                         Error 73        4.076077801E-01
                         Error 74        4.075162105E-01
                         Error 75        4.074254381E-01
                         Error 76        4.073354449E-01
                         Error 77        4.072462139E-01
                         Error 78        4.071577293E-01
                         Error 79        4.070699758E-01
                         Error 80        4.069829389E-01
                         Error 81        4.068966051E-01
                         Error 82        4.068109612E-01
                         Error 83        4.067259947E-01
                         Error 84        4.066416939E-01
                         Error 85        4.065580473E-01
                         Error 86        4.064750440E-01
                         Error 87        4.063926736E-01
                         Error 88        4.063109260E-01
                         Error 89        4.062297915E-01
                         Error 90        4.061492609E-01
                         Error 91        4.060693251E-01
                         Error 92        4.059899755E-01
                         Error 93        4.059112037E-01
                         Error 94        4.058330016E-01
                         Error 95        4.057553612E-01
                         Error 96        4.056782749E-01
                         Error 97        4.056017354E-01
                         Error 98        4.055257353E-01
                         Error 99        4.054502676E-01
                         Error100        4.053753255E-01
                         Error101        4.053009023E-01
                         Error102        4.052269915E-01
                         Error103        4.051535867E-01
                         Error104        4.050806817E-01
                         Error105        4.050082704E-01
                         Error106        4.049363468E-01
                         Error107        4.048649051E-01
                         Error108        4.047939396E-01
                         Error109        4.047234447E-01
                         Error110        4.046534148E-01
                         Error111        4.045838446E-01
                         Error112        4.045147288E-01
                         Error113        4.044460622E-01
                         Error114        4.043778395E-01
                         Error115        4.043100560E-01
                         Error116        4.042427065E-01
                         Error117        4.041757862E-01
                         Error118        4.041092903E-01
                         Error119        4.040432141E-01
                         Error120        4.039775531E-01
                         Error121        4.039123025E-01
                         Error122        4.038474579E-01
                         Error123        4.037830150E-01
                         Error124        4.037189692E-01
                         Error125        4.036553164E-01
                         Error126        4.035920523E-01
                         Error127        4.035291726E-01
                         Error128        4.034666734E-01
                         Error129        4.034045504E-01
                         Error130        4.033427998E-01
                         Error131        4.032814175E-01
                         Error132        4.032203997E-01
                         Error133        4.031597425E-01
                         Error134        4.030994422E-01
                         Error135        4.030394949E-01
                         Error136        4.029798970E-01
                         Error137        4.029206448E-01
                         Error138        4.028617348E-01
                         Error139        4.028031635E-01
                         Error140        4.027449272E-01
                         Error141        4.026870225E-01
                         Error142        4.026294461E-01
                         Error143        4.025721945E-01
                         Error144        4.025152645E-01
                         Error145        4.024586527E-01
                         Error146        4.024023559E-01
                         Error147        4.023463710E-01
                         Error148        4.022906947E-01
                         Error149        4.022353239E-01
                         Error150        4.021802556E-01
                         Error151        4.021254867E-01
                         Error152        4.020710142E-01
                         Error153        4.020168351E-01
                         Error154        4.019629466E-01
                         Error155        4.019093457E-01
                         Error156        4.018560295E-01
                         Error157        4.018029954E-01
                         Error158        4.017502403E-01
                         Error159        4.016977618E-01
                         Error160        4.016455569E-01
                         Error161        4.015936230E-01
                         Error162        4.015419576E-01
                         Error163        4.014905578E-01
                         Error164        4.014394213E-01
                         Error165        4.013885454E-01
                         Error166        4.013379276E-01
                         Error167        4.012875654E-01
                         Error168        4.012374564E-01
                         Error169        4.011875981E-01
                         Error170        4.011379882E-01
                         Error171        4.010886242E-01
                         Error172        4.010395039E-01
                         Error173        4.009906249E-01
                         Error174        4.009419849E-01
                         Error175        4.008935817E-01
                         Error176        4.008454131E-01
                         Error177        4.007974769E-01
                         Error178        4.007497708E-01
                         Error179        4.007022928E-01
                         Error180        4.006550407E-01
                         Error181        4.006080124E-01
                         Error182        4.005612059E-01
                         Error183        4.005146191E-01
                         Error184        4.004682500E-01
                         Error185        4.004220966E-01
                         Error186        4.003761570E-01
                         Error187        4.003304292E-01
                         Error188        4.002849112E-01
                         Error189        4.002396012E-01
                         Error190        4.001944973E-01
                         Error191        4.001495977E-01
                         Error192        4.001049004E-01
                         Error193        4.000604038E-01
                         Error194        4.000161060E-01
                         Error195        3.999720053E-01
                         Error196        3.999280998E-01
                         Error197        3.998843880E-01
                         Error198        3.998408680E-01
                         Error199        3.997975382E-01
                         Error200        3.997543970E-01
                         Error201        3.997114427E-01
                         Error202        3.996686736E-01
                         Error203        3.996260882E-01
                         Error204        3.995836850E-01
                         Error205        3.995414622E-01
                         Error206        3.994994184E-01
                         Error207        3.994575521E-01
                         Error208        3.994158617E-01
                         Error209        3.993743458E-01
                         Error210        3.993330028E-01
                         Error211        3.992918314E-01
                         Error212        3.992508300E-01
                         Error213        3.992099973E-01
                         Error214        3.991693319E-01
                         Error215        3.991288323E-01
                         Error216        3.990884972E-01
                         Error217        3.990483252E-01
                         Error218        3.990083150E-01
                         Error219        3.989684653E-01
                         Error220        3.989287748E-01
                         Error221        3.988892421E-01
                         Error222        3.988498660E-01
                         Error223        3.988106452E-01
                         Error224        3.987715785E-01
                         Error225        3.987326647E-01
                         Error226        3.986939024E-01
                         Error227        3.986552906E-01
                         Error228        3.986168279E-01
                         Error229        3.985785133E-01
                         Error230        3.985403456E-01
                         Error231        3.985023236E-01
                         Error232        3.984644462E-01
                         Error233        3.984267123E-01
                         Error234        3.983891207E-01
                         Error235        3.983516703E-01
                         Error236        3.983143601E-01
                         Error237        3.982771890E-01
                         Error238        3.982401559E-01
                         Error239        3.982032598E-01
                         Error240        3.981664996E-01
                         Error241        3.981298743E-01
                         Error242        3.980933829E-01
                         Error243        3.980570245E-01
                         Error244        3.980207979E-01
                         Error245        3.979847022E-01
                         Error246        3.979487365E-01
                         Error247        3.979128997E-01
                         Error248        3.978771910E-01
                         Error249        3.978416095E-01
                         Error250        3.978061540E-01
                         Error251        3.977708239E-01
                         Error252        3.977356181E-01
                         Error253        3.977005358E-01
                         Error254        3.976655760E-01
                         Error255        3.976307379E-01
                         Error256        3.975960207E-01
                         Error257        3.975614235E-01
                         Error258        3.975269453E-01
                         Error259        3.974925855E-01
                         Error260        3.974583431E-01
                         Error261        3.974242173E-01
                         Error262        3.973902074E-01
                         Error263        3.973563125E-01
                         Error264        3.973225319E-01
                         Error265        3.972888647E-01
                         Error266        3.972553101E-01
                         Error267        3.972218675E-01
                         Error268        3.971885360E-01
                         Error269        3.971553149E-01
                         Error270        3.971222035E-01
                         Error271        3.970892010E-01
                         Error272        3.970563066E-01
                         Error273        3.970235198E-01
                         Error274        3.969908397E-01
                         Error275        3.969582656E-01
                         Error276        3.969257969E-01
                         Error277        3.968934329E-01
                         Error278        3.968611729E-01
                         Error279        3.968290162E-01
                         Error280        3.967969621E-01
                         Error281        3.967650100E-01
                         Error282        3.967331593E-01
                         Error283        3.967014092E-01
                         Error284        3.966697592E-01
                         Error285        3.966382086E-01
                         Error286        3.966067568E-01
                         Error287        3.965754032E-01
                         Error288        3.965441471E-01
                         Error289        3.965129880E-01
                         Error290        3.964819252E-01
                         Error291        3.964509582E-01
                         Error292        3.964200863E-01
                         Error293        3.963893090E-01
                         Error294        3.963586258E-01
                         Error295        3.963280359E-01
                         Error296        3.962975390E-01
                         Error297        3.962671343E-01
                         Error298        3.962368214E-01
                         Error299        3.962065997E-01
                         Error300        3.961764687E-01
                         Error301        3.961464279E-01
                         Error302        3.961164766E-01
                         Error303        3.960866144E-01
                         Error304        3.960568408E-01
                         Error305        3.960271552E-01
                         Error306        3.959975571E-01
                         Error307        3.959680461E-01
                         Error308        3.959386216E-01
                         Error309        3.959092831E-01
                         Error310        3.958800302E-01
                         Error311        3.958508623E-01
                         Error312        3.958217790E-01
                         Error313        3.957927798E-01
                         Error314        3.957638643E-01
                         Error315        3.957350318E-01
                         Error316        3.957062821E-01
                         Error317        3.956776147E-01
                         Error318        3.956490290E-01
                         Error319        3.956205247E-01
                         Error320        3.955921012E-01
                         Error321        3.955637582E-01
                         Error322        3.955354953E-01
                         Error323        3.955073119E-01
                         Error324        3.954792077E-01
                         Error325        3.954511822E-01
                         Error326        3.954232351E-01
                         Error327        3.953953658E-01
                         Error328        3.953675741E-01
                         Error329        3.953398594E-01
                         Error330        3.953122214E-01
                         Error331        3.952846596E-01
                         Error332        3.952571738E-01
                         Error333        3.952297634E-01
                         Error334        3.952024282E-01
                         Error335        3.951751676E-01
                         Error336        3.951479814E-01
                         Error337        3.951208692E-01
                         Error338        3.950938305E-01
                         Error339        3.950668650E-01
                         Error340        3.950399724E-01
                         Error341        3.950131522E-01
                         Error342        3.949864042E-01
                         Error343        3.949597279E-01
                         Error344        3.949331230E-01
                         Error345        3.949065891E-01
                         Error346        3.948801260E-01
                         Error347        3.948537332E-01
                         Error348        3.948274104E-01
                         Error349        3.948011573E-01
                         Error350        3.947749735E-01
                         Error351        3.947488587E-01
                         Error352        3.947228126E-01
                         Error353        3.946968348E-01
                         Error354        3.946709251E-01
                         Error355        3.946450830E-01
                         Error356        3.946193083E-01
                         Error357        3.945936007E-01
                         Error358        3.945679598E-01
                         Error359        3.945423853E-01
                         Error360        3.945168770E-01
                         Error361        3.944914345E-01
                         Error362        3.944660575E-01
                         Error363        3.944407458E-01
                         Error364        3.944154989E-01
                         Error365        3.943903167E-01
                         Error366        3.943651988E-01
                         Error367        3.943401449E-01
                         Error368        3.943151548E-01
                         Error369        3.942902282E-01
                         Error370        3.942653647E-01
                         Error371        3.942405641E-01
                         Error372        3.942158262E-01
                         Error373        3.941911506E-01
                         Error374        3.941665371E-01
                         Error375        3.941419854E-01
                         Error376        3.941174952E-01
                         Error377        3.940930662E-01
                         Error378        3.940686983E-01
                         Error379        3.940443911E-01
                         Error380        3.940201444E-01
                         Error381        3.939959579E-01
                         Error382        3.939718313E-01
                         Error383        3.939477645E-01
                         Error384        3.939237571E-01
                         Error385        3.938998089E-01
                         Error386        3.938759196E-01
                         Error387        3.938520891E-01
                         Error388        3.938283170E-01
                         Error389        3.938046031E-01
                         Error390        3.937809472E-01
                         Error391        3.937573491E-01
                         Error392        3.937338084E-01
                         Error393        3.937103250E-01
                         Error394        3.936868986E-01
                         Error395        3.936635290E-01
                         Error396        3.936402160E-01
                         Error397        3.936169594E-01
                         Error398        3.935937588E-01
                         Error399        3.935706141E-01
                         Error400        3.935475251E-01
                         Error401        3.935244915E-01
                         Error402        3.935015131E-01
                         Error403        3.934785898E-01
                         Error404        3.934557212E-01
                         Error405        3.934329072E-01
                         Error406        3.934101476E-01
                         Error407        3.933874421E-01
                         Error408        3.933647905E-01
                         Error409        3.933421926E-01
                         Error410        3.933196483E-01
                         Error411        3.932971573E-01
                         Error412        3.932747194E-01
                         Error413        3.932523344E-01
                         Error414        3.932300021E-01
                         Error415        3.932077223E-01
                         Error416        3.931854948E-01
                         Error417        3.931633194E-01
                         Error418        3.931411959E-01
                         Error419        3.931191241E-01
                         Error420        3.930971039E-01
                         Error421        3.930751350E-01
                         Error422        3.930532172E-01
                         Error423        3.930313504E-01
                         Error424        3.930095343E-01
                         Error425        3.929877688E-01
                         Error426        3.929660537E-01
                         Error427        3.929443888E-01
                         Error428        3.929227740E-01
                         Error429        3.929012089E-01
                         Error430        3.928796936E-01
                         Error431        3.928582277E-01
                         Error432        3.928368111E-01
                         Error433        3.928154437E-01
                         Error434        3.927941252E-01
                         Error435        3.927728555E-01
                         Error436        3.927516344E-01
                         Error437        3.927304617E-01
                         Error438        3.927093373E-01
                         Error439        3.926882610E-01
                         Error440        3.926672326E-01
                         Error441        3.926462520E-01
                         Error442        3.926253189E-01
                         Error443        3.926044333E-01
                         Error444        3.925835949E-01
                         Error445        3.925628037E-01
                         Error446        3.925420593E-01
                         Error447        3.925213618E-01
                         Error448        3.925007108E-01
                         Error449        3.924801063E-01
                         Error450        3.924595481E-01
                         Error451        3.924390361E-01
                         Error452        3.924185700E-01
                         Error453        3.923981497E-01
                         Error454        3.923777752E-01
                         Error455        3.923574461E-01
                         Error456        3.923371624E-01
                         Error457        3.923169239E-01
                         Error458        3.922967305E-01
                         Error459        3.922765820E-01
                         Error460        3.922564782E-01
                         Error461        3.922364191E-01
                         Error462        3.922164044E-01
                         Error463        3.921964341E-01
                         Error464        3.921765080E-01
                         Error465        3.921566258E-01
                         Error466        3.921367876E-01
                         Error467        3.921169931E-01
                         Error468        3.920972422E-01
                         Error469        3.920775348E-01
                         Error470        3.920578707E-01
                         Error471        3.920382498E-01
                         Error472        3.920186720E-01
                         Error473        3.919991370E-01
                         Error474        3.919796449E-01
                         Error475        3.919601953E-01
                         Error476        3.919407883E-01
                         Error477        3.919214236E-01
                         Error478        3.919021012E-01
                         Error479        3.918828208E-01
                         Error480        3.918635824E-01
                         Error481        3.918443859E-01
                         Error482        3.918252311E-01
                         Error483        3.918061178E-01
                         Error484        3.917870460E-01
                         Error485        3.917680155E-01
                         Error486        3.917490261E-01
                         Error487        3.917300779E-01
                         Error488        3.917111705E-01
                         Error489        3.916923040E-01
                         Error490        3.916734782E-01
                         Error491        3.916546929E-01
                         Error492        3.916359480E-01
                         Error493        3.916172435E-01
                         Error494        3.915985791E-01
                         Error495        3.915799548E-01
                         Error496        3.915613705E-01
                         Error497        3.915428260E-01
                         Error498        3.915243212E-01
                         Error499        3.915058559E-01
                         Error500        3.914874302E-01
                         Error        3.914874302E-01
