-xyz
refined.xyz
-dens
/home/unibas/boittier/RDKit_G2/B.pdb/SCAN_1_2_3_4_S_36_10.0/30_SCAN_1_2_3_4_F/B.d.cube
-esp
/home/unibas/boittier/RDKit_G2/B.pdb/SCAN_1_2_3_4_S_36_10.0/30_SCAN_1_2_3_4_F/B.p.cube
-stepsize
0.2
-n_steps
50
-learning_rate
0.5
   3.2164855533585635        1.6678895643962901       -2.3906736309592249     
   3.2922910475000617      -0.97456720242037242      -0.67412945894188325     
   6.2881002352070876      -0.81249706156221002      -0.16003052439658758     
   4.0056943426698153      -0.71058642279924422        7.0454287758285022E-002
   3.6163903300006557        4.6871270397839976E-002  0.39003494011911000     
   2.6100364882347447       -1.1730820596383107        1.1576497771886833     
   1.8371844247009665      -0.56599213676436122      -0.17020367679997978     
   2.0843227524430668      -0.96626010399850371        1.0993550985927349     
   1.3381693279191975      -0.43183424048917496       0.66360050520989222     
   2.0106652761650983       -2.8480121507461305        2.7438088028127510     
  -1.5176371579765753        2.9604966330527276       0.20391670996898376     
  -1.3335737613808227        2.3457951221360056        8.2944146106802716E-002
  -1.3823269303016537        1.5060627558525681       0.16027206049762388     
  -1.4775583582065663        2.6017276513363670       0.29469841022161020     
 -0.89594336505919070      -0.39566544897101169       0.41352733824729349     
 -0.95811041006408859       0.36328112722262956       0.13349078055185667     
 -0.71601624862379853      -0.89118309463279299       0.27633260795988446     
  -1.0934634647768209      -0.61308364142930194      -0.31182945680218510     
  -5.1412254677154818      -0.76176057789569884       -1.0063315951454024     
  -1.8634001964164315       -1.5058646007855732      -0.30258227465071003     
  -2.5501356802899560       -1.1267670552865328        9.1620759576733837E-002
  -2.7426427674806466      -0.77480075041993768      -0.32051665875705598     
  -2.5703265914066571       -1.0909737979295508      -0.53892329095105207     
  -2.8834120756745341       -3.9647959699433843       0.10265759481331728     
  -2.8427963432300989       -3.8257263294991994      -0.19107410038857559     
First
                         Total        5.811273972E-01
Step size:       0.20
Step size in Bohr:       0.38
Learning Rate:       1.00
# Steps:         50
                         Error  1        5.788378750E-01
                         Error  2        5.766870052E-01
                         Error  3        5.746644135E-01
                         Error  4        5.727604849E-01
                         Error  5        5.709663145E-01
                         Error  6        5.692736607E-01
                         Error  7        5.676749000E-01
                         Error  8        5.661629850E-01
                         Error  9        5.647314036E-01
                         Error 10        5.633741414E-01
                         Error 11        5.620856456E-01
                         Error 12        5.608607916E-01
                         Error 13        5.596948515E-01
                         Error 14        5.585834645E-01
                         Error 15        5.575226093E-01
                         Error 16        5.565085788E-01
                         Error 17        5.555379558E-01
                         Error 18        5.546075908E-01
                         Error 19        5.537145816E-01
                         Error 20        5.528562540E-01
                         Error 21        5.520301440E-01
                         Error 22        5.512339814E-01
                         Error 23        5.504656745E-01
                         Error 24        5.497232962E-01
                         Error 25        5.490050708E-01
                         Error 26        5.483093621E-01
                         Error 27        5.476346624E-01
                         Error 28        5.469795821E-01
                         Error 29        5.463428404E-01
                         Error 30        5.457232565E-01
                         Error 31        5.451197417E-01
                         Error 32        5.445312920E-01
                         Error 33        5.439569814E-01
                         Error 34        5.433959554E-01
                         Error 35        5.428474254E-01
                         Error 36        5.423106637E-01
                         Error 37        5.417849979E-01
                         Error 38        5.412698072E-01
                         Error 39        5.407645180E-01
                         Error 40        5.402685998E-01
                         Error 41        5.397815623E-01
                         Error 42        5.393029516E-01
                         Error 43        5.388323478E-01
                         Error 44        5.383693620E-01
                         Error 45        5.379136338E-01
                         Error 46        5.374648292E-01
                         Error 47        5.370226382E-01
                         Error 48        5.365867733E-01
                         Error 49        5.361569674E-01
                         Error 50        5.357329722E-01
                         Error        5.357329722E-01
