-xyz
refined.xyz
-dens
/home/unibas/boittier/RDKit_G2/B.pdb/SCAN_1_2_3_4_S_36_10.0/23_SCAN_1_2_3_4_F/B.d.cube
-esp
/home/unibas/boittier/RDKit_G2/B.pdb/SCAN_1_2_3_4_S_36_10.0/23_SCAN_1_2_3_4_F/B.p.cube
-stepsize
0.2
-n_steps
500
-learning_rate
0.5
  -3.3792453333846884        2.0455250591898584       -1.9774054526166789     
  -3.5546596110742383       0.25717928261330275       0.53143345968781586     
  -6.3755500027644167      -0.66349409982995156        6.7153810763857819E-002
  -4.0104085064738753      -0.51428971706827620       0.12869225380589971     
  -3.4848432364396360      -0.75404303184707056      -0.58062854131398267     
  -2.5035631666332194       -1.1788212294311602       0.94334177758223425     
  -1.6529165738535405       -1.0051523417913857      -0.27552628699693432     
  -1.9731773246718525      -0.93969644368906358       0.93543119624329918     
  -1.0979826040387193      -0.93301530147751177       0.48345722328424384     
  -1.8404544029118974       -3.0683270252455621        2.4469977012308659     
   2.6563385391425798       -1.9958148801269928      -0.38606826383827575     
   2.2694570843120232       -1.6412713830437542      -0.37886534146062245     
   1.8692595606317894      -0.94166138547562506      -0.16632402727140347     
   2.4801514354373992       -1.7739404207776557      -0.27724494584912335     
  0.63886271167314856       0.19647018077610520       0.32087620804516453     
   1.0538743942022177      -0.29396299356637601       -5.3842029966671926E-003
  0.27318661235948177       0.51052610429607403       0.30509358659760483     
  0.72189875780210377       0.60062481010136781      -0.19485595171969161     
   4.2066159895593893        2.9333076513499665      -0.30542246365613673     
  0.94567326741106161        1.7218676440872585       0.16939975651242040     
   1.6664908664524858        1.6254321508018017       0.44973336506517664     
   1.9615920664686635        1.5080041526133627        3.7299673903554764E-002
   1.6582516242179006        1.7647322303444120       -4.0328227730267119E-002
  0.71675002209184357        4.0269729562253298        1.2808018012809932     
  0.64309858251161101        4.0423002395078047       0.99635929185024286     
First
                         Total        4.310506901E-01
Step size:       0.20
Step size in Bohr:       0.38
Learning Rate:       1.00
# Steps:        500
                         Error  1        4.304957043E-01
                         Error  2        4.299866095E-01
                         Error  3        4.295191959E-01
                         Error  4        4.290896358E-01
                         Error  5        4.286944497E-01
                         Error  6        4.283304760E-01
                         Error  7        4.279948424E-01
                         Error  8        4.276849406E-01
                         Error  9        4.273984018E-01
                         Error 10        4.271330758E-01
                         Error 11        4.268870109E-01
                         Error 12        4.266584356E-01
                         Error 13        4.264457427E-01
                         Error 14        4.262474739E-01
                         Error 15        4.260623061E-01
                         Error 16        4.258890391E-01
                         Error 17        4.257265844E-01
                         Error 18        4.255739545E-01
                         Error 19        4.254302537E-01
                         Error 20        4.252946699E-01
                         Error 21        4.251664664E-01
                         Error 22        4.250449752E-01
                         Error 23        4.249295903E-01
                         Error 24        4.248197623E-01
                         Error 25        4.247149929E-01
                         Error 26        4.246148302E-01
                         Error 27        4.245188641E-01
                         Error 28        4.244267230E-01
                         Error 29        4.243380696E-01
                         Error 30        4.242525982E-01
                         Error 31        4.241700311E-01
                         Error 32        4.240901166E-01
                         Error 33        4.240126265E-01
                         Error 34        4.239373535E-01
                         Error 35        4.238641096E-01
                         Error 36        4.237927241E-01
                         Error 37        4.237230422E-01
                         Error 38        4.236549232E-01
                         Error 39        4.235882396E-01
                         Error 40        4.235228755E-01
                         Error 41        4.234587257E-01
                         Error 42        4.233956946E-01
                         Error 43        4.233336953E-01
                         Error 44        4.232726490E-01
                         Error 45        4.232124840E-01
                         Error 46        4.231531352E-01
                         Error 47        4.230945433E-01
                         Error 48        4.230366543E-01
                         Error 49        4.229794195E-01
                         Error 50        4.229227940E-01
                         Error 51        4.228667373E-01
                         Error 52        4.228112126E-01
                         Error 53        4.227561860E-01
                         Error 54        4.227016270E-01
                         Error 55        4.226475076E-01
                         Error 56        4.225938022E-01
                         Error 57        4.225404876E-01
                         Error 58        4.224875426E-01
                         Error 59        4.224349478E-01
                         Error 60        4.223826853E-01
                         Error 61        4.223307391E-01
                         Error 62        4.222790942E-01
                         Error 63        4.222277371E-01
                         Error 64        4.221766553E-01
                         Error 65        4.221258374E-01
                         Error 66        4.220752729E-01
                         Error 67        4.220249521E-01
                         Error 68        4.219748663E-01
                         Error 69        4.219250072E-01
                         Error 70        4.218753673E-01
                         Error 71        4.218259397E-01
                         Error 72        4.217767180E-01
                         Error 73        4.217276962E-01
                         Error 74        4.216788688E-01
                         Error 75        4.216302309E-01
                         Error 76        4.215817775E-01
                         Error 77        4.215335044E-01
                         Error 78        4.214854074E-01
                         Error 79        4.214374827E-01
                         Error 80        4.213897268E-01
                         Error 81        4.213421362E-01
                         Error 82        4.212947079E-01
                         Error 83        4.212474390E-01
                         Error 84        4.212003266E-01
                         Error 85        4.211533681E-01
                         Error 86        4.211065611E-01
                         Error 87        4.210599032E-01
                         Error 88        4.210133923E-01
                         Error 89        4.209670262E-01
                         Error 90        4.209208029E-01
                         Error 91        4.208747206E-01
                         Error 92        4.208287774E-01
                         Error 93        4.207829716E-01
                         Error 94        4.207373016E-01
                         Error 95        4.206917656E-01
                         Error 96        4.206463623E-01
                         Error 97        4.206010901E-01
                         Error 98        4.205559477E-01
                         Error 99        4.205109336E-01
                         Error100        4.204660465E-01
                         Error101        4.204212851E-01
                         Error102        4.203766483E-01
                         Error103        4.203321347E-01
                         Error104        4.202877433E-01
                         Error105        4.202434728E-01
                         Error106        4.201993222E-01
                         Error107        4.201552904E-01
                         Error108        4.201113763E-01
                         Error109        4.200675790E-01
                         Error110        4.200238973E-01
                         Error111        4.199803304E-01
                         Error112        4.199368772E-01
                         Error113        4.198935368E-01
                         Error114        4.198503082E-01
                         Error115        4.198071907E-01
                         Error116        4.197641832E-01
                         Error117        4.197212849E-01
                         Error118        4.196784950E-01
                         Error119        4.196358125E-01
                         Error120        4.195932367E-01
                         Error121        4.195507668E-01
                         Error122        4.195084018E-01
                         Error123        4.194661412E-01
                         Error124        4.194239840E-01
                         Error125        4.193819294E-01
                         Error126        4.193399769E-01
                         Error127        4.192981255E-01
                         Error128        4.192563745E-01
                         Error129        4.192147233E-01
                         Error130        4.191731711E-01
                         Error131        4.191317171E-01
                         Error132        4.190903608E-01
                         Error133        4.190491014E-01
                         Error134        4.190079382E-01
                         Error135        4.189668705E-01
                         Error136        4.189258978E-01
                         Error137        4.188850193E-01
                         Error138        4.188442344E-01
                         Error139        4.188035424E-01
                         Error140        4.187629428E-01
                         Error141        4.187224348E-01
                         Error142        4.186820179E-01
                         Error143        4.186416915E-01
                         Error144        4.186014550E-01
                         Error145        4.185613077E-01
                         Error146        4.185212491E-01
                         Error147        4.184812787E-01
                         Error148        4.184413957E-01
                         Error149        4.184015997E-01
                         Error150        4.183618901E-01
                         Error151        4.183222663E-01
                         Error152        4.182827279E-01
                         Error153        4.182432742E-01
                         Error154        4.182039046E-01
                         Error155        4.181646188E-01
                         Error156        4.181254161E-01
                         Error157        4.180862961E-01
                         Error158        4.180472582E-01
                         Error159        4.180083019E-01
                         Error160        4.179694267E-01
                         Error161        4.179306322E-01
                         Error162        4.178919177E-01
                         Error163        4.178532829E-01
                         Error164        4.178147272E-01
                         Error165        4.177762503E-01
                         Error166        4.177378515E-01
                         Error167        4.176995305E-01
                         Error168        4.176612867E-01
                         Error169        4.176231198E-01
                         Error170        4.175850293E-01
                         Error171        4.175470147E-01
                         Error172        4.175090756E-01
                         Error173        4.174712115E-01
                         Error174        4.174334220E-01
                         Error175        4.173957068E-01
                         Error176        4.173580653E-01
                         Error177        4.173204972E-01
                         Error178        4.172830020E-01
                         Error179        4.172455793E-01
                         Error180        4.172082287E-01
                         Error181        4.171709499E-01
                         Error182        4.171337424E-01
                         Error183        4.170966058E-01
                         Error184        4.170595397E-01
                         Error185        4.170225438E-01
                         Error186        4.169856177E-01
                         Error187        4.169487610E-01
                         Error188        4.169119733E-01
                         Error189        4.168752542E-01
                         Error190        4.168386035E-01
                         Error191        4.168020206E-01
                         Error192        4.167655053E-01
                         Error193        4.167290573E-01
                         Error194        4.166926761E-01
                         Error195        4.166563614E-01
                         Error196        4.166201128E-01
                         Error197        4.165839301E-01
                         Error198        4.165478129E-01
                         Error199        4.165117609E-01
                         Error200        4.164757737E-01
                         Error201        4.164398509E-01
                         Error202        4.164039924E-01
                         Error203        4.163681977E-01
                         Error204        4.163324665E-01
                         Error205        4.162967986E-01
                         Error206        4.162611936E-01
                         Error207        4.162256512E-01
                         Error208        4.161901711E-01
                         Error209        4.161547529E-01
                         Error210        4.161193965E-01
                         Error211        4.160841015E-01
                         Error212        4.160488676E-01
                         Error213        4.160136945E-01
                         Error214        4.159785819E-01
                         Error215        4.159435296E-01
                         Error216        4.159085372E-01
                         Error217        4.158736045E-01
                         Error218        4.158387313E-01
                         Error219        4.158039171E-01
                         Error220        4.157691618E-01
                         Error221        4.157344652E-01
                         Error222        4.156998268E-01
                         Error223        4.156652465E-01
                         Error224        4.156307240E-01
                         Error225        4.155962591E-01
                         Error226        4.155618514E-01
                         Error227        4.155275008E-01
                         Error228        4.154932069E-01
                         Error229        4.154589696E-01
                         Error230        4.154247886E-01
                         Error231        4.153906636E-01
                         Error232        4.153565944E-01
                         Error233        4.153225808E-01
                         Error234        4.152886224E-01
                         Error235        4.152547192E-01
                         Error236        4.152208709E-01
                         Error237        4.151870771E-01
                         Error238        4.151533378E-01
                         Error239        4.151196526E-01
                         Error240        4.150860213E-01
                         Error241        4.150524438E-01
                         Error242        4.150189198E-01
                         Error243        4.149854490E-01
                         Error244        4.149520314E-01
                         Error245        4.149186665E-01
                         Error246        4.148853543E-01
                         Error247        4.148520946E-01
                         Error248        4.148188870E-01
                         Error249        4.147857315E-01
                         Error250        4.147526277E-01
                         Error251        4.147195756E-01
                         Error252        4.146865748E-01
                         Error253        4.146536253E-01
                         Error254        4.146207268E-01
                         Error255        4.145878790E-01
                         Error256        4.145550819E-01
                         Error257        4.145223352E-01
                         Error258        4.144896387E-01
                         Error259        4.144569923E-01
                         Error260        4.144243957E-01
                         Error261        4.143918488E-01
                         Error262        4.143593513E-01
                         Error263        4.143269032E-01
                         Error264        4.142945041E-01
                         Error265        4.142621540E-01
                         Error266        4.142298527E-01
                         Error267        4.141975999E-01
                         Error268        4.141653955E-01
                         Error269        4.141332394E-01
                         Error270        4.141011314E-01
                         Error271        4.140690712E-01
                         Error272        4.140370587E-01
                         Error273        4.140050938E-01
                         Error274        4.139731763E-01
                         Error275        4.139413060E-01
                         Error276        4.139094827E-01
                         Error277        4.138777064E-01
                         Error278        4.138459767E-01
                         Error279        4.138142937E-01
                         Error280        4.137826570E-01
                         Error281        4.137510667E-01
                         Error282        4.137195224E-01
                         Error283        4.136880240E-01
                         Error284        4.136565715E-01
                         Error285        4.136251646E-01
                         Error286        4.135938032E-01
                         Error287        4.135624871E-01
                         Error288        4.135312163E-01
                         Error289        4.134999905E-01
                         Error290        4.134688095E-01
                         Error291        4.134376734E-01
                         Error292        4.134065818E-01
                         Error293        4.133755347E-01
                         Error294        4.133445320E-01
                         Error295        4.133135734E-01
                         Error296        4.132826589E-01
                         Error297        4.132517883E-01
                         Error298        4.132209614E-01
                         Error299        4.131901782E-01
                         Error300        4.131594385E-01
                         Error301        4.131287422E-01
                         Error302        4.130980891E-01
                         Error303        4.130674791E-01
                         Error304        4.130369121E-01
                         Error305        4.130063880E-01
                         Error306        4.129759065E-01
                         Error307        4.129454677E-01
                         Error308        4.129150713E-01
                         Error309        4.128847172E-01
                         Error310        4.128544054E-01
                         Error311        4.128241356E-01
                         Error312        4.127939078E-01
                         Error313        4.127637218E-01
                         Error314        4.127335776E-01
                         Error315        4.127034749E-01
                         Error316        4.126734138E-01
                         Error317        4.126433940E-01
                         Error318        4.126134154E-01
                         Error319        4.125834780E-01
                         Error320        4.125535816E-01
                         Error321        4.125237261E-01
                         Error322        4.124939114E-01
                         Error323        4.124641373E-01
                         Error324        4.124344038E-01
                         Error325        4.124047107E-01
                         Error326        4.123750580E-01
                         Error327        4.123454455E-01
                         Error328        4.123158731E-01
                         Error329        4.122863407E-01
                         Error330        4.122568482E-01
                         Error331        4.122273955E-01
                         Error332        4.121979825E-01
                         Error333        4.121686091E-01
                         Error334        4.121392751E-01
                         Error335        4.121099806E-01
                         Error336        4.120807252E-01
                         Error337        4.120515091E-01
                         Error338        4.120223320E-01
                         Error339        4.119931938E-01
                         Error340        4.119640946E-01
                         Error341        4.119350340E-01
                         Error342        4.119060122E-01
                         Error343        4.118770289E-01
                         Error344        4.118480840E-01
                         Error345        4.118191776E-01
                         Error346        4.117903094E-01
                         Error347        4.117614793E-01
                         Error348        4.117326874E-01
                         Error349        4.117039334E-01
                         Error350        4.116752173E-01
                         Error351        4.116465390E-01
                         Error352        4.116178985E-01
                         Error353        4.115892955E-01
                         Error354        4.115607300E-01
                         Error355        4.115322020E-01
                         Error356        4.115037113E-01
                         Error357        4.114752579E-01
                         Error358        4.114468416E-01
                         Error359        4.114184624E-01
                         Error360        4.113901202E-01
                         Error361        4.113618148E-01
                         Error362        4.113335463E-01
                         Error363        4.113053144E-01
                         Error364        4.112771193E-01
                         Error365        4.112489606E-01
                         Error366        4.112208384E-01
                         Error367        4.111927526E-01
                         Error368        4.111647031E-01
                         Error369        4.111366898E-01
                         Error370        4.111087127E-01
                         Error371        4.110807715E-01
                         Error372        4.110528664E-01
                         Error373        4.110249971E-01
                         Error374        4.109971636E-01
                         Error375        4.109693659E-01
                         Error376        4.109416037E-01
                         Error377        4.109138772E-01
                         Error378        4.108861861E-01
                         Error379        4.108585304E-01
                         Error380        4.108309101E-01
                         Error381        4.108033250E-01
                         Error382        4.107757750E-01
                         Error383        4.107482602E-01
                         Error384        4.107207803E-01
                         Error385        4.106933355E-01
                         Error386        4.106659254E-01
                         Error387        4.106385502E-01
                         Error388        4.106112097E-01
                         Error389        4.105839038E-01
                         Error390        4.105566325E-01
                         Error391        4.105293957E-01
                         Error392        4.105021933E-01
                         Error393        4.104750252E-01
                         Error394        4.104478914E-01
                         Error395        4.104207919E-01
                         Error396        4.103937264E-01
                         Error397        4.103666951E-01
                         Error398        4.103396977E-01
                         Error399        4.103127342E-01
                         Error400        4.102858046E-01
                         Error401        4.102589088E-01
                         Error402        4.102320466E-01
                         Error403        4.102052182E-01
                         Error404        4.101784233E-01
                         Error405        4.101516619E-01
                         Error406        4.101249339E-01
                         Error407        4.100982393E-01
                         Error408        4.100715781E-01
                         Error409        4.100449500E-01
                         Error410        4.100183552E-01
                         Error411        4.099917934E-01
                         Error412        4.099652647E-01
                         Error413        4.099387690E-01
                         Error414        4.099123061E-01
                         Error415        4.098858761E-01
                         Error416        4.098594789E-01
                         Error417        4.098331145E-01
                         Error418        4.098067826E-01
                         Error419        4.097804834E-01
                         Error420        4.097542167E-01
                         Error421        4.097279824E-01
                         Error422        4.097017806E-01
                         Error423        4.096756111E-01
                         Error424        4.096494739E-01
                         Error425        4.096233689E-01
                         Error426        4.095972960E-01
                         Error427        4.095712553E-01
                         Error428        4.095452466E-01
                         Error429        4.095192698E-01
                         Error430        4.094933250E-01
                         Error431        4.094674120E-01
                         Error432        4.094415309E-01
                         Error433        4.094156814E-01
                         Error434        4.093898637E-01
                         Error435        4.093640775E-01
                         Error436        4.093383229E-01
                         Error437        4.093125999E-01
                         Error438        4.092869082E-01
                         Error439        4.092612480E-01
                         Error440        4.092356191E-01
                         Error441        4.092100215E-01
                         Error442        4.091844550E-01
                         Error443        4.091589198E-01
                         Error444        4.091334156E-01
                         Error445        4.091079425E-01
                         Error446        4.090825004E-01
                         Error447        4.090570892E-01
                         Error448        4.090317089E-01
                         Error449        4.090063594E-01
                         Error450        4.089810407E-01
                         Error451        4.089557528E-01
                         Error452        4.089304954E-01
                         Error453        4.089052687E-01
                         Error454        4.088800726E-01
                         Error455        4.088549069E-01
                         Error456        4.088297717E-01
                         Error457        4.088046669E-01
                         Error458        4.087795924E-01
                         Error459        4.087545482E-01
                         Error460        4.087295343E-01
                         Error461        4.087045505E-01
                         Error462        4.086795969E-01
                         Error463        4.086546734E-01
                         Error464        4.086297799E-01
                         Error465        4.086049163E-01
                         Error466        4.085800827E-01
                         Error467        4.085552790E-01
                         Error468        4.085305051E-01
                         Error469        4.085057609E-01
                         Error470        4.084810465E-01
                         Error471        4.084563618E-01
                         Error472        4.084317067E-01
                         Error473        4.084070811E-01
                         Error474        4.083824851E-01
                         Error475        4.083579186E-01
                         Error476        4.083333815E-01
                         Error477        4.083088737E-01
                         Error478        4.082843953E-01
                         Error479        4.082599462E-01
                         Error480        4.082355263E-01
                         Error481        4.082111356E-01
                         Error482        4.081867740E-01
                         Error483        4.081624415E-01
                         Error484        4.081381380E-01
                         Error485        4.081138636E-01
                         Error486        4.080896181E-01
                         Error487        4.080654014E-01
                         Error488        4.080412137E-01
                         Error489        4.080170547E-01
                         Error490        4.079929245E-01
                         Error491        4.079688230E-01
                         Error492        4.079447502E-01
                         Error493        4.079207060E-01
                         Error494        4.078966903E-01
                         Error495        4.078727032E-01
                         Error496        4.078487446E-01
                         Error497        4.078248144E-01
                         Error498        4.078009126E-01
                         Error499        4.077770391E-01
                         Error500        4.077531939E-01
                         Error        4.077531939E-01
