-xyz
refined.xyz
-dens
/home/unibas/boittier/RDKit_G2/B.pdb/SCAN_1_2_3_4_S_36_10.0/27_SCAN_1_2_3_4_F/B.d.cube
-esp
/home/unibas/boittier/RDKit_G2/B.pdb/SCAN_1_2_3_4_S_36_10.0/27_SCAN_1_2_3_4_F/B.p.cube
-stepsize
0.2
-n_steps
50
-learning_rate
0.5
  -3.1827085649528479       0.56416417974834587       -3.0796743112598723     
  -3.5003657574090949       0.89835333534342710        5.7749433668297205E-002
  -6.3773450276140284        6.8137466657252482E-002  0.10274932066629806     
  -4.0838952213201711        4.1692076165794269E-002  0.27725124890925529     
  -3.5612278792445671      -0.59579049480682011      -0.10807932360522131     
  -2.6837461781008138       -8.9164540831053098E-003   1.4826996860244277     
  -1.9206897615492522      -0.21738973600495168        3.3995774117233112E-002
  -2.1294346771277279       -4.8002518424126603E-002   1.3710712934021450     
  -1.3185774486728832      -0.31306033036876035       0.80491887816530838     
  -2.1725528199105018      -0.42314475131435275        3.7077154283471270     
   2.2185417813746056       -2.7391447474740414      -0.30477440076814694     
   1.8808072016439332       -2.1792699457972935      -0.34161378871120124     
   1.7294493975058758       -1.3737626985934155      -0.14416856915303089     
   2.1059291270342104       -2.4134082225824476      -0.17608287341908238     
  0.81375794901944865       0.31316391380704067       0.39661370513857336     
   1.0347491433432721      -0.37743341604085634        1.2528757483684214E-002
  0.50697012435234312       0.75210226537976965       0.33722714241953089     
  0.87460977388203442       0.65128026664272520      -0.30919177976011175     
   4.8062752543048051        1.9198320913900291      -0.80035926683617487     
   1.4684908461822497        1.7104346797654213       -2.3250741020551326E-002
   2.2328860425329284        1.4386137588050409       0.30573372600996518     
   2.4983840742995889        1.2272298446378826      -0.16807853150044230     
   2.2426563419759367        1.5317124506373931      -0.32227231133731449     
   1.8813214249878725        4.2129164193727577       0.88219468244419341     
   1.8674021577676145        4.1280246373665035       0.55914914735038390     
First
                         Total        5.897512448E-01
Step size:       0.20
Step size in Bohr:       0.38
Learning Rate:       1.00
# Steps:         50
                         Error  1        5.890992375E-01
                         Error  2        5.884739783E-01
                         Error  3        5.878734408E-01
                         Error  4        5.872957577E-01
                         Error  5        5.867392095E-01
                         Error  6        5.862022120E-01
                         Error  7        5.856833066E-01
                         Error  8        5.851811499E-01
                         Error  9        5.846945048E-01
                         Error 10        5.842222325E-01
                         Error 11        5.837632839E-01
                         Error 12        5.833166935E-01
                         Error 13        5.828815720E-01
                         Error 14        5.824571008E-01
                         Error 15        5.820425259E-01
                         Error 16        5.816371530E-01
                         Error 17        5.812403430E-01
                         Error 18        5.808515071E-01
                         Error 19        5.804701030E-01
                         Error 20        5.800956313E-01
                         Error 21        5.797276319E-01
                         Error 22        5.793656809E-01
                         Error 23        5.790093877E-01
                         Error 24        5.786583924E-01
                         Error 25        5.783123633E-01
                         Error 26        5.779709945E-01
                         Error 27        5.776340041E-01
                         Error 28        5.773011319E-01
                         Error 29        5.769721381E-01
                         Error 30        5.766468014E-01
                         Error 31        5.763249175E-01
                         Error 32        5.760062977E-01
                         Error 33        5.756907680E-01
                         Error 34        5.753781674E-01
                         Error 35        5.750683473E-01
                         Error 36        5.747611702E-01
                         Error 37        5.744565091E-01
                         Error 38        5.741542463E-01
                         Error 39        5.738542730E-01
                         Error 40        5.735564884E-01
                         Error 41        5.732607990E-01
                         Error 42        5.729671184E-01
                         Error 43        5.726753661E-01
                         Error 44        5.723854676E-01
                         Error 45        5.720973538E-01
                         Error 46        5.718109601E-01
                         Error 47        5.715262268E-01
                         Error 48        5.712430982E-01
                         Error 49        5.709615224E-01
                         Error 50        5.706814510E-01
                         Error        5.706814510E-01
