-xyz
refined.xyz
-dens
/home/unibas/boittier/RDKit_G2/B.pdb/SCAN_1_2_3_4_S_36_-10.0/12_SCAN/B.d.cube
-esp
/home/unibas/boittier/RDKit_G2/B.pdb/SCAN_1_2_3_4_S_36_-10.0/12_SCAN/B.p.cube
-stepsize
0.2
-n_steps
10
-learning_rate
0.5
  -3.4640470803321497        2.1939106994535638       -2.4452192020404451     
  -3.1998372063237848       0.57260097207927685        8.7609983862109275E-002
  -2.8122961440121372       0.23263920552214659      -0.81443667855764723     
  -5.9328498599150175      -0.47760325374605461       0.17674837230840326     
  -2.8959683482618672       -6.5202243130309590E-002 -0.88991967478602907     
  -1.1736186362219880      -0.34449684579723194       0.85291421619302865     
  -1.8805325594288531       -2.4783028059390775        2.4363785494334795     
  -2.7009602033181048      -0.76881106543887856        1.0427592448234309     
  -2.0468217410792113      -0.64604208365118410       0.89725943467127478     
   2.2934896447266846       -1.1223625630691692      -0.14513957095786981     
   2.3738004989364097       -1.2783824768983969      -0.16123823963790443     
   2.8921685390126726       -2.6194283514336187      -0.53793647319026539     
   2.4779128680048323       -2.0143997828261822      -0.43049335060377797     
  0.56932177017464725       0.58634265098649785       0.37961244191995502     
   1.0107543059740745       0.46617028903209629       0.55927153667945195     
  0.88843830447332339       0.72272084333485509      -0.67959384465819650     
   1.4738577560023971      -0.43392377684313477       -3.5907559876322402E-002
   2.0721788887344017        1.8336214613883641        1.0822882904662963     
   1.6799060457263568        2.0232198383159599      -0.76666263476726237     
   4.3204953484201729        2.5813084565002455      -0.35273357965434865     
  0.66554891832247576        4.1765507143503324       0.71730455025536255     
First
                         Total        6.716940075E-01
Step size:       0.20
Step size in Bohr:       0.38
Learning Rate:       1.00
# Steps:         10
                         Error  1        6.631563276E-01
                         Error  2        6.550056102E-01
                         Error  3        6.472262502E-01
                         Error  4        6.398029791E-01
                         Error  5        6.327208812E-01
                         Error  6        6.259654084E-01
                         Error  7        6.195223933E-01
                         Error  8        6.133780600E-01
                         Error  9        6.075190334E-01
                         Error 10        6.019323461E-01
                         Error        6.019323461E-01
