-xyz
refined.xyz
-dens
/home/unibas/boittier/RDKit_G2/B.pdb/SCAN_1_2_3_4_S_36_-10.0/3_SCAN/B.d.cube
-esp
/home/unibas/boittier/RDKit_G2/B.pdb/SCAN_1_2_3_4_S_36_-10.0/3_SCAN/B.p.cube
-stepsize
0.2
-n_steps
0
-learning_rate
0.5
  -3.6339620461893589        2.5870555124127446        1.1387914748729788     
  -2.9892573436847800      -0.29665317544744030       0.69890064364440807     
  -2.8660090260062319       0.36355803475777254       -8.7701813966956338E-002
  -5.7538435771547372       -1.2597745693547318       0.21875593626663253     
  -3.0088236349242168       0.23331838665498722      -0.38826470853676925     
 -0.93177603365147610       -1.1823546752187248      -0.54350660136286444     
  -1.5123996389035579       -3.6577866259162248       -1.0115279298077942     
  -2.4013261641628065       -1.8072917824104637      -0.49420493844994950     
  -1.8260646324494665       -1.4634790063573844      -0.48505346622122419     
   1.4264049400561092        1.6642356308772950      -0.28159151101549718     
   1.3802296448327016        1.8481594408251687      -0.31496492186017949     
   1.0536018302438566        3.2805060264509969      -0.16445402200793022     
   1.0529234583208682        2.5487688258507242      -0.14701878442506530     
   1.0011324437911344      -0.77772027953864420      -0.30243803814131981     
   1.2504961727996251      -0.45101988938746507      -0.59271426626802792     
   1.4121097939381710      -0.49106640204926211       0.67193087866240253     
   1.1633783632541244       0.63450469216508232      -0.16641681170619393     
   2.9816121478438631       -1.1018176618571316      -0.75285092162231471     
   2.6803698120587898      -0.99401422598870315        1.1188277566199389     
   5.1897511579532098       -6.9392453335576282E-002  0.57200899300859021     
   3.1480504656345407       -3.6461241671588240       0.31868856833187176     
First
                         Total        4.292381819E-01
Step size:       0.20
Step size in Bohr:       0.38
Learning Rate:       1.00
# Steps:          0
                         Error        4.292381819E-01
