-xyz
refined.xyz
-dens
/home/unibas/boittier/RDKit_G2/B.pdb/SCAN_1_2_3_4_S_36_10.0/1_SCAN_1_2_3_4_F/B.d.cube
-esp
/home/unibas/boittier/RDKit_G2/B.pdb/SCAN_1_2_3_4_S_36_10.0/1_SCAN_1_2_3_4_F/B.p.cube
-stepsize
0.2
-n_steps
1
-learning_rate
0.5
  -3.6625221717064482        2.4425449235598378        2.8069383676380379E-002
  -3.3092120365759672      -0.63568422798083346       0.92242412245490801     
  -6.1948370033005959       -1.3024140071103121       0.26031732736287488     
  -3.9454381400231671       -1.0408125727858519        6.5866196235200763E-002
  -3.5025463998964836      -0.72850256652607137      -0.54175802418771346     
  -2.4186577177049924       -1.8456682895193521      -0.16173686166984627     
  -1.5308973214717239       -1.0150765621989573       0.91089894595450038     
  -2.0429842509642921       -1.4284107366172198      -0.28497378253429217     
  -1.2335745064514212      -0.81362542511270408       -3.9406784123372307E-003
  -1.4203096651549254       -4.0975344587489282       -1.2379914611645986E-002
  0.99582480366288684        3.0856289944573150      -0.12700811381749463     
  0.97697498059579513        2.4168757670976295        2.7216825689458029E-002
   1.1351397447251916        1.6305583685218790       -9.8338269730080141E-002
   1.0237713070745702        2.7079790545419233      -0.21549348484484840     
  0.90662404689899734      -0.37629584625681495      -0.32267565277044752     
  0.92265453474727988       0.42086826723838949       -6.8559606544450506E-003
  0.86320916706929640      -0.90697892595941432      -0.13745873238504025     
   1.3088927273654309      -0.55527323641640824       0.37107436130901189     
   5.3820721365805531       -4.3092413195855848E-002  0.21159166314482719     
   2.2076747930212903       -1.3244271685013898        5.0132326546123065E-003
   2.7098485467368261      -0.78545120068039698      -0.41425873832168247     
   2.9569632340211238      -0.43218251764643872        1.7444067679106539E-002
   2.8692320852495561      -0.82224649070661360       0.23234933030479968     
   3.5105181968846479       -3.4790844540800800      -0.92356677140463705     
   3.4828022520097996       -3.4235521498855448      -0.59873599740493966     
First
                         Total        3.898920325E+00
Step size:       0.20
Step size in Bohr:       0.38
Learning Rate:       1.00
# Steps:          1
                         Error  1        3.865211886E+00
                         Error        3.865211886E+00
