-xyz
refined.xyz
-dens
/home/unibas/boittier/RDKit_G2/B.pdb/SCAN_1_2_3_4_S_36_10.0/34_SCAN_1_2_3_4_F/B.d.cube
-esp
/home/unibas/boittier/RDKit_G2/B.pdb/SCAN_1_2_3_4_S_36_10.0/34_SCAN_1_2_3_4_F/B.p.cube
-stepsize
0.2
-n_steps
0
-learning_rate
0.5
  -3.6013573520596083        2.4107411519876463       0.69090028292551509     
  -3.2792512404852303      -0.76875043593081027       0.88073569461026135     
  -6.2090964977343512       -1.2501772607638111       0.16318205245882136     
  -3.9580295866644830      -0.99571873255158172       -8.2803122923623095E-003
  -3.5347754628140486      -0.57785381434160688      -0.56428632260155942     
  -2.4279955614638267       -1.7913974578082374      -0.50015204398716573     
  -1.6279634527452898      -0.97562401428671719       0.69908876898612093     
  -2.0334312953717260       -1.3808885624823570      -0.57903958744320405     
  -1.2488567149878242      -0.78231320522632286      -0.18681414203963323     
  -1.5005418250835891       -4.0085769811252723      -0.77891074767506252     
   1.0519068500637510        3.0771957910448853      -0.12115599720566382     
   1.0086575962386002        2.4092624176945376        3.1703538669505683E-002
   1.1639791340053278        1.6201101660852517       -7.8701033639009904E-002
   1.0811124370070209        2.6988993293152288      -0.20641422725419328     
  0.92130569998695988      -0.38579658841169989      -0.31948238553476727     
  0.92380805379371989       0.41182966450638059       -4.4335366322796298E-003
  0.85281552853758669      -0.91514827543322974      -0.13806965628841389     
   1.2588833222502844      -0.56978222101581910       0.40669439421662101     
   5.3574196829587697      -0.10105647441519970       0.42812506446335941     
   2.1568123625968165       -1.3513039864722440       0.21507646176836009     
   2.7093140462471568      -0.86072106164902595      -0.28321743175070846     
   2.9402701851428206      -0.46625697426836826       0.12087301538516498     
   2.8312477288353595      -0.82849600437406579       0.37172739253903853     
   3.4715564212102534       -3.6083045986855926      -0.44676369774561836     
   3.4270342339474471       -3.5166479515829114      -0.13214666700835612     
First
                         Total        3.872898289E-01
Step size:       0.20
Step size in Bohr:       0.38
Learning Rate:       1.00
# Steps:          0
                         Error        3.872898289E-01
