-xyz
refined.xyz
-dens
/home/unibas/boittier/RDKit_G2/B.pdb/SCAN_1_2_3_4_S_36_10.0/21_SCAN/B.d.cube
-esp
/home/unibas/boittier/RDKit_G2/B.pdb/SCAN_1_2_3_4_S_36_10.0/21_SCAN/B.p.cube
-stepsize
0.2
-n_steps
0
-learning_rate
0.5
  -3.8483220429749401        2.7404327226918803       -1.4578453395754936     
  -3.5505581986485795      -0.24104597973015843       0.65916700293224384     
  -3.7386469197979260      -0.64090324402102605        8.6758393402054060E-002
  -6.2790877224338422      -0.96161253482286346       0.12807576061729650     
  -3.4367744449340862      -0.75251359975848453      -0.49867707053447452     
  -1.7122314606424338      -0.26108872174237518       0.55195717219482110     
  -1.4085493590215257        2.7017636906292285E-002  0.51920958224849623     
  -1.9374892438138371       -2.4373139171583111       0.93520972525701362     
  -1.9070512644601927       -2.6479999935470886       0.44934121715194419     
  -2.0587178041685048       -2.2800878940846974        1.4137268655668211     
   3.3082981289634983       -2.3776737413238465      -0.57107324933313819     
   2.7287892367987809       -1.7865019556861750      -0.37561272841879373     
  0.64469075331843728       0.80482253426540495      -0.50607330122440974     
  0.38416559076635926       0.95548147738498335      -0.22926136777352368     
   1.1669846831903237       0.87384475517928539       0.70935019475469996     
   1.4537821046345305      -0.21012958943857063      -0.16382915677967133     
   4.3107424078631587        3.1891927133043398      -0.17820013263109763     
   2.0550345193280526        2.0587576547644191        9.1448902627004919E-002
   1.7047834663373382        2.0791771455720709      -0.52844485497213378     
   2.0350072998190893        2.0412194432499056       0.79492376421655453     
 -0.25697852709929342        4.2293076389293214       0.61019835961085023     
First
                         Total        5.075899093E-01
Step size:       0.20
Step size in Bohr:       0.38
Learning Rate:       1.00
# Steps:          0
                         Error        5.075899093E-01
