-xyz
refined.xyz
-dens
/home/unibas/boittier/RDKit_G2/B.pdb/SCAN_1_2_3_4_S_36_10.0/6_SCAN/B.d.cube
-esp
/home/unibas/boittier/RDKit_G2/B.pdb/SCAN_1_2_3_4_S_36_10.0/6_SCAN/B.p.cube
-stepsize
0.2
-n_steps
10
-learning_rate
0.5
   4.2015380960411290        2.7900005743161085      -0.14924992602788781     
   3.4521931234591507      -0.72062153877753088      -0.72196475653878101     
   3.6811862414442906      -0.90115726598921231       -5.9354276164401774E-002
   6.1718245515317234       -1.4798002164097008       -8.2119475441796611E-002
   3.4494990064993560      -0.74715876709767004       0.54859716396613145     
   1.7061160542568552      -0.37399968284548896      -0.17338067903674564     
   1.4232356296426802       -7.4084307709428407E-002 -0.15207570955854613     
   1.6918785903658120       -2.6899195606798885        8.9731008892626387E-003
   1.7157621862473695       -2.6892949615542951       0.53890888548486615     
   1.7712162863693481       -2.7256646314022759      -0.50228615677370936     
  -3.5517718602985333       -2.1220157322857913       0.58360832898348614     
  -2.9313488994170172       -1.4872048197921726       0.29334171252655616     
 -0.62862862792670648       0.88396619251306485       0.73065794282501939     
 -0.33972770680555825        1.0009577930622493       0.48599927555548489     
  -1.0412562673006760        1.0489775015793859      -0.51793540774006908     
  -1.5114610072962442       -5.2397746200099980E-002  0.27191159397569070     
  -4.1113260662140600        3.3058717080144984      -0.84239247532831563     
  -1.9150214925534510        2.0600618152997789      -0.56869232958904903     
  -1.6694662882153442        2.1693992889157374        9.0865762405884662E-002
  -1.7729229934095538        1.9686186476822656       -1.2538533600936659     
  0.63928428369822166        4.2710940863345135        5.2126824522478445E-002
First
                         Total        7.931383694E+00
Step size:       0.20
Step size in Bohr:       0.38
Learning Rate:       1.00
# Steps:         10
                         Error  1        7.885269488E+00
                         Error  2        7.839454041E+00
                         Error  3        7.793939930E+00
                         Error  4        7.748729716E+00
                         Error  5        7.703825939E+00
                         Error  6        7.659231120E+00
                         Error  7        7.614947756E+00
                         Error  8        7.570978320E+00
                         Error  9        7.527325259E+00
                         Error 10        7.483990989E+00
                         Error        7.483990989E+00
