Running in analysis mode

Reading "/home/unibas/boittier/RDKit_G2/B.pdb/SCAN_1_2_3_4_S_36_10.0/15_SCAN/B.p.cube"...

  B.pdb Potential
  Electrostatic potential from Total SCF Density
   10   -8.188690   -7.484334   -6.786295
  112    0.166667    0.000000    0.000000
  100    0.000000    0.166667    0.000000
   83    0.000000    0.000000    0.166667
    6    6.000000   -1.675938    2.463830    0.151609
    6    6.000000   -0.907917    0.073474    0.076464
    6    6.000000    1.635065   -0.971582    0.367013
    6    6.000000    3.770140    0.207850   -0.273543
    1    1.000000   -3.643804    2.942186   -0.122924
    1    1.000000   -0.334645    3.960552    0.511657
    9    9.000000   -2.667125   -1.785986   -0.263660
    1    1.000000    1.697067   -2.868455    1.150343
    1    1.000000    3.763862    2.061641   -1.146446
    1    1.000000    5.593548   -0.663480    0.051047
 -4.91398E-03 -5.01276E-03 -5.11256E-03 -5.21327E-03 -5.31477E-03 -5.41693E-03
       .            .            .            .            .            .
       .            .            .            .            .            .
       .            .            .            .            .            .
  2.39508E-03  2.35283E-03  2.31103E-03  2.26970E-03  2.22887E-03  2.18855E-03

775489 out of 929600 gridpoints are considered (83.4%).

...done!

Reading "21charges.cube"...

  Fitted ESP
  Electrostatic potential fitted from 21 point charges.
   10   -8.188690   -7.484334   -6.786295
  112    0.166667    0.000000    0.000000
  100    0.000000    0.166667    0.000000
   83    0.000000    0.000000    0.166667
    6    6.000000   -1.675938    2.463830    0.151609
    6    6.000000   -0.907917    0.073474    0.076464
    6    6.000000    1.635065   -0.971582    0.367013
    6    6.000000    3.770140    0.207850   -0.273543
    1    1.000000   -3.643804    2.942186   -0.122924
    1    1.000000   -0.334645    3.960552    0.511657
    9    9.000000   -2.667125   -1.785986   -0.263660
    1    1.000000    1.697067   -2.868455    1.150343
    1    1.000000    3.763862    2.061641   -1.146446
    1    1.000000    5.593548   -0.663480    0.051047
 -5.07088E-03 -5.17327E-03 -5.27672E-03 -5.38113E-03 -5.48637E-03 -5.59232E-03
       .            .            .            .            .            .
       .            .            .            .            .            .
       .            .            .            .            .            .
  2.42091E-03  2.38037E-03  2.34020E-03  2.30042E-03  2.26105E-03  2.22213E-03

775489 out of 929600 gridpoints are considered (83.4%).

...done!

                       Measure       RMSE[kcal/mol/e]   MaxError[kcal/mol/e]   NPoints
                         Total        5.009800133E-01        7.166453693E+00    775489
Close (  1.20 < r <   1.66 )          9.984786038E-01        7.166453693E+00    154973
Mid-range ( 1.66 < r <  2.20)         3.333941828E-01        1.495417816E+00    280550
Far-range (  2.20         < r)        1.622313798E-01        6.767788017E-01    339966
Did analysis and wrote slice data
