-xyz
refined.xyz
-dens
/home/unibas/boittier/RDKit_G2/B.pdb/SCAN_1_2_3_4_S_36_10.0/8_SCAN/B.d.cube
-esp
/home/unibas/boittier/RDKit_G2/B.pdb/SCAN_1_2_3_4_S_36_10.0/8_SCAN/B.p.cube
-stepsize
0.2
-n_steps
10
-learning_rate
0.5
  -3.7949330775634897        2.9490139520814647       -1.1405765946620854     
  -3.5329661443536384      -0.15691330554946267       0.74570373053487227     
  -3.7909084484630577      -0.53131288185398251       0.18234383615110283     
  -6.3224719470222679      -0.82915175440256605       0.27918236078245323     
  -3.5453477940223146      -0.63888033970329849      -0.43013365164460116     
  -1.7697115159965360       -4.1121474724667213E-002  0.21065587929998489     
  -1.4424302939279117       0.20838510204278521       0.17812991385048113     
  -2.1205665233465463       -2.3332025002135639       0.19172393343248428     
  -2.1536525462829332       -2.3586178902319417      -0.33710697064529899     
  -2.1953122644032246       -2.3268543988712671       0.70488178871429463     
   3.2337755529479271       -2.5285882517781393        4.0081230435202557E-003
   2.6649007343866429       -1.8834476124019461        3.6901230284814186E-002
  0.73493024840218690       0.77885224235768102      -0.71852504860321276     
  0.46499456728636218       0.95036265945898646      -0.48458585740155757     
   1.1497324546009484       0.94363269080766388       0.52816116042556904     
   1.4516482094938625      -0.25649968387909450      -0.19744712248688645     
   4.5195682158663359        2.9499639221446547      -0.30173468997736991     
   2.1758120055634182        1.9837193048833375      -0.14718371092480800     
   1.8974736492462589        1.9501325275936392      -0.80191159793146427     
   2.0743503708152713        2.0933311959377079       0.54251930059445463     
  -1.3326093150160638E-002   4.3472957460340282      -0.23015738951810027     
First
                         Total        7.288675889E+00
Step size:       0.20
Step size in Bohr:       0.38
Learning Rate:       1.00
# Steps:         10
                         Error  1        7.257888831E+00
                         Error  2        7.227366161E+00
                         Error  3        7.197107425E+00
                         Error  4        7.167112120E+00
                         Error  5        7.137379705E+00
                         Error  6        7.107909594E+00
                         Error  7        7.078701156E+00
                         Error  8        7.049753719E+00
                         Error  9        7.021066570E+00
                         Error 10        6.992638950E+00
                         Error        6.992638950E+00
