-xyz
refined.xyz
-dens
/home/unibas/boittier/RDKit_G2/B.pdb/SCAN_1_2_3_4_S_36_10.0/14_SCAN/B.d.cube
-esp
/home/unibas/boittier/RDKit_G2/B.pdb/SCAN_1_2_3_4_S_36_10.0/14_SCAN/B.p.cube
-stepsize
0.2
-n_steps
10
-learning_rate
0.5
   3.6098685837229967        2.5017554400331936       -1.9021569219366812     
   3.1034902367225299      -0.14779023610621164      -0.69568469068962147     
   2.8990745337365116       0.63624079394157385      -0.12939542042349306     
   5.8909260400851693      -0.77385738868036091       0.11904098615474036     
   3.0317443679097500       0.63960011755088564       0.21686132542737038     
   1.2474247390069453      -0.53073555799850725       0.20086562243581868     
   1.7268987200384105       -3.0789188220096029        1.7409476648743225     
   2.6805875411532725       -1.1184080006741801       0.58803563047844110     
   2.0506863859659172      -0.91355644706728556       0.43191924522249925     
  -2.3527823470163041      -0.96031066497440631      -0.38517720171801362     
  -2.4369765295715156       -1.0959897008251023      -0.44869369185266300     
  -3.1706903313815098       -2.3986147917596981      -0.46896180466238802     
  -2.7004491537530426       -1.8344053190886223      -0.34261266391191714     
 -0.45056702813811517       0.55185826064384313        5.5257740735760542E-002
 -0.77204727865584299       0.51631550839110363      -0.33340104443753726     
  -1.1568013886082451       0.64547375854625522       0.87627085054194442     
  -1.5191523922688812      -0.38073000286697228       -6.5588663106159462E-002
  -1.4517744224114448        2.1461468674596653      -0.79862520155636563     
  -1.8640530351598203        1.8893000524054142        1.0377635653016919     
  -4.0565330797323229        2.9004578922437299      -0.22145070917424209     
 -0.22462074352682762        4.1200864156910075       0.67422711936742619     
First
                         Total        5.981110192E-01
Step size:       0.20
Step size in Bohr:       0.38
Learning Rate:       1.00
# Steps:         10
                         Error  1        5.932517094E-01
                         Error  2        5.886104800E-01
                         Error  3        5.841764953E-01
                         Error  4        5.799393675E-01
                         Error  5        5.758891497E-01
                         Error  6        5.720163267E-01
                         Error  7        5.683118065E-01
                         Error  8        5.647669093E-01
                         Error  9        5.613733574E-01
                         Error 10        5.581232630E-01
                         Error        5.581232630E-01
