-xyz
refined.xyz
-dens
/home/unibas/boittier/RDKit_G2/B.pdb/SCAN_1_2_3_4_S_36_10.0/7_SCAN/B.d.cube
-esp
/home/unibas/boittier/RDKit_G2/B.pdb/SCAN_1_2_3_4_S_36_10.0/7_SCAN/B.p.cube
-stepsize
0.2
-n_steps
10
-learning_rate
0.5
  -3.2250235752717598        1.2810146028880738       -3.0243392928231283     
  -3.1047723084960857       0.36053904270116632      -0.16213823376154138     
  -2.7030035035119400      -0.21058742583256151      -0.91483880977696863     
  -5.8783931934916076      -0.58829073562852996        5.4179674035670422E-002
  -2.7994179874031793      -0.55482244690248661      -0.88849936317494094     
  -1.2044486237818735      -0.72178548080834093       0.47976898516600996     
  -2.0442552943847652       -1.8647367976711675        3.0270863097784857     
  -2.6810335168591726       -1.0089762139892429        1.0163807237891092     
  -2.0642058778966192      -0.80560391911385965       0.82699380912235532     
   1.7001038963280861        1.5381756470379613      -0.10918345832718530     
   1.6933289906361380        1.7258048632212832      -0.13030787084165685     
   1.7341555792879020        3.1885983797096666        8.5320952117318438E-002
   1.5913274909798072        2.4692535680636429       0.11764972928657355     
  0.78913975997664654      -0.75823726383988688        6.2154601030018693E-002
   1.0036833607005877      -0.48017011647952357      -0.29942123361436190     
   1.5491778014310267      -0.61232516626095557       0.84487750295982977     
   1.2782537609922497       0.58167190118309986       0.10697431311509373     
   2.2346891120525361       -1.4073204286097039       -1.2449658338831415     
   2.7554298950861189       -1.4334361124045041       0.58068976240793935     
   4.9567701384308185      -0.98949092467821576      -0.96391210804024807     
   2.2313017350247946       -4.0224880381432975      -0.36415935154720386     
First
                         Total        8.243957538E-01
Step size:       0.20
Step size in Bohr:       0.38
Learning Rate:       1.00
# Steps:         10
                         Error  1        8.047250662E-01
                         Error  2        7.858439653E-01
                         Error  3        7.677334102E-01
                         Error  4        7.503741193E-01
                         Error  5        7.337466041E-01
                         Error  6        7.178312018E-01
                         Error  7        7.026081083E-01
                         Error  8        6.880574120E-01
                         Error  9        6.741591265E-01
                         Error 10        6.608932247E-01
                         Error        6.608932247E-01
