Running in analysis mode

Reading "/home/unibas/boittier/RDKit_G2/B.pdb/SCAN_1_2_3_4_S_36_10.0/6_SCAN/B.p.cube"...

  B.pdb Potential
  Electrostatic potential from Total SCF Density
   10  -10.142007   -8.106940   -7.087291
  118    0.166667    0.000000    0.000000
   92    0.000000    0.166667    0.000000
   87    0.000000    0.000000    0.166667
    6    6.000000    2.900711   -1.594188   -0.444407
    6    6.000000    0.980530   -0.124811    0.217899
    6    6.000000   -1.651706   -0.892236    0.720023
    6    6.000000   -3.629255   -0.023899   -0.574539
    1    1.000000    4.731101   -0.799534   -0.889621
    1    1.000000    2.659640   -3.622057   -0.509578
    9    9.000000    1.318339    2.435171    0.222020
    1    1.000000   -1.908204   -2.392080    2.098361
    1    1.000000   -3.430272    1.427839   -2.007114
    1    1.000000   -5.519002   -0.719910   -0.204090
  1.94650E-03  1.98553E-03  2.02535E-03  2.06595E-03  2.10734E-03  2.14951E-03
       .            .            .            .            .            .
       .            .            .            .            .            .
       .            .            .            .            .            .
 -3.66274E-03 -3.60937E-03 -3.55571E-03 -3.50184E-03 -3.44785E-03 -3.39381E-03

789962 out of 944472 gridpoints are considered (83.6%).

...done!

Reading "21charges.cube"...

  Fitted ESP
  Electrostatic potential fitted from 21 point charges.
   10  -10.142007   -8.106940   -7.087291
  118    0.166667    0.000000    0.000000
   92    0.000000    0.166667    0.000000
   87    0.000000    0.000000    0.166667
    6    6.000000    2.900711   -1.594188   -0.444407
    6    6.000000    0.980530   -0.124811    0.217899
    6    6.000000   -1.651706   -0.892236    0.720023
    6    6.000000   -3.629255   -0.023899   -0.574539
    1    1.000000    4.731101   -0.799534   -0.889621
    1    1.000000    2.659640   -3.622057   -0.509578
    9    9.000000    1.318339    2.435171    0.222020
    1    1.000000   -1.908204   -2.392080    2.098361
    1    1.000000   -3.430272    1.427839   -2.007114
    1    1.000000   -5.519002   -0.719910   -0.204090
  1.92838E-03  1.96636E-03  2.00510E-03  2.04460E-03  2.08485E-03  2.12585E-03
       .            .            .            .            .            .
       .            .            .            .            .            .
       .            .            .            .            .            .
 -3.52849E-03 -3.47779E-03 -3.42680E-03 -3.37561E-03 -3.32429E-03 -3.27291E-03

789962 out of 944472 gridpoints are considered (83.6%).

...done!

                       Measure       RMSE[kcal/mol/e]   MaxError[kcal/mol/e]   NPoints
                         Total        5.901391319E-01        6.048689274E+00    789962
Close (  1.20 < r <   1.66 )          1.089802069E+00        6.048689274E+00    155910
Mid-range ( 1.66 < r <  2.20)         4.707850729E-01        1.213666064E+00    276686
Far-range (  2.20         < r)        2.830034472E-01        6.144447219E-01    357366
Did analysis and wrote slice data
