node26.cluster
-xyz
refined.xyz
-dens
../../cubes/4_SCAN_1_2_3_4_F/B.d.cube
-esp
../../cubes/4_SCAN_1_2_3_4_F/B.p.cube
-stepsize
0.2
-n_steps
500
-learning_rate
0.5
  -3.1425048962792421       0.30277903341944251       -3.0444290560198763     
  -3.2966349388541794       0.74221107400461195        9.0858957729133868E-002
  -6.3791395877155042      -0.19197718933293609       0.11030603995364266     
  -4.0161964834815702      -0.19960645134860036       0.10409065106813134     
  -3.5166994708360528      -0.79841955506712903       -2.8800155169847346E-003
  -2.5986011000724085      -0.26966359226182773       0.95232205857936725     
  -1.4696084531929832       0.14948426697509806        1.5026605157092050     
  -2.1550152864372563      -0.22909030483098033       0.51598941903345263     
  -1.2546252020059978        1.9801928733295990E-002  0.59783914814817241     
  -2.1009055462165742      -0.97287306017299913        3.7083688881397192     
   1.4936059032394386        2.4470674950145699       -5.6830871469715626E-002
   1.3980614286530582        2.0738579468870579        3.1893753717567287E-002
   1.2318773996342942        1.3298848141829733        1.3689786431123032E-002
   1.4860763747022494        2.2241909324237432       -9.3283747948102083E-002
  0.65012604590284606      -0.18969218880447275        1.7592366667386554E-002
  0.87101241740486812       0.42831645216054726        9.3950255216921061E-002
  0.49795898674425221      -0.56865579594196447       0.21529142663614620     
   1.0577784552255467      -0.46273484062535264       0.35531756978295759     
   4.9979564378592878       -1.4491408386273048      -0.86425350318225413     
   1.5776098825799765       -1.5017008384333457       0.16221075499943902     
   2.0249681881209152       -1.2689484985136790      -0.35824789705328958     
   2.3786373874567945      -0.94058504071609317      -0.19637964611221340     
   2.2355947704641941       -1.2954043543456351        2.3252811771598811E-002
   2.0656485525881476       -3.9197578941540914      -0.47797280324051178     
   2.0659697826272314       -3.9936016535949310      -0.31651545030715467     
First
                         Total        4.423238347E-01
Step size:       0.20
Step size in Bohr:       0.38
Learning Rate:       1.00
# Steps:        500
                         Error  1        4.422944669E-01
                         Error  2        4.422651955E-01
                         Error  3        4.422360199E-01
                         Error  4        4.422069395E-01
                         Error  5        4.421779537E-01
                         Error  6        4.421490618E-01
                         Error  7        4.421202633E-01
                         Error  8        4.420915575E-01
                         Error  9        4.420629439E-01
                         Error 10        4.420344219E-01
                         Error 11        4.420059910E-01
                         Error 12        4.419776504E-01
                         Error 13        4.419493997E-01
                         Error 14        4.419212384E-01
                         Error 15        4.418931658E-01
                         Error 16        4.418651814E-01
                         Error 17        4.418372846E-01
                         Error 18        4.418094749E-01
                         Error 19        4.417817519E-01
                         Error 20        4.417541148E-01
                         Error 21        4.417265633E-01
                         Error 22        4.416990967E-01
                         Error 23        4.416717147E-01
                         Error 24        4.416444166E-01
                         Error 25        4.416172019E-01
                         Error 26        4.415900702E-01
                         Error 27        4.415630209E-01
                         Error 28        4.415360535E-01
                         Error 29        4.415091676E-01
                         Error 30        4.414823627E-01
                         Error 31        4.414556383E-01
                         Error 32        4.414289939E-01
                         Error 33        4.414024290E-01
                         Error 34        4.413759431E-01
                         Error 35        4.413495359E-01
                         Error 36        4.413232068E-01
                         Error 37        4.412969554E-01
                         Error 38        4.412707812E-01
                         Error 39        4.412446838E-01
                         Error 40        4.412186627E-01
                         Error 41        4.411927175E-01
                         Error 42        4.411668478E-01
                         Error 43        4.411410531E-01
                         Error 44        4.411153329E-01
                         Error 45        4.410896870E-01
                         Error 46        4.410641147E-01
                         Error 47        4.410386158E-01
                         Error 48        4.410131898E-01
                         Error 49        4.409878363E-01
                         Error 50        4.409625548E-01
                         Error 51        4.409373450E-01
                         Error 52        4.409122066E-01
                         Error 53        4.408871389E-01
                         Error 54        4.408621418E-01
                         Error 55        4.408372148E-01
                         Error 56        4.408123575E-01
                         Error 57        4.407875694E-01
                         Error 58        4.407628504E-01
                         Error 59        4.407381998E-01
                         Error 60        4.407136175E-01
                         Error 61        4.406891030E-01
                         Error 62        4.406646559E-01
                         Error 63        4.406402759E-01
                         Error 64        4.406159626E-01
                         Error 65        4.405917157E-01
                         Error 66        4.405675348E-01
                         Error 67        4.405434195E-01
                         Error 68        4.405193695E-01
                         Error 69        4.404953845E-01
                         Error 70        4.404714640E-01
                         Error 71        4.404476078E-01
                         Error 72        4.404238156E-01
                         Error 73        4.404000869E-01
                         Error 74        4.403764215E-01
                         Error 75        4.403528190E-01
                         Error 76        4.403292790E-01
                         Error 77        4.403058014E-01
                         Error 78        4.402823857E-01
                         Error 79        4.402590316E-01
                         Error 80        4.402357388E-01
                         Error 81        4.402125070E-01
                         Error 82        4.401893358E-01
                         Error 83        4.401662251E-01
                         Error 84        4.401431744E-01
                         Error 85        4.401201834E-01
                         Error 86        4.400972519E-01
                         Error 87        4.400743795E-01
                         Error 88        4.400515660E-01
                         Error 89        4.400288111E-01
                         Error 90        4.400061144E-01
                         Error 91        4.399834757E-01
                         Error 92        4.399608946E-01
                         Error 93        4.399383710E-01
                         Error 94        4.399159044E-01
                         Error 95        4.398934947E-01
                         Error 96        4.398711415E-01
                         Error 97        4.398488446E-01
                         Error 98        4.398266037E-01
                         Error 99        4.398044186E-01
                         Error100        4.397822888E-01
                         Error101        4.397602143E-01
                         Error102        4.397381947E-01
                         Error103        4.397162297E-01
                         Error104        4.396943191E-01
                         Error105        4.396724626E-01
                         Error106        4.396506600E-01
                         Error107        4.396289110E-01
                         Error108        4.396072154E-01
                         Error109        4.395855728E-01
                         Error110        4.395639831E-01
                         Error111        4.395424460E-01
                         Error112        4.395209613E-01
                         Error113        4.394995287E-01
                         Error114        4.394781479E-01
                         Error115        4.394568187E-01
                         Error116        4.394355410E-01
                         Error117        4.394143144E-01
                         Error118        4.393931386E-01
                         Error119        4.393720136E-01
                         Error120        4.393509390E-01
                         Error121        4.393299146E-01
                         Error122        4.393089402E-01
                         Error123        4.392880155E-01
                         Error124        4.392671404E-01
                         Error125        4.392463145E-01
                         Error126        4.392255377E-01
                         Error127        4.392048098E-01
                         Error128        4.391841305E-01
                         Error129        4.391634997E-01
                         Error130        4.391429170E-01
                         Error131        4.391223823E-01
                         Error132        4.391018954E-01
                         Error133        4.390814561E-01
                         Error134        4.390610641E-01
                         Error135        4.390407192E-01
                         Error136        4.390204213E-01
                         Error137        4.390001701E-01
                         Error138        4.389799654E-01
                         Error139        4.389598070E-01
                         Error140        4.389396948E-01
                         Error141        4.389196284E-01
                         Error142        4.388996078E-01
                         Error143        4.388796327E-01
                         Error144        4.388597030E-01
                         Error145        4.388398183E-01
                         Error146        4.388199786E-01
                         Error147        4.388001837E-01
                         Error148        4.387804333E-01
                         Error149        4.387607273E-01
                         Error150        4.387410654E-01
                         Error151        4.387214475E-01
                         Error152        4.387018735E-01
                         Error153        4.386823430E-01
                         Error154        4.386628560E-01
                         Error155        4.386434123E-01
                         Error156        4.386240116E-01
                         Error157        4.386046538E-01
                         Error158        4.385853387E-01
                         Error159        4.385660662E-01
                         Error160        4.385468361E-01
                         Error161        4.385276481E-01
                         Error162        4.385085021E-01
                         Error163        4.384893980E-01
                         Error164        4.384703356E-01
                         Error165        4.384513147E-01
                         Error166        4.384323351E-01
                         Error167        4.384133967E-01
                         Error168        4.383944993E-01
                         Error169        4.383756427E-01
                         Error170        4.383568268E-01
                         Error171        4.383380514E-01
                         Error172        4.383193163E-01
                         Error173        4.383006214E-01
                         Error174        4.382819666E-01
                         Error175        4.382633516E-01
                         Error176        4.382447763E-01
                         Error177        4.382262406E-01
                         Error178        4.382077443E-01
                         Error179        4.381892872E-01
                         Error180        4.381708692E-01
                         Error181        4.381524901E-01
                         Error182        4.381341498E-01
                         Error183        4.381158481E-01
                         Error184        4.380975850E-01
                         Error185        4.380793601E-01
                         Error186        4.380611734E-01
                         Error187        4.380430248E-01
                         Error188        4.380249140E-01
                         Error189        4.380068410E-01
                         Error190        4.379888056E-01
                         Error191        4.379708077E-01
                         Error192        4.379528470E-01
                         Error193        4.379349235E-01
                         Error194        4.379170371E-01
                         Error195        4.378991875E-01
                         Error196        4.378813747E-01
                         Error197        4.378635985E-01
                         Error198        4.378458588E-01
                         Error199        4.378281554E-01
                         Error200        4.378104882E-01
                         Error201        4.377928571E-01
                         Error202        4.377752619E-01
                         Error203        4.377577025E-01
                         Error204        4.377401787E-01
                         Error205        4.377226905E-01
                         Error206        4.377052377E-01
                         Error207        4.376878202E-01
                         Error208        4.376704378E-01
                         Error209        4.376530904E-01
                         Error210        4.376357779E-01
                         Error211        4.376185002E-01
                         Error212        4.376012571E-01
                         Error213        4.375840485E-01
                         Error214        4.375668742E-01
                         Error215        4.375497343E-01
                         Error216        4.375326284E-01
                         Error217        4.375155566E-01
                         Error218        4.374985186E-01
                         Error219        4.374815145E-01
                         Error220        4.374645439E-01
                         Error221        4.374476069E-01
                         Error222        4.374307033E-01
                         Error223        4.374138330E-01
                         Error224        4.373969958E-01
                         Error225        4.373801917E-01
                         Error226        4.373634206E-01
                         Error227        4.373466822E-01
                         Error228        4.373299766E-01
                         Error229        4.373133035E-01
                         Error230        4.372966629E-01
                         Error231        4.372800547E-01
                         Error232        4.372634787E-01
                         Error233        4.372469349E-01
                         Error234        4.372304231E-01
                         Error235        4.372139432E-01
                         Error236        4.371974951E-01
                         Error237        4.371810787E-01
                         Error238        4.371646939E-01
                         Error239        4.371483405E-01
                         Error240        4.371320185E-01
                         Error241        4.371157278E-01
                         Error242        4.370994683E-01
                         Error243        4.370832397E-01
                         Error244        4.370670422E-01
                         Error245        4.370508754E-01
                         Error246        4.370347394E-01
                         Error247        4.370186341E-01
                         Error248        4.370025592E-01
                         Error249        4.369865148E-01
                         Error250        4.369705007E-01
                         Error251        4.369545168E-01
                         Error252        4.369385630E-01
                         Error253        4.369226393E-01
                         Error254        4.369067454E-01
                         Error255        4.368908814E-01
                         Error256        4.368750471E-01
                         Error257        4.368592425E-01
                         Error258        4.368434673E-01
                         Error259        4.368277216E-01
                         Error260        4.368120052E-01
                         Error261        4.367963180E-01
                         Error262        4.367806600E-01
                         Error263        4.367650310E-01
                         Error264        4.367494309E-01
                         Error265        4.367338597E-01
                         Error266        4.367183173E-01
                         Error267        4.367028035E-01
                         Error268        4.366873183E-01
                         Error269        4.366718616E-01
                         Error270        4.366564332E-01
                         Error271        4.366410332E-01
                         Error272        4.366256614E-01
                         Error273        4.366103176E-01
                         Error274        4.365950019E-01
                         Error275        4.365797141E-01
                         Error276        4.365644542E-01
                         Error277        4.365492220E-01
                         Error278        4.365340175E-01
                         Error279        4.365188406E-01
                         Error280        4.365036911E-01
                         Error281        4.364885691E-01
                         Error282        4.364734744E-01
                         Error283        4.364584069E-01
                         Error284        4.364433665E-01
                         Error285        4.364283533E-01
                         Error286        4.364133669E-01
                         Error287        4.363984075E-01
                         Error288        4.363834749E-01
                         Error289        4.363685690E-01
                         Error290        4.363536898E-01
                         Error291        4.363388371E-01
                         Error292        4.363240108E-01
                         Error293        4.363092110E-01
                         Error294        4.362944375E-01
                         Error295        4.362796902E-01
                         Error296        4.362649690E-01
                         Error297        4.362502739E-01
                         Error298        4.362356048E-01
                         Error299        4.362209616E-01
                         Error300        4.362063443E-01
                         Error301        4.361917527E-01
                         Error302        4.361771867E-01
                         Error303        4.361626464E-01
                         Error304        4.361481315E-01
                         Error305        4.361336421E-01
                         Error306        4.361191780E-01
                         Error307        4.361047393E-01
                         Error308        4.360903257E-01
                         Error309        4.360759373E-01
                         Error310        4.360615739E-01
                         Error311        4.360472355E-01
                         Error312        4.360329220E-01
                         Error313        4.360186333E-01
                         Error314        4.360043694E-01
                         Error315        4.359901302E-01
                         Error316        4.359759155E-01
                         Error317        4.359617254E-01
                         Error318        4.359475598E-01
                         Error319        4.359334185E-01
                         Error320        4.359193016E-01
                         Error321        4.359052089E-01
                         Error322        4.358911403E-01
                         Error323        4.358770959E-01
                         Error324        4.358630755E-01
                         Error325        4.358490790E-01
                         Error326        4.358351065E-01
                         Error327        4.358211577E-01
                         Error328        4.358072327E-01
                         Error329        4.357933314E-01
                         Error330        4.357794537E-01
                         Error331        4.357655995E-01
                         Error332        4.357517688E-01
                         Error333        4.357379615E-01
                         Error334        4.357241775E-01
                         Error335        4.357104168E-01
                         Error336        4.356966793E-01
                         Error337        4.356829649E-01
                         Error338        4.356692736E-01
                         Error339        4.356556052E-01
                         Error340        4.356419598E-01
                         Error341        4.356283373E-01
                         Error342        4.356147376E-01
                         Error343        4.356011606E-01
                         Error344        4.355876063E-01
                         Error345        4.355740746E-01
                         Error346        4.355605654E-01
                         Error347        4.355470787E-01
                         Error348        4.355336144E-01
                         Error349        4.355201725E-01
                         Error350        4.355067528E-01
                         Error351        4.354933554E-01
                         Error352        4.354799801E-01
                         Error353        4.354666269E-01
                         Error354        4.354532958E-01
                         Error355        4.354399866E-01
                         Error356        4.354266993E-01
                         Error357        4.354134339E-01
                         Error358        4.354001903E-01
                         Error359        4.353869683E-01
                         Error360        4.353737681E-01
                         Error361        4.353605894E-01
                         Error362        4.353474323E-01
                         Error363        4.353342967E-01
                         Error364        4.353211825E-01
                         Error365        4.353080897E-01
                         Error366        4.352950182E-01
                         Error367        4.352819679E-01
                         Error368        4.352689388E-01
                         Error369        4.352559308E-01
                         Error370        4.352429439E-01
                         Error371        4.352299780E-01
                         Error372        4.352170330E-01
                         Error373        4.352041090E-01
                         Error374        4.351912058E-01
                         Error375        4.351783233E-01
                         Error376        4.351654616E-01
                         Error377        4.351526206E-01
                         Error378        4.351398001E-01
                         Error379        4.351270003E-01
                         Error380        4.351142209E-01
                         Error381        4.351014619E-01
                         Error382        4.350887234E-01
                         Error383        4.350760051E-01
                         Error384        4.350633072E-01
                         Error385        4.350506294E-01
                         Error386        4.350379719E-01
                         Error387        4.350253344E-01
                         Error388        4.350127170E-01
                         Error389        4.350001196E-01
                         Error390        4.349875421E-01
                         Error391        4.349749846E-01
                         Error392        4.349624468E-01
                         Error393        4.349499289E-01
                         Error394        4.349374307E-01
                         Error395        4.349249522E-01
                         Error396        4.349124933E-01
                         Error397        4.349000539E-01
                         Error398        4.348876341E-01
                         Error399        4.348752338E-01
                         Error400        4.348628529E-01
                         Error401        4.348504914E-01
                         Error402        4.348381491E-01
                         Error403        4.348258262E-01
                         Error404        4.348135224E-01
                         Error405        4.348012379E-01
                         Error406        4.347889724E-01
                         Error407        4.347767260E-01
                         Error408        4.347644986E-01
                         Error409        4.347522901E-01
                         Error410        4.347401006E-01
                         Error411        4.347279299E-01
                         Error412        4.347157781E-01
                         Error413        4.347036450E-01
                         Error414        4.346915306E-01
                         Error415        4.346794349E-01
                         Error416        4.346673578E-01
                         Error417        4.346552992E-01
                         Error418        4.346432592E-01
                         Error419        4.346312377E-01
                         Error420        4.346192345E-01
                         Error421        4.346072498E-01
                         Error422        4.345952833E-01
                         Error423        4.345833352E-01
                         Error424        4.345714053E-01
                         Error425        4.345594935E-01
                         Error426        4.345475999E-01
                         Error427        4.345357244E-01
                         Error428        4.345238669E-01
                         Error429        4.345120274E-01
                         Error430        4.345002059E-01
                         Error431        4.344884023E-01
                         Error432        4.344766165E-01
                         Error433        4.344648486E-01
                         Error434        4.344530984E-01
                         Error435        4.344413659E-01
                         Error436        4.344296511E-01
                         Error437        4.344179539E-01
                         Error438        4.344062743E-01
                         Error439        4.343946123E-01
                         Error440        4.343829677E-01
                         Error441        4.343713406E-01
                         Error442        4.343597309E-01
                         Error443        4.343481386E-01
                         Error444        4.343365636E-01
                         Error445        4.343250058E-01
                         Error446        4.343134653E-01
                         Error447        4.343019419E-01
                         Error448        4.342904358E-01
                         Error449        4.342789467E-01
                         Error450        4.342674746E-01
                         Error451        4.342560196E-01
                         Error452        4.342445815E-01
                         Error453        4.342331604E-01
                         Error454        4.342217561E-01
                         Error455        4.342103687E-01
                         Error456        4.341989981E-01
                         Error457        4.341876443E-01
                         Error458        4.341763071E-01
                         Error459        4.341649867E-01
                         Error460        4.341536828E-01
                         Error461        4.341423956E-01
                         Error462        4.341311249E-01
                         Error463        4.341198707E-01
                         Error464        4.341086330E-01
                         Error465        4.340974117E-01
                         Error466        4.340862068E-01
                         Error467        4.340750182E-01
                         Error468        4.340638459E-01
                         Error469        4.340526899E-01
                         Error470        4.340415501E-01
                         Error471        4.340304265E-01
                         Error472        4.340193191E-01
                         Error473        4.340082277E-01
                         Error474        4.339971524E-01
                         Error475        4.339860931E-01
                         Error476        4.339750498E-01
                         Error477        4.339640225E-01
                         Error478        4.339530110E-01
                         Error479        4.339420155E-01
                         Error480        4.339310357E-01
                         Error481        4.339200717E-01
                         Error482        4.339091235E-01
                         Error483        4.338981910E-01
                         Error484        4.338872742E-01
                         Error485        4.338763730E-01
                         Error486        4.338654874E-01
                         Error487        4.338546173E-01
                         Error488        4.338437628E-01
                         Error489        4.338329237E-01
                         Error490        4.338221001E-01
                         Error491        4.338112919E-01
                         Error492        4.338004991E-01
                         Error493        4.337897216E-01
                         Error494        4.337789594E-01
                         Error495        4.337682124E-01
                         Error496        4.337574807E-01
                         Error497        4.337467641E-01
                         Error498        4.337360627E-01
                         Error499        4.337253764E-01
                         Error500        4.337147052E-01
                         Error        4.337147052E-01

real	69m45.416s
user	69m44.672s
sys	0m0.035s
