-xyz
refined.xyz
-dens
../../cube_files/acrolein/2_SCAN_1_2_6_8_F/O.d.cube
-esp
../../cube_files/acrolein/2_SCAN_1_2_6_8_F/O.p.cube
-stepsize
0.2
-n_steps
1
-learning_rate
0.5
  -3.8725339751466592        2.2117668747628505      -0.67672882760201669     
  -3.6790957114254161        1.8894083419795102      -0.56162040206865793     
  -5.0008172397911750       -1.2521761814685259       0.26931703519390621     
  -4.8613610057612826       -1.1400617365704497       0.21262721840642712     
  -2.8245719879869164      -0.22276644135782017       0.21322742829585276     
  -3.0655803456468225      -0.96379305179823771       0.19629863454161417     
  -3.9554101331615934      -0.15621336311157513       -9.0537689123154880E-002
  -2.5717718339242124       0.72467688422321741      -0.26508348137164861     
  -1.9237096547374553       -1.2047240501123795       -4.5217222055765520E-003
  -1.2814798175591111       -1.6489243860786460E-002  -6.9361442156972195E-002
  -1.5272355440361607      -0.21314516537004860      -0.14062995636144351     
  -1.4803359865177188      -0.66241422609754486        8.5214185354851910E-002
 -0.85568901558078680       -3.4365004810503361      -0.47146093280582602     
   2.6315025736962355E-003  -3.2767270293457478      -0.52557361287474602     
  -1.5490890353368236        9.8106125359083193E-003  0.52235441428185314     
  0.39504788763003534        2.7160271693098084      -0.79200081666846145     
  0.64785635361041949        2.6501156688198391      -0.23240685664405766     
  0.67034133207442947        2.6302354101482672        8.0014822278857145E-002
   1.2659005857985062      -0.15348706680455754      -0.74811471535464513     
   2.5619103219960113       0.19129101364815432       0.17407980825109556     
   3.3987693033233053      -0.87627591678068983       0.60694183709143423     
   3.7249858578938926      -0.55527806816211112       0.48231411964458759     
   3.8702733635693267        5.4517588808516745E-002  0.24834173789506209     
First
                         Total        1.596959741E+01
Step size:       0.20
Step size in Bohr:       0.38
Learning Rate:       1.00
# Steps:          1
                         Error  1        1.592126631E+01
                         Error        1.592126631E+01
