-xyz
refined.xyz
-dens
/home/unibas/boittier/RDKit_G2/B.pdb/SCAN_1_2_3_4_S_36_-10.0/2_SCAN_1_2_3_4_F/B.d.cube
-esp
/home/unibas/boittier/RDKit_G2/B.pdb/SCAN_1_2_3_4_S_36_-10.0/2_SCAN_1_2_3_4_F/B.p.cube
-stepsize
0.2
-n_steps
500
-learning_rate
0.5
  -3.5986297202825739        2.4033900097270879       0.69509943613710512     
  -3.2762740734860265      -0.76880000719811459       0.87335360646601845     
  -6.2098554761531757       -1.2459314912349102       0.16399925935009313     
  -3.9528282164885762      -0.98740408439279281       -6.3184859972346772E-003
  -3.5296455433975491      -0.57318113782303082      -0.56029110944971716     
  -2.4201679272486158       -1.7812191774784041      -0.49840695699395615     
  -1.6267917087005284      -0.97791318090824519       0.69294241907019827     
  -2.0243543089709375       -1.3665136105297961      -0.56579897780002630     
  -1.2448314859821989      -0.77820207192333990      -0.18623903602185335     
  -1.4981987781789639       -4.0083031102661941      -0.78389065686907744     
   1.0334442462875510        3.0422462813155398      -0.11972779937398716     
  0.99347334641737339        2.3892314870893965        2.3466636823801904E-002
   1.1465971797700583        1.6073740456391177       -7.8396264380193176E-002
   1.0620869252283829        2.6710621235779084      -0.20405213133948505     
  0.91483794397098961      -0.37790307290379915      -0.31341834141282826     
  0.91610758131876235       0.41190574578907285       -5.8686847406769112E-003
  0.84856284970371676      -0.90435862576027104      -0.13663538781816623     
   1.2546463578368678      -0.56438229033159015       0.39514899335396148     
   5.3536504414066748      -0.10583783734293782       0.42629448967702349     
   2.1512123683492494       -1.3466054476277696       0.21146337528211606     
   2.6968522054539674      -0.85856672179226612      -0.27566773050449206     
   2.9246690400648183      -0.47111218031529328       0.12011108765299183     
   2.8142566267924796      -0.82857842368099588       0.36351914311800704     
   3.4665469319811821       -3.5959442728397994      -0.44089121585228225     
   3.4168249221016267       -3.5052867061988233      -0.12869508217389330     
First
                         Total        3.659744480E-01
Step size:       0.20
Step size in Bohr:       0.38
Learning Rate:       1.00
# Steps:        500
                         Error  1        3.658120049E-01
                         Error  2        3.656562273E-01
                         Error  3        3.655066496E-01
                         Error  4        3.653628437E-01
                         Error  5        3.652244154E-01
                         Error  6        3.650910022E-01
                         Error  7        3.649622704E-01
                         Error  8        3.648379126E-01
                         Error  9        3.647176459E-01
                         Error 10        3.646012097E-01
                         Error 11        3.644883639E-01
                         Error 12        3.643788871E-01
                         Error 13        3.642725752E-01
                         Error 14        3.641692400E-01
                         Error 15        3.640687078E-01
                         Error 16        3.639708184E-01
                         Error 17        3.638754236E-01
                         Error 18        3.637823867E-01
                         Error 19        3.636915813E-01
                         Error 20        3.636028905E-01
                         Error 21        3.635162059E-01
                         Error 22        3.634314275E-01
                         Error 23        3.633484625E-01
                         Error 24        3.632672247E-01
                         Error 25        3.631876345E-01
                         Error 26        3.631096176E-01
                         Error 27        3.630331053E-01
                         Error 28        3.629580336E-01
                         Error 29        3.628843429E-01
                         Error 30        3.628119777E-01
                         Error 31        3.627408864E-01
                         Error 32        3.626710207E-01
                         Error 33        3.626023355E-01
                         Error 34        3.625347889E-01
                         Error 35        3.624683414E-01
                         Error 36        3.624029561E-01
                         Error 37        3.623385985E-01
                         Error 38        3.622752359E-01
                         Error 39        3.622128380E-01
                         Error 40        3.621513760E-01
                         Error 41        3.620908228E-01
                         Error 42        3.620311530E-01
                         Error 43        3.619723424E-01
                         Error 44        3.619143682E-01
                         Error 45        3.618572090E-01
                         Error 46        3.618008443E-01
                         Error 47        3.617452547E-01
                         Error 48        3.616904217E-01
                         Error 49        3.616363278E-01
                         Error 50        3.615829564E-01
                         Error 51        3.615302914E-01
                         Error 52        3.614783177E-01
                         Error 53        3.614270208E-01
                         Error 54        3.613763866E-01
                         Error 55        3.613264019E-01
                         Error 56        3.612770539E-01
                         Error 57        3.612283301E-01
                         Error 58        3.611802188E-01
                         Error 59        3.611327086E-01
                         Error 60        3.610857884E-01
                         Error 61        3.610394477E-01
                         Error 62        3.609936762E-01
                         Error 63        3.609484639E-01
                         Error 64        3.609038013E-01
                         Error 65        3.608596791E-01
                         Error 66        3.608160882E-01
                         Error 67        3.607730199E-01
                         Error 68        3.607304657E-01
                         Error 69        3.606884173E-01
                         Error 70        3.606468666E-01
                         Error 71        3.606058059E-01
                         Error 72        3.605652274E-01
                         Error 73        3.605251237E-01
                         Error 74        3.604854875E-01
                         Error 75        3.604463119E-01
                         Error 76        3.604075897E-01
                         Error 77        3.603693142E-01
                         Error 78        3.603314789E-01
                         Error 79        3.602940772E-01
                         Error 80        3.602571028E-01
                         Error 81        3.602205494E-01
                         Error 82        3.601844110E-01
                         Error 83        3.601486816E-01
                         Error 84        3.601133553E-01
                         Error 85        3.600784265E-01
                         Error 86        3.600438893E-01
                         Error 87        3.600097385E-01
                         Error 88        3.599759684E-01
                         Error 89        3.599425737E-01
                         Error 90        3.599095493E-01
                         Error 91        3.598768900E-01
                         Error 92        3.598445907E-01
                         Error 93        3.598126465E-01
                         Error 94        3.597810524E-01
                         Error 95        3.597498036E-01
                         Error 96        3.597188955E-01
                         Error 97        3.596883233E-01
                         Error 98        3.596580825E-01
                         Error 99        3.596281686E-01
                         Error100        3.595985771E-01
                         Error101        3.595693037E-01
                         Error102        3.595403440E-01
                         Error103        3.595116939E-01
                         Error104        3.594833492E-01
                         Error105        3.594553057E-01
                         Error106        3.594275594E-01
                         Error107        3.594001064E-01
                         Error108        3.593729427E-01
                         Error109        3.593460645E-01
                         Error110        3.593194679E-01
                         Error111        3.592931491E-01
                         Error112        3.592671046E-01
                         Error113        3.592413306E-01
                         Error114        3.592158236E-01
                         Error115        3.591905800E-01
                         Error116        3.591655963E-01
                         Error117        3.591408691E-01
                         Error118        3.591163949E-01
                         Error119        3.590921706E-01
                         Error120        3.590681927E-01
                         Error121        3.590444580E-01
                         Error122        3.590209633E-01
                         Error123        3.589977054E-01
                         Error124        3.589746813E-01
                         Error125        3.589518878E-01
                         Error126        3.589293220E-01
                         Error127        3.589069808E-01
                         Error128        3.588848613E-01
                         Error129        3.588629607E-01
                         Error130        3.588412759E-01
                         Error131        3.588198043E-01
                         Error132        3.587985431E-01
                         Error133        3.587774894E-01
                         Error134        3.587566405E-01
                         Error135        3.587359939E-01
                         Error136        3.587155469E-01
                         Error137        3.586952968E-01
                         Error138        3.586752412E-01
                         Error139        3.586553774E-01
                         Error140        3.586357030E-01
                         Error141        3.586162156E-01
                         Error142        3.585969127E-01
                         Error143        3.585777918E-01
                         Error144        3.585588508E-01
                         Error145        3.585400871E-01
                         Error146        3.585214986E-01
                         Error147        3.585030830E-01
                         Error148        3.584848380E-01
                         Error149        3.584667614E-01
                         Error150        3.584488511E-01
                         Error151        3.584311048E-01
                         Error152        3.584135206E-01
                         Error153        3.583960963E-01
                         Error154        3.583788298E-01
                         Error155        3.583617191E-01
                         Error156        3.583447623E-01
                         Error157        3.583279573E-01
                         Error158        3.583113022E-01
                         Error159        3.582947950E-01
                         Error160        3.582784339E-01
                         Error161        3.582622170E-01
                         Error162        3.582461424E-01
                         Error163        3.582302084E-01
                         Error164        3.582144131E-01
                         Error165        3.581987548E-01
                         Error166        3.581832316E-01
                         Error167        3.581678420E-01
                         Error168        3.581525841E-01
                         Error169        3.581374563E-01
                         Error170        3.581224569E-01
                         Error171        3.581075844E-01
                         Error172        3.580928370E-01
                         Error173        3.580782133E-01
                         Error174        3.580637116E-01
                         Error175        3.580493304E-01
                         Error176        3.580350681E-01
                         Error177        3.580209232E-01
                         Error178        3.580068944E-01
                         Error179        3.579929800E-01
                         Error180        3.579791787E-01
                         Error181        3.579654890E-01
                         Error182        3.579519095E-01
                         Error183        3.579384388E-01
                         Error184        3.579250755E-01
                         Error185        3.579118184E-01
                         Error186        3.578986660E-01
                         Error187        3.578856171E-01
                         Error188        3.578726703E-01
                         Error189        3.578598243E-01
                         Error190        3.578470780E-01
                         Error191        3.578344300E-01
                         Error192        3.578218791E-01
                         Error193        3.578094241E-01
                         Error194        3.577970639E-01
                         Error195        3.577847971E-01
                         Error196        3.577726227E-01
                         Error197        3.577605395E-01
                         Error198        3.577485464E-01
                         Error199        3.577366422E-01
                         Error200        3.577248258E-01
                         Error201        3.577130962E-01
                         Error202        3.577014523E-01
                         Error203        3.576898930E-01
                         Error204        3.576784172E-01
                         Error205        3.576670240E-01
                         Error206        3.576557123E-01
                         Error207        3.576444811E-01
                         Error208        3.576333294E-01
                         Error209        3.576222563E-01
                         Error210        3.576112607E-01
                         Error211        3.576003417E-01
                         Error212        3.575894984E-01
                         Error213        3.575787299E-01
                         Error214        3.575680351E-01
                         Error215        3.575574133E-01
                         Error216        3.575468635E-01
                         Error217        3.575363849E-01
                         Error218        3.575259766E-01
                         Error219        3.575156377E-01
                         Error220        3.575053674E-01
                         Error221        3.574951648E-01
                         Error222        3.574850292E-01
                         Error223        3.574749597E-01
                         Error224        3.574649555E-01
                         Error225        3.574550158E-01
                         Error226        3.574451399E-01
                         Error227        3.574353269E-01
                         Error228        3.574255762E-01
                         Error229        3.574158869E-01
                         Error230        3.574062584E-01
                         Error231        3.573966899E-01
                         Error232        3.573871807E-01
                         Error233        3.573777300E-01
                         Error234        3.573683372E-01
                         Error235        3.573590016E-01
                         Error236        3.573497225E-01
                         Error237        3.573404993E-01
                         Error238        3.573313312E-01
                         Error239        3.573222176E-01
                         Error240        3.573131579E-01
                         Error241        3.573041514E-01
                         Error242        3.572951975E-01
                         Error243        3.572862956E-01
                         Error244        3.572774451E-01
                         Error245        3.572686453E-01
                         Error246        3.572598957E-01
                         Error247        3.572511957E-01
                         Error248        3.572425446E-01
                         Error249        3.572339420E-01
                         Error250        3.572253873E-01
                         Error251        3.572168799E-01
                         Error252        3.572084192E-01
                         Error253        3.572000048E-01
                         Error254        3.571916360E-01
                         Error255        3.571833124E-01
                         Error256        3.571750334E-01
                         Error257        3.571667985E-01
                         Error258        3.571586072E-01
                         Error259        3.571504591E-01
                         Error260        3.571423535E-01
                         Error261        3.571342901E-01
                         Error262        3.571262683E-01
                         Error263        3.571182877E-01
                         Error264        3.571103478E-01
                         Error265        3.571024481E-01
                         Error266        3.570945882E-01
                         Error267        3.570867677E-01
                         Error268        3.570789860E-01
                         Error269        3.570712428E-01
                         Error270        3.570635376E-01
                         Error271        3.570558700E-01
                         Error272        3.570482396E-01
                         Error273        3.570406459E-01
                         Error274        3.570330886E-01
                         Error275        3.570255672E-01
                         Error276        3.570180814E-01
                         Error277        3.570106307E-01
                         Error278        3.570032148E-01
                         Error279        3.569958333E-01
                         Error280        3.569884857E-01
                         Error281        3.569811718E-01
                         Error282        3.569738912E-01
                         Error283        3.569666435E-01
                         Error284        3.569594283E-01
                         Error285        3.569522453E-01
                         Error286        3.569450941E-01
                         Error287        3.569379744E-01
                         Error288        3.569308859E-01
                         Error289        3.569238282E-01
                         Error290        3.569168010E-01
                         Error291        3.569098040E-01
                         Error292        3.569028367E-01
                         Error293        3.568958991E-01
                         Error294        3.568889906E-01
                         Error295        3.568821110E-01
                         Error296        3.568752600E-01
                         Error297        3.568684373E-01
                         Error298        3.568616426E-01
                         Error299        3.568548756E-01
                         Error300        3.568481361E-01
                         Error301        3.568414236E-01
                         Error302        3.568347380E-01
                         Error303        3.568280790E-01
                         Error304        3.568214462E-01
                         Error305        3.568148395E-01
                         Error306        3.568082585E-01
                         Error307        3.568017031E-01
                         Error308        3.567951728E-01
                         Error309        3.567886676E-01
                         Error310        3.567821870E-01
                         Error311        3.567757310E-01
                         Error312        3.567692991E-01
                         Error313        3.567628912E-01
                         Error314        3.567565071E-01
                         Error315        3.567501465E-01
                         Error316        3.567438092E-01
                         Error317        3.567374949E-01
                         Error318        3.567312034E-01
                         Error319        3.567249345E-01
                         Error320        3.567186879E-01
                         Error321        3.567124635E-01
                         Error322        3.567062611E-01
                         Error323        3.567000803E-01
                         Error324        3.566939211E-01
                         Error325        3.566877832E-01
                         Error326        3.566816663E-01
                         Error327        3.566755704E-01
                         Error328        3.566694952E-01
                         Error329        3.566634404E-01
                         Error330        3.566574060E-01
                         Error331        3.566513916E-01
                         Error332        3.566453972E-01
                         Error333        3.566394226E-01
                         Error334        3.566334674E-01
                         Error335        3.566275317E-01
                         Error336        3.566216151E-01
                         Error337        3.566157176E-01
                         Error338        3.566098389E-01
                         Error339        3.566039788E-01
                         Error340        3.565981373E-01
                         Error341        3.565923141E-01
                         Error342        3.565865090E-01
                         Error343        3.565807220E-01
                         Error344        3.565749528E-01
                         Error345        3.565692013E-01
                         Error346        3.565634673E-01
                         Error347        3.565577506E-01
                         Error348        3.565520512E-01
                         Error349        3.565463689E-01
                         Error350        3.565407034E-01
                         Error351        3.565350547E-01
                         Error352        3.565294227E-01
                         Error353        3.565238071E-01
                         Error354        3.565182079E-01
                         Error355        3.565126249E-01
                         Error356        3.565070579E-01
                         Error357        3.565015068E-01
                         Error358        3.564959716E-01
                         Error359        3.564904520E-01
                         Error360        3.564849479E-01
                         Error361        3.564794592E-01
                         Error362        3.564739858E-01
                         Error363        3.564685276E-01
                         Error364        3.564630844E-01
                         Error365        3.564576560E-01
                         Error366        3.564522425E-01
                         Error367        3.564468436E-01
                         Error368        3.564414593E-01
                         Error369        3.564360893E-01
                         Error370        3.564307337E-01
                         Error371        3.564253923E-01
                         Error372        3.564200650E-01
                         Error373        3.564147517E-01
                         Error374        3.564094522E-01
                         Error375        3.564041665E-01
                         Error376        3.563988944E-01
                         Error377        3.563936359E-01
                         Error378        3.563883909E-01
                         Error379        3.563831592E-01
                         Error380        3.563779407E-01
                         Error381        3.563727354E-01
                         Error382        3.563675431E-01
                         Error383        3.563623638E-01
                         Error384        3.563571973E-01
                         Error385        3.563520436E-01
                         Error386        3.563469026E-01
                         Error387        3.563417742E-01
                         Error388        3.563366582E-01
                         Error389        3.563315546E-01
                         Error390        3.563264634E-01
                         Error391        3.563213843E-01
                         Error392        3.563163174E-01
                         Error393        3.563112626E-01
                         Error394        3.563062197E-01
                         Error395        3.563011887E-01
                         Error396        3.562961695E-01
                         Error397        3.562911621E-01
                         Error398        3.562861663E-01
                         Error399        3.562811820E-01
                         Error400        3.562762092E-01
                         Error401        3.562712479E-01
                         Error402        3.562662979E-01
                         Error403        3.562613591E-01
                         Error404        3.562564315E-01
                         Error405        3.562515151E-01
                         Error406        3.562466097E-01
                         Error407        3.562417152E-01
                         Error408        3.562368317E-01
                         Error409        3.562319590E-01
                         Error410        3.562270970E-01
                         Error411        3.562222458E-01
                         Error412        3.562174052E-01
                         Error413        3.562125751E-01
                         Error414        3.562077556E-01
                         Error415        3.562029465E-01
                         Error416        3.561981477E-01
                         Error417        3.561933593E-01
                         Error418        3.561885811E-01
                         Error419        3.561838131E-01
                         Error420        3.561790553E-01
                         Error421        3.561743075E-01
                         Error422        3.561695697E-01
                         Error423        3.561648419E-01
                         Error424        3.561601240E-01
                         Error425        3.561554159E-01
                         Error426        3.561507176E-01
                         Error427        3.561460290E-01
                         Error428        3.561413501E-01
                         Error429        3.561366809E-01
                         Error430        3.561320212E-01
                         Error431        3.561273710E-01
                         Error432        3.561227303E-01
                         Error433        3.561180990E-01
                         Error434        3.561134770E-01
                         Error435        3.561088644E-01
                         Error436        3.561042610E-01
                         Error437        3.560996669E-01
                         Error438        3.560950819E-01
                         Error439        3.560905061E-01
                         Error440        3.560859393E-01
                         Error441        3.560813816E-01
                         Error442        3.560768328E-01
                         Error443        3.560722930E-01
                         Error444        3.560677621E-01
                         Error445        3.560632400E-01
                         Error446        3.560587267E-01
                         Error447        3.560542222E-01
                         Error448        3.560497264E-01
                         Error449        3.560452393E-01
                         Error450        3.560407609E-01
                         Error451        3.560362910E-01
                         Error452        3.560318297E-01
                         Error453        3.560273769E-01
                         Error454        3.560229326E-01
                         Error455        3.560184968E-01
                         Error456        3.560140693E-01
                         Error457        3.560096503E-01
                         Error458        3.560052395E-01
                         Error459        3.560008370E-01
                         Error460        3.559964428E-01
                         Error461        3.559920568E-01
                         Error462        3.559876790E-01
                         Error463        3.559833093E-01
                         Error464        3.559789478E-01
                         Error465        3.559745943E-01
                         Error466        3.559702489E-01
                         Error467        3.559659115E-01
                         Error468        3.559615820E-01
                         Error469        3.559572605E-01
                         Error470        3.559529470E-01
                         Error471        3.559486413E-01
                         Error472        3.559443434E-01
                         Error473        3.559400534E-01
                         Error474        3.559357712E-01
                         Error475        3.559314967E-01
                         Error476        3.559272299E-01
                         Error477        3.559229709E-01
                         Error478        3.559187195E-01
                         Error479        3.559144757E-01
                         Error480        3.559102396E-01
                         Error481        3.559060110E-01
                         Error482        3.559017900E-01
                         Error483        3.558975766E-01
                         Error484        3.558933706E-01
                         Error485        3.558891721E-01
                         Error486        3.558849810E-01
                         Error487        3.558807974E-01
                         Error488        3.558766211E-01
                         Error489        3.558724522E-01
                         Error490        3.558682907E-01
                         Error491        3.558641365E-01
                         Error492        3.558599895E-01
                         Error493        3.558558499E-01
                         Error494        3.558517175E-01
                         Error495        3.558475922E-01
                         Error496        3.558434742E-01
                         Error497        3.558393634E-01
                         Error498        3.558352597E-01
                         Error499        3.558311631E-01
                         Error500        3.558270737E-01
                         Error        3.558270737E-01
