-xyz
global_fitted_global.xyz
-dens
/home/unibas/boittier/RDKit_G2/B.pdb/SCAN_1_2_3_4_S_36_10.0/20_SCAN/B.d.cube
-esp
/home/unibas/boittier/RDKit_G2/B.pdb/SCAN_1_2_3_4_S_36_10.0/20_SCAN/B.p.cube
-stepsize
0.2
-n_steps
0
-learning_rate
0.5
  -3.8167528160773911        2.8623201249893202      -0.92204178292804129     
  -3.2138765500972917       0.23504780751782142       0.38738585294146716     
  -2.8996060049499461       0.40634235547989189      -0.53570716185800438     
  -5.8731529572374299      -0.95821805101533686       0.13992665117742817     
  -3.0022915940778958       0.16441811585387939      -0.79759339540954266     
  -1.1698143412591255      -0.65322143735581872       0.45201881495048940     
  -1.5976918605751336       -3.4517477074009353       0.88275150112646716     
  -2.6294126526644681       -1.2974271943447564       0.39464078215469156     
  -2.0010694449511610       -1.0562672976013854       0.39370923108087064     
   2.4591769423522489      -0.90462814513797063        3.2824386842550082E-002
   2.5576901659134026       -1.0444610211793171        4.6255371079696343E-002
   3.3137558350323557       -2.2965326911975725      -0.24849921635247621     
   2.8077749412407997       -1.7539825908737012      -0.19907132062316707     
  0.46674484579799597       0.52609351037610097       0.25986046637836702     
  0.86870864401647585       0.47599365185667641       0.53403252551349745     
  0.91613848965378786       0.73312739964469253      -0.71291084524093129     
   1.5546344357762967      -0.34882017259844350        2.7578078961833386E-003
   1.6650021461901805        2.0089222675545706        1.0554748580200886     
   1.5043504486194648        2.0919389154414874      -0.83479582138341146     
   3.9690749789204460        3.0112998330412597      -0.12086397438678045     
   4.6452924268043483E-002   4.1272286704502239       0.40019124524940797     
First
                         Total        6.337099090E-01
Step size:       0.20
Step size in Bohr:       0.38
Learning Rate:       1.00
# Steps:          0
                         Error        6.337099090E-01
