-xyz
refined.xyz
-dens
/home/unibas/boittier/RDKit_G2/B.pdb/SCAN_1_2_3_4_S_36_10.0/33_SCAN_1_2_3_4_F/B.d.cube
-esp
/home/unibas/boittier/RDKit_G2/B.pdb/SCAN_1_2_3_4_S_36_10.0/33_SCAN_1_2_3_4_F/B.p.cube
-stepsize
0.2
-n_steps
500
-learning_rate
0.5
  -3.4635571775799887        2.3127814677210861       0.99056568940591427     
  -3.2653593260275184      -0.81027441603302996       0.87964256938556040     
  -6.2546077743653834       -1.1826813049672178       0.16943612822924270     
  -3.8865082562983879      -0.89302952593354790        7.7911838038311337E-002
  -3.4981859529688402      -0.49619901524390980      -0.65779277287417703     
  -2.3455988837318111       -1.5988225773140732      -0.60018523393141987     
  -1.6578943059952223      -0.89109691465765006       0.44931213984339152     
  -1.8399480295227701       -1.2984439277701538      -0.56143127343027810     
  -1.1136555138876121      -0.78213308215502919      -0.30942977990684434     
  -1.5313581691622236       -4.1443722033377259       -1.0996232535077701     
  0.96590056020100035        2.4741774162210759      -0.16319462672143384     
  0.90307677133347286        2.0141171966997780      -0.10703478805117701     
   1.0201248014111859        1.2206175762187190      -0.12181978491536274     
  0.96975894792147488        2.2088453064538065      -0.21682202548260637     
  0.81013603453516325      -0.41369495199606515      -0.28512253775225110     
  0.82465714716368754       0.25843164328379709       -8.0785200543291191E-002
  0.72612544222691555      -0.86042475206832625      -0.17218322899512478     
   1.1687610797911441      -0.58123749068374575       0.20870941379564151     
   5.3420554850202988      -0.11296457112909064       0.55365274190770342     
   2.0057909953695958       -1.3293884092783483       0.18154472460661664     
   2.5107676707193720      -0.89332792605355071      -0.14319429697303540     
   2.6172144962963229      -0.50447506623800464       0.13988707660116478     
   2.5380205374338010      -0.87928740344105105       0.32984429133273524     
   3.3598413684886537       -3.4031879834057186      -0.25576013589564772     
   3.2912099527282672       -3.4692374549673208        3.4605457741540391E-002
First
                         Total        4.834649086E-01
Step size:       0.20
Step size in Bohr:       0.38
Learning Rate:       1.00
# Steps:        500
                         Error  1        4.826881673E-01
                         Error  2        4.819663442E-01
                         Error  3        4.812950153E-01
                         Error  4        4.806701096E-01
                         Error  5        4.800878826E-01
                         Error  6        4.795448910E-01
                         Error  7        4.790379692E-01
                         Error  8        4.785642077E-01
                         Error  9        4.781209332E-01
                         Error 10        4.777056895E-01
                         Error 11        4.773162204E-01
                         Error 12        4.769504541E-01
                         Error 13        4.766064876E-01
                         Error 14        4.762825740E-01
                         Error 15        4.759771092E-01
                         Error 16        4.756886208E-01
                         Error 17        4.754157568E-01
                         Error 18        4.751572767E-01
                         Error 19        4.749120413E-01
                         Error 20        4.746790053E-01
                         Error 21        4.744572093E-01
                         Error 22        4.742457725E-01
                         Error 23        4.740438865E-01
                         Error 24        4.738508094E-01
                         Error 25        4.736658601E-01
                         Error 26        4.734884135E-01
                         Error 27        4.733178955E-01
                         Error 28        4.731537794E-01
                         Error 29        4.729955814E-01
                         Error 30        4.728428574E-01
                         Error 31        4.726951995E-01
                         Error 32        4.725522332E-01
                         Error 33        4.724136146E-01
                         Error 34        4.722790276E-01
                         Error 35        4.721481821E-01
                         Error 36        4.720208114E-01
                         Error 37        4.718966704E-01
                         Error 38        4.717755339E-01
                         Error 39        4.716571949E-01
                         Error 40        4.715414631E-01
                         Error 41        4.714281635E-01
                         Error 42        4.713171351E-01
                         Error 43        4.712082300E-01
                         Error 44        4.711013117E-01
                         Error 45        4.709962550E-01
                         Error 46        4.708929445E-01
                         Error 47        4.707912738E-01
                         Error 48        4.706911450E-01
                         Error 49        4.705924679E-01
                         Error 50        4.704951594E-01
                         Error 51        4.703991428E-01
                         Error 52        4.703043474E-01
                         Error 53        4.702107079E-01
                         Error 54        4.701181641E-01
                         Error 55        4.700266604E-01
                         Error 56        4.699361453E-01
                         Error 57        4.698465713E-01
                         Error 58        4.697578945E-01
                         Error 59        4.696700741E-01
                         Error 60        4.695830726E-01
                         Error 61        4.694968550E-01
                         Error 62        4.694113890E-01
                         Error 63        4.693266444E-01
                         Error 64        4.692425936E-01
                         Error 65        4.691592104E-01
                         Error 66        4.690764709E-01
                         Error 67        4.689943526E-01
                         Error 68        4.689128346E-01
                         Error 69        4.688318975E-01
                         Error 70        4.687515231E-01
                         Error 71        4.686716944E-01
                         Error 72        4.685923955E-01
                         Error 73        4.685136116E-01
                         Error 74        4.684353287E-01
                         Error 75        4.683575338E-01
                         Error 76        4.682802145E-01
                         Error 77        4.682033594E-01
                         Error 78        4.681269575E-01
                         Error 79        4.680509987E-01
                         Error 80        4.679754732E-01
                         Error 81        4.679003719E-01
                         Error 82        4.678256861E-01
                         Error 83        4.677514077E-01
                         Error 84        4.676775289E-01
                         Error 85        4.676040421E-01
                         Error 86        4.675309405E-01
                         Error 87        4.674582173E-01
                         Error 88        4.673858661E-01
                         Error 89        4.673138808E-01
                         Error 90        4.672422555E-01
                         Error 91        4.671709847E-01
                         Error 92        4.671000629E-01
                         Error 93        4.670294849E-01
                         Error 94        4.669592459E-01
                         Error 95        4.668893409E-01
                         Error 96        4.668197655E-01
                         Error 97        4.667505151E-01
                         Error 98        4.666815854E-01
                         Error 99        4.666129723E-01
                         Error100        4.665446717E-01
                         Error101        4.664766797E-01
                         Error102        4.664089924E-01
                         Error103        4.663416063E-01
                         Error104        4.662745177E-01
                         Error105        4.662077230E-01
                         Error106        4.661412190E-01
                         Error107        4.660750022E-01
                         Error108        4.660090694E-01
                         Error109        4.659434175E-01
                         Error110        4.658780432E-01
                         Error111        4.658129437E-01
                         Error112        4.657481159E-01
                         Error113        4.656835569E-01
                         Error114        4.656192639E-01
                         Error115        4.655552340E-01
                         Error116        4.654914646E-01
                         Error117        4.654279529E-01
                         Error118        4.653646963E-01
                         Error119        4.653016921E-01
                         Error120        4.652389379E-01
                         Error121        4.651764311E-01
                         Error122        4.651141692E-01
                         Error123        4.650521499E-01
                         Error124        4.649903707E-01
                         Error125        4.649288292E-01
                         Error126        4.648675231E-01
                         Error127        4.648064503E-01
                         Error128        4.647456083E-01
                         Error129        4.646849950E-01
                         Error130        4.646246081E-01
                         Error131        4.645644456E-01
                         Error132        4.645045053E-01
                         Error133        4.644447851E-01
                         Error134        4.643852828E-01
                         Error135        4.643259966E-01
                         Error136        4.642669243E-01
                         Error137        4.642080640E-01
                         Error138        4.641494136E-01
                         Error139        4.640909713E-01
                         Error140        4.640327351E-01
                         Error141        4.639747032E-01
                         Error142        4.639168736E-01
                         Error143        4.638592445E-01
                         Error144        4.638018141E-01
                         Error145        4.637445806E-01
                         Error146        4.636875422E-01
                         Error147        4.636306972E-01
                         Error148        4.635740437E-01
                         Error149        4.635175801E-01
                         Error150        4.634613047E-01
                         Error151        4.634052159E-01
                         Error152        4.633493118E-01
                         Error153        4.632935910E-01
                         Error154        4.632380517E-01
                         Error155        4.631826925E-01
                         Error156        4.631275116E-01
                         Error157        4.630725076E-01
                         Error158        4.630176789E-01
                         Error159        4.629630239E-01
                         Error160        4.629085412E-01
                         Error161        4.628542293E-01
                         Error162        4.628000866E-01
                         Error163        4.627461117E-01
                         Error164        4.626923032E-01
                         Error165        4.626386597E-01
                         Error166        4.625851797E-01
                         Error167        4.625318618E-01
                         Error168        4.624787047E-01
                         Error169        4.624257069E-01
                         Error170        4.623728672E-01
                         Error171        4.623201842E-01
                         Error172        4.622676566E-01
                         Error173        4.622152831E-01
                         Error174        4.621630624E-01
                         Error175        4.621109932E-01
                         Error176        4.620590742E-01
                         Error177        4.620073042E-01
                         Error178        4.619556820E-01
                         Error179        4.619042064E-01
                         Error180        4.618528761E-01
                         Error181        4.618016899E-01
                         Error182        4.617506468E-01
                         Error183        4.616997454E-01
                         Error184        4.616489847E-01
                         Error185        4.615983634E-01
                         Error186        4.615478806E-01
                         Error187        4.614975350E-01
                         Error188        4.614473255E-01
                         Error189        4.613972512E-01
                         Error190        4.613473108E-01
                         Error191        4.612975033E-01
                         Error192        4.612478276E-01
                         Error193        4.611982828E-01
                         Error194        4.611488678E-01
                         Error195        4.610995815E-01
                         Error196        4.610504229E-01
                         Error197        4.610013911E-01
                         Error198        4.609524850E-01
                         Error199        4.609037037E-01
                         Error200        4.608550462E-01
                         Error201        4.608065116E-01
                         Error202        4.607580988E-01
                         Error203        4.607098070E-01
                         Error204        4.606616353E-01
                         Error205        4.606135826E-01
                         Error206        4.605656482E-01
                         Error207        4.605178311E-01
                         Error208        4.604701304E-01
                         Error209        4.604225452E-01
                         Error210        4.603750747E-01
                         Error211        4.603277181E-01
                         Error212        4.602804744E-01
                         Error213        4.602333428E-01
                         Error214        4.601863226E-01
                         Error215        4.601394128E-01
                         Error216        4.600926126E-01
                         Error217        4.600459213E-01
                         Error218        4.599993381E-01
                         Error219        4.599528622E-01
                         Error220        4.599064927E-01
                         Error221        4.598602289E-01
                         Error222        4.598140701E-01
                         Error223        4.597680155E-01
                         Error224        4.597220644E-01
                         Error225        4.596762160E-01
                         Error226        4.596304695E-01
                         Error227        4.595848243E-01
                         Error228        4.595392797E-01
                         Error229        4.594938349E-01
                         Error230        4.594484892E-01
                         Error231        4.594032419E-01
                         Error232        4.593580925E-01
                         Error233        4.593130401E-01
                         Error234        4.592680841E-01
                         Error235        4.592232238E-01
                         Error236        4.591784586E-01
                         Error237        4.591337879E-01
                         Error238        4.590892109E-01
                         Error239        4.590447271E-01
                         Error240        4.590003358E-01
                         Error241        4.589560364E-01
                         Error242        4.589118283E-01
                         Error243        4.588677109E-01
                         Error244        4.588236835E-01
                         Error245        4.587797456E-01
                         Error246        4.587358966E-01
                         Error247        4.586921359E-01
                         Error248        4.586484629E-01
                         Error249        4.586048770E-01
                         Error250        4.585613777E-01
                         Error251        4.585179644E-01
                         Error252        4.584746365E-01
                         Error253        4.584313936E-01
                         Error254        4.583882350E-01
                         Error255        4.583451603E-01
                         Error256        4.583021688E-01
                         Error257        4.582592601E-01
                         Error258        4.582164336E-01
                         Error259        4.581736888E-01
                         Error260        4.581310253E-01
                         Error261        4.580884425E-01
                         Error262        4.580459398E-01
                         Error263        4.580035169E-01
                         Error264        4.579611732E-01
                         Error265        4.579189082E-01
                         Error266        4.578767214E-01
                         Error267        4.578346125E-01
                         Error268        4.577925808E-01
                         Error269        4.577506260E-01
                         Error270        4.577087475E-01
                         Error271        4.576669450E-01
                         Error272        4.576252179E-01
                         Error273        4.575835658E-01
                         Error274        4.575419883E-01
                         Error275        4.575004850E-01
                         Error276        4.574590553E-01
                         Error277        4.574176989E-01
                         Error278        4.573764154E-01
                         Error279        4.573352042E-01
                         Error280        4.572940651E-01
                         Error281        4.572529976E-01
                         Error282        4.572120012E-01
                         Error283        4.571710757E-01
                         Error284        4.571302205E-01
                         Error285        4.570894353E-01
                         Error286        4.570487196E-01
                         Error287        4.570080732E-01
                         Error288        4.569674956E-01
                         Error289        4.569269864E-01
                         Error290        4.568865453E-01
                         Error291        4.568461718E-01
                         Error292        4.568058657E-01
                         Error293        4.567656265E-01
                         Error294        4.567254538E-01
                         Error295        4.566853474E-01
                         Error296        4.566453069E-01
                         Error297        4.566053319E-01
                         Error298        4.565654220E-01
                         Error299        4.565255770E-01
                         Error300        4.564857964E-01
                         Error301        4.564460799E-01
                         Error302        4.564064273E-01
                         Error303        4.563668381E-01
                         Error304        4.563273121E-01
                         Error305        4.562878489E-01
                         Error306        4.562484482E-01
                         Error307        4.562091096E-01
                         Error308        4.561698329E-01
                         Error309        4.561306178E-01
                         Error310        4.560914638E-01
                         Error311        4.560523708E-01
                         Error312        4.560133384E-01
                         Error313        4.559743663E-01
                         Error314        4.559354543E-01
                         Error315        4.558966019E-01
                         Error316        4.558578090E-01
                         Error317        4.558190752E-01
                         Error318        4.557804003E-01
                         Error319        4.557417839E-01
                         Error320        4.557032258E-01
                         Error321        4.556647257E-01
                         Error322        4.556262833E-01
                         Error323        4.555878984E-01
                         Error324        4.555495707E-01
                         Error325        4.555112998E-01
                         Error326        4.554730856E-01
                         Error327        4.554349278E-01
                         Error328        4.553968261E-01
                         Error329        4.553587802E-01
                         Error330        4.553207900E-01
                         Error331        4.552828550E-01
                         Error332        4.552449752E-01
                         Error333        4.552071502E-01
                         Error334        4.551693798E-01
                         Error335        4.551316637E-01
                         Error336        4.550940018E-01
                         Error337        4.550563937E-01
                         Error338        4.550188392E-01
                         Error339        4.549813381E-01
                         Error340        4.549438902E-01
                         Error341        4.549064952E-01
                         Error342        4.548691528E-01
                         Error343        4.548318629E-01
                         Error344        4.547946253E-01
                         Error345        4.547574396E-01
                         Error346        4.547203058E-01
                         Error347        4.546832235E-01
                         Error348        4.546461926E-01
                         Error349        4.546092127E-01
                         Error350        4.545722838E-01
                         Error351        4.545354057E-01
                         Error352        4.544985779E-01
                         Error353        4.544618005E-01
                         Error354        4.544250732E-01
                         Error355        4.543883957E-01
                         Error356        4.543517679E-01
                         Error357        4.543151896E-01
                         Error358        4.542786605E-01
                         Error359        4.542421805E-01
                         Error360        4.542057493E-01
                         Error361        4.541693669E-01
                         Error362        4.541330329E-01
                         Error363        4.540967472E-01
                         Error364        4.540605096E-01
                         Error365        4.540243200E-01
                         Error366        4.539881780E-01
                         Error367        4.539520836E-01
                         Error368        4.539160366E-01
                         Error369        4.538800367E-01
                         Error370        4.538440839E-01
                         Error371        4.538081778E-01
                         Error372        4.537723184E-01
                         Error373        4.537365055E-01
                         Error374        4.537007388E-01
                         Error375        4.536650183E-01
                         Error376        4.536293437E-01
                         Error377        4.535937149E-01
                         Error378        4.535581317E-01
                         Error379        4.535225939E-01
                         Error380        4.534871014E-01
                         Error381        4.534516541E-01
                         Error382        4.534162516E-01
                         Error383        4.533808940E-01
                         Error384        4.533455810E-01
                         Error385        4.533103125E-01
                         Error386        4.532750882E-01
                         Error387        4.532399081E-01
                         Error388        4.532047721E-01
                         Error389        4.531696798E-01
                         Error390        4.531346313E-01
                         Error391        4.530996263E-01
                         Error392        4.530646646E-01
                         Error393        4.530297463E-01
                         Error394        4.529948710E-01
                         Error395        4.529600386E-01
                         Error396        4.529252491E-01
                         Error397        4.528905022E-01
                         Error398        4.528557978E-01
                         Error399        4.528211358E-01
                         Error400        4.527865160E-01
                         Error401        4.527519383E-01
                         Error402        4.527174026E-01
                         Error403        4.526829087E-01
                         Error404        4.526484564E-01
                         Error405        4.526140457E-01
                         Error406        4.525796764E-01
                         Error407        4.525453484E-01
                         Error408        4.525110615E-01
                         Error409        4.524768156E-01
                         Error410        4.524426106E-01
                         Error411        4.524084464E-01
                         Error412        4.523743228E-01
                         Error413        4.523402396E-01
                         Error414        4.523061968E-01
                         Error415        4.522721943E-01
                         Error416        4.522382319E-01
                         Error417        4.522043095E-01
                         Error418        4.521704269E-01
                         Error419        4.521365841E-01
                         Error420        4.521027809E-01
                         Error421        4.520690173E-01
                         Error422        4.520352930E-01
                         Error423        4.520016079E-01
                         Error424        4.519679621E-01
                         Error425        4.519343552E-01
                         Error426        4.519007873E-01
                         Error427        4.518672582E-01
                         Error428        4.518337678E-01
                         Error429        4.518003160E-01
                         Error430        4.517669026E-01
                         Error431        4.517335276E-01
                         Error432        4.517001908E-01
                         Error433        4.516668921E-01
                         Error434        4.516336315E-01
                         Error435        4.516004088E-01
                         Error436        4.515672239E-01
                         Error437        4.515340767E-01
                         Error438        4.515009670E-01
                         Error439        4.514678949E-01
                         Error440        4.514348602E-01
                         Error441        4.514018627E-01
                         Error442        4.513689024E-01
                         Error443        4.513359792E-01
                         Error444        4.513030929E-01
                         Error445        4.512702436E-01
                         Error446        4.512374310E-01
                         Error447        4.512046550E-01
                         Error448        4.511719157E-01
                         Error449        4.511392128E-01
                         Error450        4.511065462E-01
                         Error451        4.510739160E-01
                         Error452        4.510413219E-01
                         Error453        4.510087640E-01
                         Error454        4.509762420E-01
                         Error455        4.509437559E-01
                         Error456        4.509113056E-01
                         Error457        4.508788910E-01
                         Error458        4.508465120E-01
                         Error459        4.508141686E-01
                         Error460        4.507818606E-01
                         Error461        4.507495879E-01
                         Error462        4.507173505E-01
                         Error463        4.506851482E-01
                         Error464        4.506529811E-01
                         Error465        4.506208489E-01
                         Error466        4.505887515E-01
                         Error467        4.505566890E-01
                         Error468        4.505246613E-01
                         Error469        4.504926681E-01
                         Error470        4.504607095E-01
                         Error471        4.504287854E-01
                         Error472        4.503968956E-01
                         Error473        4.503650402E-01
                         Error474        4.503332189E-01
                         Error475        4.503014318E-01
                         Error476        4.502696787E-01
                         Error477        4.502379596E-01
                         Error478        4.502062744E-01
                         Error479        4.501746229E-01
                         Error480        4.501430052E-01
                         Error481        4.501114212E-01
                         Error482        4.500798706E-01
                         Error483        4.500483536E-01
                         Error484        4.500168700E-01
                         Error485        4.499854197E-01
                         Error486        4.499540026E-01
                         Error487        4.499226187E-01
                         Error488        4.498912679E-01
                         Error489        4.498599501E-01
                         Error490        4.498286653E-01
                         Error491        4.497974133E-01
                         Error492        4.497661941E-01
                         Error493        4.497350076E-01
                         Error494        4.497038538E-01
                         Error495        4.496727325E-01
                         Error496        4.496416438E-01
                         Error497        4.496105874E-01
                         Error498        4.495795634E-01
                         Error499        4.495485716E-01
                         Error500        4.495176121E-01
                         Error        4.495176121E-01
