-xyz
refined.xyz
-dens
/home/unibas/boittier/RDKit_G2/B.pdb/SCAN_1_2_3_4_S_36_10.0/29_SCAN_1_2_3_4_F/B.d.cube
-esp
/home/unibas/boittier/RDKit_G2/B.pdb/SCAN_1_2_3_4_S_36_10.0/29_SCAN_1_2_3_4_F/B.p.cube
-stepsize
0.2
-n_steps
1
-learning_rate
0.5
  -4.0825794948987530        1.7247398750532934      -0.54419430294536097     
  -3.2547822965768276       -1.2429234005296950       0.36297328330021733     
  -5.5387296591859982       -2.5190959676410398       -1.1739471107180406     
  -3.4710113770390172       -1.7299470240434962      -0.64628212618802527     
  -2.9606191750519644       -1.2674483588884478       -1.0860551904967497     
  -1.7984617134742156       -2.1375768901711441      -0.37617688075209077     
  -1.5159673798253679       -1.1713050195972825       0.98315578167286710     
  -1.5304622363947697       -1.6173822373082798      -0.38135133483466871     
  -1.0270370776732853      -0.87676184270437718       0.18701828403633872     
 -0.37202008517740121       -4.0843564587943471        8.7799644960915135E-002
  0.15826576024051572        3.4681091389428431       0.58749539320981370     
  0.21817344036987193        2.7993481493774710       0.73203901115207204     
  0.62212387473444108        2.0878698105534270       0.69129091337306492     
  0.25543871759190695        3.1018096606045371       0.50364946381747855     
  0.96484228541898598       0.10686563204395050       0.46274464835423218     
  0.70256521584885390       0.86328780576354969       0.75558116184071777     
   1.0203568483896457      -0.43159266911694516       0.65376527515855387     
   1.1957029948130828        5.7479221892055635E-003   1.2467950400460257     
   5.3095069058228468        3.0022742596102280E-002 -0.96420526563074715     
   2.3298288697761720      -0.49581138365167537        1.1730531996791012     
   2.6794821568715967       -1.2324758806503211       0.14090639482075429     
   2.9884058959392883      -0.25326149366943318      -0.20136120995546139     
   2.9853179732595536      -0.19998013246199228       0.26909796271165393     
   3.9812967776670201       -2.2629855452432515        2.1401160225928590     
   3.9747846091233976       -1.9375327853145441        2.2029013101021548     
First
                         Total        3.900429664E+00
Step size:       0.20
Step size in Bohr:       0.38
Learning Rate:       1.00
# Steps:          1
                         Error  1        3.869005296E+00
                         Error        3.869005296E+00
