-xyz
refined.xyz
-dens
/home/unibas/boittier/RDKit_G2/B.pdb/SCAN_1_2_3_4_S_36_10.0/34_SCAN/B.d.cube
-esp
/home/unibas/boittier/RDKit_G2/B.pdb/SCAN_1_2_3_4_S_36_10.0/34_SCAN/B.p.cube
-stepsize
0.2
-n_steps
10
-learning_rate
0.5
  -3.6811997373068150        2.6472359817396693       0.76351111617405454     
  -3.0087198775832773      -0.26206134782682516       0.65419044426828377     
  -2.8499848138987391       0.32382743867400604      -0.18309288425685635     
  -5.7388929875189270       -1.2893969232231259       0.17183767225849836     
  -2.9776740967687143       0.16530491352736432      -0.47675318045148174     
 -0.91335722185485746       -1.2115196423923058      -0.44191754069248718     
  -1.4326440932489841       -3.7453583432418314      -0.66518001920536474     
  -2.3672204420823948       -1.8675946740414462      -0.35139329870262587     
  -1.7993595900482466       -1.5116287587979020      -0.35828671444927040     
   1.3885243431126819        1.6693830532911509      -0.24480973132670206     
   1.3381103921938742        1.8524143406017002      -0.27666563837710817     
  0.99031234536195445        3.2785937320624914      -0.11557503941596185     
   1.0031645253112873        2.5468115568573322       -9.8858771438703349E-002
   1.0068273316147742      -0.76927377816740694      -0.25601128881037949     
   1.2418486947366927      -0.43807663014804654      -0.55281880417638019     
   1.4401118540783202      -0.47586510264435194       0.70644540607715789     
   1.1473743230992235       0.64546732042398813      -0.12328887197501354     
   2.9568183961955685       -1.0555778636062407      -0.82738019848330002     
   2.7468472666649708      -0.96659445896493312        1.0575991926719950     
   5.2099366374410456       -3.7310917838715473E-003  0.39542273570786934     
   3.2090842037912490       -3.6012501253224016       0.21279443874227980     
First
                         Total        4.045258751E-01
Step size:       0.20
Step size in Bohr:       0.38
Learning Rate:       1.00
# Steps:         10
                         Error  1        4.030205836E-01
                         Error  2        4.016220139E-01
                         Error  3        4.003227048E-01
                         Error  4        3.991156759E-01
                         Error  5        3.979944028E-01
                         Error  6        3.969527923E-01
                         Error  7        3.959851585E-01
                         Error  8        3.950861991E-01
                         Error  9        3.942509730E-01
                         Error 10        3.934748788E-01
                         Error        3.934748788E-01
