-xyz
refined.xyz
-dens
../../cube_files/acrolein/15_SCAN_1_2_3_4_F/L.d.cube
-esp
../../cube_files/acrolein/15_SCAN_1_2_3_4_F/L.p.cube
-stepsize
0.2
-n_steps
100
-learning_rate
0.5
   3.1955400190146714        2.6714065056333918      -0.86570293986050595     
   3.1201065352646018        2.2077390359689781      -0.80823404634700535     
   4.9758913141460033      -0.61265898300940580      -0.58228071989962926     
   4.8328377557618811      -0.50431564235272208      -0.55121948353190675     
   2.8357768597466704        2.3253260377908216E-002 -0.15062674598397854     
   3.1094471581677885      -0.70418413329649421      -0.10209811881250737     
   3.7917863165820580       0.32642538926164522      -0.43962593251089599     
   2.2816613244717918       0.96339337704014316      -0.26426511600055841     
   2.0969349601983707       -1.0486949186257166       0.63298989566580721     
   1.1900622344067764      -0.14313269809437748       0.95386743751989667     
   1.4694413580750827      -0.33295302092778800        1.0206953507453997     
   1.5719472045880631      -0.70648024464501924       0.68438256266111142     
   1.4085053239181948       -3.4444024951616665       0.75848246216875159     
  0.57567116133438778       -3.3999148835028592       0.92876635166788324     
   1.6968345349279346        8.3261806775539501E-002  0.52671135645076927     
  -1.1996881670158692        1.8790965104244319        1.9815509883949318     
  -1.2119743707010044        2.1043106044941688        1.4374001183596614     
  -1.0460199984779832        2.2665347072195248        1.1988208075625655     
  -1.2235325321156432      -0.38022049002665920        7.1108727340095115E-002
  -2.4974733809013121       0.20132561779661642      -0.16173512489870201     
  -3.1227782005422293      -0.73159029967324740      -0.95776935792069506     
  -3.4972158651010865      -0.43734139299350960      -0.85337342420974838     
  -3.7065832627665798        9.9594543857378426E-002 -0.57065475419621492     
First
                         Total        7.440261093E-01
Step size:       0.20
Step size in Bohr:       0.38
Learning Rate:       1.00
# Steps:        100
                         Error  1        7.283165045E-01
                         Error  2        7.132823885E-01
                         Error  3        6.989040648E-01
                         Error  4        6.851617804E-01
                         Error  5        6.720357614E-01
                         Error  6        6.595062497E-01
                         Error  7        6.475535391E-01
                         Error  8        6.361580103E-01
                         Error  9        6.253001661E-01
                         Error 10        6.149606658E-01
                         Error 11        6.051203583E-01
                         Error 12        5.957603145E-01
                         Error 13        5.868618587E-01
                         Error 14        5.784065983E-01
                         Error 15        5.703764519E-01
                         Error 16        5.627536761E-01
                         Error 17        5.555208901E-01
                         Error 18        5.486610985E-01
                         Error 19        5.421577120E-01
                         Error 20        5.359945654E-01
                         Error 21        5.301559343E-01
                         Error 22        5.246265486E-01
                         Error 23        5.193916039E-01
                         Error 24        5.144367710E-01
                         Error 25        5.097482022E-01
                         Error 26        5.053125366E-01
                         Error 27        5.011169018E-01
                         Error 28        4.971489148E-01
                         Error 29        4.933966800E-01
                         Error 30        4.898487863E-01
                         Error 31        4.864943015E-01
                         Error 32        4.833227660E-01
                         Error 33        4.803241845E-01
                         Error 34        4.774890168E-01
                         Error 35        4.748081679E-01
                         Error 36        4.722729760E-01
                         Error 37        4.698752010E-01
                         Error 38        4.676070115E-01
                         Error 39        4.654609716E-01
                         Error 40        4.634300275E-01
                         Error 41        4.615074934E-01
                         Error 42        4.596870375E-01
                         Error 43        4.579626679E-01
                         Error 44        4.563287185E-01
                         Error 45        4.547798348E-01
                         Error 46        4.533109602E-01
                         Error 47        4.519173225E-01
                         Error 48        4.505944201E-01
                         Error 49        4.493380092E-01
                         Error 50        4.481440913E-01
                         Error 51        4.470089001E-01
                         Error 52        4.459288904E-01
                         Error 53        4.449007261E-01
                         Error 54        4.439212689E-01
                         Error 55        4.429875682E-01
                         Error 56        4.420968503E-01
                         Error 57        4.412465089E-01
                         Error 58        4.404340955E-01
                         Error 59        4.396573107E-01
                         Error 60        4.389139956E-01
                         Error 61        4.382021235E-01
                         Error 62        4.375197924E-01
                         Error 63        4.368652176E-01
                         Error 64        4.362367247E-01
                         Error 65        4.356327433E-01
                         Error 66        4.350518004E-01
                         Error 67        4.344925147E-01
                         Error 68        4.339535914E-01
                         Error 69        4.334338161E-01
                         Error 70        4.329320507E-01
                         Error 71        4.324472283E-01
                         Error 72        4.319783490E-01
                         Error 73        4.315244756E-01
                         Error 74        4.310847297E-01
                         Error 75        4.306582882E-01
                         Error 76        4.302443799E-01
                         Error 77        4.298422818E-01
                         Error 78        4.294513168E-01
                         Error 79        4.290708500E-01
                         Error 80        4.287002869E-01
                         Error 81        4.283390700E-01
                         Error 82        4.279866773E-01
                         Error 83        4.276426192E-01
                         Error 84        4.273064372E-01
                         Error 85        4.269777015E-01
                         Error 86        4.266560093E-01
                         Error 87        4.263409830E-01
                         Error 88        4.260322689E-01
                         Error 89        4.257295352E-01
                         Error 90        4.254324709E-01
                         Error 91        4.251407847E-01
                         Error 92        4.248542031E-01
                         Error 93        4.245724698E-01
                         Error 94        4.242953446E-01
                         Error 95        4.240226020E-01
                         Error 96        4.237540306E-01
                         Error 97        4.234894321E-01
                         Error 98        4.232286203E-01
                         Error 99        4.229714206E-01
                         Error100        4.227176692E-01
                         Error        4.227176692E-01
