node45.cluster
Distance between Atom configurations = 1.8039638937022157e-06
Distance between Charge configurations = 3.479604606467825e-06

real	1m36.390s
user	1m36.193s
sys	0m0.022s
-xyz
global_0_fit.xyz
-dens
/home/unibas/boittier/RDKit_G2/B.pdb/SCAN_1_2_3_4_S_36_10.0/0_SCAN/B.d.cube
-esp
/home/unibas/boittier/RDKit_G2/B.pdb/SCAN_1_2_3_4_S_36_10.0/0_SCAN/B.p.cube
-stepsize
0.2
-n_steps
10
-learning_rate
0.5
  -4.0367687004905664        2.9822569982011160        2.6722067590541580E-003
  -3.5130826820779646      -0.56337859485478725       0.67370837904152914     
  -3.7393875022833427      -0.72537816318747805        6.2826653430746084E-003
  -6.2589210355657139       -1.1540964014486317       -2.8617097343619436E-002
  -3.4819616139630511      -0.59560870024536516      -0.59638668308362619     
  -1.7412335518726831      -0.33557916634357093       0.13762483483143645     
  -1.4456449289114435       -3.7442959962627670E-002  0.13109292801669453     
  -1.8666924830815892       -2.6305314954043597       -1.0437009964295899E-002
  -1.8710220940863480       -2.6410877272928390      -0.54077003833075588     
  -1.9531322557998061       -2.6697100864685277       0.49886471145645034     
   3.4373606603801283       -2.3179176567003554      -0.18905020333259773     
   2.8215012990184047       -1.7373703102339810      -0.10419213295656396     
  0.70794715640299000       0.77494241267433706      -0.64785355496843300     
  0.40839617331759159       0.93006563109000029      -0.41676413589769662     
   1.0582606103549494       0.91915946131837545       0.62151290811448445     
   1.4891265217766227      -0.19540165456666736      -0.14777468831132592     
   4.2569158891911361        3.2625352852055984        2.5818182537116287E-002
   2.0048799123808552        2.0948339137223702        3.8728553889203335E-002
   1.7584287147889883        2.0492372572686000      -0.62801260920341573     
   1.8724359258861163        2.1398496580814750       0.72866893716445502     
 -0.38535215672002476        4.2424617842442158       -2.0158660564992957E-002
First
                         Total        7.324780963E+00
Step size:       0.20
Step size in Bohr:       0.38
Learning Rate:       1.00
# Steps:         10
                         Error  1        7.275715322E+00
                         Error  2        7.226926601E+00
                         Error  3        7.178418183E+00
                         Error  4        7.130193457E+00
                         Error  5        7.082255820E+00
                         Error  6        7.034608674E+00
                         Error  7        6.987255424E+00
                         Error  8        6.940199473E+00
                         Error  9        6.893444223E+00
                         Error 10        6.846993074E+00
                         Error        6.846993074E+00
/home/unibas/boittier/FDCM/fbuta-trans-f_10/26_27
Distance between Atom configurations = 0.3309032303652143
Distance between Charge configurations = 0.3948868510186762

real	1m51.366s
user	1m51.305s
sys	0m0.031s
-xyz
refined.xyz
-dens
/home/unibas/boittier/RDKit_G2/B.pdb/SCAN_1_2_3_4_S_36_10.0/27_SCAN/B.d.cube
-esp
/home/unibas/boittier/RDKit_G2/B.pdb/SCAN_1_2_3_4_S_36_10.0/27_SCAN/B.p.cube
-stepsize
0.2
-n_steps
10
-learning_rate
0.5
  -3.9200099134874402        3.0176064202008814      -0.70899229653141616     
  -3.5270394610637590      -0.27885507320259090       0.79180086544839712     
  -3.7569333357368571      -0.59384449064378808       0.18187126387603797     
  -6.2800453842275274      -0.96395319041693772       0.20905397953588464     
  -3.4970242970597578      -0.61355908544643600      -0.43380567447700819     
  -1.7639965348596705       -9.8149490081195750E-002  0.19411239424016671     
  -1.4407205223718114       0.15761074781683793       0.17166714847056569     
  -2.0707045189110809       -2.3963324044099990       0.15698306662131242     
  -2.0885376254926973       -2.4201510630354117      -0.37265587065784384     
  -2.1598434303630407       -2.3935426884191724       0.66786923846788104     
   3.2522763397809911       -2.5118352313730283       -8.6412451099746629E-002
   2.6800754686553443       -1.8718700189466824       -2.3661751988127051E-002
  0.76104195339159497       0.77289971272605351      -0.66480564438658329     
  0.48232386327564958       0.94001468419123757      -0.43809558098373652     
   1.1384892652852996       0.93979351966062030       0.59341530369542850     
   1.4771360381405159      -0.25399496665791593      -0.12642192319898776     
   4.4887186304537083        3.0028487658248442      -0.18287558292060282     
   2.1598225723753912        1.9947889294555736       -7.9231020301632066E-002
   1.8993048813648510        1.9497058628862056      -0.74056827768963507     
   2.0384292799246775        2.1091662449211777       0.60646641467962781     
  -6.9610078111727355E-002   4.3165661644020110      -0.24274377533212829     
First
                         Total        4.817082981E+00
Step size:       0.20
Step size in Bohr:       0.38
Learning Rate:       1.00
# Steps:         10
                         Error  1        4.794931604E+00
                         Error  2        4.773115740E+00
                         Error  3        4.751631936E+00
                         Error  4        4.730476681E+00
                         Error  5        4.709646404E+00
                         Error  6        4.689137483E+00
                         Error  7        4.668946248E+00
                         Error  8        4.649068978E+00
                         Error  9        4.629501914E+00
                         Error 10        4.610241256E+00
                         Error        4.610241256E+00
