node28.cluster
Distance between Atom configurations = 1.8039638937022157e-06
Distance between Charge configurations = 3.479604606467825e-06

real	15m56.130s
user	15m55.967s
sys	0m0.021s
-xyz
global_0_fit.xyz
-dens
/home/unibas/boittier/RDKit_G2/B.pdb/SCAN_1_2_3_4_S_36_10.0/0_SCAN/B.d.cube
-esp
/home/unibas/boittier/RDKit_G2/B.pdb/SCAN_1_2_3_4_S_36_10.0/0_SCAN/B.p.cube
-stepsize
0.2
-n_steps
100
-learning_rate
0.5
  -4.0367687004905664        2.9822569982011160        2.6722067590541580E-003
  -3.5130826820779646      -0.56337859485478725       0.67370837904152914     
  -3.7393875022833427      -0.72537816318747805        6.2826653430746084E-003
  -6.2589210355657139       -1.1540964014486317       -2.8617097343619436E-002
  -3.4819616139630511      -0.59560870024536516      -0.59638668308362619     
  -1.7412335518726831      -0.33557916634357093       0.13762483483143645     
  -1.4456449289114435       -3.7442959962627670E-002  0.13109292801669453     
  -1.8666924830815892       -2.6305314954043597       -1.0437009964295899E-002
  -1.8710220940863480       -2.6410877272928390      -0.54077003833075588     
  -1.9531322557998061       -2.6697100864685277       0.49886471145645034     
   3.4373606603801283       -2.3179176567003554      -0.18905020333259773     
   2.8215012990184047       -1.7373703102339810      -0.10419213295656396     
  0.70794715640299000       0.77494241267433706      -0.64785355496843300     
  0.40839617331759159       0.93006563109000029      -0.41676413589769662     
   1.0582606103549494       0.91915946131837545       0.62151290811448445     
   1.4891265217766227      -0.19540165456666736      -0.14777468831132592     
   4.2569158891911361        3.2625352852055984        2.5818182537116287E-002
   2.0048799123808552        2.0948339137223702        3.8728553889203335E-002
   1.7584287147889883        2.0492372572686000      -0.62801260920341573     
   1.8724359258861163        2.1398496580814750       0.72866893716445502     
 -0.38535215672002476        4.2424617842442158       -2.0158660564992957E-002
First
                         Total        7.324780963E+00
Step size:       0.20
Step size in Bohr:       0.38
Learning Rate:       1.00
# Steps:        100
                         Error  1        7.275715322E+00
                         Error  2        7.226926601E+00
                         Error  3        7.178418183E+00
                         Error  4        7.130193457E+00
                         Error  5        7.082255820E+00
                         Error  6        7.034608674E+00
                         Error  7        6.987255424E+00
                         Error  8        6.940199473E+00
                         Error  9        6.893444223E+00
                         Error 10        6.846993074E+00
                         Error 11        6.800849414E+00
                         Error 12        6.755016626E+00
                         Error 13        6.709498078E+00
                         Error 14        6.664297123E+00
                         Error 15        6.619417098E+00
                         Error 16        6.574861316E+00
                         Error 17        6.530633069E+00
                         Error 18        6.486735618E+00
                         Error 19        6.443172198E+00
                         Error 20        6.399946006E+00
                         Error 21        6.357060204E+00
                         Error 22        6.314517912E+00
                         Error 23        6.272322207E+00
                         Error 24        6.230476118E+00
                         Error 25        6.188982621E+00
                         Error 26        6.147844637E+00
                         Error 27        6.107065030E+00
                         Error 28        6.066646598E+00
                         Error 29        6.026592075E+00
                         Error 30        5.986904123E+00
                         Error 31        5.947585330E+00
                         Error 32        5.908638206E+00
                         Error 33        5.870065177E+00
                         Error 34        5.831868586E+00
                         Error 35        5.794050684E+00
                         Error 36        5.756613629E+00
                         Error 37        5.719559482E+00
                         Error 38        5.682890201E+00
                         Error 39        5.646607643E+00
                         Error 40        5.610713553E+00
                         Error 41        5.575209566E+00
                         Error 42        5.540097202E+00
                         Error 43        5.505377863E+00
                         Error 44        5.471052828E+00
                         Error 45        5.437123254E+00
                         Error 46        5.403590169E+00
                         Error 47        5.370454472E+00
                         Error 48        5.337716929E+00
                         Error 49        5.305378171E+00
                         Error 50        5.273438694E+00
                         Error 51        5.241898853E+00
                         Error 52        5.210758863E+00
                         Error 53        5.180018799E+00
                         Error 54        5.149678589E+00
                         Error 55        5.119738021E+00
                         Error 56        5.090196733E+00
                         Error 57        5.061054222E+00
                         Error 58        5.032309834E+00
                         Error 59        5.003962773E+00
                         Error 60        4.976012093E+00
                         Error 61        4.948456706E+00
                         Error 62        4.921295376E+00
                         Error 63        4.894526724E+00
                         Error 64        4.868149227E+00
                         Error 65        4.842161222E+00
                         Error 66        4.816560904E+00
                         Error 67        4.791346331E+00
                         Error 68        4.766515425E+00
                         Error 69        4.742065972E+00
                         Error 70        4.717995631E+00
                         Error 71        4.694301927E+00
                         Error 72        4.670982265E+00
                         Error 73        4.648033924E+00
                         Error 74        4.625454066E+00
                         Error 75        4.603239734E+00
                         Error 76        4.581387865E+00
                         Error 77        4.559895282E+00
                         Error 78        4.538758708E+00
                         Error 79        4.517974765E+00
                         Error 80        4.497539978E+00
                         Error 81        4.477450782E+00
                         Error 82        4.457703526E+00
                         Error 83        4.438294473E+00
                         Error 84        4.419219812E+00
                         Error 85        4.400475655E+00
                         Error 86        4.382058049E+00
                         Error 87        4.363962974E+00
                         Error 88        4.346186352E+00
                         Error 89        4.328724050E+00
                         Error 90        4.311571885E+00
                         Error 91        4.294725629E+00
                         Error 92        4.278181012E+00
                         Error 93        4.261933730E+00
                         Error 94        4.245979444E+00
                         Error 95        4.230313792E+00
                         Error 96        4.214932386E+00
                         Error 97        4.199830821E+00
                         Error 98        4.185004677E+00
                         Error 99        4.170449524E+00
                         Error100        4.156160927E+00
                         Error        4.156160927E+00
/home/unibas/boittier/FDCM/fbuta-trans-f_100/31_32
Distance between Atom configurations = 0.3128553092414909
Distance between Charge configurations = 0.39808700565369337

real	17m12.478s
user	17m12.065s
sys	0m0.026s
-xyz
refined.xyz
-dens
/home/unibas/boittier/RDKit_G2/B.pdb/SCAN_1_2_3_4_S_36_10.0/32_SCAN/B.d.cube
-esp
/home/unibas/boittier/RDKit_G2/B.pdb/SCAN_1_2_3_4_S_36_10.0/32_SCAN/B.p.cube
-stepsize
0.2
-n_steps
100
-learning_rate
0.5
  -4.1198249801146876        2.8405609664039861      -0.56156458516520369     
  -3.5236808702486990      -0.51980187201142591       0.65948535784220164     
  -3.7109063772322761      -0.83045075847058247        2.7205227667947939E-002
  -6.2251262777353089       -1.3154761478725419        7.1548971142663511E-003
  -3.4591662100813112      -0.74080568143810344      -0.58972968283055072     
  -1.7304054849756447      -0.38887377035043585       0.26789670248302944     
  -1.3983408553437875      -0.18788732538234215       0.24930573193272371     
  -1.7534624638587399       -2.6796618574616842       0.34909463406936492     
  -1.8053463044342575       -2.7062537575771062      -0.18686741728974010     
  -1.8146600785591793       -2.7706546315761833       0.62876050665793870     
   3.5433366966252526       -2.2245091555125236      -0.27704648437234353     
   2.8508033618484609       -1.5898976468931216      -0.16329312600957702     
  0.62435713539452020       0.85202979670838075      -0.60286940101334874     
  0.38772079769705348       0.83786458134864383      -0.36780729167884268     
   1.0373142495897059       0.95601568560928052       0.64640419371031754     
   1.5383807106515739      -0.25349907194750854      -0.14404578893149389     
   4.1172741658688556        3.3834627668350401       -6.0694526002683998E-002
   1.9391383015617971        2.0323408585004197        3.2539999076012176E-002
   1.6400376941700314        2.1519968846302220      -0.61678402937130206     
   1.8047251364483146        2.2346893258660150       0.72277771591663997     
 -0.54816844077614235        4.1748973079651623        7.4913963920610338E-002
First
                         Total        4.911824016E+00
Step size:       0.20
Step size in Bohr:       0.38
Learning Rate:       1.00
# Steps:        100
                         Error  1        4.894761466E+00
                         Error  2        4.877929627E+00
                         Error  3        4.861325706E+00
                         Error  4        4.844946903E+00
                         Error  5        4.828790405E+00
                         Error  6        4.812853392E+00
                         Error  7        4.797133038E+00
                         Error  8        4.781626512E+00
                         Error  9        4.766330982E+00
                         Error 10        4.751243615E+00
                         Error 11        4.736361577E+00
                         Error 12        4.721682039E+00
                         Error 13        4.707202175E+00
                         Error 14        4.692919164E+00
                         Error 15        4.678830194E+00
                         Error 16        4.664932459E+00
                         Error 17        4.651223167E+00
                         Error 18        4.637699533E+00
                         Error 19        4.624358788E+00
                         Error 20        4.611198175E+00
                         Error 21        4.598214954E+00
                         Error 22        4.585406399E+00
                         Error 23        4.572769805E+00
                         Error 24        4.560302483E+00
                         Error 25        4.548001763E+00
                         Error 26        4.535864998E+00
                         Error 27        4.523889561E+00
                         Error 28        4.512072849E+00
                         Error 29        4.500412280E+00
                         Error 30        4.488905297E+00
                         Error 31        4.477549368E+00
                         Error 32        4.466341987E+00
                         Error 33        4.455280673E+00
                         Error 34        4.444362972E+00
                         Error 35        4.433586459E+00
                         Error 36        4.422948733E+00
                         Error 37        4.412447425E+00
                         Error 38        4.402080193E+00
                         Error 39        4.391844724E+00
                         Error 40        4.381738734E+00
                         Error 41        4.371759971E+00
                         Error 42        4.361906210E+00
                         Error 43        4.352175259E+00
                         Error 44        4.342564954E+00
                         Error 45        4.333073164E+00
                         Error 46        4.323697786E+00
                         Error 47        4.314436751E+00
                         Error 48        4.305288018E+00
                         Error 49        4.296249579E+00
                         Error 50        4.287319457E+00
                         Error 51        4.278495705E+00
                         Error 52        4.269776407E+00
                         Error 53        4.261159678E+00
                         Error 54        4.252643666E+00
                         Error 55        4.244226546E+00
                         Error 56        4.235906526E+00
                         Error 57        4.227681845E+00
                         Error 58        4.219550771E+00
                         Error 59        4.211511602E+00
                         Error 60        4.203562667E+00
                         Error 61        4.195702323E+00
                         Error 62        4.187928959E+00
                         Error 63        4.180240992E+00
                         Error 64        4.172636867E+00
                         Error 65        4.165115059E+00
                         Error 66        4.157674071E+00
                         Error 67        4.150312435E+00
                         Error 68        4.143028709E+00
                         Error 69        4.135821480E+00
                         Error 70        4.128689362E+00
                         Error 71        4.121630996E+00
                         Error 72        4.114645050E+00
                         Error 73        4.107730216E+00
                         Error 74        4.100885214E+00
                         Error 75        4.094108789E+00
                         Error 76        4.087399712E+00
                         Error 77        4.080756777E+00
                         Error 78        4.074178804E+00
                         Error 79        4.067664636E+00
                         Error 80        4.061213141E+00
                         Error 81        4.054823209E+00
                         Error 82        4.048493754E+00
                         Error 83        4.042223712E+00
                         Error 84        4.036012041E+00
                         Error 85        4.029857722E+00
                         Error 86        4.023759757E+00
                         Error 87        4.017717168E+00
                         Error 88        4.011729000E+00
                         Error 89        4.005794316E+00
                         Error 90        3.999912201E+00
                         Error 91        3.994081759E+00
                         Error 92        3.988302112E+00
                         Error 93        3.982572402E+00
                         Error 94        3.976891791E+00
                         Error 95        3.971259457E+00
                         Error 96        3.965674597E+00
                         Error 97        3.960136425E+00
                         Error 98        3.954644172E+00
                         Error 99        3.949197088E+00
                         Error100        3.943794435E+00
                         Error        3.943794435E+00
