node42.cluster
/home/unibas/boittier/FDCM/fbuta-trans-f_0/3_4
Distance between Atom configurations = 0.2820900669802546
Distance between Charge configurations = 0.4260311810073034

real	0m0.948s
user	0m0.833s
sys	0m0.027s
-xyz
refined.xyz
-dens
/home/unibas/boittier/RDKit_G2/B.pdb/SCAN_1_2_3_4_S_36_10.0/4_SCAN/B.d.cube
-esp
/home/unibas/boittier/RDKit_G2/B.pdb/SCAN_1_2_3_4_S_36_10.0/4_SCAN/B.p.cube
-stepsize
0.2
-n_steps
0
-learning_rate
0.5
  -4.1166947003937819        2.8926361929358264        5.8204121909777889E-002
  -3.4552750839289752      -0.63264700236788129       0.76319146774185931     
  -3.7068901557843463      -0.80731995358827424       0.10813877457799424     
  -6.2122010011825566       -1.3077721626850118       0.19188108818718094     
  -3.4809564662413410      -0.67597397810866822      -0.50669514419815387     
  -1.7258423897624859      -0.36141504710692818       0.12604652933813537     
  -1.4391001837997792       -5.5171518721484403E-002  0.10889117951210921     
  -1.7824569163030037       -2.6583326873246320        2.1363120191578752E-002
  -1.8105635788315368       -2.6740025494430371      -0.50811565320937024     
  -1.8444988315085618       -2.6951724901875158       0.53438229081791677     
   3.4848125132947541       -2.2301681410707777      -0.36367706965173285     
   2.8775408843693393       -1.6258367878319759      -0.26475157591915011     
  0.66393299253925409       0.81413211937268437      -0.74331133806922745     
  0.36796445177507536       0.96168336030269397      -0.50283768432842868     
   1.0562915745546413       0.97632573970172054       0.51281970167362378     
   1.4964338227003320      -0.12672911926026442      -0.26771863832022624     
   4.1808904394379640        3.2930801487911654       0.54945321571043026     
   1.9536518699359993        2.0942916330238135       0.35535617686838411     
   1.7255163655740022        2.1270549646729582      -0.31861843851788751     
   1.8025101752528094        2.0515995942113299        1.0415916592089223     
 -0.50477193965956557        4.2541637822020268       -8.9229665082859719E-002
First
                         Total        7.942428828E+00
Step size:       0.20
Step size in Bohr:       0.38
Learning Rate:       1.00
# Steps:          0
                         Error        7.942428828E+00
