node42.cluster
/home/unibas/boittier/FDCM/fbuta-trans-f_0/15_16
Distance between Atom configurations = 0.28303348792364375
Distance between Charge configurations = 0.4436199113714481

real	0m0.864s
user	0m0.843s
sys	0m0.017s
-xyz
refined.xyz
-dens
/home/unibas/boittier/RDKit_G2/B.pdb/SCAN_1_2_3_4_S_36_10.0/16_SCAN/B.d.cube
-esp
/home/unibas/boittier/RDKit_G2/B.pdb/SCAN_1_2_3_4_S_36_10.0/16_SCAN/B.p.cube
-stepsize
0.2
-n_steps
0
-learning_rate
0.5
  -3.9985853268865679        3.0254174718087077        5.8274515015375047E-002
  -3.4946318711252928      -0.50918709869120882       0.77462073260040754     
  -3.7529293542225197      -0.67399286976014139       0.11961211957148681     
  -6.2783179506551949       -1.0599172141499873       0.20049094252748501     
  -3.5203181722505348      -0.55470357242083701      -0.49518918701848047     
  -1.7444293947154230      -0.31681141670177621       0.15852818331014654     
  -1.4445028333480565       -2.3851211439423644E-002  0.13574939262744118     
  -1.9147528868866477       -2.6109451920043130        4.0882341037244654E-002
  -1.9427349899752675       -2.6267536850390805      -0.48859890886135565     
  -1.9791968784794318       -2.6435217507709101       0.55389382191657277     
   3.4290056735451282       -2.3034417042952575      -0.43013151805785188     
   2.7728642952206202       -1.8113286061194056      -0.27023734397047777     
  0.68569915826991534       0.74374218401523318      -0.74613854873448981     
  0.39929514172571612       0.90627620215638760      -0.50375093308601349     
   1.0972518861997336       0.88761568534965141       0.50490053164916426     
   1.4710583969534250      -0.24286114481472970      -0.27097713245928512     
   4.3360069639831549        3.1723938126627012       0.53795795235970378     
   2.0597545417875822        2.0689661133651622       0.34695681526406236     
   1.8274947749582451        2.1208588812412259      -0.32440267695368363     
   1.9127665577397417        2.0225407435939062        1.0338518413488189     
 -0.34110587855779684        4.2396597608902411      -0.16317419728352772     
First
                         Total        8.050721957E+00
Step size:       0.20
Step size in Bohr:       0.38
Learning Rate:       1.00
# Steps:          0
                         Error        8.050721957E+00
