node33.cluster
Distance between Atom configurations = 1.8039638937022157e-06
Distance between Charge configurations = 3.479604606467825e-06

real	1m36.202s
user	1m36.165s
sys	0m0.017s
-xyz
global_0_fit.xyz
-dens
/home/unibas/boittier/RDKit_G2/B.pdb/SCAN_1_2_3_4_S_36_10.0/0_SCAN/B.d.cube
-esp
/home/unibas/boittier/RDKit_G2/B.pdb/SCAN_1_2_3_4_S_36_10.0/0_SCAN/B.p.cube
-stepsize
0.2
-n_steps
10
-learning_rate
0.5
  -4.0367687004905664        2.9822569982011160        2.6722067590541580E-003
  -3.5130826820779646      -0.56337859485478725       0.67370837904152914     
  -3.7393875022833427      -0.72537816318747805        6.2826653430746084E-003
  -6.2589210355657139       -1.1540964014486317       -2.8617097343619436E-002
  -3.4819616139630511      -0.59560870024536516      -0.59638668308362619     
  -1.7412335518726831      -0.33557916634357093       0.13762483483143645     
  -1.4456449289114435       -3.7442959962627670E-002  0.13109292801669453     
  -1.8666924830815892       -2.6305314954043597       -1.0437009964295899E-002
  -1.8710220940863480       -2.6410877272928390      -0.54077003833075588     
  -1.9531322557998061       -2.6697100864685277       0.49886471145645034     
   3.4373606603801283       -2.3179176567003554      -0.18905020333259773     
   2.8215012990184047       -1.7373703102339810      -0.10419213295656396     
  0.70794715640299000       0.77494241267433706      -0.64785355496843300     
  0.40839617331759159       0.93006563109000029      -0.41676413589769662     
   1.0582606103549494       0.91915946131837545       0.62151290811448445     
   1.4891265217766227      -0.19540165456666736      -0.14777468831132592     
   4.2569158891911361        3.2625352852055984        2.5818182537116287E-002
   2.0048799123808552        2.0948339137223702        3.8728553889203335E-002
   1.7584287147889883        2.0492372572686000      -0.62801260920341573     
   1.8724359258861163        2.1398496580814750       0.72866893716445502     
 -0.38535215672002476        4.2424617842442158       -2.0158660564992957E-002
First
                         Total        7.324780963E+00
Step size:       0.20
Step size in Bohr:       0.38
Learning Rate:       1.00
# Steps:         10
                         Error  1        7.275715322E+00
                         Error  2        7.226926601E+00
                         Error  3        7.178418183E+00
                         Error  4        7.130193457E+00
                         Error  5        7.082255820E+00
                         Error  6        7.034608674E+00
                         Error  7        6.987255424E+00
                         Error  8        6.940199473E+00
                         Error  9        6.893444223E+00
                         Error 10        6.846993074E+00
                         Error        6.846993074E+00
/home/unibas/boittier/FDCM/fbuta-trans-f_10/8_9
Distance between Atom configurations = 0.38600738002762697
Distance between Charge configurations = 0.4869320132891637

real	1m51.054s
user	1m50.989s
sys	0m0.016s
-xyz
refined.xyz
-dens
/home/unibas/boittier/RDKit_G2/B.pdb/SCAN_1_2_3_4_S_36_10.0/9_SCAN/B.d.cube
-esp
/home/unibas/boittier/RDKit_G2/B.pdb/SCAN_1_2_3_4_S_36_10.0/9_SCAN/B.p.cube
-stepsize
0.2
-n_steps
10
-learning_rate
0.5
   3.8713081993579275       -2.9768073103725237      -0.95857165874934047     
   3.5370340055067087       0.21769601826858373       0.76098453854149006     
   3.7812463747450202       0.56810216710819450       0.17646807585393179     
   6.3062821936299276       0.90803253906630998       0.26422855390446132     
   3.5290708436444227       0.63607440996343811      -0.43898845532388142     
   1.7629098463303328        6.5484214821803027E-002  0.14539357100305589     
   1.4368010709591326      -0.18631367651923508       0.11940593664611959     
   2.0951602475221462        2.3604104111916100       0.14133077804418273     
   2.1130956227350715        2.3916815991423137      -0.38791697791835522     
   2.1844185355679446        2.3492459787242295       0.65208171744322696     
  -3.2491613276836127        2.5147899521327983        1.5561576427358132E-002
  -2.6757457059658805        1.8734835520336004        4.4329374982675689E-002
 -0.75536909926505047      -0.76539067340047739      -0.71980969739362477     
 -0.47772580002833609      -0.93725056745530311      -0.49533917483391576     
  -1.1338059656306312      -0.94621609996692335       0.53618698792196784     
  -1.4647486961896126       0.25902395525104521      -0.16798027803360904     
  -4.5107837930295931       -2.9689456927813316      -0.22025449187414342     
  -2.1707555125892273       -1.9865223450318357      -0.12115932861152760     
  -1.9111528172328336       -1.9440438624528205      -0.78302860370422067     
  -2.0491795513035309       -2.1024877569290892       0.56423893733753427     
   3.2449530222814993E-002  -4.3323658306647612      -0.29030340915331010     
First
                         Total        7.322724859E+00
Step size:       0.20
Step size in Bohr:       0.38
Learning Rate:       1.00
# Steps:         10
                         Error  1        7.295032234E+00
                         Error  2        7.267582017E+00
                         Error  3        7.240373232E+00
                         Error  4        7.213404872E+00
                         Error  5        7.186675897E+00
                         Error  6        7.160185234E+00
                         Error  7        7.133931783E+00
                         Error  8        7.107914409E+00
                         Error  9        7.082131950E+00
                         Error 10        7.056583213E+00
                         Error        7.056583213E+00
