node39.cluster
Distance between Atom configurations = 1.8039638937022157e-06
Distance between Charge configurations = 3.479604606467825e-06

real	15m53.554s
user	15m53.368s
sys	0m0.021s
-xyz
global_0_fit.xyz
-dens
/home/unibas/boittier/RDKit_G2/B.pdb/SCAN_1_2_3_4_S_36_10.0/0_SCAN/B.d.cube
-esp
/home/unibas/boittier/RDKit_G2/B.pdb/SCAN_1_2_3_4_S_36_10.0/0_SCAN/B.p.cube
-stepsize
0.2
-n_steps
100
-learning_rate
0.5
  -4.0367687004905664        2.9822569982011160        2.6722067590541580E-003
  -3.5130826820779646      -0.56337859485478725       0.67370837904152914     
  -3.7393875022833427      -0.72537816318747805        6.2826653430746084E-003
  -6.2589210355657139       -1.1540964014486317       -2.8617097343619436E-002
  -3.4819616139630511      -0.59560870024536516      -0.59638668308362619     
  -1.7412335518726831      -0.33557916634357093       0.13762483483143645     
  -1.4456449289114435       -3.7442959962627670E-002  0.13109292801669453     
  -1.8666924830815892       -2.6305314954043597       -1.0437009964295899E-002
  -1.8710220940863480       -2.6410877272928390      -0.54077003833075588     
  -1.9531322557998061       -2.6697100864685277       0.49886471145645034     
   3.4373606603801283       -2.3179176567003554      -0.18905020333259773     
   2.8215012990184047       -1.7373703102339810      -0.10419213295656396     
  0.70794715640299000       0.77494241267433706      -0.64785355496843300     
  0.40839617331759159       0.93006563109000029      -0.41676413589769662     
   1.0582606103549494       0.91915946131837545       0.62151290811448445     
   1.4891265217766227      -0.19540165456666736      -0.14777468831132592     
   4.2569158891911361        3.2625352852055984        2.5818182537116287E-002
   2.0048799123808552        2.0948339137223702        3.8728553889203335E-002
   1.7584287147889883        2.0492372572686000      -0.62801260920341573     
   1.8724359258861163        2.1398496580814750       0.72866893716445502     
 -0.38535215672002476        4.2424617842442158       -2.0158660564992957E-002
First
                         Total        7.324780963E+00
Step size:       0.20
Step size in Bohr:       0.38
Learning Rate:       1.00
# Steps:        100
                         Error  1        7.275715322E+00
                         Error  2        7.226926601E+00
                         Error  3        7.178418183E+00
                         Error  4        7.130193457E+00
                         Error  5        7.082255820E+00
                         Error  6        7.034608674E+00
                         Error  7        6.987255424E+00
                         Error  8        6.940199473E+00
                         Error  9        6.893444223E+00
                         Error 10        6.846993074E+00
                         Error 11        6.800849414E+00
                         Error 12        6.755016626E+00
                         Error 13        6.709498078E+00
                         Error 14        6.664297123E+00
                         Error 15        6.619417098E+00
                         Error 16        6.574861316E+00
                         Error 17        6.530633069E+00
                         Error 18        6.486735618E+00
                         Error 19        6.443172198E+00
                         Error 20        6.399946006E+00
                         Error 21        6.357060204E+00
                         Error 22        6.314517912E+00
                         Error 23        6.272322207E+00
                         Error 24        6.230476118E+00
                         Error 25        6.188982621E+00
                         Error 26        6.147844637E+00
                         Error 27        6.107065030E+00
                         Error 28        6.066646598E+00
                         Error 29        6.026592075E+00
                         Error 30        5.986904123E+00
                         Error 31        5.947585330E+00
                         Error 32        5.908638206E+00
                         Error 33        5.870065177E+00
                         Error 34        5.831868586E+00
                         Error 35        5.794050684E+00
                         Error 36        5.756613629E+00
                         Error 37        5.719559482E+00
                         Error 38        5.682890201E+00
                         Error 39        5.646607643E+00
                         Error 40        5.610713553E+00
                         Error 41        5.575209566E+00
                         Error 42        5.540097202E+00
                         Error 43        5.505377863E+00
                         Error 44        5.471052828E+00
                         Error 45        5.437123254E+00
                         Error 46        5.403590169E+00
                         Error 47        5.370454472E+00
                         Error 48        5.337716929E+00
                         Error 49        5.305378171E+00
                         Error 50        5.273438694E+00
                         Error 51        5.241898853E+00
                         Error 52        5.210758863E+00
                         Error 53        5.180018799E+00
                         Error 54        5.149678589E+00
                         Error 55        5.119738021E+00
                         Error 56        5.090196733E+00
                         Error 57        5.061054222E+00
                         Error 58        5.032309834E+00
                         Error 59        5.003962773E+00
                         Error 60        4.976012093E+00
                         Error 61        4.948456706E+00
                         Error 62        4.921295376E+00
                         Error 63        4.894526724E+00
                         Error 64        4.868149227E+00
                         Error 65        4.842161222E+00
                         Error 66        4.816560904E+00
                         Error 67        4.791346331E+00
                         Error 68        4.766515425E+00
                         Error 69        4.742065972E+00
                         Error 70        4.717995631E+00
                         Error 71        4.694301927E+00
                         Error 72        4.670982265E+00
                         Error 73        4.648033924E+00
                         Error 74        4.625454066E+00
                         Error 75        4.603239734E+00
                         Error 76        4.581387865E+00
                         Error 77        4.559895282E+00
                         Error 78        4.538758708E+00
                         Error 79        4.517974765E+00
                         Error 80        4.497539978E+00
                         Error 81        4.477450782E+00
                         Error 82        4.457703526E+00
                         Error 83        4.438294473E+00
                         Error 84        4.419219812E+00
                         Error 85        4.400475655E+00
                         Error 86        4.382058049E+00
                         Error 87        4.363962974E+00
                         Error 88        4.346186352E+00
                         Error 89        4.328724050E+00
                         Error 90        4.311571885E+00
                         Error 91        4.294725629E+00
                         Error 92        4.278181012E+00
                         Error 93        4.261933730E+00
                         Error 94        4.245979444E+00
                         Error 95        4.230313792E+00
                         Error 96        4.214932386E+00
                         Error 97        4.199830821E+00
                         Error 98        4.185004677E+00
                         Error 99        4.170449524E+00
                         Error100        4.156160927E+00
                         Error        4.156160927E+00
/home/unibas/boittier/FDCM/fbuta-trans-f_100/10_11
Distance between Atom configurations = 0.29316646138331004
Distance between Charge configurations = 0.39941368943080957

real	17m56.212s
user	17m56.005s
sys	0m0.027s
-xyz
refined.xyz
-dens
/home/unibas/boittier/RDKit_G2/B.pdb/SCAN_1_2_3_4_S_36_10.0/11_SCAN/B.d.cube
-esp
/home/unibas/boittier/RDKit_G2/B.pdb/SCAN_1_2_3_4_S_36_10.0/11_SCAN/B.p.cube
-stepsize
0.2
-n_steps
100
-learning_rate
0.5
  -3.8135506761661810        3.1896130793181894       0.14068918651217432     
  -3.5364624952149439      -0.38232605895019672       0.71096719240727158     
  -3.7760823292948618      -0.54941580519581779        4.3136648068493433E-002
  -6.3232765374822302      -0.77206969759500088        3.4632294015810624E-004
  -3.5369130067044678      -0.37061934247078143      -0.55923192301885338     
  -1.7814021378933347      -0.22092650154127014       0.14092266968097533     
  -1.4277426859024893       -6.0121529254354843E-002  0.13227128801117990     
  -2.0173249730253158       -2.6057819947899179       -7.9500486455559891E-002
  -2.0899131204342232       -2.5264249682577526      -0.60778810296515595     
  -2.1505970290756586       -2.5840253135949194       0.43371578261777810     
   3.4019989338898480       -2.3556063584013822      -0.62798893818650492     
   2.6404065737917715       -1.9250918780323591      -0.25581298955081661     
  0.72241337811485007       0.75741267513973609      -0.66345959306677338     
  0.48196357847405275       0.76423526516987694      -0.43196671842950607     
   1.1150399622827185       0.78734468356570020       0.59120940873933148     
   1.4906770044539823      -0.45018348264621177      -0.22501701363877857     
   4.3215231388258406        3.0745228182627731       0.61753541764437392     
   2.1414332190089320        1.7735480543804389        1.8669108484786780E-002
   1.8020538052276920        2.1398867337126246      -0.24337918788938895     
   2.0193428912869944        1.9720643299799605       0.71230096123467102     
  -7.7030758976809652E-002   4.1805323645527146       0.10187304891397582     
First
                         Total        8.710550197E+00
Step size:       0.20
Step size in Bohr:       0.38
Learning Rate:       1.00
# Steps:        100
                         Error  1        8.657343986E+00
                         Error  2        8.604401849E+00
                         Error  3        8.551726493E+00
                         Error  4        8.499320630E+00
                         Error  5        8.447186975E+00
                         Error  6        8.395328250E+00
                         Error  7        8.343747176E+00
                         Error  8        8.292446476E+00
                         Error  9        8.241428873E+00
                         Error 10        8.190697089E+00
                         Error 11        8.140253841E+00
                         Error 12        8.090101842E+00
                         Error 13        8.040243801E+00
                         Error 14        7.990682415E+00
                         Error 15        7.941420376E+00
                         Error 16        7.892460361E+00
                         Error 17        7.843805038E+00
                         Error 18        7.795457057E+00
                         Error 19        7.747419054E+00
                         Error 20        7.699693646E+00
                         Error 21        7.652283430E+00
                         Error 22        7.605190980E+00
                         Error 23        7.558418847E+00
                         Error 24        7.511969555E+00
                         Error 25        7.465845601E+00
                         Error 26        7.420049450E+00
                         Error 27        7.374583537E+00
                         Error 28        7.329450259E+00
                         Error 29        7.284651978E+00
                         Error 30        7.240191019E+00
                         Error 31        7.196069661E+00
                         Error 32        7.152290142E+00
                         Error 33        7.108854656E+00
                         Error 34        7.065765344E+00
                         Error 35        7.023024300E+00
                         Error 36        6.980633564E+00
                         Error 37        6.938595121E+00
                         Error 38        6.896910898E+00
                         Error 39        6.855582761E+00
                         Error 40        6.814612516E+00
                         Error 41        6.774001902E+00
                         Error 42        6.733752593E+00
                         Error 43        6.693866192E+00
                         Error 44        6.654344233E+00
                         Error 45        6.615188173E+00
                         Error 46        6.576399396E+00
                         Error 47        6.537979206E+00
                         Error 48        6.499928829E+00
                         Error 49        6.462249406E+00
                         Error 50        6.424941995E+00
                         Error 51        6.388007570E+00
                         Error 52        6.351447015E+00
                         Error 53        6.315261123E+00
                         Error 54        6.279450598E+00
                         Error 55        6.244016051E+00
                         Error 56        6.208957996E+00
                         Error 57        6.174276854E+00
                         Error 58        6.139972946E+00
                         Error 59        6.106046496E+00
                         Error 60        6.072497628E+00
                         Error 61        6.039326364E+00
                         Error 62        6.006532627E+00
                         Error 63        5.974116235E+00
                         Error 64        5.942076904E+00
                         Error 65        5.910414246E+00
                         Error 66        5.879127770E+00
                         Error 67        5.848216879E+00
                         Error 68        5.817680873E+00
                         Error 69        5.787518946E+00
                         Error 70        5.757730190E+00
                         Error 71        5.728313589E+00
                         Error 72        5.699268028E+00
                         Error 73        5.670592285E+00
                         Error 74        5.642285037E+00
                         Error 75        5.614344859E+00
                         Error 76        5.586770225E+00
                         Error 77        5.559559510E+00
                         Error 78        5.532710989E+00
                         Error 79        5.506222842E+00
                         Error 80        5.480093152E+00
                         Error 81        5.454319906E+00
                         Error 82        5.428901002E+00
                         Error 83        5.403834245E+00
                         Error 84        5.379117352E+00
                         Error 85        5.354747953E+00
                         Error 86        5.330723593E+00
                         Error 87        5.307041737E+00
                         Error 88        5.283699767E+00
                         Error 89        5.260694990E+00
                         Error 90        5.238024636E+00
                         Error 91        5.215685864E+00
                         Error 92        5.193675762E+00
                         Error 93        5.171991352E+00
                         Error 94        5.150629592E+00
                         Error 95        5.129587377E+00
                         Error 96        5.108861545E+00
                         Error 97        5.088448877E+00
                         Error 98        5.068346103E+00
                         Error 99        5.048549902E+00
                         Error100        5.029056907E+00
                         Error        5.029056907E+00
