node32.cluster
Distance between Atom configurations = 1.8039638937022157e-06
Distance between Charge configurations = 3.479604606467825e-06

real	15m53.850s
user	15m53.799s
sys	0m0.013s
-xyz
global_0_fit.xyz
-dens
/home/unibas/boittier/RDKit_G2/B.pdb/SCAN_1_2_3_4_S_36_10.0/0_SCAN/B.d.cube
-esp
/home/unibas/boittier/RDKit_G2/B.pdb/SCAN_1_2_3_4_S_36_10.0/0_SCAN/B.p.cube
-stepsize
0.2
-n_steps
100
-learning_rate
0.5
  -4.0367687004905664        2.9822569982011160        2.6722067590541580E-003
  -3.5130826820779646      -0.56337859485478725       0.67370837904152914     
  -3.7393875022833427      -0.72537816318747805        6.2826653430746084E-003
  -6.2589210355657139       -1.1540964014486317       -2.8617097343619436E-002
  -3.4819616139630511      -0.59560870024536516      -0.59638668308362619     
  -1.7412335518726831      -0.33557916634357093       0.13762483483143645     
  -1.4456449289114435       -3.7442959962627670E-002  0.13109292801669453     
  -1.8666924830815892       -2.6305314954043597       -1.0437009964295899E-002
  -1.8710220940863480       -2.6410877272928390      -0.54077003833075588     
  -1.9531322557998061       -2.6697100864685277       0.49886471145645034     
   3.4373606603801283       -2.3179176567003554      -0.18905020333259773     
   2.8215012990184047       -1.7373703102339810      -0.10419213295656396     
  0.70794715640299000       0.77494241267433706      -0.64785355496843300     
  0.40839617331759159       0.93006563109000029      -0.41676413589769662     
   1.0582606103549494       0.91915946131837545       0.62151290811448445     
   1.4891265217766227      -0.19540165456666736      -0.14777468831132592     
   4.2569158891911361        3.2625352852055984        2.5818182537116287E-002
   2.0048799123808552        2.0948339137223702        3.8728553889203335E-002
   1.7584287147889883        2.0492372572686000      -0.62801260920341573     
   1.8724359258861163        2.1398496580814750       0.72866893716445502     
 -0.38535215672002476        4.2424617842442158       -2.0158660564992957E-002
First
                         Total        7.324780963E+00
Step size:       0.20
Step size in Bohr:       0.38
Learning Rate:       1.00
# Steps:        100
                         Error  1        7.275715322E+00
                         Error  2        7.226926601E+00
                         Error  3        7.178418183E+00
                         Error  4        7.130193457E+00
                         Error  5        7.082255820E+00
                         Error  6        7.034608674E+00
                         Error  7        6.987255424E+00
                         Error  8        6.940199473E+00
                         Error  9        6.893444223E+00
                         Error 10        6.846993074E+00
                         Error 11        6.800849414E+00
                         Error 12        6.755016626E+00
                         Error 13        6.709498078E+00
                         Error 14        6.664297123E+00
                         Error 15        6.619417098E+00
                         Error 16        6.574861316E+00
                         Error 17        6.530633069E+00
                         Error 18        6.486735618E+00
                         Error 19        6.443172198E+00
                         Error 20        6.399946006E+00
                         Error 21        6.357060204E+00
                         Error 22        6.314517912E+00
                         Error 23        6.272322207E+00
                         Error 24        6.230476118E+00
                         Error 25        6.188982621E+00
                         Error 26        6.147844637E+00
                         Error 27        6.107065030E+00
                         Error 28        6.066646598E+00
                         Error 29        6.026592075E+00
                         Error 30        5.986904123E+00
                         Error 31        5.947585330E+00
                         Error 32        5.908638206E+00
                         Error 33        5.870065177E+00
                         Error 34        5.831868586E+00
                         Error 35        5.794050684E+00
                         Error 36        5.756613629E+00
                         Error 37        5.719559482E+00
                         Error 38        5.682890201E+00
                         Error 39        5.646607643E+00
                         Error 40        5.610713553E+00
                         Error 41        5.575209566E+00
                         Error 42        5.540097202E+00
                         Error 43        5.505377863E+00
                         Error 44        5.471052828E+00
                         Error 45        5.437123254E+00
                         Error 46        5.403590169E+00
                         Error 47        5.370454472E+00
                         Error 48        5.337716929E+00
                         Error 49        5.305378171E+00
                         Error 50        5.273438694E+00
                         Error 51        5.241898853E+00
                         Error 52        5.210758863E+00
                         Error 53        5.180018799E+00
                         Error 54        5.149678589E+00
                         Error 55        5.119738021E+00
                         Error 56        5.090196733E+00
                         Error 57        5.061054222E+00
                         Error 58        5.032309834E+00
                         Error 59        5.003962773E+00
                         Error 60        4.976012093E+00
                         Error 61        4.948456706E+00
                         Error 62        4.921295376E+00
                         Error 63        4.894526724E+00
                         Error 64        4.868149227E+00
                         Error 65        4.842161222E+00
                         Error 66        4.816560904E+00
                         Error 67        4.791346331E+00
                         Error 68        4.766515425E+00
                         Error 69        4.742065972E+00
                         Error 70        4.717995631E+00
                         Error 71        4.694301927E+00
                         Error 72        4.670982265E+00
                         Error 73        4.648033924E+00
                         Error 74        4.625454066E+00
                         Error 75        4.603239734E+00
                         Error 76        4.581387865E+00
                         Error 77        4.559895282E+00
                         Error 78        4.538758708E+00
                         Error 79        4.517974765E+00
                         Error 80        4.497539978E+00
                         Error 81        4.477450782E+00
                         Error 82        4.457703526E+00
                         Error 83        4.438294473E+00
                         Error 84        4.419219812E+00
                         Error 85        4.400475655E+00
                         Error 86        4.382058049E+00
                         Error 87        4.363962974E+00
                         Error 88        4.346186352E+00
                         Error 89        4.328724050E+00
                         Error 90        4.311571885E+00
                         Error 91        4.294725629E+00
                         Error 92        4.278181012E+00
                         Error 93        4.261933730E+00
                         Error 94        4.245979444E+00
                         Error 95        4.230313792E+00
                         Error 96        4.214932386E+00
                         Error 97        4.199830821E+00
                         Error 98        4.185004677E+00
                         Error 99        4.170449524E+00
                         Error100        4.156160927E+00
                         Error        4.156160927E+00
/home/unibas/boittier/FDCM/fbuta-trans-f_100/24_25
Distance between Atom configurations = 0.285375953383589
Distance between Charge configurations = 0.36048598032577933

real	17m56.184s
user	17m56.124s
sys	0m0.018s
-xyz
refined.xyz
-dens
/home/unibas/boittier/RDKit_G2/B.pdb/SCAN_1_2_3_4_S_36_10.0/25_SCAN/B.d.cube
-esp
/home/unibas/boittier/RDKit_G2/B.pdb/SCAN_1_2_3_4_S_36_10.0/25_SCAN/B.p.cube
-stepsize
0.2
-n_steps
100
-learning_rate
0.5
  -3.9785104176547965        3.0362806922577392      -0.49343420367047702     
  -3.5352601139541728      -0.33684917890665556       0.73528654185518094     
  -3.7433228334022952      -0.64531718847839714       0.10847582402766721     
  -6.2787119602115240       -1.0107576624661228        9.1987948183202897E-002
  -3.4931816485214586      -0.57541218014388262      -0.51165376954234421     
  -1.7809731569555349       -9.8396059948351780E-002  0.23453787793330994     
  -1.4289419926555615        6.4971103302340169E-002  0.21470550963085977     
  -1.9966067067907243       -2.4941050663910720       0.13511269623153968     
  -2.0744579282278486       -2.4418495347909221      -0.39579495044498703     
  -2.0335614038477563       -2.4681800453151093       0.93171808309518256     
   3.2828307645825419       -2.4988196580270747      -0.20778008575745022     
   2.6615232421762722       -1.7909694405375363      -0.11723150548442550     
  0.71437110998360664       0.86262958529162348      -0.64219618126650269     
  0.47589775823965214       0.87924196486593831      -0.40915950122937289     
   1.1271130242141210       0.95253419993274113       0.60824071447525374     
   1.5028796971274001      -0.32191463175544349      -0.14898072284903918     
   4.4541625943534182        3.0249202832563538       -8.4536000732541139E-002
   2.1447574957915427        1.9114771720794592       -3.1853650633218034E-003
   1.8716731408728915        2.0442359791040681      -0.66136502602711567     
   2.0198175061391730        2.1451897527020862       0.67887646174915250     
 -0.10384939852991686        4.3032589708489386       -6.5778822202501863E-002
First
                         Total        6.130273894E+00
Step size:       0.20
Step size in Bohr:       0.38
Learning Rate:       1.00
# Steps:        100
                         Error  1        6.076140944E+00
                         Error  2        6.022412851E+00
                         Error  3        5.969096017E+00
                         Error  4        5.916196866E+00
                         Error  5        5.863721830E+00
                         Error  6        5.811677348E+00
                         Error  7        5.760069852E+00
                         Error  8        5.708905764E+00
                         Error  9        5.658191485E+00
                         Error 10        5.607933387E+00
                         Error 11        5.558137801E+00
                         Error 12        5.508811012E+00
                         Error 13        5.459959243E+00
                         Error 14        5.411588649E+00
                         Error 15        5.363705305E+00
                         Error 16        5.316315193E+00
                         Error 17        5.269424192E+00
                         Error 18        5.223038066E+00
                         Error 19        5.177162450E+00
                         Error 20        5.131802842E+00
                         Error 21        5.086964587E+00
                         Error 22        5.042652864E+00
                         Error 23        4.998872676E+00
                         Error 24        4.955628836E+00
                         Error 25        4.912925954E+00
                         Error 26        4.870768426E+00
                         Error 27        4.829160419E+00
                         Error 28        4.788105863E+00
                         Error 29        4.747608434E+00
                         Error 30        4.707671547E+00
                         Error 31        4.668298343E+00
                         Error 32        4.629491678E+00
                         Error 33        4.591254112E+00
                         Error 34        4.553587905E+00
                         Error 35        4.516495000E+00
                         Error 36        4.479977022E+00
                         Error 37        4.444035265E+00
                         Error 38        4.408670691E+00
                         Error 39        4.373883919E+00
                         Error 40        4.339675224E+00
                         Error 41        4.306044532E+00
                         Error 42        4.272991416E+00
                         Error 43        4.240515095E+00
                         Error 44        4.208614435E+00
                         Error 45        4.177287945E+00
                         Error 46        4.146533781E+00
                         Error 47        4.116349748E+00
                         Error 48        4.086733304E+00
                         Error 49        4.057681559E+00
                         Error 50        4.029191288E+00
                         Error 51        4.001258930E+00
                         Error 52        3.973880600E+00
                         Error 53        3.947052094E+00
                         Error 54        3.920768898E+00
                         Error 55        3.895026197E+00
                         Error 56        3.869818889E+00
                         Error 57        3.845141591E+00
                         Error 58        3.820988651E+00
                         Error 59        3.797354163E+00
                         Error 60        3.774231979E+00
                         Error 61        3.751615718E+00
                         Error 62        3.729498784E+00
                         Error 63        3.707874377E+00
                         Error 64        3.686735507E+00
                         Error 65        3.666075011E+00
                         Error 66        3.645885561E+00
                         Error 67        3.626159685E+00
                         Error 68        3.606889777E+00
                         Error 69        3.588068112E+00
                         Error 70        3.569686862E+00
                         Error 71        3.551738105E+00
                         Error 72        3.534213844E+00
                         Error 73        3.517106018E+00
                         Error 74        3.500406516E+00
                         Error 75        3.484107186E+00
                         Error 76        3.468199855E+00
                         Error 77        3.452676334E+00
                         Error 78        3.437528431E+00
                         Error 79        3.422747965E+00
                         Error 80        3.408326776E+00
                         Error 81        3.394256731E+00
                         Error 82        3.380529740E+00
                         Error 83        3.367137759E+00
                         Error 84        3.354072806E+00
                         Error 85        3.341326961E+00
                         Error 86        3.328892379E+00
                         Error 87        3.316761297E+00
                         Error 88        3.304926039E+00
                         Error 89        3.293379022E+00
                         Error 90        3.282112762E+00
                         Error 91        3.271119881E+00
                         Error 92        3.260393110E+00
                         Error 93        3.249925293E+00
                         Error 94        3.239709391E+00
                         Error 95        3.229738487E+00
                         Error 96        3.220005787E+00
                         Error 97        3.210504623E+00
                         Error 98        3.201228456E+00
                         Error 99        3.192170876E+00
                         Error100        3.183325606E+00
                         Error        3.183325606E+00
