node45.cluster
Distance between Atom configurations = 1.8039638937022157e-06
Distance between Charge configurations = 3.479604606467825e-06

real	0m0.855s
user	0m0.832s
sys	0m0.021s
-xyz
global_0_fit.xyz
-dens
/home/unibas/boittier/RDKit_G2/B.pdb/SCAN_1_2_3_4_S_36_10.0/0_SCAN/B.d.cube
-esp
/home/unibas/boittier/RDKit_G2/B.pdb/SCAN_1_2_3_4_S_36_10.0/0_SCAN/B.p.cube
-stepsize
0.2
-n_steps
0
-learning_rate
0.5
  -4.0367687004905664        2.9822569982011160        2.6722067590541580E-003
  -3.5130826820779646      -0.56337859485478725       0.67370837904152914     
  -3.7393875022833427      -0.72537816318747805        6.2826653430746084E-003
  -6.2589210355657139       -1.1540964014486317       -2.8617097343619436E-002
  -3.4819616139630511      -0.59560870024536516      -0.59638668308362619     
  -1.7412335518726831      -0.33557916634357093       0.13762483483143645     
  -1.4456449289114435       -3.7442959962627670E-002  0.13109292801669453     
  -1.8666924830815892       -2.6305314954043597       -1.0437009964295899E-002
  -1.8710220940863480       -2.6410877272928390      -0.54077003833075588     
  -1.9531322557998061       -2.6697100864685277       0.49886471145645034     
   3.4373606603801283       -2.3179176567003554      -0.18905020333259773     
   2.8215012990184047       -1.7373703102339810      -0.10419213295656396     
  0.70794715640299000       0.77494241267433706      -0.64785355496843300     
  0.40839617331759159       0.93006563109000029      -0.41676413589769662     
   1.0582606103549494       0.91915946131837545       0.62151290811448445     
   1.4891265217766227      -0.19540165456666736      -0.14777468831132592     
   4.2569158891911361        3.2625352852055984        2.5818182537116287E-002
   2.0048799123808552        2.0948339137223702        3.8728553889203335E-002
   1.7584287147889883        2.0492372572686000      -0.62801260920341573     
   1.8724359258861163        2.1398496580814750       0.72866893716445502     
 -0.38535215672002476        4.2424617842442158       -2.0158660564992957E-002
First
                         Total        7.324780963E+00
Step size:       0.20
Step size in Bohr:       0.38
Learning Rate:       1.00
# Steps:          0
                         Error        7.324780963E+00
/home/unibas/boittier/FDCM/fbuta-trans-f_0/2_3
Distance between Atom configurations = 0.2610414570699136
Distance between Charge configurations = 0.37338162442792777

real	0m0.900s
user	0m0.845s
sys	0m0.032s
-xyz
refined.xyz
-dens
/home/unibas/boittier/RDKit_G2/B.pdb/SCAN_1_2_3_4_S_36_10.0/3_SCAN/B.d.cube
-esp
/home/unibas/boittier/RDKit_G2/B.pdb/SCAN_1_2_3_4_S_36_10.0/3_SCAN/B.p.cube
-stepsize
0.2
-n_steps
0
-learning_rate
0.5
  -4.0902444882923703        2.9221736023496150        4.1059798646283605E-002
  -3.4583604745044516      -0.60719670943908310       0.77099065535423428     
  -3.7150408837258921      -0.77802956219546815       0.11689118353432267     
  -6.2251725479839468       -1.2512046039468228       0.21198369247736901     
  -3.4906598198814032      -0.64815588650956657      -0.49882345132072781     
  -1.7308586347512431      -0.35428156189642113       0.11084120763655013     
  -1.4411341596898231       -5.0732739414893674E-002   9.6064932515893112E-002
  -1.8113224213191972       -2.6496591106459242        1.7819786029101184E-002
  -1.8421596143649048       -2.6641512488886030      -0.51154053170702574     
  -1.8712778205260665       -2.6866672286230804       0.53107487763289563     
   3.4823551281272982       -2.2320966723092401      -0.36234519563837359     
   2.8571285389776113       -1.6645258734444932      -0.26000279450255936     
  0.67433484566201962       0.80107956165337013      -0.74291848692864138     
  0.37857612971009841       0.95071329013870476      -0.50347568957703881     
   1.0598557327786540       0.95473577461022430       0.51594490931886161     
   1.4921321674048285      -0.15074143514180993      -0.26556167636578981     
   4.2147016057396360        3.2778259254553519       0.48921519389997542     
   1.9774591192807895        2.1003611906831021       0.28021264211830177     
   1.7613773893451443        2.1220670468535672      -0.39816672684294019     
   1.8140192704787226        2.0732206224928440       0.96441755634699355     
 -0.46483992758311049        4.2496740168138949       -8.4098294082738834E-002
First
                         Total        7.823654853E+00
Step size:       0.20
Step size in Bohr:       0.38
Learning Rate:       1.00
# Steps:          0
                         Error        7.823654853E+00
