node39.cluster
/home/unibas/boittier/FDCM/fbuta-trans-f_0/20_21
Distance between Atom configurations = 0.2780169994668158
Distance between Charge configurations = 0.3888602401264629

real	0m0.878s
user	0m0.843s
sys	0m0.023s
-xyz
refined.xyz
-dens
/home/unibas/boittier/RDKit_G2/B.pdb/SCAN_1_2_3_4_S_36_10.0/21_SCAN/B.d.cube
-esp
/home/unibas/boittier/RDKit_G2/B.pdb/SCAN_1_2_3_4_S_36_10.0/21_SCAN/B.p.cube
-stepsize
0.2
-n_steps
0
-learning_rate
0.5
  -3.9599646263310722        2.9928022779676162      -0.46069132708184846     
  -3.5261325459328439      -0.44835427766239561       0.68287114120391768     
  -3.7367408432051255      -0.68900768588200967        3.4299713120308398E-002
  -6.2659610456104531       -1.0745309974594324        1.4523239097399016E-002
  -3.4614395928889925      -0.63735800530927678      -0.57221498339903265     
  -1.7414069960362597      -0.28700384332999018       0.27028168583683126     
  -1.4404380765104536        5.2825283852061689E-003  0.25334404211010014     
  -1.8879590048369856       -2.6030682039535176       0.30597391970269899     
  -1.8785762584641916       -2.6789927109903307      -0.21893629532573480     
  -1.9880989936916798       -2.5783468733486505       0.81367055962933121     
   3.3852288588577761       -2.3577979097190540      -0.30354759296841965     
   2.7829215512712815       -1.7687686101389766      -0.18611992145069789     
  0.68747102254773773       0.78108265855696113      -0.61220013013479591     
  0.40083187488467964       0.93841151582657423      -0.36667629491152098     
   1.0953703574517846       0.90691651110824556       0.64183067685358164     
   1.4744319508639143      -0.20619666464981160      -0.15628378049975464     
   4.2939724563460064        3.2174788895619932       -3.1731818788669451E-002
   2.0293353544064963        2.0768182338110406        5.5445081054071650E-002
   1.7530768595509316        2.0493912487646244      -0.60051988062279171     
   1.9281192536625427        2.1076848176178542       0.75142504788293885     
 -0.33644887655158739        4.2498116151144254       0.15090371449670217     
First
                         Total        1.312926931E+00
Step size:       0.20
Step size in Bohr:       0.38
Learning Rate:       1.00
# Steps:          0
                         Error        1.312926931E+00
