node40.cluster
/home/unibas/boittier/FDCM/fbuta-trans-f_0/7_8
Distance between Atom configurations = 0.45610612014625596
Distance between Charge configurations = 0.574399689992156

real	0m0.948s
user	0m0.922s
sys	0m0.023s
-xyz
refined.xyz
-dens
/home/unibas/boittier/RDKit_G2/B.pdb/SCAN_1_2_3_4_S_36_10.0/8_SCAN/B.d.cube
-esp
/home/unibas/boittier/RDKit_G2/B.pdb/SCAN_1_2_3_4_S_36_10.0/8_SCAN/B.p.cube
-stepsize
0.2
-n_steps
0
-learning_rate
0.5
  -3.7947872613473099        2.9496091272095666       -1.1408098714947774     
  -3.5323693418194959      -0.15924342884975282       0.74658011717512363     
  -3.7920465813528015      -0.52721226575692737       0.18082267672241384     
  -6.3225518280404636      -0.82881709499823253       0.27906397814573336     
  -3.5445783925996710      -0.64185138170948641      -0.42904281145649620     
  -1.7673658988004779       -5.0206275620926485E-002  0.21103987930260371     
  -1.4443064553788894       0.21593333252386523       0.17783141082468640     
  -2.1247753080117984       -2.3253645847519597       0.19150456345746114     
  -2.1519341407473696       -2.3619599255662700      -0.33698997707687772     
  -2.1936405073343961       -2.3300969204058317       0.70495390766680344     
   3.2329204566877072       -2.5265778575864375        3.8481990688193218E-003
   2.6680802074626584       -1.8914877763933011        3.7537191328073594E-002
  0.73755384616801867       0.76770372951967569      -0.71841659713827388     
  0.46274496235334600       0.96044366480542898      -0.48490488717902985     
   1.1506536474286886       0.93967695570973930       0.52841260303758042     
   1.4482966554989278      -0.24508271724651440      -0.19784387904449494     
   4.5201564654265045        2.9511623434439160      -0.30183731648022349     
   2.1749267846438696        1.9964234110811836      -0.14779015841766691     
   1.8985020743391499        1.9418018655066167      -0.80198194430948311     
   2.0751851483813146        2.0862513991645324       0.54327286173707268     
  -1.3635127428066043E-002   4.3485260372641568      -0.23020685185922218     
First
                         Total        7.666485982E+00
Step size:       0.20
Step size in Bohr:       0.38
Learning Rate:       1.00
# Steps:          0
                         Error        7.666485982E+00
