node40.cluster
/home/unibas/boittier/FDCM/fbuta-trans-f_0/17_18
Distance between Atom configurations = 0.3169618705241712
Distance between Charge configurations = 0.5082616079149056

real	0m0.866s
user	0m0.808s
sys	0m0.020s
-xyz
refined.xyz
-dens
/home/unibas/boittier/RDKit_G2/B.pdb/SCAN_1_2_3_4_S_36_10.0/18_SCAN/B.d.cube
-esp
/home/unibas/boittier/RDKit_G2/B.pdb/SCAN_1_2_3_4_S_36_10.0/18_SCAN/B.p.cube
-stepsize
0.2
-n_steps
0
-learning_rate
0.5
   4.0315045112054735        2.9876739413771194       -7.0808003454706864E-002
   3.4816182032268270      -0.53916416092627384      -0.77856309181131822     
   3.7390994082321374      -0.71546742882818182      -0.12623234603109690     
   6.2584433265075372       -1.1367786054240703      -0.21826310454053630     
   3.5097322059074063      -0.60016722792101640       0.49054564902979453     
   1.7357771790237171      -0.32883345270689168      -0.15564082321228354     
   1.4401716585581048       -3.1870676200551507E-002 -0.12860412545018735     
   1.8733217390475987       -2.6265110179693405       -6.5722088079917126E-002
   1.9023601029406272       -2.6490266812132304       0.46345946759883111     
   1.9360404095263457       -2.6539009479057869      -0.57925027606860036     
  -3.4398876082430223       -2.2802453459946728       0.44288658770864336     
  -2.8057470332817736       -1.7558002130487438       0.26617278740452754     
 -0.67656468900004141       0.75580349130073887       0.76787963220285393     
 -0.38843220752651769       0.91706592850127955       0.52669417776257499     
  -1.0876671969043863       0.92448165990697639      -0.48022303069519168     
  -1.4782679386703739      -0.20908968595457034       0.28275952812004324     
  -4.2710547533654841        3.2040273808437107      -0.59653616184647984     
  -2.0150565512239589        2.0618140018307178      -0.39360779951623986     
  -1.7798248901366149        2.1204240518685555       0.27616227602683602     
  -1.8710535003718289        2.0013717706192371       -1.0800445535615639     
  0.38862724697583884        4.2392896815677137       0.21451499706650018     
First
                         Total        8.179828631E+00
Step size:       0.20
Step size in Bohr:       0.38
Learning Rate:       1.00
# Steps:          0
                         Error        8.179828631E+00
