node32.cluster
Distance between Atom configurations = 1.8039638937022157e-06
Distance between Charge configurations = 3.479604606467825e-06

real	1m36.345s
user	1m36.208s
sys	0m0.024s
-xyz
global_0_fit.xyz
-dens
/home/unibas/boittier/RDKit_G2/B.pdb/SCAN_1_2_3_4_S_36_10.0/0_SCAN/B.d.cube
-esp
/home/unibas/boittier/RDKit_G2/B.pdb/SCAN_1_2_3_4_S_36_10.0/0_SCAN/B.p.cube
-stepsize
0.2
-n_steps
10
-learning_rate
0.5
  -4.0367687004905664        2.9822569982011160        2.6722067590541580E-003
  -3.5130826820779646      -0.56337859485478725       0.67370837904152914     
  -3.7393875022833427      -0.72537816318747805        6.2826653430746084E-003
  -6.2589210355657139       -1.1540964014486317       -2.8617097343619436E-002
  -3.4819616139630511      -0.59560870024536516      -0.59638668308362619     
  -1.7412335518726831      -0.33557916634357093       0.13762483483143645     
  -1.4456449289114435       -3.7442959962627670E-002  0.13109292801669453     
  -1.8666924830815892       -2.6305314954043597       -1.0437009964295899E-002
  -1.8710220940863480       -2.6410877272928390      -0.54077003833075588     
  -1.9531322557998061       -2.6697100864685277       0.49886471145645034     
   3.4373606603801283       -2.3179176567003554      -0.18905020333259773     
   2.8215012990184047       -1.7373703102339810      -0.10419213295656396     
  0.70794715640299000       0.77494241267433706      -0.64785355496843300     
  0.40839617331759159       0.93006563109000029      -0.41676413589769662     
   1.0582606103549494       0.91915946131837545       0.62151290811448445     
   1.4891265217766227      -0.19540165456666736      -0.14777468831132592     
   4.2569158891911361        3.2625352852055984        2.5818182537116287E-002
   2.0048799123808552        2.0948339137223702        3.8728553889203335E-002
   1.7584287147889883        2.0492372572686000      -0.62801260920341573     
   1.8724359258861163        2.1398496580814750       0.72866893716445502     
 -0.38535215672002476        4.2424617842442158       -2.0158660564992957E-002
First
                         Total        7.324780963E+00
Step size:       0.20
Step size in Bohr:       0.38
Learning Rate:       1.00
# Steps:         10
                         Error  1        7.275715322E+00
                         Error  2        7.226926601E+00
                         Error  3        7.178418183E+00
                         Error  4        7.130193457E+00
                         Error  5        7.082255820E+00
                         Error  6        7.034608674E+00
                         Error  7        6.987255424E+00
                         Error  8        6.940199473E+00
                         Error  9        6.893444223E+00
                         Error 10        6.846993074E+00
                         Error        6.846993074E+00
/home/unibas/boittier/FDCM/fbuta-trans-f_10/30_31
Distance between Atom configurations = 0.37723661757127935
Distance between Charge configurations = 0.5903260519567426

real	1m45.650s
user	1m45.623s
sys	0m0.015s
-xyz
refined.xyz
-dens
/home/unibas/boittier/RDKit_G2/B.pdb/SCAN_1_2_3_4_S_36_10.0/31_SCAN/B.d.cube
-esp
/home/unibas/boittier/RDKit_G2/B.pdb/SCAN_1_2_3_4_S_36_10.0/31_SCAN/B.p.cube
-stepsize
0.2
-n_steps
10
-learning_rate
0.5
   3.8570998362566677        3.1592119740827589      -0.14201681014620629     
   3.5313150326821416      -0.40158983230044021      -0.72172002144995095     
   3.7807757090843399      -0.55374883763007854       -5.9375206710357981E-002
   6.3233637856574987      -0.81708881425481450       -8.1659868983331094E-002
   3.5313939794495965      -0.43141558557870574       0.54877181040062539     
   1.7638070986151975      -0.27971731585691567      -0.17517931564520298     
   1.4466617620950244       -1.6375801290379667E-002 -0.15294081689470235     
   2.0303709427822954       -2.5769396559453255        2.7778052000470136E-003
   2.0537305557858452       -2.5748026231957213       0.53273300485621666     
   2.1137984900493398       -2.6010971046198663      -0.50850926745555347     
  -3.3264162384157530       -2.3338393649490996       0.61232783552020054     
  -2.6699407896166418       -1.9613340012990215       0.28855868964514059     
 -0.70577426493226536       0.68323734827532512       0.73294122041472365     
 -0.43331317939614289       0.83511053124422885       0.48858874251203471     
  -1.1183560718975045       0.79717948308926767      -0.51520104514792397     
  -1.4441644954603756      -0.35746756002636082       0.27132123490192345     
  -4.3974981306217975        3.0224417327059721      -0.81701300712700931     
  -2.0987525523664483        1.9722412489051129      -0.56491074787098405     
  -1.8568307566560869        2.1037293788970013        9.1940555440318802E-002
  -2.0123503954703725        1.9670258355338599      -0.57836255004591974     
  0.14165582637760399        4.1968805587305420        6.4290069151743803E-002
First
                         Total        8.461681541E+00
Step size:       0.20
Step size in Bohr:       0.38
Learning Rate:       1.00
# Steps:         10
                         Error  1        8.412339065E+00
                         Error  2        8.363310841E+00
                         Error  3        8.314599406E+00
                         Error  4        8.266207285E+00
                         Error  5        8.218136981E+00
                         Error  6        8.170390975E+00
                         Error  7        8.122971728E+00
                         Error  8        8.075881673E+00
                         Error  9        8.029123218E+00
                         Error 10        7.982698742E+00
                         Error        7.982698742E+00
