node45.cluster
Distance between Atom configurations = 1.8039638937022157e-06
Distance between Charge configurations = 3.479604606467825e-06

real	1m36.124s
user	1m36.058s
sys	0m0.027s
-xyz
global_0_fit.xyz
-dens
/home/unibas/boittier/RDKit_G2/B.pdb/SCAN_1_2_3_4_S_36_10.0/0_SCAN/B.d.cube
-esp
/home/unibas/boittier/RDKit_G2/B.pdb/SCAN_1_2_3_4_S_36_10.0/0_SCAN/B.p.cube
-stepsize
0.2
-n_steps
10
-learning_rate
0.5
  -4.0367687004905664        2.9822569982011160        2.6722067590541580E-003
  -3.5130826820779646      -0.56337859485478725       0.67370837904152914     
  -3.7393875022833427      -0.72537816318747805        6.2826653430746084E-003
  -6.2589210355657139       -1.1540964014486317       -2.8617097343619436E-002
  -3.4819616139630511      -0.59560870024536516      -0.59638668308362619     
  -1.7412335518726831      -0.33557916634357093       0.13762483483143645     
  -1.4456449289114435       -3.7442959962627670E-002  0.13109292801669453     
  -1.8666924830815892       -2.6305314954043597       -1.0437009964295899E-002
  -1.8710220940863480       -2.6410877272928390      -0.54077003833075588     
  -1.9531322557998061       -2.6697100864685277       0.49886471145645034     
   3.4373606603801283       -2.3179176567003554      -0.18905020333259773     
   2.8215012990184047       -1.7373703102339810      -0.10419213295656396     
  0.70794715640299000       0.77494241267433706      -0.64785355496843300     
  0.40839617331759159       0.93006563109000029      -0.41676413589769662     
   1.0582606103549494       0.91915946131837545       0.62151290811448445     
   1.4891265217766227      -0.19540165456666736      -0.14777468831132592     
   4.2569158891911361        3.2625352852055984        2.5818182537116287E-002
   2.0048799123808552        2.0948339137223702        3.8728553889203335E-002
   1.7584287147889883        2.0492372572686000      -0.62801260920341573     
   1.8724359258861163        2.1398496580814750       0.72866893716445502     
 -0.38535215672002476        4.2424617842442158       -2.0158660564992957E-002
First
                         Total        7.324780963E+00
Step size:       0.20
Step size in Bohr:       0.38
Learning Rate:       1.00
# Steps:         10
                         Error  1        7.275715322E+00
                         Error  2        7.226926601E+00
                         Error  3        7.178418183E+00
                         Error  4        7.130193457E+00
                         Error  5        7.082255820E+00
                         Error  6        7.034608674E+00
                         Error  7        6.987255424E+00
                         Error  8        6.940199473E+00
                         Error  9        6.893444223E+00
                         Error 10        6.846993074E+00
                         Error        6.846993074E+00
/home/unibas/boittier/FDCM/fbuta-trans-f_10/24_25
Distance between Atom configurations = 0.285375953383589
Distance between Charge configurations = 0.3612574531524985

real	1m48.873s
user	1m48.772s
sys	0m0.023s
-xyz
refined.xyz
-dens
/home/unibas/boittier/RDKit_G2/B.pdb/SCAN_1_2_3_4_S_36_10.0/25_SCAN/B.d.cube
-esp
/home/unibas/boittier/RDKit_G2/B.pdb/SCAN_1_2_3_4_S_36_10.0/25_SCAN/B.p.cube
-stepsize
0.2
-n_steps
10
-learning_rate
0.5
  -3.9771758104977373        3.0408850254240760      -0.49411369989884218     
  -3.5309177200980186      -0.35023294052447917       0.73784415095439759     
  -3.7516374125062804      -0.62274384980209696       0.10451622065741385     
  -6.2790432074859348       -1.0090609882984534        9.1710306844887735E-002
  -3.4875996364847413      -0.59236287425304923      -0.50896606532348965     
  -1.7627899282215225      -0.15129886307367083       0.23523767229078035     
  -1.4442768520668132       0.11050302231740416       0.21441312616103309     
  -2.0321479721603968       -2.4522686136635534       0.13485075482193837     
  -2.0598049804155019       -2.4606351253262808      -0.39483579725224244     
  -2.0185393124084761       -2.4855605254416200       0.93430681213992495     
   3.2730782523385340       -2.4827548106927475      -0.20810556499469274     
   2.6951923666611264       -1.8514604299904018      -0.11633264796399022     
  0.73456502449005645       0.78872634583962198      -0.64534931418678265     
  0.45848246845896434       0.94617360234338022      -0.40871156578515699     
   1.1345347638543277       0.92455364614252722       0.60964675047899708     
   1.4722526554312438      -0.24454568122286521      -0.15004503473236522     
   4.4620956519993671        3.0355335333178699       -8.5130243197176492E-002
   2.1418531975688211        2.0049996608311487       -5.0543152371964554E-003
   1.8772791560966660        1.9829774777940172      -0.66595106834135276     
   2.0241440840877996        2.0921743448462640       0.68526779302488039     
 -0.10625271980008168        4.3135906995307529       -6.5794016443300171E-002
First
                         Total        4.310071945E+00
Step size:       0.20
Step size in Bohr:       0.38
Learning Rate:       1.00
# Steps:         10
                         Error  1        4.283407780E+00
                         Error  2        4.257229288E+00
                         Error  3        4.231531732E+00
                         Error  4        4.206310189E+00
                         Error  5        4.181559557E+00
                         Error  6        4.157274565E+00
                         Error  7        4.133449777E+00
                         Error  8        4.110079607E+00
                         Error  9        4.087158323E+00
                         Error 10        4.064680059E+00
                         Error        4.064680059E+00
