node45.cluster
/home/unibas/boittier/FDCM/fbuta-trans-f_0/21_22
Distance between Atom configurations = 0.259718267117896
Distance between Charge configurations = 0.36319691514164737

real	0m0.927s
user	0m0.879s
sys	0m0.036s
-xyz
refined.xyz
-dens
/home/unibas/boittier/RDKit_G2/B.pdb/SCAN_1_2_3_4_S_36_10.0/22_SCAN/B.d.cube
-esp
/home/unibas/boittier/RDKit_G2/B.pdb/SCAN_1_2_3_4_S_36_10.0/22_SCAN/B.p.cube
-stepsize
0.2
-n_steps
0
-learning_rate
0.5
  -3.9561255443051442        3.0118950393879240      -0.43583849976665529     
  -3.5307695418727096      -0.43561065395737197       0.68762426966724033     
  -3.7406895982678345      -0.67349537295044726        3.7809491836887005E-002
  -6.2722292688024845       -1.0527130481281208        9.0182817076637726E-003
  -3.4646582084108730      -0.61940954241461155      -0.56816075476910177     
  -1.7483100794232882      -0.25921546246786903       0.26181076239549217     
  -1.4444717250590133        2.9961594770609515E-002  0.24285340577380632     
  -1.8932498862741471       -2.5889441480947712       0.30377230721307719     
  -1.8834442331830481       -2.6627154858779600      -0.22143711713935399     
  -1.9938220631925769       -2.5662612723599776       0.81147868310939564     
   3.3591367801457022       -2.3867420025927473      -0.28371043364050319     
   2.7631134550903589       -1.7901147376530417      -0.17275562619845350     
  0.69651366480094346       0.77868718771822287      -0.62579629671140191     
  0.41116093557578332       0.94134951070721484      -0.38225756761664365     
   1.1034278205026371       0.91131394524427933       0.62785449350758338     
   1.4717371115912592      -0.21301842800704029      -0.15949568350363255     
   4.3336475407402073        3.1772370102671132       -2.9898448766399330E-002
   2.0554347580137491        2.0631896063673798        4.8539885268393694E-002
   1.7843929143266724        2.0328097787558983      -0.60946802614402540     
   1.9487435482082323        2.1016618441288077       0.74332217630975839     
 -0.28589445195266333        4.2638330260568473       0.10396503728904147     
First
                         Total        1.873316071E+00
Step size:       0.20
Step size in Bohr:       0.38
Learning Rate:       1.00
# Steps:          0
                         Error        1.873316071E+00
