node40.cluster
/home/unibas/boittier/FDCM/fbuta-trans-f_0/13_14
Distance between Atom configurations = 0.25391453696783406
Distance between Charge configurations = 0.37100002673471816

real	0m0.889s
user	0m0.865s
sys	0m0.021s
-xyz
refined.xyz
-dens
/home/unibas/boittier/RDKit_G2/B.pdb/SCAN_1_2_3_4_S_36_10.0/14_SCAN/B.d.cube
-esp
/home/unibas/boittier/RDKit_G2/B.pdb/SCAN_1_2_3_4_S_36_10.0/14_SCAN/B.p.cube
-stepsize
0.2
-n_steps
0
-learning_rate
0.5
  -3.9094598877579627        3.1124882924935573        5.4356487054326566E-002
  -3.5112804362873598      -0.45889113315873570       0.76456285082359909     
  -3.7699578774516964      -0.60603206864844295       0.10551024167168696     
  -6.3046746274760483      -0.92935044167121750       0.16668845184147657     
  -3.5309654900003693      -0.48228913754559533      -0.50595428776990758     
  -1.7546366576161589      -0.30180753530753496       0.16064761636019226     
  -1.4473082018551391       -1.6174314557726721E-002  0.14441860315491939     
  -1.9807019089344129       -2.5871942298751902        3.3585319886339842E-003
  -2.0060960794021314       -2.5933450032269487      -0.52645332578061987     
  -2.0488283231319753       -2.6267931921678849       0.51539930538603607     
   3.3174452149200868       -2.4935787495073476      -0.38162331295237384     
   2.7301205131545503       -1.8886876109336190      -0.26903880360510918     
  0.70646264596520514       0.71214964995016627      -0.71319542702480687     
  0.42288215473017465       0.87774925010512261      -0.46956619769275426     
   1.1088565953684937       0.83282738699964720       0.54193307312528893     
   1.4625799776345463      -0.29250704912299319      -0.25065603631133804     
   4.3139442040211327        3.1516849787908221       0.48339578492187391     
   2.0422791215733578        2.0363712630941562       0.30740635266374461     
   1.8087295267387118        2.0803649776117972      -0.36406975731474145     
   1.8775955690284152        1.9894862020605293       0.97763101877008296     
 -0.21295070134006117        4.2208884922853898       -7.3404520886769228E-002
First
                         Total        7.947880205E+00
Step size:       0.20
Step size in Bohr:       0.38
Learning Rate:       1.00
# Steps:          0
                         Error        7.947880205E+00
