node45.cluster
/home/unibas/boittier/FDCM/fbuta-trans-f_0/29_30
Distance between Atom configurations = 0.45652616899712234
Distance between Charge configurations = 0.7371298405965723

real	0m0.926s
user	0m0.891s
sys	0m0.032s
-xyz
refined.xyz
-dens
/home/unibas/boittier/RDKit_G2/B.pdb/SCAN_1_2_3_4_S_36_10.0/30_SCAN/B.d.cube
-esp
/home/unibas/boittier/RDKit_G2/B.pdb/SCAN_1_2_3_4_S_36_10.0/30_SCAN/B.p.cube
-stepsize
0.2
-n_steps
0
-learning_rate
0.5
  -3.7884026181941959        3.2167056043178182       0.24540500468800924     
  -3.5470334686949365      -0.38031258924646655       0.67781953992639876     
  -3.7888742948149665      -0.49799837182060391        6.7882482963173589E-003
  -6.3352983057648657      -0.71679987277205925       -2.3497164477847787E-002
  -3.5246967905588846      -0.36709142283120783      -0.59270500602282450     
  -1.7726698923660684      -0.27810653164305871       0.20671626782418709     
  -1.4541544646021811       -5.1972809565161010E-003  0.18750792192777346     
  -2.0808655031493517       -2.5492387426930438       -9.6668834074804311E-002
  -2.0887642984153811       -2.5391805451988523      -0.62697039190392234     
  -2.1676712279075692       -2.6004804546155791       0.41149855257641926     
   3.2438800390380589       -2.2807973082494057      -0.84519395990159318     
   2.6188515837482940       -2.0599797744639985      -0.31451942287637080     
  0.71331050318828026       0.64130257062669127      -0.70064749367377255     
  0.44084996724721348       0.81635180778464833      -0.45100906536066870     
   1.1386601985661424       0.72546566831254955       0.54753806272782135     
   1.4268336704308899      -0.40741034414312033      -0.26069662546534145     
   4.5253942470043045        2.8651495970123082        1.0877431875899080     
   2.1840566075416232        1.9327632708440070       0.79765180834916050     
   1.8810507270058305        2.0967249927672373        9.7613453430310207E-002
   2.0616655832541109        1.8684324506455923       0.62587330240853478     
  -5.1761980621418437E-002   4.1728269018885342        3.3676552747069002E-002
First
                         Total        9.365435164E+00
Step size:       0.20
Step size in Bohr:       0.38
Learning Rate:       1.00
# Steps:          0
                         Error        9.365435164E+00
