node37.cluster
Distance between Atom configurations = 1.8039638937022157e-06
Distance between Charge configurations = 3.479604606467825e-06

real	16m6.553s
user	16m6.303s
sys	0m0.029s
-xyz
global_0_fit.xyz
-dens
/home/unibas/boittier/RDKit_G2/B.pdb/SCAN_1_2_3_4_S_36_10.0/0_SCAN/B.d.cube
-esp
/home/unibas/boittier/RDKit_G2/B.pdb/SCAN_1_2_3_4_S_36_10.0/0_SCAN/B.p.cube
-stepsize
0.2
-n_steps
100
-learning_rate
0.5
  -4.0367687004905664        2.9822569982011160        2.6722067590541580E-003
  -3.5130826820779646      -0.56337859485478725       0.67370837904152914     
  -3.7393875022833427      -0.72537816318747805        6.2826653430746084E-003
  -6.2589210355657139       -1.1540964014486317       -2.8617097343619436E-002
  -3.4819616139630511      -0.59560870024536516      -0.59638668308362619     
  -1.7412335518726831      -0.33557916634357093       0.13762483483143645     
  -1.4456449289114435       -3.7442959962627670E-002  0.13109292801669453     
  -1.8666924830815892       -2.6305314954043597       -1.0437009964295899E-002
  -1.8710220940863480       -2.6410877272928390      -0.54077003833075588     
  -1.9531322557998061       -2.6697100864685277       0.49886471145645034     
   3.4373606603801283       -2.3179176567003554      -0.18905020333259773     
   2.8215012990184047       -1.7373703102339810      -0.10419213295656396     
  0.70794715640299000       0.77494241267433706      -0.64785355496843300     
  0.40839617331759159       0.93006563109000029      -0.41676413589769662     
   1.0582606103549494       0.91915946131837545       0.62151290811448445     
   1.4891265217766227      -0.19540165456666736      -0.14777468831132592     
   4.2569158891911361        3.2625352852055984        2.5818182537116287E-002
   2.0048799123808552        2.0948339137223702        3.8728553889203335E-002
   1.7584287147889883        2.0492372572686000      -0.62801260920341573     
   1.8724359258861163        2.1398496580814750       0.72866893716445502     
 -0.38535215672002476        4.2424617842442158       -2.0158660564992957E-002
First
                         Total        7.324780963E+00
Step size:       0.20
Step size in Bohr:       0.38
Learning Rate:       1.00
# Steps:        100
                         Error  1        7.275715322E+00
                         Error  2        7.226926601E+00
                         Error  3        7.178418183E+00
                         Error  4        7.130193457E+00
                         Error  5        7.082255820E+00
                         Error  6        7.034608674E+00
                         Error  7        6.987255424E+00
                         Error  8        6.940199473E+00
                         Error  9        6.893444223E+00
                         Error 10        6.846993074E+00
                         Error 11        6.800849414E+00
                         Error 12        6.755016626E+00
                         Error 13        6.709498078E+00
                         Error 14        6.664297123E+00
                         Error 15        6.619417098E+00
                         Error 16        6.574861316E+00
                         Error 17        6.530633069E+00
                         Error 18        6.486735618E+00
                         Error 19        6.443172198E+00
                         Error 20        6.399946006E+00
                         Error 21        6.357060204E+00
                         Error 22        6.314517912E+00
                         Error 23        6.272322207E+00
                         Error 24        6.230476118E+00
                         Error 25        6.188982621E+00
                         Error 26        6.147844637E+00
                         Error 27        6.107065030E+00
                         Error 28        6.066646598E+00
                         Error 29        6.026592075E+00
                         Error 30        5.986904123E+00
                         Error 31        5.947585330E+00
                         Error 32        5.908638206E+00
                         Error 33        5.870065177E+00
                         Error 34        5.831868586E+00
                         Error 35        5.794050684E+00
                         Error 36        5.756613629E+00
                         Error 37        5.719559482E+00
                         Error 38        5.682890201E+00
                         Error 39        5.646607643E+00
                         Error 40        5.610713553E+00
                         Error 41        5.575209566E+00
                         Error 42        5.540097202E+00
                         Error 43        5.505377863E+00
                         Error 44        5.471052828E+00
                         Error 45        5.437123254E+00
                         Error 46        5.403590169E+00
                         Error 47        5.370454472E+00
                         Error 48        5.337716929E+00
                         Error 49        5.305378171E+00
                         Error 50        5.273438694E+00
                         Error 51        5.241898853E+00
                         Error 52        5.210758863E+00
                         Error 53        5.180018799E+00
                         Error 54        5.149678589E+00
                         Error 55        5.119738021E+00
                         Error 56        5.090196733E+00
                         Error 57        5.061054222E+00
                         Error 58        5.032309834E+00
                         Error 59        5.003962773E+00
                         Error 60        4.976012093E+00
                         Error 61        4.948456706E+00
                         Error 62        4.921295376E+00
                         Error 63        4.894526724E+00
                         Error 64        4.868149227E+00
                         Error 65        4.842161222E+00
                         Error 66        4.816560904E+00
                         Error 67        4.791346331E+00
                         Error 68        4.766515425E+00
                         Error 69        4.742065972E+00
                         Error 70        4.717995631E+00
                         Error 71        4.694301927E+00
                         Error 72        4.670982265E+00
                         Error 73        4.648033924E+00
                         Error 74        4.625454066E+00
                         Error 75        4.603239734E+00
                         Error 76        4.581387865E+00
                         Error 77        4.559895282E+00
                         Error 78        4.538758708E+00
                         Error 79        4.517974765E+00
                         Error 80        4.497539978E+00
                         Error 81        4.477450782E+00
                         Error 82        4.457703526E+00
                         Error 83        4.438294473E+00
                         Error 84        4.419219812E+00
                         Error 85        4.400475655E+00
                         Error 86        4.382058049E+00
                         Error 87        4.363962974E+00
                         Error 88        4.346186352E+00
                         Error 89        4.328724050E+00
                         Error 90        4.311571885E+00
                         Error 91        4.294725629E+00
                         Error 92        4.278181012E+00
                         Error 93        4.261933730E+00
                         Error 94        4.245979444E+00
                         Error 95        4.230313792E+00
                         Error 96        4.214932386E+00
                         Error 97        4.199830821E+00
                         Error 98        4.185004677E+00
                         Error 99        4.170449524E+00
                         Error100        4.156160927E+00
                         Error        4.156160927E+00
/home/unibas/boittier/FDCM/fbuta-trans-f_100/7_8
Distance between Atom configurations = 0.45610612014625596
Distance between Charge configurations = 0.5742075838139259

real	18m44.396s
user	18m44.151s
sys	0m0.032s
-xyz
refined.xyz
-dens
/home/unibas/boittier/RDKit_G2/B.pdb/SCAN_1_2_3_4_S_36_10.0/8_SCAN/B.d.cube
-esp
/home/unibas/boittier/RDKit_G2/B.pdb/SCAN_1_2_3_4_S_36_10.0/8_SCAN/B.p.cube
-stepsize
0.2
-n_steps
100
-learning_rate
0.5
  -3.7965453668522824        2.9447497079407419       -1.1389457910404890     
  -3.5365247748895237      -0.14401379542157108       0.74065778058282439     
  -3.7839297138299108      -0.55320650126762949       0.19048834322099964     
  -6.3221946293502516      -0.83078053586216571       0.27976173852316660     
  -3.5499192013771199      -0.62243021076626126      -0.43598208185106724     
  -1.7860341211298456        1.2337064135982286E-002  0.20829298226478896     
  -1.4286996264610814       0.16237546705290679       0.17985656073508741     
  -2.0865135283287053       -2.3762371489509064       0.19312088460195140     
  -2.1676462778183558       -2.3393691472468361      -0.33858637505534589     
  -2.2089025713561141       -2.3081531308816325       0.70499120174530905     
   3.2432179592158925       -2.5447560644373981        5.6632814542005713E-003
   2.6323869305730692       -1.8225976905218431        3.1094573573494471E-002
  0.71658287579061608       0.85329533700417470      -0.71751271984632836     
  0.48076014333639461       0.88303850032855202      -0.48308877059384947     
   1.1429856401524974       0.97173136478629951       0.52594405366711205     
   1.4803793567266188      -0.33453326396382094      -0.19422462233856763     
   4.5113771320479490        2.9395847344678998      -0.30068292306409350     
   2.1763355040920649        1.8902421701427836      -0.14269650074300394     
   1.8935463370385490        2.0116223506073445      -0.79897203025626962     
   2.0712672443377147        2.1462418728663568       0.53469904098134691     
  -1.1186926930203511E-002   4.3369094314157097      -0.22989425822025505     
First
                         Total        5.519742643E+00
Step size:       0.20
Step size in Bohr:       0.38
Learning Rate:       1.00
# Steps:        100
                         Error  1        5.508951244E+00
                         Error  2        5.498239577E+00
                         Error  3        5.487606441E+00
                         Error  4        5.477050655E+00
                         Error  5        5.466571057E+00
                         Error  6        5.456166506E+00
                         Error  7        5.445835882E+00
                         Error  8        5.435578082E+00
                         Error  9        5.425392026E+00
                         Error 10        5.415276651E+00
                         Error 11        5.405230913E+00
                         Error 12        5.395253788E+00
                         Error 13        5.385344270E+00
                         Error 14        5.375501373E+00
                         Error 15        5.365724127E+00
                         Error 16        5.356011580E+00
                         Error 17        5.346362800E+00
                         Error 18        5.336776871E+00
                         Error 19        5.327252894E+00
                         Error 20        5.317789988E+00
                         Error 21        5.308387288E+00
                         Error 22        5.299043947E+00
                         Error 23        5.289759132E+00
                         Error 24        5.280532027E+00
                         Error 25        5.271361834E+00
                         Error 26        5.262247768E+00
                         Error 27        5.253189060E+00
                         Error 28        5.244184958E+00
                         Error 29        5.235234721E+00
                         Error 30        5.226337627E+00
                         Error 31        5.217492966E+00
                         Error 32        5.208700042E+00
                         Error 33        5.199958175E+00
                         Error 34        5.191266696E+00
                         Error 35        5.182624953E+00
                         Error 36        5.174032303E+00
                         Error 37        5.165488120E+00
                         Error 38        5.156991789E+00
                         Error 39        5.148542707E+00
                         Error 40        5.140140284E+00
                         Error 41        5.131783944E+00
                         Error 42        5.123473120E+00
                         Error 43        5.115207258E+00
                         Error 44        5.106985816E+00
                         Error 45        5.098808262E+00
                         Error 46        5.090674077E+00
                         Error 47        5.082582751E+00
                         Error 48        5.074533786E+00
                         Error 49        5.066526694E+00
                         Error 50        5.058560997E+00
                         Error 51        5.050636227E+00
                         Error 52        5.042751926E+00
                         Error 53        5.034907647E+00
                         Error 54        5.027102950E+00
                         Error 55        5.019337406E+00
                         Error 56        5.011610595E+00
                         Error 57        5.003922106E+00
                         Error 58        4.996271535E+00
                         Error 59        4.988658489E+00
                         Error 60        4.981082583E+00
                         Error 61        4.973543438E+00
                         Error 62        4.966040685E+00
                         Error 63        4.958573963E+00
                         Error 64        4.951142917E+00
                         Error 65        4.943747203E+00
                         Error 66        4.936386480E+00
                         Error 67        4.929060416E+00
                         Error 68        4.921768688E+00
                         Error 69        4.914510978E+00
                         Error 70        4.907286974E+00
                         Error 71        4.900096372E+00
                         Error 72        4.892938875E+00
                         Error 73        4.885814190E+00
                         Error 74        4.878722032E+00
                         Error 75        4.871662122E+00
                         Error 76        4.864634187E+00
                         Error 77        4.857637958E+00
                         Error 78        4.850673173E+00
                         Error 79        4.843739577E+00
                         Error 80        4.836836917E+00
                         Error 81        4.829964949E+00
                         Error 82        4.823123430E+00
                         Error 83        4.816312125E+00
                         Error 84        4.809530804E+00
                         Error 85        4.802779240E+00
                         Error 86        4.796057212E+00
                         Error 87        4.789364502E+00
                         Error 88        4.782700899E+00
                         Error 89        4.776066194E+00
                         Error 90        4.769460183E+00
                         Error 91        4.762882667E+00
                         Error 92        4.756333449E+00
                         Error 93        4.749812338E+00
                         Error 94        4.743319147E+00
                         Error 95        4.736853690E+00
                         Error 96        4.730415787E+00
                         Error 97        4.724005261E+00
                         Error 98        4.717621938E+00
                         Error 99        4.711265649E+00
                         Error100        4.704936226E+00
                         Error        4.704936226E+00
