node32.cluster
Distance between Atom configurations = 1.8039638937022157e-06
Distance between Charge configurations = 3.479604606467825e-06

real	15m52.907s
user	15m52.789s
sys	0m0.017s
-xyz
global_0_fit.xyz
-dens
/home/unibas/boittier/RDKit_G2/B.pdb/SCAN_1_2_3_4_S_36_10.0/0_SCAN/B.d.cube
-esp
/home/unibas/boittier/RDKit_G2/B.pdb/SCAN_1_2_3_4_S_36_10.0/0_SCAN/B.p.cube
-stepsize
0.2
-n_steps
100
-learning_rate
0.5
  -4.0367687004905664        2.9822569982011160        2.6722067590541580E-003
  -3.5130826820779646      -0.56337859485478725       0.67370837904152914     
  -3.7393875022833427      -0.72537816318747805        6.2826653430746084E-003
  -6.2589210355657139       -1.1540964014486317       -2.8617097343619436E-002
  -3.4819616139630511      -0.59560870024536516      -0.59638668308362619     
  -1.7412335518726831      -0.33557916634357093       0.13762483483143645     
  -1.4456449289114435       -3.7442959962627670E-002  0.13109292801669453     
  -1.8666924830815892       -2.6305314954043597       -1.0437009964295899E-002
  -1.8710220940863480       -2.6410877272928390      -0.54077003833075588     
  -1.9531322557998061       -2.6697100864685277       0.49886471145645034     
   3.4373606603801283       -2.3179176567003554      -0.18905020333259773     
   2.8215012990184047       -1.7373703102339810      -0.10419213295656396     
  0.70794715640299000       0.77494241267433706      -0.64785355496843300     
  0.40839617331759159       0.93006563109000029      -0.41676413589769662     
   1.0582606103549494       0.91915946131837545       0.62151290811448445     
   1.4891265217766227      -0.19540165456666736      -0.14777468831132592     
   4.2569158891911361        3.2625352852055984        2.5818182537116287E-002
   2.0048799123808552        2.0948339137223702        3.8728553889203335E-002
   1.7584287147889883        2.0492372572686000      -0.62801260920341573     
   1.8724359258861163        2.1398496580814750       0.72866893716445502     
 -0.38535215672002476        4.2424617842442158       -2.0158660564992957E-002
First
                         Total        7.324780963E+00
Step size:       0.20
Step size in Bohr:       0.38
Learning Rate:       1.00
# Steps:        100
                         Error  1        7.275715322E+00
                         Error  2        7.226926601E+00
                         Error  3        7.178418183E+00
                         Error  4        7.130193457E+00
                         Error  5        7.082255820E+00
                         Error  6        7.034608674E+00
                         Error  7        6.987255424E+00
                         Error  8        6.940199473E+00
                         Error  9        6.893444223E+00
                         Error 10        6.846993074E+00
                         Error 11        6.800849414E+00
                         Error 12        6.755016626E+00
                         Error 13        6.709498078E+00
                         Error 14        6.664297123E+00
                         Error 15        6.619417098E+00
                         Error 16        6.574861316E+00
                         Error 17        6.530633069E+00
                         Error 18        6.486735618E+00
                         Error 19        6.443172198E+00
                         Error 20        6.399946006E+00
                         Error 21        6.357060204E+00
                         Error 22        6.314517912E+00
                         Error 23        6.272322207E+00
                         Error 24        6.230476118E+00
                         Error 25        6.188982621E+00
                         Error 26        6.147844637E+00
                         Error 27        6.107065030E+00
                         Error 28        6.066646598E+00
                         Error 29        6.026592075E+00
                         Error 30        5.986904123E+00
                         Error 31        5.947585330E+00
                         Error 32        5.908638206E+00
                         Error 33        5.870065177E+00
                         Error 34        5.831868586E+00
                         Error 35        5.794050684E+00
                         Error 36        5.756613629E+00
                         Error 37        5.719559482E+00
                         Error 38        5.682890201E+00
                         Error 39        5.646607643E+00
                         Error 40        5.610713553E+00
                         Error 41        5.575209566E+00
                         Error 42        5.540097202E+00
                         Error 43        5.505377863E+00
                         Error 44        5.471052828E+00
                         Error 45        5.437123254E+00
                         Error 46        5.403590169E+00
                         Error 47        5.370454472E+00
                         Error 48        5.337716929E+00
                         Error 49        5.305378171E+00
                         Error 50        5.273438694E+00
                         Error 51        5.241898853E+00
                         Error 52        5.210758863E+00
                         Error 53        5.180018799E+00
                         Error 54        5.149678589E+00
                         Error 55        5.119738021E+00
                         Error 56        5.090196733E+00
                         Error 57        5.061054222E+00
                         Error 58        5.032309834E+00
                         Error 59        5.003962773E+00
                         Error 60        4.976012093E+00
                         Error 61        4.948456706E+00
                         Error 62        4.921295376E+00
                         Error 63        4.894526724E+00
                         Error 64        4.868149227E+00
                         Error 65        4.842161222E+00
                         Error 66        4.816560904E+00
                         Error 67        4.791346331E+00
                         Error 68        4.766515425E+00
                         Error 69        4.742065972E+00
                         Error 70        4.717995631E+00
                         Error 71        4.694301927E+00
                         Error 72        4.670982265E+00
                         Error 73        4.648033924E+00
                         Error 74        4.625454066E+00
                         Error 75        4.603239734E+00
                         Error 76        4.581387865E+00
                         Error 77        4.559895282E+00
                         Error 78        4.538758708E+00
                         Error 79        4.517974765E+00
                         Error 80        4.497539978E+00
                         Error 81        4.477450782E+00
                         Error 82        4.457703526E+00
                         Error 83        4.438294473E+00
                         Error 84        4.419219812E+00
                         Error 85        4.400475655E+00
                         Error 86        4.382058049E+00
                         Error 87        4.363962974E+00
                         Error 88        4.346186352E+00
                         Error 89        4.328724050E+00
                         Error 90        4.311571885E+00
                         Error 91        4.294725629E+00
                         Error 92        4.278181012E+00
                         Error 93        4.261933730E+00
                         Error 94        4.245979444E+00
                         Error 95        4.230313792E+00
                         Error 96        4.214932386E+00
                         Error 97        4.199830821E+00
                         Error 98        4.185004677E+00
                         Error 99        4.170449524E+00
                         Error100        4.156160927E+00
                         Error        4.156160927E+00
/home/unibas/boittier/FDCM/fbuta-trans-f_100/5_6
Distance between Atom configurations = 0.37445832646618715
Distance between Charge configurations = 0.611044016645497

real	17m44.855s
user	17m44.753s
sys	0m0.018s
-xyz
refined.xyz
-dens
/home/unibas/boittier/RDKit_G2/B.pdb/SCAN_1_2_3_4_S_36_10.0/6_SCAN/B.d.cube
-esp
/home/unibas/boittier/RDKit_G2/B.pdb/SCAN_1_2_3_4_S_36_10.0/6_SCAN/B.p.cube
-stepsize
0.2
-n_steps
100
-learning_rate
0.5
   4.2024938827847027        2.7852541383454090      -0.14927426881977937     
   3.4576579843557642      -0.70740607992839244      -0.72186593075022543     
   3.6709991952412171      -0.92330549303844911       -5.9138795879919707E-002
   6.1713551272329905       -1.4814869322426831       -8.2107507680595632E-002
   3.4564762559845388      -0.73051997061923202       0.54817634987504205     
   1.7307668725765923      -0.32378312219261579      -0.17405912595144843     
   1.4023380481093835      -0.11733822593498137      -0.15118762473882574     
   1.6513644414919761       -2.7269596981117736        9.3864944755361786E-003
   1.7326544664106667       -2.6724794570200205       0.53955459776068970     
   1.7876364756258794       -2.7094170856611091      -0.50320293421323192     
  -3.5633266137137531       -2.1365554871220858       0.58650314408855941     
  -2.8901458324719487       -1.4315725036741931       0.29237715507636602     
 -0.59934145356286506       0.95465253858850663       0.72564524613646075     
 -0.36543424993791312       0.93678593624676532       0.48811670152979314     
  -1.0302596831272706        1.0757836833608321      -0.51724671204880524     
  -1.5518288702529093      -0.12515991587981379       0.27300943420453933     
  -4.1045744768525196        3.2946852736219330      -0.84011051755855959     
  -1.9279682837402254        1.9695394067795156      -0.54878107701957224     
  -1.6571728662896505        2.2269438920050830        7.2357558651948248E-002
  -1.7630411735936504        2.0209328097274342       -1.2598349944003322     
  0.63560763613243787        4.2611483491341149        5.2419015837948044E-002
First
                         Total        5.769238089E+00
Step size:       0.20
Step size in Bohr:       0.38
Learning Rate:       1.00
# Steps:        100
                         Error  1        5.745517283E+00
                         Error  2        5.722117066E+00
                         Error  3        5.699035746E+00
                         Error  4        5.676271556E+00
                         Error  5        5.653822660E+00
                         Error  6        5.631687150E+00
                         Error  7        5.609863052E+00
                         Error  8        5.588348321E+00
                         Error  9        5.567140849E+00
                         Error 10        5.546238463E+00
                         Error 11        5.525638929E+00
                         Error 12        5.505339950E+00
                         Error 13        5.485339175E+00
                         Error 14        5.465634191E+00
                         Error 15        5.446222535E+00
                         Error 16        5.427101688E+00
                         Error 17        5.408269084E+00
                         Error 18        5.389722104E+00
                         Error 19        5.371458086E+00
                         Error 20        5.353474323E+00
                         Error 21        5.335768066E+00
                         Error 22        5.318336525E+00
                         Error 23        5.301176873E+00
                         Error 24        5.284286249E+00
                         Error 25        5.267661756E+00
                         Error 26        5.251300469E+00
                         Error 27        5.235199432E+00
                         Error 28        5.219355663E+00
                         Error 29        5.203766156E+00
                         Error 30        5.188427883E+00
                         Error 31        5.173337795E+00
                         Error 32        5.158492827E+00
                         Error 33        5.143889896E+00
                         Error 34        5.129525908E+00
                         Error 35        5.115397755E+00
                         Error 36        5.101502321E+00
                         Error 37        5.087836484E+00
                         Error 38        5.074397114E+00
                         Error 39        5.061181079E+00
                         Error 40        5.048185245E+00
                         Error 41        5.035406480E+00
                         Error 42        5.022841651E+00
                         Error 43        5.010487631E+00
                         Error 44        4.998341300E+00
                         Error 45        4.986399542E+00
                         Error 46        4.974659253E+00
                         Error 47        4.963117338E+00
                         Error 48        4.951770714E+00
                         Error 49        4.940616313E+00
                         Error 50        4.929651080E+00
                         Error 51        4.918871978E+00
                         Error 52        4.908275987E+00
                         Error 53        4.897860106E+00
                         Error 54        4.887621354E+00
                         Error 55        4.877556771E+00
                         Error 56        4.867663420E+00
                         Error 57        4.857938387E+00
                         Error 58        4.848378782E+00
                         Error 59        4.838981741E+00
                         Error 60        4.829744426E+00
                         Error 61        4.820664026E+00
                         Error 62        4.811737757E+00
                         Error 63        4.802962865E+00
                         Error 64        4.794336624E+00
                         Error 65        4.785856338E+00
                         Error 66        4.777519340E+00
                         Error 67        4.769322998E+00
                         Error 68        4.761264707E+00
                         Error 69        4.753341896E+00
                         Error 70        4.745552026E+00
                         Error 71        4.737892590E+00
                         Error 72        4.730361114E+00
                         Error 73        4.722955158E+00
                         Error 74        4.715672315E+00
                         Error 75        4.708510210E+00
                         Error 76        4.701466504E+00
                         Error 77        4.694538891E+00
                         Error 78        4.687725099E+00
                         Error 79        4.681022891E+00
                         Error 80        4.674430061E+00
                         Error 81        4.667944440E+00
                         Error 82        4.661563894E+00
                         Error 83        4.655286319E+00
                         Error 84        4.649109648E+00
                         Error 85        4.643031847E+00
                         Error 86        4.637050916E+00
                         Error 87        4.631164888E+00
                         Error 88        4.625371830E+00
                         Error 89        4.619669841E+00
                         Error 90        4.614057055E+00
                         Error 91        4.608531637E+00
                         Error 92        4.603091785E+00
                         Error 93        4.597735730E+00
                         Error 94        4.592461734E+00
                         Error 95        4.587268091E+00
                         Error 96        4.582153128E+00
                         Error 97        4.577115200E+00
                         Error 98        4.572152695E+00
                         Error 99        4.567264031E+00
                         Error100        4.562447656E+00
                         Error        4.562447656E+00
