node33.cluster
Distance between Atom configurations = 1.8039638937022157e-06
Distance between Charge configurations = 3.479604606467825e-06

real	1m36.134s
user	1m36.093s
sys	0m0.019s
-xyz
global_0_fit.xyz
-dens
/home/unibas/boittier/RDKit_G2/B.pdb/SCAN_1_2_3_4_S_36_10.0/0_SCAN/B.d.cube
-esp
/home/unibas/boittier/RDKit_G2/B.pdb/SCAN_1_2_3_4_S_36_10.0/0_SCAN/B.p.cube
-stepsize
0.2
-n_steps
10
-learning_rate
0.5
  -4.0367687004905664        2.9822569982011160        2.6722067590541580E-003
  -3.5130826820779646      -0.56337859485478725       0.67370837904152914     
  -3.7393875022833427      -0.72537816318747805        6.2826653430746084E-003
  -6.2589210355657139       -1.1540964014486317       -2.8617097343619436E-002
  -3.4819616139630511      -0.59560870024536516      -0.59638668308362619     
  -1.7412335518726831      -0.33557916634357093       0.13762483483143645     
  -1.4456449289114435       -3.7442959962627670E-002  0.13109292801669453     
  -1.8666924830815892       -2.6305314954043597       -1.0437009964295899E-002
  -1.8710220940863480       -2.6410877272928390      -0.54077003833075588     
  -1.9531322557998061       -2.6697100864685277       0.49886471145645034     
   3.4373606603801283       -2.3179176567003554      -0.18905020333259773     
   2.8215012990184047       -1.7373703102339810      -0.10419213295656396     
  0.70794715640299000       0.77494241267433706      -0.64785355496843300     
  0.40839617331759159       0.93006563109000029      -0.41676413589769662     
   1.0582606103549494       0.91915946131837545       0.62151290811448445     
   1.4891265217766227      -0.19540165456666736      -0.14777468831132592     
   4.2569158891911361        3.2625352852055984        2.5818182537116287E-002
   2.0048799123808552        2.0948339137223702        3.8728553889203335E-002
   1.7584287147889883        2.0492372572686000      -0.62801260920341573     
   1.8724359258861163        2.1398496580814750       0.72866893716445502     
 -0.38535215672002476        4.2424617842442158       -2.0158660564992957E-002
First
                         Total        7.324780963E+00
Step size:       0.20
Step size in Bohr:       0.38
Learning Rate:       1.00
# Steps:         10
                         Error  1        7.275715322E+00
                         Error  2        7.226926601E+00
                         Error  3        7.178418183E+00
                         Error  4        7.130193457E+00
                         Error  5        7.082255820E+00
                         Error  6        7.034608674E+00
                         Error  7        6.987255424E+00
                         Error  8        6.940199473E+00
                         Error  9        6.893444223E+00
                         Error 10        6.846993074E+00
                         Error        6.846993074E+00
/home/unibas/boittier/FDCM/fbuta-trans-f_10/10_11
Distance between Atom configurations = 0.29316646138331004
Distance between Charge configurations = 0.39851431052333225

real	1m48.562s
user	1m48.420s
sys	0m0.026s
-xyz
refined.xyz
-dens
/home/unibas/boittier/RDKit_G2/B.pdb/SCAN_1_2_3_4_S_36_10.0/11_SCAN/B.d.cube
-esp
/home/unibas/boittier/RDKit_G2/B.pdb/SCAN_1_2_3_4_S_36_10.0/11_SCAN/B.p.cube
-stepsize
0.2
-n_steps
10
-learning_rate
0.5
  -3.8119746703868529        3.1941875405063640       0.14087163079426004     
  -3.5328212887391515      -0.39615315370091903       0.71069171118418084     
  -3.7832041885701999      -0.52611492556339445        4.3981889062942134E-002
  -6.3235185071815536      -0.77033678639950021        4.0942724984581957E-004
  -3.5322320518174850      -0.38802627858440292      -0.56012404386882075     
  -1.7637054081277714      -0.27396865982992219       0.13913905045629521     
  -1.4426616478559537       -1.4488086974992898E-002  0.13411860239098472     
  -2.0524824073865302       -2.5636490956242870       -7.7979778976415948E-002
  -2.0754399985005971       -2.5453731754980891      -0.60764164453314951     
  -2.1365133707115631       -2.6023048006666105       0.43231694088815376     
   3.3915651690826256       -2.3401621827243830      -0.62555773657327007     
   2.6737328220867518       -1.9857521366964745      -0.25762182530601474     
  0.74207108753296325       0.68360016023080072      -0.67014632134433150     
  0.46505575276688338       0.83119849939508128      -0.42830779076205372     
   1.1222945370467352       0.75928518889347985       0.59128972480757302     
   1.4604870240573542      -0.37267622500494119      -0.22250841922426073     
   4.3290053382530260        3.0853130363158914       0.61941038182723218     
   2.1391614762166551        1.8670574830952502        2.1703865698185131E-002
   1.8104278744599807        2.0811078194875008      -0.26011171252134624     
   2.0233206531635135        1.9187592531915341       0.71589930271020075     
  -7.9359893147573135E-002   4.1908661301044630       0.10242912901907431     
First
                         Total        7.867555194E+00
Step size:       0.20
Step size in Bohr:       0.38
Learning Rate:       1.00
# Steps:         10
                         Error  1        7.825722246E+00
                         Error  2        7.784144700E+00
                         Error  3        7.742824058E+00
                         Error  4        7.701761803E+00
                         Error  5        7.660959396E+00
                         Error  6        7.620418277E+00
                         Error  7        7.580139864E+00
                         Error  8        7.540125552E+00
                         Error  9        7.500376708E+00
                         Error 10        7.460894676E+00
                         Error        7.460894676E+00
