node28.cluster
Distance between Atom configurations = 1.8039638937022157e-06
Distance between Charge configurations = 3.479604606467825e-06

real	1m36.152s
user	1m36.113s
sys	0m0.018s
-xyz
global_0_fit.xyz
-dens
/home/unibas/boittier/RDKit_G2/B.pdb/SCAN_1_2_3_4_S_36_10.0/0_SCAN/B.d.cube
-esp
/home/unibas/boittier/RDKit_G2/B.pdb/SCAN_1_2_3_4_S_36_10.0/0_SCAN/B.p.cube
-stepsize
0.2
-n_steps
10
-learning_rate
0.5
  -4.0367687004905664        2.9822569982011160        2.6722067590541580E-003
  -3.5130826820779646      -0.56337859485478725       0.67370837904152914     
  -3.7393875022833427      -0.72537816318747805        6.2826653430746084E-003
  -6.2589210355657139       -1.1540964014486317       -2.8617097343619436E-002
  -3.4819616139630511      -0.59560870024536516      -0.59638668308362619     
  -1.7412335518726831      -0.33557916634357093       0.13762483483143645     
  -1.4456449289114435       -3.7442959962627670E-002  0.13109292801669453     
  -1.8666924830815892       -2.6305314954043597       -1.0437009964295899E-002
  -1.8710220940863480       -2.6410877272928390      -0.54077003833075588     
  -1.9531322557998061       -2.6697100864685277       0.49886471145645034     
   3.4373606603801283       -2.3179176567003554      -0.18905020333259773     
   2.8215012990184047       -1.7373703102339810      -0.10419213295656396     
  0.70794715640299000       0.77494241267433706      -0.64785355496843300     
  0.40839617331759159       0.93006563109000029      -0.41676413589769662     
   1.0582606103549494       0.91915946131837545       0.62151290811448445     
   1.4891265217766227      -0.19540165456666736      -0.14777468831132592     
   4.2569158891911361        3.2625352852055984        2.5818182537116287E-002
   2.0048799123808552        2.0948339137223702        3.8728553889203335E-002
   1.7584287147889883        2.0492372572686000      -0.62801260920341573     
   1.8724359258861163        2.1398496580814750       0.72866893716445502     
 -0.38535215672002476        4.2424617842442158       -2.0158660564992957E-002
First
                         Total        7.324780963E+00
Step size:       0.20
Step size in Bohr:       0.38
Learning Rate:       1.00
# Steps:         10
                         Error  1        7.275715322E+00
                         Error  2        7.226926601E+00
                         Error  3        7.178418183E+00
                         Error  4        7.130193457E+00
                         Error  5        7.082255820E+00
                         Error  6        7.034608674E+00
                         Error  7        6.987255424E+00
                         Error  8        6.940199473E+00
                         Error  9        6.893444223E+00
                         Error 10        6.846993074E+00
                         Error        6.846993074E+00
/home/unibas/boittier/FDCM/fbuta-trans-f_10/17_18
Distance between Atom configurations = 0.3169618705241712
Distance between Charge configurations = 0.5082456409159064

real	1m39.447s
user	1m39.378s
sys	0m0.033s
-xyz
refined.xyz
-dens
/home/unibas/boittier/RDKit_G2/B.pdb/SCAN_1_2_3_4_S_36_10.0/18_SCAN/B.d.cube
-esp
/home/unibas/boittier/RDKit_G2/B.pdb/SCAN_1_2_3_4_S_36_10.0/18_SCAN/B.p.cube
-stepsize
0.2
-n_steps
10
-learning_rate
0.5
   4.0315989783314210        2.9870258618561079       -7.0839352764798455E-002
   3.4824047992364973      -0.53672818114051979      -0.77853193730132353     
   3.7376284080656608      -0.71974052609330597      -0.12626585917256389     
   6.2583462986576270       -1.1371292667017303      -0.21826692649614021     
   3.5107424884636154      -0.59707075909165397       0.49056018908104410     
   1.7389894034764266      -0.32000967782721540      -0.15556602819013665     
   1.4375753385118986       -3.9208401682976617E-002 -0.12864627048890218     
   1.8683767048483093       -2.6339094985355893       -6.5658586848768200E-002
   1.9043930429248670       -2.6458639370168497       0.46345639768995378     
   1.9380168813680501       -2.6508341078091036      -0.57929465650259382     
  -3.4409055126655650       -2.2821696253598813       0.44313045162388531     
  -2.8019324173391391       -1.7480152164692049       0.26615647899263717     
 -0.67297952185815135       0.76667886898003923       0.76764067121528434     
 -0.39155404996691240       0.90721487586347116       0.52668844600483733     
  -1.0864079853961957       0.92834916864767014      -0.48009488118771732     
  -1.4825891274054033      -0.22018308536633963       0.28272382876948937     
  -4.2705706712651681        3.2027918129048829      -0.59635778095247938     
  -2.0170333588178422        2.0493573454645992      -0.39174509910088490     
  -1.7780581372238489        2.1284631076343206       0.27451464010440113     
  -1.8696343776178268        2.0083721193309811       -1.0806523683795564     
  0.38820904456216021        4.2380912551892749       0.21449387419511493     
First
                         Total        8.090740395E+00
Step size:       0.20
Step size in Bohr:       0.38
Learning Rate:       1.00
# Steps:         10
                         Error  1        8.045479947E+00
                         Error  2        8.000431249E+00
                         Error  3        7.955596416E+00
                         Error  4        7.910977571E+00
                         Error  5        7.866576839E+00
                         Error  6        7.822396349E+00
                         Error  7        7.778438235E+00
                         Error  8        7.734704629E+00
                         Error  9        7.691197665E+00
                         Error 10        7.647919480E+00
                         Error        7.647919480E+00
