node32.cluster
/home/unibas/boittier/FDCM/fbuta-trans-f_0/18_19
Distance between Atom configurations = 0.3179102453260731
Distance between Charge configurations = 0.4427206333955877

real	0m0.846s
user	0m0.828s
sys	0m0.013s
-xyz
refined.xyz
-dens
/home/unibas/boittier/RDKit_G2/B.pdb/SCAN_1_2_3_4_S_36_10.0/19_SCAN/B.d.cube
-esp
/home/unibas/boittier/RDKit_G2/B.pdb/SCAN_1_2_3_4_S_36_10.0/19_SCAN/B.p.cube
-stepsize
0.2
-n_steps
0
-learning_rate
0.5
  -4.0142982510343002        2.9510840553456337      -0.52431854431877922     
  -3.5262130365255886      -0.46514630911168880       0.68151501039723139     
  -3.7384965135571866      -0.71546380303294199        3.7161308840069136E-002
  -6.2599465161352255       -1.1346107463014896        4.3266747516751670E-002
  -3.4671378098717978      -0.66890258427264604      -0.57153816698078364     
  -1.7326140411232036      -0.33073610364825518       0.28200906772031609     
  -1.4362965878498968       -3.3560029284035078E-002  0.26848704505090704     
  -1.8754745953200123       -2.6095250779334056       0.32051044289872743     
  -1.8681121891447718       -2.6916949772922383      -0.20349070514786441     
  -1.9733652388761997       -2.5793005797369113       0.82834795762209990     
   3.4184600242266741       -2.3191932030700295      -0.33100139538783035     
   2.8090023066361618       -1.7395188050297961      -0.20428222043778985     
  0.68060086850741230       0.78837329260582567      -0.59130775099720045     
  0.39261159095872655       0.93874640307943569      -0.34302076457022262     
   1.0900784809354918       0.90269971585814002       0.66331045571172342     
   1.4812391415326012      -0.19475825285498211      -0.15049214024877275     
   4.2587478644730297        3.2596193517297953       -4.9356797485027457E-002
   2.0094491425122407        2.0911445267729496        5.8694991644599272E-002
   1.7226666147624949        2.0697012663322676      -0.59296212279171712     
   1.9194595667150121        2.1109913143375509       0.75661586147442783     
 -0.37640861653760660        4.2379226884073109       0.22393926941707332     
First
                         Total        3.994160445E-01
Step size:       0.20
Step size in Bohr:       0.38
Learning Rate:       1.00
# Steps:          0
                         Error        3.994160445E-01
