node27.cluster
Distance between Atom configurations = 1.8039638937022157e-06
Distance between Charge configurations = 3.479604606467825e-06

real	1m36.134s
user	1m36.068s
sys	0m0.024s
-xyz
global_0_fit.xyz
-dens
/home/unibas/boittier/RDKit_G2/B.pdb/SCAN_1_2_3_4_S_36_10.0/0_SCAN/B.d.cube
-esp
/home/unibas/boittier/RDKit_G2/B.pdb/SCAN_1_2_3_4_S_36_10.0/0_SCAN/B.p.cube
-stepsize
0.2
-n_steps
10
-learning_rate
0.5
  -4.0367687004905664        2.9822569982011160        2.6722067590541580E-003
  -3.5130826820779646      -0.56337859485478725       0.67370837904152914     
  -3.7393875022833427      -0.72537816318747805        6.2826653430746084E-003
  -6.2589210355657139       -1.1540964014486317       -2.8617097343619436E-002
  -3.4819616139630511      -0.59560870024536516      -0.59638668308362619     
  -1.7412335518726831      -0.33557916634357093       0.13762483483143645     
  -1.4456449289114435       -3.7442959962627670E-002  0.13109292801669453     
  -1.8666924830815892       -2.6305314954043597       -1.0437009964295899E-002
  -1.8710220940863480       -2.6410877272928390      -0.54077003833075588     
  -1.9531322557998061       -2.6697100864685277       0.49886471145645034     
   3.4373606603801283       -2.3179176567003554      -0.18905020333259773     
   2.8215012990184047       -1.7373703102339810      -0.10419213295656396     
  0.70794715640299000       0.77494241267433706      -0.64785355496843300     
  0.40839617331759159       0.93006563109000029      -0.41676413589769662     
   1.0582606103549494       0.91915946131837545       0.62151290811448445     
   1.4891265217766227      -0.19540165456666736      -0.14777468831132592     
   4.2569158891911361        3.2625352852055984        2.5818182537116287E-002
   2.0048799123808552        2.0948339137223702        3.8728553889203335E-002
   1.7584287147889883        2.0492372572686000      -0.62801260920341573     
   1.8724359258861163        2.1398496580814750       0.72866893716445502     
 -0.38535215672002476        4.2424617842442158       -2.0158660564992957E-002
First
                         Total        7.324780963E+00
Step size:       0.20
Step size in Bohr:       0.38
Learning Rate:       1.00
# Steps:         10
                         Error  1        7.275715322E+00
                         Error  2        7.226926601E+00
                         Error  3        7.178418183E+00
                         Error  4        7.130193457E+00
                         Error  5        7.082255820E+00
                         Error  6        7.034608674E+00
                         Error  7        6.987255424E+00
                         Error  8        6.940199473E+00
                         Error  9        6.893444223E+00
                         Error 10        6.846993074E+00
                         Error        6.846993074E+00
/home/unibas/boittier/FDCM/fbuta-trans-f_10/21_22
Distance between Atom configurations = 0.259718267117896
Distance between Charge configurations = 0.36318928615479296

real	1m45.742s
user	1m45.680s
sys	0m0.023s
-xyz
refined.xyz
-dens
/home/unibas/boittier/RDKit_G2/B.pdb/SCAN_1_2_3_4_S_36_10.0/22_SCAN/B.d.cube
-esp
/home/unibas/boittier/RDKit_G2/B.pdb/SCAN_1_2_3_4_S_36_10.0/22_SCAN/B.p.cube
-stepsize
0.2
-n_steps
10
-learning_rate
0.5
  -3.9562358508488620        3.0112539952455681      -0.43575598457625297     
  -3.5315252729303594      -0.43318646017502505       0.68729891374419905     
  -3.7392714213109959      -0.67775016663539134        3.8366115296046298E-002
  -6.2721389896439907       -1.0530623715836707        9.0653469772120718E-003
  -3.4656310997602384      -0.61632558623132128      -0.56855023923549042     
  -1.7512766485078273      -0.25030647679645168       0.26192223225810424     
  -1.4420795566826621        2.2555542333118780E-002  0.24274032618072344     
  -1.8883750978640192       -2.5963192829977504       0.30479148994791860     
  -1.8854455944548132       -2.6595651494158821      -0.22189070119020454     
  -1.9957709472162832       -2.5632024369058573       0.81107956474429688     
   3.3601054176545646       -2.3887061869840247      -0.28375702925663765     
   2.7594794546026677       -1.7822458476953800      -0.17257578241290439     
  0.69319447559813285       0.78963894875703711      -0.62532060916588861     
  0.41404073394974228       0.93142720715803828      -0.38246691123825377     
   1.1022588687272039       0.91521154507888558       0.62781059528487748     
   1.4758009332928657      -0.22420689443705141      -0.15969824005990049     
   4.3331390287803702        3.1759985790644132       -2.9876378480258488E-002
   2.0571507710202428        2.0505579148988926        4.8336467150586225E-002
   1.7828198080975219        2.0410335608168797      -0.60887029460058451     
   1.9474472834345764        2.1087056961890167       0.74301873583721323     
 -0.28550321331432044        4.2626256667298801       0.10393709086721356     
First
                         Total        1.979236020E+00
Step size:       0.20
Step size in Bohr:       0.38
Learning Rate:       1.00
# Steps:         10
                         Error  1        1.964083484E+00
                         Error  2        1.949455058E+00
                         Error  3        1.935333804E+00
                         Error  4        1.921702946E+00
                         Error  5        1.908545907E+00
                         Error  6        1.895846331E+00
                         Error  7        1.883588120E+00
                         Error  8        1.871755449E+00
                         Error  9        1.860332796E+00
                         Error 10        1.849304956E+00
                         Error        1.849304956E+00
