node37.cluster
Distance between Atom configurations = 1.8039638937022157e-06
Distance between Charge configurations = 3.479604606467825e-06

real	16m4.965s
user	16m3.870s
sys	0m0.141s
-xyz
global_0_fit.xyz
-dens
/home/unibas/boittier/RDKit_G2/B.pdb/SCAN_1_2_3_4_S_36_10.0/0_SCAN/B.d.cube
-esp
/home/unibas/boittier/RDKit_G2/B.pdb/SCAN_1_2_3_4_S_36_10.0/0_SCAN/B.p.cube
-stepsize
0.2
-n_steps
100
-learning_rate
0.5
  -4.0367687004905664        2.9822569982011160        2.6722067590541580E-003
  -3.5130826820779646      -0.56337859485478725       0.67370837904152914     
  -3.7393875022833427      -0.72537816318747805        6.2826653430746084E-003
  -6.2589210355657139       -1.1540964014486317       -2.8617097343619436E-002
  -3.4819616139630511      -0.59560870024536516      -0.59638668308362619     
  -1.7412335518726831      -0.33557916634357093       0.13762483483143645     
  -1.4456449289114435       -3.7442959962627670E-002  0.13109292801669453     
  -1.8666924830815892       -2.6305314954043597       -1.0437009964295899E-002
  -1.8710220940863480       -2.6410877272928390      -0.54077003833075588     
  -1.9531322557998061       -2.6697100864685277       0.49886471145645034     
   3.4373606603801283       -2.3179176567003554      -0.18905020333259773     
   2.8215012990184047       -1.7373703102339810      -0.10419213295656396     
  0.70794715640299000       0.77494241267433706      -0.64785355496843300     
  0.40839617331759159       0.93006563109000029      -0.41676413589769662     
   1.0582606103549494       0.91915946131837545       0.62151290811448445     
   1.4891265217766227      -0.19540165456666736      -0.14777468831132592     
   4.2569158891911361        3.2625352852055984        2.5818182537116287E-002
   2.0048799123808552        2.0948339137223702        3.8728553889203335E-002
   1.7584287147889883        2.0492372572686000      -0.62801260920341573     
   1.8724359258861163        2.1398496580814750       0.72866893716445502     
 -0.38535215672002476        4.2424617842442158       -2.0158660564992957E-002
First
                         Total        7.324780963E+00
Step size:       0.20
Step size in Bohr:       0.38
Learning Rate:       1.00
# Steps:        100
                         Error  1        7.275715322E+00
                         Error  2        7.226926601E+00
                         Error  3        7.178418183E+00
                         Error  4        7.130193457E+00
                         Error  5        7.082255820E+00
                         Error  6        7.034608674E+00
                         Error  7        6.987255424E+00
                         Error  8        6.940199473E+00
                         Error  9        6.893444223E+00
                         Error 10        6.846993074E+00
                         Error 11        6.800849414E+00
                         Error 12        6.755016626E+00
                         Error 13        6.709498078E+00
                         Error 14        6.664297123E+00
                         Error 15        6.619417098E+00
                         Error 16        6.574861316E+00
                         Error 17        6.530633069E+00
                         Error 18        6.486735618E+00
                         Error 19        6.443172198E+00
                         Error 20        6.399946006E+00
                         Error 21        6.357060204E+00
                         Error 22        6.314517912E+00
                         Error 23        6.272322207E+00
                         Error 24        6.230476118E+00
                         Error 25        6.188982621E+00
                         Error 26        6.147844637E+00
                         Error 27        6.107065030E+00
                         Error 28        6.066646598E+00
                         Error 29        6.026592075E+00
                         Error 30        5.986904123E+00
                         Error 31        5.947585330E+00
                         Error 32        5.908638206E+00
                         Error 33        5.870065177E+00
                         Error 34        5.831868586E+00
                         Error 35        5.794050684E+00
                         Error 36        5.756613629E+00
                         Error 37        5.719559482E+00
                         Error 38        5.682890201E+00
                         Error 39        5.646607643E+00
                         Error 40        5.610713553E+00
                         Error 41        5.575209566E+00
                         Error 42        5.540097202E+00
                         Error 43        5.505377863E+00
                         Error 44        5.471052828E+00
                         Error 45        5.437123254E+00
                         Error 46        5.403590169E+00
                         Error 47        5.370454472E+00
                         Error 48        5.337716929E+00
                         Error 49        5.305378171E+00
                         Error 50        5.273438694E+00
                         Error 51        5.241898853E+00
                         Error 52        5.210758863E+00
                         Error 53        5.180018799E+00
                         Error 54        5.149678589E+00
                         Error 55        5.119738021E+00
                         Error 56        5.090196733E+00
                         Error 57        5.061054222E+00
                         Error 58        5.032309834E+00
                         Error 59        5.003962773E+00
                         Error 60        4.976012093E+00
                         Error 61        4.948456706E+00
                         Error 62        4.921295376E+00
                         Error 63        4.894526724E+00
                         Error 64        4.868149227E+00
                         Error 65        4.842161222E+00
                         Error 66        4.816560904E+00
                         Error 67        4.791346331E+00
                         Error 68        4.766515425E+00
                         Error 69        4.742065972E+00
                         Error 70        4.717995631E+00
                         Error 71        4.694301927E+00
                         Error 72        4.670982265E+00
                         Error 73        4.648033924E+00
                         Error 74        4.625454066E+00
                         Error 75        4.603239734E+00
                         Error 76        4.581387865E+00
                         Error 77        4.559895282E+00
                         Error 78        4.538758708E+00
                         Error 79        4.517974765E+00
                         Error 80        4.497539978E+00
                         Error 81        4.477450782E+00
                         Error 82        4.457703526E+00
                         Error 83        4.438294473E+00
                         Error 84        4.419219812E+00
                         Error 85        4.400475655E+00
                         Error 86        4.382058049E+00
                         Error 87        4.363962974E+00
                         Error 88        4.346186352E+00
                         Error 89        4.328724050E+00
                         Error 90        4.311571885E+00
                         Error 91        4.294725629E+00
                         Error 92        4.278181012E+00
                         Error 93        4.261933730E+00
                         Error 94        4.245979444E+00
                         Error 95        4.230313792E+00
                         Error 96        4.214932386E+00
                         Error 97        4.199830821E+00
                         Error 98        4.185004677E+00
                         Error 99        4.170449524E+00
                         Error100        4.156160927E+00
                         Error        4.156160927E+00
/home/unibas/boittier/FDCM/fbuta-trans-f_100/4_5
Distance between Atom configurations = 0.3139611700305188
Distance between Charge configurations = 0.4906395201419035

real	17m43.145s
user	17m41.766s
sys	0m0.146s
-xyz
refined.xyz
-dens
/home/unibas/boittier/RDKit_G2/B.pdb/SCAN_1_2_3_4_S_36_10.0/5_SCAN/B.d.cube
-esp
/home/unibas/boittier/RDKit_G2/B.pdb/SCAN_1_2_3_4_S_36_10.0/5_SCAN/B.p.cube
-stepsize
0.2
-n_steps
100
-learning_rate
0.5
  -4.1506593692498130        2.8478489033782655        8.7376034642122347E-002
  -3.4596655014066453      -0.65093133860679331       0.74942884954091871     
  -3.6859243355961784      -0.87037728310033402        9.2173418575701160E-002
  -6.1954670403724368       -1.3816599936877965       0.15497692117165074     
  -3.4761330036149642      -0.68857039291796474      -0.52015973183582842     
  -1.7447701479717577      -0.31080368024332705       0.14269878782876499     
  -1.4118994959598006      -0.11128042163844927       0.12280678430265250     
  -1.7019285740942980       -2.7131969615961542        1.8068127268962422E-002
  -1.7893179270187967       -2.6633147086169386      -0.51158198780213748     
  -1.8308946299369431       -2.6870631918224226       0.53217951156216081     
   3.5207881551748779       -2.2090438938999597      -0.44009420743970579     
   2.8572726135649034       -1.5131091504338756      -0.27428682698027440     
  0.62044138800991178       0.91712407388308215      -0.73550297040261969     
  0.38381972788766977       0.90459134437738775      -0.50033340276689076     
   1.0401020642862566        1.0327131050510920       0.51195905168459177     
   1.5453896484272995      -0.18001783772694679      -0.27083903208207272     
   4.1394476654101435        3.2944096454118550       0.65232603946294943     
   1.9464792050271900        1.9859084258392634       0.41313402167858326     
   1.6872274123805968        2.2091472671150667      -0.22589129832502428     
   1.7737342087685264        2.0826609827246423        1.1175756558500225     
 -0.55195817104526235        4.2488295267677927       -8.0625090356913870E-002
First
                         Total        5.417796830E+00
Step size:       0.20
Step size in Bohr:       0.38
Learning Rate:       1.00
# Steps:        100
                         Error  1        5.394899016E+00
                         Error  2        5.372333757E+00
                         Error  3        5.350099058E+00
                         Error  4        5.328192844E+00
                         Error  5        5.306612957E+00
                         Error  6        5.285357163E+00
                         Error  7        5.264423150E+00
                         Error  8        5.243808533E+00
                         Error  9        5.223510853E+00
                         Error 10        5.203527583E+00
                         Error 11        5.183856127E+00
                         Error 12        5.164493825E+00
                         Error 13        5.145437952E+00
                         Error 14        5.126685725E+00
                         Error 15        5.108234302E+00
                         Error 16        5.090080785E+00
                         Error 17        5.072222223E+00
                         Error 18        5.054655618E+00
                         Error 19        5.037377920E+00
                         Error 20        5.020386037E+00
                         Error 21        5.003676834E+00
                         Error 22        4.987247138E+00
                         Error 23        4.971093738E+00
                         Error 24        4.955213389E+00
                         Error 25        4.939602815E+00
                         Error 26        4.924258712E+00
                         Error 27        4.909177750E+00
                         Error 28        4.894356574E+00
                         Error 29        4.879791812E+00
                         Error 30        4.865480071E+00
                         Error 31        4.851417944E+00
                         Error 32        4.837602011E+00
                         Error 33        4.824028841E+00
                         Error 34        4.810694995E+00
                         Error 35        4.797597031E+00
                         Error 36        4.784731500E+00
                         Error 37        4.772094956E+00
                         Error 38        4.759683952E+00
                         Error 39        4.747495044E+00
                         Error 40        4.735524796E+00
                         Error 41        4.723769780E+00
                         Error 42        4.712226574E+00
                         Error 43        4.700891771E+00
                         Error 44        4.689761978E+00
                         Error 45        4.678833816E+00
                         Error 46        4.668103922E+00
                         Error 47        4.657568954E+00
                         Error 48        4.647225590E+00
                         Error 49        4.637070528E+00
                         Error 50        4.627100492E+00
                         Error 51        4.617312229E+00
                         Error 52        4.607702512E+00
                         Error 53        4.598268142E+00
                         Error 54        4.589005948E+00
                         Error 55        4.579912789E+00
                         Error 56        4.570985555E+00
                         Error 57        4.562221165E+00
                         Error 58        4.553616574E+00
                         Error 59        4.545168768E+00
                         Error 60        4.536874768E+00
                         Error 61        4.528731629E+00
                         Error 62        4.520736443E+00
                         Error 63        4.512886336E+00
                         Error 64        4.505178473E+00
                         Error 65        4.497610053E+00
                         Error 66        4.490178317E+00
                         Error 67        4.482880539E+00
                         Error 68        4.475714034E+00
                         Error 69        4.468676156E+00
                         Error 70        4.461764297E+00
                         Error 71        4.454975887E+00
                         Error 72        4.448308396E+00
                         Error 73        4.441759335E+00
                         Error 74        4.435326251E+00
                         Error 75        4.429006732E+00
                         Error 76        4.422798406E+00
                         Error 77        4.416698939E+00
                         Error 78        4.410706037E+00
                         Error 79        4.404817444E+00
                         Error 80        4.399030945E+00
                         Error 81        4.393344363E+00
                         Error 82        4.387755557E+00
                         Error 83        4.382262428E+00
                         Error 84        4.376862914E+00
                         Error 85        4.371554990E+00
                         Error 86        4.366336669E+00
                         Error 87        4.361206001E+00
                         Error 88        4.356161075E+00
                         Error 89        4.351200013E+00
                         Error 90        4.346320976E+00
                         Error 91        4.341522160E+00
                         Error 92        4.336801796E+00
                         Error 93        4.332158152E+00
                         Error 94        4.327589528E+00
                         Error 95        4.323094260E+00
                         Error 96        4.318670716E+00
                         Error 97        4.314317301E+00
                         Error 98        4.310032448E+00
                         Error 99        4.305814627E+00
                         Error100        4.301662337E+00
                         Error        4.301662337E+00
