node42.cluster
/home/unibas/boittier/FDCM/fbuta-trans-f_0/24_25
Distance between Atom configurations = 0.285375953383589
Distance between Charge configurations = 0.361382132085731

real	0m0.904s
user	0m0.875s
sys	0m0.026s
-xyz
refined.xyz
-dens
/home/unibas/boittier/RDKit_G2/B.pdb/SCAN_1_2_3_4_S_36_10.0/25_SCAN/B.d.cube
-esp
/home/unibas/boittier/RDKit_G2/B.pdb/SCAN_1_2_3_4_S_36_10.0/25_SCAN/B.p.cube
-stepsize
0.2
-n_steps
0
-learning_rate
0.5
  -3.9770684232375211        3.0415235896363431      -0.49421674166627921     
  -3.5301785534485957      -0.35264660312213669       0.73827025766823173     
  -3.7530262600409054      -0.61850596994511908       0.10378423588911560     
  -6.2791341594506882       -1.0087133105052901        9.1653383783636924E-002
  -3.4866482263901553      -0.59543468397609178      -0.50844856621718704     
  -1.7601276812961790      -0.16030363814039036       0.23533488681341591     
  -1.4464163129819851       0.11798660652373007       0.21435359750129940     
  -2.0366294355404357       -2.4445802229928617       0.13485747760859143     
  -2.0579704559340457       -2.4639168827568843      -0.39481596421873516     
  -2.0166207108891379       -2.4886215242552532       0.93481981624861132     
   3.2721858836159528       -2.4807542844408528      -0.20811034792210584     
   2.6985209450823358       -1.8594652887720109      -0.11630953783861271     
  0.73746298804049548       0.77764750944694760      -0.64556275481312952     
  0.45598660721029799       0.95620152010450188      -0.40873827069388091     
   1.1355514989001427       0.92061573636439409       0.60978377676793749     
   1.4686227880248368      -0.23320741982201110      -0.15011816512430293     
   4.4626539353536998        3.0367492023348643       -8.5187268560329585E-002
   2.1406447834343743        2.0176887952917664       -5.3213561407803095E-003
   1.8785283710976202        1.9746816007607313      -0.66623465910767143     
   2.0251507093658354        2.0850998251248698       0.68583885045731063     
 -0.10659265977146203        4.3148136289971113       -6.5815219160413774E-002
First
                         Total        4.256060024E+00
Step size:       0.20
Step size in Bohr:       0.38
Learning Rate:       1.00
# Steps:          0
                         Error        4.256060024E+00
