node28.cluster
Distance between Atom configurations = 1.8039638937022157e-06
Distance between Charge configurations = 3.479604606467825e-06

real	15m55.776s
user	15m55.625s
sys	0m0.026s
-xyz
global_0_fit.xyz
-dens
/home/unibas/boittier/RDKit_G2/B.pdb/SCAN_1_2_3_4_S_36_10.0/0_SCAN/B.d.cube
-esp
/home/unibas/boittier/RDKit_G2/B.pdb/SCAN_1_2_3_4_S_36_10.0/0_SCAN/B.p.cube
-stepsize
0.2
-n_steps
100
-learning_rate
0.5
  -4.0367687004905664        2.9822569982011160        2.6722067590541580E-003
  -3.5130826820779646      -0.56337859485478725       0.67370837904152914     
  -3.7393875022833427      -0.72537816318747805        6.2826653430746084E-003
  -6.2589210355657139       -1.1540964014486317       -2.8617097343619436E-002
  -3.4819616139630511      -0.59560870024536516      -0.59638668308362619     
  -1.7412335518726831      -0.33557916634357093       0.13762483483143645     
  -1.4456449289114435       -3.7442959962627670E-002  0.13109292801669453     
  -1.8666924830815892       -2.6305314954043597       -1.0437009964295899E-002
  -1.8710220940863480       -2.6410877272928390      -0.54077003833075588     
  -1.9531322557998061       -2.6697100864685277       0.49886471145645034     
   3.4373606603801283       -2.3179176567003554      -0.18905020333259773     
   2.8215012990184047       -1.7373703102339810      -0.10419213295656396     
  0.70794715640299000       0.77494241267433706      -0.64785355496843300     
  0.40839617331759159       0.93006563109000029      -0.41676413589769662     
   1.0582606103549494       0.91915946131837545       0.62151290811448445     
   1.4891265217766227      -0.19540165456666736      -0.14777468831132592     
   4.2569158891911361        3.2625352852055984        2.5818182537116287E-002
   2.0048799123808552        2.0948339137223702        3.8728553889203335E-002
   1.7584287147889883        2.0492372572686000      -0.62801260920341573     
   1.8724359258861163        2.1398496580814750       0.72866893716445502     
 -0.38535215672002476        4.2424617842442158       -2.0158660564992957E-002
First
                         Total        7.324780963E+00
Step size:       0.20
Step size in Bohr:       0.38
Learning Rate:       1.00
# Steps:        100
                         Error  1        7.275715322E+00
                         Error  2        7.226926601E+00
                         Error  3        7.178418183E+00
                         Error  4        7.130193457E+00
                         Error  5        7.082255820E+00
                         Error  6        7.034608674E+00
                         Error  7        6.987255424E+00
                         Error  8        6.940199473E+00
                         Error  9        6.893444223E+00
                         Error 10        6.846993074E+00
                         Error 11        6.800849414E+00
                         Error 12        6.755016626E+00
                         Error 13        6.709498078E+00
                         Error 14        6.664297123E+00
                         Error 15        6.619417098E+00
                         Error 16        6.574861316E+00
                         Error 17        6.530633069E+00
                         Error 18        6.486735618E+00
                         Error 19        6.443172198E+00
                         Error 20        6.399946006E+00
                         Error 21        6.357060204E+00
                         Error 22        6.314517912E+00
                         Error 23        6.272322207E+00
                         Error 24        6.230476118E+00
                         Error 25        6.188982621E+00
                         Error 26        6.147844637E+00
                         Error 27        6.107065030E+00
                         Error 28        6.066646598E+00
                         Error 29        6.026592075E+00
                         Error 30        5.986904123E+00
                         Error 31        5.947585330E+00
                         Error 32        5.908638206E+00
                         Error 33        5.870065177E+00
                         Error 34        5.831868586E+00
                         Error 35        5.794050684E+00
                         Error 36        5.756613629E+00
                         Error 37        5.719559482E+00
                         Error 38        5.682890201E+00
                         Error 39        5.646607643E+00
                         Error 40        5.610713553E+00
                         Error 41        5.575209566E+00
                         Error 42        5.540097202E+00
                         Error 43        5.505377863E+00
                         Error 44        5.471052828E+00
                         Error 45        5.437123254E+00
                         Error 46        5.403590169E+00
                         Error 47        5.370454472E+00
                         Error 48        5.337716929E+00
                         Error 49        5.305378171E+00
                         Error 50        5.273438694E+00
                         Error 51        5.241898853E+00
                         Error 52        5.210758863E+00
                         Error 53        5.180018799E+00
                         Error 54        5.149678589E+00
                         Error 55        5.119738021E+00
                         Error 56        5.090196733E+00
                         Error 57        5.061054222E+00
                         Error 58        5.032309834E+00
                         Error 59        5.003962773E+00
                         Error 60        4.976012093E+00
                         Error 61        4.948456706E+00
                         Error 62        4.921295376E+00
                         Error 63        4.894526724E+00
                         Error 64        4.868149227E+00
                         Error 65        4.842161222E+00
                         Error 66        4.816560904E+00
                         Error 67        4.791346331E+00
                         Error 68        4.766515425E+00
                         Error 69        4.742065972E+00
                         Error 70        4.717995631E+00
                         Error 71        4.694301927E+00
                         Error 72        4.670982265E+00
                         Error 73        4.648033924E+00
                         Error 74        4.625454066E+00
                         Error 75        4.603239734E+00
                         Error 76        4.581387865E+00
                         Error 77        4.559895282E+00
                         Error 78        4.538758708E+00
                         Error 79        4.517974765E+00
                         Error 80        4.497539978E+00
                         Error 81        4.477450782E+00
                         Error 82        4.457703526E+00
                         Error 83        4.438294473E+00
                         Error 84        4.419219812E+00
                         Error 85        4.400475655E+00
                         Error 86        4.382058049E+00
                         Error 87        4.363962974E+00
                         Error 88        4.346186352E+00
                         Error 89        4.328724050E+00
                         Error 90        4.311571885E+00
                         Error 91        4.294725629E+00
                         Error 92        4.278181012E+00
                         Error 93        4.261933730E+00
                         Error 94        4.245979444E+00
                         Error 95        4.230313792E+00
                         Error 96        4.214932386E+00
                         Error 97        4.199830821E+00
                         Error 98        4.185004677E+00
                         Error 99        4.170449524E+00
                         Error100        4.156160927E+00
                         Error        4.156160927E+00
/home/unibas/boittier/FDCM/fbuta-trans-f_100/30_31
Distance between Atom configurations = 0.37723661757127935
Distance between Charge configurations = 0.5894476201933105

real	17m31.546s
user	17m30.904s
sys	0m0.029s
-xyz
refined.xyz
-dens
/home/unibas/boittier/RDKit_G2/B.pdb/SCAN_1_2_3_4_S_36_10.0/31_SCAN/B.d.cube
-esp
/home/unibas/boittier/RDKit_G2/B.pdb/SCAN_1_2_3_4_S_36_10.0/31_SCAN/B.p.cube
-stepsize
0.2
-n_steps
100
-learning_rate
0.5
   3.8586240311345872        3.1546165289970043      -0.14205540720045423     
   3.5350859194473223      -0.38779544706216290      -0.72158521547357934     
   3.7734355387344096      -0.57699672702561133       -5.9220800077767075E-002
   6.3231087687882921      -0.81882098692077054       -8.1652322294137047E-002
   3.5362379306843006      -0.41403445141029127       0.54839637121245266     
   1.7821873167309896      -0.22688068248625112      -0.17571209507643912     
   1.4311630277089615       -6.1846745637228931E-002 -0.15217825339791044     
   1.9947940129958426       -2.6187456633145900        3.0584277441593776E-003
   2.0683927475555688       -2.5560129786687384       0.53343774399810739     
   2.1280638992986010       -2.5829255629024948      -0.50936892393935562     
  -3.3364051874454934       -2.3494678062396899       0.61537241624444894     
  -2.6361515843994843       -1.9009086110449149       0.28775899167901142     
 -0.68527590933290194       0.75696751182647859       0.72813438858400126     
 -0.45104862351680791       0.76828939249949257       0.49051915656573170     
  -1.1108591947975119       0.82516474894178005      -0.51443145054706252     
  -1.4749456751245151      -0.43477763417824417       0.27220121357774379     
  -4.3897789779155287        3.0118871092753468      -0.81478989886963493     
  -2.1035967258728814        1.8809759938706994      -0.54477195367242537     
  -1.8497638193448787        2.1620871055101154        7.3245708151851205E-002
  -2.0078149848224061        2.0201565429057746      -0.57318955799536797     
  0.13921230048347669        4.1865616087525437        6.4553230895738944E-002
First
                         Total        6.226466383E+00
Step size:       0.20
Step size in Bohr:       0.38
Learning Rate:       1.00
# Steps:        100
                         Error  1        6.198442228E+00
                         Error  2        6.170783567E+00
                         Error  3        6.143488658E+00
                         Error  4        6.116555678E+00
                         Error  5        6.089982718E+00
                         Error  6        6.063767788E+00
                         Error  7        6.037908820E+00
                         Error  8        6.012403665E+00
                         Error  9        5.987250099E+00
                         Error 10        5.962445821E+00
                         Error 11        5.937988458E+00
                         Error 12        5.913875565E+00
                         Error 13        5.890104628E+00
                         Error 14        5.866673063E+00
                         Error 15        5.843578224E+00
                         Error 16        5.820817400E+00
                         Error 17        5.798387816E+00
                         Error 18        5.776286643E+00
                         Error 19        5.754510992E+00
                         Error 20        5.733057921E+00
                         Error 21        5.711924434E+00
                         Error 22        5.691107488E+00
                         Error 23        5.670603991E+00
                         Error 24        5.650410807E+00
                         Error 25        5.630524757E+00
                         Error 26        5.610942623E+00
                         Error 27        5.591661149E+00
                         Error 28        5.572677045E+00
                         Error 29        5.553986988E+00
                         Error 30        5.535587625E+00
                         Error 31        5.517475577E+00
                         Error 32        5.499647438E+00
                         Error 33        5.482099781E+00
                         Error 34        5.464829158E+00
                         Error 35        5.447832106E+00
                         Error 36        5.431105143E+00
                         Error 37        5.414644778E+00
                         Error 38        5.398447506E+00
                         Error 39        5.382509816E+00
                         Error 40        5.366828191E+00
                         Error 41        5.351399109E+00
                         Error 42        5.336219047E+00
                         Error 43        5.321284484E+00
                         Error 44        5.306591899E+00
                         Error 45        5.292137778E+00
                         Error 46        5.277918611E+00
                         Error 47        5.263930899E+00
                         Error 48        5.250171151E+00
                         Error 49        5.236635890E+00
                         Error 50        5.223321652E+00
                         Error 51        5.210224989E+00
                         Error 52        5.197342468E+00
                         Error 53        5.184670677E+00
                         Error 54        5.172206223E+00
                         Error 55        5.159945736E+00
                         Error 56        5.147885866E+00
                         Error 57        5.136023291E+00
                         Error 58        5.124354710E+00
                         Error 59        5.112876852E+00
                         Error 60        5.101586473E+00
                         Error 61        5.090480356E+00
                         Error 62        5.079555317E+00
                         Error 63        5.068808199E+00
                         Error 64        5.058235879E+00
                         Error 65        5.047835266E+00
                         Error 66        5.037603302E+00
                         Error 67        5.027536962E+00
                         Error 68        5.017633257E+00
                         Error 69        5.007889231E+00
                         Error 70        4.998301965E+00
                         Error 71        4.988868576E+00
                         Error 72        4.979586219E+00
                         Error 73        4.970452082E+00
                         Error 74        4.961463394E+00
                         Error 75        4.952617420E+00
                         Error 76        4.943911463E+00
                         Error 77        4.935342864E+00
                         Error 78        4.926909003E+00
                         Error 79        4.918607297E+00
                         Error 80        4.910435203E+00
                         Error 81        4.902390214E+00
                         Error 82        4.894469866E+00
                         Error 83        4.886671729E+00
                         Error 84        4.878993414E+00
                         Error 85        4.871432569E+00
                         Error 86        4.863986882E+00
                         Error 87        4.856654078E+00
                         Error 88        4.849431921E+00
                         Error 89        4.842318211E+00
                         Error 90        4.835310787E+00
                         Error 91        4.828407527E+00
                         Error 92        4.821606343E+00
                         Error 93        4.814905186E+00
                         Error 94        4.808302044E+00
                         Error 95        4.801794939E+00
                         Error 96        4.795381932E+00
                         Error 97        4.789061117E+00
                         Error 98        4.782830625E+00
                         Error 99        4.776688622E+00
                         Error100        4.770633308E+00
                         Error        4.770633308E+00
