node35.cluster
/home/unibas/boittier/FDCM/fbuta-trans-f_0/12_13
Distance between Atom configurations = 0.2723881305152139
Distance between Charge configurations = 0.3754927648131894

real	0m0.928s
user	0m0.868s
sys	0m0.028s
-xyz
refined.xyz
-dens
/home/unibas/boittier/RDKit_G2/B.pdb/SCAN_1_2_3_4_S_36_10.0/13_SCAN/B.d.cube
-esp
/home/unibas/boittier/RDKit_G2/B.pdb/SCAN_1_2_3_4_S_36_10.0/13_SCAN/B.p.cube
-stepsize
0.2
-n_steps
0
-learning_rate
0.5
  -3.8622272883402502        3.1554009208489604        7.7074783805639688E-002
  -3.5186550129193761      -0.42569908002795265       0.75169804645061811     
  -3.7771623101920389      -0.56676957436768949        9.1252811796310382E-002
  -6.3164792246861339      -0.85363238372895101       0.14269095870347356     
  -3.5343064128505173      -0.44434627479123184      -0.51895378753714261     
  -1.7577464134228709      -0.29190740791663200       0.15429072823081519     
  -1.4462711499876637       -1.0690643449155471E-002  0.14012072341814324     
  -2.0163623776140014       -2.5732141299675599       -1.1893901575215202E-002
  -2.0400205219347516       -2.5771358075389985      -0.54180730317192949     
  -2.0868140738891880       -2.6136230213440363       0.49976879956407916     
   3.2858797410429403       -2.5464139144331095      -0.37776052628157991     
   2.7058206292527882       -1.9345247756726049      -0.26532398742471924     
  0.72072955580789422       0.68943695478710154      -0.70759135873466750     
  0.43873390066410795       0.85826093433806105      -0.46433585854172987     
   1.1160794088405508       0.80466017022258829       0.54855846369563832     
   1.4584162881941523      -0.32256593499181252      -0.24633907022955356     
   4.3123895123474485        3.1281023685846412       0.51721418840770339     
   2.0338738859290686        2.0099949800896315       0.32977111171557150     
   1.8051822059625502        2.0700387358689212      -0.34094537799616920     
   1.9985949735167465        1.9783633006511629       0.63820027973028104     
 -0.14853288839908216        4.2091574813190933       -3.2114961828161828E-002
First
                         Total        8.154543906E+00
Step size:       0.20
Step size in Bohr:       0.38
Learning Rate:       1.00
# Steps:          0
                         Error        8.154543906E+00
