node32.cluster
/home/unibas/boittier/FDCM/fbuta-trans-f_0/26_27
Distance between Atom configurations = 0.3309032303652143
Distance between Charge configurations = 0.39492898482259825

real	0m0.908s
user	0m0.885s
sys	0m0.021s
-xyz
refined.xyz
-dens
/home/unibas/boittier/RDKit_G2/B.pdb/SCAN_1_2_3_4_S_36_10.0/27_SCAN/B.d.cube
-esp
/home/unibas/boittier/RDKit_G2/B.pdb/SCAN_1_2_3_4_S_36_10.0/27_SCAN/B.p.cube
-stepsize
0.2
-n_steps
0
-learning_rate
0.5
  -3.9198914015479760        3.0182320856877642      -0.70914853833571656     
  -3.5263368834242175      -0.28124262374351522       0.79240060579010507     
  -3.7582578050657527      -0.58964971608889838       0.18083493753356780     
  -6.2801340628338069      -0.96360971325608757       0.20897303580594667     
  -3.4961196399665782      -0.61659968456793657      -0.43306719360807960     
  -1.7614908687374888      -0.10719003213098137       0.19452859141379583     
  -1.4427302772497377       0.16512348885794600       0.17134392003439183     
  -2.0750532655596587       -2.3885742953172224       0.15667475473582698     
  -2.0867601520984933       -2.4234606026835945      -0.37250309335060072     
  -2.1581132121617572       -2.3967534233792738       0.66797621853393363     
   3.2514074033523364       -2.5098259370203979       -8.6490782354045961E-002
   2.6833102701343750       -1.8799071834219816       -2.3349055512641281E-002
  0.76381524665754186       0.76178803386636018      -0.66465136270780789     
  0.47994501846107307       0.95006470203979976      -0.43845252599394241     
   1.1394576203600146       0.93585011080474290       0.59368265145141075     
   1.4736395000742994      -0.24262403660292264      -0.12688412258493337     
   4.4892873111859490        3.0040568547413238      -0.18297511557508225     
   2.1587209730557557        2.0074679444705756       -7.9989153609497224E-002
   1.9004871665515486        1.9413954437066305      -0.74052738282675712     
   2.0393736366098763        2.1021107929946048       0.60731318436074122     
  -6.9940278663738586E-002   4.3177899473851244      -0.24281368974219683     
First
                         Total        4.746328000E+00
Step size:       0.20
Step size in Bohr:       0.38
Learning Rate:       1.00
# Steps:          0
                         Error        4.746328000E+00
