node39.cluster
Distance between Atom configurations = 1.8039638937022157e-06
Distance between Charge configurations = 3.479604606467825e-06

real	0m0.805s
user	0m0.789s
sys	0m0.014s
-xyz
global_0_fit.xyz
-dens
/home/unibas/boittier/RDKit_G2/B.pdb/SCAN_1_2_3_4_S_36_10.0/0_SCAN/B.d.cube
-esp
/home/unibas/boittier/RDKit_G2/B.pdb/SCAN_1_2_3_4_S_36_10.0/0_SCAN/B.p.cube
-stepsize
0.2
-n_steps
0
-learning_rate
0.5
  -4.0367687004905664        2.9822569982011160        2.6722067590541580E-003
  -3.5130826820779646      -0.56337859485478725       0.67370837904152914     
  -3.7393875022833427      -0.72537816318747805        6.2826653430746084E-003
  -6.2589210355657139       -1.1540964014486317       -2.8617097343619436E-002
  -3.4819616139630511      -0.59560870024536516      -0.59638668308362619     
  -1.7412335518726831      -0.33557916634357093       0.13762483483143645     
  -1.4456449289114435       -3.7442959962627670E-002  0.13109292801669453     
  -1.8666924830815892       -2.6305314954043597       -1.0437009964295899E-002
  -1.8710220940863480       -2.6410877272928390      -0.54077003833075588     
  -1.9531322557998061       -2.6697100864685277       0.49886471145645034     
   3.4373606603801283       -2.3179176567003554      -0.18905020333259773     
   2.8215012990184047       -1.7373703102339810      -0.10419213295656396     
  0.70794715640299000       0.77494241267433706      -0.64785355496843300     
  0.40839617331759159       0.93006563109000029      -0.41676413589769662     
   1.0582606103549494       0.91915946131837545       0.62151290811448445     
   1.4891265217766227      -0.19540165456666736      -0.14777468831132592     
   4.2569158891911361        3.2625352852055984        2.5818182537116287E-002
   2.0048799123808552        2.0948339137223702        3.8728553889203335E-002
   1.7584287147889883        2.0492372572686000      -0.62801260920341573     
   1.8724359258861163        2.1398496580814750       0.72866893716445502     
 -0.38535215672002476        4.2424617842442158       -2.0158660564992957E-002
First
                         Total        7.324780963E+00
Step size:       0.20
Step size in Bohr:       0.38
Learning Rate:       1.00
# Steps:          0
                         Error        7.324780963E+00
/home/unibas/boittier/FDCM/fbuta-trans-f_0/0_1
Distance between Atom configurations = 0.2478310304447292
Distance between Charge configurations = 0.2958692631602359

real	0m0.817s
user	0m0.801s
sys	0m0.013s
-xyz
refined.xyz
-dens
/home/unibas/boittier/RDKit_G2/B.pdb/SCAN_1_2_3_4_S_36_10.0/1_SCAN/B.d.cube
-esp
/home/unibas/boittier/RDKit_G2/B.pdb/SCAN_1_2_3_4_S_36_10.0/1_SCAN/B.p.cube
-stepsize
0.2
-n_steps
0
-learning_rate
0.5
   4.0211552518783336        2.9736178774969488       0.36926474199340487     
   3.5477960163494582      -0.50749649457543367      -0.61945434967096158     
   3.7384317758566028      -0.72104184601742483        4.4602278312457132E-002
   6.2565537903154409       -1.1494903008417223       0.13604053542933536     
   3.4485419490651283      -0.63826661313006949       0.64078236366091346     
   1.7380284895090030      -0.32717350759704378      -0.25832705275866219     
   1.4415899107790484       -3.0136130448670292E-002 -0.24441795489581486     
   1.8750087697575413       -2.6199333476853064      -0.18741168931140034     
   1.8508640335408206       -2.6716546160256911       0.33996411848960528     
   1.9888722244661388       -2.6194233751535081      -0.69281241483257083     
  -3.4163318583435682       -2.3243904484196696       0.29623554424227694     
  -2.8076076831042931       -1.7431629662322228       0.17327576727025323     
 -0.69487385341118091       0.77350709880882296       0.58696048957909652     
 -0.40147364723574536       0.92972344173436094       0.34882377005710596     
  -1.0761970067875248       0.91753802920808170      -0.67345889877004705     
  -1.4849095206181226      -0.19890130275741849       0.10513767183724930     
  -4.2667002698960861        3.2520644843132391        1.1761650503336479E-003
  -2.0120412168447159        2.0913678869989298       -6.7052677652597134E-002
  -1.7494135887117177        2.0460626559356716       0.59350405073329049     
  -1.8964447822558321        2.1372846754084556      -0.75995575321606790     
  0.37227766920468564        4.2463616357329972       -6.4240032656773485E-002
First
                         Total        7.307129888E+00
Step size:       0.20
Step size in Bohr:       0.38
Learning Rate:       1.00
# Steps:          0
                         Error        7.307129888E+00
