node40.cluster
Distance between Atom configurations = 1.8039638937022157e-06
Distance between Charge configurations = 3.479604606467825e-06

real	1m36.763s
user	1m36.724s
sys	0m0.020s
-xyz
global_0_fit.xyz
-dens
/home/unibas/boittier/RDKit_G2/B.pdb/SCAN_1_2_3_4_S_36_10.0/0_SCAN/B.d.cube
-esp
/home/unibas/boittier/RDKit_G2/B.pdb/SCAN_1_2_3_4_S_36_10.0/0_SCAN/B.p.cube
-stepsize
0.2
-n_steps
10
-learning_rate
0.5
  -4.0367687004905664        2.9822569982011160        2.6722067590541580E-003
  -3.5130826820779646      -0.56337859485478725       0.67370837904152914     
  -3.7393875022833427      -0.72537816318747805        6.2826653430746084E-003
  -6.2589210355657139       -1.1540964014486317       -2.8617097343619436E-002
  -3.4819616139630511      -0.59560870024536516      -0.59638668308362619     
  -1.7412335518726831      -0.33557916634357093       0.13762483483143645     
  -1.4456449289114435       -3.7442959962627670E-002  0.13109292801669453     
  -1.8666924830815892       -2.6305314954043597       -1.0437009964295899E-002
  -1.8710220940863480       -2.6410877272928390      -0.54077003833075588     
  -1.9531322557998061       -2.6697100864685277       0.49886471145645034     
   3.4373606603801283       -2.3179176567003554      -0.18905020333259773     
   2.8215012990184047       -1.7373703102339810      -0.10419213295656396     
  0.70794715640299000       0.77494241267433706      -0.64785355496843300     
  0.40839617331759159       0.93006563109000029      -0.41676413589769662     
   1.0582606103549494       0.91915946131837545       0.62151290811448445     
   1.4891265217766227      -0.19540165456666736      -0.14777468831132592     
   4.2569158891911361        3.2625352852055984        2.5818182537116287E-002
   2.0048799123808552        2.0948339137223702        3.8728553889203335E-002
   1.7584287147889883        2.0492372572686000      -0.62801260920341573     
   1.8724359258861163        2.1398496580814750       0.72866893716445502     
 -0.38535215672002476        4.2424617842442158       -2.0158660564992957E-002
First
                         Total        7.324780963E+00
Step size:       0.20
Step size in Bohr:       0.38
Learning Rate:       1.00
# Steps:         10
                         Error  1        7.275715322E+00
                         Error  2        7.226926601E+00
                         Error  3        7.178418183E+00
                         Error  4        7.130193457E+00
                         Error  5        7.082255820E+00
                         Error  6        7.034608674E+00
                         Error  7        6.987255424E+00
                         Error  8        6.940199473E+00
                         Error  9        6.893444223E+00
                         Error 10        6.846993074E+00
                         Error        6.846993074E+00
/home/unibas/boittier/FDCM/fbuta-trans-f_10/25_26
Distance between Atom configurations = 0.3011860831613532
Distance between Charge configurations = 0.39375363051346407

real	1m48.977s
user	1m48.904s
sys	0m0.027s
-xyz
refined.xyz
-dens
/home/unibas/boittier/RDKit_G2/B.pdb/SCAN_1_2_3_4_S_36_10.0/26_SCAN/B.d.cube
-esp
/home/unibas/boittier/RDKit_G2/B.pdb/SCAN_1_2_3_4_S_36_10.0/26_SCAN/B.p.cube
-stepsize
0.2
-n_steps
10
-learning_rate
0.5
  -3.9574674214365038        3.0381695343039956      -0.57888769084736891     
  -3.5279043008628763      -0.32245404694070534       0.76094399247721156     
  -3.7526191460893887      -0.61013083564617021       0.13578085443938057     
  -6.2781870210505142      -0.99379052227771025       0.14227993961616911     
  -3.4911325367213362      -0.59675014012576111      -0.47939812452743746     
  -1.7642437914803912      -0.12474346699979082       0.21785156886537468     
  -1.4434499071515345       0.13418256654133892       0.19610159118196685     
  -2.0516834188038278       -2.4245560276313478       0.14481918722118747     
  -2.0754449652391043       -2.4394949837729794      -0.38491184695716024     
  -2.0246964910583500       -2.4590069203730645        1.0054622248579013     
   3.2576893484938259       -2.5011923717660394      -0.15816477451278127     
   2.6838018261136241       -1.8645984381888285       -7.8740372337814099E-002
  0.74667385708394196       0.78319109667287989      -0.65577599917967766     
  0.46998657356244533       0.94561935090302618      -0.42324675444032367     
   1.1381748466716719       0.93193469340417112       0.60042553235280705     
   1.4729688111294688      -0.24909010382238742      -0.14191647087319684     
   4.4853585057296375        3.0076482695089557      -0.12743494487808776     
   2.1566572978736813        1.9973471183447848       -3.6535113706265381E-002
   1.8935302816863047        1.9666676685638107      -0.69766434687003309     
   2.0379717061738343        2.0967358959543128       0.65196693806494244     
  -7.0964967756726088E-002   4.3243701835725368      -0.14095309811169821     
First
                         Total        4.927949687E+00
Step size:       0.20
Step size in Bohr:       0.38
Learning Rate:       1.00
# Steps:         10
                         Error  1        4.899942443E+00
                         Error  2        4.872369402E+00
                         Error  3        4.845227452E+00
                         Error  4        4.818513337E+00
                         Error  5        4.792223662E+00
                         Error  6        4.766354897E+00
                         Error  7        4.740903383E+00
                         Error  8        4.715865333E+00
                         Error  9        4.691236842E+00
                         Error 10        4.667013886E+00
                         Error        4.667013886E+00
