node28.cluster
Distance between Atom configurations = 1.8039638937022157e-06
Distance between Charge configurations = 3.479604606467825e-06

real	1m36.121s
user	1m36.091s
sys	0m0.021s
-xyz
global_0_fit.xyz
-dens
/home/unibas/boittier/RDKit_G2/B.pdb/SCAN_1_2_3_4_S_36_10.0/0_SCAN/B.d.cube
-esp
/home/unibas/boittier/RDKit_G2/B.pdb/SCAN_1_2_3_4_S_36_10.0/0_SCAN/B.p.cube
-stepsize
0.2
-n_steps
10
-learning_rate
0.5
  -4.0367687004905664        2.9822569982011160        2.6722067590541580E-003
  -3.5130826820779646      -0.56337859485478725       0.67370837904152914     
  -3.7393875022833427      -0.72537816318747805        6.2826653430746084E-003
  -6.2589210355657139       -1.1540964014486317       -2.8617097343619436E-002
  -3.4819616139630511      -0.59560870024536516      -0.59638668308362619     
  -1.7412335518726831      -0.33557916634357093       0.13762483483143645     
  -1.4456449289114435       -3.7442959962627670E-002  0.13109292801669453     
  -1.8666924830815892       -2.6305314954043597       -1.0437009964295899E-002
  -1.8710220940863480       -2.6410877272928390      -0.54077003833075588     
  -1.9531322557998061       -2.6697100864685277       0.49886471145645034     
   3.4373606603801283       -2.3179176567003554      -0.18905020333259773     
   2.8215012990184047       -1.7373703102339810      -0.10419213295656396     
  0.70794715640299000       0.77494241267433706      -0.64785355496843300     
  0.40839617331759159       0.93006563109000029      -0.41676413589769662     
   1.0582606103549494       0.91915946131837545       0.62151290811448445     
   1.4891265217766227      -0.19540165456666736      -0.14777468831132592     
   4.2569158891911361        3.2625352852055984        2.5818182537116287E-002
   2.0048799123808552        2.0948339137223702        3.8728553889203335E-002
   1.7584287147889883        2.0492372572686000      -0.62801260920341573     
   1.8724359258861163        2.1398496580814750       0.72866893716445502     
 -0.38535215672002476        4.2424617842442158       -2.0158660564992957E-002
First
                         Total        7.324780963E+00
Step size:       0.20
Step size in Bohr:       0.38
Learning Rate:       1.00
# Steps:         10
                         Error  1        7.275715322E+00
                         Error  2        7.226926601E+00
                         Error  3        7.178418183E+00
                         Error  4        7.130193457E+00
                         Error  5        7.082255820E+00
                         Error  6        7.034608674E+00
                         Error  7        6.987255424E+00
                         Error  8        6.940199473E+00
                         Error  9        6.893444223E+00
                         Error 10        6.846993074E+00
                         Error        6.846993074E+00
/home/unibas/boittier/FDCM/fbuta-trans-f_10/19_20
Distance between Atom configurations = 0.3022765187821494
Distance between Charge configurations = 0.4207134281179741

real	1m43.921s
user	1m43.873s
sys	0m0.024s
-xyz
refined.xyz
-dens
/home/unibas/boittier/RDKit_G2/B.pdb/SCAN_1_2_3_4_S_36_10.0/20_SCAN/B.d.cube
-esp
/home/unibas/boittier/RDKit_G2/B.pdb/SCAN_1_2_3_4_S_36_10.0/20_SCAN/B.p.cube
-stepsize
0.2
-n_steps
10
-learning_rate
0.5
  -3.9733260354933098        2.9759955970175582      -0.50506004604129595     
  -3.5290573755139132      -0.45121365153678961       0.68125581873609919     
  -3.7391712422808072      -0.70215879223730182        3.5529603581845988E-002
  -6.2695120663697779       -1.0878738777896253        3.1102119037765968E-002
  -3.4682889367559659      -0.64586608541679003      -0.57311920629658786     
  -1.7434058286412009      -0.30002395512672464       0.27640920297603300     
  -1.4390823163543240       -2.1515392746893403E-002  0.26076793870917359     
  -1.8791819536203023       -2.6148928518196324       0.31138430046811710     
  -1.8782231903852871       -2.6830015052021983      -0.21469843463989965     
  -1.9845663471949702       -2.5775311399034546       0.81779958529647157     
   3.3989210860587216       -2.3448228420109696      -0.31861047790613917     
   2.7893319133656465       -1.7496273781863967      -0.19593056655196417     
  0.68129358503488557       0.79714586985496450      -0.60123790082108564     
  0.40079793964938187       0.93070944513992970      -0.35528749002517018     
   1.0926103494742221       0.90924129558409006       0.65243394821400136     
   1.4811237062950344      -0.21162212681426962      -0.15422631481886825     
   4.2823855644454731        3.2304593135099493       -4.3860433447002391E-002
   2.0254339810702593        2.0696903874541430        5.6201043011133267E-002
   1.7385080886545441        2.0685757428280698      -0.59567410458927184     
   1.9284571554077183        2.1129213648851710       0.75385858934729755     
 -0.34806633872639425        4.2445605814915695       0.19953053854797892     
First
                         Total        9.341594747E-01
Step size:       0.20
Step size in Bohr:       0.38
Learning Rate:       1.00
# Steps:         10
                         Error  1        9.208683542E-01
                         Error  2        9.081699189E-01
                         Error  3        8.960424692E-01
                         Error  4        8.844645152E-01
                         Error  5        8.734148258E-01
                         Error  6        8.628724741E-01
                         Error  7        8.528168782E-01
                         Error  8        8.432278401E-01
                         Error  9        8.340855791E-01
                         Error 10        8.253707628E-01
                         Error        8.253707628E-01
