node28.cluster
Distance between Atom configurations = 1.8039638937022157e-06
Distance between Charge configurations = 3.479604606467825e-06

real	15m55.366s
user	15m55.233s
sys	0m0.018s
-xyz
global_0_fit.xyz
-dens
/home/unibas/boittier/RDKit_G2/B.pdb/SCAN_1_2_3_4_S_36_10.0/0_SCAN/B.d.cube
-esp
/home/unibas/boittier/RDKit_G2/B.pdb/SCAN_1_2_3_4_S_36_10.0/0_SCAN/B.p.cube
-stepsize
0.2
-n_steps
100
-learning_rate
0.5
  -4.0367687004905664        2.9822569982011160        2.6722067590541580E-003
  -3.5130826820779646      -0.56337859485478725       0.67370837904152914     
  -3.7393875022833427      -0.72537816318747805        6.2826653430746084E-003
  -6.2589210355657139       -1.1540964014486317       -2.8617097343619436E-002
  -3.4819616139630511      -0.59560870024536516      -0.59638668308362619     
  -1.7412335518726831      -0.33557916634357093       0.13762483483143645     
  -1.4456449289114435       -3.7442959962627670E-002  0.13109292801669453     
  -1.8666924830815892       -2.6305314954043597       -1.0437009964295899E-002
  -1.8710220940863480       -2.6410877272928390      -0.54077003833075588     
  -1.9531322557998061       -2.6697100864685277       0.49886471145645034     
   3.4373606603801283       -2.3179176567003554      -0.18905020333259773     
   2.8215012990184047       -1.7373703102339810      -0.10419213295656396     
  0.70794715640299000       0.77494241267433706      -0.64785355496843300     
  0.40839617331759159       0.93006563109000029      -0.41676413589769662     
   1.0582606103549494       0.91915946131837545       0.62151290811448445     
   1.4891265217766227      -0.19540165456666736      -0.14777468831132592     
   4.2569158891911361        3.2625352852055984        2.5818182537116287E-002
   2.0048799123808552        2.0948339137223702        3.8728553889203335E-002
   1.7584287147889883        2.0492372572686000      -0.62801260920341573     
   1.8724359258861163        2.1398496580814750       0.72866893716445502     
 -0.38535215672002476        4.2424617842442158       -2.0158660564992957E-002
First
                         Total        7.324780963E+00
Step size:       0.20
Step size in Bohr:       0.38
Learning Rate:       1.00
# Steps:        100
                         Error  1        7.275715322E+00
                         Error  2        7.226926601E+00
                         Error  3        7.178418183E+00
                         Error  4        7.130193457E+00
                         Error  5        7.082255820E+00
                         Error  6        7.034608674E+00
                         Error  7        6.987255424E+00
                         Error  8        6.940199473E+00
                         Error  9        6.893444223E+00
                         Error 10        6.846993074E+00
                         Error 11        6.800849414E+00
                         Error 12        6.755016626E+00
                         Error 13        6.709498078E+00
                         Error 14        6.664297123E+00
                         Error 15        6.619417098E+00
                         Error 16        6.574861316E+00
                         Error 17        6.530633069E+00
                         Error 18        6.486735618E+00
                         Error 19        6.443172198E+00
                         Error 20        6.399946006E+00
                         Error 21        6.357060204E+00
                         Error 22        6.314517912E+00
                         Error 23        6.272322207E+00
                         Error 24        6.230476118E+00
                         Error 25        6.188982621E+00
                         Error 26        6.147844637E+00
                         Error 27        6.107065030E+00
                         Error 28        6.066646598E+00
                         Error 29        6.026592075E+00
                         Error 30        5.986904123E+00
                         Error 31        5.947585330E+00
                         Error 32        5.908638206E+00
                         Error 33        5.870065177E+00
                         Error 34        5.831868586E+00
                         Error 35        5.794050684E+00
                         Error 36        5.756613629E+00
                         Error 37        5.719559482E+00
                         Error 38        5.682890201E+00
                         Error 39        5.646607643E+00
                         Error 40        5.610713553E+00
                         Error 41        5.575209566E+00
                         Error 42        5.540097202E+00
                         Error 43        5.505377863E+00
                         Error 44        5.471052828E+00
                         Error 45        5.437123254E+00
                         Error 46        5.403590169E+00
                         Error 47        5.370454472E+00
                         Error 48        5.337716929E+00
                         Error 49        5.305378171E+00
                         Error 50        5.273438694E+00
                         Error 51        5.241898853E+00
                         Error 52        5.210758863E+00
                         Error 53        5.180018799E+00
                         Error 54        5.149678589E+00
                         Error 55        5.119738021E+00
                         Error 56        5.090196733E+00
                         Error 57        5.061054222E+00
                         Error 58        5.032309834E+00
                         Error 59        5.003962773E+00
                         Error 60        4.976012093E+00
                         Error 61        4.948456706E+00
                         Error 62        4.921295376E+00
                         Error 63        4.894526724E+00
                         Error 64        4.868149227E+00
                         Error 65        4.842161222E+00
                         Error 66        4.816560904E+00
                         Error 67        4.791346331E+00
                         Error 68        4.766515425E+00
                         Error 69        4.742065972E+00
                         Error 70        4.717995631E+00
                         Error 71        4.694301927E+00
                         Error 72        4.670982265E+00
                         Error 73        4.648033924E+00
                         Error 74        4.625454066E+00
                         Error 75        4.603239734E+00
                         Error 76        4.581387865E+00
                         Error 77        4.559895282E+00
                         Error 78        4.538758708E+00
                         Error 79        4.517974765E+00
                         Error 80        4.497539978E+00
                         Error 81        4.477450782E+00
                         Error 82        4.457703526E+00
                         Error 83        4.438294473E+00
                         Error 84        4.419219812E+00
                         Error 85        4.400475655E+00
                         Error 86        4.382058049E+00
                         Error 87        4.363962974E+00
                         Error 88        4.346186352E+00
                         Error 89        4.328724050E+00
                         Error 90        4.311571885E+00
                         Error 91        4.294725629E+00
                         Error 92        4.278181012E+00
                         Error 93        4.261933730E+00
                         Error 94        4.245979444E+00
                         Error 95        4.230313792E+00
                         Error 96        4.214932386E+00
                         Error 97        4.199830821E+00
                         Error 98        4.185004677E+00
                         Error 99        4.170449524E+00
                         Error100        4.156160927E+00
                         Error        4.156160927E+00
/home/unibas/boittier/FDCM/fbuta-trans-f_100/29_30
Distance between Atom configurations = 0.45652616899712234
Distance between Charge configurations = 0.7355827351039591

real	17m50.168s
user	17m50.032s
sys	0m0.029s
-xyz
refined.xyz
-dens
/home/unibas/boittier/RDKit_G2/B.pdb/SCAN_1_2_3_4_S_36_10.0/30_SCAN/B.d.cube
-esp
/home/unibas/boittier/RDKit_G2/B.pdb/SCAN_1_2_3_4_S_36_10.0/30_SCAN/B.p.cube
-stepsize
0.2
-n_steps
100
-learning_rate
0.5
  -3.7901801914446365        3.2115076271378094       0.24537413217072224     
  -3.5511328138636942      -0.36396192346619671       0.67818631887625369     
  -3.7808418938519068      -0.52573782289930948        5.7821093135735887E-003
  -6.3350068235896684      -0.71889239779169967       -2.3574220681295159E-002
  -3.5299821812353440      -0.34647925959584031      -0.59167400409849658     
  -1.7923108019395844      -0.21582782127319722       0.20853676830896642     
  -1.4377194174442263       -5.8512136506095880E-002  0.18562784281298741     
  -2.0418088198646265       -2.5995079428574117       -9.8144324626131957E-002
  -2.1038748302625607       -2.5159677972589320      -0.62684080869983994     
  -2.1833029857050956       -2.5788445276602521       0.41291159917043579     
   3.2541963044926319       -2.2982215218288595      -0.85064847499538176     
   2.5834338869957523       -1.9906896429503189      -0.31210577385728688     
  0.69185530029910991       0.72650365443669962      -0.69379392153262986     
  0.45934198365441181       0.73911970274664263      -0.45456600134401892     
   1.1309266753505824       0.75759864464221993       0.54733394584744632     
   1.4590505142793802      -0.49684060414049780      -0.26354313463222839     
   4.5166743530167919        2.8539852463554078        1.0843122880593361     
   2.1861566946402249        1.8318725788357935       0.76419969830373646     
   1.8737282240212314        2.1610552491021919       0.12438130960933318     
   2.0575664519456325        1.9288548639797565       0.62139598191445411     
  -4.9241596932476608E-002   4.1612318901194794        3.3186348672181759E-002
First
                         Total        6.684688834E+00
Step size:       0.20
Step size in Bohr:       0.38
Learning Rate:       1.00
# Steps:        100
                         Error  1        6.658098206E+00
                         Error  2        6.631835502E+00
                         Error  3        6.605898811E+00
                         Error  4        6.580286160E+00
                         Error  5        6.554995522E+00
                         Error  6        6.530024808E+00
                         Error  7        6.505371877E+00
                         Error  8        6.481034533E+00
                         Error  9        6.457010526E+00
                         Error 10        6.433297557E+00
                         Error 11        6.409893277E+00
                         Error 12        6.386795289E+00
                         Error 13        6.364001149E+00
                         Error 14        6.341508370E+00
                         Error 15        6.319314422E+00
                         Error 16        6.297416733E+00
                         Error 17        6.275812695E+00
                         Error 18        6.254499657E+00
                         Error 19        6.233474938E+00
                         Error 20        6.212735821E+00
                         Error 21        6.192279556E+00
                         Error 22        6.172103364E+00
                         Error 23        6.152204438E+00
                         Error 24        6.132579945E+00
                         Error 25        6.113227025E+00
                         Error 26        6.094142797E+00
                         Error 27        6.075324361E+00
                         Error 28        6.056768794E+00
                         Error 29        6.038473157E+00
                         Error 30        6.020434499E+00
                         Error 31        6.002649849E+00
                         Error 32        5.985116230E+00
                         Error 33        5.967830651E+00
                         Error 34        5.950790113E+00
                         Error 35        5.933991613E+00
                         Error 36        5.917432138E+00
                         Error 37        5.901108677E+00
                         Error 38        5.885018212E+00
                         Error 39        5.869157728E+00
                         Error 40        5.853524210E+00
                         Error 41        5.838114645E+00
                         Error 42        5.822926027E+00
                         Error 43        5.807955351E+00
                         Error 44        5.793199624E+00
                         Error 45        5.778655858E+00
                         Error 46        5.764321074E+00
                         Error 47        5.750192309E+00
                         Error 48        5.736266605E+00
                         Error 49        5.722541024E+00
                         Error 50        5.709012638E+00
                         Error 51        5.695678537E+00
                         Error 52        5.682535826E+00
                         Error 53        5.669581630E+00
                         Error 54        5.656813090E+00
                         Error 55        5.644227369E+00
                         Error 56        5.631821650E+00
                         Error 57        5.619593135E+00
                         Error 58        5.607539051E+00
                         Error 59        5.595656648E+00
                         Error 60        5.583943198E+00
                         Error 61        5.572395998E+00
                         Error 62        5.561012370E+00
                         Error 63        5.549789663E+00
                         Error 64        5.538725250E+00
                         Error 65        5.527816533E+00
                         Error 66        5.517060938E+00
                         Error 67        5.506455923E+00
                         Error 68        5.495998971E+00
                         Error 69        5.485687594E+00
                         Error 70        5.475519334E+00
                         Error 71        5.465491762E+00
                         Error 72        5.455602476E+00
                         Error 73        5.445849107E+00
                         Error 74        5.436229314E+00
                         Error 75        5.426740787E+00
                         Error 76        5.417381246E+00
                         Error 77        5.408148442E+00
                         Error 78        5.399040154E+00
                         Error 79        5.390054196E+00
                         Error 80        5.381188408E+00
                         Error 81        5.372440664E+00
                         Error 82        5.363808868E+00
                         Error 83        5.355290953E+00
                         Error 84        5.346884886E+00
                         Error 85        5.338588660E+00
                         Error 86        5.330400303E+00
                         Error 87        5.322317870E+00
                         Error 88        5.314339448E+00
                         Error 89        5.306463155E+00
                         Error 90        5.298687137E+00
                         Error 91        5.291009572E+00
                         Error 92        5.283428664E+00
                         Error 93        5.275942651E+00
                         Error 94        5.268549798E+00
                         Error 95        5.261248398E+00
                         Error 96        5.254036775E+00
                         Error 97        5.246913281E+00
                         Error 98        5.239876295E+00
                         Error 99        5.232924226E+00
                         Error100        5.226055509E+00
                         Error        5.226055509E+00
