node45.cluster
/home/unibas/boittier/FDCM/fbuta-trans-f_0/14_15
Distance between Atom configurations = 0.25756013236760555
Distance between Charge configurations = 0.38963106310535656

real	0m0.913s
user	0m0.878s
sys	0m0.024s
-xyz
refined.xyz
-dens
/home/unibas/boittier/RDKit_G2/B.pdb/SCAN_1_2_3_4_S_36_10.0/15_SCAN/B.d.cube
-esp
/home/unibas/boittier/RDKit_G2/B.pdb/SCAN_1_2_3_4_S_36_10.0/15_SCAN/B.p.cube
-stepsize
0.2
-n_steps
0
-learning_rate
0.5
  -3.9593466055720237        3.0651093445082416        4.7359833169762756E-002
  -3.5026487836880529      -0.48887693577873437       0.77090446800404278     
  -3.7609715472236895      -0.64438792915164933       0.11363702177416955     
  -6.2906497875614455       -1.0033019396236265       0.18417268676910650     
  -3.5254094938518796      -0.52162676413334175      -0.49935462612769571     
  -1.7494263076343337      -0.31036571498369075       0.16115938222994131     
  -1.4462443855816169       -2.0510785718951072E-002  0.14204552580765165     
  -1.9439438804163454       -2.6005641777993063        2.0576052372558419E-002
  -1.9706702020110662       -2.6108597440536170      -0.50910593296297735     
  -2.0101240292035545       -2.6374704429185902       0.53307303309433185     
   3.3461605833381727       -2.4461637100088480      -0.38103199374838903     
   2.7523216239735708       -1.8472322795032865      -0.27078092360713585     
  0.69461783003000721       0.73224739599648014      -0.72671829744083927     
  0.40936126551242663       0.89553025360922023      -0.48348235278019114     
   1.1025494820462314       0.86110955480115681       0.52668528145439664     
   1.4667747559494124      -0.26545210368379279      -0.25937712075329894     
   4.3259304122671205        3.1663947975693016       0.49233000967083673     
   2.0518908183138151        2.0564115916402983       0.31333163205708386     
   1.8197724678066944        2.1000875670458310      -0.35866130463686352     
   1.9047459631186276        2.0176453201229969        1.0006678867789325     
 -0.28355920050386363        4.2332348383097838      -0.11482271629575956     
First
                         Total        7.997180953E+00
Step size:       0.20
Step size in Bohr:       0.38
Learning Rate:       1.00
# Steps:          0
                         Error        7.997180953E+00
