node37.cluster
Distance between Atom configurations = 1.8039638937022157e-06
Distance between Charge configurations = 3.479604606467825e-06

real	16m4.257s
user	16m3.878s
sys	0m0.034s
-xyz
global_0_fit.xyz
-dens
/home/unibas/boittier/RDKit_G2/B.pdb/SCAN_1_2_3_4_S_36_10.0/0_SCAN/B.d.cube
-esp
/home/unibas/boittier/RDKit_G2/B.pdb/SCAN_1_2_3_4_S_36_10.0/0_SCAN/B.p.cube
-stepsize
0.2
-n_steps
100
-learning_rate
0.5
  -4.0367687004905664        2.9822569982011160        2.6722067590541580E-003
  -3.5130826820779646      -0.56337859485478725       0.67370837904152914     
  -3.7393875022833427      -0.72537816318747805        6.2826653430746084E-003
  -6.2589210355657139       -1.1540964014486317       -2.8617097343619436E-002
  -3.4819616139630511      -0.59560870024536516      -0.59638668308362619     
  -1.7412335518726831      -0.33557916634357093       0.13762483483143645     
  -1.4456449289114435       -3.7442959962627670E-002  0.13109292801669453     
  -1.8666924830815892       -2.6305314954043597       -1.0437009964295899E-002
  -1.8710220940863480       -2.6410877272928390      -0.54077003833075588     
  -1.9531322557998061       -2.6697100864685277       0.49886471145645034     
   3.4373606603801283       -2.3179176567003554      -0.18905020333259773     
   2.8215012990184047       -1.7373703102339810      -0.10419213295656396     
  0.70794715640299000       0.77494241267433706      -0.64785355496843300     
  0.40839617331759159       0.93006563109000029      -0.41676413589769662     
   1.0582606103549494       0.91915946131837545       0.62151290811448445     
   1.4891265217766227      -0.19540165456666736      -0.14777468831132592     
   4.2569158891911361        3.2625352852055984        2.5818182537116287E-002
   2.0048799123808552        2.0948339137223702        3.8728553889203335E-002
   1.7584287147889883        2.0492372572686000      -0.62801260920341573     
   1.8724359258861163        2.1398496580814750       0.72866893716445502     
 -0.38535215672002476        4.2424617842442158       -2.0158660564992957E-002
First
                         Total        7.324780963E+00
Step size:       0.20
Step size in Bohr:       0.38
Learning Rate:       1.00
# Steps:        100
                         Error  1        7.275715322E+00
                         Error  2        7.226926601E+00
                         Error  3        7.178418183E+00
                         Error  4        7.130193457E+00
                         Error  5        7.082255820E+00
                         Error  6        7.034608674E+00
                         Error  7        6.987255424E+00
                         Error  8        6.940199473E+00
                         Error  9        6.893444223E+00
                         Error 10        6.846993074E+00
                         Error 11        6.800849414E+00
                         Error 12        6.755016626E+00
                         Error 13        6.709498078E+00
                         Error 14        6.664297123E+00
                         Error 15        6.619417098E+00
                         Error 16        6.574861316E+00
                         Error 17        6.530633069E+00
                         Error 18        6.486735618E+00
                         Error 19        6.443172198E+00
                         Error 20        6.399946006E+00
                         Error 21        6.357060204E+00
                         Error 22        6.314517912E+00
                         Error 23        6.272322207E+00
                         Error 24        6.230476118E+00
                         Error 25        6.188982621E+00
                         Error 26        6.147844637E+00
                         Error 27        6.107065030E+00
                         Error 28        6.066646598E+00
                         Error 29        6.026592075E+00
                         Error 30        5.986904123E+00
                         Error 31        5.947585330E+00
                         Error 32        5.908638206E+00
                         Error 33        5.870065177E+00
                         Error 34        5.831868586E+00
                         Error 35        5.794050684E+00
                         Error 36        5.756613629E+00
                         Error 37        5.719559482E+00
                         Error 38        5.682890201E+00
                         Error 39        5.646607643E+00
                         Error 40        5.610713553E+00
                         Error 41        5.575209566E+00
                         Error 42        5.540097202E+00
                         Error 43        5.505377863E+00
                         Error 44        5.471052828E+00
                         Error 45        5.437123254E+00
                         Error 46        5.403590169E+00
                         Error 47        5.370454472E+00
                         Error 48        5.337716929E+00
                         Error 49        5.305378171E+00
                         Error 50        5.273438694E+00
                         Error 51        5.241898853E+00
                         Error 52        5.210758863E+00
                         Error 53        5.180018799E+00
                         Error 54        5.149678589E+00
                         Error 55        5.119738021E+00
                         Error 56        5.090196733E+00
                         Error 57        5.061054222E+00
                         Error 58        5.032309834E+00
                         Error 59        5.003962773E+00
                         Error 60        4.976012093E+00
                         Error 61        4.948456706E+00
                         Error 62        4.921295376E+00
                         Error 63        4.894526724E+00
                         Error 64        4.868149227E+00
                         Error 65        4.842161222E+00
                         Error 66        4.816560904E+00
                         Error 67        4.791346331E+00
                         Error 68        4.766515425E+00
                         Error 69        4.742065972E+00
                         Error 70        4.717995631E+00
                         Error 71        4.694301927E+00
                         Error 72        4.670982265E+00
                         Error 73        4.648033924E+00
                         Error 74        4.625454066E+00
                         Error 75        4.603239734E+00
                         Error 76        4.581387865E+00
                         Error 77        4.559895282E+00
                         Error 78        4.538758708E+00
                         Error 79        4.517974765E+00
                         Error 80        4.497539978E+00
                         Error 81        4.477450782E+00
                         Error 82        4.457703526E+00
                         Error 83        4.438294473E+00
                         Error 84        4.419219812E+00
                         Error 85        4.400475655E+00
                         Error 86        4.382058049E+00
                         Error 87        4.363962974E+00
                         Error 88        4.346186352E+00
                         Error 89        4.328724050E+00
                         Error 90        4.311571885E+00
                         Error 91        4.294725629E+00
                         Error 92        4.278181012E+00
                         Error 93        4.261933730E+00
                         Error 94        4.245979444E+00
                         Error 95        4.230313792E+00
                         Error 96        4.214932386E+00
                         Error 97        4.199830821E+00
                         Error 98        4.185004677E+00
                         Error 99        4.170449524E+00
                         Error100        4.156160927E+00
                         Error        4.156160927E+00
/home/unibas/boittier/FDCM/fbuta-trans-f_100/3_4
Distance between Atom configurations = 0.2820900669802546
Distance between Charge configurations = 0.4255763886936862

real	17m20.416s
user	17m20.191s
sys	0m0.048s
-xyz
refined.xyz
-dens
/home/unibas/boittier/RDKit_G2/B.pdb/SCAN_1_2_3_4_S_36_10.0/4_SCAN/B.d.cube
-esp
/home/unibas/boittier/RDKit_G2/B.pdb/SCAN_1_2_3_4_S_36_10.0/4_SCAN/B.p.cube
-stepsize
0.2
-n_steps
100
-learning_rate
0.5
  -4.1178852505653065        2.8872731972561509        5.8227662635546733E-002
  -3.4611709793351442      -0.61685149732119615       0.76303697907421386     
  -3.6958312708102961      -0.83401606977201781       0.10797333314826948     
  -6.2116790570959903       -1.3098208535710552       0.19188038199417326     
  -3.4884852620192399      -0.65604826230660096      -0.50631741847470324     
  -1.7522882371533914      -0.30168015105044171       0.12632341400888999     
  -1.4168296158931750      -0.10635569484426774       0.10832442155335212     
  -1.7380207630329834       -2.7039300627038494        2.0413537216967131E-002
  -1.8290376878361492       -2.6535512332358318      -0.50857821650182322     
  -1.8624262675051608       -2.6753791490591818       0.53551920475435799     
   3.4969362324389057       -2.2472335574144875      -0.36492898251995559     
   2.8340835524604757       -1.5612403579842680      -0.26440111291327539     
  0.63303043820121951       0.89652116251354708      -0.73845339918249620     
  0.39496361354662513       0.88693499928643593      -0.50460751539724236     
   1.0404950083927524        1.0037485044713088       0.51234877498575349     
   1.5391204454825143      -0.21170807173254322      -0.26819709141049186     
   4.1734225899817643        3.2806524810800592       0.54795834177111824     
   1.9667446633598162        1.9895442120630307       0.34274894368124886     
   1.7125238878723712        2.1944159867422215      -0.30439847777750145     
   1.7923635792806814        2.1114588670160486        1.0428689058116432     
 -0.50097375416906120        4.2429139391977495       -8.9457154110901924E-002
First
                         Total        5.196117517E+00
Step size:       0.20
Step size in Bohr:       0.38
Learning Rate:       1.00
# Steps:        100
                         Error  1        5.173511845E+00
                         Error  2        5.151251669E+00
                         Error  3        5.129334803E+00
                         Error  4        5.107758972E+00
                         Error  5        5.086521807E+00
                         Error  6        5.065620854E+00
                         Error  7        5.045053571E+00
                         Error  8        5.024817334E+00
                         Error  9        5.004909438E+00
                         Error 10        4.985327101E+00
                         Error 11        4.966067463E+00
                         Error 12        4.947127596E+00
                         Error 13        4.928504499E+00
                         Error 14        4.910195105E+00
                         Error 15        4.892196287E+00
                         Error 16        4.874504853E+00
                         Error 17        4.857117557E+00
                         Error 18        4.840031098E+00
                         Error 19        4.823242124E+00
                         Error 20        4.806747235E+00
                         Error 21        4.790542988E+00
                         Error 22        4.774625897E+00
                         Error 23        4.758992438E+00
                         Error 24        4.743639055E+00
                         Error 25        4.728562158E+00
                         Error 26        4.713758127E+00
                         Error 27        4.699223320E+00
                         Error 28        4.684954072E+00
                         Error 29        4.670946696E+00
                         Error 30        4.657197492E+00
                         Error 31        4.643702746E+00
                         Error 32        4.630458734E+00
                         Error 33        4.617461723E+00
                         Error 34        4.604707977E+00
                         Error 35        4.592193757E+00
                         Error 36        4.579915326E+00
                         Error 37        4.567868950E+00
                         Error 38        4.556050901E+00
                         Error 39        4.544457458E+00
                         Error 40        4.533084912E+00
                         Error 41        4.521929567E+00
                         Error 42        4.510987741E+00
                         Error 43        4.500255771E+00
                         Error 44        4.489730012E+00
                         Error 45        4.479406841E+00
                         Error 46        4.469282658E+00
                         Error 47        4.459353888E+00
                         Error 48        4.449616980E+00
                         Error 49        4.440068417E+00
                         Error 50        4.430704705E+00
                         Error 51        4.421522386E+00
                         Error 52        4.412518033E+00
                         Error 53        4.403688252E+00
                         Error 54        4.395029684E+00
                         Error 55        4.386539008E+00
                         Error 56        4.378212937E+00
                         Error 57        4.370048224E+00
                         Error 58        4.362041661E+00
                         Error 59        4.354190079E+00
                         Error 60        4.346490350E+00
                         Error 61        4.338939386E+00
                         Error 62        4.331534142E+00
                         Error 63        4.324271613E+00
                         Error 64        4.317148840E+00
                         Error 65        4.310162905E+00
                         Error 66        4.303310933E+00
                         Error 67        4.296590093E+00
                         Error 68        4.289997599E+00
                         Error 69        4.283530708E+00
                         Error 70        4.277186722E+00
                         Error 71        4.270962985E+00
                         Error 72        4.264856889E+00
                         Error 73        4.258865867E+00
                         Error 74        4.252987399E+00
                         Error 75        4.247219006E+00
                         Error 76        4.241558255E+00
                         Error 77        4.236002758E+00
                         Error 78        4.230550167E+00
                         Error 79        4.225198180E+00
                         Error 80        4.219944538E+00
                         Error 81        4.214787024E+00
                         Error 82        4.209723464E+00
                         Error 83        4.204751726E+00
                         Error 84        4.199869719E+00
                         Error 85        4.195075394E+00
                         Error 86        4.190366744E+00
                         Error 87        4.185741800E+00
                         Error 88        4.181198636E+00
                         Error 89        4.176735363E+00
                         Error 90        4.172350132E+00
                         Error 91        4.168041134E+00
                         Error 92        4.163806596E+00
                         Error 93        4.159644784E+00
                         Error 94        4.155554000E+00
                         Error 95        4.151532584E+00
                         Error 96        4.147578911E+00
                         Error 97        4.143691391E+00
                         Error 98        4.139868470E+00
                         Error 99        4.136108629E+00
                         Error100        4.132410380E+00
                         Error        4.132410380E+00
