node32.cluster
Distance between Atom configurations = 1.8039638937022157e-06
Distance between Charge configurations = 3.479604606467825e-06

real	15m53.474s
user	15m53.420s
sys	0m0.020s
-xyz
global_0_fit.xyz
-dens
/home/unibas/boittier/RDKit_G2/B.pdb/SCAN_1_2_3_4_S_36_10.0/0_SCAN/B.d.cube
-esp
/home/unibas/boittier/RDKit_G2/B.pdb/SCAN_1_2_3_4_S_36_10.0/0_SCAN/B.p.cube
-stepsize
0.2
-n_steps
100
-learning_rate
0.5
  -4.0367687004905664        2.9822569982011160        2.6722067590541580E-003
  -3.5130826820779646      -0.56337859485478725       0.67370837904152914     
  -3.7393875022833427      -0.72537816318747805        6.2826653430746084E-003
  -6.2589210355657139       -1.1540964014486317       -2.8617097343619436E-002
  -3.4819616139630511      -0.59560870024536516      -0.59638668308362619     
  -1.7412335518726831      -0.33557916634357093       0.13762483483143645     
  -1.4456449289114435       -3.7442959962627670E-002  0.13109292801669453     
  -1.8666924830815892       -2.6305314954043597       -1.0437009964295899E-002
  -1.8710220940863480       -2.6410877272928390      -0.54077003833075588     
  -1.9531322557998061       -2.6697100864685277       0.49886471145645034     
   3.4373606603801283       -2.3179176567003554      -0.18905020333259773     
   2.8215012990184047       -1.7373703102339810      -0.10419213295656396     
  0.70794715640299000       0.77494241267433706      -0.64785355496843300     
  0.40839617331759159       0.93006563109000029      -0.41676413589769662     
   1.0582606103549494       0.91915946131837545       0.62151290811448445     
   1.4891265217766227      -0.19540165456666736      -0.14777468831132592     
   4.2569158891911361        3.2625352852055984        2.5818182537116287E-002
   2.0048799123808552        2.0948339137223702        3.8728553889203335E-002
   1.7584287147889883        2.0492372572686000      -0.62801260920341573     
   1.8724359258861163        2.1398496580814750       0.72866893716445502     
 -0.38535215672002476        4.2424617842442158       -2.0158660564992957E-002
First
                         Total        7.324780963E+00
Step size:       0.20
Step size in Bohr:       0.38
Learning Rate:       1.00
# Steps:        100
                         Error  1        7.275715322E+00
                         Error  2        7.226926601E+00
                         Error  3        7.178418183E+00
                         Error  4        7.130193457E+00
                         Error  5        7.082255820E+00
                         Error  6        7.034608674E+00
                         Error  7        6.987255424E+00
                         Error  8        6.940199473E+00
                         Error  9        6.893444223E+00
                         Error 10        6.846993074E+00
                         Error 11        6.800849414E+00
                         Error 12        6.755016626E+00
                         Error 13        6.709498078E+00
                         Error 14        6.664297123E+00
                         Error 15        6.619417098E+00
                         Error 16        6.574861316E+00
                         Error 17        6.530633069E+00
                         Error 18        6.486735618E+00
                         Error 19        6.443172198E+00
                         Error 20        6.399946006E+00
                         Error 21        6.357060204E+00
                         Error 22        6.314517912E+00
                         Error 23        6.272322207E+00
                         Error 24        6.230476118E+00
                         Error 25        6.188982621E+00
                         Error 26        6.147844637E+00
                         Error 27        6.107065030E+00
                         Error 28        6.066646598E+00
                         Error 29        6.026592075E+00
                         Error 30        5.986904123E+00
                         Error 31        5.947585330E+00
                         Error 32        5.908638206E+00
                         Error 33        5.870065177E+00
                         Error 34        5.831868586E+00
                         Error 35        5.794050684E+00
                         Error 36        5.756613629E+00
                         Error 37        5.719559482E+00
                         Error 38        5.682890201E+00
                         Error 39        5.646607643E+00
                         Error 40        5.610713553E+00
                         Error 41        5.575209566E+00
                         Error 42        5.540097202E+00
                         Error 43        5.505377863E+00
                         Error 44        5.471052828E+00
                         Error 45        5.437123254E+00
                         Error 46        5.403590169E+00
                         Error 47        5.370454472E+00
                         Error 48        5.337716929E+00
                         Error 49        5.305378171E+00
                         Error 50        5.273438694E+00
                         Error 51        5.241898853E+00
                         Error 52        5.210758863E+00
                         Error 53        5.180018799E+00
                         Error 54        5.149678589E+00
                         Error 55        5.119738021E+00
                         Error 56        5.090196733E+00
                         Error 57        5.061054222E+00
                         Error 58        5.032309834E+00
                         Error 59        5.003962773E+00
                         Error 60        4.976012093E+00
                         Error 61        4.948456706E+00
                         Error 62        4.921295376E+00
                         Error 63        4.894526724E+00
                         Error 64        4.868149227E+00
                         Error 65        4.842161222E+00
                         Error 66        4.816560904E+00
                         Error 67        4.791346331E+00
                         Error 68        4.766515425E+00
                         Error 69        4.742065972E+00
                         Error 70        4.717995631E+00
                         Error 71        4.694301927E+00
                         Error 72        4.670982265E+00
                         Error 73        4.648033924E+00
                         Error 74        4.625454066E+00
                         Error 75        4.603239734E+00
                         Error 76        4.581387865E+00
                         Error 77        4.559895282E+00
                         Error 78        4.538758708E+00
                         Error 79        4.517974765E+00
                         Error 80        4.497539978E+00
                         Error 81        4.477450782E+00
                         Error 82        4.457703526E+00
                         Error 83        4.438294473E+00
                         Error 84        4.419219812E+00
                         Error 85        4.400475655E+00
                         Error 86        4.382058049E+00
                         Error 87        4.363962974E+00
                         Error 88        4.346186352E+00
                         Error 89        4.328724050E+00
                         Error 90        4.311571885E+00
                         Error 91        4.294725629E+00
                         Error 92        4.278181012E+00
                         Error 93        4.261933730E+00
                         Error 94        4.245979444E+00
                         Error 95        4.230313792E+00
                         Error 96        4.214932386E+00
                         Error 97        4.199830821E+00
                         Error 98        4.185004677E+00
                         Error 99        4.170449524E+00
                         Error100        4.156160927E+00
                         Error        4.156160927E+00
/home/unibas/boittier/FDCM/fbuta-trans-f_100/23_24
Distance between Atom configurations = 0.25932380812267536
Distance between Charge configurations = 0.34661662117479863

real	17m43.419s
user	17m43.320s
sys	0m0.016s
-xyz
refined.xyz
-dens
/home/unibas/boittier/RDKit_G2/B.pdb/SCAN_1_2_3_4_S_36_10.0/24_SCAN/B.d.cube
-esp
/home/unibas/boittier/RDKit_G2/B.pdb/SCAN_1_2_3_4_S_36_10.0/24_SCAN/B.p.cube
-stepsize
0.2
-n_steps
100
-learning_rate
0.5
  -3.9786198308418586        3.0316132405511049      -0.43689581414732015     
  -3.5376016170936393      -0.37716473907617665       0.71175747655611921     
  -3.7383448286148306      -0.66787985919802473        7.4167352654062088E-002
  -6.2774740472922961       -1.0303503964801144        5.0037282079829208E-002
  -3.4842672514202118      -0.57672738405795332      -0.54158734398080421     
  -1.7789156028980431      -0.13496654366067526       0.24275651506900389     
  -1.4290881280694017        3.2939137732501705E-002  0.22186360932646379     
  -1.8613884749453031       -2.5992909775927289       0.35704926873674847     
  -2.0461960509293573       -2.4787792403573610      -0.39781368339128614     
  -2.0175232383771320       -2.5011437007705575       0.85465833280465953     
   3.3125650202127490       -2.4662595047322453      -0.23856018015468897     
   2.6821351767219559       -1.7674734701531640      -0.14093690679488968     
  0.69624198378895075       0.86166497002506637      -0.64144362883669515     
  0.45881687938626381       0.87377833041242070      -0.40706318769592109     
   1.1144157466746987       0.95060734776372047       0.60725614100587455     
   1.5035005655427349      -0.31455746709239157      -0.15875672911034563     
   4.4145668436089727        3.0696205766316664       -5.1059656863662990E-002
   2.1194745064840479        1.9260441853635790        2.1105530720431052E-002
   1.8427405037320819        2.0646555542197880      -0.63433753469031151     
   1.9936797333486620        2.1484758768961623       0.70677288782893666     
 -0.16072010341691836        4.2881242439167382       -9.4694056258781396E-004
First
                         Total        5.751425393E+00
Step size:       0.20
Step size in Bohr:       0.38
Learning Rate:       1.00
# Steps:        100
                         Error  1        5.694539499E+00
                         Error  2        5.638003186E+00
                         Error  3        5.581824054E+00
                         Error  4        5.526009818E+00
                         Error  5        5.470568310E+00
                         Error  6        5.415507471E+00
                         Error  7        5.360835347E+00
                         Error  8        5.306560081E+00
                         Error  9        5.252689909E+00
                         Error 10        5.199233149E+00
                         Error 11        5.146198195E+00
                         Error 12        5.093593506E+00
                         Error 13        5.041427598E+00
                         Error 14        4.989709030E+00
                         Error 15        4.938446395E+00
                         Error 16        4.887648305E+00
                         Error 17        4.837323380E+00
                         Error 18        4.787480229E+00
                         Error 19        4.738127438E+00
                         Error 20        4.689273555E+00
                         Error 21        4.640927067E+00
                         Error 22        4.593096388E+00
                         Error 23        4.545789836E+00
                         Error 24        4.499015615E+00
                         Error 25        4.452781796E+00
                         Error 26        4.407096294E+00
                         Error 27        4.361966848E+00
                         Error 28        4.317400999E+00
                         Error 29        4.273406068E+00
                         Error 30        4.229989134E+00
                         Error 31        4.187157012E+00
                         Error 32        4.144916230E+00
                         Error 33        4.103273007E+00
                         Error 34        4.062233235E+00
                         Error 35        4.021802453E+00
                         Error 36        3.981985827E+00
                         Error 37        3.942788135E+00
                         Error 38        3.904213745E+00
                         Error 39        3.866266595E+00
                         Error 40        3.828950182E+00
                         Error 41        3.792267543E+00
                         Error 42        3.756221242E+00
                         Error 43        3.720813359E+00
                         Error 44        3.686045480E+00
                         Error 45        3.651918684E+00
                         Error 46        3.618433543E+00
                         Error 47        3.585590109E+00
                         Error 48        3.553387917E+00
                         Error 49        3.521825983E+00
                         Error 50        3.490902800E+00
                         Error 51        3.460616345E+00
                         Error 52        3.430964082E+00
                         Error 53        3.401942968E+00
                         Error 54        3.373549463E+00
                         Error 55        3.345779534E+00
                         Error 56        3.318628673E+00
                         Error 57        3.292091908E+00
                         Error 58        3.266163814E+00
                         Error 59        3.240838534E+00
                         Error 60        3.216109791E+00
                         Error 61        3.191970911E+00
                         Error 62        3.168414838E+00
                         Error 63        3.145434156E+00
                         Error 64        3.123021110E+00
                         Error 65        3.101167627E+00
                         Error 66        3.079865336E+00
                         Error 67        3.059105594E+00
                         Error 68        3.038879506E+00
                         Error 69        3.019177948E+00
                         Error 70        2.999991590E+00
                         Error 71        2.981310918E+00
                         Error 72        2.963126257E+00
                         Error 73        2.945427793E+00
                         Error 74        2.928205594E+00
                         Error 75        2.911449634E+00
                         Error 76        2.895149808E+00
                         Error 77        2.879295958E+00
                         Error 78        2.863877889E+00
                         Error 79        2.848885390E+00
                         Error 80        2.834308250E+00
                         Error 81        2.820136274E+00
                         Error 82        2.806359304E+00
                         Error 83        2.792967229E+00
                         Error 84        2.779950004E+00
                         Error 85        2.767297662E+00
                         Error 86        2.755000323E+00
                         Error 87        2.743048215E+00
                         Error 88        2.731431674E+00
                         Error 89        2.720141164E+00
                         Error 90        2.709167279E+00
                         Error 91        2.698500755E+00
                         Error 92        2.688132478E+00
                         Error 93        2.678053489E+00
                         Error 94        2.668254990E+00
                         Error 95        2.658728352E+00
                         Error 96        2.649465115E+00
                         Error 97        2.640456996E+00
                         Error 98        2.631695892E+00
                         Error 99        2.623173878E+00
                         Error100        2.614883216E+00
                         Error        2.614883216E+00
