node32.cluster
/home/unibas/boittier/FDCM/fbuta-trans-f_10/31_32
Distance between Atom configurations = 0.3128553092414909
Distance between Charge configurations = 0.397812015218893

real	1m43.924s
user	1m43.846s
sys	0m0.026s
-xyz
refined.xyz
-dens
/home/unibas/boittier/RDKit_G2/B.pdb/SCAN_1_2_3_4_S_36_10.0/32_SCAN/B.d.cube
-esp
/home/unibas/boittier/RDKit_G2/B.pdb/SCAN_1_2_3_4_S_36_10.0/32_SCAN/B.p.cube
-stepsize
0.2
-n_steps
10
-learning_rate
0.5
  -4.1187062452309782        2.8452241899790680      -0.56223208306290384     
  -3.5187077178279562      -0.53298656489550222       0.66192553248794728     
  -3.7202866260365974      -0.80826610075010263        2.3434525118649512E-002
  -6.2255393291092114       -1.3137973687978279        6.8781263036595151E-003
  -3.4527806800562861      -0.75749349454009962      -0.58718989085068474     
  -1.7065958562539389      -0.43949474393176380       0.26722983543072160     
  -1.4185170257974018      -0.14429209386621203       0.25018719964759362     
  -1.7926350823408841       -2.6419578191277382       0.34151503059912053     
  -1.7891031576175664       -2.7232015374132219      -0.18268887611863452     
  -1.7985363743467093       -2.7871824057435104       0.62761827977686502     
   3.5319223346122257       -2.2095767250193568      -0.27686868931910119     
   2.8907448292908287       -1.6464423061762206      -0.16427209409580978     
  0.65221878310679715       0.78077440065598769      -0.60795097084758043     
  0.36333296443406249       0.90254671903093708      -0.36561829343657554     
   1.0476653947987060       0.92895341582177027       0.64708087217759946     
   1.4997378784826414      -0.17980519877220263      -0.14302230090455570     
   4.1240421175875062        3.3948608889072815       -6.1147568328857413E-002
   1.9264509129670095        2.1250605083388412        3.3233201581880013E-002
   1.6519096901804271        2.0917966304741618      -0.62311240071198704     
   1.8146933425189014        2.1822779848228273       0.72766525723409581     
 -0.55164042252522294        4.1849159042188795        7.5220351561167687E-002
First
                         Total        7.437503428E+00
Step size:       0.20
Step size in Bohr:       0.38
Learning Rate:       1.00
# Steps:         10
                         Error  1        7.394288518E+00
                         Error  2        7.351338476E+00
                         Error  3        7.308655449E+00
                         Error  4        7.266241569E+00
                         Error  5        7.224098944E+00
                         Error  6        7.182229667E+00
                         Error  7        7.140635804E+00
                         Error  8        7.099319400E+00
                         Error  9        7.058282472E+00
                         Error 10        7.017527012E+00
                         Error        7.017527012E+00
