node39.cluster
/home/unibas/boittier/FDCM/fbuta-trans-f_0/35_36
Distance between Atom configurations = 0.24684394385491393
Distance between Charge configurations = 0.29486358434867266

real	0m0.806s
user	0m0.793s
sys	0m0.011s
-xyz
refined.xyz
-dens
/home/unibas/boittier/RDKit_G2/B.pdb/SCAN_1_2_3_4_S_36_10.0/36_SCAN/B.d.cube
-esp
/home/unibas/boittier/RDKit_G2/B.pdb/SCAN_1_2_3_4_S_36_10.0/36_SCAN/B.p.cube
-stepsize
0.2
-n_steps
0
-learning_rate
0.5
  -4.0371159041778624        2.9601534889326580      -0.36767788087262759     
  -3.5488986418691351      -0.51969174920459071       0.61991859196694821     
  -3.7382683471850768      -0.73231184890474543       -4.4796853171878488E-002
  -6.2543583753507797       -1.1725140376483292      -0.14203223678311108     
  -3.4479116665196985      -0.64758623205614019      -0.64047555252703148     
  -1.7343036802009109      -0.34376719779114023       0.25912187276200077     
  -1.4400105197812194       -4.4609360706108311E-002  0.24509968938086979     
  -1.8691537584740330       -2.6274401825764415       0.18543183421771389     
  -1.8442753504468938       -2.6780012855696662      -0.34202237253166817     
  -1.9835498865940120       -2.6283555328473502       0.69071168514443027     
   3.4322488878913227       -2.3088955099537705      -0.29591238885409993     
   2.8204303613019031       -1.7306649265951262      -0.17387833775111727     
  0.69060374782454026       0.77429016404757600      -0.58707517964253386     
  0.39636586321309014       0.92877207823532892      -0.34884056961750132     
   1.0715125129035832       0.92063594006455618       0.67320285208972297     
   1.4865693096195649      -0.19339046529458173      -0.10549371548021788     
   4.2479186053877971        3.2722737775543784       -2.6596617314606700E-003
   2.0002142758008485        2.0982154854633572        6.6416998787845016E-002
   1.7376257732943856        2.0513238350064600      -0.59404456550274154     
   1.8845932559391121        2.1434746862412917       0.75935923576283171     
 -0.39685685054620851        4.2390163448664140        6.4364186319338074E-002
First
                         Total        7.369853568E+00
Step size:       0.20
Step size in Bohr:       0.38
Learning Rate:       1.00
# Steps:          0
                         Error        7.369853568E+00
