node42.cluster
/home/unibas/boittier/FDCM/fbuta-trans-f_0/32_33
Distance between Atom configurations = 0.2840942359022206
Distance between Charge configurations = 0.3646198374696159

real	0m0.899s
user	0m0.836s
sys	0m0.017s
-xyz
refined.xyz
-dens
/home/unibas/boittier/RDKit_G2/B.pdb/SCAN_1_2_3_4_S_36_10.0/33_SCAN/B.d.cube
-esp
/home/unibas/boittier/RDKit_G2/B.pdb/SCAN_1_2_3_4_S_36_10.0/33_SCAN/B.p.cube
-stepsize
0.2
-n_steps
0
-learning_rate
0.5
  -4.0901365514657568        2.8880730343961907      -0.48246036136617965     
  -3.5311847154956757      -0.53539785579511989       0.64241776378181892     
  -3.7300147064493729      -0.78028184935778977       -8.2843796664787694E-003
  -6.2387500765664949       -1.2666510246990195       -5.2943160014756643E-002
  -3.4518216659026826      -0.71919986674514558      -0.61259900683872925     
  -1.7144481296556775      -0.41405492193058918       0.26512595495253305     
  -1.4289072446016644      -0.10659547958677533       0.24977695947461653     
  -1.8273092067677390       -2.6417862335584412       0.27048952251704328     
  -1.8107903200234838       -2.7156143502614052      -0.25454365367689991     
  -1.9328680968271055       -2.6217592310545998       0.77729449452070432     
   3.4992240199724365       -2.2405688968800028      -0.29356816058549973     
   2.8717416553929160       -1.6786483647971207      -0.17511958803459576     
  0.66710470928282273       0.77465683016215126      -0.59809227067858062     
  0.37125327908457906       0.92064088681524703      -0.35652052063675088     
   1.0556059974038803       0.92491041403207142       0.65940520462763585     
   1.4913984407199563      -0.17486769144048067      -0.12816598945868282     
   4.1658101267714480        3.3564875669090837       -3.3784756520231309E-002
   1.9489578031835371        2.1260699969803181        4.9866845458259840E-002
   1.6816656899336171        2.0755397435238812      -0.60843600742660142     
   1.8385093253242459        2.1653280016957615       0.74401776714399248     
 -0.50094246645448515        4.2060001205379649        7.9224440244930472E-002
First
                         Total        7.394106985E+00
Step size:       0.20
Step size in Bohr:       0.38
Learning Rate:       1.00
# Steps:          0
                         Error        7.394106985E+00
