node32.cluster
/home/unibas/boittier/FDCM/fbuta-trans-f_0/34_35
Distance between Atom configurations = 0.2519997067854208
Distance between Charge configurations = 0.3045957173501647

real	0m0.816s
user	0m0.802s
sys	0m0.012s
-xyz
refined.xyz
-dens
/home/unibas/boittier/RDKit_G2/B.pdb/SCAN_1_2_3_4_S_36_10.0/35_SCAN/B.d.cube
-esp
/home/unibas/boittier/RDKit_G2/B.pdb/SCAN_1_2_3_4_S_36_10.0/35_SCAN/B.p.cube
-stepsize
0.2
-n_steps
0
-learning_rate
0.5
  -4.0487349913894199        2.9438123078002167      -0.38536245364724564     
  -3.5466411355472038      -0.52728741457231354       0.62316461835883485     
  -3.7374641553533534      -0.74452441160278060       -3.9639634288434013E-002
  -6.2522340537365437       -1.1950525847200744      -0.13045507542408508     
  -3.4490167650732193      -0.66294149126924529      -0.63668307925142165     
  -1.7297511611045169      -0.36247233626975289       0.25947089645787447     
  -1.4378114697286186       -6.1023172821820258E-002  0.24532466579858245     
  -1.8620414370817548       -2.6344724059516977       0.19701488316064031     
  -1.8384890684243811       -2.6882688382745883      -0.33018008109777525     
  -1.9750147663596518       -2.6325640594815902       0.70261198049517182     
   3.4506366103712507       -2.2907362332299153      -0.29732049293454488     
   2.8347378616906118       -1.7167105547887223      -0.17514864116873402     
  0.68492802706187883       0.77433554679881056      -0.58834167061392439     
  0.38990538690665283       0.92680981675781438      -0.34978441802699972     
   1.0659621647222073       0.92254451101743218       0.67168070204525865     
   1.4875154932880374      -0.18842562566955318      -0.10789191628321487     
   4.2265998280774433        3.2944467456115865       -5.7769310228345926E-003
   1.9865578071124810        2.1059141415973999        6.4658890876010219E-002
   1.7237131268691355        2.0576401644263762      -0.59560115155590299     
   1.8712391535467361        2.1501063849132240       0.75772036942125653     
 -0.42424232287070385        4.2312433559057041        6.5650105966143235E-002
First
                         Total        7.357863613E+00
Step size:       0.20
Step size in Bohr:       0.38
Learning Rate:       1.00
# Steps:          0
                         Error        7.357863613E+00
