node37.cluster
Distance between Atom configurations = 1.8039638937022157e-06
Distance between Charge configurations = 3.479604606467825e-06

real	1m37.092s
user	1m37.037s
sys	0m0.034s
-xyz
global_0_fit.xyz
-dens
/home/unibas/boittier/RDKit_G2/B.pdb/SCAN_1_2_3_4_S_36_10.0/0_SCAN/B.d.cube
-esp
/home/unibas/boittier/RDKit_G2/B.pdb/SCAN_1_2_3_4_S_36_10.0/0_SCAN/B.p.cube
-stepsize
0.2
-n_steps
10
-learning_rate
0.5
  -4.0367687004905664        2.9822569982011160        2.6722067590541580E-003
  -3.5130826820779646      -0.56337859485478725       0.67370837904152914     
  -3.7393875022833427      -0.72537816318747805        6.2826653430746084E-003
  -6.2589210355657139       -1.1540964014486317       -2.8617097343619436E-002
  -3.4819616139630511      -0.59560870024536516      -0.59638668308362619     
  -1.7412335518726831      -0.33557916634357093       0.13762483483143645     
  -1.4456449289114435       -3.7442959962627670E-002  0.13109292801669453     
  -1.8666924830815892       -2.6305314954043597       -1.0437009964295899E-002
  -1.8710220940863480       -2.6410877272928390      -0.54077003833075588     
  -1.9531322557998061       -2.6697100864685277       0.49886471145645034     
   3.4373606603801283       -2.3179176567003554      -0.18905020333259773     
   2.8215012990184047       -1.7373703102339810      -0.10419213295656396     
  0.70794715640299000       0.77494241267433706      -0.64785355496843300     
  0.40839617331759159       0.93006563109000029      -0.41676413589769662     
   1.0582606103549494       0.91915946131837545       0.62151290811448445     
   1.4891265217766227      -0.19540165456666736      -0.14777468831132592     
   4.2569158891911361        3.2625352852055984        2.5818182537116287E-002
   2.0048799123808552        2.0948339137223702        3.8728553889203335E-002
   1.7584287147889883        2.0492372572686000      -0.62801260920341573     
   1.8724359258861163        2.1398496580814750       0.72866893716445502     
 -0.38535215672002476        4.2424617842442158       -2.0158660564992957E-002
First
                         Total        7.324780963E+00
Step size:       0.20
Step size in Bohr:       0.38
Learning Rate:       1.00
# Steps:         10
                         Error  1        7.275715322E+00
                         Error  2        7.226926601E+00
                         Error  3        7.178418183E+00
                         Error  4        7.130193457E+00
                         Error  5        7.082255820E+00
                         Error  6        7.034608674E+00
                         Error  7        6.987255424E+00
                         Error  8        6.940199473E+00
                         Error  9        6.893444223E+00
                         Error 10        6.846993074E+00
                         Error        6.846993074E+00
/home/unibas/boittier/FDCM/fbuta-trans-f_10/1_2
Distance between Atom configurations = 0.2497486434783308
Distance between Charge configurations = 0.3536447510754712

real	1m40.509s
user	1m40.403s
sys	0m0.030s
-xyz
refined.xyz
-dens
/home/unibas/boittier/RDKit_G2/B.pdb/SCAN_1_2_3_4_S_36_10.0/2_SCAN/B.d.cube
-esp
/home/unibas/boittier/RDKit_G2/B.pdb/SCAN_1_2_3_4_S_36_10.0/2_SCAN/B.p.cube
-stepsize
0.2
-n_steps
10
-learning_rate
0.5
  -4.0650630003177239        2.9497916709286933        2.9216390112484281E-002
  -3.4631168121343214      -0.58414848470302716       0.77589235704301085     
  -3.7226020562838946      -0.75740406845195662       0.12264389255585514     
  -6.2376523967520114       -1.2041348326915331       0.23024999301021126     
  -3.5029873150785580      -0.62044010084401791      -0.49380537792507578     
  -1.7375718886496994      -0.33703576625793680       0.10424785243029143     
  -1.4391848466198631       -5.2090781389692836E-002   9.0247947270328546E-002
  -1.8334903483412250       -2.6495556463741243        7.5747251854956753E-003
  -1.8744549502303622       -2.6517518346030560      -0.52131073521267657     
  -1.8980085968076941       -2.6770927148810957       0.52142033829030066     
   3.4595604842307619       -2.2724534073601759      -0.35496026098912048     
   2.8344752265730704       -1.6893693808097883      -0.25402266188626527     
  0.67946122333352876       0.79980449799677578      -0.74212195652717561     
  0.39132209689653752       0.93127316973102325      -0.50400334645569744     
   1.0625580284315859       0.94270190139296306       0.51756770833630916     
   1.4923049380332007      -0.18148738110723051      -0.26313343221272356     
   4.2269675115011189        3.2620380056106835       0.44151687245771448     
   1.9868531473697881        2.0781364677791898       0.26552646596128820     
   1.7615769426953189        2.1117422315903629      -0.40929958753426360     
   1.8250899301410364        2.0806682134123706       0.95242218286515290     
 -0.42745288233553419        4.2453505200393975       -8.5512458052926829E-002
First
                         Total        7.291183225E+00
Step size:       0.20
Step size in Bohr:       0.38
Learning Rate:       1.00
# Steps:         10
                         Error  1        7.242523891E+00
                         Error  2        7.194180158E+00
                         Error  3        7.146155728E+00
                         Error  4        7.098454302E+00
                         Error  5        7.051079578E+00
                         Error  6        7.004035242E+00
                         Error  7        6.957324974E+00
                         Error  8        6.910952439E+00
                         Error  9        6.864921287E+00
                         Error 10        6.819235145E+00
                         Error        6.819235145E+00
