node40.cluster
/home/unibas/boittier/FDCM/fbuta-trans-f_0/2_3
Distance between Atom configurations = 0.2610414570699136
Distance between Charge configurations = 0.37338162442792777

real	0m0.891s
user	0m0.849s
sys	0m0.016s
-xyz
refined.xyz
-dens
/home/unibas/boittier/RDKit_G2/B.pdb/SCAN_1_2_3_4_S_36_10.0/3_SCAN/B.d.cube
-esp
/home/unibas/boittier/RDKit_G2/B.pdb/SCAN_1_2_3_4_S_36_10.0/3_SCAN/B.p.cube
-stepsize
0.2
-n_steps
0
-learning_rate
0.5
  -4.0902444882923703        2.9221736023496150        4.1059798646283605E-002
  -3.4583604745044516      -0.60719670943908310       0.77099065535423428     
  -3.7150408837258921      -0.77802956219546815       0.11689118353432267     
  -6.2251725479839468       -1.2512046039468228       0.21198369247736901     
  -3.4906598198814032      -0.64815588650956657      -0.49882345132072781     
  -1.7308586347512431      -0.35428156189642113       0.11084120763655013     
  -1.4411341596898231       -5.0732739414893674E-002   9.6064932515893112E-002
  -1.8113224213191972       -2.6496591106459242        1.7819786029101184E-002
  -1.8421596143649048       -2.6641512488886030      -0.51154053170702574     
  -1.8712778205260665       -2.6866672286230804       0.53107487763289563     
   3.4823551281272982       -2.2320966723092401      -0.36234519563837359     
   2.8571285389776113       -1.6645258734444932      -0.26000279450255936     
  0.67433484566201962       0.80107956165337013      -0.74291848692864138     
  0.37857612971009841       0.95071329013870476      -0.50347568957703881     
   1.0598557327786540       0.95473577461022430       0.51594490931886161     
   1.4921321674048285      -0.15074143514180993      -0.26556167636578981     
   4.2147016057396360        3.2778259254553519       0.48921519389997542     
   1.9774591192807895        2.1003611906831021       0.28021264211830177     
   1.7613773893451443        2.1220670468535672      -0.39816672684294019     
   1.8140192704787226        2.0732206224928440       0.96441755634699355     
 -0.46483992758311049        4.2496740168138949       -8.4098294082738834E-002
First
                         Total        7.823654853E+00
Step size:       0.20
Step size in Bohr:       0.38
Learning Rate:       1.00
# Steps:          0
                         Error        7.823654853E+00
