node28.cluster
Distance between Atom configurations = 1.8039638937022157e-06
Distance between Charge configurations = 3.479604606467825e-06

real	1m36.165s
user	1m36.138s
sys	0m0.017s
-xyz
global_0_fit.xyz
-dens
/home/unibas/boittier/RDKit_G2/B.pdb/SCAN_1_2_3_4_S_36_10.0/0_SCAN/B.d.cube
-esp
/home/unibas/boittier/RDKit_G2/B.pdb/SCAN_1_2_3_4_S_36_10.0/0_SCAN/B.p.cube
-stepsize
0.2
-n_steps
10
-learning_rate
0.5
  -4.0367687004905664        2.9822569982011160        2.6722067590541580E-003
  -3.5130826820779646      -0.56337859485478725       0.67370837904152914     
  -3.7393875022833427      -0.72537816318747805        6.2826653430746084E-003
  -6.2589210355657139       -1.1540964014486317       -2.8617097343619436E-002
  -3.4819616139630511      -0.59560870024536516      -0.59638668308362619     
  -1.7412335518726831      -0.33557916634357093       0.13762483483143645     
  -1.4456449289114435       -3.7442959962627670E-002  0.13109292801669453     
  -1.8666924830815892       -2.6305314954043597       -1.0437009964295899E-002
  -1.8710220940863480       -2.6410877272928390      -0.54077003833075588     
  -1.9531322557998061       -2.6697100864685277       0.49886471145645034     
   3.4373606603801283       -2.3179176567003554      -0.18905020333259773     
   2.8215012990184047       -1.7373703102339810      -0.10419213295656396     
  0.70794715640299000       0.77494241267433706      -0.64785355496843300     
  0.40839617331759159       0.93006563109000029      -0.41676413589769662     
   1.0582606103549494       0.91915946131837545       0.62151290811448445     
   1.4891265217766227      -0.19540165456666736      -0.14777468831132592     
   4.2569158891911361        3.2625352852055984        2.5818182537116287E-002
   2.0048799123808552        2.0948339137223702        3.8728553889203335E-002
   1.7584287147889883        2.0492372572686000      -0.62801260920341573     
   1.8724359258861163        2.1398496580814750       0.72866893716445502     
 -0.38535215672002476        4.2424617842442158       -2.0158660564992957E-002
First
                         Total        7.324780963E+00
Step size:       0.20
Step size in Bohr:       0.38
Learning Rate:       1.00
# Steps:         10
                         Error  1        7.275715322E+00
                         Error  2        7.226926601E+00
                         Error  3        7.178418183E+00
                         Error  4        7.130193457E+00
                         Error  5        7.082255820E+00
                         Error  6        7.034608674E+00
                         Error  7        6.987255424E+00
                         Error  8        6.940199473E+00
                         Error  9        6.893444223E+00
                         Error 10        6.846993074E+00
                         Error        6.846993074E+00
/home/unibas/boittier/FDCM/fbuta-trans-f_10/15_16
Distance between Atom configurations = 0.28303348792364375
Distance between Charge configurations = 0.44360111703146987

real	1m44.025s
user	1m43.993s
sys	0m0.020s
-xyz
refined.xyz
-dens
/home/unibas/boittier/RDKit_G2/B.pdb/SCAN_1_2_3_4_S_36_10.0/16_SCAN/B.d.cube
-esp
/home/unibas/boittier/RDKit_G2/B.pdb/SCAN_1_2_3_4_S_36_10.0/16_SCAN/B.p.cube
-stepsize
0.2
-n_steps
10
-learning_rate
0.5
  -3.9986877754398034        3.0247702252735507        5.8296653202966432E-002
  -3.4953831732378648      -0.50673980832740684       0.77461668125352434     
  -3.7515202199402577      -0.67828687427857182       0.11959831276566622     
  -6.2782259999251462       -1.0602692615782607       0.20049082360296308     
  -3.5212836554942810      -0.55159287343608399      -0.49516930235138329     
  -1.7475138352788433      -0.30794187873353268       0.15855067770369918     
  -1.4420127163061400       -3.1225672099168066E-002  0.13571045244910376     
  -1.9099149089326579       -2.6184130828867542        4.0742750878850501E-002
  -1.9447221109615542       -2.6235621534134066      -0.48856311327805668     
  -1.9811290279426026       -2.6404274129950220       0.55396992003273782     
   3.4300106781579696       -2.3053756432988353      -0.43035128101325099     
   2.7691782522430559       -1.8034825702011161      -0.27013467930275370     
  0.68227058350260061       0.75466462953713365      -0.74577879278617376     
  0.40227457582694770       0.89638169226658693      -0.50385494090123839     
   1.0960568015461081       0.89150469735846327       0.50481675788264047     
   1.4751963796422678      -0.25402387160671092      -0.27106705948995113     
   4.3355005144218577        3.1711646462739309       0.53779844629327089     
   2.0615048154128246        2.0564459304022313       0.34530537052212568     
   1.8258730796922000        2.1289553827988223      -0.32289294035921673     
   1.9114760034209919        2.0295752547558057        1.0343400550247606     
 -0.34069977560958598        4.2384570587349177      -0.16316182230565859     
First
                         Total        7.965563796E+00
Step size:       0.20
Step size in Bohr:       0.38
Learning Rate:       1.00
# Steps:         10
                         Error  1        7.922796888E+00
                         Error  2        7.880239959E+00
                         Error  3        7.837894840E+00
                         Error  4        7.795763361E+00
                         Error  5        7.753847351E+00
                         Error  6        7.712148636E+00
                         Error  7        7.670669040E+00
                         Error  8        7.629410379E+00
                         Error  9        7.588374468E+00
                         Error 10        7.547563112E+00
                         Error        7.547563112E+00
