node28.cluster
Distance between Atom configurations = 1.8039638937022157e-06
Distance between Charge configurations = 3.479604606467825e-06

real	15m56.563s
user	15m56.425s
sys	0m0.024s
-xyz
global_0_fit.xyz
-dens
/home/unibas/boittier/RDKit_G2/B.pdb/SCAN_1_2_3_4_S_36_10.0/0_SCAN/B.d.cube
-esp
/home/unibas/boittier/RDKit_G2/B.pdb/SCAN_1_2_3_4_S_36_10.0/0_SCAN/B.p.cube
-stepsize
0.2
-n_steps
100
-learning_rate
0.5
  -4.0367687004905664        2.9822569982011160        2.6722067590541580E-003
  -3.5130826820779646      -0.56337859485478725       0.67370837904152914     
  -3.7393875022833427      -0.72537816318747805        6.2826653430746084E-003
  -6.2589210355657139       -1.1540964014486317       -2.8617097343619436E-002
  -3.4819616139630511      -0.59560870024536516      -0.59638668308362619     
  -1.7412335518726831      -0.33557916634357093       0.13762483483143645     
  -1.4456449289114435       -3.7442959962627670E-002  0.13109292801669453     
  -1.8666924830815892       -2.6305314954043597       -1.0437009964295899E-002
  -1.8710220940863480       -2.6410877272928390      -0.54077003833075588     
  -1.9531322557998061       -2.6697100864685277       0.49886471145645034     
   3.4373606603801283       -2.3179176567003554      -0.18905020333259773     
   2.8215012990184047       -1.7373703102339810      -0.10419213295656396     
  0.70794715640299000       0.77494241267433706      -0.64785355496843300     
  0.40839617331759159       0.93006563109000029      -0.41676413589769662     
   1.0582606103549494       0.91915946131837545       0.62151290811448445     
   1.4891265217766227      -0.19540165456666736      -0.14777468831132592     
   4.2569158891911361        3.2625352852055984        2.5818182537116287E-002
   2.0048799123808552        2.0948339137223702        3.8728553889203335E-002
   1.7584287147889883        2.0492372572686000      -0.62801260920341573     
   1.8724359258861163        2.1398496580814750       0.72866893716445502     
 -0.38535215672002476        4.2424617842442158       -2.0158660564992957E-002
First
                         Total        7.324780963E+00
Step size:       0.20
Step size in Bohr:       0.38
Learning Rate:       1.00
# Steps:        100
                         Error  1        7.275715322E+00
                         Error  2        7.226926601E+00
                         Error  3        7.178418183E+00
                         Error  4        7.130193457E+00
                         Error  5        7.082255820E+00
                         Error  6        7.034608674E+00
                         Error  7        6.987255424E+00
                         Error  8        6.940199473E+00
                         Error  9        6.893444223E+00
                         Error 10        6.846993074E+00
                         Error 11        6.800849414E+00
                         Error 12        6.755016626E+00
                         Error 13        6.709498078E+00
                         Error 14        6.664297123E+00
                         Error 15        6.619417098E+00
                         Error 16        6.574861316E+00
                         Error 17        6.530633069E+00
                         Error 18        6.486735618E+00
                         Error 19        6.443172198E+00
                         Error 20        6.399946006E+00
                         Error 21        6.357060204E+00
                         Error 22        6.314517912E+00
                         Error 23        6.272322207E+00
                         Error 24        6.230476118E+00
                         Error 25        6.188982621E+00
                         Error 26        6.147844637E+00
                         Error 27        6.107065030E+00
                         Error 28        6.066646598E+00
                         Error 29        6.026592075E+00
                         Error 30        5.986904123E+00
                         Error 31        5.947585330E+00
                         Error 32        5.908638206E+00
                         Error 33        5.870065177E+00
                         Error 34        5.831868586E+00
                         Error 35        5.794050684E+00
                         Error 36        5.756613629E+00
                         Error 37        5.719559482E+00
                         Error 38        5.682890201E+00
                         Error 39        5.646607643E+00
                         Error 40        5.610713553E+00
                         Error 41        5.575209566E+00
                         Error 42        5.540097202E+00
                         Error 43        5.505377863E+00
                         Error 44        5.471052828E+00
                         Error 45        5.437123254E+00
                         Error 46        5.403590169E+00
                         Error 47        5.370454472E+00
                         Error 48        5.337716929E+00
                         Error 49        5.305378171E+00
                         Error 50        5.273438694E+00
                         Error 51        5.241898853E+00
                         Error 52        5.210758863E+00
                         Error 53        5.180018799E+00
                         Error 54        5.149678589E+00
                         Error 55        5.119738021E+00
                         Error 56        5.090196733E+00
                         Error 57        5.061054222E+00
                         Error 58        5.032309834E+00
                         Error 59        5.003962773E+00
                         Error 60        4.976012093E+00
                         Error 61        4.948456706E+00
                         Error 62        4.921295376E+00
                         Error 63        4.894526724E+00
                         Error 64        4.868149227E+00
                         Error 65        4.842161222E+00
                         Error 66        4.816560904E+00
                         Error 67        4.791346331E+00
                         Error 68        4.766515425E+00
                         Error 69        4.742065972E+00
                         Error 70        4.717995631E+00
                         Error 71        4.694301927E+00
                         Error 72        4.670982265E+00
                         Error 73        4.648033924E+00
                         Error 74        4.625454066E+00
                         Error 75        4.603239734E+00
                         Error 76        4.581387865E+00
                         Error 77        4.559895282E+00
                         Error 78        4.538758708E+00
                         Error 79        4.517974765E+00
                         Error 80        4.497539978E+00
                         Error 81        4.477450782E+00
                         Error 82        4.457703526E+00
                         Error 83        4.438294473E+00
                         Error 84        4.419219812E+00
                         Error 85        4.400475655E+00
                         Error 86        4.382058049E+00
                         Error 87        4.363962974E+00
                         Error 88        4.346186352E+00
                         Error 89        4.328724050E+00
                         Error 90        4.311571885E+00
                         Error 91        4.294725629E+00
                         Error 92        4.278181012E+00
                         Error 93        4.261933730E+00
                         Error 94        4.245979444E+00
                         Error 95        4.230313792E+00
                         Error 96        4.214932386E+00
                         Error 97        4.199830821E+00
                         Error 98        4.185004677E+00
                         Error 99        4.170449524E+00
                         Error100        4.156160927E+00
                         Error        4.156160927E+00
/home/unibas/boittier/FDCM/fbuta-trans-f_100/28_29
Distance between Atom configurations = 0.45611259271802984
Distance between Charge configurations = 0.6590549952050778

real	18m16.686s
user	18m16.540s
sys	0m0.034s
-xyz
refined.xyz
-dens
/home/unibas/boittier/RDKit_G2/B.pdb/SCAN_1_2_3_4_S_36_10.0/29_SCAN/B.d.cube
-esp
/home/unibas/boittier/RDKit_G2/B.pdb/SCAN_1_2_3_4_S_36_10.0/29_SCAN/B.p.cube
-stepsize
0.2
-n_steps
100
-learning_rate
0.5
  -3.7693069583029124        3.2246497381272672       0.31152945864482973     
  -3.5606767519583822      -0.38755514898555371       0.63508448578511201     
  -3.7813356418519688      -0.52056140344430468       -4.6585563966986356E-002
  -6.3347463670643762      -0.71267461610473548      -0.11810586952049365     
  -3.5226895585785383      -0.31601175507151019      -0.63248630670676509     
  -1.7949623271084156      -0.21423676043759476       0.19794976052448435     
  -1.4389205174775190       -5.8914117376894101E-002  0.18712387271553851     
  -2.0386069393073480       -2.5868421960457844      -0.21510033607520679     
  -2.0946707891533252       -2.4818803830678897      -0.74092753689170632     
  -2.1869464458668291       -2.5879618716483965       0.29442873087024052     
   3.2441310019991585       -2.2474820601590806      -0.96977728969179289     
   2.6336770377558776       -1.6070338976375558      -0.63444741948853856     
  0.71265492014158827       0.73899287285236559      -0.62453398701560514     
  0.47563769820566143       0.74536256441084514      -0.38951511878356315     
   1.1415680385751041       0.70822102561614264       0.62816205468758513     
   1.4686959478662793      -0.52147431546535472      -0.22015476189240388     
   4.5130140247333950        2.8145100833620078        1.1864532112607498     
   2.1883437546130002        1.6763643436946027        6.1733138186720660E-002
   1.9107672653086387        1.8674234569176240      -0.58002081753949586     
   2.0821471290474061        1.8630315577118937       0.76124549324551150     
  -1.8517861872392297E-002   4.1527783313158393       0.20299435982218675     
First
                         Total        6.149433070E+00
Step size:       0.20
Step size in Bohr:       0.38
Learning Rate:       1.00
# Steps:        100
                         Error  1        6.126171939E+00
                         Error  2        6.103173156E+00
                         Error  3        6.080435853E+00
                         Error  4        6.057959111E+00
                         Error  5        6.035741960E+00
                         Error  6        6.013783384E+00
                         Error  7        5.992082317E+00
                         Error  8        5.970637646E+00
                         Error  9        5.949448210E+00
                         Error 10        5.928512802E+00
                         Error 11        5.907830169E+00
                         Error 12        5.887399014E+00
                         Error 13        5.867217994E+00
                         Error 14        5.847285725E+00
                         Error 15        5.827600778E+00
                         Error 16        5.808161683E+00
                         Error 17        5.788966931E+00
                         Error 18        5.770014971E+00
                         Error 19        5.751304214E+00
                         Error 20        5.732833034E+00
                         Error 21        5.714599768E+00
                         Error 22        5.696602718E+00
                         Error 23        5.678840148E+00
                         Error 24        5.661310294E+00
                         Error 25        5.644011357E+00
                         Error 26        5.626941505E+00
                         Error 27        5.610098880E+00
                         Error 28        5.593481592E+00
                         Error 29        5.577087727E+00
                         Error 30        5.560915341E+00
                         Error 31        5.544962467E+00
                         Error 32        5.529227115E+00
                         Error 33        5.513707269E+00
                         Error 34        5.498400896E+00
                         Error 35        5.483305939E+00
                         Error 36        5.468420326E+00
                         Error 37        5.453741963E+00
                         Error 38        5.439268744E+00
                         Error 39        5.424998544E+00
                         Error 40        5.410929227E+00
                         Error 41        5.397058644E+00
                         Error 42        5.383384632E+00
                         Error 43        5.369905020E+00
                         Error 44        5.356617627E+00
                         Error 45        5.343520266E+00
                         Error 46        5.330610739E+00
                         Error 47        5.317886848E+00
                         Error 48        5.305346385E+00
                         Error 49        5.292987142E+00
                         Error 50        5.280806908E+00
                         Error 51        5.268803470E+00
                         Error 52        5.256974617E+00
                         Error 53        5.245318135E+00
                         Error 54        5.233831815E+00
                         Error 55        5.222513450E+00
                         Error 56        5.211360837E+00
                         Error 57        5.200371777E+00
                         Error 58        5.189544076E+00
                         Error 59        5.178875548E+00
                         Error 60        5.168364015E+00
                         Error 61        5.158007304E+00
                         Error 62        5.147803254E+00
                         Error 63        5.137749712E+00
                         Error 64        5.127844537E+00
                         Error 65        5.118085597E+00
                         Error 66        5.108470774E+00
                         Error 67        5.098997962E+00
                         Error 68        5.089665068E+00
                         Error 69        5.080470012E+00
                         Error 70        5.071410730E+00
                         Error 71        5.062485171E+00
                         Error 72        5.053691303E+00
                         Error 73        5.045027105E+00
                         Error 74        5.036490577E+00
                         Error 75        5.028079734E+00
                         Error 76        5.019792607E+00
                         Error 77        5.011627248E+00
                         Error 78        5.003581725E+00
                         Error 79        4.995654124E+00
                         Error 80        4.987842551E+00
                         Error 81        4.980145132E+00
                         Error 82        4.972560010E+00
                         Error 83        4.965085350E+00
                         Error 84        4.957719336E+00
                         Error 85        4.950460172E+00
                         Error 86        4.943306082E+00
                         Error 87        4.936255311E+00
                         Error 88        4.929306126E+00
                         Error 89        4.922456813E+00
                         Error 90        4.915705680E+00
                         Error 91        4.909051055E+00
                         Error 92        4.902491288E+00
                         Error 93        4.896024750E+00
                         Error 94        4.889649834E+00
                         Error 95        4.883364953E+00
                         Error 96        4.877168543E+00
                         Error 97        4.871059060E+00
                         Error 98        4.865034981E+00
                         Error 99        4.859094806E+00
                         Error100        4.853237056E+00
                         Error        4.853237056E+00
