node33.cluster
Distance between Atom configurations = 1.8039638937022157e-06
Distance between Charge configurations = 3.479604606467825e-06

real	1m36.195s
user	1m36.170s
sys	0m0.014s
-xyz
global_0_fit.xyz
-dens
/home/unibas/boittier/RDKit_G2/B.pdb/SCAN_1_2_3_4_S_36_10.0/0_SCAN/B.d.cube
-esp
/home/unibas/boittier/RDKit_G2/B.pdb/SCAN_1_2_3_4_S_36_10.0/0_SCAN/B.p.cube
-stepsize
0.2
-n_steps
10
-learning_rate
0.5
  -4.0367687004905664        2.9822569982011160        2.6722067590541580E-003
  -3.5130826820779646      -0.56337859485478725       0.67370837904152914     
  -3.7393875022833427      -0.72537816318747805        6.2826653430746084E-003
  -6.2589210355657139       -1.1540964014486317       -2.8617097343619436E-002
  -3.4819616139630511      -0.59560870024536516      -0.59638668308362619     
  -1.7412335518726831      -0.33557916634357093       0.13762483483143645     
  -1.4456449289114435       -3.7442959962627670E-002  0.13109292801669453     
  -1.8666924830815892       -2.6305314954043597       -1.0437009964295899E-002
  -1.8710220940863480       -2.6410877272928390      -0.54077003833075588     
  -1.9531322557998061       -2.6697100864685277       0.49886471145645034     
   3.4373606603801283       -2.3179176567003554      -0.18905020333259773     
   2.8215012990184047       -1.7373703102339810      -0.10419213295656396     
  0.70794715640299000       0.77494241267433706      -0.64785355496843300     
  0.40839617331759159       0.93006563109000029      -0.41676413589769662     
   1.0582606103549494       0.91915946131837545       0.62151290811448445     
   1.4891265217766227      -0.19540165456666736      -0.14777468831132592     
   4.2569158891911361        3.2625352852055984        2.5818182537116287E-002
   2.0048799123808552        2.0948339137223702        3.8728553889203335E-002
   1.7584287147889883        2.0492372572686000      -0.62801260920341573     
   1.8724359258861163        2.1398496580814750       0.72866893716445502     
 -0.38535215672002476        4.2424617842442158       -2.0158660564992957E-002
First
                         Total        7.324780963E+00
Step size:       0.20
Step size in Bohr:       0.38
Learning Rate:       1.00
# Steps:         10
                         Error  1        7.275715322E+00
                         Error  2        7.226926601E+00
                         Error  3        7.178418183E+00
                         Error  4        7.130193457E+00
                         Error  5        7.082255820E+00
                         Error  6        7.034608674E+00
                         Error  7        6.987255424E+00
                         Error  8        6.940199473E+00
                         Error  9        6.893444223E+00
                         Error 10        6.846993074E+00
                         Error        6.846993074E+00
/home/unibas/boittier/FDCM/fbuta-trans-f_10/6_7
Distance between Atom configurations = 0.4534110407942328
Distance between Charge configurations = 0.5919113448815083

real	1m50.531s
user	1m50.332s
sys	0m0.022s
-xyz
refined.xyz
-dens
/home/unibas/boittier/RDKit_G2/B.pdb/SCAN_1_2_3_4_S_36_10.0/7_SCAN/B.d.cube
-esp
/home/unibas/boittier/RDKit_G2/B.pdb/SCAN_1_2_3_4_S_36_10.0/7_SCAN/B.p.cube
-stepsize
0.2
-n_steps
10
-learning_rate
0.5
  -3.8598608776051484        2.9925590119901857      -0.99611680604375397     
  -3.5291634586133980      -0.19811844264001513       0.71001054317390822     
  -3.7827323653271656      -0.54654988292740225       0.12830444336609811     
  -6.3255610949524099      -0.82290814882652963       0.18527217080872840     
  -3.5337349010998524      -0.62405008491781988      -0.48731999373324220     
  -1.7762209029144866       -8.5002922507689885E-002  0.26690460231518043     
  -1.4526243078322927       0.16975846232540934       0.23850831652814211     
  -2.0987913457919007       -2.3792468765663322       0.16950814031387110     
  -2.1399202329282061       -2.3858288178484823      -0.35932817156641844     
  -2.1401548201388598       -2.3736642396619443        1.1980584819265616     
   3.2397895816185840       -2.5168799273555833      -0.12229239058428461     
   2.6709908742418418       -1.8743402644535838       -5.5078014471902199E-002
  0.71708189100296160       0.80259062815558435      -0.67396403044556297     
  0.44939818342343085       0.96328067703909614      -0.42997062647712903     
   1.1501610578863359       0.92750128695420542       0.57113826766949161     
   1.4510490556564692      -0.24362870149482604      -0.20080679709111066     
   4.4882946328157303        2.9921064141774689      -0.23998945597442387     
   2.1558653446352922        1.9992068619577008       -8.3043816704179957E-002
   1.8674732286776861        1.9859591922787401      -0.73413782292126895     
   2.0644074665801573        2.0836600559392124       0.61158024611900996     
  -5.4991140101314333E-002   4.3436998138635143       -4.8835015157942537E-002
First
                         Total        7.652898896E+00
Step size:       0.20
Step size in Bohr:       0.38
Learning Rate:       1.00
# Steps:         10
                         Error  1        7.619414106E+00
                         Error  2        7.586190065E+00
                         Error  3        7.553226772E+00
                         Error  4        7.520524188E+00
                         Error  5        7.488082232E+00
                         Error  6        7.455900785E+00
                         Error  7        7.423979684E+00
                         Error  8        7.392318728E+00
                         Error  9        7.360917673E+00
                         Error 10        7.329776236E+00
                         Error        7.329776236E+00
