node27.cluster
Distance between Atom configurations = 1.8039638937022157e-06
Distance between Charge configurations = 3.346364223389196e-06

real	0m0.814s
user	0m0.788s
sys	0m0.024s
-xyz
global_0_fit.xyz
-dens
/home/unibas/boittier/RDKit_G2/B.pdb/SCAN_1_2_3_4_S_36_10.0/0_SCAN/B.d.cube
-esp
/home/unibas/boittier/RDKit_G2/B.pdb/SCAN_1_2_3_4_S_36_10.0/0_SCAN/B.p.cube
-stepsize
0.2
-n_steps
0
-learning_rate
0.5
  -3.7421812352892925        2.6965690852618081        8.5739833568035578E-002
  -3.0748605144750099      -0.18744769854047785       0.55265965045676768     
  -2.8248720567827110       0.26310412906598252      -0.34417993267533675     
  -5.7417185069554151       -1.3127683517780606        2.0711464044173067E-002
  -2.9209381892997337        5.9231139473712280E-002 -0.62149479767260096     
 -0.90903112960950483       -1.2350970750622661      -0.23853006512114017     
  -1.3770050109237071       -3.8131026940399328       -3.1688522476690538E-002
  -2.3465915535298669       -1.9128532771324087       -7.5370063495765346E-002
  -1.7852452319449910       -1.5483663501497229      -0.11081567806660625     
   1.3584489985761501        1.6763047058113760      -0.15924843679394987     
   1.3042172011562370        1.8586740706030984      -0.18881593990441542     
  0.94666930119406867        3.2806516277953062       -1.2477266705057520E-002
  0.96971366094780820        2.5492667068869443        4.5178323464159622E-003
   1.0072880080559921      -0.76486086103298412      -0.14840048403739076     
   1.2232056218113416      -0.43122002017701966      -0.45700877340846785     
   1.4838881125408243      -0.46406544431615215       0.79119627603260356     
   1.1363897712148288       0.65189737278852500       -2.4571065985231462E-002
   2.8744948168219406       -1.0201601346834528      -0.97193857340225187     
   2.8769061697764475      -0.94971155371229665       0.92558106630033421     
   5.2398905858245248        4.6497635069284414E-002   2.9555746573473279E-004
   3.2690442909954753       -3.5716337609746347        8.4165726118798582E-003
First
                         Total        3.856810604E-01
Step size:       0.20
Step size in Bohr:       0.38
Learning Rate:       1.00
# Steps:          0
                         Error        3.856810604E-01
/home/unibas/boittier/FDCM/fbuta-c_0/0_1
Distance between Atom configurations = 0.2478310304447292
Distance between Charge configurations = 0.3040103666508513

real	0m0.822s
user	0m0.797s
sys	0m0.023s
-xyz
refined.xyz
-dens
/home/unibas/boittier/RDKit_G2/B.pdb/SCAN_1_2_3_4_S_36_10.0/1_SCAN/B.d.cube
-esp
/home/unibas/boittier/RDKit_G2/B.pdb/SCAN_1_2_3_4_S_36_10.0/1_SCAN/B.p.cube
-stepsize
0.2
-n_steps
0
-learning_rate
0.5
   3.7311615238014406        2.6958498789100296       0.25073978464649066     
   3.1024407743681661      -0.14173998593184675      -0.49337347681969290     
   2.8030853926232657       0.23799027508852338       0.42095890284168003     
   5.7422759453277843       -1.3036346730905017        5.3177026876392676E-002
   2.8847862583050898        1.3111067834432220E-002  0.68638449079832564     
  0.91846965820721704       -1.2300269207886969       0.13710294712516310     
   1.3899366631636423       -3.8006196112813191      -0.28439150873307617     
   2.3541503676237805       -1.9023512189363592       -6.1279427914643914E-002
   1.7924881052373345       -1.5399659971606561       -1.1991920978592054E-002
  -1.3597274096032110        1.6747064762767894       0.11492116314347953     
  -1.3053600605521505        1.8572222290471829       0.14331309252376009     
 -0.95656639764554063        3.2804275946663699       -4.0495148804891939E-002
 -0.97775773742588534        2.5489869329807409       -5.7502911490291977E-002
  -1.0014416856181501      -0.76686257691350301        9.3675720280881641E-002
  -1.2108685862714834      -0.43411284104123760       0.40767204103177540     
  -1.5015297433617805      -0.46688033197478984      -0.83389648772805225     
  -1.1378685520104370       0.64957576106847148       -2.5886096149536401E-002
  -2.8116874179686668       -1.0220264898673690        1.0393751680136634     
  -2.9239575351833418      -0.96037549957482748      -0.85512850746904878     
  -5.2313914412136571        3.6292343003188156E-002  0.20075110646775313     
  -3.2572283492339276       -3.5787168363611106        9.5041648151492186E-002
First
                         Total        3.892033814E-01
Step size:       0.20
Step size in Bohr:       0.38
Learning Rate:       1.00
# Steps:          0
                         Error        3.892033814E-01
/home/unibas/boittier/FDCM/fbuta-c_0/1_2
Distance between Atom configurations = 0.2497486434783308
Distance between Charge configurations = 0.23677026399384732

real	0m0.832s
user	0m0.813s
sys	0m0.017s
-xyz
refined.xyz
-dens
/home/unibas/boittier/RDKit_G2/B.pdb/SCAN_1_2_3_4_S_36_10.0/2_SCAN/B.d.cube
-esp
/home/unibas/boittier/RDKit_G2/B.pdb/SCAN_1_2_3_4_S_36_10.0/2_SCAN/B.p.cube
-stepsize
0.2
-n_steps
0
-learning_rate
0.5
  -3.7655800584115546        2.6676449227160637       0.10463504797211205     
  -3.0348794115077067      -0.20734713347317643       0.62920772121455881     
  -2.8394135069534370       0.24182326753664465      -0.28175410412441770     
  -5.7172171831716847       -1.3577828037235540       0.25112298514265119     
  -2.9490217746724992        3.6039112940264177E-002 -0.55255909192042962     
 -0.90304588097666971       -1.2369955196613023      -0.29341625985515457     
  -1.3403447228294236       -3.8205877743478536       -3.6710660862671801E-002
  -2.3276044449263109       -1.9288431113054259       -3.2634504451231908E-002
  -1.7723669119873380       -1.5596566260456548      -0.10067438546110265     
   1.3369885791432516        1.6977211655855338      -0.27010305205035029     
   1.2802334035877752        1.8795558852814558      -0.29819032793981104     
  0.91330129905195789        3.2978949945701683      -0.11209625679727592     
  0.94396210686515647        2.5667677530487474       -9.6075956866253948E-002
   1.0126574985658057      -0.74539865770682334      -0.25176107911889417     
   1.2168532571431345      -0.40921103506365442      -0.56554074296915868     
   1.5094539132569020      -0.43946456692171876       0.67563596006788229     
   1.1286496949703411       0.67270525522319535      -0.13038568773860137     
   2.9285029606747175      -0.92571504963031992      -0.98825304229599498     
   2.8304981621695844       -1.0091357844440443       0.90620879176508184     
   5.2332877240772975        6.5942033470903882E-002  0.16766658071035898     
   3.2880395604696693       -3.5445460657779302      -0.19676212939954854     
First
                         Total        3.280561438E+00
Step size:       0.20
Step size in Bohr:       0.38
Learning Rate:       1.00
# Steps:          0
                         Error        3.280561438E+00
/home/unibas/boittier/FDCM/fbuta-c_0/2_3
Distance between Atom configurations = 0.2610414570699136
Distance between Charge configurations = 0.24722970032721575

real	0m0.854s
user	0m0.830s
sys	0m0.022s
-xyz
refined.xyz
-dens
/home/unibas/boittier/RDKit_G2/B.pdb/SCAN_1_2_3_4_S_36_10.0/3_SCAN/B.d.cube
-esp
/home/unibas/boittier/RDKit_G2/B.pdb/SCAN_1_2_3_4_S_36_10.0/3_SCAN/B.p.cube
-stepsize
0.2
-n_steps
0
-learning_rate
0.5
  -3.7882069907560703        2.6420091363385692       0.11576462408453929     
  -3.0336095237589578      -0.22450291229757977       0.62556854855985367     
  -2.8372271107505802       0.22381384101880147      -0.28561664269839349     
  -5.7033769830626451       -1.4003806038084372       0.23615929763147203     
  -2.9434595943688220        1.6259586706411783E-002 -0.55641605737953126     
 -0.89305870268052201       -1.2383811110032827      -0.28871493306964313     
  -1.3018738910510250       -3.8234166891796906       -2.0591525546611270E-002
  -2.3070288001622656       -1.9413621683695816       -2.7345043469882084E-002
  -1.7548138265222548       -1.5673167098769138       -9.3416384906464173E-002
   1.3215236373165384        1.7161548286652535      -0.27260909890921287     
   1.2631193775396778        1.8974804655121744      -0.30060670895174663     
  0.88443056890618166        3.3126614159809380      -0.11402250480398357     
  0.92146483018553627        2.5818332925507441       -9.7820778496170074E-002
   1.0224682774920846      -0.73014389616738407      -0.25286713330263927     
   1.2226141114689615      -0.39212948518655560      -0.56729296874941948     
   1.5188865698276119      -0.41925845497078479       0.67308466637891617     
   1.1253712352594620       0.68902851209584959      -0.13217935416175583     
   2.8707299536013071      -0.94654762248102875       -1.1286251902604938     
   2.8385532011674606       -1.0046180170955969       0.89719553744211733     
   5.2336168599254416        8.8248624797652220E-002  0.17854329591467646     
   3.3059504763664576       -3.5256062681843865      -0.23022004301029755     
First
                         Total        3.359059683E+00
Step size:       0.20
Step size in Bohr:       0.38
Learning Rate:       1.00
# Steps:          0
                         Error        3.359059683E+00
/home/unibas/boittier/FDCM/fbuta-c_0/3_4
Distance between Atom configurations = 0.2820900669802546
Distance between Charge configurations = 0.26821624881632333

real	0m0.863s
user	0m0.843s
sys	0m0.018s
-xyz
refined.xyz
-dens
/home/unibas/boittier/RDKit_G2/B.pdb/SCAN_1_2_3_4_S_36_10.0/4_SCAN/B.d.cube
-esp
/home/unibas/boittier/RDKit_G2/B.pdb/SCAN_1_2_3_4_S_36_10.0/4_SCAN/B.p.cube
-stepsize
0.2
-n_steps
0
-learning_rate
0.5
  -3.8116320024561805        2.6155884179762503       0.13223701726032078     
  -3.0340375882140762      -0.24555458019895382       0.61919865341582203     
  -2.8381514342398040       0.20343903703924918      -0.29176005177996434     
  -5.6889272680731215       -1.4511845384519735       0.21882623812946445     
  -2.9407890104609544       -5.6962749596141827E-003 -0.56272938818743401     
 -0.88166903704055066       -1.2387337094432114      -0.27503845387037462     
  -1.2601091303527938       -3.8265432648182141       -1.2650467679217301E-002
  -2.2855437061899111       -1.9553860414659892       -2.7372838650911287E-002
  -1.7371420498715129       -1.5754190929649619       -9.1384913172150223E-002
   1.3046784284695316        1.7371794373283580      -0.27904473085217169     
   1.2444101523738536        1.9178542956956992      -0.30729788565857286     
  0.85319643816514013        3.3299379448756272      -0.12310342557601167     
  0.89727135204770891        2.5995484759858298      -0.10487147171792038     
   1.0330584256696289      -0.71107203967639199      -0.25101158770578769     
   1.2280014325220989      -0.37185098016543844      -0.56740058838217899     
   1.5307622889188213      -0.39223122996605159       0.67153869082482953     
   1.1213925243405458       0.70946068373580828      -0.13487050171976767     
   2.8791130889144463      -0.91026782881921176       -1.1354646324531799     
   2.8559680486733607       -1.0168272256469439       0.88113786536790517     
   5.2300158302662911       0.12344986860795609       0.15748980325350317     
   3.3345380150004118       -3.5009503213155693      -0.32296069142268735     
First
                         Total        3.555381079E+00
Step size:       0.20
Step size in Bohr:       0.38
Learning Rate:       1.00
# Steps:          0
                         Error        3.555381079E+00
/home/unibas/boittier/FDCM/fbuta-c_0/4_5
Distance between Atom configurations = 0.3139611700305188
Distance between Charge configurations = 0.3077546685199125

real	0m0.880s
user	0m0.856s
sys	0m0.022s
-xyz
refined.xyz
-dens
/home/unibas/boittier/RDKit_G2/B.pdb/SCAN_1_2_3_4_S_36_10.0/5_SCAN/B.d.cube
-esp
/home/unibas/boittier/RDKit_G2/B.pdb/SCAN_1_2_3_4_S_36_10.0/5_SCAN/B.p.cube
-stepsize
0.2
-n_steps
0
-learning_rate
0.5
  -3.8406067917081641        2.5800507185861479       0.15971265900046569     
  -3.0366537713969932      -0.27343904967148136       0.60959163535279726     
  -2.8397342244696628       0.17965816215546174      -0.29910964938495804     
  -5.6710110471385331       -1.5156916296027627       0.18597103718716609     
  -2.9372148449024946       -3.0487290969339768E-002 -0.57119943093053738     
 -0.86468557923739542       -1.2369155364004571      -0.26338801773139214     
  -1.2085482113323611       -3.8291679087762822       -1.2555741250087571E-002
  -2.2589263985802557       -1.9715748753472830       -3.3289584506293983E-002
  -1.7154317493688596       -1.5838281682292750       -9.2305359415896251E-002
   1.2839748932262096        1.7659586882137521      -0.27995103034844260     
   1.2212831754947986        1.9458559482306128      -0.30789087058473102     
  0.81337644911833851        3.3529453312699071      -0.12169857131775356     
  0.86673268924390168        2.6231713534043957      -0.10362009487829953     
   1.0457705284880447      -0.68572379363870384      -0.25082146325347615     
   1.2346461641792736      -0.34409371139203215      -0.56829679147881773     
   1.5445669540109668      -0.36056432173206887       0.66892907768781129     
   1.1168285660809714       0.73581845487231023      -0.13517859006800018     
   2.8892135427034700      -0.86168323422726933       -1.1455896450029202     
   2.8778850688072226       -1.0290697625641918       0.85340050034452497     
   5.2298917354024264       0.16485663340973519       0.15442694447583494     
   3.3752550023052321       -3.4655301485266850      -0.43847065536113272     
First
                         Total        3.843157978E+00
Step size:       0.20
Step size in Bohr:       0.38
Learning Rate:       1.00
# Steps:          0
                         Error        3.843157978E+00
/home/unibas/boittier/FDCM/fbuta-c_0/5_6
Distance between Atom configurations = 0.37445832646618715
Distance between Charge configurations = 0.39340172081837127

real	0m0.891s
user	0m0.864s
sys	0m0.024s
-xyz
refined.xyz
-dens
/home/unibas/boittier/RDKit_G2/B.pdb/SCAN_1_2_3_4_S_36_10.0/6_SCAN/B.d.cube
-esp
/home/unibas/boittier/RDKit_G2/B.pdb/SCAN_1_2_3_4_S_36_10.0/6_SCAN/B.p.cube
-stepsize
0.2
-n_steps
0
-learning_rate
0.5
   3.8862185176393531        2.5238437088745682      -0.21794403369326221     
   3.0399205742799609      -0.32056004061588189      -0.59209923049681656     
   2.8428614180318714       0.14690381694877191       0.25533744809056352     
   5.6449545386247992       -1.6061635932075433      -0.11867735887236387     
   2.9292730269116856       -6.2046275390222290E-002  0.58438236851934100     
  0.83578112457900111       -1.2306610264186157       0.24272797749233105     
   1.1360886271282205       -3.8327994087568840        4.6298933089002098E-002
   2.2221951582453143       -1.9964242545595134        5.9533865741882019E-002
   1.6852760558464139       -1.5980448163465450       0.10674090948258219     
  -1.2494551399715446        1.8173919424387344       0.27517808448211628     
  -1.1827540767567588        1.9959933812915305       0.30212997702876454     
 -0.74757940566321146        3.3939581740880405       0.10906665754155728     
 -0.81628560788017768        2.6654228752438374        9.2955960620909592E-002
  -1.0627079528078449      -0.64085221493740618       0.24891248988166220     
  -1.2414336369597636      -0.29493468828021818       0.56761909078792505     
  -1.5642075214728397      -0.30733245571621903      -0.66636362511571989     
  -1.1063450354051874       0.78162737083168421       0.13121577701555198     
  -2.9001075822344125      -0.77811032381478096        1.1626831305752769     
  -2.9204208954927600       -1.0599636474308349      -0.79402482474506253     
  -5.2342506124055062       0.21704181270255324      -0.14014876127550679     
  -3.4471255610342899       -3.3936342483767312       0.66518316652181808     
First
                         Total        4.209383433E+00
Step size:       0.20
Step size in Bohr:       0.38
Learning Rate:       1.00
# Steps:          0
                         Error        4.209383433E+00
/home/unibas/boittier/FDCM/fbuta-c_0/6_7
Distance between Atom configurations = 0.4534110407942328
Distance between Charge configurations = 0.6231826619794046

real	0m0.909s
user	0m0.885s
sys	0m0.022s
-xyz
refined.xyz
-dens
/home/unibas/boittier/RDKit_G2/B.pdb/SCAN_1_2_3_4_S_36_10.0/7_SCAN/B.d.cube
-esp
/home/unibas/boittier/RDKit_G2/B.pdb/SCAN_1_2_3_4_S_36_10.0/7_SCAN/B.p.cube
-stepsize
0.2
-n_steps
0
-learning_rate
0.5
  -3.5818115069951042        2.7286157807014040      -0.82876295298599734     
  -3.0660251761057165        8.2588092281992223E-002  0.47851608427667913     
  -2.8054859599221147       0.21125100725225227      -0.51414578532104682     
  -5.8186795230311112      -0.98990253849547527       0.28567206225741903     
  -2.9240985237952017       -6.0012224926267149E-002 -0.71425513195441792     
  -1.0440023602335839       -1.0673996645790138      -0.13713822753112040     
  -1.6641414511956776       -3.6702738748156163        1.0487437599636775     
  -2.5227744037702675       -1.6159913408535695       0.11748903725731791     
  -1.9352092678639696       -1.3019226854672725        4.4380248033898763E-002
   1.4669232210846692        1.6444924583689831      -0.23804129230752419     
   1.4258930739608822        1.8302471253667267      -0.26780101377254950     
   1.1937704835221852        3.2786860733824144       -9.7214617859446378E-002
   1.1591080640702935        2.5481212840423098       -6.8624694904860992E-002
  0.92243748250998880      -0.76080386259689081      -0.16493784180442225     
   1.1467362218984876      -0.44981228077512686      -0.49074455510258147     
   1.4734902585672727      -0.48722758642051900       0.74168472186795120     
   1.1712751414834490       0.64236976364756138       -7.3349211421056146E-002
   2.7788675315408038       -1.2032481541556030      -0.94813094211141291     
   2.8038986353763624       -1.0661513540376772       0.94557640367334483     
   5.2336139126159509      -0.30345067530484304       -2.8933069800634165E-002
   2.9692586577607822       -3.7424539846745928       0.12098368687864947     
First
                         Total        3.136570639E+00
Step size:       0.20
Step size in Bohr:       0.38
Learning Rate:       1.00
# Steps:          0
                         Error        3.136570639E+00
/home/unibas/boittier/FDCM/fbuta-c_0/7_8
Distance between Atom configurations = 0.45610612014625596
Distance between Charge configurations = 0.5489444695884784

real	0m0.923s
user	0m0.898s
sys	0m0.022s
-xyz
refined.xyz
-dens
/home/unibas/boittier/RDKit_G2/B.pdb/SCAN_1_2_3_4_S_36_10.0/8_SCAN/B.d.cube
-esp
/home/unibas/boittier/RDKit_G2/B.pdb/SCAN_1_2_3_4_S_36_10.0/8_SCAN/B.p.cube
-stepsize
0.2
-n_steps
0
-learning_rate
0.5
  -3.5212456610532050        2.6878299841987494      -0.96207469848714655     
  -3.0698486618023515       0.11052617986580404       0.49896250785738316     
  -2.8138008446428180       0.19103696175603166      -0.49992184257499983     
  -5.8133716959091055      -0.98911652482555223       0.37980243272266839     
  -2.9345423693620925       -8.8852174613282278E-002 -0.68641577706463230     
  -1.0442170943904958       -1.0466767863994022      -0.14573480633804806     
  -1.7555259459647312       -3.5508247730347673       0.21645095751584514     
  -2.5337359265440371       -1.5671462696622800       0.10526279056090990     
  -1.9410815551850300       -1.2632964610772692        3.0077059053063661E-002
   1.4860834178622588        1.6298423195536231      -0.30058947913731154     
   1.4472571230101454        1.8147896548122002      -0.33748002419870138     
   1.2260403883864910        3.2703117712194607      -0.22140019579099876     
   1.1841187824470614        2.5415356336723542      -0.16781196258873521     
  0.91773758110008818      -0.76743162872093740      -0.15189590837574454     
   1.1499716316661261      -0.47006400148055755      -0.48478559417652006     
   1.4571480120878733      -0.46701439454227733       0.75323031828927289     
   1.1782084286560190       0.63585398759327427      -0.10553536754589299     
   2.7815605292290719       -1.2533694828054140      -0.88447685070645476     
   2.7892187740188512       -1.0309910564664988        1.0012693641980643     
   5.2284033628090620      -0.31403554401528910        1.5894658296590248E-002
   2.9579862539154202       -3.7416531166649039       0.30034477615888672     
First
                         Total        3.940412190E+00
Step size:       0.20
Step size in Bohr:       0.38
Learning Rate:       1.00
# Steps:          0
                         Error        3.940412190E+00
/home/unibas/boittier/FDCM/fbuta-c_0/8_9
Distance between Atom configurations = 0.38600738002762697
Distance between Charge configurations = 0.4476374248047465

real	0m0.911s
user	0m0.896s
sys	0m0.012s
-xyz
refined.xyz
-dens
/home/unibas/boittier/RDKit_G2/B.pdb/SCAN_1_2_3_4_S_36_10.0/9_SCAN/B.d.cube
-esp
/home/unibas/boittier/RDKit_G2/B.pdb/SCAN_1_2_3_4_S_36_10.0/9_SCAN/B.p.cube
-stepsize
0.2
-n_steps
0
-learning_rate
0.5
   3.5917606729251244       -2.7138297730300422      -0.79219621196806855     
   3.0798073129486263       -7.4863051017870663E-002  0.53243289325568754     
   2.8198459744569120      -0.21563220718733828      -0.45873639771957014     
   5.7944353151200492        1.0645058186446608       0.35601677795803160     
   2.9318059621148453        5.6978253745301632E-002 -0.66083768372301988     
   1.0197989526036619        1.0688266261195369      -0.17954975750870347     
   1.6699505996227957        3.6102037976379369       0.23759525267421544     
   2.5116988161246043        1.5986906618652970        3.5004498674757148E-002
   1.9195507410790125        1.2908506406738418       -2.6736758707173864E-002
  -1.4882144094289278       -1.6258322893242116      -0.29006196734018680     
  -1.4490846737046414       -1.8100868663393348      -0.32997468382558381     
  -1.2140401300101087       -3.2650042990346186      -0.23550072915986972     
  -1.1759715953134955       -2.5365233335006709      -0.17541705449577841     
 -0.93352764033916591       0.77351040709754326      -0.13199687677358532     
  -1.1728267318828667       0.47784195225312426      -0.46137783020243056     
  -1.4451112241551667       0.45964373788366281       0.78464785515552904     
  -1.1823071711536763      -0.63212358383775513       -9.3180492321698560E-002
  -2.7923588934376600        1.2447397553358250      -0.87796565800917203     
  -2.7897736741608816        1.0179834635025677        1.0072729213213789     
  -5.2281526279799504       0.28670636936387461        3.1588594152781903E-002
  -2.9803989727114790        3.7293150616040251       0.31343153711856747     
First
                         Total        4.465049564E+00
Step size:       0.20
Step size in Bohr:       0.38
Learning Rate:       1.00
# Steps:          0
                         Error        4.465049564E+00
/home/unibas/boittier/FDCM/fbuta-c_0/9_10
Distance between Atom configurations = 0.33934233823259513
Distance between Charge configurations = 0.43052974234467156

real	0m0.896s
user	0m0.876s
sys	0m0.018s
-xyz
refined.xyz
-dens
/home/unibas/boittier/RDKit_G2/B.pdb/SCAN_1_2_3_4_S_36_10.0/10_SCAN/B.d.cube
-esp
/home/unibas/boittier/RDKit_G2/B.pdb/SCAN_1_2_3_4_S_36_10.0/10_SCAN/B.p.cube
-stepsize
0.2
-n_steps
0
-learning_rate
0.5
  -3.5298675488579971        2.8887222179712326       0.27191536540969197     
  -3.0758187764078522       -4.6353195638978974E-002  0.54737579408022208     
  -2.8018599134891229       0.42436287721155463      -0.31547761474897695     
  -5.8244647666942901      -0.95024944542587009       -6.3710514666805011E-004
  -2.9120888328934282       0.24003030271990511      -0.61639316788682907     
  -1.0042290188532979       -1.2221016818230108      -0.31314653575245338     
  -1.6700193018994898       -3.7629236136694124      -0.21502178257721169     
  -2.4889892601215928       -1.7932396599885663      -0.16415610428594424     
  -1.9012500509769656       -1.4721064200304486      -0.18970739620059118     
   1.4864775265931920        1.4850762314547339      -0.13047108822603201     
   1.4475075188797792        1.6725141840754034      -0.15102012037614096     
   1.1888027034693651        3.1259361809151764       0.13739167081021683     
   1.1735818387371983        2.3788304392674204        7.7608015696676025E-002
  0.93191777444555968      -0.91612434698303513      -0.22752935679050790     
   1.1726979611325223      -0.58762584839927090      -0.52297705269051997     
   1.4392101541947606      -0.70029995704514392       0.71932960208518737     
   1.1803210959066981       0.47760053842241190       -4.0362007032206389E-002
   2.8489006165829824      -0.82769392137164544       -1.2218724464246891     
   2.7875752943211136       -1.3062004854428220       0.81528126591067540     
   5.2459380474728583       -9.8402133654502177E-002  -7.6648354909319696E-003
   3.1383154593231239       -3.5549371896359974      -0.89757879854525158     
First
                         Total        9.532948663E+00
Step size:       0.20
Step size in Bohr:       0.38
Learning Rate:       1.00
# Steps:          0
                         Error        9.532948663E+00
/home/unibas/boittier/FDCM/fbuta-c_0/10_11
Distance between Atom configurations = 0.29316646138331004
Distance between Charge configurations = 0.25681869504290983

real	0m0.910s
user	0m0.868s
sys	0m0.026s
-xyz
refined.xyz
-dens
/home/unibas/boittier/RDKit_G2/B.pdb/SCAN_1_2_3_4_S_36_10.0/11_SCAN/B.d.cube
-esp
/home/unibas/boittier/RDKit_G2/B.pdb/SCAN_1_2_3_4_S_36_10.0/11_SCAN/B.p.cube
-stepsize
0.2
-n_steps
0
-learning_rate
0.5
  -3.5372490043550546        2.8861760312490499       0.20898559824219573     
  -3.0708998234682983       -5.2424997952658335E-002  0.59057135165675922     
  -2.8083844462550616       0.40813648873959246      -0.29756220244075310     
  -5.8183886600076384      -0.96655167014490773        3.5619500070730434E-002
  -2.9251782576018677       0.22100081613675415      -0.57869540524876162     
  -1.0054282058922934       -1.2275333805176902      -0.28539359782637613     
  -1.6556210035201038       -3.7695125475929139      -0.14772509747893467     
  -2.4843123101857438       -1.8036337674031095      -0.10841445079900686     
  -1.8987191211286967       -1.4797849393507521      -0.14608881595052381     
   1.4593245878048386        1.5143266927799746      -0.17295113649094740     
   1.4175509330211347        1.7009177348665092      -0.19559302433607498     
   1.1796595369299534        3.1379962683824298        5.4101342285317995E-002
   1.1502602911536590        2.4067005520348599        4.4825673045857543E-002
  0.93594562606162313      -0.89517718048186190      -0.22850823531234646     
   1.1682050553962560      -0.56775049950652245      -0.53186121280893472     
   1.4531882852655884      -0.65914791723051847       0.70809084232732022     
   1.1680545991492810       0.50425500185147076       -6.4435462467928348E-002
   2.8643322284252228      -0.90571918471856638       -1.1589296488021412     
   2.8107945663239362       -1.2456310821100076       0.79384284612480382     
   5.2415329330198457       -8.2785893775687264E-002   1.4357262800983312E-002
   2.9954778377398874       -3.8576387127117404      -0.21251062183206582     
First
                         Total        9.510206737E+00
Step size:       0.20
Step size in Bohr:       0.38
Learning Rate:       1.00
# Steps:          0
                         Error        9.510206737E+00
/home/unibas/boittier/FDCM/fbuta-c_0/11_12
Distance between Atom configurations = 0.2722326234862921
Distance between Charge configurations = 0.3068412836886478

real	0m0.887s
user	0m0.861s
sys	0m0.023s
-xyz
refined.xyz
-dens
/home/unibas/boittier/RDKit_G2/B.pdb/SCAN_1_2_3_4_S_36_10.0/12_SCAN/B.d.cube
-esp
/home/unibas/boittier/RDKit_G2/B.pdb/SCAN_1_2_3_4_S_36_10.0/12_SCAN/B.p.cube
-stepsize
0.2
-n_steps
0
-learning_rate
0.5
  -3.5720028554076624        2.8607111993520253       0.17189463262766663     
  -3.0679759808458003       -6.9725072460948001E-002  0.60841739681901452     
  -2.8182849963007608       0.38397040456883685      -0.28691898832966684     
  -5.8128222679803097       -1.0220890141037653       0.13845072998167099     
  -2.9347889563643643       0.19213090852713136      -0.56498528815487359     
 -0.99418402159648689       -1.2280447484440673      -0.27024621600041321     
  -1.6107499210366540       -3.7773459952672481       -9.8801125488755928E-002
  -2.4645934887016074       -1.8220056164536444       -7.5367132563678663E-002
  -1.8835644529266096       -1.4910787073332441      -0.12129582399781370     
   1.4429108399816730        1.5391251581242829      -0.20657444818468546     
   1.3991337880816408        1.7250509966574814      -0.23084506001847793     
   1.1406638489341521        3.1665423633132690       -6.0929774457566021E-003
   1.1200721439623484        2.4348884881124158       -4.5544618338127420E-003
  0.94274534219853101      -0.87580317938367647      -0.23258682249076418     
   1.1693883408252106      -0.54937061563889400      -0.54121351509193460     
   1.4650126909420276      -0.62484213544836342       0.69731800312859604     
   1.1624160244449566       0.52747893515958788       -8.5111463561643966E-002
   2.8768670755561945      -0.92897626054622229       -1.1233292149130556     
   2.8289339176329786       -1.1971664731102800       0.77840106617585003     
   5.2424305288111901       -7.1139426855476598E-002   3.6018213214808505E-002
   3.2110516126245385       -3.6123915992938023      -0.54774817332018788     
First
                         Total        9.226873422E+00
Step size:       0.20
Step size in Bohr:       0.38
Learning Rate:       1.00
# Steps:          0
                         Error        9.226873422E+00
/home/unibas/boittier/FDCM/fbuta-c_0/12_13
Distance between Atom configurations = 0.2723881305152139
Distance between Charge configurations = 0.2976303926081257

real	0m0.885s
user	0m0.863s
sys	0m0.020s
-xyz
refined.xyz
-dens
/home/unibas/boittier/RDKit_G2/B.pdb/SCAN_1_2_3_4_S_36_10.0/13_SCAN/B.d.cube
-esp
/home/unibas/boittier/RDKit_G2/B.pdb/SCAN_1_2_3_4_S_36_10.0/13_SCAN/B.p.cube
-stepsize
0.2
-n_steps
0
-learning_rate
0.5
  -3.5822472750708996        2.8530959889187093       0.15138837056704973     
  -3.0645327897417114       -7.3405226013251210E-002  0.61874110411986460     
  -2.8223434676931647       0.37211955563329741      -0.28220810938048174     
  -5.8076012663732532       -1.0415279071140160       0.17179501728621882     
  -2.9394669920309622       0.17727943653037775      -0.55791781193948220     
 -0.99127633841889928       -1.2319187998621268      -0.26054424572966128     
  -1.5950288166697477       -3.7809508029735088       -6.2591496324596249E-002
  -2.4571260693139467       -1.8291216493744482       -5.2331416878073696E-002
  -1.8777698383891259       -1.4961595980150646      -0.10428749769249279     
   1.4292221671424123        1.5534712174127638      -0.23514677165339842     
   1.3839625965529612        1.7388279235738568      -0.26099968362259912     
   1.1274188840545125        3.1745263994362478       -6.2190599443276096E-002
   1.1099568039564038        2.4429075504992985       -4.9048526578602446E-002
  0.94665059357539560      -0.86517421334845468      -0.23517381948151442     
   1.1693504286150300      -0.54012367564230024      -0.54809974409576134     
   1.4717010551695668      -0.60136430183505019       0.68959315506605956     
   1.1567614171440501       0.54104121629234048      -0.10244669193648459     
   2.8769394724790285      -0.94354474166596269       -1.1008614667630532     
   2.8401692935696738       -1.1629235818249617       0.76932131043631580     
   5.2382903999464734       -7.0460019707498905E-002   5.1514187759714170E-002
   3.2162428519428712       -3.6136172088059788      -0.48986221408019637     
First
                         Total        8.911452902E+00
Step size:       0.20
Step size in Bohr:       0.38
Learning Rate:       1.00
# Steps:          0
                         Error        8.911452902E+00
/home/unibas/boittier/FDCM/fbuta-c_0/13_14
Distance between Atom configurations = 0.25391453696783406
Distance between Charge configurations = 0.28730039254349626

real	0m0.953s
user	0m0.857s
sys	0m0.017s
-xyz
refined.xyz
-dens
/home/unibas/boittier/RDKit_G2/B.pdb/SCAN_1_2_3_4_S_36_10.0/14_SCAN/B.d.cube
-esp
/home/unibas/boittier/RDKit_G2/B.pdb/SCAN_1_2_3_4_S_36_10.0/14_SCAN/B.p.cube
-stepsize
0.2
-n_steps
0
-learning_rate
0.5
  -3.6248263822605900        2.8150260386448429       0.13051135531976008     
  -3.0627504726321240      -0.10055189812128536       0.62880804976482541     
  -2.8301925379884598       0.34521692885150296      -0.27451766545191975     
  -5.7930384518629552       -1.1097727303400846       0.19470223320560726     
  -2.9444306534692806       0.14884150992742429      -0.54889503157125497     
 -0.97607031704950431       -1.2321241596479271      -0.25351573341527206     
  -1.5421308926432913       -3.7888933892810042       -4.4544296399173011E-002
  -2.4323085390406964       -1.8496932445638978       -3.8176905278390148E-002
  -1.8580045354189789       -1.5085865803978560       -9.3294591877511920E-002
   1.4097909883149924        1.5830399629561078      -0.24520722529877781     
   1.3424292194405514        1.8447606942896020        3.9130920568961169E-002
   1.0786484674999084        3.2057071650776554       -9.7846393649227661E-002
   1.0724444594890139        2.4740467074605688       -7.8397396643810388E-002
  0.95773362495562064      -0.84147651406109725      -0.23598567481608496     
   1.1752221212690956      -0.51463913303946640      -0.55071060745353373     
   1.4826570107934571      -0.56815622650051412       0.68608757241277707     
   1.1505745219502659       0.56768492605505383      -0.10838744887632501     
   2.8900175118976694      -0.95061584343219829       -1.0748434848367201     
   2.8583629023604948       -1.1121897010474897       0.76271394966963346     
   5.2416562983531803       -5.2445200875345176E-002   6.6766244902844954E-002
   3.2366839980666731       -3.6050346523168484      -0.40903520169125934     
First
                         Total        9.222370744E+00
Step size:       0.20
Step size in Bohr:       0.38
Learning Rate:       1.00
# Steps:          0
                         Error        9.222370744E+00
/home/unibas/boittier/FDCM/fbuta-c_0/14_15
Distance between Atom configurations = 0.25756013236760555
Distance between Charge configurations = 0.2890585889923495

real	0m0.875s
user	0m0.852s
sys	0m0.021s
-xyz
refined.xyz
-dens
/home/unibas/boittier/RDKit_G2/B.pdb/SCAN_1_2_3_4_S_36_10.0/15_SCAN/B.d.cube
-esp
/home/unibas/boittier/RDKit_G2/B.pdb/SCAN_1_2_3_4_S_36_10.0/15_SCAN/B.p.cube
-stepsize
0.2
-n_steps
0
-learning_rate
0.5
  -3.6694122386476842        2.7729706262111797       0.12412324258426422     
  -3.0596372687048592      -0.12516936808369131       0.63135840224814055     
  -2.8352583814391390       0.31816145602935758      -0.27559253169079728     
  -5.7764209511903406       -1.1762197590582351       0.21204170105414036     
  -2.9480460544735720       0.11746460990024912      -0.54841164017854016     
 -0.95879560342978754       -1.2324421337820879      -0.24855273127127708     
  -1.4884218317668116       -3.7962114642432221       -2.0011096187641686E-002
  -2.4061248789241501       -1.8698805417306790       -2.4938701717761937E-002
  -1.8368904634257288       -1.5210374198805168       -8.4078035840331092E-002
   1.3926830216322788        1.6093691666833534      -0.26634709481886215     
   1.3521032699307327        1.8661592108358749        4.3929290224669681E-002
   1.0249470681293593        3.2399381652448702      -0.13915396018558895     
   1.0313264394748376        2.5084752915781774      -0.11336352574063770     
  0.96824595585565709      -0.82000438052502223      -0.23954430750521535     
   1.1811036817268044      -0.49284748452180499      -0.55709061408100469     
   1.4926634724073118      -0.53453865260992173       0.67913039028858624     
   1.1454186696471480       0.59208248157929277      -0.12196281879611938     
   2.8975326592707829      -0.93774045322631772       -1.0617718313019271     
   2.8746787966850160       -1.0623957502571171       0.75536195288895736     
   5.2468047040261405       -3.9333299865257403E-002   8.1446638611426869E-002
   3.2415198821498916       -3.5883756982067125      -0.38544795056305442     
First
                         Total        9.100369695E+00
Step size:       0.20
Step size in Bohr:       0.38
Learning Rate:       1.00
# Steps:          0
                         Error        9.100369695E+00
/home/unibas/boittier/FDCM/fbuta-c_0/15_16
Distance between Atom configurations = 0.28303348792364375
Distance between Charge configurations = 0.3403255664549953

real	0m0.863s
user	0m0.844s
sys	0m0.017s
-xyz
refined.xyz
-dens
/home/unibas/boittier/RDKit_G2/B.pdb/SCAN_1_2_3_4_S_36_10.0/16_SCAN/B.d.cube
-esp
/home/unibas/boittier/RDKit_G2/B.pdb/SCAN_1_2_3_4_S_36_10.0/16_SCAN/B.p.cube
-stepsize
0.2
-n_steps
0
-learning_rate
0.5
  -3.7039170386942732        2.7378653994833670       0.13432709230392093     
  -3.0560081904727965      -0.14203574910452749       0.63031323126442418     
  -2.8382322127972892       0.29543346079749200      -0.28145083511051738     
  -5.7621487974465362       -1.2269016576084035       0.22867163289445969     
  -2.9501444471603593        9.0167089825490682E-002 -0.55208091148920757     
 -0.94477235902248613       -1.2341546381924051      -0.24423215204658691     
  -1.4462203980728094       -3.8018665308681534        1.0819763312025586E-002
  -2.3850550636362677       -1.8858586634338270       -1.0565038587133644E-002
  -1.8198450479628889       -1.5313932300280735       -7.4664172695385167E-002
   1.4091390281931866        1.6972359883208172        8.0966814245670440E-002
   1.3595077681970222        1.8831986467647353        7.5624717112337925E-002
  0.98020935617466509        3.2636514195110737      -0.19404025024921506     
  0.99674075626754388        2.5326499665657853      -0.16076312532523218     
  0.97834601049931369      -0.80230383548620210      -0.24431418357881757     
   1.1869788872539715      -0.47613050185253042      -0.56565354009898483     
   1.5021780685616859      -0.50235420718577484       0.67006965774571681     
   1.1412088320208671       0.61263156733151058      -0.14117161067114326     
   2.9001169392319164      -0.91718196377006800       -1.0565640333341157     
   2.8897738282914101       -1.0151427934016310       0.74776519583033030     
   5.2507964647576806       -2.8673632688120235E-002   8.9653365826768777E-002
   3.2448653095207374       -3.5699472558908978      -0.39572785494181056     
First
                         Total        8.357546088E+00
Step size:       0.20
Step size in Bohr:       0.38
Learning Rate:       1.00
# Steps:          0
                         Error        8.357546088E+00
/home/unibas/boittier/FDCM/fbuta-c_0/16_17
Distance between Atom configurations = 0.30298419356894196
Distance between Charge configurations = 0.36748758224433736

real	0m0.844s
user	0m0.823s
sys	0m0.018s
-xyz
refined.xyz
-dens
/home/unibas/boittier/RDKit_G2/B.pdb/SCAN_1_2_3_4_S_36_10.0/17_SCAN/B.d.cube
-esp
/home/unibas/boittier/RDKit_G2/B.pdb/SCAN_1_2_3_4_S_36_10.0/17_SCAN/B.p.cube
-stepsize
0.2
-n_steps
0
-learning_rate
0.5
  -3.7231097526661618        2.7178587396695786       0.14278260445076188     
  -3.0523230828978227      -0.15614187112462297       0.62960108359054079     
  -2.8402248792652318       0.27620891592286301      -0.28561738551786431     
  -5.7497602877314788       -1.2667638269496868       0.23998794866586901     
  -2.9502911112037977        6.8627909598775988E-002 -0.55456496126936883     
 -0.93376222610538862       -1.2369339085146438      -0.24073815025858680     
  -1.4124240904036740       -3.8064285339482749        3.3204555960884341E-002
  -2.3675605595637448       -1.8986657962669697       -1.0683970662496481E-004
  -1.8054882694691730       -1.5398698219551696       -6.7612349229528274E-002
   1.3979539230240188        1.6979188568101762       0.10405237264773932     
   1.3472744893251671        1.8836412832488183       0.10049068430861496     
  0.95423267486253316        3.2732944963636710      -0.23242159676032689     
  0.97616454691961385        2.5427355216741496      -0.19309786437100063     
  0.98655204514216421      -0.78748442658452034      -0.24670493517682704     
   1.1916655485419845      -0.46172027279492839      -0.57071399325117267     
   1.5089500338485107      -0.47609491170304025       0.66467013868918379     
   1.1364290637812657       0.62960810796133793      -0.15401992589728883     
   2.8992557126893455      -0.90077482100375872       -1.0539597262502833     
   2.9013608670076945      -0.97542256152985340       0.74388309868186464     
   5.2490390217802139       -7.0806218686666105E-003   9.3229415802778229E-002
   3.2545581125707508       -3.5556688955262747      -0.40528008720733844     
First
                         Total        8.370821072E+00
Step size:       0.20
Step size in Bohr:       0.38
Learning Rate:       1.00
# Steps:          0
                         Error        8.370821072E+00
/home/unibas/boittier/FDCM/fbuta-c_0/17_18
Distance between Atom configurations = 0.3169618705241712
Distance between Charge configurations = 0.3835428633639028

real	0m0.834s
user	0m0.810s
sys	0m0.019s
-xyz
refined.xyz
-dens
/home/unibas/boittier/RDKit_G2/B.pdb/SCAN_1_2_3_4_S_36_10.0/18_SCAN/B.d.cube
-esp
/home/unibas/boittier/RDKit_G2/B.pdb/SCAN_1_2_3_4_S_36_10.0/18_SCAN/B.p.cube
-stepsize
0.2
-n_steps
0
-learning_rate
0.5
   3.7324588823636899        2.7045382725101752      -0.14634272237849694     
   3.0486981189858429      -0.16747059497296565      -0.62876457591749491     
   2.8393798694398518       0.26229062717097484       0.28872766735962146     
   5.7398480412320323       -1.2959547162671483      -0.24708056830313951     
   2.9490768047674005        5.2135274003520797E-002  0.55657506124893763     
  0.92392940187564432       -1.2392817650686339       0.23827909979501688     
   1.3877031915488753       -3.8108255737223886       -4.8583057433208530E-002
   2.3541764446700477       -1.9089461362265816       -6.8932107296566089E-003
   1.7943052306820830       -1.5471554885764289        6.2881822849575622E-002
  -1.3706277033657659        1.6824933863411884      -0.12330825502947314     
  -1.3175446047759383        1.8675650918923266      -0.12117313100177615     
 -0.94181372954948117        3.2759852944839407       0.25180321251055343     
 -0.96607994746541748        2.5456337109939935       0.21007200593630188     
 -0.99490603247721399      -0.77619554335030128       0.24805006395229709     
  -1.1973939642344320      -0.45058526767002577       0.57386026752106334     
  -1.5158274129256171      -0.45651550851898309      -0.66129761684356514     
  -1.1346625833981070       0.64238273980061433       0.16255945526224225     
  -2.8208002353018089       -1.0585624398405598        1.1515063530560352     
  -2.9118618032228358      -0.94541692416858591      -0.74175947174830026     
  -5.2430098140456955        2.4871275768370383E-002  -9.4223009404837146E-002
  -3.2648870572963320       -3.5483274127874562       0.42120071746302962     
First
                         Total        8.225127720E+00
Step size:       0.20
Step size in Bohr:       0.38
Learning Rate:       1.00
# Steps:          0
                         Error        8.225127720E+00
/home/unibas/boittier/FDCM/fbuta-c_0/18_19
Distance between Atom configurations = 0.3179102453260731
Distance between Charge configurations = 0.4060027284853078

real	0m0.844s
user	0m0.819s
sys	0m0.023s
-xyz
refined.xyz
-dens
/home/unibas/boittier/RDKit_G2/B.pdb/SCAN_1_2_3_4_S_36_10.0/19_SCAN/B.d.cube
-esp
/home/unibas/boittier/RDKit_G2/B.pdb/SCAN_1_2_3_4_S_36_10.0/19_SCAN/B.p.cube
-stepsize
0.2
-n_steps
0
-learning_rate
0.5
  -3.7227992106934149        2.6805239819009405      -0.39345546696328215     
  -3.0835291742183397      -0.10991527010103755       0.52071262033275079     
  -2.8114756061464266       0.21471388431425001      -0.42290551451546143     
  -5.7444690916899308       -1.2853372238707412       0.12495581800743308     
  -2.9024034686245055       -2.4596284307878996E-002 -0.67222298095079691     
 -0.92293017539863453       -1.2242714157441656      -0.15295361126222590     
  -1.3913383205365248       -3.7850571779856401       0.47036515987610134     
  -2.3544036315011057       -1.9005841040233094        6.1614606663245586E-002
  -1.7936638091422832       -1.5373369523553218        8.3308125364424807E-003
   1.3513979493097550        1.6797936825933766      -0.11449167976658135     
   1.2957840665223617        1.8630925523732906      -0.13405007143957720     
  0.95209129429205630        3.2773462815580685       0.11531193062213810     
  0.97492954132165832        2.5460487504301166       0.10430252533288613     
  0.99815065921887547      -0.76308926060408344      -0.14166509993185530     
   1.2004865854384872      -0.42288082734026894      -0.45230009117150005     
   1.5189027717436396      -0.48490478318075275       0.78131824101669101     
   1.1372205803764883       0.65019068651518086        8.3490034940676434E-003
   2.8237331165123867       -1.0026762416875372       -1.0569419848433665     
   2.9147092267920853      -0.97583003106868160       0.83951582607010977     
   5.2350908771504949        3.6644560599809174E-002 -0.17192155165722059     
   3.2556780643971219       -3.5767749724125220      -0.15459922733746870     
First
                         Total        7.450449647E+00
Step size:       0.20
Step size in Bohr:       0.38
Learning Rate:       1.00
# Steps:          0
                         Error        7.450449647E+00
/home/unibas/boittier/FDCM/fbuta-c_0/19_20
Distance between Atom configurations = 0.3022765187821494
Distance between Charge configurations = 0.3873587352964436

real	0m0.862s
user	0m0.839s
sys	0m0.021s
-xyz
refined.xyz
-dens
/home/unibas/boittier/RDKit_G2/B.pdb/SCAN_1_2_3_4_S_36_10.0/20_SCAN/B.d.cube
-esp
/home/unibas/boittier/RDKit_G2/B.pdb/SCAN_1_2_3_4_S_36_10.0/20_SCAN/B.p.cube
-stepsize
0.2
-n_steps
0
-learning_rate
0.5
  -3.6856311859860491        2.7017172603218387      -0.37472255504386098     
  -3.0827310133005956      -0.10036588868672831       0.52447081413189534     
  -2.8059252272512398       0.22901539120071362      -0.41611354969772513     
  -5.7560949467544109       -1.2443645435446100       0.11362317789331247     
  -2.8978497092237938       -7.8899757726309042E-003 -0.66735480579198547     
 -0.93726756610641127       -1.2116269664417660      -0.15209868827807491     
  -1.4028918733038360       -3.7852056405073853       0.45275538715691555     
  -2.3742887327432443       -1.8751477654963749        6.5306334333355837E-002
  -1.8106271892779939       -1.5167158477466254        1.0269718820900258E-002
   1.3630783140310556        1.6756241868207977      -0.11839728177637075     
   1.3090885569261532        1.8592884052891399      -0.13904846305698507     
  0.97434750512641599        3.2761643760502812       0.10241791898056304     
  0.99257258721020780        2.5458871981889959        9.4593343342075628E-002
  0.98916151380921491      -0.76480153292531738      -0.14187033254807965     
   1.1946022350053502      -0.42827636447772144      -0.45447331391766088     
   1.5111842251994902      -0.48490359681633249       0.77987640490289301     
   1.1396158175497491       0.64823816363366715       -8.4834291049629704E-004
   2.8147487136808542       -1.0262773783341608       -1.0536393103777468     
   2.9039172030045419      -0.98788742658653905       0.84270580387690730     
   5.2335733226834833       -9.6692286071647275E-004 -0.17266193961618642     
   3.2246806918933628       -3.5979163431185990      -0.13417643805082344     
First
                         Total        7.393619933E+00
Step size:       0.20
Step size in Bohr:       0.38
Learning Rate:       1.00
# Steps:          0
                         Error        7.393619933E+00
/home/unibas/boittier/FDCM/fbuta-c_0/20_21
Distance between Atom configurations = 0.2780169994668158
Distance between Charge configurations = 0.3613264542868368

real	0m0.970s
user	0m0.849s
sys	0m0.023s
-xyz
refined.xyz
-dens
/home/unibas/boittier/RDKit_G2/B.pdb/SCAN_1_2_3_4_S_36_10.0/21_SCAN/B.d.cube
-esp
/home/unibas/boittier/RDKit_G2/B.pdb/SCAN_1_2_3_4_S_36_10.0/21_SCAN/B.p.cube
-stepsize
0.2
-n_steps
0
-learning_rate
0.5
  -3.6731467164447729        2.7153344587935448      -0.33401581734044233     
  -3.0795370278744083       -9.4969128605427056E-002  0.52896571131139880     
  -2.7992365846236926       0.23878326703856959      -0.40903930793253279     
  -5.7528234195966217       -1.2336132050169666        9.5091088754263572E-002
  -2.8907162016599197        3.3027448609356416E-003 -0.66177797808882921     
 -0.94490444631029236       -1.1990525759862984      -0.15035669332601154     
  -1.4115484114499008       -3.7831992369960168       0.44397311670553108     
  -2.3872620693735729       -1.8498379107823713        7.0182562142565783E-002
  -1.8207828555492138       -1.4961847633465635        1.3195231058015698E-002
   1.3693957070694440        1.6707010896152550      -0.12283290440642908     
   1.3162861196136983        1.8543349183743056      -0.14589583920862670     
  0.98389410477307837        3.2747329017979108        7.7863590542814554E-002
  0.99966639002541691        2.5443082179520888        7.7436979470962716E-002
  0.98410561932523433      -0.76816017463701125      -0.14113007479021980     
   1.1915125542267480      -0.43473202591873117      -0.45574688280034753     
   1.5061564595273462      -0.48433894762336910       0.77940023171118789     
   1.1408520045413166       0.64510984713214292       -9.5880685062797646E-003
   2.8091018011887341       -1.0436174141182806       -1.0484730806451132     
   2.8958727993927469      -0.99262714363019366       0.84768629726255196     
   5.2314091838616221       -2.3376218136042428E-002 -0.17118749836133171     
   3.2059792120363149       -3.6107383556189059      -0.11083692625774069     
First
                         Total        7.450101944E+00
Step size:       0.20
Step size in Bohr:       0.38
Learning Rate:       1.00
# Steps:          0
                         Error        7.450101944E+00
/home/unibas/boittier/FDCM/fbuta-c_0/21_22
Distance between Atom configurations = 0.259718267117896
Distance between Charge configurations = 0.3393397685807338

real	0m0.880s
user	0m0.859s
sys	0m0.019s
-xyz
refined.xyz
-dens
/home/unibas/boittier/RDKit_G2/B.pdb/SCAN_1_2_3_4_S_36_10.0/22_SCAN/B.d.cube
-esp
/home/unibas/boittier/RDKit_G2/B.pdb/SCAN_1_2_3_4_S_36_10.0/22_SCAN/B.p.cube
-stepsize
0.2
-n_steps
0
-learning_rate
0.5
  -3.6701994974118000        2.7329827417129309      -0.31032429821716323     
  -3.0838821860854173       -8.1730421379612159E-002  0.53571648875246203     
  -2.8023727259004549       0.25583377549417835      -0.40056084891345967     
  -5.7596244935678040       -1.2135341576562864        8.9525831214234061E-002
  -2.8936286305167309        2.1436405287564460E-002 -0.65438493122916042     
 -0.95995218945632965       -1.1827151640569760      -0.14907363372629306     
  -1.4175221404514962       -3.7698607180087365       0.43733597656949608     
  -2.4090060804503795       -1.8174154653280876        7.4427991678071792E-002
  -1.8389960072765956       -1.4698225476344338        1.5398470757706713E-002
   1.3924184766371355        1.6629468471976838      -0.13159799913881146     
   1.3416049550575513        1.8469492778719092      -0.15679724192061059     
   1.0236812717636381        3.2730583396209818        5.1088863313121818E-002
   1.0310239191494530        2.5425131189569026        5.7490224589969489E-002
  0.97524411913168663      -0.76941524953268015      -0.14026502598111440     
   1.1868856608965686      -0.44112277886263646      -0.45745205974221265     
   1.4986595802048748      -0.48306688985441953       0.77870640222867893     
   1.1472489076055552       0.64317762731239181       -2.1098754932962503E-002
   2.7988621429125722       -1.0730775342835244       -1.0415262023873495     
   2.8826474885269393       -1.0059933347793537       0.85426633011142517     
   5.2305808822131228       -7.1598789801329138E-002 -0.16866914404460631     
   3.1657847316773839       -3.6358591358590386       -8.0120230892140362E-002
First
                         Total        7.552650470E+00
Step size:       0.20
Step size in Bohr:       0.38
Learning Rate:       1.00
# Steps:          0
                         Error        7.552650470E+00
/home/unibas/boittier/FDCM/fbuta-c_0/22_23
Distance between Atom configurations = 0.2563848109260618
Distance between Charge configurations = 0.3300833068726372

real	0m1.129s
user	0m0.862s
sys	0m0.020s
-xyz
refined.xyz
-dens
/home/unibas/boittier/RDKit_G2/B.pdb/SCAN_1_2_3_4_S_36_10.0/23_SCAN/B.d.cube
-esp
/home/unibas/boittier/RDKit_G2/B.pdb/SCAN_1_2_3_4_S_36_10.0/23_SCAN/B.p.cube
-stepsize
0.2
-n_steps
0
-learning_rate
0.5
  -3.6781251607040404        2.7479071353604030      -0.30580136316068862     
  -3.0857893908450098       -6.2089572548787560E-002  0.54309597417955224     
  -2.8076064882737368       0.26900900449395065      -0.39647862169283465     
  -5.7630555526005143       -1.1991304072564344       0.10209157516480452     
  -2.9000334697798902        3.3009504036819216E-002 -0.64838717836402904     
 -0.97396948503673642       -1.1632071039340459      -0.14869028601442077     
  -1.4260205108493438       -3.7522341436595683       0.46259450714122374     
  -2.4302880108190652       -1.7807198087813632        7.5740190553187037E-002
  -1.8564428525407863       -1.4396843387821550        1.5629070005872558E-002
   1.4170146906449490        1.6549675946045623      -0.14398383098973563     
   1.3688744408999032        1.8394016001152373      -0.17119640661004487     
   1.0695051189669396        3.2719784895497384        2.1538615646425376E-002
   1.0664065032655576        2.5410550886120644        3.4678030796930423E-002
  0.96616793607390428      -0.77008188082310902      -0.13821480653757778     
   1.1825586311215366      -0.44678705795511953      -0.45732486198707223     
   1.4908307078151852      -0.48322389728787679       0.77988599788298929     
   1.1551039384947304       0.64116787126319963       -2.9209268364194650E-002
   2.7881827116854123       -1.1028052795616849       -1.0326550621724411     
   2.8682309581261527       -1.0224854924714324       0.86278436188850471     
   5.2375694096983132      -0.12042625515396460      -0.10428736107192686     
   3.1215099351391333       -3.6625600518031116       -5.1160470420478582E-002
First
                         Total        7.715562077E+00
Step size:       0.20
Step size in Bohr:       0.38
Learning Rate:       1.00
# Steps:          0
                         Error        7.715562077E+00
/home/unibas/boittier/FDCM/fbuta-c_0/23_24
Distance between Atom configurations = 0.25932380812267536
Distance between Charge configurations = 0.33284783036409377

real	0m0.893s
user	0m0.871s
sys	0m0.015s
-xyz
refined.xyz
-dens
/home/unibas/boittier/RDKit_G2/B.pdb/SCAN_1_2_3_4_S_36_10.0/24_SCAN/B.d.cube
-esp
/home/unibas/boittier/RDKit_G2/B.pdb/SCAN_1_2_3_4_S_36_10.0/24_SCAN/B.p.cube
-stepsize
0.2
-n_steps
0
-learning_rate
0.5
  -3.6894480117611965        2.7600013730654376      -0.31164523198395261     
  -3.0866619902638273       -4.1927410960205060E-002  0.55281350782647920     
  -2.8132786384461590       0.28049946299471445      -0.39117530042924287     
  -5.7645883622370730       -1.1875366378231609       0.12890402469333684     
  -2.9069372707866474        4.2169422315804735E-002 -0.64042073037454283     
 -0.98637302035239249       -1.1426231941297111      -0.14921649612768520     
  -1.4304908031019687       -3.7325648560814906       0.49765748815267830     
  -2.4499712289233790       -1.7429983687152169        7.4355777659228614E-002
  -1.8723223682273684       -1.4085146862159412        1.3863925573330471E-002
   1.4424923782185599        1.6465199770557892      -0.15985753826524926     
   1.3970996641299644        1.8312659573031544      -0.18956165576146977     
   1.1171811615768823        3.2706852589996314       -1.5793370992605183E-002
   1.1032106706817617        2.5394684942700825        6.0583364627133408E-003
  0.95772104385860068      -0.76985863001219723      -0.13458967158534116     
   1.1793122822234992      -0.45184602290131082      -0.45543388251000338     
   1.4827770743167425      -0.48247586447541418       0.78312211585056457     
   1.1641821596405733       0.63969566989023974       -3.5921711114321332E-002
   2.7787094925680815       -1.1329960889871107       -1.0199456679921686     
   2.8531557834047505       -1.0388247258131171       0.87508443846513173     
   5.2375365327706529      -0.18119764992325421       -7.5123832386592260E-002
   3.0760752539514340       -3.6889878361570569       -1.7317642300437277E-002
First
                         Total        7.993359576E+00
Step size:       0.20
Step size in Bohr:       0.38
Learning Rate:       1.00
# Steps:          0
                         Error        7.993359576E+00
/home/unibas/boittier/FDCM/fbuta-c_0/24_25
Distance between Atom configurations = 0.285375953383589
Distance between Charge configurations = 0.3706093696875937

real	0m0.894s
user	0m0.873s
sys	0m0.019s
-xyz
refined.xyz
-dens
/home/unibas/boittier/RDKit_G2/B.pdb/SCAN_1_2_3_4_S_36_10.0/25_SCAN/B.d.cube
-esp
/home/unibas/boittier/RDKit_G2/B.pdb/SCAN_1_2_3_4_S_36_10.0/25_SCAN/B.p.cube
-stepsize
0.2
-n_steps
0
-learning_rate
0.5
  -3.6890351856184500        2.7674305717070107      -0.36303190860211915     
  -3.0827118494740908       -1.0621514135475497E-002  0.56274849545009831     
  -2.8138026321776373       0.28015203785373644      -0.39273619334823556     
  -5.7657777632330980       -1.1666858498693786       0.17300716464335075     
  -2.9113815535888254        3.5078684873825691E-002 -0.63380431194945608     
 -0.99915766872631617       -1.1179457250307938      -0.14811279132573324     
  -1.4601175805379618       -3.7153264715942758       0.60885167446527066     
  -2.4714127986493710       -1.6986550732789709        7.0510430838462812E-002
  -1.8892616491326837       -1.3718020357272500        1.1485561079432490E-002
   1.4648219708575221        1.6379499467724741      -0.18222937168248102     
   1.4218500690170706        1.8228118581516357      -0.21468549097570097     
   1.1603276829967886        3.2687165577028323       -6.2250431227610897E-002
   1.1363648135227364        2.5373625493021068       -3.0012174370676967E-002
  0.95079525857512193      -0.76957764244078042      -0.12533577649970740     
   1.1784152829948018      -0.45634626517844507      -0.44666260648274242     
   1.4748765557948351      -0.48448747830640637       0.79364736048658924     
   1.1760178165065360       0.63753129643076356       -3.3009633541572665E-002
   2.7714265880655464       -1.1625879060989690      -0.99904920188943047     
   2.8371309574808850       -1.0592954254938354       0.89582894710356553     
   5.2360988599572034      -0.23600798569486817       -6.0044426415110423E-002
   3.0284494519940566       -3.7169990571157858        1.8647258026493502E-002
First
                         Total        8.107036128E+00
Step size:       0.20
Step size in Bohr:       0.38
Learning Rate:       1.00
# Steps:          0
                         Error        8.107036128E+00
/home/unibas/boittier/FDCM/fbuta-c_0/25_26
Distance between Atom configurations = 0.3011860831613532
Distance between Charge configurations = 0.39987328372431985

real	0m0.895s
user	0m0.869s
sys	0m0.023s
-xyz
refined.xyz
-dens
/home/unibas/boittier/RDKit_G2/B.pdb/SCAN_1_2_3_4_S_36_10.0/26_SCAN/B.d.cube
-esp
/home/unibas/boittier/RDKit_G2/B.pdb/SCAN_1_2_3_4_S_36_10.0/26_SCAN/B.p.cube
-stepsize
0.2
-n_steps
0
-learning_rate
0.5
  -3.6705398656749932        2.7672959304772609      -0.44001774281063710     
  -3.0789405989789582        1.0468600407368144E-002  0.57526411406911671     
  -2.8129033901314058       0.27533957155169358      -0.38852008810745353     
  -5.7648229960325121       -1.1498453958051158       0.22594861118970908     
  -2.9126405521472121        2.4604450235964088E-002 -0.62278666596767251     
  -1.0057094681929903       -1.1023803546828299      -0.14731929205407082     
  -1.4733865968610165       -3.6994556722384178       0.70978595909305808     
  -2.4842664649964004       -1.6682988872607767        6.7529607606907252E-002
  -1.8990320875884583       -1.3469536494582457        8.7523506784744649E-003
   1.4771047260325403        1.6329307638236366      -0.20944201877589691     
   1.4357140706983389        1.8175787213051076      -0.24502088546729647     
   1.1863538116266350        3.2686353664561527      -0.11699628396482435     
   1.1555867020210087        2.5373331056790596       -7.2768051857600047E-002
  0.94748107933107006      -0.76995722804209255      -0.11458503997083552     
   1.1798184247886054      -0.46247306638539581      -0.43807932295192015     
   1.4667176350282392      -0.47711224107302008       0.80470970421171484     
   1.1823765709361345       0.63652778498245677       -3.8237811548011806E-002
   2.7717595298944926       -1.1874977138189640      -0.96943873691647298     
   2.8239561879824175       -1.0607734832437377       0.92443720371705296     
   5.2327208938796783      -0.26919012964822259       -4.6975381465743947E-002
   3.0022616855992150       -3.7306616481478341        8.2211929840721995E-002
First
                         Total        8.017989215E+00
Step size:       0.20
Step size in Bohr:       0.38
Learning Rate:       1.00
# Steps:          0
                         Error        8.017989215E+00
/home/unibas/boittier/FDCM/fbuta-c_0/26_27
Distance between Atom configurations = 0.3309032303652143
Distance between Charge configurations = 0.3605829843183475

real	0m0.917s
user	0m0.891s
sys	0m0.024s
-xyz
refined.xyz
-dens
/home/unibas/boittier/RDKit_G2/B.pdb/SCAN_1_2_3_4_S_36_10.0/27_SCAN/B.d.cube
-esp
/home/unibas/boittier/RDKit_G2/B.pdb/SCAN_1_2_3_4_S_36_10.0/27_SCAN/B.p.cube
-stepsize
0.2
-n_steps
0
-learning_rate
0.5
  -3.6359646954725600        2.7503492313641154      -0.55774183170227709     
  -3.0746358300879613        3.9182551665067906E-002  0.58915354663894615     
  -2.8081342041333612       0.25363755546366679      -0.38696035599781037     
  -5.7674703617648166       -1.1195305308194283       0.29826569310454998     
  -2.9115250608893097       -6.9647071711225923E-003 -0.60853026257227727     
  -1.0099241293694572       -1.0883611797292541      -0.14552502771278136     
  -1.6834956779045218       -3.6069565981142189       0.18745310419767530     
  -2.4957385284153903       -1.6378380466506381        6.1804112311144209E-002
  -1.9070796507239876       -1.3225680880199999        4.3377465778660605E-003
   1.4809223301780587        1.6266974184159100      -0.24683434903973189     
   1.4396905299603340        1.8105262775990894      -0.28659361825251617     
   1.1886926134287650        3.2630024922708767      -0.19099079248660078     
   1.1589556527145461        2.5338683285951262      -0.13118138851231814     
  0.94926909496281675      -0.77234259171553543       -9.7110587916215255E-002
   1.1865949652255061      -0.47086037768023786      -0.42262649967761262     
   1.4589455719586748      -0.46713536637679159       0.82351205586621523     
   1.1889310335159118       0.63425077427682164       -3.9995431590059520E-002
   2.7811265442388211       -1.2091480486095914      -0.92373607970536720     
   2.8117830510158495       -1.0529755465085169       0.96841083013558704     
   5.2354370250443472      -0.27146531151787140       -2.8042973783763300E-002
   2.9891106777769409       -3.7363956445552335       0.17013107609091324     
First
                         Total        8.104381444E+00
Step size:       0.20
Step size in Bohr:       0.38
Learning Rate:       1.00
# Steps:          0
                         Error        8.104381444E+00
/home/unibas/boittier/FDCM/fbuta-c_0/27_28
Distance between Atom configurations = 0.38092145710757114
Distance between Charge configurations = 0.4259772488385912

real	0m0.920s
user	0m0.896s
sys	0m0.022s
-xyz
refined.xyz
-dens
/home/unibas/boittier/RDKit_G2/B.pdb/SCAN_1_2_3_4_S_36_10.0/28_SCAN/B.d.cube
-esp
/home/unibas/boittier/RDKit_G2/B.pdb/SCAN_1_2_3_4_S_36_10.0/28_SCAN/B.p.cube
-stepsize
0.2
-n_steps
0
-learning_rate
0.5
   3.5830129890765727       -2.7302168366202832      -0.70752359498989592     
   3.0762893001164855       -8.4652660866453816E-002  0.60590899334474058     
   2.8037466904111739      -0.23342489180020284      -0.38070124652178150     
   5.7715572711028145        1.0699359841824529       0.38190547852273371     
   2.9116897682635678        3.8313856500066232E-002 -0.58613439055281169     
   1.0121094557498089        1.0676645141301642      -0.15826760250113908     
   1.6893981633880040        3.5912673688574870       0.18858183182876428     
   2.5072002423421256        1.5993479839497884        2.7664793181702570E-002
   1.9143491247361282        1.2907908139251920       -2.2702155010438103E-002
  -1.4920794807404942       -1.6196839577178965      -0.28359675684130459     
  -1.4524446820971044       -1.8028482467808313      -0.32779897686118453     
  -1.2147377075324288       -3.2614311888216116      -0.26772173678979433     
  -1.1765817645492205       -2.5317115410585651      -0.19051567791058707     
 -0.94962457734416472       0.77087680655036506       -7.6315706732733954E-002
  -1.1956340754329398       0.47569721455206648      -0.40116034375672538     
  -1.4438551321431849       0.45723685853028739       0.84987744566899492     
  -1.1995153476823521      -0.63444024218336170       -3.3379957466944818E-002
  -2.7934557532846935        1.2329240047812391      -0.86122120795598278     
  -2.7887763123804197        1.0513962466507796        1.0289045487337420     
  -5.2308558592831318       0.30132926727402204       -3.1663926750130017E-003
  -2.9597816339917542        3.7466837778100839       0.27020738919695697     
First
                         Total        8.462962549E+00
Step size:       0.20
Step size in Bohr:       0.38
Learning Rate:       1.00
# Steps:          0
                         Error        8.462962549E+00
/home/unibas/boittier/FDCM/fbuta-c_0/28_29
Distance between Atom configurations = 0.45611259271802984
Distance between Charge configurations = 0.5751218054454058

real	0m0.914s
user	0m0.887s
sys	0m0.020s
-xyz
refined.xyz
-dens
/home/unibas/boittier/RDKit_G2/B.pdb/SCAN_1_2_3_4_S_36_10.0/29_SCAN/B.d.cube
-esp
/home/unibas/boittier/RDKit_G2/B.pdb/SCAN_1_2_3_4_S_36_10.0/29_SCAN/B.p.cube
-stepsize
0.2
-n_steps
0
-learning_rate
0.5
  -3.4969277335273761        2.9154957183274632       0.36910033491081179     
  -3.0883096511866830       -5.6417909800594017E-002  0.54446854162087555     
  -2.8177852102252543       0.43894386829259124      -0.21420349559863047     
  -5.8328362843358503      -0.91434289441887406       -8.0751112529719213E-002
  -2.9052868300789085       0.27038747684807229      -0.60569757054925111     
  -1.0413684158982794       -1.2249871609213747      -0.25770181337611603     
  -1.6856033009159173       -3.7502297373137483      -0.32792407734563639     
  -2.4973112444216254       -1.7794233952117817      -0.21959584844300847     
  -1.9079738912853703       -1.4602476091345187      -0.22460644429292861     
   1.4961886362953383        1.4414877376089832      -0.12519061487330602     
   1.4596290304579334        1.6296742720748576      -0.14316653690406211     
   1.2189337404052607        3.0903142741754288       0.11179234831131943     
   1.1769343476292373        2.3598292171938438        9.2520322641551744E-002
  0.90105792438167864      -0.94986977209743428      -0.22493900130895467     
   1.1385169257198715      -0.62276965495480130      -0.52459620368220905     
   1.4384462848643171      -0.74976627074165869       0.70867759698489385     
   1.1767712702191502       0.43822004838101297       -3.4167713275045669E-002
   2.7804735131307043      -0.69915341605852999       -1.2164683589223522     
   2.7792109277694412       -1.3774484443980533       0.76136520863034518     
   5.2239899168669819      -0.17850266375761650        1.9195780234472735E-002
   2.9608617194616502       -3.4549182204306934       -1.2183666599606267     
First
                         Total        5.838820816E+00
Step size:       0.20
Step size in Bohr:       0.38
Learning Rate:       1.00
# Steps:          0
                         Error        5.838820816E+00
/home/unibas/boittier/FDCM/fbuta-c_0/29_30
Distance between Atom configurations = 0.45652616899712234
Distance between Charge configurations = 0.376178612116768

real	0m0.903s
user	0m0.863s
sys	0m0.026s
-xyz
refined.xyz
-dens
/home/unibas/boittier/RDKit_G2/B.pdb/SCAN_1_2_3_4_S_36_10.0/30_SCAN/B.d.cube
-esp
/home/unibas/boittier/RDKit_G2/B.pdb/SCAN_1_2_3_4_S_36_10.0/30_SCAN/B.p.cube
-stepsize
0.2
-n_steps
0
-learning_rate
0.5
  -3.5144317580134659        2.9063367406668359       0.30794079543885849     
  -3.0799633935029167       -3.7316677579908863E-002  0.56729872236496759     
  -2.8277220805303571       0.41612318890882138      -0.20527876475575002     
  -5.8326744227981981      -0.91914834084553565        1.5654848633197847E-002
  -2.9122082395287183       0.24014042781388414      -0.59805828832101415     
  -1.0400055100899084       -1.2360827251528561      -0.22764575180582181     
  -1.6915500076540584       -3.7667350983137333      -0.16635495918168619     
  -2.4994393568568105       -1.7916841715709999      -0.13056082698798355     
  -1.9101730384066642       -1.4734320721895164      -0.15697316255200139     
   1.4607866626662649        1.4684437103513419      -0.23807535210099245     
   1.4212523965535258        1.6553718220049856      -0.26192557605483213     
   1.1941884701079373        3.1048372292090960       -4.6476292373201569E-002
   1.1573204523529619        2.3738453122094838       -4.0531127244194713E-002
  0.89749506034951598      -0.93268241460305767      -0.24219201452931477     
   1.1245806607013118      -0.61323826664243031      -0.55772849313677297     
   1.4497270508617364      -0.69253413259847663       0.67314193827260926     
   1.1572804103004919       0.46484380806213565      -0.10567493852450409     
   2.7889959954371633      -0.76256793479314489       -1.1645163991979113     
   2.7999330322204377       -1.2999932372333123       0.72159776672340059     
   5.2292100053779373      -0.20717818168428212        5.7335938431722182E-002
   2.9089170849941648       -3.9280387078632750      -0.25356301800584052     
First
                         Total        5.597873952E+00
Step size:       0.20
Step size in Bohr:       0.38
Learning Rate:       1.00
# Steps:          0
                         Error        5.597873952E+00
/home/unibas/boittier/FDCM/fbuta-c_0/30_31
Distance between Atom configurations = 0.37723661757127935
Distance between Charge configurations = 0.41180186062394164

real	0m0.877s
user	0m0.853s
sys	0m0.022s
-xyz
refined.xyz
-dens
/home/unibas/boittier/RDKit_G2/B.pdb/SCAN_1_2_3_4_S_36_10.0/31_SCAN/B.d.cube
-esp
/home/unibas/boittier/RDKit_G2/B.pdb/SCAN_1_2_3_4_S_36_10.0/31_SCAN/B.p.cube
-stepsize
0.2
-n_steps
0
-learning_rate
0.5
   3.5763412217400719        2.8569907208294723      -0.21145533281062448     
   3.0722324526640099       -5.6494956063534517E-002 -0.59119943651739526     
   2.8144713852340408       0.37977861354027814       0.31048621868289267     
   5.8164258507647997       -1.0081959918220444      -0.11891801153272875     
   2.9296319272071587       0.18324263015157671       0.58581890627449107     
   1.0039680782578306       -1.2367985554572472       0.23850912433802066     
   1.6214836788058569       -3.7803259001493168        3.6583141228777018E-002
   2.4700040908582603       -1.8230073973244643        5.5775220503023179E-002
   1.8874984438903020       -1.4949487035731301       0.10353994592949464     
  -1.4279995002823651        1.5300897852213062       0.28148236629622558     
  -1.3909742694434515        1.7169293639812677       0.30779703489361809     
  -1.1286012341726785        3.1579035682390750       0.11882683984221394     
  -1.1084790289151496        2.4264630687744657       0.10056017515221996     
 -0.92419893385770890      -0.88396851941263899       0.24643190001216689     
  -1.1453076606985759      -0.56457348903991666       0.56623410196431156     
  -1.4645680359527815      -0.61418815429083662      -0.66772749634196338     
  -1.1485376481164404       0.52174849808455526       0.13313277763943959     
  -2.8367597592165019      -0.86705894501452374        1.0907404368086659     
  -2.8290288997438240       -1.1870373593024601      -0.73481745618377892     
  -5.2381620830248705      -0.15490993851047485      -0.10080548040661563     
  -3.0907218277020534       -3.5885177189907713       0.69362103890346860     
First
                         Total        4.673381778E+00
Step size:       0.20
Step size in Bohr:       0.38
Learning Rate:       1.00
# Steps:          0
                         Error        4.673381778E+00
/home/unibas/boittier/FDCM/fbuta-c_0/31_32
Distance between Atom configurations = 0.3128553092414909
Distance between Charge configurations = 0.39302749437244705

real	0m0.861s
user	0m0.843s
sys	0m0.015s
-xyz
refined.xyz
-dens
/home/unibas/boittier/RDKit_G2/B.pdb/SCAN_1_2_3_4_S_36_10.0/32_SCAN/B.d.cube
-esp
/home/unibas/boittier/RDKit_G2/B.pdb/SCAN_1_2_3_4_S_36_10.0/32_SCAN/B.p.cube
-stepsize
0.2
-n_steps
0
-learning_rate
0.5
  -3.8185687103977872        2.5854855243487957      -0.43017876150701390     
  -3.0862532904255895      -0.16968103298124271       0.49496694279339293     
  -2.8237385223175688       0.14555607001535767      -0.45451922436807024     
  -5.7055340522449889       -1.4460976363306013        9.0468458168886434E-002
  -2.9070632105559397      -0.10105601082516227      -0.69933734045429086     
 -0.84659366938585812       -1.3087926910784076      -0.14412801255209390     
  -1.2756270534618861       -3.7909142262058726       0.51201993033604765     
  -2.2451152510945480       -2.0505004518317613        7.1653384074903056E-002
  -1.7023772415493421       -1.6611982567786792        1.6011150005652980E-002
   1.2878816023015078        1.6935373546601487      -0.14142297058083661     
   1.2251841486256165        1.8736205505032395      -0.16812469680998876     
  0.81720639193106348        3.2793745402253487        2.7747383932102920E-002
  0.87059205991438671        2.5494953905464013        4.0792527023323637E-002
   1.0369649955832689      -0.75754285417935219      -0.12729382811297757     
   1.2270911359588688      -0.41457347456861049      -0.44257110017793710     
   1.5368054045154276      -0.44001671946108922       0.79455449629632979     
   1.1130614136458552       0.66297330839188040       -2.6020073754403654E-003
   2.8854475341607189      -0.92964457336564932       -1.0278220197872110     
   2.9559428856665071      -0.87142896833713446       0.86880418191627440     
   5.2388120084209344       0.22885091595407139      -0.13559546282115162     
   3.4222783646756580       -3.4684027269490159       -8.3338091968047104E-002
First
                         Total        2.643671474E+00
Step size:       0.20
Step size in Bohr:       0.38
Learning Rate:       1.00
# Steps:          0
                         Error        2.643671474E+00
/home/unibas/boittier/FDCM/fbuta-c_0/32_33
Distance between Atom configurations = 0.2840942359022206
Distance between Charge configurations = 0.35263800108683047

real	0m0.857s
user	0m0.831s
sys	0m0.018s
-xyz
refined.xyz
-dens
/home/unibas/boittier/RDKit_G2/B.pdb/SCAN_1_2_3_4_S_36_10.0/33_SCAN/B.d.cube
-esp
/home/unibas/boittier/RDKit_G2/B.pdb/SCAN_1_2_3_4_S_36_10.0/33_SCAN/B.p.cube
-stepsize
0.2
-n_steps
0
-learning_rate
0.5
  -3.7933505065077457        2.6210957777937973      -0.35620357203488529     
  -3.0937555122824656      -0.16898786355057283       0.49270166099422275     
  -2.8161827016546410       0.17508822632333426      -0.44237983031480516     
  -5.7204399750068449       -1.4065841092765674        3.0014183558061003E-002
  -2.8990142199460425       -6.2251490245420239E-002 -0.69635862975901741     
 -0.86705238139276042       -1.2855358605803437      -0.14184734623657863     
  -1.3175417704931482       -3.8078022162253164       0.40928424898116728     
  -2.2759773803521197       -2.0093601246409767        6.6871148539232886E-002
  -1.7280500687924014       -1.6270062230915536        1.3975406675347522E-002
   1.3081932313657181        1.6901640317863298      -0.12801307484859284     
   1.2479295236625265        1.8710272081458683      -0.15504467260235141     
  0.85692570779342925        3.2818967803620138        3.8653721200537547E-002
  0.90094088906103231        2.5513987517700429        5.2035517850595459E-002
   1.0258992131907294      -0.75760847199176651      -0.11489253451224289     
   1.2219503287039466      -0.41713995848085639      -0.42925037885387229     
   1.5251409414507713      -0.44632938594826238       0.80940754728083120     
   1.1194673830488537       0.66184271477631540        1.0040283830187641E-002
   2.8656326880138954      -0.95201451153136563       -1.0366000332881709     
   2.9511366498266525      -0.89954023728141574       0.85957641506710136     
   5.2412777291403918       0.17231597475890656      -0.15930021263654506     
   3.3746972225570442       -3.5000870388226750      -0.10238196281872812     
First
                         Total        2.037849399E+00
Step size:       0.20
Step size in Bohr:       0.38
Learning Rate:       1.00
# Steps:          0
                         Error        2.037849399E+00
/home/unibas/boittier/FDCM/fbuta-c_0/33_34
Distance between Atom configurations = 0.2607659813683061
Distance between Charge configurations = 0.3204070459298751

real	0m0.842s
user	0m0.814s
sys	0m0.015s
-xyz
refined.xyz
-dens
/home/unibas/boittier/RDKit_G2/B.pdb/SCAN_1_2_3_4_S_36_10.0/34_SCAN/B.d.cube
-esp
/home/unibas/boittier/RDKit_G2/B.pdb/SCAN_1_2_3_4_S_36_10.0/34_SCAN/B.p.cube
-stepsize
0.2
-n_steps
0
-learning_rate
0.5
  -3.7702572016093843        2.6489409365952197      -0.29119038484400517     
  -3.0998670524597527      -0.16831851272601062       0.49472694512358617     
  -2.8091237146754291       0.19983957900664012      -0.42708667336838735     
  -5.7304031775383750       -1.3721106446214528       -2.3593566816504645E-002
  -2.8903927419303184       -2.9801916431816129E-002 -0.68853754988700333     
 -0.88226241476846190       -1.2668525086102926      -0.13826710951620430     
  -1.3477492475068042       -3.8146515329008808       0.33124209462518517     
  -2.3004551727554645       -1.9739972286679950        6.4785282946335801E-002
  -1.7479222505201453       -1.5980614613047255        1.3829685083627488E-002
   1.3230922496895676        1.6855309002822547      -0.12075967092035618     
   1.2646113333873503        1.8668514805332197      -0.14862972495734308     
  0.88535967004365557        3.2817509749813691        3.8943189006259482E-002
  0.92269445874771883        2.5509272977964863        5.4648120039204370E-002
   1.0185560541232921      -0.76036521383256417      -0.10214173004761398     
   1.2193467611622295      -0.42259593220905778      -0.41641980316720933     
   1.5156721488278968      -0.45092096552761601       0.82391845127078389     
   1.1242928737161115       0.65854045493552671        1.9230883202127902E-002
   2.8471807599582366      -0.97567249439493586       -1.0398583123030765     
   2.9477429139286033      -0.91554312025329043       0.85535178470335471     
   5.2399119177859017       0.12980688552850297      -0.18585848097043675     
   3.3404608396608135       -3.5246913166449656       -9.7824536612256721E-002
First
                         Total        1.496406582E+00
Step size:       0.20
Step size in Bohr:       0.38
Learning Rate:       1.00
# Steps:          0
                         Error        1.496406582E+00
/home/unibas/boittier/FDCM/fbuta-c_0/34_35
Distance between Atom configurations = 0.2519997067854208
Distance between Charge configurations = 0.3088302891370139

real	0m0.821s
user	0m0.806s
sys	0m0.013s
-xyz
refined.xyz
-dens
/home/unibas/boittier/RDKit_G2/B.pdb/SCAN_1_2_3_4_S_36_10.0/35_SCAN/B.d.cube
-esp
/home/unibas/boittier/RDKit_G2/B.pdb/SCAN_1_2_3_4_S_36_10.0/35_SCAN/B.p.cube
-stepsize
0.2
-n_steps
0
-learning_rate
0.5
  -3.7567464683123593        2.6690090054572058      -0.26484093569440070     
  -3.1032052151722551      -0.16001777413087725       0.49473916369528270     
  -2.8072285720862928       0.21720877310005662      -0.42172707955825672     
  -5.7368706620764600       -1.3446647814061981       -4.6043491324575671E-002
  -2.8883593561727521       -9.1686499826940850E-003 -0.68605167213800267     
 -0.89724047733152401       -1.2527984959342777      -0.13730503439672284     
  -1.3690989083655822       -3.8115479384742397       0.29811355345109253     
  -2.3224504441756464       -1.9466256240195632        6.2532636571814820E-002
  -1.7663384122373369       -1.5758501227530588        1.2715572382174332E-002
   1.3392296320636985        1.6812901149294430      -0.11671140107184616     
   1.2825740629569977        1.8631311223845277      -0.14495860983720715     
  0.91642114385994211        3.2818347515079123        3.9887418359854779E-002
  0.94668094197455577        2.5507052002465644        5.6551821463569601E-002
   1.0111258075610836      -0.76233000947579099       -9.6095377172074725E-002
   1.2160404005368579      -0.42688281713842702      -0.41019869397082193     
   1.5085841685167012      -0.45657255249421830       0.83100503295745798     
   1.1301620468981379       0.65563758202046518        2.3917815093178262E-002
   2.8328986387910016      -0.99440191155944235       -1.0402783857296161     
   2.9396807390469726      -0.93405783449001656       0.85458461081354153     
   5.2383407479429582        8.9856648034486300E-002 -0.19410518967689219     
   3.3055868304330756       -3.5470928647451876       -9.8181913776971830E-002
First
                         Total        1.015084349E+00
Step size:       0.20
Step size in Bohr:       0.38
Learning Rate:       1.00
# Steps:          0
                         Error        1.015084349E+00
/home/unibas/boittier/FDCM/fbuta-c_0/35_36
Distance between Atom configurations = 0.24684394385491393
Distance between Charge configurations = 0.3021109692387902

real	0m0.811s
user	0m0.793s
sys	0m0.016s
-xyz
refined.xyz
-dens
/home/unibas/boittier/RDKit_G2/B.pdb/SCAN_1_2_3_4_S_36_10.0/36_SCAN/B.d.cube
-esp
/home/unibas/boittier/RDKit_G2/B.pdb/SCAN_1_2_3_4_S_36_10.0/36_SCAN/B.p.cube
-stepsize
0.2
-n_steps
0
-learning_rate
0.5
  -3.7461579863012027        2.6836809578778915      -0.24848887771354752     
  -3.1042937150619707      -0.15259066301555513       0.49510371604294068     
  -2.8048371083828370       0.22977633845368275      -0.41809595167223362     
  -5.7396406151954471       -1.3244625854264152       -5.7854944122739310E-002
  -2.8856922966141152        5.2542924459492955E-003 -0.68408226982244313     
 -0.90842380108925957       -1.2407239105897949      -0.13657615494175890     
  -1.3800992849635985       -3.8066365410993055       0.28051998805753842     
  -2.3391694264217300       -1.9233338312145289        6.2334075699407521E-002
  -1.7801412251907549       -1.5569264587216454        1.2837490950766533E-002
   1.3503209751616667        1.6776811384640895      -0.11530827137334439     
   1.2948609800734316        1.8598697088762066      -0.14368826542056443     
  0.93768968352729398        3.2809871571077864        4.0186324576800395E-002
  0.96322898110276345        2.5496859137985739        5.7216129452721698E-002
   1.0064858714462122      -0.76421140715959257       -9.3837066131509633E-002
   1.2138221950291022      -0.43023760379699361      -0.40792121166590772     
   1.5051134631037733      -0.46122616100472574       0.83354531417183186     
   1.1345438907369767       0.65301696927728559        2.5619017197533050E-002
   2.8219310405544888       -1.0099492462105715       -1.0403362361848409     
   2.9319111618062568      -0.94681078737900970       0.85425277153867440     
   5.2355536167422860        6.0451947852536950E-002 -0.19970796154690817     
   3.2791975249533212       -3.5639011995058216       -9.4260219472726822E-002
First
                         Total        5.962456882E-01
Step size:       0.20
Step size in Bohr:       0.38
Learning Rate:       1.00
# Steps:          0
                         Error        5.962456882E-01
