node34.cluster
/home/unibas/boittier/FDCM/fbuta/0_1
Traceback (most recent call last):
  File "/home/unibas/boittier/AdjustReference-System/ARS.py", line 292, in <module>
    frame = open(frame_file).readlines()
FileNotFoundError: [Errno 2] No such file or directory: '../../../pydcm-1.2/test2/frames.txt'
atom_charge_dict:  {8: [0], 3: [1, 3, 4], 9: [2], 2: [5, 6, 7, 8], 7: [9], 6: [10, 11, 12, 13], 1: [14, 15, 16, 17], 4: [18], 0: [19, 20, 21, 22], 5: [23, 24]}
cp: cannot stat ‘fbuta-0-1.xyz’: No such file or directory

real	0m0.498s
user	0m0.406s
sys	0m0.020s
-xyz
refined.xyz
-dens
../../cube_files/fbuta/1_SCAN_1_2_3_4_F/B.d.cube
-esp
../../cube_files/fbuta/1_SCAN_1_2_3_4_F/B.p.cube
-stepsize
0.2
-n_steps
1
-learning_rate
0.5
ERROR: Could not open "refined.xyz" for reading
cp: cannot stat ‘refined.xyz’: No such file or directory
/home/unibas/boittier/FDCM/fbuta/1_2
Traceback (most recent call last):
  File "/home/unibas/boittier/AdjustReference-System/ARS.py", line 239, in <module>
    c_positions, c_charges = read_mdcm_xyz(xyz_file_name)
  File "/home/unibas/boittier/AdjustReference-System/ARS.py", line 215, in read_mdcm_xyz
    xyz_file = open(filepath).readlines()
FileNotFoundError: [Errno 2] No such file or directory: '../0_1/1_final.xyz'
cp: cannot stat ‘fbuta-1-2.xyz’: No such file or directory

real	0m0.511s
user	0m0.409s
sys	0m0.015s
-xyz
refined.xyz
-dens
../../cube_files/fbuta/2_SCAN_1_2_3_4_F/B.d.cube
-esp
../../cube_files/fbuta/2_SCAN_1_2_3_4_F/B.p.cube
-stepsize
0.2
-n_steps
1
-learning_rate
0.5
ERROR: Could not open "refined.xyz" for reading
cp: cannot stat ‘refined.xyz’: No such file or directory
/home/unibas/boittier/FDCM/fbuta/2_3
Traceback (most recent call last):
  File "/home/unibas/boittier/AdjustReference-System/ARS.py", line 239, in <module>
    c_positions, c_charges = read_mdcm_xyz(xyz_file_name)
  File "/home/unibas/boittier/AdjustReference-System/ARS.py", line 215, in read_mdcm_xyz
    xyz_file = open(filepath).readlines()
FileNotFoundError: [Errno 2] No such file or directory: '../1_2/2_final.xyz'
cp: cannot stat ‘fbuta-2-3.xyz’: No such file or directory

real	0m0.472s
user	0m0.402s
sys	0m0.016s
-xyz
refined.xyz
-dens
../../cube_files/fbuta/3_SCAN_1_2_3_4_F/B.d.cube
-esp
../../cube_files/fbuta/3_SCAN_1_2_3_4_F/B.p.cube
-stepsize
0.2
-n_steps
1
-learning_rate
0.5
ERROR: Could not open "refined.xyz" for reading
cp: cannot stat ‘refined.xyz’: No such file or directory
/home/unibas/boittier/FDCM/fbuta/3_4
Traceback (most recent call last):
  File "/home/unibas/boittier/AdjustReference-System/ARS.py", line 239, in <module>
    c_positions, c_charges = read_mdcm_xyz(xyz_file_name)
  File "/home/unibas/boittier/AdjustReference-System/ARS.py", line 215, in read_mdcm_xyz
    xyz_file = open(filepath).readlines()
FileNotFoundError: [Errno 2] No such file or directory: '../2_3/3_final.xyz'
cp: cannot stat ‘fbuta-3-4.xyz’: No such file or directory

real	0m0.494s
user	0m0.408s
sys	0m0.018s
-xyz
refined.xyz
-dens
../../cube_files/fbuta/4_SCAN_1_2_3_4_F/B.d.cube
-esp
../../cube_files/fbuta/4_SCAN_1_2_3_4_F/B.p.cube
-stepsize
0.2
-n_steps
1
-learning_rate
0.5
ERROR: Could not open "refined.xyz" for reading
cp: cannot stat ‘refined.xyz’: No such file or directory
/home/unibas/boittier/FDCM/fbuta/4_5
Traceback (most recent call last):
  File "/home/unibas/boittier/AdjustReference-System/ARS.py", line 239, in <module>
    c_positions, c_charges = read_mdcm_xyz(xyz_file_name)
  File "/home/unibas/boittier/AdjustReference-System/ARS.py", line 215, in read_mdcm_xyz
    xyz_file = open(filepath).readlines()
FileNotFoundError: [Errno 2] No such file or directory: '../3_4/4_final.xyz'
cp: cannot stat ‘fbuta-4-5.xyz’: No such file or directory

real	0m0.475s
user	0m0.405s
sys	0m0.022s
-xyz
refined.xyz
-dens
../../cube_files/fbuta/5_SCAN_1_2_3_4_F/B.d.cube
-esp
../../cube_files/fbuta/5_SCAN_1_2_3_4_F/B.p.cube
-stepsize
0.2
-n_steps
1
-learning_rate
0.5
ERROR: Could not open "refined.xyz" for reading
cp: cannot stat ‘refined.xyz’: No such file or directory
/home/unibas/boittier/FDCM/fbuta/5_6
Traceback (most recent call last):
  File "/home/unibas/boittier/AdjustReference-System/ARS.py", line 239, in <module>
    c_positions, c_charges = read_mdcm_xyz(xyz_file_name)
  File "/home/unibas/boittier/AdjustReference-System/ARS.py", line 215, in read_mdcm_xyz
    xyz_file = open(filepath).readlines()
FileNotFoundError: [Errno 2] No such file or directory: '../4_5/5_final.xyz'
cp: cannot stat ‘fbuta-5-6.xyz’: No such file or directory

real	0m0.482s
user	0m0.400s
sys	0m0.016s
-xyz
refined.xyz
-dens
../../cube_files/fbuta/6_SCAN_1_2_3_4_F/B.d.cube
-esp
../../cube_files/fbuta/6_SCAN_1_2_3_4_F/B.p.cube
-stepsize
0.2
-n_steps
1
-learning_rate
0.5
ERROR: Could not open "refined.xyz" for reading
cp: cannot stat ‘refined.xyz’: No such file or directory
/home/unibas/boittier/FDCM/fbuta/6_7
Traceback (most recent call last):
  File "/home/unibas/boittier/AdjustReference-System/ARS.py", line 239, in <module>
    c_positions, c_charges = read_mdcm_xyz(xyz_file_name)
  File "/home/unibas/boittier/AdjustReference-System/ARS.py", line 215, in read_mdcm_xyz
    xyz_file = open(filepath).readlines()
FileNotFoundError: [Errno 2] No such file or directory: '../5_6/6_final.xyz'
cp: cannot stat ‘fbuta-6-7.xyz’: No such file or directory

real	0m0.683s
user	0m0.412s
sys	0m0.017s
-xyz
refined.xyz
-dens
../../cube_files/fbuta/7_SCAN_1_2_3_4_F/B.d.cube
-esp
../../cube_files/fbuta/7_SCAN_1_2_3_4_F/B.p.cube
-stepsize
0.2
-n_steps
1
-learning_rate
0.5
ERROR: Could not open "refined.xyz" for reading
cp: cannot stat ‘refined.xyz’: No such file or directory
/home/unibas/boittier/FDCM/fbuta/7_8
Traceback (most recent call last):
  File "/home/unibas/boittier/AdjustReference-System/ARS.py", line 239, in <module>
    c_positions, c_charges = read_mdcm_xyz(xyz_file_name)
  File "/home/unibas/boittier/AdjustReference-System/ARS.py", line 215, in read_mdcm_xyz
    xyz_file = open(filepath).readlines()
FileNotFoundError: [Errno 2] No such file or directory: '../6_7/7_final.xyz'
cp: cannot stat ‘fbuta-7-8.xyz’: No such file or directory

real	0m0.825s
user	0m0.402s
sys	0m0.018s
-xyz
refined.xyz
-dens
../../cube_files/fbuta/8_SCAN_1_2_3_4_F/B.d.cube
-esp
../../cube_files/fbuta/8_SCAN_1_2_3_4_F/B.p.cube
-stepsize
0.2
-n_steps
1
-learning_rate
0.5
ERROR: Could not open "refined.xyz" for reading
cp: cannot stat ‘refined.xyz’: No such file or directory
/home/unibas/boittier/FDCM/fbuta/8_9
Traceback (most recent call last):
  File "/home/unibas/boittier/AdjustReference-System/ARS.py", line 239, in <module>
    c_positions, c_charges = read_mdcm_xyz(xyz_file_name)
  File "/home/unibas/boittier/AdjustReference-System/ARS.py", line 215, in read_mdcm_xyz
    xyz_file = open(filepath).readlines()
FileNotFoundError: [Errno 2] No such file or directory: '../7_8/8_final.xyz'
cp: cannot stat ‘fbuta-8-9.xyz’: No such file or directory

real	0m0.732s
user	0m0.395s
sys	0m0.021s
-xyz
refined.xyz
-dens
../../cube_files/fbuta/9_SCAN_1_2_3_4_F/B.d.cube
-esp
../../cube_files/fbuta/9_SCAN_1_2_3_4_F/B.p.cube
-stepsize
0.2
-n_steps
1
-learning_rate
0.5
ERROR: Could not open "refined.xyz" for reading
cp: cannot stat ‘refined.xyz’: No such file or directory
/home/unibas/boittier/FDCM/fbuta/9_10
Traceback (most recent call last):
  File "/home/unibas/boittier/AdjustReference-System/ARS.py", line 239, in <module>
    c_positions, c_charges = read_mdcm_xyz(xyz_file_name)
  File "/home/unibas/boittier/AdjustReference-System/ARS.py", line 215, in read_mdcm_xyz
    xyz_file = open(filepath).readlines()
FileNotFoundError: [Errno 2] No such file or directory: '../8_9/9_final.xyz'
cp: cannot stat ‘fbuta-9-10.xyz’: No such file or directory

real	0m0.592s
user	0m0.413s
sys	0m0.012s
-xyz
refined.xyz
-dens
../../cube_files/fbuta/10_SCAN_1_2_3_4_F/B.d.cube
-esp
../../cube_files/fbuta/10_SCAN_1_2_3_4_F/B.p.cube
-stepsize
0.2
-n_steps
1
-learning_rate
0.5
ERROR: Could not open "refined.xyz" for reading
cp: cannot stat ‘refined.xyz’: No such file or directory
/home/unibas/boittier/FDCM/fbuta/10_11
Traceback (most recent call last):
  File "/home/unibas/boittier/AdjustReference-System/ARS.py", line 239, in <module>
    c_positions, c_charges = read_mdcm_xyz(xyz_file_name)
  File "/home/unibas/boittier/AdjustReference-System/ARS.py", line 215, in read_mdcm_xyz
    xyz_file = open(filepath).readlines()
FileNotFoundError: [Errno 2] No such file or directory: '../9_10/10_final.xyz'
cp: cannot stat ‘fbuta-10-11.xyz’: No such file or directory

real	0m0.742s
user	0m0.400s
sys	0m0.018s
-xyz
refined.xyz
-dens
../../cube_files/fbuta/11_SCAN_1_2_3_4_F/B.d.cube
-esp
../../cube_files/fbuta/11_SCAN_1_2_3_4_F/B.p.cube
-stepsize
0.2
-n_steps
1
-learning_rate
0.5
ERROR: Could not open "refined.xyz" for reading
cp: cannot stat ‘refined.xyz’: No such file or directory
/home/unibas/boittier/FDCM/fbuta/11_12
Traceback (most recent call last):
  File "/home/unibas/boittier/AdjustReference-System/ARS.py", line 239, in <module>
    c_positions, c_charges = read_mdcm_xyz(xyz_file_name)
  File "/home/unibas/boittier/AdjustReference-System/ARS.py", line 215, in read_mdcm_xyz
    xyz_file = open(filepath).readlines()
FileNotFoundError: [Errno 2] No such file or directory: '../10_11/11_final.xyz'
cp: cannot stat ‘fbuta-11-12.xyz’: No such file or directory

real	0m0.463s
user	0m0.397s
sys	0m0.020s
-xyz
refined.xyz
-dens
../../cube_files/fbuta/12_SCAN_1_2_3_4_F/B.d.cube
-esp
../../cube_files/fbuta/12_SCAN_1_2_3_4_F/B.p.cube
-stepsize
0.2
-n_steps
1
-learning_rate
0.5
ERROR: Could not open "refined.xyz" for reading
cp: cannot stat ‘refined.xyz’: No such file or directory
/home/unibas/boittier/FDCM/fbuta/12_13
Traceback (most recent call last):
  File "/home/unibas/boittier/AdjustReference-System/ARS.py", line 239, in <module>
    c_positions, c_charges = read_mdcm_xyz(xyz_file_name)
  File "/home/unibas/boittier/AdjustReference-System/ARS.py", line 215, in read_mdcm_xyz
    xyz_file = open(filepath).readlines()
FileNotFoundError: [Errno 2] No such file or directory: '../11_12/12_final.xyz'
cp: cannot stat ‘fbuta-12-13.xyz’: No such file or directory

real	0m0.459s
user	0m0.414s
sys	0m0.011s
-xyz
refined.xyz
-dens
../../cube_files/fbuta/13_SCAN_1_2_3_4_F/B.d.cube
-esp
../../cube_files/fbuta/13_SCAN_1_2_3_4_F/B.p.cube
-stepsize
0.2
-n_steps
1
-learning_rate
0.5
ERROR: Could not open "refined.xyz" for reading
cp: cannot stat ‘refined.xyz’: No such file or directory
/home/unibas/boittier/FDCM/fbuta/13_14
Traceback (most recent call last):
  File "/home/unibas/boittier/AdjustReference-System/ARS.py", line 239, in <module>
    c_positions, c_charges = read_mdcm_xyz(xyz_file_name)
  File "/home/unibas/boittier/AdjustReference-System/ARS.py", line 215, in read_mdcm_xyz
    xyz_file = open(filepath).readlines()
FileNotFoundError: [Errno 2] No such file or directory: '../12_13/13_final.xyz'
cp: cannot stat ‘fbuta-13-14.xyz’: No such file or directory

real	0m0.463s
user	0m0.407s
sys	0m0.020s
-xyz
refined.xyz
-dens
../../cube_files/fbuta/14_SCAN_1_2_3_4_F/B.d.cube
-esp
../../cube_files/fbuta/14_SCAN_1_2_3_4_F/B.p.cube
-stepsize
0.2
-n_steps
1
-learning_rate
0.5
ERROR: Could not open "refined.xyz" for reading
cp: cannot stat ‘refined.xyz’: No such file or directory
/home/unibas/boittier/FDCM/fbuta/14_15
Traceback (most recent call last):
  File "/home/unibas/boittier/AdjustReference-System/ARS.py", line 239, in <module>
    c_positions, c_charges = read_mdcm_xyz(xyz_file_name)
  File "/home/unibas/boittier/AdjustReference-System/ARS.py", line 215, in read_mdcm_xyz
    xyz_file = open(filepath).readlines()
FileNotFoundError: [Errno 2] No such file or directory: '../13_14/14_final.xyz'
cp: cannot stat ‘fbuta-14-15.xyz’: No such file or directory

real	0m0.453s
user	0m0.404s
sys	0m0.020s
-xyz
refined.xyz
-dens
../../cube_files/fbuta/15_SCAN_1_2_3_4_F/B.d.cube
-esp
../../cube_files/fbuta/15_SCAN_1_2_3_4_F/B.p.cube
-stepsize
0.2
-n_steps
1
-learning_rate
0.5
ERROR: Could not open "refined.xyz" for reading
cp: cannot stat ‘refined.xyz’: No such file or directory
/home/unibas/boittier/FDCM/fbuta/15_16
Traceback (most recent call last):
  File "/home/unibas/boittier/AdjustReference-System/ARS.py", line 239, in <module>
    c_positions, c_charges = read_mdcm_xyz(xyz_file_name)
  File "/home/unibas/boittier/AdjustReference-System/ARS.py", line 215, in read_mdcm_xyz
    xyz_file = open(filepath).readlines()
FileNotFoundError: [Errno 2] No such file or directory: '../14_15/15_final.xyz'
cp: cannot stat ‘fbuta-15-16.xyz’: No such file or directory

real	0m0.481s
user	0m0.420s
sys	0m0.019s
-xyz
refined.xyz
-dens
../../cube_files/fbuta/16_SCAN_1_2_3_4_F/B.d.cube
-esp
../../cube_files/fbuta/16_SCAN_1_2_3_4_F/B.p.cube
-stepsize
0.2
-n_steps
1
-learning_rate
0.5
ERROR: Could not open "refined.xyz" for reading
cp: cannot stat ‘refined.xyz’: No such file or directory
/home/unibas/boittier/FDCM/fbuta/16_17
Traceback (most recent call last):
  File "/home/unibas/boittier/AdjustReference-System/ARS.py", line 239, in <module>
    c_positions, c_charges = read_mdcm_xyz(xyz_file_name)
  File "/home/unibas/boittier/AdjustReference-System/ARS.py", line 215, in read_mdcm_xyz
    xyz_file = open(filepath).readlines()
FileNotFoundError: [Errno 2] No such file or directory: '../15_16/16_final.xyz'
cp: cannot stat ‘fbuta-16-17.xyz’: No such file or directory

real	0m0.478s
user	0m0.407s
sys	0m0.017s
-xyz
refined.xyz
-dens
../../cube_files/fbuta/17_SCAN_1_2_3_4_F/B.d.cube
-esp
../../cube_files/fbuta/17_SCAN_1_2_3_4_F/B.p.cube
-stepsize
0.2
-n_steps
1
-learning_rate
0.5
ERROR: Could not open "refined.xyz" for reading
cp: cannot stat ‘refined.xyz’: No such file or directory
