-xyz
refined.xyz
-dens
../../cube_files/acrolein/9_SCAN_1_2_3_4_F/L.d.cube
-esp
../../cube_files/acrolein/9_SCAN_1_2_3_4_F/L.p.cube
-stepsize
0.2
-n_steps
100
-learning_rate
0.5
  -1.8519370575885412       -3.0671928973635945       -5.7564270090338619E-002
  -1.9308290456433899       -2.6274487495127974       -9.4974979094085824E-002
  -4.8258722757435653      -0.75399699118394670        9.3274712200617144E-002
  -4.6399290669378832      -0.77289564137746714       0.11929430010724502     
  -2.5318062009833842      -0.38885158226405031        4.7618697226739934E-002
  -3.1126082790510772       0.12901793529951333        2.4908218305273941E-002
  -3.3392273771977021       -1.1144092616919641        7.8984999102347297E-002
  -1.7098104339600417       -1.0751412230938677       -4.9301595549529863E-002
  -2.2179104177354159        1.5377263064911595        3.1295816240551444E-002
 -0.94711173269242488        1.9184369746929928        5.3360397389442628E-002
  -1.2389241951898411        1.9576865633099532      -0.11282832250037757     
  -1.5562654194709051        1.5690077386171359       -3.6722332756082672E-002
  -2.5691730453341881        3.4372443684874785        2.3788799661113531E-002
  -1.7807351673736742        3.7532678657155571       -5.5931126394202890E-002
  -1.2569514547537568        2.0057691936586770       0.58825653783216192     
   2.2331963215363317        2.6768972087417757      -0.47188239531421711     
   2.2909973655760525        2.5533466359912653       0.11654522142444929     
   2.2639563950215105        2.5888765322969638       0.42333529048146429     
  0.89053986506914307        5.6525525781196802E-002  -8.3853552766586681E-002
   2.2740064635601853      -0.28292253465968709        7.1750060779928640E-002
   2.3105661803199591       -1.6741771279918960       -1.5381025839573879E-002
   2.7572871781553943       -1.5855089299605223       -3.2400551849863735E-002
   3.2634588948091303       -1.1435762252214867        2.9365371496569551E-003
First
                         Total        4.678860693E-01
Step size:       0.20
Step size in Bohr:       0.38
Learning Rate:       1.00
# Steps:        100
                         Error  1        4.666240725E-01
                         Error  2        4.653986621E-01
                         Error  3        4.642078289E-01
                         Error  4        4.630496907E-01
                         Error  5        4.619224846E-01
                         Error  6        4.608245591E-01
                         Error  7        4.597543669E-01
                         Error  8        4.587104590E-01
                         Error  9        4.576914775E-01
                         Error 10        4.566961504E-01
                         Error 11        4.557232858E-01
                         Error 12        4.547717666E-01
                         Error 13        4.538405459E-01
                         Error 14        4.529286425E-01
                         Error 15        4.520351363E-01
                         Error 16        4.511591645E-01
                         Error 17        4.502999181E-01
                         Error 18        4.494566378E-01
                         Error 19        4.486286114E-01
                         Error 20        4.478151704E-01
                         Error 21        4.470156870E-01
                         Error 22        4.462295718E-01
                         Error 23        4.454562710E-01
                         Error 24        4.446952641E-01
                         Error 25        4.439460620E-01
                         Error 26        4.432082046E-01
                         Error 27        4.424812590E-01
                         Error 28        4.417648180E-01
                         Error 29        4.410584978E-01
                         Error 30        4.403619373E-01
                         Error 31        4.396747959E-01
                         Error 32        4.389967525E-01
                         Error 33        4.383275044E-01
                         Error 34        4.376667656E-01
                         Error 35        4.370142662E-01
                         Error 36        4.363697512E-01
                         Error 37        4.357329794E-01
                         Error 38        4.351037228E-01
                         Error 39        4.344817655E-01
                         Error 40        4.338669030E-01
                         Error 41        4.332589415E-01
                         Error 42        4.326576973E-01
                         Error 43        4.320629960E-01
                         Error 44        4.314746720E-01
                         Error 45        4.308925679E-01
                         Error 46        4.303165341E-01
                         Error 47        4.297464282E-01
                         Error 48        4.291821145E-01
                         Error 49        4.286234638E-01
                         Error 50        4.280703528E-01
                         Error 51        4.275226639E-01
                         Error 52        4.269802846E-01
                         Error 53        4.264431075E-01
                         Error 54        4.259110298E-01
                         Error 55        4.253839530E-01
                         Error 56        4.248617828E-01
                         Error 57        4.243444288E-01
                         Error 58        4.238318041E-01
                         Error 59        4.233238252E-01
                         Error 60        4.228204121E-01
                         Error 61        4.223214876E-01
                         Error 62        4.218269773E-01
                         Error 63        4.213368098E-01
                         Error 64        4.208509160E-01
                         Error 65        4.203692293E-01
                         Error 66        4.198916853E-01
                         Error 67        4.194182218E-01
                         Error 68        4.189487787E-01
                         Error 69        4.184832978E-01
                         Error 70        4.180217226E-01
                         Error 71        4.175639984E-01
                         Error 72        4.171100722E-01
                         Error 73        4.166598925E-01
                         Error 74        4.162134091E-01
                         Error 75        4.157705736E-01
                         Error 76        4.153313385E-01
                         Error 77        4.148956579E-01
                         Error 78        4.144634868E-01
                         Error 79        4.140347816E-01
                         Error 80        4.136094996E-01
                         Error 81        4.131875993E-01
                         Error 82        4.127690401E-01
                         Error 83        4.123537824E-01
                         Error 84        4.119417873E-01
                         Error 85        4.115330171E-01
                         Error 86        4.111274347E-01
                         Error 87        4.107250039E-01
                         Error 88        4.103256891E-01
                         Error 89        4.099294557E-01
                         Error 90        4.095362694E-01
                         Error 91        4.091460971E-01
                         Error 92        4.087589058E-01
                         Error 93        4.083746636E-01
                         Error 94        4.079933387E-01
                         Error 95        4.076149004E-01
                         Error 96        4.072393183E-01
                         Error 97        4.068665623E-01
                         Error 98        4.064966033E-01
                         Error 99        4.061294124E-01
                         Error100        4.057649611E-01
                         Error        4.057649611E-01
