-xyz
refined.xyz
-dens
../../cube_files/fbuta/14_SCAN_1_2_3_4_F/B.d.cube
-esp
../../cube_files/fbuta/14_SCAN_1_2_3_4_F/B.p.cube
-stepsize
0.2
-n_steps
100
-learning_rate
0.5
   3.1400867778975092       0.22895214603809066       -3.0973460143196889     
   3.4396020715193361       -1.0004648226474018      -0.19815385635121743     
   6.3598662042308662      -0.31391799403767051        5.1233166366519221E-002
   4.0704198746956761      -0.27490852158682699       0.25572367568785082     
   3.5826087352526992       0.47227389031745637        8.4683012733897181E-002
   2.6784237115027789      -0.42544638269133928        1.4610951097262861     
   1.9273122868972155       -5.7944538653191546E-002   3.6070474351440195E-002
   2.1302359756427220      -0.32757653329230091        1.3571815891447017     
   1.3427167875794490        4.5411179526789164E-002  0.82033606675952586     
   2.1917770584130056      -0.74824825779477488        3.7023778181687081     
  -1.9846540762691276        2.8492158500045512      -0.10373331516779299     
  -1.6959794246277471        2.2647184567123535      -0.17617631011756793     
  -1.6141900552705455        1.4378955710131871       -2.7895025791430876E-002
  -1.8987353793252122        2.5075737164205094        5.8617267973464747E-003
 -0.84460198055353564      -0.34997440799395019       0.40364909319170039     
  -1.0072141440731555       0.37794893630521842        6.2365400065198154E-002
 -0.57719312053035032      -0.80988877878182097       0.31536209048833941     
 -0.94043029954795720      -0.63995986277853223      -0.31989260986145213     
  -4.9427970995520951       -1.5260337248089255      -0.95003156050253701     
  -1.6063229164868915       -1.6541653473447591      -0.14934815242942631     
  -2.3502848183659175       -1.3481465856615276       0.19873073253649623     
  -2.5923020486655997       -1.0778859684383457      -0.25724847531283335     
  -2.3618213446772733       -1.3892318725982178      -0.43537895212767819     
  -2.2339253871532874       -4.1812747803035935       0.54792051687873378     
  -2.2104702145572004       -4.0715287332038654       0.23341902015223548     
First
                         Total        6.113978881E-01
Step size:       0.20
Step size in Bohr:       0.38
Learning Rate:       1.00
# Steps:        100
                         Error  1        6.098058403E-01
                         Error  2        6.083081126E-01
                         Error  3        6.068974684E-01
                         Error  4        6.055672183E-01
                         Error  5        6.043111824E-01
                         Error  6        6.031236542E-01
                         Error  7        6.019993663E-01
                         Error  8        6.009334593E-01
                         Error  9        5.999214510E-01
                         Error 10        5.989592092E-01
                         Error 11        5.980429252E-01
                         Error 12        5.971690892E-01
                         Error 13        5.963344682E-01
                         Error 14        5.955360842E-01
                         Error 15        5.947711951E-01
                         Error 16        5.940372760E-01
                         Error 17        5.933320027E-01
                         Error 18        5.926532357E-01
                         Error 19        5.919990058E-01
                         Error 20        5.913675008E-01
                         Error 21        5.907570532E-01
                         Error 22        5.901661281E-01
                         Error 23        5.895933134E-01
                         Error 24        5.890373096E-01
                         Error 25        5.884969208E-01
                         Error 26        5.879710468E-01
                         Error 27        5.874586747E-01
                         Error 28        5.869588725E-01
                         Error 29        5.864707823E-01
                         Error 30        5.859936146E-01
                         Error 31        5.855266424E-01
                         Error 32        5.850691963E-01
                         Error 33        5.846206600E-01
                         Error 34        5.841804658E-01
                         Error 35        5.837480908E-01
                         Error 36        5.833230532E-01
                         Error 37        5.829049090E-01
                         Error 38        5.824932487E-01
                         Error 39        5.820876952E-01
                         Error 40        5.816879001E-01
                         Error 41        5.812935425E-01
                         Error 42        5.809043260E-01
                         Error 43        5.805199768E-01
                         Error 44        5.801402424E-01
                         Error 45        5.797648891E-01
                         Error 46        5.793937012E-01
                         Error 47        5.790264790E-01
                         Error 48        5.786630379E-01
                         Error 49        5.783032069E-01
                         Error 50        5.779468275E-01
                         Error 51        5.775937531E-01
                         Error 52        5.772438475E-01
                         Error 53        5.768969844E-01
                         Error 54        5.765530465E-01
                         Error 55        5.762119247E-01
                         Error 56        5.758735178E-01
                         Error 57        5.755377313E-01
                         Error 58        5.752044772E-01
                         Error 59        5.748736738E-01
                         Error 60        5.745452444E-01
                         Error 61        5.742191175E-01
                         Error 62        5.738952265E-01
                         Error 63        5.735735087E-01
                         Error 64        5.732539055E-01
                         Error 65        5.729363619E-01
                         Error 66        5.726208264E-01
                         Error 67        5.723072504E-01
                         Error 68        5.719955881E-01
                         Error 69        5.716857965E-01
                         Error 70        5.713778349E-01
                         Error 71        5.710716650E-01
                         Error 72        5.707672503E-01
                         Error 73        5.704645565E-01
                         Error 74        5.701635509E-01
                         Error 75        5.698642024E-01
                         Error 76        5.695664815E-01
                         Error 77        5.692703601E-01
                         Error 78        5.689758114E-01
                         Error 79        5.686828098E-01
                         Error 80        5.683913308E-01
                         Error 81        5.681013508E-01
                         Error 82        5.678128474E-01
                         Error 83        5.675257991E-01
                         Error 84        5.672401849E-01
                         Error 85        5.669559850E-01
                         Error 86        5.666731801E-01
                         Error 87        5.663917514E-01
                         Error 88        5.661116812E-01
                         Error 89        5.658329520E-01
                         Error 90        5.655555469E-01
                         Error 91        5.652794497E-01
                         Error 92        5.650046444E-01
                         Error 93        5.647311158E-01
                         Error 94        5.644588489E-01
                         Error 95        5.641878291E-01
                         Error 96        5.639180422E-01
                         Error 97        5.636494744E-01
                         Error 98        5.633821123E-01
                         Error 99        5.631159426E-01
                         Error100        5.628509525E-01
                         Error        5.628509525E-01
