-xyz
refined.xyz
-dens
/home/unibas/boittier/RDKit_G2/B.pdb/SCAN_1_2_3_4_S_36_10.0/34_SCAN_1_2_3_4_F/B.d.cube
-esp
/home/unibas/boittier/RDKit_G2/B.pdb/SCAN_1_2_3_4_S_36_10.0/34_SCAN_1_2_3_4_F/B.p.cube
-stepsize
0.2
-n_steps
5
-learning_rate
0.5
  -3.5969000146860544        2.4058897457181834       0.69763522482388363     
  -3.2829300585395509      -0.75320215628517606       0.86871543180164901     
  -6.2078435660898110       -1.2546083784079198       0.16684567444309722     
  -3.9522351626240217       -1.0153078274275591        8.6098185959261574E-003
  -3.5390576079286089      -0.56000013272727633      -0.58273617376944276     
  -2.4436960613911980       -1.7743784478644635      -0.50968830230923068     
  -1.6201829635562282      -0.98003699678578304       0.70118693352732830     
  -2.0135915486231197       -1.3933719360026164      -0.56697076383745115     
  -1.2607668403784400      -0.77662545659261728      -0.19453001861049155     
  -1.5010930171156467       -4.0177209040243822      -0.77425728327273535     
   1.0495870338838502        3.0635178007060864      -0.12191249664196749     
   1.0088663840635650        2.4121369914231057        3.2106967961636389E-002
   1.1586973037494628        1.6093075244691353       -8.0773759900024375E-002
   1.0807586960343529        2.7005151115831239      -0.20472110911949110     
  0.92465181738341007      -0.38798492793887723      -0.31430149586521761     
  0.91829132512859146       0.40782150113742238       -7.8224496358130363E-003
  0.84816367274772742      -0.90884558272264770      -0.14180951625521726     
   1.2597029093848195      -0.57227297656533416       0.40613933360275650     
   5.3581087309913293      -0.10302716482044040       0.42900792414240607     
   2.1573550468043567       -1.3465414089243877       0.21388314189726046     
   2.7065209434115998      -0.86183176471609424      -0.28064097995228432     
   2.9381173309375761      -0.46734605906769711       0.12059088114965176     
   2.8265885658563414      -0.82973406979770792       0.36993745709580561     
   3.4665756039061946       -3.6115400186138458      -0.44537669177800254     
   3.4330756165071490       -3.5078321184494445      -0.13205621077974908     
First
                         Total        5.466997739E-01
Step size:       0.20
Step size in Bohr:       0.38
Learning Rate:       1.00
# Steps:          5
                         Error  1        5.376561217E-01
                         Error  2        5.291884067E-01
                         Error  3        5.212632367E-01
                         Error  4        5.138484836E-01
                         Error  5        5.069133096E-01
                         Error        5.069133096E-01
