-xyz
refined.xyz
-dens
/home/unibas/boittier/RDKit_G2/B.pdb/SCAN_1_2_3_4_S_36_-10.0/1_SCAN/B.d.cube
-esp
/home/unibas/boittier/RDKit_G2/B.pdb/SCAN_1_2_3_4_S_36_-10.0/1_SCAN/B.p.cube
-stepsize
0.2
-n_steps
10
-learning_rate
0.5
  -3.7420967480552365        2.6831398062852063       0.42324310446743807     
  -3.0544528266169739      -0.22811553574834448       0.60715079669804128     
  -2.8521664211800681       0.29074979677084944      -0.26416683849662409     
  -5.7524486247559867       -1.3152811675525538        9.3094421810410430E-002
  -2.9633180459166106       0.10882039478023861      -0.55082393207657798     
 -0.90951622384802144       -1.2335919057196878      -0.34006025831291470     
  -1.3953638456648234       -3.8031728438175865      -0.34704773901601205     
  -2.3533398749583583       -1.9055069640047835      -0.21220819842456784     
  -1.7896656223856020       -1.5431967819358356      -0.23377902474505724     
   1.3668470213558825        1.6804397756171694      -0.20349799916578237     
   1.3136928028551209        1.8629715149361039      -0.23421845663343274     
  0.95515481335271668        3.2855734075790464       -6.5392768143630278E-002
  0.97611312257334193        2.5539768903434430       -4.8472839465205045E-002
   1.0108142630251695      -0.76947717103170032      -0.20322529946498780     
   1.2346758151535868      -0.43596626187529708      -0.50617653688102926     
   1.4651826015577523      -0.47042039720929746       0.74773697977119336     
   1.1398234630920610       0.64681267940552511       -7.5154466577617374E-002
   2.9357602738786426       -1.0317443269589763      -0.90085377525833343     
   2.8304102723012949      -0.95094526957560288       0.99327469398749546     
   5.2437628604309481        4.5990798670803232E-002  0.19820827184755527     
   3.2804802215131068       -3.5812936796050558       0.11457567086188178     
First
                         Total        3.927833531E-01
Step size:       0.20
Step size in Bohr:       0.38
Learning Rate:       1.00
# Steps:         10
                         Error  1        3.923023548E-01
                         Error  2        3.918557485E-01
                         Error  3        3.914410090E-01
                         Error  4        3.910557932E-01
                         Error  5        3.906979281E-01
                         Error  6        3.903653985E-01
                         Error  7        3.900563365E-01
                         Error  8        3.897690106E-01
                         Error  9        3.895018166E-01
                         Error 10        3.892532680E-01
                         Error        3.892532680E-01
