-xyz
refined.xyz
-dens
../../cube_files/fbutone/9_SCAN_1_2_6_8_F/N.d.cube
-esp
../../cube_files/fbutone/9_SCAN_1_2_6_8_F/N.p.cube
-stepsize
0.2
-n_steps
100
-learning_rate
0.5
   4.4248469328720974       -2.7541435245280677      -0.83507472262034632     
   3.9084039900114127       -1.6343451908701225       0.20883218797789654     
   4.5836033051142051       -2.0313320438041802       0.92076486566830162     
   4.9845252601340038       -2.7630658738121654        1.8189221263785782     
   6.6132873368272449       -1.0452863281724776       -1.6150998964985066     
   3.2170628974448614       -3.3380659813614075       -1.4732109293396118     
   3.8091439553301880       -2.7391564868782941       -1.0268918056397098     
   3.9126851456364093        2.5568906316725215      -0.48853981220693787     
   2.9968167542540325        2.9218587940540073       -1.0293677127570245E-002
   3.4654176599285460        2.8207554837810234      -0.28152324013586078     
   3.3652145913944471        8.0527033293279177E-002   2.7646851125414883E-002
   2.2665003875938510       0.85454741490083541       0.62108517465947699     
  0.57031984737455232      -0.47113887426534706        2.5744980284228314     
  0.68326187839029939      -0.99774038541073939        1.7461459757328675     
  -4.8188963151831868E-002   1.4952037213719345        3.2272596081054017     
   5.4906974437830239E-004   1.3347533048633362        3.0933479141630249     
  0.23194721170567165       -1.6979642298153175        2.5650580827505483     
  0.15259301165221587       -2.0621229591177399        2.0474730744581273     
  0.21157278958193101       -1.3563666552135605        2.6828363163936522     
  -1.2074780857731993      -0.54472191087505029      -0.50568047305859876     
  -1.5422999238584090       0.68784332517412028      -0.32470391352276978     
  -2.2540484436293533        1.3945603304605705      -0.81383204548374943     
  -2.2488713710910524        1.6831153802948347      -0.91438382355902648     
  -3.4096695883276711      -0.33665177663852081       0.86811104725180022     
  -4.6389690273543369      -0.67484769516619547        1.6177041054603793     
  -4.0982824206196655      -0.60349826054712752        1.5210470425103588     
  -4.4030324168185695      -0.61720542512254828        1.3507728711532505     
  -1.7495062383574271       -2.4272337725359807       -2.5258638352580127     
  -2.0034803493519036       -1.2910009497680832       -1.4415772296037495     
  -1.8245600712702352       -1.9092402806776958       -1.9663465654613987     
First
                         Total        1.464545165E+00
Step size:       0.20
Step size in Bohr:       0.38
Learning Rate:       1.00
# Steps:        100
                         Error  1        1.444820864E+00
                         Error  2        1.425788086E+00
                         Error  3        1.407424948E+00
                         Error  4        1.389709513E+00
                         Error  5        1.372619868E+00
                         Error  6        1.356134192E+00
                         Error  7        1.340230821E+00
                         Error  8        1.324888312E+00
                         Error  9        1.310085496E+00
                         Error 10        1.295801532E+00
                         Error 11        1.282015952E+00
                         Error 12        1.268708699E+00
                         Error 13        1.255860167E+00
                         Error 14        1.243451231E+00
                         Error 15        1.231463270E+00
                         Error 16        1.219878194E+00
                         Error 17        1.208678457E+00
                         Error 18        1.197847073E+00
                         Error 19        1.187367623E+00
                         Error 20        1.177224264E+00
                         Error 21        1.167401731E+00
                         Error 22        1.157885335E+00
                         Error 23        1.148660963E+00
                         Error 24        1.139715071E+00
                         Error 25        1.131034677E+00
                         Error 26        1.122607353E+00
                         Error 27        1.114421215E+00
                         Error 28        1.106464907E+00
                         Error 29        1.098727592E+00
                         Error 30        1.091198936E+00
                         Error 31        1.083869095E+00
                         Error 32        1.076728695E+00
                         Error 33        1.069768821E+00
                         Error 34        1.062980999E+00
                         Error 35        1.056357177E+00
                         Error 36        1.049889714E+00
                         Error 37        1.043571358E+00
                         Error 38        1.037395233E+00
                         Error 39        1.031354821E+00
                         Error 40        1.025443948E+00
                         Error 41        1.019656766E+00
                         Error 42        1.013987740E+00
                         Error 43        1.008431632E+00
                         Error 44        1.002983487E+00
                         Error 45        9.976386193E-01
                         Error 46        9.923925973E-01
                         Error 47        9.872412326E-01
                         Error 48        9.821805667E-01
                         Error 49        9.772068584E-01
                         Error 50        9.723165732E-01
                         Error 51        9.675063713E-01
                         Error 52        9.627730979E-01
                         Error 53        9.581137724E-01
                         Error 54        9.535255790E-01
                         Error 55        9.490058578E-01
                         Error 56        9.445520955E-01
                         Error 57        9.401619176E-01
                         Error 58        9.358330802E-01
                         Error 59        9.315634627E-01
                         Error 60        9.273510605E-01
                         Error 61        9.231939786E-01
                         Error 62        9.190904247E-01
                         Error 63        9.150387037E-01
                         Error 64        9.110372119E-01
                         Error 65        9.070844312E-01
                         Error 66        9.031789246E-01
                         Error 67        8.993193311E-01
                         Error 68        8.955043610E-01
                         Error 69        8.917327921E-01
                         Error 70        8.880034653E-01
                         Error 71        8.843152809E-01
                         Error 72        8.806671952E-01
                         Error 73        8.770582169E-01
                         Error 74        8.734874040E-01
                         Error 75        8.699538610E-01
                         Error 76        8.664567360E-01
                         Error 77        8.629952179E-01
                         Error 78        8.595685341E-01
                         Error 79        8.561759483E-01
                         Error 80        8.528167582E-01
                         Error 81        8.494902931E-01
                         Error 82        8.461959128E-01
                         Error 83        8.429330050E-01
                         Error 84        8.397009838E-01
                         Error 85        8.364992886E-01
                         Error 86        8.333273820E-01
                         Error 87        8.301847487E-01
                         Error 88        8.270708940E-01
                         Error 89        8.239853428E-01
                         Error 90        8.209276385E-01
                         Error 91        8.178973415E-01
                         Error 92        8.148940285E-01
                         Error 93        8.119172916E-01
                         Error 94        8.089667373E-01
                         Error 95        8.060419856E-01
                         Error 96        8.031426693E-01
                         Error 97        8.002684333E-01
                         Error 98        7.974189338E-01
                         Error 99        7.945938379E-01
                         Error100        7.917928227E-01
                         Error        7.917928227E-01
