-xyz
refined.xyz
-dens
/home/unibas/boittier/RDKit_G2/B.pdb/SCAN_1_2_3_4_S_36_10.0/30_SCAN_1_2_3_4_F/B.d.cube
-esp
/home/unibas/boittier/RDKit_G2/B.pdb/SCAN_1_2_3_4_S_36_10.0/30_SCAN_1_2_3_4_F/B.p.cube
-stepsize
0.2
-n_steps
0
-learning_rate
0.5
   3.2413944719193246        1.6763422850122560       -2.3952540558191271     
   3.2797906758040867       -1.0246853258872293      -0.67678469178450096     
   6.2913262569804154      -0.79871554661465682      -0.15440139620220902     
   4.0336063875506509      -0.64980521902251454        9.3819544930419066E-002
   3.5996054499582399       -1.1765173613311756E-002  0.35352305539978157     
   2.5943352364081069       -1.2519797787357521        1.1330733587333823     
   1.8616202727359787      -0.55244766860997474      -0.17746081577346529     
   2.1308140897387946      -0.91241013859358222        1.1492710071763854     
   1.3271978783479004      -0.44092075890782201       0.63977195893971095     
   2.0077982234527001       -2.7843888795612712        2.7358113543298752     
  -1.5262771539619711        3.0216497312882797       0.21061955739546850     
  -1.3597016614432667        2.3711329757352311        6.7608778303591383E-002
  -1.4082735828184769        1.5654765006653895       0.15497947437962539     
  -1.5102114882576188        2.6415723897893737       0.29132429035138935     
 -0.90126903793136903      -0.39793001770264913       0.43426588274465117     
 -0.97742176520435953       0.39662956869118321       0.12066501522027419     
 -0.72677486599785368      -0.90708219853940575       0.26654429444807370     
  -1.0940427362081411      -0.61543950355277077      -0.33428470396106824     
  -5.1535333213594594      -0.75306583738352684       -1.0041986074238802     
  -1.8697222370947661       -1.5199663623187043      -0.30662870902526185     
  -2.5604471311024128       -1.1354375325271786       0.10478740726120828     
  -2.7842242152822214      -0.76543743168497169      -0.32562574979356640     
  -2.5840057016838123       -1.0981091451551779      -0.56072787083403541     
  -2.9035708480766851       -3.9694017595708919       0.11425724325787111     
  -2.8261115357837880       -3.8608452173474497      -0.18836888619281364     
First
                         Total        7.854073823E-01
Step size:       0.20
Step size in Bohr:       0.38
Learning Rate:       1.00
# Steps:          0
                         Error        7.854073823E-01
