-xyz
global_fitted_global.xyz
-dens
/home/unibas/boittier/RDKit_G2/B.pdb/SCAN_1_2_3_4_S_36_10.0/13_SCAN/B.d.cube
-esp
/home/unibas/boittier/RDKit_G2/B.pdb/SCAN_1_2_3_4_S_36_10.0/13_SCAN/B.p.cube
-stepsize
0.2
-n_steps
0
-learning_rate
0.5
   3.5230962600634599        2.3037074301058356       -2.2436516776159716     
   3.0853291971043015      -0.17617479289990243      -0.69944116825529901     
   2.8866327884817058       0.67277009407482213      -0.22950215302715371     
   5.9039284106024033      -0.65094378535691311       0.13059349363896372     
   3.0246744341299334       0.71707186564260506       0.11116131417871476     
   1.2674479366714981      -0.43820143431839520       0.29729588542963420     
   1.8028585141420674       -2.7964781093721656        2.1126916866296459     
   2.7076705171134190      -0.96278267136969176       0.74470045036081978     
   2.0741852728551686      -0.78885475171784036       0.56161928005108908     
  -2.2904633226483262       -1.0228794037809170      -0.42549456022852783     
  -2.3671520137237083       -1.1631803217612569      -0.49257589912356797     
  -3.0442360295303468       -2.4949724419060568      -0.52965596408256377     
  -2.6033789880489584       -1.9112306163321771      -0.39086616236166077     
 -0.46947786692017351       0.57226791346730255        7.6665554829347768E-002
 -0.77623188296745727       0.51883702268798892      -0.32500971604028805     
  -1.2127233778115376       0.63986172531895058       0.86809354263701477     
  -1.4934553706370690      -0.40537359775101156       -7.8070322159285888E-002
  -1.5191206929311463        2.1217702164862842      -0.78560498444120974     
  -1.9700051862129648        1.8408354702154517        1.0381700400199974     
  -4.1670202250894404        2.7655051500981358      -0.27745477824046089     
 -0.41244215561641978        4.1383996747693086       0.72648806897351415     
First
                         Total        6.142589882E-01
Step size:       0.20
Step size in Bohr:       0.38
Learning Rate:       1.00
# Steps:          0
                         Error        6.142589882E-01
