-xyz
global_fitted_global.xyz
-dens
/home/unibas/boittier/RDKit_G2/B.pdb/SCAN_1_2_3_4_S_36_10.0/6_SCAN/B.d.cube
-esp
/home/unibas/boittier/RDKit_G2/B.pdb/SCAN_1_2_3_4_S_36_10.0/6_SCAN/B.p.cube
-stepsize
0.2
-n_steps
0
-learning_rate
0.5
  -3.3214481459986618        1.9958081881803800       -2.4395905326584764     
  -3.1362583805367010       0.27249899247563886        2.9510162358345686E-002
  -2.6876842571428212       -4.3608020062955140E-003 -0.85375020162926984     
  -5.8277724840734590      -0.86499011503226420       -8.0810715304158912E-002
  -2.7570814717217997      -0.34552843303619885      -0.93686755187258119     
  -1.1314472009117584      -0.91669094585137323       0.37274468710259873     
  -1.9065509864099608       -2.7473444340906261        2.3973083365811410     
  -2.6050065602522734       -1.3393389970815526       0.82121514286585140     
  -2.0003897979748548       -1.0795424593868768       0.67087665195970425     
   1.5930945206663063        1.5865309609656539       -1.9332246876602250E-002
   1.5706551869409724        1.7739325129619428       -3.7631358656112557E-002
   1.4824128128937115        3.2307254202551112       0.19840673458519931     
   1.3954374853863138        2.5024159773496835       0.21406903056144641     
  0.86302487269459316      -0.77744813417622805        7.0619681661173231E-002
   1.0719497402182039      -0.47600632188096570      -0.27427200054236245     
   1.5626889021820309      -0.58418012942299025       0.89705798144914561     
   1.2389594823872472       0.59647352587176505       0.16033555514507583     
   2.3506804621297279       -1.2576480548139830       -1.2806804055634604     
   2.8606006893292149       -1.3062060282632462       0.54748795965994179     
   5.0270354258181946      -0.62608130145541452      -0.96065153087735200     
   2.5599309412004048       -3.8943802856462884      -0.49267649987589018     
First
                         Total        5.675696228E-01
Step size:       0.20
Step size in Bohr:       0.38
Learning Rate:       1.00
# Steps:          0
                         Error        5.675696228E-01
