-xyz
refined.xyz
-dens
/home/unibas/boittier/RDKit_G2/B.pdb/SCAN_1_2_3_4_S_36_10.0/19_SCAN_1_2_3_4_F/B.d.cube
-esp
/home/unibas/boittier/RDKit_G2/B.pdb/SCAN_1_2_3_4_S_36_10.0/19_SCAN_1_2_3_4_F/B.p.cube
-stepsize
0.2
-n_steps
0
-learning_rate
0.5
   4.5996011875572673       0.33136565835950077      -0.13061645233879851     
   2.1720530819326007        2.1529924941498968       0.84290734906920173     
   3.5896026343131675        4.7084260233539581        2.4482322375581223E-002
   2.2331243643402172        2.8855657063499134       -3.0139556127708137E-002
   2.1048507121253208        2.3426340309096041      -0.62315632880619654     
  0.58884999253575354        2.3186373993923666      -0.10502893920487848     
  0.66818716080510254        1.0995242339835529        1.0061052493026654     
  0.62603409204275406        1.7579999800981656      -0.22637466249989882     
  0.55747142869408994       0.74227744533808859        9.7242380690341718E-002
  -1.7139530094770556        3.1342640488403419       0.24387342017494876     
   1.9266243621226313       -3.5406326964427315      -0.10558993636440209     
   1.4566898869114970       -3.0751064991991828        7.8308066853614300E-002
  0.76296524150583955       -2.6614516801173722       -3.6128273556236589E-003
   1.6239615012808755       -3.3065875818976704      -0.17521911186977440     
 -0.53014659749171289       -1.2040233596427115      -0.14880329697840181     
   9.1464076278886558E-002  -1.7250514854176260       0.12976364420349121     
 -0.89807730964458643      -0.83086300407534719        5.9026033381471131E-002
 -0.88025573406264102       -1.3969705380549979       0.56906650900321964     
  -5.5110484654739329       0.16442832213105535      -0.17547373365468344     
  -2.0670578666219210       -1.5974640962711888       0.27801538984253249     
  -2.8197039194590148      -0.52953305464032030       0.42713665896654396     
  -3.0798829800536267      -0.19842520352584422       -1.4345153967552661E-002
  -2.9947086316830771      -0.59763505437870001      -0.21285901950388747     
  -3.6029542001736803       -3.1865465771007284        1.0795764356390387     
  -3.5830813603892482       -3.1462628497038985       0.75193435395138042     
First
                         Total        4.139307940E+00
Step size:       0.20
Step size in Bohr:       0.38
Learning Rate:       1.00
# Steps:          0
                         Error        4.139307940E+00
