-xyz
refined.xyz
-dens
/home/unibas/boittier/RDKit_G2/B.pdb/SCAN_1_2_3_4_S_36_10.0/21_SCAN/B.d.cube
-esp
/home/unibas/boittier/RDKit_G2/B.pdb/SCAN_1_2_3_4_S_36_10.0/21_SCAN/B.p.cube
-stepsize
0.2
-n_steps
100
-learning_rate
0.5
  -3.9614169094539560        2.9875435933545043      -0.46004572936832305     
  -3.5313271135203412      -0.43249246596138702       0.68048308211557385     
  -3.7268402041649979      -0.71590217226619890        3.7997398309672178E-002
  -6.2655373705004562       -1.0765821145966141        1.4811298753538970E-002
  -3.4681248929666779      -0.61727934029434361      -0.57466724091031163     
  -1.7649379378391759      -0.22607413308066635       0.27153966160145826     
  -1.4206682571275764       -4.6902769690148116E-002  0.25194111617141474     
  -1.8454242864765553       -2.6498425697395902       0.31356012468577216     
  -1.8961386616468705       -2.6581620211854364      -0.22310850812259203     
  -2.0052576779793072       -2.5580015585883262       0.81119879739269218     
   3.3967560756335931       -2.3753132402381580      -0.30388929007097670     
   2.7425785763564736       -1.7022006247104016      -0.18453595142901905     
  0.66026118874005135       0.86467585036299233      -0.60600940381654400     
  0.42450995467871949       0.86258312083755595      -0.36964404888579877     
   1.0853460133380579       0.93840707637298781       0.64134690291231633     
   1.5130384145516800      -0.29308499184351844      -0.15822249249443684     
   4.2861117892238605        3.2052084596732824       -3.1420674009488142E-002
   2.0388873744169662        1.9709716564846156        5.2679805622982571E-002
   1.7428251583046686        2.1182150768793937      -0.59235272936379579     
   1.9195677641466962        2.1676654361217529       0.74731229450282222     
 -0.33309617575535416        4.2384322439334134       0.15035032422324607     
First
                         Total        4.540423893E+00
Step size:       0.20
Step size in Bohr:       0.38
Learning Rate:       1.00
# Steps:        100
                         Error  1        4.476167400E+00
                         Error  2        4.412148995E+00
                         Error  3        4.348378007E+00
                         Error  4        4.284864196E+00
                         Error  5        4.221617769E+00
                         Error  6        4.158649406E+00
                         Error  7        4.095970271E+00
                         Error  8        4.033592035E+00
                         Error  9        3.971526892E+00
                         Error 10        3.909787576E+00
                         Error 11        3.848387379E+00
                         Error 12        3.787340167E+00
                         Error 13        3.726660389E+00
                         Error 14        3.666363091E+00
                         Error 15        3.606463926E+00
                         Error 16        3.546979154E+00
                         Error 17        3.487925650E+00
                         Error 18        3.429320893E+00
                         Error 19        3.371182963E+00
                         Error 20        3.313530524E+00
                         Error 21        3.256382799E+00
                         Error 22        3.199759546E+00
                         Error 23        3.143681015E+00
                         Error 24        3.088167900E+00
                         Error 25        3.033241287E+00
                         Error 26        2.978922580E+00
                         Error 27        2.925233428E+00
                         Error 28        2.872195637E+00
                         Error 29        2.819831070E+00
                         Error 30        2.768161545E+00
                         Error 31        2.717208717E+00
                         Error 32        2.666993964E+00
                         Error 33        2.617538255E+00
                         Error 34        2.568862032E+00
                         Error 35        2.520985076E+00
                         Error 36        2.473926386E+00
                         Error 37        2.427704059E+00
                         Error 38        2.382335175E+00
                         Error 39        2.337835689E+00
                         Error 40        2.294220336E+00
                         Error 41        2.251502546E+00
                         Error 42        2.209694369E+00
                         Error 43        2.168806412E+00
                         Error 44        2.128847790E+00
                         Error 45        2.089826090E+00
                         Error 46        2.051747340E+00
                         Error 47        2.014616002E+00
                         Error 48        1.978434962E+00
                         Error 49        1.943205540E+00
                         Error 50        1.908927502E+00
                         Error 51        1.875599091E+00
                         Error 52        1.843217051E+00
                         Error 53        1.811776670E+00
                         Error 54        1.781271827E+00
                         Error 55        1.751695038E+00
                         Error 56        1.723037519E+00
                         Error 57        1.695289239E+00
                         Error 58        1.668438988E+00
                         Error 59        1.642474445E+00
                         Error 60        1.617382247E+00
                         Error 61        1.593148060E+00
                         Error 62        1.569756656E+00
                         Error 63        1.547191983E+00
                         Error 64        1.525437248E+00
                         Error 65        1.504474987E+00
                         Error 66        1.484287144E+00
                         Error 67        1.464855145E+00
                         Error 68        1.446159973E+00
                         Error 69        1.428182242E+00
                         Error 70        1.410902267E+00
                         Error 71        1.394300132E+00
                         Error 72        1.378355763E+00
                         Error 73        1.363048983E+00
                         Error 74        1.348359584E+00
                         Error 75        1.334267378E+00
                         Error 76        1.320752253E+00
                         Error 77        1.307794229E+00
                         Error 78        1.295373503E+00
                         Error 79        1.283470495E+00
                         Error 80        1.272065889E+00
                         Error 81        1.261140669E+00
                         Error 82        1.250676156E+00
                         Error 83        1.240654035E+00
                         Error 84        1.231056384E+00
                         Error 85        1.221865697E+00
                         Error 86        1.213064901E+00
                         Error 87        1.204637377E+00
                         Error 88        1.196566973E+00
                         Error 89        1.188838012E+00
                         Error 90        1.181435300E+00
                         Error 91        1.174344138E+00
                         Error 92        1.167550315E+00
                         Error 93        1.161040119E+00
                         Error 94        1.154800328E+00
                         Error 95        1.148818211E+00
                         Error 96        1.143081523E+00
                         Error 97        1.137578500E+00
                         Error 98        1.132297849E+00
                         Error 99        1.127228741E+00
                         Error100        1.122360801E+00
                         Error        1.122360801E+00
