-xyz
refined.xyz
-dens
/home/unibas/boittier/RDKit_G2/B.pdb/SCAN_1_2_3_4_S_36_10.0/34_SCAN/B.d.cube
-esp
/home/unibas/boittier/RDKit_G2/B.pdb/SCAN_1_2_3_4_S_36_10.0/34_SCAN/B.p.cube
-stepsize
0.2
-n_steps
0
-learning_rate
0.5
  -3.6811919779595388        2.6472841820771089       0.76350788909732037     
  -3.0087720327538334      -0.26204353633544730       0.65425559225808538     
  -2.8501526569454212       0.32389740161207325      -0.18319621355929375     
  -5.7389256164864806       -1.2894580331422434       0.17182959853326199     
  -2.9778232510376874       0.16537647028400271      -0.47690996159558929     
 -0.91338378823397726       -1.2115824158756103      -0.44194404224650696     
  -1.4326838584043611       -3.7454071149812642      -0.66521750790468803     
  -2.3672795552662822       -1.8677429011770470      -0.35141700688379546     
  -1.7994516460224828       -1.5117366510740484      -0.35833218308378667     
   1.3887150994061199        1.6694803450947568      -0.24486852433347950     
   1.3383061383584147        1.8525583179599805      -0.27673234086209747     
  0.99035928564745113        3.2787122850325283      -0.11556828940165496     
   1.0033491837066542        2.5470733055405530       -9.8851690563771563E-002
   1.0068632555179124      -0.76940059033939923      -0.25605554978156592     
   1.2419506569014021      -0.43811794600184362      -0.55297544833485635     
   1.4401541698077094      -0.47586070495212529       0.70652480173594434     
   1.1474634014671963       0.64545269774604896      -0.12329013531028937     
   2.9568787910059391       -1.0555592381715397      -0.82743903080103975     
   2.7468849849511705      -0.96655862847328800        1.0576421592629128     
   5.2099937773650398       -3.6639473409887688E-003  0.39542872713644689     
   3.2090790436428036       -3.6013083167741686       0.21281903844866362     
First
                         Total        4.042013333E-01
Step size:       0.20
Step size in Bohr:       0.38
Learning Rate:       1.00
# Steps:          0
                         Error        4.042013333E-01
                         Error        4.042013333E-01
                         Error        4.042013333E-01
                         Error        4.042013333E-01
                         Error        4.042013333E-01
