-xyz
global_fitted_global.xyz
-dens
/home/unibas/boittier/RDKit_G2/B.pdb/SCAN_1_2_3_4_S_36_10.0/11_SCAN/B.d.cube
-esp
/home/unibas/boittier/RDKit_G2/B.pdb/SCAN_1_2_3_4_S_36_10.0/11_SCAN/B.p.cube
-stepsize
0.2
-n_steps
0
-learning_rate
0.5
   3.3659476378689268        1.7075621684877427       -2.8749459918242746     
   3.0657593614669461      -0.23363795935951637      -0.65917620190644466     
   2.8510076736993999       0.72072618151335688      -0.45601059357994328     
   5.9259672798984182      -0.35155593764264664       0.16699776984319561     
   2.9943149299481404       0.85809907469792190      -0.14730306944106200     
   1.2962522430400347      -0.16914611501183111       0.47111817748700613     
   1.9655982601760511       -1.9277855871322218        2.8464802601916799     
   2.7537859945811189      -0.50953887706341916        1.0278656444312650     
   2.1164070620507380      -0.42525989158029626       0.80101299349878818     
  -2.1263981978606812       -1.1843235510209860      -0.46024772353084581     
  -2.1812770583654815       -1.3394143059982910      -0.52625563610445913     
  -2.6973386903692531       -2.7382123554500062      -0.56051409328210167     
  -2.3356793262053688       -2.1067801319744501      -0.41379358058795235     
 -0.53692522392281217       0.62861682703847832       0.10148459715079797     
 -0.81000493152437714       0.52171388898773607      -0.31482223751083838     
  -1.3367136082116147       0.62424339786720084       0.84294882774195290     
  -1.4298279163238667      -0.46668677151696358       -8.4050476809951771E-002
  -1.7275162381047589        2.0113168780614958      -0.82766621240063398     
  -2.2244527554327789        1.7229865192216760       0.98281637887212792     
  -4.4508877827376656        2.3562615541538801      -0.45046301121640625     
 -0.92674146668580071        4.1801024091556354       0.67018677876542709     
First
                         Total        7.153200014E-01
Step size:       0.20
Step size in Bohr:       0.38
Learning Rate:       1.00
# Steps:          0
                         Error        7.153200014E-01
