-xyz
refined.xyz
-dens
/home/unibas/boittier/RDKit_G2/B.pdb/SCAN_1_2_3_4_S_36_10.0/18_SCAN/B.d.cube
-esp
/home/unibas/boittier/RDKit_G2/B.pdb/SCAN_1_2_3_4_S_36_10.0/18_SCAN/B.p.cube
-stepsize
0.2
-n_steps
100
-learning_rate
0.5
   3.7325704268650286        2.7040418741579728      -0.14648992676819234     
   3.0481129346857685      -0.16765468103645800      -0.62812471400677128     
   2.8378383789597770       0.26169744091647829       0.28744143601849304     
   5.7395395160489020       -1.2953798737300311      -0.24709016299136424     
   2.9476547607998764        5.1818418963704919E-002  0.55488687491865429     
  0.92366236359235443       -1.2387845587906363       0.23798581321923917     
   1.3873009831727854       -3.8103446208320841       -4.8944249839544589E-002
   2.3535747728987229       -1.9075625825636346       -7.0937218136965996E-003
   1.7933387926124256       -1.5459079682406529        6.2633136009433196E-002
  -1.3686485282767280        1.6811472993251413      -0.12382342715830619     
  -1.3157407293030525        1.8662749201196696      -0.12165263160806045     
 -0.94124754171532066        3.2745774719238212       0.25171923304177857     
 -0.96440493785517600        2.5432483959706715       0.20991665203514179     
 -0.99451186549382864      -0.77513003265979619       0.24750950496386859     
  -1.1965751549703147      -0.44992938886037365       0.57230499939522872     
  -1.5153632786258417      -0.45638259816074550      -0.66045707734634596     
  -1.1336904140348580       0.64228695627539989       0.16237746454336344     
  -2.8203235615666356       -1.0585790878011565        1.1508979071322283     
  -2.9114615488530342      -0.94561074018685043      -0.74131768286523192     
  -5.2424420878504652        2.4070038477255234E-002  -9.4123811247337999E-002
  -3.2648915045519642       -3.5478284386448755       0.42132121274587009     
First
                         Total        8.217555685E+00
Step size:       0.20
Step size in Bohr:       0.38
Learning Rate:       1.00
# Steps:        100
                         Error  1        8.155683235E+00
                         Error  2        8.094028790E+00
                         Error  3        8.032596238E+00
                         Error  4        7.971389537E+00
                         Error  5        7.910412711E+00
                         Error  6        7.849669855E+00
                         Error  7        7.789165131E+00
                         Error  8        7.728902773E+00
                         Error  9        7.668887082E+00
                         Error 10        7.609122430E+00
                         Error 11        7.549613260E+00
                         Error 12        7.490364082E+00
                         Error 13        7.431379476E+00
                         Error 14        7.372664091E+00
                         Error 15        7.314222644E+00
                         Error 16        7.256059920E+00
                         Error 17        7.198180771E+00
                         Error 18        7.140590115E+00
                         Error 19        7.083292934E+00
                         Error 20        7.026294273E+00
                         Error 21        6.969599243E+00
                         Error 22        6.913213012E+00
                         Error 23        6.857140809E+00
                         Error 24        6.801387917E+00
                         Error 25        6.745959678E+00
                         Error 26        6.690861484E+00
                         Error 27        6.636098776E+00
                         Error 28        6.581677043E+00
                         Error 29        6.527601817E+00
                         Error 30        6.473878672E+00
                         Error 31        6.420513218E+00
                         Error 32        6.367511096E+00
                         Error 33        6.314877979E+00
                         Error 34        6.262619562E+00
                         Error 35        6.210741561E+00
                         Error 36        6.159249705E+00
                         Error 37        6.108149734E+00
                         Error 38        6.057447392E+00
                         Error 39        6.007148418E+00
                         Error 40        5.957258546E+00
                         Error 41        5.907783493E+00
                         Error 42        5.858728957E+00
                         Error 43        5.810100603E+00
                         Error 44        5.761904064E+00
                         Error 45        5.714144928E+00
                         Error 46        5.666828731E+00
                         Error 47        5.619960950E+00
                         Error 48        5.573546995E+00
                         Error 49        5.527592195E+00
                         Error 50        5.482101800E+00
                         Error 51        5.437080959E+00
                         Error 52        5.392534723E+00
                         Error 53        5.348468025E+00
                         Error 54        5.304885679E+00
                         Error 55        5.261792365E+00
                         Error 56        5.219192622E+00
                         Error 57        5.177090837E+00
                         Error 58        5.135491237E+00
                         Error 59        5.094397877E+00
                         Error 60        5.053814634E+00
                         Error 61        5.013745192E+00
                         Error 62        4.974193039E+00
                         Error 63        4.935161455E+00
                         Error 64        4.896653500E+00
                         Error 65        4.858672011E+00
                         Error 66        4.821219592E+00
                         Error 67        4.784298604E+00
                         Error 68        4.747911159E+00
                         Error 69        4.712059112E+00
                         Error 70        4.676744056E+00
                         Error 71        4.641967315E+00
                         Error 72        4.607729940E+00
                         Error 73        4.574032698E+00
                         Error 74        4.540876077E+00
                         Error 75        4.508260275E+00
                         Error 76        4.476185199E+00
                         Error 77        4.444650464E+00
                         Error 78        4.413655390E+00
                         Error 79        4.383199001E+00
                         Error 80        4.353280026E+00
                         Error 81        4.323896896E+00
                         Error 82        4.295047752E+00
                         Error 83        4.266730439E+00
                         Error 84        4.238942515E+00
                         Error 85        4.211681250E+00
                         Error 86        4.184943634E+00
                         Error 87        4.158726379E+00
                         Error 88        4.133025926E+00
                         Error 89        4.107838449E+00
                         Error 90        4.083159866E+00
                         Error 91        4.058985842E+00
                         Error 92        4.035311799E+00
                         Error 93        4.012132925E+00
                         Error 94        3.989444180E+00
                         Error 95        3.967240310E+00
                         Error 96        3.945515851E+00
                         Error 97        3.924265146E+00
                         Error 98        3.903482350E+00
                         Error 99        3.883161440E+00
                         Error100        3.863296232E+00
                         Error        3.863296232E+00
