-xyz
refined.xyz
-dens
/home/unibas/boittier/RDKit_G2/B.pdb/SCAN_1_2_3_4_S_36_10.0/36_SCAN/B.d.cube
-esp
/home/unibas/boittier/RDKit_G2/B.pdb/SCAN_1_2_3_4_S_36_10.0/36_SCAN/B.p.cube
-stepsize
0.2
-n_steps
0
-learning_rate
0.5
  -3.7461579863012027        2.6836809578778915      -0.24848887771354752     
  -3.1042937150619707      -0.15259066301555513       0.49510371604294068     
  -2.8048371083828370       0.22977633845368275      -0.41809595167223362     
  -5.7396406151954471       -1.3244625854264152       -5.7854944122739310E-002
  -2.8856922966141152        5.2542924459492955E-003 -0.68408226982244313     
 -0.90842380108925957       -1.2407239105897949      -0.13657615494175890     
  -1.3800992849635985       -3.8066365410993055       0.28051998805753842     
  -2.3391694264217300       -1.9233338312145289        6.2334075699407521E-002
  -1.7801412251907549       -1.5569264587216454        1.2837490950766533E-002
   1.3503209751616667        1.6776811384640895      -0.11530827137334439     
   1.2948609800734316        1.8598697088762066      -0.14368826542056443     
  0.93768968352729398        3.2809871571077864        4.0186324576800395E-002
  0.96322898110276345        2.5496859137985739        5.7216129452721698E-002
   1.0064858714462122      -0.76421140715959257       -9.3837066131509633E-002
   1.2138221950291022      -0.43023760379699361      -0.40792121166590772     
   1.5051134631037733      -0.46122616100472574       0.83354531417183186     
   1.1345438907369767       0.65301696927728559        2.5619017197533050E-002
   2.8219310405544888       -1.0099492462105715       -1.0403362361848409     
   2.9319111618062568      -0.94681078737900970       0.85425277153867440     
   5.2355536167422860        6.0451947852536950E-002 -0.19970796154690817     
   3.2791975249533212       -3.5639011995058216       -9.4260219472726822E-002
First
                         Total        5.962456882E-01
Step size:       0.20
Step size in Bohr:       0.38
Learning Rate:       1.00
# Steps:          0
                         Error        5.962456882E-01
