-xyz
refined.xyz
-dens
/home/unibas/boittier/RDKit_G2/B.pdb/SCAN_1_2_3_4_S_36_10.0/30_SCAN_1_2_3_4_F/B.d.cube
-esp
/home/unibas/boittier/RDKit_G2/B.pdb/SCAN_1_2_3_4_S_36_10.0/30_SCAN_1_2_3_4_F/B.p.cube
-stepsize
0.2
-n_steps
5
-learning_rate
0.5
   3.2379727514493628        1.6691518348314009       -2.3964335304418696     
   3.2809387542160602       -1.0057647667999534      -0.67723022333739236     
   6.2905972530102181      -0.80444516138791811      -0.15454701902471782     
   4.0304130662327289      -0.67477647674257935        9.2690833059435124E-002
   3.6020309082210158        1.1843563127253180E-002  0.35699853254907649     
   2.6071537693963225       -1.2308287532007554        1.1456746371560316     
   1.8537432247201784      -0.55919115546888620      -0.18215512248201479     
   2.1139826167905600      -0.93058274733357205        1.1335348919211694     
   1.3384887854177290      -0.43096529094260194       0.65137508425412005     
   2.0096945795190071       -2.7938647626619453        2.7367078893942343     
  -1.5205098976517364        3.0099200690958843       0.21553401505246381     
  -1.3625150234268950        2.3730556683191169        6.3099235403459672E-002
  -1.4004717490950980        1.5574384189358255       0.16163184596368119     
  -1.5121884156255956        2.6426696966824901       0.28584419178388276     
 -0.90501182601658370      -0.40319781176451941       0.42596772618248419     
 -0.97054088170581920       0.39556228236139890       0.12815125684386061     
 -0.72239018800860710      -0.89809367711792210       0.27337083316052296     
  -1.0960620997169055      -0.61998225993127687      -0.33675311675479225     
  -5.1536886771900248      -0.75463823669776064       -1.0040360001897308     
  -1.8702772032120953       -1.5138553071905114      -0.30348046031083686     
  -2.5582070957330965       -1.1379959346714950       0.10037315300418567     
  -2.7814194750077657      -0.76460936555867864      -0.32234318655795635     
  -2.5807465640063993       -1.1002848469718116      -0.56098074093597761     
  -2.8981869790999730       -3.9729052316548348       0.11318617289093037     
  -2.8331748123649785       -3.8520427914106112      -0.18842104674036925     
First
                         Total        7.412702651E-01
Step size:       0.20
Step size in Bohr:       0.38
Learning Rate:       1.00
# Steps:          5
                         Error  1        7.319181155E-01
                         Error  2        7.231557836E-01
                         Error  3        7.149470816E-01
                         Error  4        7.072574108E-01
                         Error  5        7.000537737E-01
                         Error        7.000537737E-01
