                                     G D M A

                                 by Anthony Stone

                           version 2.2.03, 21 June 2007

               Distributed Multipoles from Gaussian wavefunctions


Starting at 9:24:49 on 26 May 2021  

GDMA



Using SCF density matrix from file O.pdb.fchk


                         Distributed Multipole Analysis

Standard DMA for products of primitives with exponent greater than 4.00000
Using 80-point Euler-MacLaurin radial quadrature
Using 590-point Lebedev quadrature
Becke smoothing parameter = 3

Positions and radii in angstrom
Multipole moments in atomic units, ea_0^k for rank k

C          x =  1.714554  y = -0.642816  z =  0.148149
           Maximum rank =  2   Radius =  0.650
                   Q00  =  -0.111913
|Q1| =   0.148208  Q10  =  -0.014676  Q11c =  -0.128806  Q11s =   0.071829
|Q2| =   0.170580  Q20  =  -0.133272  Q21c =   0.036849  Q21s =  -0.003470
                   Q22c =   0.054375  Q22s =  -0.083723

C          x =  0.497604  y =  0.186059  z = -0.122729
           Maximum rank =  2   Radius =  0.650
                   Q00  =   0.258694
|Q1| =   0.207845  Q10  =  -0.057581  Q11c =  -0.181229  Q11s =   0.083904
|Q2| =   0.677181  Q20  =  -0.608977  Q21c =   0.194327  Q21s =   0.117589
                   Q22c =  -0.182895  Q22s =   0.051767

H          x =  1.616754  y = -1.073077  z =  1.150728
           Maximum rank =  2   Radius =  0.325
                   Q00  =   0.111222
|Q1| =   0.137747  Q10  =  -0.115633  Q11c =  -0.033841  Q11s =   0.066767
|Q2| =   0.150397  Q20  =   0.102482  Q21c =  -0.029795  Q21s =  -0.104696
                   Q22c =   0.010661  Q22s =  -0.012411

H          x =  2.609320  y = -0.021788  z =  0.107430
           Maximum rank =  2   Radius =  0.325
                   Q00  =   0.104180
|Q1| =   0.134041  Q10  =  -0.001064  Q11c =  -0.130052  Q11s =  -0.032442
|Q2| =   0.163424  Q20  =  -0.119095  Q21c =  -0.000737  Q21s =  -0.018611
                   Q22c =   0.032415  Q22s =   0.105480

H          x =  1.791484  y = -1.470003  z = -0.560875
           Maximum rank =  2   Radius =  0.325
                   Q00  =   0.110315
|Q1| =   0.135081  Q10  =   0.065653  Q11c =  -0.058508  Q11s =   0.102535
|Q2| =   0.157718  Q20  =   0.004068  Q21c =   0.018384  Q21s =   0.147706
                   Q22c =  -0.047881  Q22s =  -0.020269

O          x = -0.609395  y = -0.591431  z = -0.372091
           Maximum rank =  2   Radius =  0.650
                   Q00  =  -0.419412
|Q1| =   0.524721  Q10  =   0.218736  Q11c =   0.046929  Q11s =   0.474642
|Q2| =   1.097662  Q20  =  -0.583462  Q21c =  -0.218894  Q21s =   0.319648
                   Q22c =   0.717409  Q22s =   0.446843

O          x =  0.430745  y =  1.409258  z = -0.018483
           Maximum rank =  2   Radius =  0.650
                   Q00  =  -0.408163
|Q1| =   0.560112  Q10  =  -0.065105  Q11c =   0.045429  Q11s =  -0.554458
|Q2| =   1.099481  Q20  =  -0.228662  Q21c =  -0.066075  Q21s =   0.120729
                   Q22c =  -1.066554  Q22s =  -0.009709

C          x = -1.883373  y = -0.165500  z =  0.207964
           Maximum rank =  2   Radius =  0.650
                   Q00  =   0.034216
|Q1| =   0.208249  Q10  =  -0.087624  Q11c =   0.176484  Q11s =  -0.067403
|Q2| =   0.190747  Q20  =  -0.065959  Q21c =  -0.101580  Q21s =   0.035046
                   Q22c =   0.134581  Q22s =  -0.048734

H          x = -1.785027  y = -0.114185  z =  1.295004
           Maximum rank =  2   Radius =  0.325
                   Q00  =   0.102535
|Q1| =   0.140273  Q10  =  -0.135801  Q11c =   0.035032  Q11s =  -0.002703
|Q2| =   0.132141  Q20  =   0.119626  Q21c =   0.022658  Q21s =   0.017431
                   Q22c =   0.048021  Q22s =  -0.005250

H          x = -2.593754  y = -0.936350  z = -0.079989
           Maximum rank =  2   Radius =  0.325
                   Q00  =   0.103756
|Q1| =   0.130108  Q10  =   0.012922  Q11c =   0.110054  Q11s =   0.068186
|Q2| =   0.155983  Q20  =  -0.077832  Q21c =   0.017923  Q21s =   0.082160
                   Q22c =   0.002719  Q22s =   0.105801

H          x = -2.182291  y =  0.806335  z = -0.188003
           Maximum rank =  2   Radius =  0.325
                   Q00  =   0.114569
|Q1| =   0.130831  Q10  =   0.031917  Q11c =   0.085240  Q11s =  -0.093980
|Q2| =   0.141844  Q20  =  -0.071999  Q21c =  -0.006471  Q21s =  -0.092074
                   Q22c =  -0.072578  Q22s =  -0.033895

Total multipoles
referred to origin at x =   0.000000,  y =    0.000000,  z =    0.000000
                   Q00  =  -0.000001
|Q1| =   0.977922  Q10  =   0.423649  Q11c =  -0.223579  Q11s =  -0.852564
|Q2| =   8.892528  Q20  =  -0.081983  Q21c =  -1.197577  Q21s =  -1.306793
                   Q22c =   8.143536  Q22s =  -3.100201

CPU time used:      0m13.912s          Total:      0m13.912s

Finished at 9:25:3 on 26 May 2021   
