-xyz
refined.xyz
-dens
/home/unibas/boittier/RDKit_G2/B.pdb/SCAN_1_2_3_4_S_36_-10.0/27_SCAN_1_2_3_4_F/B.d.cube
-esp
/home/unibas/boittier/RDKit_G2/B.pdb/SCAN_1_2_3_4_S_36_-10.0/27_SCAN_1_2_3_4_F/B.p.cube
-stepsize
0.2
-n_steps
500
-learning_rate
0.5
   3.1541731274119642       0.47296226410376735       -3.0024338050047530     
   3.3987378085930207      -0.78119155185918654       -7.3322068696467319E-002
   6.4170193410541438        9.6307968405110762E-003   7.4172027857936737E-002
   4.0363281742143675       0.12617467162694548       0.22589938536318260     
   3.5939611333105339       0.75282775781642186        5.4488082913187214E-002
   2.6756173101939269       -3.5889113934046202E-002   1.0747511429212422     
   1.4410186180505471      -0.16086197259775714        1.6860053788634457     
   2.1326508956021648        2.4657739420849992E-002  0.83330746071438744     
   1.1911343412815178      -0.26036032291312561       0.88553386653312849     
   2.1748913672866665      -0.25568666375822385        3.8989323222340579     
  -1.9553290207158742       -2.3472192960245137      -0.22599026788039966     
  -1.7462193339968561       -1.9380591385686743       -6.5387912652198302E-002
  -1.5175929512444923       -1.1325411073778080       -4.3028914883222441E-002
  -1.8216267413879088       -2.1057709677173730      -0.23001618827136802     
 -0.62991753978524523       0.31898569267171917        9.6113099600690519E-002
 -0.97273101452654631      -0.29983861537323708       0.21835371655981992     
 -0.43456014302868257       0.70888577430326549       0.29238079966421238     
  -1.0583918689202978       0.62743095316703701       0.49511569304916686     
  -4.8486173679910491        1.8539511662183350      -0.73778572010964993     
  -1.4648134668135058        1.6413069601957522       0.23025922509528426     
  -1.9387875128771246        1.4339679516686310      -0.32222593897510027     
  -2.2862049126953017        1.1420215492073997      -0.14958691483253836     
  -2.1606559769957148        1.4371561793582348       0.11711457935897586     
  -1.6108359601292288        4.0892464402088384      -0.42772427669316865     
  -1.6583663856719781        4.0916045965955679      -0.10853880564968264     
First
                         Total        4.448028443E-01
Step size:       0.20
Step size in Bohr:       0.38
Learning Rate:       1.00
# Steps:        500
                         Error  1        4.442672573E-01
                         Error  2        4.437722768E-01
                         Error  3        4.433145034E-01
                         Error  4        4.428908195E-01
                         Error  5        4.424983670E-01
                         Error  6        4.421345262E-01
                         Error  7        4.417968964E-01
                         Error  8        4.414832787E-01
                         Error  9        4.411916585E-01
                         Error 10        4.409201914E-01
                         Error 11        4.406671884E-01
                         Error 12        4.404311032E-01
                         Error 13        4.402105205E-01
                         Error 14        4.400041450E-01
                         Error 15        4.398107910E-01
                         Error 16        4.396293738E-01
                         Error 17        4.394589007E-01
                         Error 18        4.392984634E-01
                         Error 19        4.391472308E-01
                         Error 20        4.390044428E-01
                         Error 21        4.388694037E-01
                         Error 22        4.387414772E-01
                         Error 23        4.386200812E-01
                         Error 24        4.385046829E-01
                         Error 25        4.383947953E-01
                         Error 26        4.382899724E-01
                         Error 27        4.381898065E-01
                         Error 28        4.380939244E-01
                         Error 29        4.380019846E-01
                         Error 30        4.379136746E-01
                         Error 31        4.378287087E-01
                         Error 32        4.377468250E-01
                         Error 33        4.376677842E-01
                         Error 34        4.375913670E-01
                         Error 35        4.375173728E-01
                         Error 36        4.374456179E-01
                         Error 37        4.373759340E-01
                         Error 38        4.373081672E-01
                         Error 39        4.372421763E-01
                         Error 40        4.371778321E-01
                         Error 41        4.371150162E-01
                         Error 42        4.370536201E-01
                         Error 43        4.369935445E-01
                         Error 44        4.369346981E-01
                         Error 45        4.368769974E-01
                         Error 46        4.368203657E-01
                         Error 47        4.367647328E-01
                         Error 48        4.367100341E-01
                         Error 49        4.366562105E-01
                         Error 50        4.366032074E-01
                         Error 51        4.365509752E-01
                         Error 52        4.364994678E-01
                         Error 53        4.364486430E-01
                         Error 54        4.363984623E-01
                         Error 55        4.363488898E-01
                         Error 56        4.362998928E-01
                         Error 57        4.362514411E-01
                         Error 58        4.362035068E-01
                         Error 59        4.361560643E-01
                         Error 60        4.361090900E-01
                         Error 61        4.360625620E-01
                         Error 62        4.360164603E-01
                         Error 63        4.359707661E-01
                         Error 64        4.359254623E-01
                         Error 65        4.358805330E-01
                         Error 66        4.358359634E-01
                         Error 67        4.357917398E-01
                         Error 68        4.357478496E-01
                         Error 69        4.357042811E-01
                         Error 70        4.356610233E-01
                         Error 71        4.356180660E-01
                         Error 72        4.355753998E-01
                         Error 73        4.355330158E-01
                         Error 74        4.354909059E-01
                         Error 75        4.354490623E-01
                         Error 76        4.354074779E-01
                         Error 77        4.353661458E-01
                         Error 78        4.353250599E-01
                         Error 79        4.352842141E-01
                         Error 80        4.352436030E-01
                         Error 81        4.352032212E-01
                         Error 82        4.351630638E-01
                         Error 83        4.351231262E-01
                         Error 84        4.350834039E-01
                         Error 85        4.350438928E-01
                         Error 86        4.350045889E-01
                         Error 87        4.349654884E-01
                         Error 88        4.349265879E-01
                         Error 89        4.348878838E-01
                         Error 90        4.348493730E-01
                         Error 91        4.348110524E-01
                         Error 92        4.347729189E-01
                         Error 93        4.347349698E-01
                         Error 94        4.346972024E-01
                         Error 95        4.346596140E-01
                         Error 96        4.346222021E-01
                         Error 97        4.345849644E-01
                         Error 98        4.345478984E-01
                         Error 99        4.345110020E-01
                         Error100        4.344742729E-01
                         Error101        4.344377092E-01
                         Error102        4.344013086E-01
                         Error103        4.343650694E-01
                         Error104        4.343289894E-01
                         Error105        4.342930670E-01
                         Error106        4.342573003E-01
                         Error107        4.342216875E-01
                         Error108        4.341862269E-01
                         Error109        4.341509169E-01
                         Error110        4.341157557E-01
                         Error111        4.340807419E-01
                         Error112        4.340458738E-01
                         Error113        4.340111500E-01
                         Error114        4.339765689E-01
                         Error115        4.339421290E-01
                         Error116        4.339078290E-01
                         Error117        4.338736675E-01
                         Error118        4.338396430E-01
                         Error119        4.338057542E-01
                         Error120        4.337719998E-01
                         Error121        4.337383785E-01
                         Error122        4.337048889E-01
                         Error123        4.336715299E-01
                         Error124        4.336383002E-01
                         Error125        4.336051986E-01
                         Error126        4.335722238E-01
                         Error127        4.335393748E-01
                         Error128        4.335066502E-01
                         Error129        4.334740491E-01
                         Error130        4.334415702E-01
                         Error131        4.334092124E-01
                         Error132        4.333769747E-01
                         Error133        4.333448559E-01
                         Error134        4.333128551E-01
                         Error135        4.332809710E-01
                         Error136        4.332492028E-01
                         Error137        4.332175493E-01
                         Error138        4.331860096E-01
                         Error139        4.331545827E-01
                         Error140        4.331232675E-01
                         Error141        4.330920632E-01
                         Error142        4.330609686E-01
                         Error143        4.330299830E-01
                         Error144        4.329991054E-01
                         Error145        4.329683347E-01
                         Error146        4.329376702E-01
                         Error147        4.329071109E-01
                         Error148        4.328766559E-01
                         Error149        4.328463044E-01
                         Error150        4.328160554E-01
                         Error151        4.327859081E-01
                         Error152        4.327558617E-01
                         Error153        4.327259153E-01
                         Error154        4.326960681E-01
                         Error155        4.326663192E-01
                         Error156        4.326366679E-01
                         Error157        4.326071133E-01
                         Error158        4.325776547E-01
                         Error159        4.325482912E-01
                         Error160        4.325190222E-01
                         Error161        4.324898467E-01
                         Error162        4.324607641E-01
                         Error163        4.324317737E-01
                         Error164        4.324028746E-01
                         Error165        4.323740661E-01
                         Error166        4.323453475E-01
                         Error167        4.323167182E-01
                         Error168        4.322881773E-01
                         Error169        4.322597242E-01
                         Error170        4.322313582E-01
                         Error171        4.322030785E-01
                         Error172        4.321748846E-01
                         Error173        4.321467758E-01
                         Error174        4.321187513E-01
                         Error175        4.320908105E-01
                         Error176        4.320629529E-01
                         Error177        4.320351776E-01
                         Error178        4.320074841E-01
                         Error179        4.319798718E-01
                         Error180        4.319523401E-01
                         Error181        4.319248882E-01
                         Error182        4.318975157E-01
                         Error183        4.318702219E-01
                         Error184        4.318430062E-01
                         Error185        4.318158680E-01
                         Error186        4.317888068E-01
                         Error187        4.317618219E-01
                         Error188        4.317349127E-01
                         Error189        4.317080789E-01
                         Error190        4.316813196E-01
                         Error191        4.316546345E-01
                         Error192        4.316280229E-01
                         Error193        4.316014843E-01
                         Error194        4.315750182E-01
                         Error195        4.315486241E-01
                         Error196        4.315223013E-01
                         Error197        4.314960495E-01
                         Error198        4.314698680E-01
                         Error199        4.314437564E-01
                         Error200        4.314177142E-01
                         Error201        4.313917408E-01
                         Error202        4.313658358E-01
                         Error203        4.313399987E-01
                         Error204        4.313142289E-01
                         Error205        4.312885261E-01
                         Error206        4.312628897E-01
                         Error207        4.312373193E-01
                         Error208        4.312118144E-01
                         Error209        4.311863745E-01
                         Error210        4.311609992E-01
                         Error211        4.311356881E-01
                         Error212        4.311104406E-01
                         Error213        4.310852564E-01
                         Error214        4.310601350E-01
                         Error215        4.310350760E-01
                         Error216        4.310100789E-01
                         Error217        4.309851434E-01
                         Error218        4.309602689E-01
                         Error219        4.309354552E-01
                         Error220        4.309107017E-01
                         Error221        4.308860081E-01
                         Error222        4.308613739E-01
                         Error223        4.308367988E-01
                         Error224        4.308122824E-01
                         Error225        4.307878243E-01
                         Error226        4.307634240E-01
                         Error227        4.307390813E-01
                         Error228        4.307147957E-01
                         Error229        4.306905668E-01
                         Error230        4.306663943E-01
                         Error231        4.306422778E-01
                         Error232        4.306182170E-01
                         Error233        4.305942114E-01
                         Error234        4.305702608E-01
                         Error235        4.305463647E-01
                         Error236        4.305225228E-01
                         Error237        4.304987349E-01
                         Error238        4.304750004E-01
                         Error239        4.304513191E-01
                         Error240        4.304276907E-01
                         Error241        4.304041147E-01
                         Error242        4.303805910E-01
                         Error243        4.303571191E-01
                         Error244        4.303336987E-01
                         Error245        4.303103296E-01
                         Error246        4.302870113E-01
                         Error247        4.302637436E-01
                         Error248        4.302405261E-01
                         Error249        4.302173586E-01
                         Error250        4.301942408E-01
                         Error251        4.301711723E-01
                         Error252        4.301481528E-01
                         Error253        4.301251821E-01
                         Error254        4.301022598E-01
                         Error255        4.300793856E-01
                         Error256        4.300565594E-01
                         Error257        4.300337807E-01
                         Error258        4.300110493E-01
                         Error259        4.299883649E-01
                         Error260        4.299657273E-01
                         Error261        4.299431361E-01
                         Error262        4.299205911E-01
                         Error263        4.298980920E-01
                         Error264        4.298756386E-01
                         Error265        4.298532305E-01
                         Error266        4.298308676E-01
                         Error267        4.298085495E-01
                         Error268        4.297862761E-01
                         Error269        4.297640470E-01
                         Error270        4.297418619E-01
                         Error271        4.297197207E-01
                         Error272        4.296976231E-01
                         Error273        4.296755689E-01
                         Error274        4.296535578E-01
                         Error275        4.296315895E-01
                         Error276        4.296096638E-01
                         Error277        4.295877805E-01
                         Error278        4.295659394E-01
                         Error279        4.295441402E-01
                         Error280        4.295223827E-01
                         Error281        4.295006666E-01
                         Error282        4.294789918E-01
                         Error283        4.294573579E-01
                         Error284        4.294357649E-01
                         Error285        4.294142124E-01
                         Error286        4.293927003E-01
                         Error287        4.293712283E-01
                         Error288        4.293497962E-01
                         Error289        4.293284038E-01
                         Error290        4.293070509E-01
                         Error291        4.292857373E-01
                         Error292        4.292644627E-01
                         Error293        4.292432271E-01
                         Error294        4.292220301E-01
                         Error295        4.292008715E-01
                         Error296        4.291797513E-01
                         Error297        4.291586691E-01
                         Error298        4.291376248E-01
                         Error299        4.291166181E-01
                         Error300        4.290956490E-01
                         Error301        4.290747171E-01
                         Error302        4.290538224E-01
                         Error303        4.290329646E-01
                         Error304        4.290121435E-01
                         Error305        4.289913590E-01
                         Error306        4.289706108E-01
                         Error307        4.289498989E-01
                         Error308        4.289292229E-01
                         Error309        4.289085828E-01
                         Error310        4.288879783E-01
                         Error311        4.288674093E-01
                         Error312        4.288468757E-01
                         Error313        4.288263771E-01
                         Error314        4.288059136E-01
                         Error315        4.287854848E-01
                         Error316        4.287650907E-01
                         Error317        4.287447311E-01
                         Error318        4.287244057E-01
                         Error319        4.287041145E-01
                         Error320        4.286838573E-01
                         Error321        4.286636339E-01
                         Error322        4.286434441E-01
                         Error323        4.286232879E-01
                         Error324        4.286031650E-01
                         Error325        4.285830753E-01
                         Error326        4.285630187E-01
                         Error327        4.285429949E-01
                         Error328        4.285230039E-01
                         Error329        4.285030455E-01
                         Error330        4.284831195E-01
                         Error331        4.284632258E-01
                         Error332        4.284433643E-01
                         Error333        4.284235348E-01
                         Error334        4.284037371E-01
                         Error335        4.283839712E-01
                         Error336        4.283642368E-01
                         Error337        4.283445339E-01
                         Error338        4.283248623E-01
                         Error339        4.283052219E-01
                         Error340        4.282856125E-01
                         Error341        4.282660340E-01
                         Error342        4.282464862E-01
                         Error343        4.282269691E-01
                         Error344        4.282074825E-01
                         Error345        4.281880263E-01
                         Error346        4.281686003E-01
                         Error347        4.281492044E-01
                         Error348        4.281298385E-01
                         Error349        4.281105024E-01
                         Error350        4.280911961E-01
                         Error351        4.280719194E-01
                         Error352        4.280526722E-01
                         Error353        4.280334543E-01
                         Error354        4.280142657E-01
                         Error355        4.279951063E-01
                         Error356        4.279759758E-01
                         Error357        4.279568742E-01
                         Error358        4.279378014E-01
                         Error359        4.279187572E-01
                         Error360        4.278997416E-01
                         Error361        4.278807544E-01
                         Error362        4.278617955E-01
                         Error363        4.278428648E-01
                         Error364        4.278239622E-01
                         Error365        4.278050875E-01
                         Error366        4.277862407E-01
                         Error367        4.277674217E-01
                         Error368        4.277486304E-01
                         Error369        4.277298665E-01
                         Error370        4.277111301E-01
                         Error371        4.276924211E-01
                         Error372        4.276737392E-01
                         Error373        4.276550845E-01
                         Error374        4.276364568E-01
                         Error375        4.276178560E-01
                         Error376        4.275992821E-01
                         Error377        4.275807348E-01
                         Error378        4.275622142E-01
                         Error379        4.275437200E-01
                         Error380        4.275252523E-01
                         Error381        4.275068109E-01
                         Error382        4.274883957E-01
                         Error383        4.274700067E-01
                         Error384        4.274516436E-01
                         Error385        4.274333065E-01
                         Error386        4.274149953E-01
                         Error387        4.273967098E-01
                         Error388        4.273784499E-01
                         Error389        4.273602156E-01
                         Error390        4.273420068E-01
                         Error391        4.273238234E-01
                         Error392        4.273056652E-01
                         Error393        4.272875323E-01
                         Error394        4.272694245E-01
                         Error395        4.272513417E-01
                         Error396        4.272332838E-01
                         Error397        4.272152508E-01
                         Error398        4.271972425E-01
                         Error399        4.271792590E-01
                         Error400        4.271613000E-01
                         Error401        4.271433655E-01
                         Error402        4.271254555E-01
                         Error403        4.271075698E-01
                         Error404        4.270897084E-01
                         Error405        4.270718711E-01
                         Error406        4.270540580E-01
                         Error407        4.270362689E-01
                         Error408        4.270185037E-01
                         Error409        4.270007624E-01
                         Error410        4.269830449E-01
                         Error411        4.269653510E-01
                         Error412        4.269476809E-01
                         Error413        4.269300342E-01
                         Error414        4.269124110E-01
                         Error415        4.268948113E-01
                         Error416        4.268772348E-01
                         Error417        4.268596816E-01
                         Error418        4.268421516E-01
                         Error419        4.268246447E-01
                         Error420        4.268071608E-01
                         Error421        4.267896998E-01
                         Error422        4.267722618E-01
                         Error423        4.267548465E-01
                         Error424        4.267374540E-01
                         Error425        4.267200842E-01
                         Error426        4.267027370E-01
                         Error427        4.266854123E-01
                         Error428        4.266681100E-01
                         Error429        4.266508301E-01
                         Error430        4.266335726E-01
                         Error431        4.266163373E-01
                         Error432        4.265991242E-01
                         Error433        4.265819333E-01
                         Error434        4.265647644E-01
                         Error435        4.265476174E-01
                         Error436        4.265304924E-01
                         Error437        4.265133893E-01
                         Error438        4.264963079E-01
                         Error439        4.264792483E-01
                         Error440        4.264622104E-01
                         Error441        4.264451940E-01
                         Error442        4.264281992E-01
                         Error443        4.264112259E-01
                         Error444        4.263942739E-01
                         Error445        4.263773434E-01
                         Error446        4.263604341E-01
                         Error447        4.263435460E-01
                         Error448        4.263266792E-01
                         Error449        4.263098334E-01
                         Error450        4.262930087E-01
                         Error451        4.262762050E-01
                         Error452        4.262594222E-01
                         Error453        4.262426603E-01
                         Error454        4.262259192E-01
                         Error455        4.262091988E-01
                         Error456        4.261924992E-01
                         Error457        4.261758202E-01
                         Error458        4.261591618E-01
                         Error459        4.261425239E-01
                         Error460        4.261259065E-01
                         Error461        4.261093095E-01
                         Error462        4.260927328E-01
                         Error463        4.260761765E-01
                         Error464        4.260596405E-01
                         Error465        4.260431246E-01
                         Error466        4.260266289E-01
                         Error467        4.260101533E-01
                         Error468        4.259936977E-01
                         Error469        4.259772621E-01
                         Error470        4.259608464E-01
                         Error471        4.259444506E-01
                         Error472        4.259280747E-01
                         Error473        4.259117185E-01
                         Error474        4.258953821E-01
                         Error475        4.258790653E-01
                         Error476        4.258627681E-01
                         Error477        4.258464906E-01
                         Error478        4.258302325E-01
                         Error479        4.258139939E-01
                         Error480        4.257977748E-01
                         Error481        4.257815750E-01
                         Error482        4.257653946E-01
                         Error483        4.257492334E-01
                         Error484        4.257330915E-01
                         Error485        4.257169687E-01
                         Error486        4.257008651E-01
                         Error487        4.256847806E-01
                         Error488        4.256687151E-01
                         Error489        4.256526686E-01
                         Error490        4.256366411E-01
                         Error491        4.256206324E-01
                         Error492        4.256046426E-01
                         Error493        4.255886716E-01
                         Error494        4.255727194E-01
                         Error495        4.255567859E-01
                         Error496        4.255408711E-01
                         Error497        4.255249749E-01
                         Error498        4.255090973E-01
                         Error499        4.254932382E-01
                         Error500        4.254773976E-01
                         Error        4.254773976E-01
