-xyz
refined.xyz
-dens
/home/unibas/boittier/RDKit_G2/B.pdb/SCAN_1_2_3_4_S_36_10.0/4_SCAN_1_2_3_4_F/B.d.cube
-esp
/home/unibas/boittier/RDKit_G2/B.pdb/SCAN_1_2_3_4_S_36_10.0/4_SCAN_1_2_3_4_F/B.p.cube
-stepsize
0.2
-n_steps
50
-learning_rate
0.5
   3.4553497625030083        2.2408604269578007        1.4589907948650485     
   3.4863118689300703      -0.21215314667268059      -0.63081896622054279     
   6.2335458748381196       -1.1028152648066520       0.21237177399601148     
   3.9646356639019555      -0.93607027376675433       0.10456335859536080     
   3.3802318795499797      -0.88963014025944087       0.67990391258829275     
   2.5454765781888695       -1.6109202688319946      -0.37164850393085824     
   1.4958462667792842      -0.87340342999179499       -1.4117467686162082     
   2.1436585683602551       -1.2234168379335728      -0.22119880373533038     
   1.2754912211265357      -0.67667822896805851      -0.48084073274427785     
   1.6918194936995452       -3.7116253948052860       -1.5752136739712184     
  -1.2034460710491959        3.0567671054693486      -0.19431333598093228     
  -1.1570055162475041        2.3907690593583788      -0.34619481586657197     
  -1.2464331084812459        1.5997227366078317      -0.18994110657602481     
  -1.1999577782322630        2.6812089343338728      -0.10634515597615711     
 -0.86775412538201413      -0.38767133313215130        3.5291531793054873E-002
 -0.96364123661355727       0.39966545198080305      -0.28528701098874065     
 -0.80321665482128346      -0.91526596309518315      -0.14640329587144954     
  -1.3198990684552068      -0.60539469127156809      -0.61056074070414301     
  -5.2940707880817408      -0.31638584072556181       0.68708861816288203     
  -2.1064305924200912       -1.4222367669895968        5.1516244753518610E-004
  -2.5145756901126641      -0.91947263454826589       0.61101359720971704     
  -2.8748203568697583      -0.56493478668776975       0.27302966193602601     
  -2.8261155704998893      -0.94052848965187874        2.5493768841336487E-002
  -3.0278492859300723       -3.6725438340910799        1.1651962146130088     
  -3.0858146112286908       -3.5993349710055353       0.84171235719493209     
First
                         Total        4.777099544E-01
Step size:       0.20
Step size in Bohr:       0.38
Learning Rate:       1.00
# Steps:         50
                         Error  1        4.763247118E-01
                         Error  2        4.750044838E-01
                         Error  3        4.737447622E-01
                         Error  4        4.725413664E-01
                         Error  5        4.713904207E-01
                         Error  6        4.702883334E-01
                         Error  7        4.692317761E-01
                         Error  8        4.682176662E-01
                         Error  9        4.672431483E-01
                         Error 10        4.663055785E-01
                         Error 11        4.654025086E-01
                         Error 12        4.645316723E-01
                         Error 13        4.636909716E-01
                         Error 14        4.628784641E-01
                         Error 15        4.620923522E-01
                         Error 16        4.613309717E-01
                         Error 17        4.605927819E-01
                         Error 18        4.598763566E-01
                         Error 19        4.591803755E-01
                         Error 20        4.585036158E-01
                         Error 21        4.578449452E-01
                         Error 22        4.572033150E-01
                         Error 23        4.565777535E-01
                         Error 24        4.559673604E-01
                         Error 25        4.553713014E-01
                         Error 26        4.547888028E-01
                         Error 27        4.542191473E-01
                         Error 28        4.536616694E-01
                         Error 29        4.531157515E-01
                         Error 30        4.525808203E-01
                         Error 31        4.520563435E-01
                         Error 32        4.515418262E-01
                         Error 33        4.510368086E-01
                         Error 34        4.505408632E-01
                         Error 35        4.500535918E-01
                         Error 36        4.495746239E-01
                         Error 37        4.491036145E-01
                         Error 38        4.486402416E-01
                         Error 39        4.481842051E-01
                         Error 40        4.477352249E-01
                         Error 41        4.472930391E-01
                         Error 42        4.468574030E-01
                         Error 43        4.464280877E-01
                         Error 44        4.460048788E-01
                         Error 45        4.455875753E-01
                         Error 46        4.451759888E-01
                         Error 47        4.447699422E-01
                         Error 48        4.443692691E-01
                         Error 49        4.439738132E-01
                         Error 50        4.435834269E-01
                         Error        4.435834269E-01
