-xyz
refined.xyz
-dens
/home/unibas/boittier/RDKit_G2/B.pdb/SCAN_1_2_3_4_S_36_10.0/18_SCAN_1_2_3_4_F/B.d.cube
-esp
/home/unibas/boittier/RDKit_G2/B.pdb/SCAN_1_2_3_4_S_36_10.0/18_SCAN_1_2_3_4_F/B.p.cube
-stepsize
0.2
-n_steps
1
-learning_rate
0.5
  -4.5987959885993135       0.34000957114163610       -7.2933450229917480E-003
  -2.1220790282872870        2.1839773468061892      -0.83006846684618574     
  -3.5839579658922558        4.7126515782475460       -1.1943870151251234E-002
  -2.2304022133480812        2.8871254737668908        5.9990490456957077E-002
  -2.1455638723995012        2.3212070613256430       0.64276066240721719     
 -0.59277052430041943        2.3142753893374848       0.21431707540763020     
 -0.62255199299327924        1.1213611159396606      -0.93789886432592673     
 -0.64951968904341240        1.7475778068336314       0.32000700144793426     
 -0.54788020820826966       0.74371225457128542       -3.7709489938776167E-002
   1.7221247585810038        3.1384162574643248        3.8995098638973290E-002
  -1.9288252894001954       -3.5489643842321534        5.6384611493254426E-003
  -1.4687493241804885       -3.0578957151787014      -0.13913963968505247     
 -0.76354028412435937       -2.6693786294088184       -2.2827094522204282E-002
  -1.6496133532984627       -3.2924395302865079       0.10076543225780578     
  0.51188461913975702       -1.2090297729409865       0.22373429583591123     
  -8.8726233010115688E-002  -1.7289142201373910      -0.10341514403923810     
  0.89810628100300627      -0.83825431990012689        3.3400508142788048E-002
  0.89690568659134806       -1.3887356883539750      -0.48167681622425984     
   5.5189024955707016       0.16432835271917740        4.3235001144751393E-002
   2.0707376292936064       -1.6034719141521641      -0.14512199522802535     
   2.8080128241988862      -0.59430841602560114      -0.40026398782829109     
   3.0878798015443256      -0.19675962763089105       -1.5092824085014561E-002
   2.9973730524625481      -0.57634676031447285       0.23849606021734049     
   3.5747753235719459       -3.3147674342014883      -0.70042167176212689     
   3.5623040168077944       -3.2252132352319278      -0.38113356696432998     
First
                         Total        3.762391555E+00
Step size:       0.20
Step size in Bohr:       0.38
Learning Rate:       1.00
# Steps:          1
                         Error  1        3.739377159E+00
                         Error        3.739377159E+00
