-xyz
refined.xyz
-dens
/home/unibas/boittier/RDKit_G2/B.pdb/SCAN_1_2_3_4_S_36_10.0/25_SCAN/B.d.cube
-esp
/home/unibas/boittier/RDKit_G2/B.pdb/SCAN_1_2_3_4_S_36_10.0/25_SCAN/B.p.cube
-stepsize
0.2
-n_steps
10
-learning_rate
0.5
  -3.9771758104977373        3.0408850254240760      -0.49411369989884218     
  -3.5309177200980186      -0.35023294052447917       0.73784415095439759     
  -3.7516374125062804      -0.62274384980209696       0.10451622065741385     
  -6.2790432074859348       -1.0090609882984534        9.1710306844887735E-002
  -3.4875996364847413      -0.59236287425304923      -0.50896606532348965     
  -1.7627899282215225      -0.15129886307367083       0.23523767229078035     
  -1.4442768520668132       0.11050302231740416       0.21441312616103309     
  -2.0321479721603968       -2.4522686136635534       0.13485075482193837     
  -2.0598049804155019       -2.4606351253262808      -0.39483579725224244     
  -2.0185393124084761       -2.4855605254416200       0.93430681213992495     
   3.2730782523385340       -2.4827548106927475      -0.20810556499469274     
   2.6951923666611264       -1.8514604299904018      -0.11633264796399022     
  0.73456502449005645       0.78872634583962198      -0.64534931418678265     
  0.45848246845896434       0.94617360234338022      -0.40871156578515699     
   1.1345347638543277       0.92455364614252722       0.60964675047899708     
   1.4722526554312438      -0.24454568122286521      -0.15004503473236522     
   4.4620956519993671        3.0355335333178699       -8.5130243197176492E-002
   2.1418531975688211        2.0049996608311487       -5.0543152371964554E-003
   1.8772791560966660        1.9829774777940172      -0.66595106834135276     
   2.0241440840877996        2.0921743448462640       0.68526779302488039     
 -0.10625271980008168        4.3135906995307529       -6.5794016443300171E-002
First
                         Total        4.310071945E+00
Step size:       0.20
Step size in Bohr:       0.38
Learning Rate:       1.00
# Steps:         10
                         Error  1        4.283407780E+00
                         Error  2        4.257229288E+00
                         Error  3        4.231531732E+00
                         Error  4        4.206310189E+00
                         Error  5        4.181559557E+00
                         Error  6        4.157274565E+00
                         Error  7        4.133449777E+00
                         Error  8        4.110079607E+00
                         Error  9        4.087158323E+00
                         Error 10        4.064680059E+00
                         Error        4.064680059E+00
