atom_charge_dict:  {0: [0, 1, 2], 2: [3], 3: [4], 4: [5, 6], 6: [7, 8, 9], 1: [10, 11], 8: [12, 14, 15], 5: [13], 9: [16, 17, 18], 7: [19, 20], 10: [21, 22], 11: [23, 24, 25, 26], 12: [27, 28, 29]}
2
2 [3] [ 0.08632161 -0.02252124  0.13527456]
0
0 [0, 1, 2] [-0.05374625  0.46700943 -0.31663618]
0 [0, 1, 2] [ 0.24653095 -0.24726349  0.06655323]
0 [0, 1, 2] [0.30041904 0.03967488 0.46818738]
3
3 [4] [-0.38402732  0.01522099  0.08143968]
4
4 [5, 6] [-0.05885548  0.03732223 -0.09711208]
4 [5, 6] [-0.23088128 -0.15029188  0.29359357]
0
1
1 [10, 11] [-0.23956611  0.31502114  0.0396015 ]
1 [10, 11] [ 0.15847719 -0.34270049 -0.00113973]
6
6 [7, 8, 9] [-0.28095125  0.12811447  0.06617391]
6 [7, 8, 9] [ 0.09950405 -0.3157983  -0.0556875 ]
6 [7, 8, 9] [-0.12448051 -0.09020396  0.00627899]
1
5
5 [13] [ 0.08943209  0.52463863 -0.0105591 ]
8
8 [12, 14, 15] [-0.08336709  0.06496008  0.53575557]
8 [12, 14, 15] [ 0.00902263 -0.02865419 -0.07333215]
8 [12, 14, 15] [ 0.02061877 -0.01999659  0.06415722]
5
7
7 [19, 20] [-0.37368437  0.02225145  0.40839712]
7 [19, 20] [-0.26062123  0.39460773 -0.15072947]
9
9 [16, 17, 18] [ 0.025894    0.12441829 -0.01568057]
9 [16, 17, 18] [0.09561878 0.19390865 0.33335306]
9 [16, 17, 18] [ 0.02442335  0.19659151 -0.15734287]
5
8
10
10 [21, 22] [-0.03666145 -0.43621862  0.22135889]
10 [21, 22] [-0.02948818 -0.26755862  0.11903282]
7
11
11 [23, 24, 25, 26] [-0.4031733   0.26467663  0.07195317]
11 [23, 24, 25, 26] [ 0.24935015 -0.14833945 -0.07924785]
11 [23, 24, 25, 26] [-0.03937094 -0.07282268 -0.07073665]
11 [23, 24, 25, 26] [ 0.12831812 -0.00393963 -0.02124407]
12
12 [27, 28, 29] [0.03580561 0.10794531 0.44778387]
12 [27, 28, 29] [ 0.12303652  0.02900236 -0.38591675]
12 [27, 28, 29] [0.04449832 0.04472259 0.03613106]
7
5
RMSD using the Kabsch algorithm: 1.1047826789738207
1 [-1.79272189  1.72528597 -0.35056595]
2 [-1.49244469  1.01101306  0.03262346]
3 [-1.4385566   1.29795142  0.43425761]
4 [-1.0543083   1.67491612  0.90722844]
5 [-3.17767547  1.47950137  0.23216569]
6 [-1.4809213   1.77418168 -1.06328027]
7 [-1.6529471   1.58656757 -0.67257462]
8 [-2.72136212 -0.90218256  0.19984191]
9 [-2.34090681 -1.34609534  0.07798049]
10 [-2.56489137 -1.120501    0.13994698]
11 [-1.77142927  0.08805713 -0.05590013]
12 [-1.37338598 -0.5696645  -0.09664136]
13 [-0.20296374 -0.71284173 -1.08189142]
14 [-0.08459571 -0.2617311  -0.53321241]
15 [-0.11057402 -0.80645601 -1.69097914]
16 [-0.09897788 -0.79779841 -1.55348978]
17 [-0.09604266 -1.70186573 -0.20889103]
18 [-0.02631789 -1.63237537  0.1401426 ]
19 [-0.09751332 -1.62969251 -0.35055333]
20 [ 0.66261829 -0.04427033  0.4039732 ]
21 [ 0.77568143  0.32808595 -0.15515339]
22 [ 1.16120107  0.76617736 -0.33958778]
23 [ 1.16837434  0.93483736 -0.44191385]
24 [ 1.79721187 -0.50506476 -0.21858564]
25 [ 2.44973532 -0.91808084 -0.36978666]
26 [ 2.16101423 -0.84256407 -0.36127547]
27 [ 2.32870329 -0.77368103 -0.31178288]
28 [1.03450708 0.2172193  1.82416372]
29 [1.12173798 0.13827635 0.99046311]
30 [1.04319978 0.15399658 1.41251092]
