-xyz
refined.xyz
-dens
../../cube_files/fbutone/16_SCAN_1_2_6_8_F/N.d.cube
-esp
../../cube_files/fbutone/16_SCAN_1_2_6_8_F/N.p.cube
-stepsize
0.2
-n_steps
1
-learning_rate
0.5
  -3.3877533913665503        3.2603179755843295      -0.66247364009899112     
  -2.8203117206078865        1.9105377838684214        6.1649398522720777E-002
  -2.7184779849703373        2.4527727067909075       0.82062795194315841     
  -1.9923539382747235        3.1651327560008662        1.7144132801713998     
  -6.0049363554982405        2.7958523961917696       0.43872957406848639     
  -2.7985356728164135        3.3527174813733049       -2.0093084991151762     
  -3.1236173099067348        2.9981781947546282       -1.2709818324823401     
  -5.1426290898685751       -1.7048779618754220       0.37764647203662732     
  -4.4236727635004041       -2.5437515311277266       0.14736176773088303     
  -4.8469422277502865       -2.1174400039113479       0.26446146259287284     
  -3.3475161793091202       0.16640385568250532      -0.10563594098584501     
  -2.5953233676551370       -1.0765098940399576      -0.18262569791526392     
 -0.38354588623332753       -1.3470756455947168       -2.0444784787880654     
 -0.15986271863587320      -0.49460008876098027       -1.0076254161671434     
 -0.20895461530603993       -1.5239809821913508       -3.1954874556195412     
 -0.18704108509345549       -1.5076204896181682       -2.9356702157669377     
 -0.18149433077743349       -3.2160601341766153      -0.39474683937665894     
  -4.9733595751112164E-002  -3.0847423886483383       0.26483112325949287     
 -0.18427346309752279       -3.0796725112802674      -0.66244978264812027     
   1.2521670981343731       -8.3658794436717920E-002  0.76339871005746607     
   1.4658254642057036       0.61999259414015007      -0.29319740715373049     
   2.1943519932439104        1.4478653664774281      -0.64172790513021039     
   2.2079075052781696        1.7665865733234314      -0.83509614245852182     
   3.3962382261869810      -0.95443407239562961      -0.41306699980448441     
   4.6293288313541332       -1.7349213513516055      -0.69879551350399671     
   4.0837250549853916       -1.5922153365294258      -0.68271168586633368     
   4.4006114465193962       -1.4620452486024835      -0.58918426121795897     
   1.9549350493260493       0.41048499281488737        3.4471698465069074     
   2.1197775730583497       0.26130442871898041        1.8717040076994518     
   1.9713618781643831       0.29101135598395816        2.6692587791413822     
First
                         Total        2.723704927E+00
Step size:       0.20
Step size in Bohr:       0.38
Learning Rate:       1.00
# Steps:          1
                         Error  1        2.669913765E+00
                         Error        2.669913765E+00
