-xyz
refined.xyz
-dens
/home/unibas/boittier/RDKit_G2/B.pdb/SCAN_1_2_3_4_S_36_-10.0/1_SCAN/B.d.cube
-esp
/home/unibas/boittier/RDKit_G2/B.pdb/SCAN_1_2_3_4_S_36_-10.0/1_SCAN/B.p.cube
-stepsize
0.2
-n_steps
0
-learning_rate
0.5
  -3.7420318523637861        2.6831796217595669       0.42323251281032626     
  -3.0546101580951839      -0.22812407161816695       0.60720051744198844     
  -2.8522171531774294       0.29084860789829786      -0.26430211920768087     
  -5.7524115171630594       -1.3153273086396799        9.3086160208074101E-002
  -2.9635630819030196       0.10884771478971672      -0.55096252999792850     
 -0.90951235535095531       -1.2335847117643628      -0.34009741131065835     
  -1.3953925189563035       -3.8031749738204068      -0.34708357526264422     
  -2.3533317179266313       -1.9055899477782057      -0.21223326849268548     
  -1.7898164327655255       -1.5433723498509924      -0.23381426550612266     
   1.3670143647117514        1.6805865211389750      -0.20357076692934867     
   1.3138958837665851        1.8630948167432853      -0.23428003790418503     
  0.95520524556434239        3.2856884782962852       -6.5388647458482774E-002
  0.97628940028477762        2.5542426476149762       -4.8470206661095930E-002
   1.0108167132515316      -0.76951322050181192      -0.20327986955591640     
   1.2348118073059200      -0.43608459859994819      -0.50630999152667244     
   1.4652714568610563      -0.47049165340980142       0.74778511364527178     
   1.1398876153309667       0.64686639622292486       -7.5161304585855321E-002
   2.9358893080193020       -1.0318003793006034      -0.90088406558252287     
   2.8305221170457382      -0.95098567432876802       0.99329552958991207     
   5.2437402492837100        4.6112255509589667E-002  0.19820885097323590     
   3.2804175929174346       -3.5812850995463759       0.11459565980520439     
First
                         Total        3.930129743E-01
Step size:       0.20
Step size in Bohr:       0.38
Learning Rate:       1.00
# Steps:          0
                         Error        3.930129743E-01
