-xyz
refined.xyz
-dens
/home/unibas/boittier/RDKit_G2/B.pdb/SCAN_1_2_3_4_S_36_-10.0/7_SCAN/B.d.cube
-esp
/home/unibas/boittier/RDKit_G2/B.pdb/SCAN_1_2_3_4_S_36_-10.0/7_SCAN/B.p.cube
-stepsize
0.2
-n_steps
10
-learning_rate
0.5
   3.2143774945436934        1.1346560281713973       -3.1040208730469123     
   3.0073179421706002      -0.61338700589091200      -0.68041302647277002     
   2.7763306700145294       0.38995182439340664      -0.59564837303306140     
   5.8862885585174389      -0.63406421686926462        2.8825732811485510E-002
   2.9266566160321288       0.53473271815082324      -0.31466381523160802     
   1.0882264648770796      -0.74454532765026338       0.94554168459470467     
   2.0574102294448529       -1.8293492604572656        3.0577964072413204     
   2.6447403255492690       -1.0250873127410574        1.1649589728031544     
   2.0117000231363411      -0.81935442618762033        1.0440928371448668     
  -1.7737181968988307        1.5361966485967489       0.20162611957238841     
  -1.7797638091523182        1.7250069058437463       0.23729495612079626     
  -1.7284390853519924        3.1955548163170833       0.11107124344549034     
  -1.5788689596420158        2.4791743215775814       0.11059566790963259     
 -0.86578764728569857      -0.77211130814843809       0.35381986243299002     
  -1.2307557400883584      -0.50766049264570434       0.58870285546485390     
  -1.1603468929814360      -0.56569079241740583      -0.68186540872684009     
  -1.2882399324804388       0.57692729860121428       0.15837747405002967     
  -2.7646036378563608       -1.4998822183586915       0.62486664090464539     
  -2.2813814049911407       -1.3372263584447011       -1.2042457233031219     
  -4.9735481491122613      -0.96947014692883915      -0.96712671528179128     
  -2.2595616463027199       -4.0251596940454908      -0.38844617058841341     
First
                         Total        8.078012182E-01
Step size:       0.20
Step size in Bohr:       0.38
Learning Rate:       1.00
# Steps:         10
                         Error  1        7.881983321E-01
                         Error  2        7.694085602E-01
                         Error  3        7.514107800E-01
                         Error  4        7.341837260E-01
                         Error  5        7.177060205E-01
                         Error  6        7.019562044E-01
                         Error  7        6.869127682E-01
                         Error  8        6.725541824E-01
                         Error  9        6.588589292E-01
                         Error 10        6.458055333E-01
                         Error        6.458055333E-01
