-xyz
refined.xyz
-dens
/home/unibas/boittier/RDKit_G2/B.pdb/SCAN_1_2_3_4_S_36_10.0/6_SCAN/B.d.cube
-esp
/home/unibas/boittier/RDKit_G2/B.pdb/SCAN_1_2_3_4_S_36_10.0/6_SCAN/B.p.cube
-stepsize
0.2
-n_steps
100
-learning_rate
0.5
   3.8863005210195802        2.5233364306441315      -0.21807235701440775     
   3.0393112722582427      -0.32068869204856093      -0.59146839655367445     
   2.8412807114608367       0.14638141678810782       0.25406822836805237     
   5.6446837291098291       -1.6055708330557279      -0.11870931819288882     
   2.9278699916582500       -6.2319343642292413E-002  0.58267078882358858     
  0.83554512331440178       -1.2301544802792539       0.24242424248453778     
   1.1357260474525490       -3.8323040829255697        4.5915872369916053E-002
   2.2216877297436564       -1.9950114693751635        5.9282890260862448E-002
   1.6843970115814120       -1.5967459484731470       0.10643697181999491     
  -1.2476125293721831        1.8160184238472401       0.27433385733963239     
  -1.1810799124883216        1.9946806974797702       0.30134101190361756     
 -0.74710002920457119        3.3925162994749130       0.10903870425142773     
 -0.81475894978514407        2.6629356959279273        9.2903292785634112E-002
  -1.0622445421646911      -0.63982845888661255       0.24834675249857957     
  -1.2405781577956523      -0.29437138626262244       0.56604736218414631     
  -1.5637322715439386      -0.30721225724863449      -0.66552739411210338     
  -1.1053822859343256       0.78146175558802122       0.13103386103570752     
  -2.8996354372878277      -0.77817309354654995        1.1620741637807954     
  -2.9200517436150122       -1.0600614009059657      -0.79352771633038954     
  -5.2337224566902769       0.21622150611730898      -0.13999948585706448     
  -3.4471003508374825       -3.3931276023086689       0.66526183223180535     
First
                         Total        4.201665346E+00
Step size:       0.20
Step size in Bohr:       0.38
Learning Rate:       1.00
# Steps:        100
                         Error  1        4.179678463E+00
                         Error  2        4.158108566E+00
                         Error  3        4.136951350E+00
                         Error  4        4.116202369E+00
                         Error  5        4.095857045E+00
                         Error  6        4.075910674E+00
                         Error  7        4.056358434E+00
                         Error  8        4.037195391E+00
                         Error  9        4.018416510E+00
                         Error 10        4.000016658E+00
                         Error 11        3.981990614E+00
                         Error 12        3.964333075E+00
                         Error 13        3.947038666E+00
                         Error 14        3.930101946E+00
                         Error 15        3.913517413E+00
                         Error 16        3.897279518E+00
                         Error 17        3.881382663E+00
                         Error 18        3.865821216E+00
                         Error 19        3.850589512E+00
                         Error 20        3.835681867E+00
                         Error 21        3.821092575E+00
                         Error 22        3.806815923E+00
                         Error 23        3.792846192E+00
                         Error 24        3.779177666E+00
                         Error 25        3.765804635E+00
                         Error 26        3.752721404E+00
                         Error 27        3.739922294E+00
                         Error 28        3.727401653E+00
                         Error 29        3.715153855E+00
                         Error 30        3.703173308E+00
                         Error 31        3.691454458E+00
                         Error 32        3.679991792E+00
                         Error 33        3.668779844E+00
                         Error 34        3.657813197E+00
                         Error 35        3.647086487E+00
                         Error 36        3.636594407E+00
                         Error 37        3.626331707E+00
                         Error 38        3.616293203E+00
                         Error 39        3.606473772E+00
                         Error 40        3.596868361E+00
                         Error 41        3.587471984E+00
                         Error 42        3.578279728E+00
                         Error 43        3.569286752E+00
                         Error 44        3.560488291E+00
                         Error 45        3.551879654E+00
                         Error 46        3.543456229E+00
                         Error 47        3.535213480E+00
                         Error 48        3.527146952E+00
                         Error 49        3.519252269E+00
                         Error 50        3.511525137E+00
                         Error 51        3.503961340E+00
                         Error 52        3.496556744E+00
                         Error 53        3.489307299E+00
                         Error 54        3.482209032E+00
                         Error 55        3.475258053E+00
                         Error 56        3.468450555E+00
                         Error 57        3.461782809E+00
                         Error 58        3.455251166E+00
                         Error 59        3.448852061E+00
                         Error 60        3.442582002E+00
                         Error 61        3.436437582E+00
                         Error 62        3.430415467E+00
                         Error 63        3.424512403E+00
                         Error 64        3.418725212E+00
                         Error 65        3.413050790E+00
                         Error 66        3.407486110E+00
                         Error 67        3.402028216E+00
                         Error 68        3.396674227E+00
                         Error 69        3.391421330E+00
                         Error 70        3.386266787E+00
                         Error 71        3.381207925E+00
                         Error 72        3.376242142E+00
                         Error 73        3.371366902E+00
                         Error 74        3.366579734E+00
                         Error 75        3.361878233E+00
                         Error 76        3.357260056E+00
                         Error 77        3.352722924E+00
                         Error 78        3.348264616E+00
                         Error 79        3.343882974E+00
                         Error 80        3.339575897E+00
                         Error 81        3.335341339E+00
                         Error 82        3.331177315E+00
                         Error 83        3.327081890E+00
                         Error 84        3.323053186E+00
                         Error 85        3.319089374E+00
                         Error 86        3.315188680E+00
                         Error 87        3.311349376E+00
                         Error 88        3.307569787E+00
                         Error 89        3.303848282E+00
                         Error 90        3.300183278E+00
                         Error 91        3.296573237E+00
                         Error 92        3.293016665E+00
                         Error 93        3.289512112E+00
                         Error 94        3.286058170E+00
                         Error 95        3.282653470E+00
                         Error 96        3.279296685E+00
                         Error 97        3.275986526E+00
                         Error 98        3.272721741E+00
                         Error 99        3.269501116E+00
                         Error100        3.266323472E+00
                         Error        3.266323472E+00
