-xyz
refined.xyz
-dens
/home/unibas/boittier/RDKit_G2/B.pdb/SCAN_1_2_3_4_S_36_-10.0/29_SCAN/B.d.cube
-esp
/home/unibas/boittier/RDKit_G2/B.pdb/SCAN_1_2_3_4_S_36_-10.0/29_SCAN/B.p.cube
-stepsize
0.2
-n_steps
0
-learning_rate
0.5
  -3.2281684157003907        1.2736961886891416       -3.0329541543193326     
  -3.1165246458574880       0.35750915390838295      -0.16672548700656520     
  -2.7094007704825445      -0.22152970910706130      -0.92089825330678854     
  -5.8895013162999863      -0.58939110381233129        5.6539155398961281E-002
  -2.8130015466294269      -0.56225079628447350      -0.89136095510732094     
  -1.2024675773108291      -0.72973440834275505       0.48159194439245856     
  -2.0482109956004497       -1.8663756324212601        3.0372748248776005     
  -2.6792273760408780       -1.0194875157673471        1.0180416266456958     
  -2.0700173956968873      -0.81072791267447319       0.83230139875675369     
   1.7016007820567542        1.5455733189968939      -0.10928151556114592     
   1.6861916325734683        1.7363604632739802      -0.13017969722640702     
   1.7279544904781650        3.1968309010816687        8.4850453173098084E-002
   1.5818638124775075        2.4803916961091232       0.11825940137528294     
  0.79597618176033913      -0.76385762265137436        6.3926446034382661E-002
   1.0011517981998193      -0.48162394291276100      -0.29859640748702293     
   1.5468413236445662      -0.61099731255734424       0.84706301020947872     
   1.2810158510259633       0.57852277404876629       0.10815622017770518     
   2.2491287539740563       -1.4050324976156137       -1.2481890471113850     
   2.7665013444715125       -1.4311376183321571       0.57860971726177168     
   4.9760208362146940      -0.97366497581022260      -0.96007375190083710     
   2.2607089599508163       -4.0271521332428168      -0.36867832042047183     
First
                         Total        1.011202483E+00
Step size:       0.20
Step size in Bohr:       0.38
Learning Rate:       1.00
# Steps:          0
                         Error        1.011202483E+00
