-xyz
refined.xyz
-dens
/home/unibas/boittier/RDKit_G2/B.pdb/SCAN_1_2_3_4_S_36_-10.0/21_SCAN_1_2_3_4_F/B.d.cube
-esp
/home/unibas/boittier/RDKit_G2/B.pdb/SCAN_1_2_3_4_S_36_-10.0/21_SCAN_1_2_3_4_F/B.p.cube
-stepsize
0.2
-n_steps
5
-learning_rate
0.5
   3.6618167685565437        2.4466662121703853       -1.3500129867395485     
   3.4123237620570017      -0.66554380452324413      -0.80746925779618828     
   6.3370581530918182      -0.90463217524802075        6.8035900348267730E-002
   4.0701879183337848      -0.70439653609964881       0.14208952339331851     
   3.6329528115098131      -0.16267456993834303       0.56859058457515321     
   2.6528800389812028       -1.3491196539048980       0.26222261752311732     
   1.3226535250038205       -1.2794690127551831        1.2714417260365960     
   2.0995153235179949       -1.2921407288933457       0.11927647824504055     
   1.0848012582733464       -1.1468953221934437       0.31400940904518809     
   1.6679057615030022       -3.5406968180188687        1.4869540836081132     
  -3.1916676649115328       -2.1088734965010354      -0.35579116002325539     
  -2.7272494852683362       -1.6700317594373626      -0.11418936912189910     
  -2.2506099769831218       -1.0148165572793355      -0.14488439880182302     
  -2.9400975058952930       -1.8192320419625323      -0.39293509138905564     
 -0.63148424576160767       0.23170674716008172       -9.1910769778185991E-002
  -1.2447542913815244      -0.34104191049671112       0.10702599234843803     
 -0.24294663255635848       0.53146753205783714       0.14874735336504905     
 -0.85584677828989053       0.59631884326506357       0.60387184903800573     
  -3.9901179425813353        3.2024054207401194      -0.11943256454142021     
 -0.89116695896036746        1.7791227130892278       0.34918844208525013     
  -1.4966179227736296        1.8429470266896251      -0.28991317934889821     
  -2.0196106051076668        1.7223622014607043        2.2649630931450629E-003
  -1.7426184408416558        1.9063501387649358       0.32353422108800955     
  -5.6530726096874269E-002   4.2998309013526876      -0.13591947800560411     
 -0.16965981626663990        4.1985835718211240       0.15736768221412736     
First
                         Total        8.586896442E-01
Step size:       0.20
Step size in Bohr:       0.38
Learning Rate:       1.00
# Steps:          5
                         Error  1        8.513242217E-01
                         Error  2        8.443512888E-01
                         Error  3        8.377437972E-01
                         Error  4        8.314763782E-01
                         Error  5        8.255252750E-01
                         Error        8.255252750E-01
