-xyz
refined.xyz
-dens
../../cube_files/fbuta/8_SCAN_1_2_3_4_F/B.d.cube
-esp
../../cube_files/fbuta/8_SCAN_1_2_3_4_F/B.p.cube
-stepsize
0.2
-n_steps
100
-learning_rate
0.5
   3.7555587291416139        2.5676678960282326      -0.95516171193966959     
   3.4223161298402327      -0.58402776085118202      -0.79339049699019248     
   6.3317485204537149       -1.0047638857718759        4.0691677598513123E-002
   4.0713981197124900      -0.76886750341170640        6.0703829485740768E-002
   3.6216823479263480      -0.27401428595058414       0.66143865330090423     
   2.6048825507721221       -1.4556111015912205       0.13102133287137405     
   1.3382795900947528       -1.2939051872846066        1.1313124278988480     
   2.0734919924680142       -1.3182137111558612       -5.5178603571282174E-002
   1.0640758555516041       -1.1952230234595187       0.24008679840716052     
   1.5982440318253976       -3.7307411787213449        1.0107512084202155     
  -3.2261806726668696       -2.0497134044241374      -0.25073590941422880     
  -2.7510085944829452       -1.6399605167494640       -4.1723101368988699E-002
  -2.2538736751631872      -0.97758849128608394       -9.4884113295669786E-002
  -2.9728524399676761       -1.7856241078318600      -0.30308122029345835     
 -0.63173845735702816       0.22400297834892077      -0.12649639290243342     
  -1.2368582254573295      -0.32662885729993901       0.10688018374696763     
 -0.24027762228088584       0.51544614715551074       0.10076544140635828     
 -0.82425293281472656       0.60074731805696380       0.56024880162097856     
  -3.9447329488288205        3.2507566028860557       -7.1712331853618624E-002
 -0.86056320604207459        1.7859475618766398       0.29086020378402777     
  -1.4816935888957006        1.8363132163634219      -0.31284598090870747     
  -1.9852987678479594        1.7401802739934427       -4.1797275214799636E-003
  -1.6986479493485669        1.9155043278137651       0.29649421172834783     
   4.3440006411680490E-004   4.2776243046303586      -0.28732138019502079     
 -0.13785160292151322        4.1980953316090019        8.5719793281121715E-003
First
                         Total        5.923025322E-01
Step size:       0.20
Step size in Bohr:       0.38
Learning Rate:       1.00
# Steps:        100
                         Error  1        5.891438112E-01
                         Error  2        5.861853996E-01
                         Error  3        5.834112858E-01
                         Error  4        5.808066768E-01
                         Error  5        5.783579204E-01
                         Error  6        5.760524299E-01
                         Error  7        5.738786119E-01
                         Error  8        5.718257972E-01
                         Error  9        5.698841746E-01
                         Error 10        5.680447285E-01
                         Error 11        5.662991799E-01
                         Error 12        5.646399304E-01
                         Error 13        5.630600107E-01
                         Error 14        5.615530308E-01
                         Error 15        5.601131348E-01
                         Error 16        5.587349586E-01
                         Error 17        5.574135897E-01
                         Error 18        5.561445311E-01
                         Error 19        5.549236666E-01
                         Error 20        5.537472303E-01
                         Error 21        5.526117765E-01
                         Error 22        5.515141536E-01
                         Error 23        5.504514792E-01
                         Error 24        5.494211170E-01
                         Error 25        5.484206565E-01
                         Error 26        5.474478932E-01
                         Error 27        5.465008115E-01
                         Error 28        5.455775681E-01
                         Error 29        5.446764770E-01
                         Error 30        5.437959966E-01
                         Error 31        5.429347166E-01
                         Error 32        5.420913468E-01
                         Error 33        5.412647066E-01
                         Error 34        5.404537158E-01
                         Error 35        5.396573854E-01
                         Error 36        5.388748098E-01
                         Error 37        5.381051597E-01
                         Error 38        5.373476752E-01
                         Error 39        5.366016598E-01
                         Error 40        5.358664750E-01
                         Error 41        5.351415348E-01
                         Error 42        5.344263019E-01
                         Error 43        5.337202824E-01
                         Error 44        5.330230229E-01
                         Error 45        5.323341065E-01
                         Error 46        5.316531496E-01
                         Error 47        5.309797992E-01
                         Error 48        5.303137301E-01
                         Error 49        5.296546426E-01
                         Error 50        5.290022600E-01
                         Error 51        5.283563268E-01
                         Error 52        5.277166069E-01
                         Error 53        5.270828818E-01
                         Error 54        5.264549492E-01
                         Error 55        5.258326214E-01
                         Error 56        5.252157241E-01
                         Error 57        5.246040955E-01
                         Error 58        5.239975849E-01
                         Error 59        5.233960519E-01
                         Error 60        5.227993655E-01
                         Error 61        5.222074032E-01
                         Error 62        5.216200505E-01
                         Error 63        5.210372000E-01
                         Error 64        5.204587510E-01
                         Error 65        5.198846088E-01
                         Error 66        5.193146841E-01
                         Error 67        5.187488928E-01
                         Error 68        5.181871556E-01
                         Error 69        5.176293971E-01
                         Error 70        5.170755462E-01
                         Error 71        5.165255351E-01
                         Error 72        5.159792997E-01
                         Error 73        5.154367785E-01
                         Error 74        5.148979132E-01
                         Error 75        5.143626478E-01
                         Error 76        5.138309288E-01
                         Error 77        5.133027051E-01
                         Error 78        5.127779273E-01
                         Error 79        5.122565481E-01
                         Error 80        5.117385219E-01
                         Error 81        5.112238047E-01
                         Error 82        5.107123541E-01
                         Error 83        5.102041289E-01
                         Error 84        5.096990894E-01
                         Error 85        5.091971969E-01
                         Error 86        5.086984141E-01
                         Error 87        5.082027046E-01
                         Error 88        5.077100329E-01
                         Error 89        5.072203645E-01
                         Error 90        5.067336659E-01
                         Error 91        5.062499042E-01
                         Error 92        5.057690475E-01
                         Error 93        5.052910644E-01
                         Error 94        5.048159242E-01
                         Error 95        5.043435970E-01
                         Error 96        5.038740535E-01
                         Error 97        5.034072647E-01
                         Error 98        5.029432026E-01
                         Error 99        5.024818393E-01
                         Error100        5.020231477E-01
                         Error        5.020231477E-01
