node45.cluster
-xyz
refined.xyz
-dens
../../cubes/8_SCAN_1_2_3_4_F/B.d.cube
-esp
../../cubes/8_SCAN_1_2_3_4_F/B.p.cube
-stepsize
0.2
-n_steps
500
-learning_rate
0.5
   3.6594734718328730        2.4768343282556722      -0.98976851575206182     
   3.3073841693668617      -0.60069587671312885      -0.90857600126207216     
   6.3241236895349537       -1.1030250311182268        1.0020514101712459E-002
   3.9720950281847749      -0.67904222181009366       -7.0954122773688122E-002
   3.5734341265633747      -0.32901860412959760       0.61833059045829464     
   2.2931214904686632       -1.5363702164259243        4.2837465834034874E-002
   1.2542860588948272       -1.4066615621724736       0.80314704978154094     
   1.8629170361768661       -1.1815278927528621      -0.21694248695930354     
  0.95138049143745973       -1.0752463304997988       -2.7031314989328276E-002
   1.5262729985497874       -3.7760975182540828        1.1806681438900470     
  -2.5088743740513793       -1.8131895527301358      -0.24206512512075637     
  -2.2519856925635708       -1.5708212943560966      -0.16604401290901930     
  -1.7558875091785493      -0.97408249549849024      -0.12613992877219382     
  -2.4043908625412325       -1.6346876349000112      -0.26481406265005020     
 -0.59137226186253045        4.0720887886178815E-002 -0.10453589265833056     
  -1.0524581833965432      -0.39139579731657798       -6.5399706036831581E-002
 -0.28608997869699854       0.28221133149330352        4.3615621129427767E-002
 -0.78940664659800908       0.39978891807896738       0.28801896152070533     
  -4.0070535034713988        3.1750544899916036       -7.9269666498252678E-002
 -0.81887641340734396        1.5936286891973521       0.27309524833749999     
  -1.3718558448348148        1.6381243044716571      -0.12789696796874650     
  -1.7862096820667430        1.4649327184572452        5.0757211100372915E-002
  -1.4783225946790426        1.6779581993894810       0.25670762012205400     
 -0.29817189394808036        4.0308558248577295        1.1773483357440063E-002
 -0.18833273504576070        4.0785070088499200       0.19429134120153699     
First
                         Total        4.729341008E-01
Step size:       0.20
Step size in Bohr:       0.38
Learning Rate:       1.00
# Steps:        500
                         Error  1        4.729071139E-01
                         Error  2        4.728801930E-01
                         Error  3        4.728533377E-01
                         Error  4        4.728265478E-01
                         Error  5        4.727998230E-01
                         Error  6        4.727731630E-01
                         Error  7        4.727465674E-01
                         Error  8        4.727200360E-01
                         Error  9        4.726935685E-01
                         Error 10        4.726671646E-01
                         Error 11        4.726408241E-01
                         Error 12        4.726145465E-01
                         Error 13        4.725883317E-01
                         Error 14        4.725621793E-01
                         Error 15        4.725360891E-01
                         Error 16        4.725100608E-01
                         Error 17        4.724840941E-01
                         Error 18        4.724581888E-01
                         Error 19        4.724323446E-01
                         Error 20        4.724065611E-01
                         Error 21        4.723808383E-01
                         Error 22        4.723551757E-01
                         Error 23        4.723295731E-01
                         Error 24        4.723040303E-01
                         Error 25        4.722785470E-01
                         Error 26        4.722531229E-01
                         Error 27        4.722277578E-01
                         Error 28        4.722024515E-01
                         Error 29        4.721772036E-01
                         Error 30        4.721520140E-01
                         Error 31        4.721268823E-01
                         Error 32        4.721018084E-01
                         Error 33        4.720767920E-01
                         Error 34        4.720518329E-01
                         Error 35        4.720269307E-01
                         Error 36        4.720020854E-01
                         Error 37        4.719772966E-01
                         Error 38        4.719525641E-01
                         Error 39        4.719278877E-01
                         Error 40        4.719032671E-01
                         Error 41        4.718787021E-01
                         Error 42        4.718541925E-01
                         Error 43        4.718297381E-01
                         Error 44        4.718053386E-01
                         Error 45        4.717809939E-01
                         Error 46        4.717567036E-01
                         Error 47        4.717324676E-01
                         Error 48        4.717082856E-01
                         Error 49        4.716841575E-01
                         Error 50        4.716600830E-01
                         Error 51        4.716360619E-01
                         Error 52        4.716120940E-01
                         Error 53        4.715881791E-01
                         Error 54        4.715643169E-01
                         Error 55        4.715405073E-01
                         Error 56        4.715167501E-01
                         Error 57        4.714930451E-01
                         Error 58        4.714693920E-01
                         Error 59        4.714457906E-01
                         Error 60        4.714222408E-01
                         Error 61        4.713987424E-01
                         Error 62        4.713752951E-01
                         Error 63        4.713518987E-01
                         Error 64        4.713285532E-01
                         Error 65        4.713052582E-01
                         Error 66        4.712820135E-01
                         Error 67        4.712588191E-01
                         Error 68        4.712356746E-01
                         Error 69        4.712125800E-01
                         Error 70        4.711895350E-01
                         Error 71        4.711665394E-01
                         Error 72        4.711435931E-01
                         Error 73        4.711206958E-01
                         Error 74        4.710978474E-01
                         Error 75        4.710750477E-01
                         Error 76        4.710522966E-01
                         Error 77        4.710295937E-01
                         Error 78        4.710069391E-01
                         Error 79        4.709843324E-01
                         Error 80        4.709617736E-01
                         Error 81        4.709392624E-01
                         Error 82        4.709167987E-01
                         Error 83        4.708943823E-01
                         Error 84        4.708720130E-01
                         Error 85        4.708496906E-01
                         Error 86        4.708274151E-01
                         Error 87        4.708051861E-01
                         Error 88        4.707830037E-01
                         Error 89        4.707608675E-01
                         Error 90        4.707387774E-01
                         Error 91        4.707167333E-01
                         Error 92        4.706947351E-01
                         Error 93        4.706727824E-01
                         Error 94        4.706508753E-01
                         Error 95        4.706290134E-01
                         Error 96        4.706071967E-01
                         Error 97        4.705854251E-01
                         Error 98        4.705636983E-01
                         Error 99        4.705420162E-01
                         Error100        4.705203786E-01
                         Error101        4.704987854E-01
                         Error102        4.704772365E-01
                         Error103        4.704557316E-01
                         Error104        4.704342707E-01
                         Error105        4.704128536E-01
                         Error106        4.703914801E-01
                         Error107        4.703701501E-01
                         Error108        4.703488635E-01
                         Error109        4.703276201E-01
                         Error110        4.703064197E-01
                         Error111        4.702852622E-01
                         Error112        4.702641475E-01
                         Error113        4.702430754E-01
                         Error114        4.702220458E-01
                         Error115        4.702010586E-01
                         Error116        4.701801136E-01
                         Error117        4.701592106E-01
                         Error118        4.701383496E-01
                         Error119        4.701175303E-01
                         Error120        4.700967527E-01
                         Error121        4.700760167E-01
                         Error122        4.700553220E-01
                         Error123        4.700346686E-01
                         Error124        4.700140563E-01
                         Error125        4.699934849E-01
                         Error126        4.699729545E-01
                         Error127        4.699524647E-01
                         Error128        4.699320156E-01
                         Error129        4.699116069E-01
                         Error130        4.698912386E-01
                         Error131        4.698709104E-01
                         Error132        4.698506224E-01
                         Error133        4.698303743E-01
                         Error134        4.698101660E-01
                         Error135        4.697899974E-01
                         Error136        4.697698684E-01
                         Error137        4.697497789E-01
                         Error138        4.697297287E-01
                         Error139        4.697097177E-01
                         Error140        4.696897458E-01
                         Error141        4.696698129E-01
                         Error142        4.696499188E-01
                         Error143        4.696300635E-01
                         Error144        4.696102467E-01
                         Error145        4.695904685E-01
                         Error146        4.695707286E-01
                         Error147        4.695510270E-01
                         Error148        4.695313635E-01
                         Error149        4.695117381E-01
                         Error150        4.694921506E-01
                         Error151        4.694726008E-01
                         Error152        4.694530887E-01
                         Error153        4.694336143E-01
                         Error154        4.694141772E-01
                         Error155        4.693947775E-01
                         Error156        4.693754151E-01
                         Error157        4.693560897E-01
                         Error158        4.693368014E-01
                         Error159        4.693175500E-01
                         Error160        4.692983354E-01
                         Error161        4.692791574E-01
                         Error162        4.692600160E-01
                         Error163        4.692409111E-01
                         Error164        4.692218426E-01
                         Error165        4.692028103E-01
                         Error166        4.691838142E-01
                         Error167        4.691648541E-01
                         Error168        4.691459299E-01
                         Error169        4.691270416E-01
                         Error170        4.691081891E-01
                         Error171        4.690893721E-01
                         Error172        4.690705907E-01
                         Error173        4.690518447E-01
                         Error174        4.690331340E-01
                         Error175        4.690144585E-01
                         Error176        4.689958182E-01
                         Error177        4.689772129E-01
                         Error178        4.689586425E-01
                         Error179        4.689401069E-01
                         Error180        4.689216061E-01
                         Error181        4.689031398E-01
                         Error182        4.688847081E-01
                         Error183        4.688663109E-01
                         Error184        4.688479479E-01
                         Error185        4.688296192E-01
                         Error186        4.688113247E-01
                         Error187        4.687930642E-01
                         Error188        4.687748376E-01
                         Error189        4.687566449E-01
                         Error190        4.687384860E-01
                         Error191        4.687203607E-01
                         Error192        4.687022690E-01
                         Error193        4.686842108E-01
                         Error194        4.686661860E-01
                         Error195        4.686481945E-01
                         Error196        4.686302362E-01
                         Error197        4.686123110E-01
                         Error198        4.685944188E-01
                         Error199        4.685765596E-01
                         Error200        4.685587332E-01
                         Error201        4.685409396E-01
                         Error202        4.685231787E-01
                         Error203        4.685054503E-01
                         Error204        4.684877544E-01
                         Error205        4.684700910E-01
                         Error206        4.684524598E-01
                         Error207        4.684348609E-01
                         Error208        4.684172941E-01
                         Error209        4.683997594E-01
                         Error210        4.683822567E-01
                         Error211        4.683647858E-01
                         Error212        4.683473467E-01
                         Error213        4.683299394E-01
                         Error214        4.683125637E-01
                         Error215        4.682952196E-01
                         Error216        4.682779069E-01
                         Error217        4.682606256E-01
                         Error218        4.682433756E-01
                         Error219        4.682261568E-01
                         Error220        4.682089692E-01
                         Error221        4.681918126E-01
                         Error222        4.681746870E-01
                         Error223        4.681575922E-01
                         Error224        4.681405283E-01
                         Error225        4.681234952E-01
                         Error226        4.681064926E-01
                         Error227        4.680895207E-01
                         Error228        4.680725792E-01
                         Error229        4.680556682E-01
                         Error230        4.680387875E-01
                         Error231        4.680219370E-01
                         Error232        4.680051168E-01
                         Error233        4.679883266E-01
                         Error234        4.679715665E-01
                         Error235        4.679548363E-01
                         Error236        4.679381360E-01
                         Error237        4.679214654E-01
                         Error238        4.679048246E-01
                         Error239        4.678882135E-01
                         Error240        4.678716319E-01
                         Error241        4.678550798E-01
                         Error242        4.678385571E-01
                         Error243        4.678220638E-01
                         Error244        4.678055997E-01
                         Error245        4.677891648E-01
                         Error246        4.677727591E-01
                         Error247        4.677563824E-01
                         Error248        4.677400347E-01
                         Error249        4.677237159E-01
                         Error250        4.677074259E-01
                         Error251        4.676911647E-01
                         Error252        4.676749321E-01
                         Error253        4.676587282E-01
                         Error254        4.676425528E-01
                         Error255        4.676264059E-01
                         Error256        4.676102874E-01
                         Error257        4.675941973E-01
                         Error258        4.675781353E-01
                         Error259        4.675621016E-01
                         Error260        4.675460961E-01
                         Error261        4.675301185E-01
                         Error262        4.675141690E-01
                         Error263        4.674982473E-01
                         Error264        4.674823536E-01
                         Error265        4.674664875E-01
                         Error266        4.674506493E-01
                         Error267        4.674348386E-01
                         Error268        4.674190555E-01
                         Error269        4.674033000E-01
                         Error270        4.673875718E-01
                         Error271        4.673718711E-01
                         Error272        4.673561976E-01
                         Error273        4.673405514E-01
                         Error274        4.673249324E-01
                         Error275        4.673093405E-01
                         Error276        4.672937756E-01
                         Error277        4.672782378E-01
                         Error278        4.672627268E-01
                         Error279        4.672472427E-01
                         Error280        4.672317853E-01
                         Error281        4.672163547E-01
                         Error282        4.672009508E-01
                         Error283        4.671855734E-01
                         Error284        4.671702226E-01
                         Error285        4.671548982E-01
                         Error286        4.671396002E-01
                         Error287        4.671243286E-01
                         Error288        4.671090832E-01
                         Error289        4.670938641E-01
                         Error290        4.670786711E-01
                         Error291        4.670635042E-01
                         Error292        4.670483634E-01
                         Error293        4.670332485E-01
                         Error294        4.670181595E-01
                         Error295        4.670030964E-01
                         Error296        4.669880590E-01
                         Error297        4.669730474E-01
                         Error298        4.669580614E-01
                         Error299        4.669431010E-01
                         Error300        4.669281662E-01
                         Error301        4.669132568E-01
                         Error302        4.668983729E-01
                         Error303        4.668835143E-01
                         Error304        4.668686811E-01
                         Error305        4.668538731E-01
                         Error306        4.668390902E-01
                         Error307        4.668243325E-01
                         Error308        4.668095999E-01
                         Error309        4.667948923E-01
                         Error310        4.667802096E-01
                         Error311        4.667655518E-01
                         Error312        4.667509189E-01
                         Error313        4.667363107E-01
                         Error314        4.667217273E-01
                         Error315        4.667071685E-01
                         Error316        4.666926343E-01
                         Error317        4.666781247E-01
                         Error318        4.666636396E-01
                         Error319        4.666491789E-01
                         Error320        4.666347426E-01
                         Error321        4.666203306E-01
                         Error322        4.666059429E-01
                         Error323        4.665915794E-01
                         Error324        4.665772401E-01
                         Error325        4.665629249E-01
                         Error326        4.665486337E-01
                         Error327        4.665343665E-01
                         Error328        4.665201233E-01
                         Error329        4.665059039E-01
                         Error330        4.664917084E-01
                         Error331        4.664775366E-01
                         Error332        4.664633886E-01
                         Error333        4.664492642E-01
                         Error334        4.664351635E-01
                         Error335        4.664210863E-01
                         Error336        4.664070326E-01
                         Error337        4.663930024E-01
                         Error338        4.663789955E-01
                         Error339        4.663650121E-01
                         Error340        4.663510519E-01
                         Error341        4.663371149E-01
                         Error342        4.663232012E-01
                         Error343        4.663093106E-01
                         Error344        4.662954431E-01
                         Error345        4.662815986E-01
                         Error346        4.662677771E-01
                         Error347        4.662539785E-01
                         Error348        4.662402028E-01
                         Error349        4.662264500E-01
                         Error350        4.662127199E-01
                         Error351        4.661990125E-01
                         Error352        4.661853279E-01
                         Error353        4.661716658E-01
                         Error354        4.661580263E-01
                         Error355        4.661444094E-01
                         Error356        4.661308149E-01
                         Error357        4.661172429E-01
                         Error358        4.661036932E-01
                         Error359        4.660901659E-01
                         Error360        4.660766608E-01
                         Error361        4.660631780E-01
                         Error362        4.660497173E-01
                         Error363        4.660362788E-01
                         Error364        4.660228623E-01
                         Error365        4.660094679E-01
                         Error366        4.659960955E-01
                         Error367        4.659827450E-01
                         Error368        4.659694164E-01
                         Error369        4.659561096E-01
                         Error370        4.659428246E-01
                         Error371        4.659295613E-01
                         Error372        4.659163198E-01
                         Error373        4.659030999E-01
                         Error374        4.658899016E-01
                         Error375        4.658767248E-01
                         Error376        4.658635696E-01
                         Error377        4.658504358E-01
                         Error378        4.658373234E-01
                         Error379        4.658242324E-01
                         Error380        4.658111627E-01
                         Error381        4.657981143E-01
                         Error382        4.657850871E-01
                         Error383        4.657720811E-01
                         Error384        4.657590962E-01
                         Error385        4.657461324E-01
                         Error386        4.657331897E-01
                         Error387        4.657202679E-01
                         Error388        4.657073671E-01
                         Error389        4.656944872E-01
                         Error390        4.656816281E-01
                         Error391        4.656687899E-01
                         Error392        4.656559724E-01
                         Error393        4.656431757E-01
                         Error394        4.656303996E-01
                         Error395        4.656176442E-01
                         Error396        4.656049093E-01
                         Error397        4.655921950E-01
                         Error398        4.655795012E-01
                         Error399        4.655668279E-01
                         Error400        4.655541750E-01
                         Error401        4.655415424E-01
                         Error402        4.655289302E-01
                         Error403        4.655163382E-01
                         Error404        4.655037665E-01
                         Error405        4.654912150E-01
                         Error406        4.654786837E-01
                         Error407        4.654661724E-01
                         Error408        4.654536812E-01
                         Error409        4.654412100E-01
                         Error410        4.654287589E-01
                         Error411        4.654163276E-01
                         Error412        4.654039162E-01
                         Error413        4.653915247E-01
                         Error414        4.653791530E-01
                         Error415        4.653668011E-01
                         Error416        4.653544689E-01
                         Error417        4.653421564E-01
                         Error418        4.653298635E-01
                         Error419        4.653175902E-01
                         Error420        4.653053365E-01
                         Error421        4.652931023E-01
                         Error422        4.652808876E-01
                         Error423        4.652686923E-01
                         Error424        4.652565164E-01
                         Error425        4.652443598E-01
                         Error426        4.652322226E-01
                         Error427        4.652201046E-01
                         Error428        4.652080059E-01
                         Error429        4.651959263E-01
                         Error430        4.651838659E-01
                         Error431        4.651718246E-01
                         Error432        4.651598024E-01
                         Error433        4.651477992E-01
                         Error434        4.651358150E-01
                         Error435        4.651238497E-01
                         Error436        4.651119033E-01
                         Error437        4.650999758E-01
                         Error438        4.650880671E-01
                         Error439        4.650761773E-01
                         Error440        4.650643061E-01
                         Error441        4.650524537E-01
                         Error442        4.650406200E-01
                         Error443        4.650288048E-01
                         Error444        4.650170083E-01
                         Error445        4.650052303E-01
                         Error446        4.649934709E-01
                         Error447        4.649817299E-01
                         Error448        4.649700073E-01
                         Error449        4.649583032E-01
                         Error450        4.649466174E-01
                         Error451        4.649349499E-01
                         Error452        4.649233007E-01
                         Error453        4.649116697E-01
                         Error454        4.649000570E-01
                         Error455        4.648884624E-01
                         Error456        4.648768860E-01
                         Error457        4.648653277E-01
                         Error458        4.648537874E-01
                         Error459        4.648422651E-01
                         Error460        4.648307608E-01
                         Error461        4.648192745E-01
                         Error462        4.648078060E-01
                         Error463        4.647963555E-01
                         Error464        4.647849227E-01
                         Error465        4.647735078E-01
                         Error466        4.647621106E-01
                         Error467        4.647507311E-01
                         Error468        4.647393694E-01
                         Error469        4.647280252E-01
                         Error470        4.647166987E-01
                         Error471        4.647053898E-01
                         Error472        4.646940984E-01
                         Error473        4.646828245E-01
                         Error474        4.646715680E-01
                         Error475        4.646603290E-01
                         Error476        4.646491074E-01
                         Error477        4.646379032E-01
                         Error478        4.646267163E-01
                         Error479        4.646155466E-01
                         Error480        4.646043942E-01
                         Error481        4.645932591E-01
                         Error482        4.645821411E-01
                         Error483        4.645710403E-01
                         Error484        4.645599565E-01
                         Error485        4.645488899E-01
                         Error486        4.645378403E-01
                         Error487        4.645268077E-01
                         Error488        4.645157921E-01
                         Error489        4.645047934E-01
                         Error490        4.644938116E-01
                         Error491        4.644828466E-01
                         Error492        4.644718985E-01
                         Error493        4.644609673E-01
                         Error494        4.644500527E-01
                         Error495        4.644391549E-01
                         Error496        4.644282738E-01
                         Error497        4.644174094E-01
                         Error498        4.644065616E-01
                         Error499        4.643957303E-01
                         Error500        4.643849157E-01
                         Error        4.643849157E-01

real	68m30.493s
user	68m29.891s
sys	0m0.024s
