-xyz
refined.xyz
-dens
../../cube_files/ester/1_SCAN_1_2_6_8_F/O.d.cube
-esp
../../cube_files/ester/1_SCAN_1_2_6_8_F/O.p.cube
-stepsize
0.2
-n_steps
200
-learning_rate
0.5
  -3.0933780777620110      -0.56469777439001878       0.42179196205130470     
  -3.3647560392618807      -0.29815802287514903       0.89594507152543212     
  -3.3663793026768007       -2.6049192012033422      -0.94655424237394847     
  -3.2795366527897456       -2.3162214366903613      -0.71326832769059156     
  -4.7263542531039162       0.18642776039319228      -0.35885870328960795     
  -4.2958566141335703       -4.6464360322074294E-002 -0.37899148810976913     
  -3.6286516717358261       -1.9752004522713276        2.7926233895815442     
 -0.64880384986132067        3.1654955684442694       -4.3199705432445772E-002
   9.5080933718584879E-002   2.8851052725404225       -6.6781255938900996E-002
 -0.96862948892657863        2.9599300759308211       -1.7360794507310637E-002
  -8.0712965364089107E-003 -0.18628255008993375        9.5874456791035859E-002
  -1.3786604300281824       0.31389878914158231       0.14294137355812411     
  -1.5608646994487041       0.27915186777871848       0.71866477470485468     
  0.66317121737793516      -0.96958407430776949      -0.40399284565491489     
   1.1331087074993200       -1.4479042398058577        7.9967940823418446E-002
   1.7600433480710032       -1.2245700365921888      -0.46286792277308464     
   1.1007016838863586       -1.4067058155223950      -0.86700303913518106     
   4.0429217615297679      -0.98056088587477552       0.42066631898134343     
   2.5636456577748268      -0.45020367257645150       0.44088638256691554     
   4.2907800795950264       -1.0745150069229656       0.23951711761549599     
   4.4431135263668979       0.60243542177820530       -1.3692896714940457     
   4.4569176956149601       0.43319507556137760       -1.3315638554276408     
   3.5504643784918080       0.14451471464885862        1.4510407998772152     
   3.6351365823762087       0.51225219520199061        1.9992817402495804     
First
                         Total        1.194811802E+00
Step size:       0.20
Step size in Bohr:       0.38
Learning Rate:       1.00
# Steps:        200
                         Error  1        1.148122929E+00
                         Error  2        1.103593938E+00
                         Error  3        1.061174923E+00
                         Error  4        1.020813083E+00
                         Error  5        9.824531633E-01
                         Error  6        9.460378931E-01
                         Error  7        9.115083869E-01
                         Error  8        8.788045233E-01
                         Error  9        8.478652867E-01
                         Error 10        8.186290725E-01
                         Error 11        7.910339555E-01
                         Error 12        7.650179234E-01
                         Error 13        7.405190778E-01
                         Error 14        7.174758086E-01
                         Error 15        6.958269447E-01
                         Error 16        6.755118866E-01
                         Error 17        6.564707262E-01
                         Error 18        6.386443558E-01
                         Error 19        6.219745712E-01
                         Error 20        6.064041710E-01
                         Error 21        5.918770531E-01
                         Error 22        5.783383102E-01
                         Error 23        5.657343234E-01
                         Error 24        5.540128540E-01
                         Error 25        5.431231327E-01
                         Error 26        5.330159436E-01
                         Error 27        5.236437028E-01
                         Error 28        5.149605294E-01
                         Error 29        5.069223068E-01
                         Error 30        4.994867338E-01
                         Error 31        4.926133646E-01
                         Error 32        4.862636355E-01
                         Error 33        4.804008797E-01
                         Error 34        4.749903295E-01
                         Error 35        4.699991058E-01
                         Error 36        4.653961958E-01
                         Error 37        4.611524211E-01
                         Error 38        4.572403946E-01
                         Error 39        4.536344699E-01
                         Error 40        4.503106835E-01
                         Error 41        4.472466906E-01
                         Error 42        4.444216968E-01
                         Error 43        4.418163865E-01
                         Error 44        4.394128484E-01
                         Error 45        4.371945005E-01
                         Error 46        4.351460147E-01
                         Error 47        4.332532420E-01
                         Error 48        4.315031386E-01
                         Error 49        4.298836940E-01
                         Error 50        4.283838619E-01
                         Error 51        4.269934927E-01
                         Error 52        4.257032696E-01
                         Error 53        4.245046478E-01
                         Error 54        4.233897966E-01
                         Error 55        4.223515447E-01
                         Error 56        4.213833295E-01
                         Error 57        4.204791480E-01
                         Error 58        4.196335131E-01
                         Error 59        4.188414108E-01
                         Error 60        4.180982618E-01
                         Error 61        4.173998854E-01
                         Error 62        4.167424658E-01
                         Error 63        4.161225217E-01
                         Error 64        4.155368773E-01
                         Error 65        4.149826366E-01
                         Error 66        4.144571587E-01
                         Error 67        4.139580362E-01
                         Error 68        4.134830746E-01
                         Error 69        4.130302734E-01
                         Error 70        4.125978095E-01
                         Error 71        4.121840213E-01
                         Error 72        4.117873942E-01
                         Error 73        4.114065479E-01
                         Error 74        4.110402243E-01
                         Error 75        4.106872764E-01
                         Error 76        4.103466588E-01
                         Error 77        4.100174181E-01
                         Error 78        4.096986851E-01
                         Error 79        4.093896668E-01
                         Error 80        4.090896399E-01
                         Error 81        4.087979445E-01
                         Error 82        4.085139781E-01
                         Error 83        4.082371908E-01
                         Error 84        4.079670803E-01
                         Error 85        4.077031879E-01
                         Error 86        4.074450941E-01
                         Error 87        4.071924155E-01
                         Error 88        4.069448016E-01
                         Error 89        4.067019313E-01
                         Error 90        4.064635108E-01
                         Error 91        4.062292711E-01
                         Error 92        4.059989655E-01
                         Error 93        4.057723676E-01
                         Error 94        4.055492699E-01
                         Error 95        4.053294817E-01
                         Error 96        4.051128278E-01
                         Error 97        4.048991470E-01
                         Error 98        4.046882911E-01
                         Error 99        4.044801234E-01
                         Error100        4.042745179E-01
                         Error101        4.040713584E-01
                         Error102        4.038705375E-01
                         Error103        4.036719560E-01
                         Error104        4.034755219E-01
                         Error105        4.032811501E-01
                         Error106        4.030887616E-01
                         Error107        4.028982830E-01
                         Error108        4.027096462E-01
                         Error109        4.025227876E-01
                         Error110        4.023376481E-01
                         Error111        4.021541725E-01
                         Error112        4.019723091E-01
                         Error113        4.017920096E-01
                         Error114        4.016132289E-01
                         Error115        4.014359243E-01
                         Error116        4.012600561E-01
                         Error117        4.010855866E-01
                         Error118        4.009124805E-01
                         Error119        4.007407045E-01
                         Error120        4.005702269E-01
                         Error121        4.004010180E-01
                         Error122        4.002330494E-01
                         Error123        4.000662944E-01
                         Error124        3.999007273E-01
                         Error125        3.997363241E-01
                         Error126        3.995730615E-01
                         Error127        3.994109175E-01
                         Error128        3.992498710E-01
                         Error129        3.990899019E-01
                         Error130        3.989309908E-01
                         Error131        3.987731194E-01
                         Error132        3.986162697E-01
                         Error133        3.984604248E-01
                         Error134        3.983055683E-01
                         Error135        3.981516842E-01
                         Error136        3.979987575E-01
                         Error137        3.978467732E-01
                         Error138        3.976957173E-01
                         Error139        3.975455760E-01
                         Error140        3.973963360E-01
                         Error141        3.972479845E-01
                         Error142        3.971005088E-01
                         Error143        3.969538970E-01
                         Error144        3.968081372E-01
                         Error145        3.966632181E-01
                         Error146        3.965191285E-01
                         Error147        3.963758577E-01
                         Error148        3.962333951E-01
                         Error149        3.960917305E-01
                         Error150        3.959508539E-01
                         Error151        3.958107557E-01
                         Error152        3.956714262E-01
                         Error153        3.955328563E-01
                         Error154        3.953950369E-01
                         Error155        3.952579592E-01
                         Error156        3.951216146E-01
                         Error157        3.949859946E-01
                         Error158        3.948510909E-01
                         Error159        3.947168956E-01
                         Error160        3.945834007E-01
                         Error161        3.944505985E-01
                         Error162        3.943184814E-01
                         Error163        3.941870421E-01
                         Error164        3.940562731E-01
                         Error165        3.939261675E-01
                         Error166        3.937967183E-01
                         Error167        3.936679185E-01
                         Error168        3.935397615E-01
                         Error169        3.934122407E-01
                         Error170        3.932853496E-01
                         Error171        3.931590820E-01
                         Error172        3.930334314E-01
                         Error173        3.929083920E-01
                         Error174        3.927839575E-01
                         Error175        3.926601223E-01
                         Error176        3.925368803E-01
                         Error177        3.924142260E-01
                         Error178        3.922921538E-01
                         Error179        3.921706581E-01
                         Error180        3.920497335E-01
                         Error181        3.919293748E-01
                         Error182        3.918095767E-01
                         Error183        3.916903340E-01
                         Error184        3.915716416E-01
                         Error185        3.914534947E-01
                         Error186        3.913358883E-01
                         Error187        3.912188176E-01
                         Error188        3.911022778E-01
                         Error189        3.909862643E-01
                         Error190        3.908707724E-01
                         Error191        3.907557977E-01
                         Error192        3.906413356E-01
                         Error193        3.905273819E-01
                         Error194        3.904139320E-01
                         Error195        3.903009819E-01
                         Error196        3.901885273E-01
                         Error197        3.900765640E-01
                         Error198        3.899650880E-01
                         Error199        3.898540953E-01
                         Error200        3.897435818E-01
                         Error        3.897435818E-01
