                                     G D M A

                                 by Anthony Stone

                           version 2.2.03, 21 June 2007

               Distributed Multipoles from Gaussian wavefunctions


Starting at 11:58:51 on 19 May 2021 

GDMA



Using SCF density matrix from file L.pdb.fchk


                         Distributed Multipole Analysis

Standard DMA for products of primitives with exponent greater than 4.00000
Using 80-point Euler-MacLaurin radial quadrature
Using 590-point Lebedev quadrature
Becke smoothing parameter = 3

Positions and radii in angstrom
Multipole moments in atomic units, ea_0^k for rank k

C          x =  1.664621  y = -0.317033  z = -0.083143
           Maximum rank =  2   Radius =  0.650
                   Q00  =  -0.120131
|Q1| =   0.081598  Q10  =  -0.010922  Q11c =  -0.077519  Q11s =   0.023014
|Q2| =   1.273520  Q20  =  -1.070609  Q21c =  -0.499534  Q21s =  -0.373775
                   Q22c =   0.121401  Q22s =  -0.267709

C          x =  0.614127  y =  0.502184  z =  0.014323
           Maximum rank =  2   Radius =  0.650
                   Q00  =  -0.116999
|Q1| =   0.108438  Q10  =  -0.032469  Q11c =  -0.088051  Q11s =  -0.054329
|Q2| =   1.205869  Q20  =  -1.061565  Q21c =  -0.388970  Q21s =  -0.354208
                   Q22c =   0.089948  Q22s =  -0.205786

C          x = -0.743846  y =  0.040347  z =  0.420750
           Maximum rank =  2   Radius =  0.650
                   Q00  =   0.162443
|Q1| =   0.181156  Q10  =  -0.146844  Q11c =  -0.105411  Q11s =  -0.011959
|Q2| =   0.637004  Q20  =   0.232217  Q21c =   0.128162  Q21s =  -0.013988
                   Q22c =   0.499703  Q22s =   0.292445

O          x = -1.651318  y = -0.181060  z = -0.384470
           Maximum rank =  2   Radius =  0.650
                   Q00  =  -0.347898
|Q1| =   0.516078  Q10  =   0.323192  Q11c =   0.391123  Q11s =   0.094371
|Q2| =   0.956888  Q20  =  -0.126194  Q21c =   0.876010  Q21s =   0.283517
                   Q22c =   0.220108  Q22s =   0.059055

H          x = -0.918639  y = -0.123603  z =  1.496381
           Maximum rank =  2   Radius =  0.325
                   Q00  =   0.110416
|Q1| =   0.144947  Q10  =  -0.142774  Q11c =   0.019182  Q11s =   0.016044
|Q2| =   0.128051  Q20  =   0.103054  Q21c =  -0.032640  Q21s =  -0.032449
                   Q22c =   0.051058  Q22s =   0.032430

H          x =  2.627341  y =  0.040827  z = -0.431951
           Maximum rank =  2   Radius =  0.325
                   Q00  =   0.092086
|Q1| =   0.125909  Q10  =   0.035508  Q11c =  -0.118796  Q11s =  -0.021906
|Q2| =   0.198942  Q20  =  -0.108777  Q21c =  -0.105784  Q21s =  -0.048417
                   Q22c =   0.100524  Q22s =   0.064076

H          x =  1.598482  y = -1.371260  z =  0.171916
           Maximum rank =  2   Radius =  0.325
                   Q00  =   0.099332
|Q1| =   0.128728  Q10  =  -0.025109  Q11c =  -0.028343  Q11s =   0.123033
|Q2| =   0.181174  Q20  =  -0.124710  Q21c =  -0.030749  Q21s =  -0.075577
                   Q22c =  -0.103003  Q22s =   0.002114

H          x =  0.693952  y =  1.549531  z = -0.272166
           Maximum rank =  2   Radius =  0.325
                   Q00  =   0.120748
|Q1| =   0.127724  Q10  =   0.026233  Q11c =  -0.019131  Q11s =  -0.123528
|Q2| =   0.172569  Q20  =  -0.121220  Q21c =  -0.027860  Q21s =  -0.082787
                   Q22c =  -0.086278  Q22s =   0.003450

Total multipoles
referred to origin at x =   0.000000,  y =    0.000000,  z =    0.000000
                   Q00  =  -0.000003
|Q1| =   1.236076  Q10  =   0.631675  Q11c =   1.040588  Q11s =   0.214586
|Q2| =   5.950980  Q20  =  -0.460738  Q21c =  -4.431571  Q21s =  -1.251307
                   Q22c =  -3.395383  Q22s =  -1.571199

CPU time used:      0m 6.510s          Total:      0m 6.510s

Finished at 11:58:58 on 19 May 2021 
