atom_charge_dict:  {0: [0, 1, 2], 2: [3], 3: [4], 4: [5, 6], 6: [7, 8, 9], 1: [10, 11], 8: [12, 14, 15], 5: [13], 9: [16, 17, 18], 7: [19, 20], 10: [21, 22], 11: [23, 24, 25, 26], 12: [27, 28, 29]}
2
2 [3] [0.01897865 0.01227728 0.16031835]
0
0 [0, 1, 2] [ 0.04201654 -0.45580507 -0.33341676]
0 [0, 1, 2] [-0.22631755  0.13332734  0.24019358]
0 [0, 1, 2] [ 0.1162668  -0.06695393  0.54199186]
3
3 [4] [ 0.30468556  0.16139255 -0.1884547 ]
4
4 [5, 6] [-0.00737411 -0.02594561 -0.11641793]
4 [5, 6] [0.26608536 0.28551601 0.09358378]
0
1
1 [10, 11] [ 0.31910936 -0.16658659 -0.16813755]
1 [10, 11] [-0.2565653   0.23547681  0.14852095]
6
6 [7, 8, 9] [ 0.26618623  0.02048694 -0.17017401]
6 [7, 8, 9] [-0.23102152  0.22225242  0.09172204]
6 [7, 8, 9] [ 0.03717341  0.1382383  -0.06196088]
1
5
5 [13] [ 0.18188737 -0.4993316  -0.0607759 ]
8
8 [12, 14, 15] [ 0.12658913 -0.34036116 -0.40417259]
8 [12, 14, 15] [-0.01342668  0.03547456  0.07208363]
8 [12, 14, 15] [-0.01520376 -0.06431297 -0.03110091]
5
7
7 [19, 20] [ 0.40630224 -0.25194733 -0.2794502 ]
7 [19, 20] [ 0.23249102  0.39950165 -0.18159081]
9
9 [16, 17, 18] [-0.02982695  0.0981764  -0.07723307]
9 [16, 17, 18] [-0.07306266 -0.11410396 -0.37419936]
9 [16, 17, 18] [-0.0448053   0.24407101 -0.0366233 ]
5
8
10
10 [21, 22] [ 0.05317565 -0.44164009  0.20607688]
10 [21, 22] [ 0.03722056 -0.26010672  0.13278949]
7
11
11 [23, 24, 25, 26] [ 0.40336564  0.13662387 -0.23756619]
11 [23, 24, 25, 26] [-0.25077841 -0.04483648  0.16037864]
11 [23, 24, 25, 26] [0.03518415 0.00977263 0.1001481 ]
11 [23, 24, 25, 26] [-0.1302072   0.00435003  0.01066865]
12
12 [27, 28, 29] [-0.00861498 -0.28475654 -0.36289074]
12 [27, 28, 29] [-0.14611812  0.31506102  0.2131747 ]
12 [27, 28, 29] [-0.0427167  -0.00450581 -0.06090786]
7
5
RMSD using the Kabsch algorithm: 1.2649058636739952
1 [ 2.35147462 -1.46041003 -0.42954282]
2 [ 2.08314053 -0.87127763  0.14406752]
3 [ 2.42572488 -1.07155889  0.4458658 ]
4 [ 2.63931816 -1.4682626   1.00243317]
5 [ 3.49883074 -0.55422039 -0.85263639]
6 [ 1.72267273 -1.76919859 -0.77770556]
7 [ 1.9961322  -1.45773696 -0.56770385]
8 [ 2.07889633  1.37030264 -0.26700705]
9 [ 1.58168858  1.57206812 -0.005111  ]
10 [ 1.84988351  1.48805399 -0.15879392]
11 [1.78765597 0.0373106  0.02912112]
12 [1.21198131 0.439374   0.34577962]
13 [0.12549797 0.43007928 1.25646897]
14 [ 0.32715228 -0.5313648   0.87264681]
15 [-0.01451785  0.805915    1.7327252 ]
16 [-0.01629492  0.70612746  1.62954065]
17 [ 0.12388627 -0.89317215  1.37834341]
18 [ 0.08065056 -1.10545251  1.08137712]
19 [ 0.10890792 -0.74727754  1.41895318]
20 [-0.6390012  -0.28642532 -0.26674625]
21 [-0.81281242  0.36502365 -0.16888686]
22 [-1.19258798  0.73076425 -0.42474973]
23 [-1.20854306  0.91229762 -0.49803712]
24 [-1.81250431 -0.18752827  0.4715294 ]
25 [-2.46664836 -0.36898862  0.86947423]
26 [-2.1806858  -0.3143795   0.80924369]
27 [-2.34607715 -0.3198021   0.71976425]
28 [-0.93216219 -1.29244131 -1.34579945]
29 [-1.06966534 -0.69262375 -0.769734  ]
30 [-0.96626392 -1.01219058 -1.04381657]
