-xyz
refined.xyz
-dens
../../cube_files/fbutone/9_SCAN_1_2_6_8_F/N.d.cube
-esp
../../cube_files/fbutone/9_SCAN_1_2_6_8_F/N.p.cube
-stepsize
0.2
-n_steps
1
-learning_rate
0.5
   4.4436430133372449       -2.7597749843687049      -0.81171829766706649     
   3.9365650753858530       -1.6464760954820221       0.27224816238570576     
   4.5839556771429288       -2.0249528326844017       0.84256425473949947     
   4.9875884735577660       -2.7746141918268714        1.8943241456160969     
   6.6118318540599583       -1.0473247445268103       -1.6112492667879770     
   3.2553796546744005       -3.3433007924378328       -1.4696505057123608     
   3.7721431613515755       -2.7547236190063469       -1.0728047914514740     
   3.9285447163233691        2.5894966991541200      -0.50457019526998537     
   2.9889582249769981        2.9707781883550215       -9.6583950872326397E-003
   3.4957732007349196        2.8120145100821636      -0.30007701177273621     
   3.3781801926181849        7.0506821424057231E-002   5.5030938884652776E-002
   2.2903127405346386       0.83029653353547284       0.65342877881784334     
  0.23715679505799495       0.81273205009695504        2.3743822387680944     
  0.61822821297503472       -1.0041339489960572        1.6490634843828176     
  -2.7434752357180150E-002   1.5229586321238686        3.2743760778475290     
  -3.0792934617681730E-002   1.3343875141687571        3.0793855478815502     
  0.23411112698517883       -1.6878507484139000        2.6046915597514348     
  0.15240746497190932       -2.0890024909896803        2.0435065992511690     
  0.20580614107675269       -1.4121498987301695        2.6814328996351686     
  -1.2075372559906485      -0.54126541683926810      -0.50407735427577760     
  -1.5359928627010730       0.68979473522314627      -0.31914991509011309     
  -2.2536646560461038        1.3809443029377626      -0.80266066937616720     
  -2.2838154014429914        1.7239926496059415      -0.94115376298541165     
  -3.4251367388014446      -0.35437706446548517       0.89106142978024738     
  -4.6612898423836420      -0.69728742591255022        1.6430681754058252     
  -4.1208989287686792      -0.59409115911472399        1.5292489501424453     
  -4.4334432800728782      -0.60433838953065966        1.3601573003871339     
  -1.7615312488449753       -2.4423601100842074       -2.5431923807061461     
  -2.0213745314542453       -1.3088692049080062       -1.4545864515546734     
  -1.8259741749342004       -1.9127629920624596       -1.9725274435199378     
First
                         Total        4.374053564E+00
Step size:       0.20
Step size in Bohr:       0.38
Learning Rate:       1.00
# Steps:          1
                         Error  1        4.304878036E+00
                         Error        4.304878036E+00
