-xyz
refined.xyz
-dens
../../cube_files/ester/5_SCAN_1_2_6_8_F/O.d.cube
-esp
../../cube_files/ester/5_SCAN_1_2_6_8_F/O.p.cube
-stepsize
0.2
-n_steps
200
-learning_rate
0.5
  -2.0673972130636984        1.7162868566316003      -0.50292552507586974     
  -2.0677733988740994        1.8871911634744301       -1.0806466369842698     
  -2.3330685100733008        2.8877737249053466        1.6479568282386725     
  -2.1997234866250830        2.7288277964930598        1.3020624062195187     
  -3.9740938011424944        1.8593312951195127      -0.79645185876583224     
  -3.5670563107098503        1.7994169651937848      -0.53011067649143229     
 -0.69005375630282051        3.9389280074736246       -1.6040968036327818     
  -2.4150062310088942       -2.8324991431584374      -0.45986570030208362     
  -1.6547920256277588       -2.9871189648891736      -0.18515200959787451     
  -2.4823472836206113       -2.4085888957930135      -0.50265645799416248     
  -5.7978498743566843E-002 -0.47334134846832682       0.54860358557401556     
  -1.2450018503080571       -5.0916574435787010E-002 -0.24782641880556341     
  -1.0030908264567546       0.30333677406832343      -0.67713271507053541     
  0.83001477288297798      -0.35235312423828741       0.95734009696722033     
   1.6269094148345247      -0.32534340539195994       0.80663814999938721     
   1.8082213333165493      -0.81333653626864577        1.2837386571841176     
   1.3129268909160643      -0.38238659220566901        1.6853519425807004     
   4.0634451184644762       0.46765127353319497       -1.8721396921341085E-002
   2.5460513783656533       0.51450623653195937      -0.10363575183119138     
   4.4099225965124811       0.37692891188399502        8.0366732444451441E-003
   4.0845051990834147       -1.2144003986267033       -1.6766928761437163     
   4.1096376018532625       -1.1991051402642303       -1.4456161934306784     
   3.2959271990923669        1.5259214127411660      -0.93756932058206854     
   3.3154540932951941        2.0948900280474958       -1.2433879606388183     
First
                         Total        1.487830384E+00
Step size:       0.20
Step size in Bohr:       0.38
Learning Rate:       1.00
# Steps:        200
                         Error  1        1.478994745E+00
                         Error  2        1.470550822E+00
                         Error  3        1.462476111E+00
                         Error  4        1.454749272E+00
                         Error  5        1.447350096E+00
                         Error  6        1.440259468E+00
                         Error  7        1.433459325E+00
                         Error  8        1.426932621E+00
                         Error  9        1.420663275E+00
                         Error 10        1.414636141E+00
                         Error 11        1.408836956E+00
                         Error 12        1.403252304E+00
                         Error 13        1.397869574E+00
                         Error 14        1.392676916E+00
                         Error 15        1.387663205E+00
                         Error 16        1.382818001E+00
                         Error 17        1.378131511E+00
                         Error 18        1.373594555E+00
                         Error 19        1.369198529E+00
                         Error 20        1.364935371E+00
                         Error 21        1.360797532E+00
                         Error 22        1.356777945E+00
                         Error 23        1.352869992E+00
                         Error 24        1.349067483E+00
                         Error 25        1.345364622E+00
                         Error 26        1.341755988E+00
                         Error 27        1.338236511E+00
                         Error 28        1.334801446E+00
                         Error 29        1.331446355E+00
                         Error 30        1.328167088E+00
                         Error 31        1.324959760E+00
                         Error 32        1.321820739E+00
                         Error 33        1.318746626E+00
                         Error 34        1.315734241E+00
                         Error 35        1.312780606E+00
                         Error 36        1.309882937E+00
                         Error 37        1.307038624E+00
                         Error 38        1.304245224E+00
                         Error 39        1.301500450E+00
                         Error 40        1.298802158E+00
                         Error 41        1.296148337E+00
                         Error 42        1.293537104E+00
                         Error 43        1.290966692E+00
                         Error 44        1.288435440E+00
                         Error 45        1.285941794E+00
                         Error 46        1.283484289E+00
                         Error 47        1.281061553E+00
                         Error 48        1.278672291E+00
                         Error 49        1.276315290E+00
                         Error 50        1.273989405E+00
                         Error 51        1.271693557E+00
                         Error 52        1.269426733E+00
                         Error 53        1.267187973E+00
                         Error 54        1.264976373E+00
                         Error 55        1.262791081E+00
                         Error 56        1.260631289E+00
                         Error 57        1.258496235E+00
                         Error 58        1.256385196E+00
                         Error 59        1.254297488E+00
                         Error 60        1.252232462E+00
                         Error 61        1.250189504E+00
                         Error 62        1.248168029E+00
                         Error 63        1.246167482E+00
                         Error 64        1.244187334E+00
                         Error 65        1.242227082E+00
                         Error 66        1.240286248E+00
                         Error 67        1.238364374E+00
                         Error 68        1.236461023E+00
                         Error 69        1.234575779E+00
                         Error 70        1.232708243E+00
                         Error 71        1.230858034E+00
                         Error 72        1.229024785E+00
                         Error 73        1.227208146E+00
                         Error 74        1.225407780E+00
                         Error 75        1.223623365E+00
                         Error 76        1.221854588E+00
                         Error 77        1.220101152E+00
                         Error 78        1.218362767E+00
                         Error 79        1.216639156E+00
                         Error 80        1.214930052E+00
                         Error 81        1.213235195E+00
                         Error 82        1.211554335E+00
                         Error 83        1.209887230E+00
                         Error 84        1.208233647E+00
                         Error 85        1.206593359E+00
                         Error 86        1.204966146E+00
                         Error 87        1.203351795E+00
                         Error 88        1.201750100E+00
                         Error 89        1.200160859E+00
                         Error 90        1.198583877E+00
                         Error 91        1.197018966E+00
                         Error 92        1.195465939E+00
                         Error 93        1.193924617E+00
                         Error 94        1.192394825E+00
                         Error 95        1.190876392E+00
                         Error 96        1.189369153E+00
                         Error 97        1.187872944E+00
                         Error 98        1.186387607E+00
                         Error 99        1.184912987E+00
                         Error100        1.183448934E+00
                         Error101        1.181995299E+00
                         Error102        1.180551938E+00
                         Error103        1.179118709E+00
                         Error104        1.177695475E+00
                         Error105        1.176282099E+00
                         Error106        1.174878450E+00
                         Error107        1.173484398E+00
                         Error108        1.172099815E+00
                         Error109        1.170724577E+00
                         Error110        1.169358562E+00
                         Error111        1.168001650E+00
                         Error112        1.166653723E+00
                         Error113        1.165314666E+00
                         Error114        1.163984366E+00
                         Error115        1.162662712E+00
                         Error116        1.161349595E+00
                         Error117        1.160044908E+00
                         Error118        1.158748546E+00
                         Error119        1.157460406E+00
                         Error120        1.156180386E+00
                         Error121        1.154908387E+00
                         Error122        1.153644311E+00
                         Error123        1.152388061E+00
                         Error124        1.151139543E+00
                         Error125        1.149898664E+00
                         Error126        1.148665332E+00
                         Error127        1.147439458E+00
                         Error128        1.146220953E+00
                         Error129        1.145009731E+00
                         Error130        1.143805704E+00
                         Error131        1.142608790E+00
                         Error132        1.141418906E+00
                         Error133        1.140235970E+00
                         Error134        1.139059901E+00
                         Error135        1.137890622E+00
                         Error136        1.136728053E+00
                         Error137        1.135572119E+00
                         Error138        1.134422744E+00
                         Error139        1.133279855E+00
                         Error140        1.132143378E+00
                         Error141        1.131013241E+00
                         Error142        1.129889374E+00
                         Error143        1.128771706E+00
                         Error144        1.127660170E+00
                         Error145        1.126554698E+00
                         Error146        1.125455223E+00
                         Error147        1.124361679E+00
                         Error148        1.123274002E+00
                         Error149        1.122192128E+00
                         Error150        1.121115995E+00
                         Error151        1.120045540E+00
                         Error152        1.118980704E+00
                         Error153        1.117921425E+00
                         Error154        1.116867646E+00
                         Error155        1.115819307E+00
                         Error156        1.114776351E+00
                         Error157        1.113738722E+00
                         Error158        1.112706363E+00
                         Error159        1.111679221E+00
                         Error160        1.110657241E+00
                         Error161        1.109640369E+00
                         Error162        1.108628553E+00
                         Error163        1.107621740E+00
                         Error164        1.106619881E+00
                         Error165        1.105622924E+00
                         Error166        1.104630820E+00
                         Error167        1.103643520E+00
                         Error168        1.102660975E+00
                         Error169        1.101683138E+00
                         Error170        1.100709962E+00
                         Error171        1.099741401E+00
                         Error172        1.098777408E+00
                         Error173        1.097817939E+00
                         Error174        1.096862950E+00
                         Error175        1.095912396E+00
                         Error176        1.094966234E+00
                         Error177        1.094024423E+00
                         Error178        1.093086919E+00
                         Error179        1.092153681E+00
                         Error180        1.091224668E+00
                         Error181        1.090299841E+00
                         Error182        1.089379159E+00
                         Error183        1.088462583E+00
                         Error184        1.087550074E+00
                         Error185        1.086641594E+00
                         Error186        1.085737105E+00
                         Error187        1.084836571E+00
                         Error188        1.083939953E+00
                         Error189        1.083047217E+00
                         Error190        1.082158326E+00
                         Error191        1.081273246E+00
                         Error192        1.080391941E+00
                         Error193        1.079514376E+00
                         Error194        1.078640519E+00
                         Error195        1.077770335E+00
                         Error196        1.076903792E+00
                         Error197        1.076040857E+00
                         Error198        1.075181498E+00
                         Error199        1.074325682E+00
                         Error200        1.073473380E+00
                         Error        1.073473380E+00
