-xyz
refined.xyz
-dens
/home/unibas/boittier/RDKit_G2/B.pdb/SCAN_1_2_3_4_S_36_-10.0/23_SCAN_1_2_3_4_F/B.d.cube
-esp
/home/unibas/boittier/RDKit_G2/B.pdb/SCAN_1_2_3_4_S_36_-10.0/23_SCAN_1_2_3_4_F/B.p.cube
-stepsize
0.2
-n_steps
500
-learning_rate
0.5
   3.3868650900592048        2.0226068258027148       -2.0181432059748374     
   3.3714081574752108      -0.84144562593788630      -0.69794909619874634     
   6.3856484132956393      -0.66704710433674208        5.5427560219479470E-002
   4.0210155637640570      -0.47776533473249277       0.19126590220742243     
   3.6453479269400897       0.13929920060583134       0.42588966213629686     
   2.5762828216918692       -1.1573033914082933       0.60618095961279361     
   1.3801818767257217       -1.0138701848989728        1.3928091667766136     
   2.0453372359772937      -0.92095742034164896       0.47079715820054985     
   1.0709156280376160      -0.95192268965817772       0.54961731927226365     
   1.8487836997423928       -3.0219881127647539        2.5364042515030718     
  -2.6518971326558622       -1.9945943717013126      -0.38914104968942576     
  -2.3137136367778353       -1.6451532469413432      -0.20918448148373528     
  -1.8767191056998773      -0.94644491028073274      -0.14204127433350738     
  -2.4506659870323455       -1.7694632169123123      -0.39463738064020304     
 -0.57613641509544766       0.20276499579261331        2.9030585446602111E-002
  -1.0846765828498988      -0.30943914424645774       0.14058190003731041     
 -0.26741222931525377       0.52353036880246784       0.25581836070881564     
 -0.86231646782573768       0.56479573670144434       0.52259559825446045     
  -4.2082133607250825        2.9313527687701586      -0.27310406460253206     
 -0.99150387239820470        1.7001056139630846       0.39095253415478626     
  -1.5320706550901322        1.7016218103095577      -0.15644221069216172     
  -1.9565985196121629        1.5144132223618501        6.7073139684789146E-003
  -1.7346993769412498        1.7125172118940448       0.31219720978663645     
 -0.46202666851788199        4.1861676369053162        4.5874227774570009E-002
 -0.48786759986570305        4.1218730136292399       0.34735471100221632     
First
                         Total        4.407878840E-01
Step size:       0.20
Step size in Bohr:       0.38
Learning Rate:       1.00
# Steps:        500
                         Error  1        4.401947954E-01
                         Error  2        4.396528700E-01
                         Error  3        4.391573446E-01
                         Error  4        4.387038923E-01
                         Error  5        4.382885842E-01
                         Error  6        4.379078544E-01
                         Error  7        4.375584669E-01
                         Error  8        4.372374865E-01
                         Error  9        4.369422512E-01
                         Error 10        4.366703476E-01
                         Error 11        4.364195876E-01
                         Error 12        4.361879884E-01
                         Error 13        4.359737532E-01
                         Error 14        4.357752540E-01
                         Error 15        4.355910161E-01
                         Error 16        4.354197034E-01
                         Error 17        4.352601061E-01
                         Error 18        4.351111284E-01
                         Error 19        4.349717781E-01
                         Error 20        4.348411567E-01
                         Error 21        4.347184506E-01
                         Error 22        4.346029232E-01
                         Error 23        4.344939076E-01
                         Error 24        4.343908000E-01
                         Error 25        4.342930539E-01
                         Error 26        4.342001742E-01
                         Error 27        4.341117131E-01
                         Error 28        4.340272648E-01
                         Error 29        4.339464623E-01
                         Error 30        4.338689730E-01
                         Error 31        4.337944959E-01
                         Error 32        4.337227586E-01
                         Error 33        4.336535143E-01
                         Error 34        4.335865396E-01
                         Error 35        4.335216321E-01
                         Error 36        4.334586087E-01
                         Error 37        4.333973035E-01
                         Error 38        4.333375662E-01
                         Error 39        4.332792608E-01
                         Error 40        4.332222638E-01
                         Error 41        4.331664637E-01
                         Error 42        4.331117593E-01
                         Error 43        4.330580589E-01
                         Error 44        4.330052793E-01
                         Error 45        4.329533454E-01
                         Error 46        4.329021888E-01
                         Error 47        4.328517476E-01
                         Error 48        4.328019658E-01
                         Error 49        4.327527925E-01
                         Error 50        4.327041814E-01
                         Error 51        4.326560907E-01
                         Error 52        4.326084825E-01
                         Error 53        4.325613221E-01
                         Error 54        4.325145783E-01
                         Error 55        4.324682226E-01
                         Error 56        4.324222292E-01
                         Error 57        4.323765745E-01
                         Error 58        4.323312373E-01
                         Error 59        4.322861981E-01
                         Error 60        4.322414392E-01
                         Error 61        4.321969445E-01
                         Error 62        4.321526995E-01
                         Error 63        4.321086907E-01
                         Error 64        4.320649060E-01
                         Error 65        4.320213342E-01
                         Error 66        4.319779653E-01
                         Error 67        4.319347901E-01
                         Error 68        4.318917999E-01
                         Error 69        4.318489872E-01
                         Error 70        4.318063448E-01
                         Error 71        4.317638662E-01
                         Error 72        4.317215455E-01
                         Error 73        4.316793772E-01
                         Error 74        4.316373563E-01
                         Error 75        4.315954781E-01
                         Error 76        4.315537385E-01
                         Error 77        4.315121335E-01
                         Error 78        4.314706595E-01
                         Error 79        4.314293131E-01
                         Error 80        4.313880912E-01
                         Error 81        4.313469910E-01
                         Error 82        4.313060097E-01
                         Error 83        4.312651450E-01
                         Error 84        4.312243944E-01
                         Error 85        4.311837558E-01
                         Error 86        4.311432272E-01
                         Error 87        4.311028067E-01
                         Error 88        4.310624926E-01
                         Error 89        4.310222832E-01
                         Error 90        4.309821768E-01
                         Error 91        4.309421720E-01
                         Error 92        4.309022675E-01
                         Error 93        4.308624619E-01
                         Error 94        4.308227539E-01
                         Error 95        4.307831423E-01
                         Error 96        4.307436261E-01
                         Error 97        4.307042040E-01
                         Error 98        4.306648752E-01
                         Error 99        4.306256385E-01
                         Error100        4.305864930E-01
                         Error101        4.305474379E-01
                         Error102        4.305084722E-01
                         Error103        4.304695951E-01
                         Error104        4.304308058E-01
                         Error105        4.303921034E-01
                         Error106        4.303534872E-01
                         Error107        4.303149565E-01
                         Error108        4.302765106E-01
                         Error109        4.302381486E-01
                         Error110        4.301998701E-01
                         Error111        4.301616742E-01
                         Error112        4.301235603E-01
                         Error113        4.300855279E-01
                         Error114        4.300475762E-01
                         Error115        4.300097047E-01
                         Error116        4.299719129E-01
                         Error117        4.299342000E-01
                         Error118        4.298965655E-01
                         Error119        4.298590090E-01
                         Error120        4.298215297E-01
                         Error121        4.297841273E-01
                         Error122        4.297468011E-01
                         Error123        4.297095507E-01
                         Error124        4.296723755E-01
                         Error125        4.296352750E-01
                         Error126        4.295982488E-01
                         Error127        4.295612963E-01
                         Error128        4.295244170E-01
                         Error129        4.294876106E-01
                         Error130        4.294508765E-01
                         Error131        4.294142142E-01
                         Error132        4.293776233E-01
                         Error133        4.293411034E-01
                         Error134        4.293046540E-01
                         Error135        4.292682747E-01
                         Error136        4.292319650E-01
                         Error137        4.291957245E-01
                         Error138        4.291595529E-01
                         Error139        4.291234495E-01
                         Error140        4.290874142E-01
                         Error141        4.290514464E-01
                         Error142        4.290155458E-01
                         Error143        4.289797119E-01
                         Error144        4.289439444E-01
                         Error145        4.289082428E-01
                         Error146        4.288726069E-01
                         Error147        4.288370361E-01
                         Error148        4.288015302E-01
                         Error149        4.287660887E-01
                         Error150        4.287307114E-01
                         Error151        4.286953977E-01
                         Error152        4.286601474E-01
                         Error153        4.286249602E-01
                         Error154        4.285898355E-01
                         Error155        4.285547732E-01
                         Error156        4.285197729E-01
                         Error157        4.284848342E-01
                         Error158        4.284499567E-01
                         Error159        4.284151402E-01
                         Error160        4.283803843E-01
                         Error161        4.283456887E-01
                         Error162        4.283110531E-01
                         Error163        4.282764771E-01
                         Error164        4.282419604E-01
                         Error165        4.282075027E-01
                         Error166        4.281731037E-01
                         Error167        4.281387631E-01
                         Error168        4.281044805E-01
                         Error169        4.280702558E-01
                         Error170        4.280360885E-01
                         Error171        4.280019784E-01
                         Error172        4.279679251E-01
                         Error173        4.279339285E-01
                         Error174        4.278999881E-01
                         Error175        4.278661038E-01
                         Error176        4.278322752E-01
                         Error177        4.277985020E-01
                         Error178        4.277647840E-01
                         Error179        4.277311209E-01
                         Error180        4.276975124E-01
                         Error181        4.276639583E-01
                         Error182        4.276304583E-01
                         Error183        4.275970121E-01
                         Error184        4.275636194E-01
                         Error185        4.275302800E-01
                         Error186        4.274969937E-01
                         Error187        4.274637602E-01
                         Error188        4.274305792E-01
                         Error189        4.273974504E-01
                         Error190        4.273643737E-01
                         Error191        4.273313488E-01
                         Error192        4.272983755E-01
                         Error193        4.272654534E-01
                         Error194        4.272325824E-01
                         Error195        4.271997622E-01
                         Error196        4.271669926E-01
                         Error197        4.271342734E-01
                         Error198        4.271016043E-01
                         Error199        4.270689851E-01
                         Error200        4.270364156E-01
                         Error201        4.270038955E-01
                         Error202        4.269714246E-01
                         Error203        4.269390028E-01
                         Error204        4.269066297E-01
                         Error205        4.268743052E-01
                         Error206        4.268420291E-01
                         Error207        4.268098011E-01
                         Error208        4.267776211E-01
                         Error209        4.267454887E-01
                         Error210        4.267134039E-01
                         Error211        4.266813664E-01
                         Error212        4.266493760E-01
                         Error213        4.266174325E-01
                         Error214        4.265855357E-01
                         Error215        4.265536854E-01
                         Error216        4.265218815E-01
                         Error217        4.264901236E-01
                         Error218        4.264584117E-01
                         Error219        4.264267455E-01
                         Error220        4.263951249E-01
                         Error221        4.263635496E-01
                         Error222        4.263320195E-01
                         Error223        4.263005344E-01
                         Error224        4.262690941E-01
                         Error225        4.262376984E-01
                         Error226        4.262063472E-01
                         Error227        4.261750402E-01
                         Error228        4.261437773E-01
                         Error229        4.261125583E-01
                         Error230        4.260813831E-01
                         Error231        4.260502514E-01
                         Error232        4.260191631E-01
                         Error233        4.259881180E-01
                         Error234        4.259571160E-01
                         Error235        4.259261569E-01
                         Error236        4.258952406E-01
                         Error237        4.258643667E-01
                         Error238        4.258335353E-01
                         Error239        4.258027461E-01
                         Error240        4.257719990E-01
                         Error241        4.257412939E-01
                         Error242        4.257106304E-01
                         Error243        4.256800086E-01
                         Error244        4.256494283E-01
                         Error245        4.256188892E-01
                         Error246        4.255883913E-01
                         Error247        4.255579344E-01
                         Error248        4.255275184E-01
                         Error249        4.254971430E-01
                         Error250        4.254668082E-01
                         Error251        4.254365138E-01
                         Error252        4.254062597E-01
                         Error253        4.253760456E-01
                         Error254        4.253458716E-01
                         Error255        4.253157374E-01
                         Error256        4.252856429E-01
                         Error257        4.252555879E-01
                         Error258        4.252255724E-01
                         Error259        4.251955961E-01
                         Error260        4.251656590E-01
                         Error261        4.251357609E-01
                         Error262        4.251059017E-01
                         Error263        4.250760812E-01
                         Error264        4.250462994E-01
                         Error265        4.250165560E-01
                         Error266        4.249868510E-01
                         Error267        4.249571842E-01
                         Error268        4.249275555E-01
                         Error269        4.248979648E-01
                         Error270        4.248684119E-01
                         Error271        4.248388967E-01
                         Error272        4.248094192E-01
                         Error273        4.247799791E-01
                         Error274        4.247505764E-01
                         Error275        4.247212109E-01
                         Error276        4.246918825E-01
                         Error277        4.246625911E-01
                         Error278        4.246333366E-01
                         Error279        4.246041188E-01
                         Error280        4.245749377E-01
                         Error281        4.245457932E-01
                         Error282        4.245166850E-01
                         Error283        4.244876132E-01
                         Error284        4.244585775E-01
                         Error285        4.244295779E-01
                         Error286        4.244006143E-01
                         Error287        4.243716865E-01
                         Error288        4.243427945E-01
                         Error289        4.243139381E-01
                         Error290        4.242851173E-01
                         Error291        4.242563318E-01
                         Error292        4.242275817E-01
                         Error293        4.241988668E-01
                         Error294        4.241701870E-01
                         Error295        4.241415423E-01
                         Error296        4.241129324E-01
                         Error297        4.240843573E-01
                         Error298        4.240558169E-01
                         Error299        4.240273111E-01
                         Error300        4.239988398E-01
                         Error301        4.239704029E-01
                         Error302        4.239420003E-01
                         Error303        4.239136319E-01
                         Error304        4.238852976E-01
                         Error305        4.238569973E-01
                         Error306        4.238287309E-01
                         Error307        4.238004983E-01
                         Error308        4.237722995E-01
                         Error309        4.237441342E-01
                         Error310        4.237160025E-01
                         Error311        4.236879043E-01
                         Error312        4.236598394E-01
                         Error313        4.236318077E-01
                         Error314        4.236038092E-01
                         Error315        4.235758438E-01
                         Error316        4.235479114E-01
                         Error317        4.235200119E-01
                         Error318        4.234921452E-01
                         Error319        4.234643112E-01
                         Error320        4.234365098E-01
                         Error321        4.234087410E-01
                         Error322        4.233810047E-01
                         Error323        4.233533007E-01
                         Error324        4.233256290E-01
                         Error325        4.232979896E-01
                         Error326        4.232703822E-01
                         Error327        4.232428069E-01
                         Error328        4.232152636E-01
                         Error329        4.231877521E-01
                         Error330        4.231602724E-01
                         Error331        4.231328245E-01
                         Error332        4.231054082E-01
                         Error333        4.230780234E-01
                         Error334        4.230506701E-01
                         Error335        4.230233482E-01
                         Error336        4.229960577E-01
                         Error337        4.229687984E-01
                         Error338        4.229415702E-01
                         Error339        4.229143731E-01
                         Error340        4.228872071E-01
                         Error341        4.228600719E-01
                         Error342        4.228329677E-01
                         Error343        4.228058942E-01
                         Error344        4.227788514E-01
                         Error345        4.227518393E-01
                         Error346        4.227248577E-01
                         Error347        4.226979067E-01
                         Error348        4.226709860E-01
                         Error349        4.226440957E-01
                         Error350        4.226172357E-01
                         Error351        4.225904058E-01
                         Error352        4.225636062E-01
                         Error353        4.225368365E-01
                         Error354        4.225100969E-01
                         Error355        4.224833872E-01
                         Error356        4.224567073E-01
                         Error357        4.224300573E-01
                         Error358        4.224034369E-01
                         Error359        4.223768462E-01
                         Error360        4.223502851E-01
                         Error361        4.223237535E-01
                         Error362        4.222972514E-01
                         Error363        4.222707786E-01
                         Error364        4.222443352E-01
                         Error365        4.222179210E-01
                         Error366        4.221915360E-01
                         Error367        4.221651801E-01
                         Error368        4.221388533E-01
                         Error369        4.221125555E-01
                         Error370        4.220862866E-01
                         Error371        4.220600466E-01
                         Error372        4.220338354E-01
                         Error373        4.220076529E-01
                         Error374        4.219814991E-01
                         Error375        4.219553740E-01
                         Error376        4.219292774E-01
                         Error377        4.219032093E-01
                         Error378        4.218771697E-01
                         Error379        4.218511584E-01
                         Error380        4.218251754E-01
                         Error381        4.217992207E-01
                         Error382        4.217732943E-01
                         Error383        4.217473959E-01
                         Error384        4.217215256E-01
                         Error385        4.216956834E-01
                         Error386        4.216698691E-01
                         Error387        4.216440828E-01
                         Error388        4.216183243E-01
                         Error389        4.215925936E-01
                         Error390        4.215668906E-01
                         Error391        4.215412153E-01
                         Error392        4.215155676E-01
                         Error393        4.214899476E-01
                         Error394        4.214643550E-01
                         Error395        4.214387899E-01
                         Error396        4.214132522E-01
                         Error397        4.213877418E-01
                         Error398        4.213622588E-01
                         Error399        4.213368030E-01
                         Error400        4.213113744E-01
                         Error401        4.212859729E-01
                         Error402        4.212605985E-01
                         Error403        4.212352511E-01
                         Error404        4.212099308E-01
                         Error405        4.211846373E-01
                         Error406        4.211593707E-01
                         Error407        4.211341310E-01
                         Error408        4.211089180E-01
                         Error409        4.210837317E-01
                         Error410        4.210585721E-01
                         Error411        4.210334392E-01
                         Error412        4.210083328E-01
                         Error413        4.209832529E-01
                         Error414        4.209581995E-01
                         Error415        4.209331725E-01
                         Error416        4.209081719E-01
                         Error417        4.208831976E-01
                         Error418        4.208582496E-01
                         Error419        4.208333278E-01
                         Error420        4.208084322E-01
                         Error421        4.207835627E-01
                         Error422        4.207587193E-01
                         Error423        4.207339019E-01
                         Error424        4.207091105E-01
                         Error425        4.206843451E-01
                         Error426        4.206596055E-01
                         Error427        4.206348918E-01
                         Error428        4.206102039E-01
                         Error429        4.205855417E-01
                         Error430        4.205609052E-01
                         Error431        4.205362944E-01
                         Error432        4.205117093E-01
                         Error433        4.204871496E-01
                         Error434        4.204626156E-01
                         Error435        4.204381070E-01
                         Error436        4.204136238E-01
                         Error437        4.203891660E-01
                         Error438        4.203647336E-01
                         Error439        4.203403264E-01
                         Error440        4.203159445E-01
                         Error441        4.202915879E-01
                         Error442        4.202672564E-01
                         Error443        4.202429500E-01
                         Error444        4.202186688E-01
                         Error445        4.201944125E-01
                         Error446        4.201701813E-01
                         Error447        4.201459750E-01
                         Error448        4.201217936E-01
                         Error449        4.200976371E-01
                         Error450        4.200735055E-01
                         Error451        4.200493986E-01
                         Error452        4.200253165E-01
                         Error453        4.200012591E-01
                         Error454        4.199772263E-01
                         Error455        4.199532182E-01
                         Error456        4.199292346E-01
                         Error457        4.199052756E-01
                         Error458        4.198813411E-01
                         Error459        4.198574311E-01
                         Error460        4.198335454E-01
                         Error461        4.198096842E-01
                         Error462        4.197858473E-01
                         Error463        4.197620347E-01
                         Error464        4.197382464E-01
                         Error465        4.197144822E-01
                         Error466        4.196907423E-01
                         Error467        4.196670265E-01
                         Error468        4.196433349E-01
                         Error469        4.196196672E-01
                         Error470        4.195960237E-01
                         Error471        4.195724041E-01
                         Error472        4.195488084E-01
                         Error473        4.195252367E-01
                         Error474        4.195016889E-01
                         Error475        4.194781649E-01
                         Error476        4.194546647E-01
                         Error477        4.194311883E-01
                         Error478        4.194077356E-01
                         Error479        4.193843065E-01
                         Error480        4.193609012E-01
                         Error481        4.193375194E-01
                         Error482        4.193141613E-01
                         Error483        4.192908267E-01
                         Error484        4.192675155E-01
                         Error485        4.192442279E-01
                         Error486        4.192209637E-01
                         Error487        4.191977229E-01
                         Error488        4.191745055E-01
                         Error489        4.191513114E-01
                         Error490        4.191281405E-01
                         Error491        4.191049930E-01
                         Error492        4.190818687E-01
                         Error493        4.190587675E-01
                         Error494        4.190356895E-01
                         Error495        4.190126346E-01
                         Error496        4.189896029E-01
                         Error497        4.189665941E-01
                         Error498        4.189436084E-01
                         Error499        4.189206456E-01
                         Error500        4.188977058E-01
                         Error        4.188977058E-01
