-xyz
refined.xyz
-dens
/home/unibas/boittier/RDKit_G2/B.pdb/SCAN_1_2_3_4_S_36_10.0/24_SCAN/B.d.cube
-esp
/home/unibas/boittier/RDKit_G2/B.pdb/SCAN_1_2_3_4_S_36_10.0/24_SCAN/B.p.cube
-stepsize
0.2
-n_steps
1
-learning_rate
0.5
  -3.4441421577047739        2.1809989751575518       -2.4501156952021033     
  -3.1905748067744808       0.54875900489212703        8.8834594962252100E-002
  -2.7963640243222310       0.24442268592316610      -0.81767539262081557     
  -5.9173946986963308      -0.47552167494515601       0.17534516854242407     
  -2.8851848484024121       -9.4251244191348796E-002 -0.88912336267674585     
  -1.1679701746626523      -0.33441770021910722       0.84241532824480747     
  -1.8791217185546332       -2.4729449501407386        2.4328892733639580     
  -2.6971761948396482      -0.75672286015068091        1.0314163668966239     
  -2.0443611914615301      -0.66538304229504786       0.91014605218945954     
   2.3014955424634942       -1.0984692163298360      -0.15239694714118632     
   2.3757493989165468       -1.2761096109971781      -0.15095586941116163     
   2.9062343499190009       -2.5971481779470200      -0.54388803984278700     
   2.4840919818604177       -2.0119019186302358      -0.42121619262130267     
  0.56849567846471083       0.59536095996094907       0.37008850075662858     
   1.0073300285827993       0.45247211018290806       0.57050396052931107     
  0.88506752363053343       0.71234025250169852      -0.67228070159293463     
   1.4812640914998558      -0.42087231812940140       -4.6197882058179943E-002
   2.0520033713056072        1.8278089743289820        1.0865844572652041     
   1.6599812327348460        2.0163010364322864      -0.76173895439361206     
   4.2930654211541857        2.5989781541208732      -0.35196804838293638     
  0.62785128850700700        4.1625582744529943       0.71702593179453900     
First
                         Total        1.552571142E+00
Step size:       0.20
Step size in Bohr:       0.38
Learning Rate:       1.00
# Steps:          1
                         Error  1        1.513266786E+00
                         Error        1.513266786E+00
