-xyz
refined.xyz
-dens
/home/unibas/boittier/RDKit_G2/B.pdb/SCAN_1_2_3_4_S_36_10.0/33_SCAN/B.d.cube
-esp
/home/unibas/boittier/RDKit_G2/B.pdb/SCAN_1_2_3_4_S_36_10.0/33_SCAN/B.p.cube
-stepsize
0.2
-n_steps
0
-learning_rate
0.5
  -3.6147338848909158        2.5874860756048599        1.1308148920374055     
  -2.9771911252821246      -0.29611992714848157       0.69820383298026611     
  -2.8528842598703292       0.36419233673046925       -8.8147191431865474E-002
  -5.7420064793510779       -1.2502177572042619       0.22364406343530871     
  -2.9961115295642338       0.23439809385604338      -0.38870639655325884     
 -0.93044601325964349       -1.1794396804548115      -0.54297490362809597     
  -1.5091180674393130       -3.6511110456148033       -1.0121196843406699     
  -2.3994721821692990       -1.8055789341471435      -0.49331226131757977     
  -1.8244895569556985       -1.4612962588011948      -0.48429980052306543     
   1.4272261498402103        1.6589089660132696      -0.28145350184096601     
   1.3812073996769443        1.8428793670057659      -0.31478631597642609     
   1.0559030633035975        3.2754947465584485      -0.16396766793449941     
   1.0545726303374550        2.5437557195020695      -0.14664702501742563     
  0.99976626310689165      -0.77380708977466062      -0.30257963897463902     
   1.2493491762606430      -0.44728495411081248      -0.59286805980576351     
   1.4112483846368342      -0.48767507606435850       0.67172962826966953     
   1.1633137110824834       0.63825037523480788      -0.16637820396531722     
   2.9714108910276251       -1.1006937634216682      -0.75362890755205048     
   2.6648189906245672      -0.99570189392421438        1.1173408180682298     
   5.1771056967450919       -8.2655437980142146E-002  0.57993502997169388     
   3.1201507889859323       -3.6437750337916999       0.31215516676154298     
First
                         Total        4.223573901E-01
Step size:       0.20
Step size in Bohr:       0.38
Learning Rate:       1.00
# Steps:          0
                         Error        4.223573901E-01
                         Error        4.223573901E-01
                         Error        4.223573901E-01
                         Error        4.223573901E-01
                         Error        4.223573901E-01
