Running in analysis mode

Reading "/home/unibas/boittier/RDKit_G2/B.pdb/SCAN_1_2_3_4_S_36_10.0/12_SCAN/B.p.cube"...

  B.pdb Potential
  Electrostatic potential from Total SCF Density
   10   -8.498696   -7.151211   -6.995398
  113    0.166667    0.000000    0.000000
   97    0.000000    0.166667    0.000000
   86    0.000000    0.000000    0.166667
    6    6.000000   -1.985944    2.339333    0.163400
    6    6.000000   -0.912078    0.075217    0.104008
    6    6.000000    1.699793   -0.638459    0.711068
    6    6.000000    3.725827    0.261331   -0.482646
    1    1.000000   -3.968873    2.576904   -0.276093
    1    1.000000   -0.870280    3.979523    0.647690
    9    9.000000   -2.376572   -1.997322   -0.391863
    1    1.000000    1.892878   -2.098250    2.144873
    1    1.000000    3.554790    1.632866   -1.995768
    1    1.000000    5.615047   -0.339677    0.031086
 -4.95917E-03 -5.05873E-03 -5.15929E-03 -5.26073E-03 -5.36293E-03 -5.46578E-03
       .            .            .            .            .            .
       .            .            .            .            .            .
       .            .            .            .            .            .
  2.08607E-03  2.05733E-03  2.02885E-03  2.00065E-03  1.97272E-03  1.94508E-03

788182 out of 942646 gridpoints are considered (83.6%).

...done!

Reading "21charges.cube"...

  Fitted ESP
  Electrostatic potential fitted from 21 point charges.
   10   -8.498696   -7.151211   -6.995398
  113    0.166667    0.000000    0.000000
   97    0.000000    0.166667    0.000000
   86    0.000000    0.000000    0.166667
    6    6.000000   -1.985944    2.339333    0.163400
    6    6.000000   -0.912078    0.075217    0.104008
    6    6.000000    1.699793   -0.638459    0.711068
    6    6.000000    3.725827    0.261331   -0.482646
    1    1.000000   -3.968873    2.576904   -0.276093
    1    1.000000   -0.870280    3.979523    0.647690
    9    9.000000   -2.376572   -1.997322   -0.391863
    1    1.000000    1.892878   -2.098250    2.144873
    1    1.000000    3.554790    1.632866   -1.995768
    1    1.000000    5.615047   -0.339677    0.031086
 -5.27328E-03 -5.38160E-03 -5.49104E-03 -5.60149E-03 -5.71282E-03 -5.82490E-03
       .            .            .            .            .            .
       .            .            .            .            .            .
       .            .            .            .            .            .
  2.61177E-03  2.57258E-03  2.53370E-03  2.49517E-03  2.45699E-03  2.41918E-03

788182 out of 942646 gridpoints are considered (83.6%).

...done!

                       Measure       RMSE[kcal/mol/e]   MaxError[kcal/mol/e]   NPoints
                         Total        1.187064376E+00        8.706606031E+00    788182
Close (  1.20 < r <   1.66 )          1.958039366E+00        8.706606031E+00    155705
Mid-range ( 1.66 < r <  2.20)         1.111189286E+00        3.820842406E+00    279511
Far-range (  2.20         < r)        6.910529107E-01        2.053901870E+00    352966
Did analysis and wrote slice data
