-xyz
refined.xyz
-dens
../../cube_files/fbutone/4_SCAN_1_2_6_8_F/N.d.cube
-esp
../../cube_files/fbutone/4_SCAN_1_2_6_8_F/N.p.cube
-stepsize
0.2
-n_steps
1
-learning_rate
0.5
   5.9162068639388066       -1.8994106316594266      -0.37858138001242070     
   4.5772895288920088       -1.2607866936275500       0.31032120672576713     
   4.9911731691501799       -1.4853836748489970        1.1239817085193502     
   5.1413582146167238       -2.2206413732618797        2.2514340928064520     
   7.3247622514291750       0.58401081595866711       -2.6098030840856920E-002
   5.5032322581564062       -2.7313083253419648       -1.5253548195072599     
   5.4991066564507358       -2.0854847893815029      -0.93616916026711594     
   3.2332770979793257        2.7900127915621624        3.8615931756695128E-003
   2.1167676534766318        2.7262144989213812      -0.14630518863069164     
   2.7094304632735948        2.8117092813295308       -7.4590405589756464E-002
   3.5455975951956402       0.17484669612328166      -0.14469421826222140     
   2.1051715664972468       0.38662314557746824      -0.14424582077787343     
  0.60744057660011741       -2.2184377406820919        9.5762221118975269E-002
   1.1761271230678934       -2.1199390487702710      -0.54671232360180944     
  0.57035022871298346       -3.2949783113524393       0.56820442658368342     
  0.51538818545754350       -3.0628895488556473       0.42860883166856656     
  0.35021072485832300       -1.9042817749715142       -2.3648750548137678     
  0.13744286289618118       -1.2961675408147757       -2.6309123565405712     
  0.36767226557911742       -2.0388818665541106       -2.1215383022102716     
  -1.4139962876635592       0.59288189615122944      -0.37782180788120368     
  -1.5678175298903940        6.1702824021988976E-002  0.78508154814717790     
  -2.1432638567335802       0.45253546021075686        1.5805161479759475     
  -2.1248499620018158       0.55329325017377751        1.9317415865433880     
  -3.3064302561025287       -1.3265823665048435       -8.4368527653579189E-002
  -4.4052088586633147       -2.3142147613227615      -0.25385627259891214     
  -3.8907493737402956       -2.0864126576443800      -0.25934693658010721     
  -4.2251400730553916       -1.9936458322107917      -0.18216577204463877     
  -2.8931872569275030        2.5147838079154519       -2.0425367191229991     
  -2.6565387255404218        1.3239130139092241       -1.0099944248975767     
  -2.7149679055896354        1.9109987474298089       -1.5838028650376414     
First
                         Total        2.457409070E+00
Step size:       0.20
Step size in Bohr:       0.38
Learning Rate:       1.00
# Steps:          1
                         Error  1        2.405201949E+00
                         Error        2.405201949E+00
