-xyz
refined.xyz
-dens
/home/unibas/boittier/RDKit_G2/B.pdb/SCAN_1_2_3_4_S_36_10.0/4_SCAN/B.d.cube
-esp
/home/unibas/boittier/RDKit_G2/B.pdb/SCAN_1_2_3_4_S_36_10.0/4_SCAN/B.p.cube
-stepsize
0.2
-n_steps
1
-learning_rate
0.5
   3.5501116407331006        2.5413822900448038        1.3912370830047889     
   3.1545853695597810        6.0236745387165065E-002 -0.27390820020379503     
   2.7207684198924080       0.15953445592578358       0.65975443292239500     
   5.7593853591013024       -1.1677854412803865       0.19587439152426681     
   2.7759022366841193      -0.13217041227940016       0.85865771159316295     
   1.0077113509370927       -1.1252847306390967      -0.16741779173282911     
   1.6047064988644006       -3.5076787051218559       -1.3545690651989017     
   2.4608236560088144       -1.7060975546558728      -0.48937304509681639     
   1.8835527960504908       -1.3798729445098790      -0.39163493498249496     
  -1.4461428729549475        1.6432520303051690        7.8856788390081929E-003
  -1.3998779148869906        1.8286772803262812        3.1313270057950544E-002
  -1.1488963788428521        3.2681090092843887      -0.18315685700564524     
  -1.1302847021753304        2.5365294286771949      -0.19767125624760684     
 -0.95413316107669321      -0.77941570980692754       -4.2289870938954435E-002
  -1.1540263544626861      -0.45713957881317840       0.28837608343192145     
  -1.5485715329932355      -0.51318349308755029      -0.92331136376179712     
  -1.1798342177082162       0.62645324783807554      -0.15074313652169846     
  -2.5604687619393713       -1.1045906538213373        1.2177102171887313     
  -2.9602001623944019       -1.0956389381539551      -0.63853457350254639     
  -5.1348700974759591      -0.19701774083749357       0.73906471272181640     
  -2.9978348628745950       -3.7039946640497399       0.39355221916540872     
First
                         Total        4.725731508E-01
Step size:       0.20
Step size in Bohr:       0.38
Learning Rate:       1.00
# Steps:          1
                         Error  1        4.680367141E-01
                         Error        4.680367141E-01
