-xyz
refined.xyz
-dens
/home/unibas/boittier/RDKit_G2/B.pdb/SCAN_1_2_3_4_S_36_-10.0/25_SCAN_1_2_3_4_F/B.d.cube
-esp
/home/unibas/boittier/RDKit_G2/B.pdb/SCAN_1_2_3_4_S_36_-10.0/25_SCAN_1_2_3_4_F/B.p.cube
-stepsize
0.2
-n_steps
500
-learning_rate
0.5
   3.2478766141079713        1.4716021945493623       -2.5985046580969473     
   3.3706800027987569      -0.86263527355768510      -0.46038931900651814     
   6.4131305585292102      -0.35597161828032187        5.9907050473890361E-002
   4.0384267282932189      -0.21636258478706588       0.22088533259143592     
   3.6413387932255303       0.44209825804638159       0.29831278723193283     
   2.6458643326262470      -0.70071412111597320       0.89973355113457121     
   1.4072153822716140      -0.67673230320767486        1.5720662076334102     
   2.1082724982631675      -0.53418336567686586       0.70012718888965197     
   1.1369382079703150      -0.67795104646561177       0.74364867003619561     
   2.0447068016931866       -1.9850029117217087        3.3529749297832261     
  -2.3409353870290612       -2.1649294536291523      -0.39841764894887910     
  -2.0632814301638778       -1.7892107268586868      -0.21466041614723055     
  -1.7149138532179773       -1.0370368311784570      -0.14183120040961270     
  -2.1695621065377177       -1.9322682759067720      -0.39595653496751726     
 -0.58932258124818615       0.25365719765730815        7.2032538444017455E-002
  -1.0322691675795288      -0.31330161262038986       0.16368335591854014     
 -0.33437859471395009       0.60309571984161237       0.29612779637821451     
 -0.95142321750521319       0.59118973100023253       0.52030892154011421     
  -4.5228787366085053        2.4967722552867353      -0.46039903949136463     
  -1.2068803933228540        1.6791807062760253       0.37297721217251167     
  -1.7159678366952871        1.6026969210743827      -0.18737256118478116     
  -2.1122575249776925        1.3601505927998725       -3.5508608652759691E-002
  -1.9329459281619208        1.5977411151521466       0.26442846664056058     
 -0.97263744798821650        4.1859840741859831       -3.4455050597572624E-002
  -1.0092268566575073        4.1471473399191048       0.27977706606716352     
First
                         Total        4.442236424E-01
Step size:       0.20
Step size in Bohr:       0.38
Learning Rate:       1.00
# Steps:        500
                         Error  1        4.437208482E-01
                         Error  2        4.432585658E-01
                         Error  3        4.428332067E-01
                         Error  4        4.424414975E-01
                         Error  5        4.420804534E-01
                         Error  6        4.417473529E-01
                         Error  7        4.414397155E-01
                         Error  8        4.411552806E-01
                         Error  9        4.408919886E-01
                         Error 10        4.406479629E-01
                         Error 11        4.404214943E-01
                         Error 12        4.402110260E-01
                         Error 13        4.400151401E-01
                         Error 14        4.398325457E-01
                         Error 15        4.396620670E-01
                         Error 16        4.395026335E-01
                         Error 17        4.393532708E-01
                         Error 18        4.392130914E-01
                         Error 19        4.390812874E-01
                         Error 20        4.389571234E-01
                         Error 21        4.388399298E-01
                         Error 22        4.387290968E-01
                         Error 23        4.386240696E-01
                         Error 24        4.385243427E-01
                         Error 25        4.384294561E-01
                         Error 26        4.383389909E-01
                         Error 27        4.382525657E-01
                         Error 28        4.381698330E-01
                         Error 29        4.380904767E-01
                         Error 30        4.380142087E-01
                         Error 31        4.379407666E-01
                         Error 32        4.378699115E-01
                         Error 33        4.378014259E-01
                         Error 34        4.377351113E-01
                         Error 35        4.376707872E-01
                         Error 36        4.376082890E-01
                         Error 37        4.375474668E-01
                         Error 38        4.374881838E-01
                         Error 39        4.374303156E-01
                         Error 40        4.373737485E-01
                         Error 41        4.373183792E-01
                         Error 42        4.372641131E-01
                         Error 43        4.372108642E-01
                         Error 44        4.371585541E-01
                         Error 45        4.371071112E-01
                         Error 46        4.370564700E-01
                         Error 47        4.370065711E-01
                         Error 48        4.369573599E-01
                         Error 49        4.369087869E-01
                         Error 50        4.368608067E-01
                         Error 51        4.368133778E-01
                         Error 52        4.367664625E-01
                         Error 53        4.367200261E-01
                         Error 54        4.366740370E-01
                         Error 55        4.366284665E-01
                         Error 56        4.365832880E-01
                         Error 57        4.365384774E-01
                         Error 58        4.364940126E-01
                         Error 59        4.364498733E-01
                         Error 60        4.364060410E-01
                         Error 61        4.363624987E-01
                         Error 62        4.363192309E-01
                         Error 63        4.362762232E-01
                         Error 64        4.362334626E-01
                         Error 65        4.361909370E-01
                         Error 66        4.361486355E-01
                         Error 67        4.361065477E-01
                         Error 68        4.360646646E-01
                         Error 69        4.360229773E-01
                         Error 70        4.359814782E-01
                         Error 71        4.359401598E-01
                         Error 72        4.358990154E-01
                         Error 73        4.358580390E-01
                         Error 74        4.358172246E-01
                         Error 75        4.357765672E-01
                         Error 76        4.357360617E-01
                         Error 77        4.356957037E-01
                         Error 78        4.356554889E-01
                         Error 79        4.356154135E-01
                         Error 80        4.355754738E-01
                         Error 81        4.355356666E-01
                         Error 82        4.354959885E-01
                         Error 83        4.354564368E-01
                         Error 84        4.354170087E-01
                         Error 85        4.353777016E-01
                         Error 86        4.353385132E-01
                         Error 87        4.352994412E-01
                         Error 88        4.352604836E-01
                         Error 89        4.352216384E-01
                         Error 90        4.351829037E-01
                         Error 91        4.351442777E-01
                         Error 92        4.351057589E-01
                         Error 93        4.350673456E-01
                         Error 94        4.350290364E-01
                         Error 95        4.349908299E-01
                         Error 96        4.349527248E-01
                         Error 97        4.349147197E-01
                         Error 98        4.348768135E-01
                         Error 99        4.348390051E-01
                         Error100        4.348012932E-01
                         Error101        4.347636770E-01
                         Error102        4.347261553E-01
                         Error103        4.346887272E-01
                         Error104        4.346513918E-01
                         Error105        4.346141481E-01
                         Error106        4.345769953E-01
                         Error107        4.345399326E-01
                         Error108        4.345029592E-01
                         Error109        4.344660742E-01
                         Error110        4.344292770E-01
                         Error111        4.343925667E-01
                         Error112        4.343559427E-01
                         Error113        4.343194042E-01
                         Error114        4.342829507E-01
                         Error115        4.342465814E-01
                         Error116        4.342102956E-01
                         Error117        4.341740929E-01
                         Error118        4.341379725E-01
                         Error119        4.341019338E-01
                         Error120        4.340659764E-01
                         Error121        4.340300995E-01
                         Error122        4.339943026E-01
                         Error123        4.339585852E-01
                         Error124        4.339229467E-01
                         Error125        4.338873867E-01
                         Error126        4.338519045E-01
                         Error127        4.338164997E-01
                         Error128        4.337811718E-01
                         Error129        4.337459202E-01
                         Error130        4.337107445E-01
                         Error131        4.336756441E-01
                         Error132        4.336406187E-01
                         Error133        4.336056678E-01
                         Error134        4.335707908E-01
                         Error135        4.335359874E-01
                         Error136        4.335012570E-01
                         Error137        4.334665993E-01
                         Error138        4.334320139E-01
                         Error139        4.333975001E-01
                         Error140        4.333630578E-01
                         Error141        4.333286863E-01
                         Error142        4.332943854E-01
                         Error143        4.332601546E-01
                         Error144        4.332259934E-01
                         Error145        4.331919016E-01
                         Error146        4.331578787E-01
                         Error147        4.331239243E-01
                         Error148        4.330900380E-01
                         Error149        4.330562194E-01
                         Error150        4.330224682E-01
                         Error151        4.329887840E-01
                         Error152        4.329551664E-01
                         Error153        4.329216151E-01
                         Error154        4.328881296E-01
                         Error155        4.328547097E-01
                         Error156        4.328213549E-01
                         Error157        4.327880649E-01
                         Error158        4.327548395E-01
                         Error159        4.327216781E-01
                         Error160        4.326885805E-01
                         Error161        4.326555464E-01
                         Error162        4.326225754E-01
                         Error163        4.325896672E-01
                         Error164        4.325568214E-01
                         Error165        4.325240377E-01
                         Error166        4.324913158E-01
                         Error167        4.324586555E-01
                         Error168        4.324260563E-01
                         Error169        4.323935179E-01
                         Error170        4.323610401E-01
                         Error171        4.323286225E-01
                         Error172        4.322962649E-01
                         Error173        4.322639669E-01
                         Error174        4.322317282E-01
                         Error175        4.321995486E-01
                         Error176        4.321674277E-01
                         Error177        4.321353653E-01
                         Error178        4.321033610E-01
                         Error179        4.320714147E-01
                         Error180        4.320395259E-01
                         Error181        4.320076944E-01
                         Error182        4.319759200E-01
                         Error183        4.319442023E-01
                         Error184        4.319125412E-01
                         Error185        4.318809362E-01
                         Error186        4.318493872E-01
                         Error187        4.318178939E-01
                         Error188        4.317864561E-01
                         Error189        4.317550734E-01
                         Error190        4.317237456E-01
                         Error191        4.316924724E-01
                         Error192        4.316612537E-01
                         Error193        4.316300890E-01
                         Error194        4.315989783E-01
                         Error195        4.315679212E-01
                         Error196        4.315369176E-01
                         Error197        4.315059671E-01
                         Error198        4.314750695E-01
                         Error199        4.314442245E-01
                         Error200        4.314134320E-01
                         Error201        4.313826918E-01
                         Error202        4.313520034E-01
                         Error203        4.313213669E-01
                         Error204        4.312907818E-01
                         Error205        4.312602480E-01
                         Error206        4.312297653E-01
                         Error207        4.311993334E-01
                         Error208        4.311689521E-01
                         Error209        4.311386212E-01
                         Error210        4.311083405E-01
                         Error211        4.310781098E-01
                         Error212        4.310479287E-01
                         Error213        4.310177972E-01
                         Error214        4.309877151E-01
                         Error215        4.309576820E-01
                         Error216        4.309276979E-01
                         Error217        4.308977624E-01
                         Error218        4.308678754E-01
                         Error219        4.308380367E-01
                         Error220        4.308082461E-01
                         Error221        4.307785034E-01
                         Error222        4.307488084E-01
                         Error223        4.307191609E-01
                         Error224        4.306895607E-01
                         Error225        4.306600076E-01
                         Error226        4.306305014E-01
                         Error227        4.306010419E-01
                         Error228        4.305716289E-01
                         Error229        4.305422624E-01
                         Error230        4.305129419E-01
                         Error231        4.304836675E-01
                         Error232        4.304544389E-01
                         Error233        4.304252559E-01
                         Error234        4.303961183E-01
                         Error235        4.303670260E-01
                         Error236        4.303379787E-01
                         Error237        4.303089764E-01
                         Error238        4.302800188E-01
                         Error239        4.302511058E-01
                         Error240        4.302222371E-01
                         Error241        4.301934127E-01
                         Error242        4.301646323E-01
                         Error243        4.301358959E-01
                         Error244        4.301072031E-01
                         Error245        4.300785539E-01
                         Error246        4.300499481E-01
                         Error247        4.300213855E-01
                         Error248        4.299928659E-01
                         Error249        4.299643893E-01
                         Error250        4.299359554E-01
                         Error251        4.299075642E-01
                         Error252        4.298792153E-01
                         Error253        4.298509087E-01
                         Error254        4.298226443E-01
                         Error255        4.297944218E-01
                         Error256        4.297662412E-01
                         Error257        4.297381022E-01
                         Error258        4.297100047E-01
                         Error259        4.296819486E-01
                         Error260        4.296539338E-01
                         Error261        4.296259600E-01
                         Error262        4.295980271E-01
                         Error263        4.295701351E-01
                         Error264        4.295422837E-01
                         Error265        4.295144728E-01
                         Error266        4.294867022E-01
                         Error267        4.294589719E-01
                         Error268        4.294312817E-01
                         Error269        4.294036314E-01
                         Error270        4.293760210E-01
                         Error271        4.293484502E-01
                         Error272        4.293209190E-01
                         Error273        4.292934271E-01
                         Error274        4.292659746E-01
                         Error275        4.292385612E-01
                         Error276        4.292111868E-01
                         Error277        4.291838513E-01
                         Error278        4.291565545E-01
                         Error279        4.291292964E-01
                         Error280        4.291020768E-01
                         Error281        4.290748955E-01
                         Error282        4.290477525E-01
                         Error283        4.290206476E-01
                         Error284        4.289935807E-01
                         Error285        4.289665517E-01
                         Error286        4.289395605E-01
                         Error287        4.289126069E-01
                         Error288        4.288856908E-01
                         Error289        4.288588121E-01
                         Error290        4.288319706E-01
                         Error291        4.288051664E-01
                         Error292        4.287783991E-01
                         Error293        4.287516688E-01
                         Error294        4.287249753E-01
                         Error295        4.286983186E-01
                         Error296        4.286716983E-01
                         Error297        4.286451146E-01
                         Error298        4.286185672E-01
                         Error299        4.285920561E-01
                         Error300        4.285655811E-01
                         Error301        4.285391421E-01
                         Error302        4.285127391E-01
                         Error303        4.284863718E-01
                         Error304        4.284600403E-01
                         Error305        4.284337443E-01
                         Error306        4.284074839E-01
                         Error307        4.283812588E-01
                         Error308        4.283550690E-01
                         Error309        4.283289143E-01
                         Error310        4.283027948E-01
                         Error311        4.282767102E-01
                         Error312        4.282506604E-01
                         Error313        4.282246455E-01
                         Error314        4.281986652E-01
                         Error315        4.281727194E-01
                         Error316        4.281468082E-01
                         Error317        4.281209313E-01
                         Error318        4.280950886E-01
                         Error319        4.280692801E-01
                         Error320        4.280435057E-01
                         Error321        4.280177653E-01
                         Error322        4.279920588E-01
                         Error323        4.279663860E-01
                         Error324        4.279407469E-01
                         Error325        4.279151415E-01
                         Error326        4.278895695E-01
                         Error327        4.278640309E-01
                         Error328        4.278385257E-01
                         Error329        4.278130537E-01
                         Error330        4.277876148E-01
                         Error331        4.277622090E-01
                         Error332        4.277368361E-01
                         Error333        4.277114961E-01
                         Error334        4.276861889E-01
                         Error335        4.276609144E-01
                         Error336        4.276356725E-01
                         Error337        4.276104630E-01
                         Error338        4.275852861E-01
                         Error339        4.275601414E-01
                         Error340        4.275350291E-01
                         Error341        4.275099489E-01
                         Error342        4.274849008E-01
                         Error343        4.274598847E-01
                         Error344        4.274349005E-01
                         Error345        4.274099481E-01
                         Error346        4.273850276E-01
                         Error347        4.273601387E-01
                         Error348        4.273352813E-01
                         Error349        4.273104556E-01
                         Error350        4.272856612E-01
                         Error351        4.272608982E-01
                         Error352        4.272361664E-01
                         Error353        4.272114659E-01
                         Error354        4.271867965E-01
                         Error355        4.271621581E-01
                         Error356        4.271375507E-01
                         Error357        4.271129741E-01
                         Error358        4.270884284E-01
                         Error359        4.270639134E-01
                         Error360        4.270394291E-01
                         Error361        4.270149753E-01
                         Error362        4.269905520E-01
                         Error363        4.269661592E-01
                         Error364        4.269417967E-01
                         Error365        4.269174645E-01
                         Error366        4.268931626E-01
                         Error367        4.268688907E-01
                         Error368        4.268446490E-01
                         Error369        4.268204372E-01
                         Error370        4.267962553E-01
                         Error371        4.267721033E-01
                         Error372        4.267479811E-01
                         Error373        4.267238885E-01
                         Error374        4.266998257E-01
                         Error375        4.266757923E-01
                         Error376        4.266517885E-01
                         Error377        4.266278142E-01
                         Error378        4.266038691E-01
                         Error379        4.265799534E-01
                         Error380        4.265560669E-01
                         Error381        4.265322096E-01
                         Error382        4.265083813E-01
                         Error383        4.264845821E-01
                         Error384        4.264608119E-01
                         Error385        4.264370705E-01
                         Error386        4.264133580E-01
                         Error387        4.263896742E-01
                         Error388        4.263660192E-01
                         Error389        4.263423927E-01
                         Error390        4.263187949E-01
                         Error391        4.262952255E-01
                         Error392        4.262716846E-01
                         Error393        4.262481721E-01
                         Error394        4.262246879E-01
                         Error395        4.262012319E-01
                         Error396        4.261778041E-01
                         Error397        4.261544045E-01
                         Error398        4.261310330E-01
                         Error399        4.261076894E-01
                         Error400        4.260843738E-01
                         Error401        4.260610861E-01
                         Error402        4.260378262E-01
                         Error403        4.260145941E-01
                         Error404        4.259913897E-01
                         Error405        4.259682129E-01
                         Error406        4.259450637E-01
                         Error407        4.259219421E-01
                         Error408        4.258988479E-01
                         Error409        4.258757812E-01
                         Error410        4.258527418E-01
                         Error411        4.258297297E-01
                         Error412        4.258067448E-01
                         Error413        4.257837871E-01
                         Error414        4.257608566E-01
                         Error415        4.257379531E-01
                         Error416        4.257150767E-01
                         Error417        4.256922272E-01
                         Error418        4.256694046E-01
                         Error419        4.256466088E-01
                         Error420        4.256238399E-01
                         Error421        4.256010977E-01
                         Error422        4.255783822E-01
                         Error423        4.255556933E-01
                         Error424        4.255330309E-01
                         Error425        4.255103952E-01
                         Error426        4.254877858E-01
                         Error427        4.254652029E-01
                         Error428        4.254426464E-01
                         Error429        4.254201161E-01
                         Error430        4.253976122E-01
                         Error431        4.253751344E-01
                         Error432        4.253526828E-01
                         Error433        4.253302573E-01
                         Error434        4.253078578E-01
                         Error435        4.252854844E-01
                         Error436        4.252631369E-01
                         Error437        4.252408152E-01
                         Error438        4.252185195E-01
                         Error439        4.251962495E-01
                         Error440        4.251740053E-01
                         Error441        4.251517868E-01
                         Error442        4.251295939E-01
                         Error443        4.251074266E-01
                         Error444        4.250852849E-01
                         Error445        4.250631687E-01
                         Error446        4.250410779E-01
                         Error447        4.250190125E-01
                         Error448        4.249969725E-01
                         Error449        4.249749578E-01
                         Error450        4.249529683E-01
                         Error451        4.249310041E-01
                         Error452        4.249090650E-01
                         Error453        4.248871510E-01
                         Error454        4.248652621E-01
                         Error455        4.248433983E-01
                         Error456        4.248215594E-01
                         Error457        4.247997454E-01
                         Error458        4.247779563E-01
                         Error459        4.247561921E-01
                         Error460        4.247344526E-01
                         Error461        4.247127379E-01
                         Error462        4.246910479E-01
                         Error463        4.246693826E-01
                         Error464        4.246477418E-01
                         Error465        4.246261257E-01
                         Error466        4.246045340E-01
                         Error467        4.245829668E-01
                         Error468        4.245614241E-01
                         Error469        4.245399057E-01
                         Error470        4.245184117E-01
                         Error471        4.244969420E-01
                         Error472        4.244754965E-01
                         Error473        4.244540753E-01
                         Error474        4.244326782E-01
                         Error475        4.244113053E-01
                         Error476        4.243899564E-01
                         Error477        4.243686316E-01
                         Error478        4.243473308E-01
                         Error479        4.243260539E-01
                         Error480        4.243048009E-01
                         Error481        4.242835719E-01
                         Error482        4.242623666E-01
                         Error483        4.242411851E-01
                         Error484        4.242200274E-01
                         Error485        4.241988934E-01
                         Error486        4.241777831E-01
                         Error487        4.241566963E-01
                         Error488        4.241356332E-01
                         Error489        4.241145936E-01
                         Error490        4.240935775E-01
                         Error491        4.240725849E-01
                         Error492        4.240516157E-01
                         Error493        4.240306698E-01
                         Error494        4.240097473E-01
                         Error495        4.239888481E-01
                         Error496        4.239679722E-01
                         Error497        4.239471195E-01
                         Error498        4.239262900E-01
                         Error499        4.239054836E-01
                         Error500        4.238847003E-01
                         Error        4.238847003E-01
