-xyz
refined.xyz
-dens
/home/unibas/boittier/RDKit_G2/B.pdb/SCAN_1_2_3_4_S_36_10.0/31_SCAN/B.d.cube
-esp
/home/unibas/boittier/RDKit_G2/B.pdb/SCAN_1_2_3_4_S_36_10.0/31_SCAN/B.p.cube
-stepsize
0.2
-n_steps
10
-learning_rate
0.5
   3.8570998362566677        3.1592119740827589      -0.14201681014620629     
   3.5313150326821416      -0.40158983230044021      -0.72172002144995095     
   3.7807757090843399      -0.55374883763007854       -5.9375206710357981E-002
   6.3233637856574987      -0.81708881425481450       -8.1659868983331094E-002
   3.5313939794495965      -0.43141558557870574       0.54877181040062539     
   1.7638070986151975      -0.27971731585691567      -0.17517931564520298     
   1.4466617620950244       -1.6375801290379667E-002 -0.15294081689470235     
   2.0303709427822954       -2.5769396559453255        2.7778052000470136E-003
   2.0537305557858452       -2.5748026231957213       0.53273300485621666     
   2.1137984900493398       -2.6010971046198663      -0.50850926745555347     
  -3.3264162384157530       -2.3338393649490996       0.61232783552020054     
  -2.6699407896166418       -1.9613340012990215       0.28855868964514059     
 -0.70577426493226536       0.68323734827532512       0.73294122041472365     
 -0.43331317939614289       0.83511053124422885       0.48858874251203471     
  -1.1183560718975045       0.79717948308926767      -0.51520104514792397     
  -1.4441644954603756      -0.35746756002636082       0.27132123490192345     
  -4.3974981306217975        3.0224417327059721      -0.81701300712700931     
  -2.0987525523664483        1.9722412489051129      -0.56491074787098405     
  -1.8568307566560869        2.1037293788970013        9.1940555440318802E-002
  -2.0123503954703725        1.9670258355338599      -0.57836255004591974     
  0.14165582637760399        4.1968805587305420        6.4290069151743803E-002
First
                         Total        8.461681541E+00
Step size:       0.20
Step size in Bohr:       0.38
Learning Rate:       1.00
# Steps:         10
                         Error  1        8.412339065E+00
                         Error  2        8.363310841E+00
                         Error  3        8.314599406E+00
                         Error  4        8.266207285E+00
                         Error  5        8.218136981E+00
                         Error  6        8.170390975E+00
                         Error  7        8.122971728E+00
                         Error  8        8.075881673E+00
                         Error  9        8.029123218E+00
                         Error 10        7.982698742E+00
                         Error        7.982698742E+00
