-xyz
refined.xyz
-dens
/home/unibas/boittier/RDKit_G2/B.pdb/SCAN_1_2_3_4_S_36_-10.0/34_SCAN_1_2_3_4_F/B.d.cube
-esp
/home/unibas/boittier/RDKit_G2/B.pdb/SCAN_1_2_3_4_S_36_-10.0/34_SCAN_1_2_3_4_F/B.p.cube
-stepsize
0.2
-n_steps
5
-learning_rate
0.5
   3.5981422831248620        2.4069145760401369       0.67653644487877229     
   3.4397674097572333      -0.44903426930410162      -0.74769421614184794     
   6.2092911959615593       -1.2505233645936684       0.13906557451671295     
   3.9393935936188758       -1.0404290234365354       0.10761133856753904     
   3.4201795776683057      -0.78934853126686566       0.69746811938288156     
   2.4701325133984144       -1.7697301826298044       -6.1049110127153618E-002
   1.5127502540590978      -0.99209533825780827       -1.1759972490044637     
   2.0475010587710951       -1.3922927249249422        4.4403795590093074E-002
   1.2585858608191773      -0.77440224604486740      -0.25199480417230452     
   1.4926031517724190       -4.0331011467788214      -0.70241443926293634     
  -1.0468681388013248        3.0649923214862200      -0.10406196865740434     
  -1.0268846783925756        2.4088913781429131      -0.25153867667568336     
  -1.1590208153212151        1.6111750994500857      -0.11664882835291393     
  -1.0714703057231469        2.7000275042400985       -1.1685149717753812E-002
 -0.90129236327907236      -0.38830012898989963       0.11735689900386598     
 -0.92794393250333895       0.40910458386941911      -0.20329133148483361     
 -0.84243386201872295      -0.90560549671812962       -6.3560569949634299E-002
  -1.3161029255088923      -0.58013438461775180      -0.55827637411647668     
  -5.3673511377289351      -0.10457582216892995       0.34110349757051189     
  -2.1867561264808661       -1.3506810515354590       -7.0976949132675882E-002
  -2.6231018162966566      -0.84754669797021964       0.51305047000079496     
  -2.9342319788553262      -0.46461046720650834       0.14766124814691900     
  -2.8772996627614402      -0.84166896888264664       -9.8653862721144417E-002
  -3.3189307968708373       -3.5832740390381814       0.94540423724076039     
  -3.3527574823603010       -3.4906984156652912       0.62436204609532053     
First
                         Total        5.397392381E-01
Step size:       0.20
Step size in Bohr:       0.38
Learning Rate:       1.00
# Steps:          5
                         Error  1        5.325282391E-01
                         Error  2        5.257374042E-01
                         Error  3        5.193435442E-01
                         Error  4        5.133243599E-01
                         Error  5        5.076584499E-01
                         Error        5.076584499E-01
