-xyz
refined.xyz
-dens
/home/unibas/boittier/RDKit_G2/B.pdb/SCAN_1_2_3_4_S_36_-10.0/23_SCAN_1_2_3_4_F/B.d.cube
-esp
/home/unibas/boittier/RDKit_G2/B.pdb/SCAN_1_2_3_4_S_36_-10.0/23_SCAN_1_2_3_4_F/B.p.cube
-stepsize
0.2
-n_steps
0
-learning_rate
0.5
   3.4803130852698776        2.1195560507173696       -2.0527587858601115     
   3.3813830278758914      -0.75123204701458857      -0.69655295032304321     
   6.3613569220737292      -0.65384875262064213        5.8426343763006254E-002
   4.0903136044181441      -0.51654300419711685       0.16654762450399024     
   3.6502445767282863        8.4903102242846251E-002  0.49441903015457439     
   2.7229963826389256       -1.0598072780461705       0.60189574892890685     
   1.3189937369453479       -1.1152959640231868        1.4790581000648819     
   2.1917177624006130       -1.0840992089629045       0.38377952417473671     
   1.1436760049806547      -0.98208787520957852       0.52123021719135798     
   1.8434697456552049       -2.9783240098874364        2.3256203881236810     
  -2.9954268331500784       -2.2740188026089321      -0.49718562731569205     
  -2.5748281343989325       -1.8054114981206719      -0.22355182880266930     
  -2.1551583306921698       -1.1104810582295876      -0.21863599007827544     
  -2.7532827623294698       -1.9704417802747942      -0.51809939154041607     
 -0.62911284587886462       0.23955775385222239       -5.2663954337150598E-002
  -1.2200523199637847      -0.35999572019986437       0.11103041952403660     
 -0.28598147485305686       0.58734460218627804       0.22861857411801417     
 -0.93823527591101297       0.59047156483939267       0.62294310602950509     
  -4.1925770955478052        2.9770950294302758      -0.23387777293509898     
  -1.0348682733304868        1.7689110930612642       0.41975400010977060     
  -1.6048926738661795        1.7926069924167212      -0.26488985477437321     
  -2.1348713248877864        1.6402662494505629       -3.8406806960861826E-003
  -1.8962661883384380        1.8270940181443243       0.33408520334605663     
 -0.35182154057526260        4.3396254781455976        2.2912756527862288E-002
 -0.46641400316235709        4.2308841126600036       0.31344833971390962     
First
                         Total        1.220389978E+00
Step size:       0.20
Step size in Bohr:       0.38
Learning Rate:       1.00
# Steps:          0
                         Error        1.220389978E+00
