-xyz
refined.xyz
-dens
/home/unibas/boittier/RDKit_G2/B.pdb/SCAN_1_2_3_4_S_36_10.0/2_SCAN/B.d.cube
-esp
/home/unibas/boittier/RDKit_G2/B.pdb/SCAN_1_2_3_4_S_36_10.0/2_SCAN/B.p.cube
-stepsize
0.2
-n_steps
1
-learning_rate
0.5
   3.6977347008411523        2.6768822524089737       0.59552892375173061     
   3.1265247620884398       -8.8777039759424609E-002 -0.42885785116887715     
   2.7774791632173894       0.21547250626124909       0.49601104618253100     
   5.7429991330802350       -1.2816039321698249       0.11933818514026902     
   2.8461881900686259       -3.0102831421504914E-002  0.74634243715410709     
  0.93642788452280890       -1.2116350764494439        3.5617145638454105E-002
   1.4287010407295035       -3.7542134793321407      -0.60679212031482432     
   2.3742080042523179       -1.8674122440615331      -0.19949713851104023     
   1.8098657463408410       -1.5114995749139137      -0.13577219781871072     
  -1.3731975541759391        1.6692737390520407        7.2870733498362303E-002
  -1.3199247963569605        1.8523022878465427        9.9970278167648058E-002
 -0.98993268753059416        3.2789271928313459       -9.1861569445062172E-002
  -1.0043390597702526        2.5473028288560773      -0.10871361774207185     
 -0.99160419171741299      -0.76977253107147170        4.1267329660159002E-002
  -1.1962600750163270      -0.43919747805539355       0.36063431371597920     
  -1.5179718248223413      -0.47448564509315277      -0.87316047603618763     
  -1.1449376006080170       0.64527581142863932       -7.4048141789553143E-002
  -2.7375266805108009       -1.0377022484674250        1.1033019679972647     
  -2.9560617637041049      -0.98446940301410635      -0.78214724380088763     
  -5.2095850789958060       -3.6681306939045097E-003  0.39769605343079900     
  -3.2125417529871845       -3.6019427840488589       0.19417860616645607     
First
                         Total        4.067365470E-01
Step size:       0.20
Step size in Bohr:       0.38
Learning Rate:       1.00
# Steps:          1
                         Error  1        4.051206125E-01
                         Error        4.051206125E-01
