atom_charge_dict:  {0: [0, 1], 2: [2, 3], 3: [4, 5], 4: [6], 6: [7, 8, 9], 1: [10, 11, 12], 5: [13, 14, 15, 16], 7: [17, 18], 9: [19], 8: [20, 21], 10: [22, 23]}
2
2 [2, 3] [-0.0806519   0.01411796 -0.1502786 ]
2 [2, 3] [-0.14225186  0.0588282  -0.34202319]
0
0 [0, 1] [-0.17341812  0.18899706 -0.24480986]
0 [0, 1] [-0.03319848  0.11630426 -0.5224302 ]
1
1 [10, 11, 12] [-0.4922798  -0.29845221  0.05905932]
1 [10, 11, 12] [ 0.20244874 -0.04250137 -0.12986977]
1 [10, 11, 12] [ 0.31807508 -0.2969476  -0.36821451]
3
3 [4, 5] [-0.1453656  -0.00302425  0.07696523]
3 [4, 5] [-0.37622236 -0.09562319  0.15658455]
0
4
4 [6] [ 0.07162591 -0.26771779 -0.26682302]
6
6 [7, 8, 9] [-0.03213052  0.22216903  0.0300951 ]
6 [7, 8, 9] [-0.36813398  0.09572329 -0.02655618]
6 [7, 8, 9] [0.19530919 0.11701478 0.01964405]
1
5
5 [13, 14, 15, 16] [0.27882095 0.1922284  0.10445245]
5 [13, 14, 15, 16] [-0.02147633 -0.01423377 -0.21353658]
5 [13, 14, 15, 16] [-0.2484676  -0.01105198  0.02561223]
5 [13, 14, 15, 16] [-0.08367794 -0.02776051  0.2113409 ]
8
8 [20, 21] [-0.10653226 -0.27115313 -0.03554665]
8 [20, 21] [-0.09321866 -0.35112905 -0.11278775]
7
7 [17, 18] [-0.21196396 -0.2811895  -0.1240516 ]
7 [17, 18] [ 0.43556244  0.01652902 -0.32747264]
9
9 [19] [ 0.26561577  0.44726377 -0.01481257]
10
10 [22, 23] [ 0.16828076 -0.32226271  0.24866001]
10 [22, 23] [ 0.02007544 -0.0594782   0.03482287]
7
5
RMSD using the Kabsch algorithm: 0.9193832835854515
1 [ 1.60888706 -0.37160088 -0.161374  ]
2 [ 1.7491067  -0.44429368 -0.43899434]
3 [ 1.76474229 -0.93097047  0.95653901]
4 [ 1.70314233 -0.88626022  0.76479442]
5 [ 2.46968055  0.11653694 -0.01811094]
6 [2.23882379 0.02393801 0.06150837]
7 [ 1.90556606 -1.68096805 -0.86356057]
8 [0.30868328 1.61605036 0.00839408]
9 [-0.02732018  1.48960462 -0.0482572 ]
10 [ 0.53612299  1.5108961  -0.00205697]
11 [-0.00534805 -0.12599025 -0.01540276]
12 [ 0.68938048  0.12996059 -0.20433186]
13 [ 0.80500682 -0.12448564 -0.44267659]
14 [-0.29310562 -0.49478835 -0.08460556]
15 [-0.5934029  -0.70125051 -0.40259459]
16 [-0.82039416 -0.69806872 -0.16344578]
17 [-0.6556045  -0.71477725  0.02228289]
18 [-2.11355621 -0.43906258 -0.01246351]
19 [-1.46602982 -0.14134406 -0.21588455]
20 [-2.29421129 -0.57485695  0.05565952]
21 [-2.00835577  0.02115895  1.07079788]
22 [-1.99504216 -0.05881697  0.99355679]
23 [-2.02141027  0.26745902 -0.38046053]
24 [-2.16961559  0.53024353 -0.59429767]
