-xyz
refined.xyz
-dens
/home/unibas/boittier/RDKit_G2/B.pdb/SCAN_1_2_3_4_S_36_10.0/26_SCAN_1_2_3_4_F/B.d.cube
-esp
/home/unibas/boittier/RDKit_G2/B.pdb/SCAN_1_2_3_4_S_36_10.0/26_SCAN_1_2_3_4_F/B.p.cube
-stepsize
0.2
-n_steps
0
-learning_rate
0.5
   4.3687703373600435      -0.77675772961768041      -0.92892388486525312     
   2.8856757890886584        1.6532748160627000       0.66746210273386430     
   4.7830416856472251        3.7329724888192413      -0.46874210093091595     
   2.9749451897748846        2.3783340182903761      -0.20942114993318803     
   2.5759659981728333        1.9233672650194227      -0.75414005433585329     
   1.2583725255551004        2.3089461780114751        7.2035686500408411E-002
   1.2359200110511657        1.1207885961162323        1.0665995820796870     
   1.1060302553320984        1.7674462544456753       -4.6249660066838533E-002
  0.80425473100058753       0.82070274594778536       0.23622103960394816     
 -0.59760637761445889        3.7098281336306944       0.88701220851419149     
  0.78296628445896932       -3.6811594484521910       -1.0086224974775329E-002
  0.52911476264485602       -3.0988248250327870       0.25033135918423566     
  -1.2673723271140504E-002  -2.4972134631343645       0.31036661269771609     
  0.55368410246410904       -3.3672213990971693       -2.0221669894706692E-002
 -0.85103359325544448      -0.69870458307327987       0.39432615342979394     
 -0.36434358781108828       -1.3872783250575553       0.55075095569541777     
  -1.0270375535208351      -0.23270522878521771       0.65829944420809028     
  -1.0525624902651507      -0.78152475295556323        1.1865817956555311     
  -5.3711468591578502       0.23883856854548566      -0.92758157184164436     
  -2.2783904365085399      -0.60688986590961669        1.2025888295249143     
  -2.8679019878171093       0.31328217826453186       0.41736358286132769     
  -3.0391728753359151       0.11287722070009451      -0.13285081159344628     
  -2.9992382789409153      -0.26597825792292146       0.11393793161940531     
  -4.0809773641970448      -0.51853671387637690        2.8674919720583589     
  -4.0296742427400272      -0.77687975995233660        2.6675072165901912     
First
                         Total        3.947180216E+00
Step size:       0.20
Step size in Bohr:       0.38
Learning Rate:       1.00
# Steps:          0
                         Error        3.947180216E+00
