-xyz
refined.xyz
-dens
../../cube_files/acrolein/7_SCAN_1_2_6_8_F/O.d.cube
-esp
../../cube_files/acrolein/7_SCAN_1_2_6_8_F/O.p.cube
-stepsize
0.2
-n_steps
1
-learning_rate
0.5
   4.5045644765579897       0.49702773241117587        1.8730239408589498E-002
   4.1262121247796379       0.58972202096707249        3.3416484523701155E-002
   2.6654344522432423        3.7768274314145147      -0.17585080439122361     
   2.6658990981633219        3.5861505812265864      -0.19581120261798896     
   1.9949009635826545        1.5560045244504552        2.3813769827278605E-002
   1.5640381947213542        2.1989396460660018      -0.10207714061520150     
   2.7884729627309484        2.2242466065680824      -0.15272507841273228     
   2.5121019536666322       0.61661956667877715        2.8850494934676363E-003
  0.66839559279132921        1.4337032179701203      -0.22422171997005078     
   1.0679898025626471       0.20017852764262484        3.9565368885695592E-003
   1.1190112072579690       0.48575337411866287      -0.13685262824408470     
  0.72788434090419385       0.79234339836089551       -6.0182964556090797E-002
  -1.5380039961024652        2.0023783381448022       -1.4251171781944088     
   0.0000000000000000        0.0000000000000000        0.0000000000000000     
   1.1536060956235519       0.51289089522007336       0.56263126396717600     
   2.1268308622817944       -2.8941821328941861      -0.34807648049105883     
   1.8893578859512092       -2.9601280368901577       0.22271566067201401     
   1.8540950885498750       -2.9229520904158481       0.52731313576543837     
 -0.56768777999481157       -1.9085596151551487      -0.55347794345623302     
  -2.4455589558966642      -0.34423672581523374       0.31787635654276353     
  -3.3822863803301892       0.71900846020676368       0.29802473864832785     
  -3.6820410010583848       0.35206467795346469       0.31756500566246237     
  -3.7579322816254161      -0.31698542862412343       0.34207186261819600     
First
                         Total        2.341693561E+01
Step size:       0.20
Step size in Bohr:       0.38
Learning Rate:       1.00
# Steps:          1
                         Error  1        2.335919295E+01
                         Error        2.335919295E+01
