node26.cluster
-xyz
refined.xyz
-dens
../../cubes/5_SCAN_1_2_3_4_F/B.d.cube
-esp
../../cubes/5_SCAN_1_2_3_4_F/B.p.cube
-stepsize
0.2
-n_steps
1000
-learning_rate
0.5
   3.2352213316174674        1.0774945167257559       -2.8782522419162544     
   3.2346089989734850      -0.86900970426646695      -0.40389975914852899     
   6.3965969717629969      -0.27133401071223195        9.7498724801261469E-002
   4.0334134587724098      -0.14159368342993367        8.1319672292557571E-002
   3.5859787431750414       0.47530079845597428       0.31449008628400499     
   2.5708164445629440      -0.47710865032000654       0.90150998844555874     
   1.3850180595269226      -0.73650085054916958        1.4056669525895236     
   2.1346618772816237      -0.38354119394188180       0.46748514990912710     
   1.2017369640251518      -0.47591595653775343       0.52736303373637405     
   2.0415820755446203       -1.1812718765922869        3.5918009899929411     
  -1.8815890762592657       -2.2931826902155632      -0.35009460642086421     
  -1.7232534136962900       -1.9590962538977743      -0.22373821690380694     
  -1.4344595139485332       -1.2536465267529691      -0.16385962783627331     
  -1.8329103629951999       -2.0766727180226181      -0.36031225813084350     
 -0.61378866076230643       0.13778652289497451       -1.3161928261892662E-002
 -0.92801567655684791      -0.43682472110806347       -2.2219506597916473E-002
 -0.40367287173706906       0.45408538582144020       0.23197090060533729     
 -0.97178612539353737       0.41901033012296934       0.36788174170722343     
  -4.7142452544912583        2.1815090898691052      -0.57204233649506886     
  -1.3205292814276386        1.5454133469720828       0.34809528381581600     
  -1.8042808669257970        1.4650915365077053      -0.18240856489207341     
  -2.1971726616796579        1.1735047423898282       -6.2023737259820758E-002
  -2.0027621126851960        1.4661303745430094       0.20064459041763519     
  -1.4268501279598347        4.0718936233250833        7.8642588777466743E-002
  -1.4072991054165318        4.1265234374329793       0.24416469914295560     
First
                         Total        6.186418375E-01
Step size:       0.20
Step size in Bohr:       0.38
Learning Rate:       1.00
# Steps:       1000
                         Error  1        6.113625057E-01
                         Error  2        6.045748258E-01
                         Error  3        5.982477182E-01
                         Error  4        5.923515190E-01
                         Error  5        5.868579864E-01
                         Error  6        5.817402968E-01
                         Error  7        5.769730318E-01
                         Error  8        5.725321576E-01
                         Error  9        5.683949963E-01
                         Error 10        5.645401921E-01
                         Error 11        5.609476716E-01
                         Error 12        5.575986001E-01
                         Error 13        5.544753342E-01
                         Error 14        5.515613730E-01
                         Error 15        5.488413058E-01
                         Error 16        5.463007607E-01
                         Error 17        5.439263512E-01
                         Error 18        5.417056236E-01
                         Error 19        5.396270051E-01
                         Error 20        5.376797527E-01
                         Error 21        5.358539028E-01
                         Error 22        5.341402235E-01
                         Error 23        5.325301673E-01
                         Error 24        5.310158268E-01
                         Error 25        5.295898917E-01
                         Error 26        5.282456082E-01
                         Error 27        5.269767399E-01
                         Error 28        5.257775318E-01
                         Error 29        5.246426754E-01
                         Error 30        5.235672763E-01
                         Error 31        5.225468238E-01
                         Error 32        5.215771624E-01
                         Error 33        5.206544647E-01
                         Error 34        5.197752070E-01
                         Error 35        5.189361457E-01
                         Error 36        5.181342960E-01
                         Error 37        5.173669115E-01
                         Error 38        5.166314655E-01
                         Error 39        5.159256342E-01
                         Error 40        5.152472803E-01
                         Error 41        5.145944380E-01
                         Error 42        5.139653000E-01
                         Error 43        5.133582040E-01
                         Error 44        5.127716217E-01
                         Error 45        5.122041475E-01
                         Error 46        5.116544889E-01
                         Error 47        5.111214571E-01
                         Error 48        5.106039590E-01
                         Error 49        5.101009888E-01
                         Error 50        5.096116212E-01
                         Error 51        5.091350048E-01
                         Error 52        5.086703561E-01
                         Error 53        5.082169539E-01
                         Error 54        5.077741338E-01
                         Error 55        5.073412844E-01
                         Error 56        5.069178420E-01
                         Error 57        5.065032872E-01
                         Error 58        5.060971412E-01
                         Error 59        5.056989623E-01
                         Error 60        5.053083431E-01
                         Error 61        5.049249073E-01
                         Error 62        5.045483074E-01
                         Error 63        5.041782223E-01
                         Error 64        5.038143551E-01
                         Error 65        5.034564310E-01
                         Error 66        5.031041958E-01
                         Error 67        5.027574137E-01
                         Error 68        5.024158663E-01
                         Error 69        5.020793507E-01
                         Error 70        5.017476787E-01
                         Error 71        5.014206753E-01
                         Error 72        5.010981775E-01
                         Error 73        5.007800337E-01
                         Error 74        5.004661025E-01
                         Error 75        5.001562520E-01
                         Error 76        4.998503589E-01
                         Error 77        4.995483079E-01
                         Error 78        4.992499909E-01
                         Error 79        4.989553068E-01
                         Error 80        4.986641604E-01
                         Error 81        4.983764624E-01
                         Error 82        4.980921287E-01
                         Error 83        4.978110800E-01
                         Error 84        4.975332414E-01
                         Error 85        4.972585422E-01
                         Error 86        4.969869153E-01
                         Error 87        4.967182972E-01
                         Error 88        4.964526278E-01
                         Error 89        4.961898495E-01
                         Error 90        4.959299078E-01
                         Error 91        4.956727506E-01
                         Error 92        4.954183281E-01
                         Error 93        4.951665928E-01
                         Error 94        4.949174991E-01
                         Error 95        4.946710032E-01
                         Error 96        4.944270632E-01
                         Error 97        4.941856385E-01
                         Error 98        4.939466903E-01
                         Error 99        4.937101810E-01
                         Error100        4.934760744E-01
                         Error101        4.932443352E-01
                         Error102        4.930149297E-01
                         Error103        4.927878247E-01
                         Error104        4.925629885E-01
                         Error105        4.923403899E-01
                         Error106        4.921199987E-01
                         Error107        4.919017855E-01
                         Error108        4.916857217E-01
                         Error109        4.914717794E-01
                         Error110        4.912599312E-01
                         Error111        4.910501506E-01
                         Error112        4.908424115E-01
                         Error113        4.906366883E-01
                         Error114        4.904329562E-01
                         Error115        4.902311906E-01
                         Error116        4.900313677E-01
                         Error117        4.898334639E-01
                         Error118        4.896374560E-01
                         Error119        4.894433216E-01
                         Error120        4.892510382E-01
                         Error121        4.890605840E-01
                         Error122        4.888719375E-01
                         Error123        4.886850776E-01
                         Error124        4.884999833E-01
                         Error125        4.883166342E-01
                         Error126        4.881350101E-01
                         Error127        4.879550911E-01
                         Error128        4.877768577E-01
                         Error129        4.876002904E-01
                         Error130        4.874253703E-01
                         Error131        4.872520786E-01
                         Error132        4.870803968E-01
                         Error133        4.869103066E-01
                         Error134        4.867417901E-01
                         Error135        4.865748294E-01
                         Error136        4.864094070E-01
                         Error137        4.862455056E-01
                         Error138        4.860831082E-01
                         Error139        4.859221978E-01
                         Error140        4.857627578E-01
                         Error141        4.856047717E-01
                         Error142        4.854482233E-01
                         Error143        4.852930966E-01
                         Error144        4.851393757E-01
                         Error145        4.849870450E-01
                         Error146        4.848360890E-01
                         Error147        4.846864924E-01
                         Error148        4.845382402E-01
                         Error149        4.843913174E-01
                         Error150        4.842457093E-01
                         Error151        4.841014013E-01
                         Error152        4.839583791E-01
                         Error153        4.838166285E-01
                         Error154        4.836761353E-01
                         Error155        4.835368858E-01
                         Error156        4.833988662E-01
                         Error157        4.832620629E-01
                         Error158        4.831264625E-01
                         Error159        4.829920519E-01
                         Error160        4.828588178E-01
                         Error161        4.827267474E-01
                         Error162        4.825958279E-01
                         Error163        4.824660466E-01
                         Error164        4.823373910E-01
                         Error165        4.822098488E-01
                         Error166        4.820834077E-01
                         Error167        4.819580558E-01
                         Error168        4.818337811E-01
                         Error169        4.817105717E-01
                         Error170        4.815884161E-01
                         Error171        4.814673026E-01
                         Error172        4.813472200E-01
                         Error173        4.812281569E-01
                         Error174        4.811101023E-01
                         Error175        4.809930450E-01
                         Error176        4.808769743E-01
                         Error177        4.807618794E-01
                         Error178        4.806477497E-01
                         Error179        4.805345746E-01
                         Error180        4.804223439E-01
                         Error181        4.803110471E-01
                         Error182        4.802006742E-01
                         Error183        4.800912151E-01
                         Error184        4.799826599E-01
                         Error185        4.798749988E-01
                         Error186        4.797682222E-01
                         Error187        4.796623204E-01
                         Error188        4.795572839E-01
                         Error189        4.794531035E-01
                         Error190        4.793497698E-01
                         Error191        4.792472737E-01
                         Error192        4.791456062E-01
                         Error193        4.790447583E-01
                         Error194        4.789447212E-01
                         Error195        4.788454862E-01
                         Error196        4.787470446E-01
                         Error197        4.786493878E-01
                         Error198        4.785525075E-01
                         Error199        4.784563953E-01
                         Error200        4.783610430E-01
                         Error201        4.782664423E-01
                         Error202        4.781725853E-01
                         Error203        4.780794640E-01
                         Error204        4.779870705E-01
                         Error205        4.778953971E-01
                         Error206        4.778044359E-01
                         Error207        4.777141795E-01
                         Error208        4.776246204E-01
                         Error209        4.775357509E-01
                         Error210        4.774475640E-01
                         Error211        4.773600522E-01
                         Error212        4.772732084E-01
                         Error213        4.771870255E-01
                         Error214        4.771014965E-01
                         Error215        4.770166144E-01
                         Error216        4.769323724E-01
                         Error217        4.768487638E-01
                         Error218        4.767657818E-01
                         Error219        4.766834197E-01
                         Error220        4.766016712E-01
                         Error221        4.765205296E-01
                         Error222        4.764399886E-01
                         Error223        4.763600419E-01
                         Error224        4.762806832E-01
                         Error225        4.762019064E-01
                         Error226        4.761237053E-01
                         Error227        4.760460739E-01
                         Error228        4.759690062E-01
                         Error229        4.758924964E-01
                         Error230        4.758165385E-01
                         Error231        4.757411269E-01
                         Error232        4.756662559E-01
                         Error233        4.755919198E-01
                         Error234        4.755181130E-01
                         Error235        4.754448300E-01
                         Error236        4.753720655E-01
                         Error237        4.752998140E-01
                         Error238        4.752280701E-01
                         Error239        4.751568287E-01
                         Error240        4.750860846E-01
                         Error241        4.750158326E-01
                         Error242        4.749460676E-01
                         Error243        4.748767847E-01
                         Error244        4.748079788E-01
                         Error245        4.747396450E-01
                         Error246        4.746717786E-01
                         Error247        4.746043747E-01
                         Error248        4.745374285E-01
                         Error249        4.744709355E-01
                         Error250        4.744048909E-01
                         Error251        4.743392901E-01
                         Error252        4.742741288E-01
                         Error253        4.742094023E-01
                         Error254        4.741451063E-01
                         Error255        4.740812363E-01
                         Error256        4.740177882E-01
                         Error257        4.739547575E-01
                         Error258        4.738921401E-01
                         Error259        4.738299318E-01
                         Error260        4.737681285E-01
                         Error261        4.737067260E-01
                         Error262        4.736457205E-01
                         Error263        4.735851077E-01
                         Error264        4.735248839E-01
                         Error265        4.734650452E-01
                         Error266        4.734055876E-01
                         Error267        4.733465073E-01
                         Error268        4.732878007E-01
                         Error269        4.732294639E-01
                         Error270        4.731714934E-01
                         Error271        4.731138854E-01
                         Error272        4.730566363E-01
                         Error273        4.729997426E-01
                         Error274        4.729432008E-01
                         Error275        4.728870075E-01
                         Error276        4.728311590E-01
                         Error277        4.727756522E-01
                         Error278        4.727204836E-01
                         Error279        4.726656498E-01
                         Error280        4.726111477E-01
                         Error281        4.725569739E-01
                         Error282        4.725031253E-01
                         Error283        4.724495986E-01
                         Error284        4.723963908E-01
                         Error285        4.723434987E-01
                         Error286        4.722909193E-01
                         Error287        4.722386495E-01
                         Error288        4.721866863E-01
                         Error289        4.721350268E-01
                         Error290        4.720836681E-01
                         Error291        4.720326072E-01
                         Error292        4.719818412E-01
                         Error293        4.719313675E-01
                         Error294        4.718811830E-01
                         Error295        4.718312851E-01
                         Error296        4.717816711E-01
                         Error297        4.717323381E-01
                         Error298        4.716832836E-01
                         Error299        4.716345049E-01
                         Error300        4.715859994E-01
                         Error301        4.715377645E-01
                         Error302        4.714897976E-01
                         Error303        4.714420962E-01
                         Error304        4.713946578E-01
                         Error305        4.713474800E-01
                         Error306        4.713005602E-01
                         Error307        4.712538960E-01
                         Error308        4.712074851E-01
                         Error309        4.711613252E-01
                         Error310        4.711154137E-01
                         Error311        4.710697485E-01
                         Error312        4.710243273E-01
                         Error313        4.709791478E-01
                         Error314        4.709342077E-01
                         Error315        4.708895048E-01
                         Error316        4.708450370E-01
                         Error317        4.708008022E-01
                         Error318        4.707567980E-01
                         Error319        4.707130225E-01
                         Error320        4.706694735E-01
                         Error321        4.706261490E-01
                         Error322        4.705830470E-01
                         Error323        4.705401653E-01
                         Error324        4.704975021E-01
                         Error325        4.704550552E-01
                         Error326        4.704128228E-01
                         Error327        4.703708030E-01
                         Error328        4.703289938E-01
                         Error329        4.702873933E-01
                         Error330        4.702459996E-01
                         Error331        4.702048109E-01
                         Error332        4.701638254E-01
                         Error333        4.701230413E-01
                         Error334        4.700824567E-01
                         Error335        4.700420699E-01
                         Error336        4.700018791E-01
                         Error337        4.699618826E-01
                         Error338        4.699220787E-01
                         Error339        4.698824657E-01
                         Error340        4.698430419E-01
                         Error341        4.698038057E-01
                         Error342        4.697647553E-01
                         Error343        4.697258893E-01
                         Error344        4.696872059E-01
                         Error345        4.696487037E-01
                         Error346        4.696103809E-01
                         Error347        4.695722361E-01
                         Error348        4.695342678E-01
                         Error349        4.694964743E-01
                         Error350        4.694588543E-01
                         Error351        4.694214062E-01
                         Error352        4.693841285E-01
                         Error353        4.693470198E-01
                         Error354        4.693100787E-01
                         Error355        4.692733036E-01
                         Error356        4.692366933E-01
                         Error357        4.692002463E-01
                         Error358        4.691639613E-01
                         Error359        4.691278368E-01
                         Error360        4.690918716E-01
                         Error361        4.690560642E-01
                         Error362        4.690204134E-01
                         Error363        4.689849179E-01
                         Error364        4.689495763E-01
                         Error365        4.689143874E-01
                         Error366        4.688793500E-01
                         Error367        4.688444627E-01
                         Error368        4.688097243E-01
                         Error369        4.687751336E-01
                         Error370        4.687406895E-01
                         Error371        4.687063906E-01
                         Error372        4.686722358E-01
                         Error373        4.686382240E-01
                         Error374        4.686043539E-01
                         Error375        4.685706244E-01
                         Error376        4.685370345E-01
                         Error377        4.685035828E-01
                         Error378        4.684702684E-01
                         Error379        4.684370902E-01
                         Error380        4.684040469E-01
                         Error381        4.683711377E-01
                         Error382        4.683383613E-01
                         Error383        4.683057168E-01
                         Error384        4.682732031E-01
                         Error385        4.682408191E-01
                         Error386        4.682085639E-01
                         Error387        4.681764363E-01
                         Error388        4.681444355E-01
                         Error389        4.681125605E-01
                         Error390        4.680808101E-01
                         Error391        4.680491835E-01
                         Error392        4.680176798E-01
                         Error393        4.679862979E-01
                         Error394        4.679550369E-01
                         Error395        4.679238958E-01
                         Error396        4.678928739E-01
                         Error397        4.678619700E-01
                         Error398        4.678311834E-01
                         Error399        4.678005132E-01
                         Error400        4.677699584E-01
                         Error401        4.677395182E-01
                         Error402        4.677091917E-01
                         Error403        4.676789781E-01
                         Error404        4.676488764E-01
                         Error405        4.676188859E-01
                         Error406        4.675890058E-01
                         Error407        4.675592352E-01
                         Error408        4.675295732E-01
                         Error409        4.675000191E-01
                         Error410        4.674705721E-01
                         Error411        4.674412314E-01
                         Error412        4.674119962E-01
                         Error413        4.673828657E-01
                         Error414        4.673538392E-01
                         Error415        4.673249159E-01
                         Error416        4.672960951E-01
                         Error417        4.672673759E-01
                         Error418        4.672387577E-01
                         Error419        4.672102398E-01
                         Error420        4.671818213E-01
                         Error421        4.671535017E-01
                         Error422        4.671252801E-01
                         Error423        4.670971560E-01
                         Error424        4.670691285E-01
                         Error425        4.670411970E-01
                         Error426        4.670133609E-01
                         Error427        4.669856194E-01
                         Error428        4.669579719E-01
                         Error429        4.669304177E-01
                         Error430        4.669029561E-01
                         Error431        4.668755866E-01
                         Error432        4.668483085E-01
                         Error433        4.668211211E-01
                         Error434        4.667940238E-01
                         Error435        4.667670161E-01
                         Error436        4.667400972E-01
                         Error437        4.667132665E-01
                         Error438        4.666865235E-01
                         Error439        4.666598676E-01
                         Error440        4.666332981E-01
                         Error441        4.666068145E-01
                         Error442        4.665804162E-01
                         Error443        4.665541026E-01
                         Error444        4.665278732E-01
                         Error445        4.665017273E-01
                         Error446        4.664756645E-01
                         Error447        4.664496841E-01
                         Error448        4.664237857E-01
                         Error449        4.663979686E-01
                         Error450        4.663722324E-01
                         Error451        4.663465765E-01
                         Error452        4.663210003E-01
                         Error453        4.662955034E-01
                         Error454        4.662700852E-01
                         Error455        4.662447453E-01
                         Error456        4.662194830E-01
                         Error457        4.661942980E-01
                         Error458        4.661691896E-01
                         Error459        4.661441575E-01
                         Error460        4.661192011E-01
                         Error461        4.660943199E-01
                         Error462        4.660695135E-01
                         Error463        4.660447814E-01
                         Error464        4.660201231E-01
                         Error465        4.659955381E-01
                         Error466        4.659710260E-01
                         Error467        4.659465863E-01
                         Error468        4.659222185E-01
                         Error469        4.658979223E-01
                         Error470        4.658736972E-01
                         Error471        4.658495426E-01
                         Error472        4.658254583E-01
                         Error473        4.658014437E-01
                         Error474        4.657774984E-01
                         Error475        4.657536220E-01
                         Error476        4.657298141E-01
                         Error477        4.657060743E-01
                         Error478        4.656824021E-01
                         Error479        4.656587971E-01
                         Error480        4.656352589E-01
                         Error481        4.656117872E-01
                         Error482        4.655883815E-01
                         Error483        4.655650414E-01
                         Error484        4.655417665E-01
                         Error485        4.655185565E-01
                         Error486        4.654954109E-01
                         Error487        4.654723294E-01
                         Error488        4.654493116E-01
                         Error489        4.654263571E-01
                         Error490        4.654034655E-01
                         Error491        4.653806365E-01
                         Error492        4.653578697E-01
                         Error493        4.653351648E-01
                         Error494        4.653125214E-01
                         Error495        4.652899391E-01
                         Error496        4.652674176E-01
                         Error497        4.652449565E-01
                         Error498        4.652225555E-01
                         Error499        4.652002142E-01
                         Error500        4.651779324E-01
                         Error501        4.651557096E-01
                         Error502        4.651335455E-01
                         Error503        4.651114398E-01
                         Error504        4.650893922E-01
                         Error505        4.650674023E-01
                         Error506        4.650454698E-01
                         Error507        4.650235944E-01
                         Error508        4.650017759E-01
                         Error509        4.649800137E-01
                         Error510        4.649583077E-01
                         Error511        4.649366576E-01
                         Error512        4.649150630E-01
                         Error513        4.648935236E-01
                         Error514        4.648720391E-01
                         Error515        4.648506093E-01
                         Error516        4.648292338E-01
                         Error517        4.648079123E-01
                         Error518        4.647866446E-01
                         Error519        4.647654303E-01
                         Error520        4.647442692E-01
                         Error521        4.647231610E-01
                         Error522        4.647021053E-01
                         Error523        4.646811020E-01
                         Error524        4.646601507E-01
                         Error525        4.646392512E-01
                         Error526        4.646184032E-01
                         Error527        4.645976064E-01
                         Error528        4.645768606E-01
                         Error529        4.645561654E-01
                         Error530        4.645355207E-01
                         Error531        4.645149261E-01
                         Error532        4.644943814E-01
                         Error533        4.644738864E-01
                         Error534        4.644534407E-01
                         Error535        4.644330442E-01
                         Error536        4.644126965E-01
                         Error537        4.643923975E-01
                         Error538        4.643721469E-01
                         Error539        4.643519444E-01
                         Error540        4.643317898E-01
                         Error541        4.643116829E-01
                         Error542        4.642916233E-01
                         Error543        4.642716109E-01
                         Error544        4.642516455E-01
                         Error545        4.642317268E-01
                         Error546        4.642118545E-01
                         Error547        4.641920285E-01
                         Error548        4.641722485E-01
                         Error549        4.641525143E-01
                         Error550        4.641328256E-01
                         Error551        4.641131823E-01
                         Error552        4.640935841E-01
                         Error553        4.640740307E-01
                         Error554        4.640545221E-01
                         Error555        4.640350579E-01
                         Error556        4.640156380E-01
                         Error557        4.639962620E-01
                         Error558        4.639769300E-01
                         Error559        4.639576415E-01
                         Error560        4.639383964E-01
                         Error561        4.639191945E-01
                         Error562        4.639000356E-01
                         Error563        4.638809195E-01
                         Error564        4.638618459E-01
                         Error565        4.638428148E-01
                         Error566        4.638238258E-01
                         Error567        4.638048788E-01
                         Error568        4.637859736E-01
                         Error569        4.637671100E-01
                         Error570        4.637482878E-01
                         Error571        4.637295068E-01
                         Error572        4.637107668E-01
                         Error573        4.636920676E-01
                         Error574        4.636734091E-01
                         Error575        4.636547911E-01
                         Error576        4.636362133E-01
                         Error577        4.636176756E-01
                         Error578        4.635991778E-01
                         Error579        4.635807197E-01
                         Error580        4.635623012E-01
                         Error581        4.635439220E-01
                         Error582        4.635255820E-01
                         Error583        4.635072811E-01
                         Error584        4.634890189E-01
                         Error585        4.634707955E-01
                         Error586        4.634526105E-01
                         Error587        4.634344639E-01
                         Error588        4.634163554E-01
                         Error589        4.633982849E-01
                         Error590        4.633802522E-01
                         Error591        4.633622571E-01
                         Error592        4.633442996E-01
                         Error593        4.633263794E-01
                         Error594        4.633084963E-01
                         Error595        4.632906502E-01
                         Error596        4.632728410E-01
                         Error597        4.632550684E-01
                         Error598        4.632373324E-01
                         Error599        4.632196328E-01
                         Error600        4.632019693E-01
                         Error601        4.631843419E-01
                         Error602        4.631667504E-01
                         Error603        4.631491947E-01
                         Error604        4.631316745E-01
                         Error605        4.631141898E-01
                         Error606        4.630967404E-01
                         Error607        4.630793261E-01
                         Error608        4.630619469E-01
                         Error609        4.630446025E-01
                         Error610        4.630272928E-01
                         Error611        4.630100176E-01
                         Error612        4.629927769E-01
                         Error613        4.629755705E-01
                         Error614        4.629583982E-01
                         Error615        4.629412599E-01
                         Error616        4.629241554E-01
                         Error617        4.629070847E-01
                         Error618        4.628900475E-01
                         Error619        4.628730438E-01
                         Error620        4.628560734E-01
                         Error621        4.628391362E-01
                         Error622        4.628222320E-01
                         Error623        4.628053607E-01
                         Error624        4.627885221E-01
                         Error625        4.627717163E-01
                         Error626        4.627549429E-01
                         Error627        4.627382018E-01
                         Error628        4.627214931E-01
                         Error629        4.627048164E-01
                         Error630        4.626881718E-01
                         Error631        4.626715590E-01
                         Error632        4.626549779E-01
                         Error633        4.626384285E-01
                         Error634        4.626219105E-01
                         Error635        4.626054239E-01
                         Error636        4.625889686E-01
                         Error637        4.625725444E-01
                         Error638        4.625561511E-01
                         Error639        4.625397888E-01
                         Error640        4.625234572E-01
                         Error641        4.625071562E-01
                         Error642        4.624908858E-01
                         Error643        4.624746458E-01
                         Error644        4.624584360E-01
                         Error645        4.624422565E-01
                         Error646        4.624261069E-01
                         Error647        4.624099874E-01
                         Error648        4.623938976E-01
                         Error649        4.623778375E-01
                         Error650        4.623618071E-01
                         Error651        4.623458061E-01
                         Error652        4.623298346E-01
                         Error653        4.623138922E-01
                         Error654        4.622979791E-01
                         Error655        4.622820950E-01
                         Error656        4.622662398E-01
                         Error657        4.622504134E-01
                         Error658        4.622346158E-01
                         Error659        4.622188468E-01
                         Error660        4.622031063E-01
                         Error661        4.621873942E-01
                         Error662        4.621717104E-01
                         Error663        4.621560548E-01
                         Error664        4.621404272E-01
                         Error665        4.621248277E-01
                         Error666        4.621092561E-01
                         Error667        4.620937122E-01
                         Error668        4.620781960E-01
                         Error669        4.620627074E-01
                         Error670        4.620472463E-01
                         Error671        4.620318125E-01
                         Error672        4.620164061E-01
                         Error673        4.620010268E-01
                         Error674        4.619856746E-01
                         Error675        4.619703494E-01
                         Error676        4.619550511E-01
                         Error677        4.619397796E-01
                         Error678        4.619245347E-01
                         Error679        4.619093165E-01
                         Error680        4.618941248E-01
                         Error681        4.618789595E-01
                         Error682        4.618638206E-01
                         Error683        4.618487078E-01
                         Error684        4.618336212E-01
                         Error685        4.618185607E-01
                         Error686        4.618035261E-01
                         Error687        4.617885173E-01
                         Error688        4.617735343E-01
                         Error689        4.617585771E-01
                         Error690        4.617436454E-01
                         Error691        4.617287392E-01
                         Error692        4.617138584E-01
                         Error693        4.616990029E-01
                         Error694        4.616841727E-01
                         Error695        4.616693676E-01
                         Error696        4.616545876E-01
                         Error697        4.616398326E-01
                         Error698        4.616251025E-01
                         Error699        4.616103972E-01
                         Error700        4.615957166E-01
                         Error701        4.615810606E-01
                         Error702        4.615664292E-01
                         Error703        4.615518222E-01
                         Error704        4.615372397E-01
                         Error705        4.615226814E-01
                         Error706        4.615081474E-01
                         Error707        4.614936375E-01
                         Error708        4.614791517E-01
                         Error709        4.614646899E-01
                         Error710        4.614502519E-01
                         Error711        4.614358378E-01
                         Error712        4.614214474E-01
                         Error713        4.614070807E-01
                         Error714        4.613927375E-01
                         Error715        4.613784179E-01
                         Error716        4.613641216E-01
                         Error717        4.613498488E-01
                         Error718        4.613355991E-01
                         Error719        4.613213727E-01
                         Error720        4.613071694E-01
                         Error721        4.612929892E-01
                         Error722        4.612788319E-01
                         Error723        4.612646974E-01
                         Error724        4.612505858E-01
                         Error725        4.612364970E-01
                         Error726        4.612224308E-01
                         Error727        4.612083872E-01
                         Error728        4.611943661E-01
                         Error729        4.611803675E-01
                         Error730        4.611663912E-01
                         Error731        4.611524372E-01
                         Error732        4.611385055E-01
                         Error733        4.611245959E-01
                         Error734        4.611107084E-01
                         Error735        4.610968429E-01
                         Error736        4.610829993E-01
                         Error737        4.610691776E-01
                         Error738        4.610553777E-01
                         Error739        4.610415996E-01
                         Error740        4.610278431E-01
                         Error741        4.610141082E-01
                         Error742        4.610003949E-01
                         Error743        4.609867029E-01
                         Error744        4.609730324E-01
                         Error745        4.609593832E-01
                         Error746        4.609457553E-01
                         Error747        4.609321485E-01
                         Error748        4.609185629E-01
                         Error749        4.609049983E-01
                         Error750        4.608914547E-01
                         Error751        4.608779320E-01
                         Error752        4.608644302E-01
                         Error753        4.608509492E-01
                         Error754        4.608374889E-01
                         Error755        4.608240493E-01
                         Error756        4.608106302E-01
                         Error757        4.607972317E-01
                         Error758        4.607838537E-01
                         Error759        4.607704961E-01
                         Error760        4.607571588E-01
                         Error761        4.607438418E-01
                         Error762        4.607305450E-01
                         Error763        4.607172684E-01
                         Error764        4.607040118E-01
                         Error765        4.606907753E-01
                         Error766        4.606775588E-01
                         Error767        4.606643622E-01
                         Error768        4.606511854E-01
                         Error769        4.606380284E-01
                         Error770        4.606248912E-01
                         Error771        4.606117736E-01
                         Error772        4.605986756E-01
                         Error773        4.605855972E-01
                         Error774        4.605725382E-01
                         Error775        4.605594987E-01
                         Error776        4.605464786E-01
                         Error777        4.605334778E-01
                         Error778        4.605204962E-01
                         Error779        4.605075339E-01
                         Error780        4.604945906E-01
                         Error781        4.604816665E-01
                         Error782        4.604687614E-01
                         Error783        4.604558752E-01
                         Error784        4.604430080E-01
                         Error785        4.604301596E-01
                         Error786        4.604173300E-01
                         Error787        4.604045192E-01
                         Error788        4.603917271E-01
                         Error789        4.603789535E-01
                         Error790        4.603661986E-01
                         Error791        4.603534622E-01
                         Error792        4.603407442E-01
                         Error793        4.603280447E-01
                         Error794        4.603153635E-01
                         Error795        4.603027007E-01
                         Error796        4.602900561E-01
                         Error797        4.602774296E-01
                         Error798        4.602648214E-01
                         Error799        4.602522312E-01
                         Error800        4.602396590E-01
                         Error801        4.602271049E-01
                         Error802        4.602145686E-01
                         Error803        4.602020503E-01
                         Error804        4.601895498E-01
                         Error805        4.601770670E-01
                         Error806        4.601646020E-01
                         Error807        4.601521547E-01
                         Error808        4.601397250E-01
                         Error809        4.601273128E-01
                         Error810        4.601149182E-01
                         Error811        4.601025411E-01
                         Error812        4.600901813E-01
                         Error813        4.600778390E-01
                         Error814        4.600655139E-01
                         Error815        4.600532062E-01
                         Error816        4.600409156E-01
                         Error817        4.600286422E-01
                         Error818        4.600163860E-01
                         Error819        4.600041468E-01
                         Error820        4.599919246E-01
                         Error821        4.599797195E-01
                         Error822        4.599675312E-01
                         Error823        4.599553599E-01
                         Error824        4.599432053E-01
                         Error825        4.599310676E-01
                         Error826        4.599189466E-01
                         Error827        4.599068422E-01
                         Error828        4.598947546E-01
                         Error829        4.598826835E-01
                         Error830        4.598706289E-01
                         Error831        4.598585909E-01
                         Error832        4.598465693E-01
                         Error833        4.598345642E-01
                         Error834        4.598225754E-01
                         Error835        4.598106029E-01
                         Error836        4.597986467E-01
                         Error837        4.597867067E-01
                         Error838        4.597747829E-01
                         Error839        4.597628752E-01
                         Error840        4.597509836E-01
                         Error841        4.597391081E-01
                         Error842        4.597272486E-01
                         Error843        4.597154050E-01
                         Error844        4.597035774E-01
                         Error845        4.596917656E-01
                         Error846        4.596799696E-01
                         Error847        4.596681894E-01
                         Error848        4.596564250E-01
                         Error849        4.596446762E-01
                         Error850        4.596329431E-01
                         Error851        4.596212256E-01
                         Error852        4.596095237E-01
                         Error853        4.595978373E-01
                         Error854        4.595861664E-01
                         Error855        4.595745109E-01
                         Error856        4.595628708E-01
                         Error857        4.595512461E-01
                         Error858        4.595396367E-01
                         Error859        4.595280425E-01
                         Error860        4.595164636E-01
                         Error861        4.595048998E-01
                         Error862        4.594933512E-01
                         Error863        4.594818177E-01
                         Error864        4.594702993E-01
                         Error865        4.594587959E-01
                         Error866        4.594473075E-01
                         Error867        4.594358340E-01
                         Error868        4.594243754E-01
                         Error869        4.594129317E-01
                         Error870        4.594015028E-01
                         Error871        4.593900886E-01
                         Error872        4.593786892E-01
                         Error873        4.593673046E-01
                         Error874        4.593559345E-01
                         Error875        4.593445791E-01
                         Error876        4.593332383E-01
                         Error877        4.593219120E-01
                         Error878        4.593106002E-01
                         Error879        4.592993029E-01
                         Error880        4.592880200E-01
                         Error881        4.592767515E-01
                         Error882        4.592654974E-01
                         Error883        4.592542576E-01
                         Error884        4.592430320E-01
                         Error885        4.592318207E-01
                         Error886        4.592206235E-01
                         Error887        4.592094406E-01
                         Error888        4.591982717E-01
                         Error889        4.591871170E-01
                         Error890        4.591759763E-01
                         Error891        4.591648496E-01
                         Error892        4.591537368E-01
                         Error893        4.591426380E-01
                         Error894        4.591315531E-01
                         Error895        4.591204821E-01
                         Error896        4.591094249E-01
                         Error897        4.590983815E-01
                         Error898        4.590873518E-01
                         Error899        4.590763359E-01
                         Error900        4.590653337E-01
                         Error901        4.590543450E-01
                         Error902        4.590433700E-01
                         Error903        4.590324086E-01
                         Error904        4.590214607E-01
                         Error905        4.590105264E-01
                         Error906        4.589996055E-01
                         Error907        4.589886980E-01
                         Error908        4.589778039E-01
                         Error909        4.589669232E-01
                         Error910        4.589560558E-01
                         Error911        4.589452017E-01
                         Error912        4.589343609E-01
                         Error913        4.589235333E-01
                         Error914        4.589127189E-01
                         Error915        4.589019176E-01
                         Error916        4.588911295E-01
                         Error917        4.588803545E-01
                         Error918        4.588695925E-01
                         Error919        4.588588435E-01
                         Error920        4.588481076E-01
                         Error921        4.588373846E-01
                         Error922        4.588266745E-01
                         Error923        4.588159773E-01
                         Error924        4.588052929E-01
                         Error925        4.587946214E-01
                         Error926        4.587839627E-01
                         Error927        4.587733167E-01
                         Error928        4.587626835E-01
                         Error929        4.587520629E-01
                         Error930        4.587414550E-01
                         Error931        4.587308598E-01
                         Error932        4.587202771E-01
                         Error933        4.587097070E-01
                         Error934        4.586991494E-01
                         Error935        4.586886043E-01
                         Error936        4.586780717E-01
                         Error937        4.586675516E-01
                         Error938        4.586570438E-01
                         Error939        4.586465484E-01
                         Error940        4.586360654E-01
                         Error941        4.586255946E-01
                         Error942        4.586151362E-01
                         Error943        4.586046900E-01
                         Error944        4.585942560E-01
                         Error945        4.585838342E-01
                         Error946        4.585734245E-01
                         Error947        4.585630270E-01
                         Error948        4.585526416E-01
                         Error949        4.585422683E-01
                         Error950        4.585319069E-01
                         Error951        4.585215576E-01
                         Error952        4.585112203E-01
                         Error953        4.585008949E-01
                         Error954        4.584905814E-01
                         Error955        4.584802798E-01
                         Error956        4.584699901E-01
                         Error957        4.584597122E-01
                         Error958        4.584494460E-01
                         Error959        4.584391917E-01
                         Error960        4.584289491E-01
                         Error961        4.584187182E-01
                         Error962        4.584084990E-01
                         Error963        4.583982914E-01
                         Error964        4.583880955E-01
                         Error965        4.583779111E-01
                         Error966        4.583677383E-01
                         Error967        4.583575771E-01
                         Error968        4.583474273E-01
                         Error969        4.583372890E-01
                         Error970        4.583271622E-01
                         Error971        4.583170468E-01
                         Error972        4.583069428E-01
                         Error973        4.582968502E-01
                         Error974        4.582867689E-01
                         Error975        4.582766989E-01
                         Error976        4.582666402E-01
                         Error977        4.582565928E-01
                         Error978        4.582465565E-01
                         Error979        4.582365315E-01
                         Error980        4.582265177E-01
                         Error981        4.582165150E-01
                         Error982        4.582065234E-01
                         Error983        4.581965429E-01
                         Error984        4.581865734E-01
                         Error985        4.581766151E-01
                         Error986        4.581666677E-01
                         Error987        4.581567313E-01
                         Error988        4.581468058E-01
                         Error989        4.581368913E-01
                         Error990        4.581269877E-01
                         Error991        4.581170950E-01
                         Error992        4.581072131E-01
                         Error993        4.580973420E-01
                         Error994        4.580874817E-01
                         Error995        4.580776323E-01
                         Error996        4.580677935E-01
                         Error997        4.580579655E-01
                         Error998        4.580481481E-01
                         Error999        4.580383415E-01
                         Error***        4.580285455E-01
                         Error        4.580285455E-01

real	139m17.542s
user	139m16.225s
sys	0m0.028s
