-xyz
refined.xyz
-dens
/home/unibas/boittier/RDKit_G2/B.pdb/SCAN_1_2_3_4_S_36_-10.0/31_SCAN_1_2_3_4_F/B.d.cube
-esp
/home/unibas/boittier/RDKit_G2/B.pdb/SCAN_1_2_3_4_S_36_-10.0/31_SCAN_1_2_3_4_F/B.p.cube
-stepsize
0.2
-n_steps
5
-learning_rate
0.5
  -3.3478119029313058        2.0478665049701870       -1.8854780101121102     
  -3.5080288359396730       -2.5122406776993830E-002  0.55148227086281465     
  -6.2541211093242817      -0.98343321105153580      -0.20237708813035701     
  -3.9778104828497005      -0.88414266109079520       -5.9277306770880604E-002
  -3.3939333815664217      -0.89913458791983292      -0.64278745597140252     
  -2.6264359412570948       -1.4416974333659185       0.52275099786096679     
  -1.4826136900789590      -0.78124991116807341        1.5349060584812977     
  -2.1785136112076042       -1.1084163108924736       0.37618525830217209     
  -1.3081273594363267      -0.57321629267244956       0.59003397066170371     
  -1.8355077663762394       -3.4078009651972363        2.0786623849625339     
   1.3345920918520422        3.0376712792326290       0.21912336975611182     
   1.2723998077717824        2.3822061627186315       0.36139300878614511     
   1.3129719509145372        1.5799041168632399       0.21184740918089903     
   1.3184106830817632        2.6719438564473199       0.11961057607543231     
  0.85091791578390841      -0.39552670010130331       -6.5208150646297747E-003
  0.98152112479075659       0.39436264687411354       0.31530590623547045     
  0.76091557410345345      -0.90500314237017654       0.17746561739230934     
   1.3141294810282309      -0.63478972899984287       0.62114346307648161     
   5.2426011203482954      -0.50062167018678194      -0.82619436310268235     
   2.0382603788626019       -1.4675303920438154       -2.5092670101591885E-002
   2.4424374893015828      -0.98822182649761414      -0.65092335986401417     
   2.8312380722697075      -0.64553321890930493      -0.32033385689028143     
   2.7732082773714399       -1.0267476451603466       -7.8000975207943565E-002
   2.8110416323153986       -3.7585278242097799       -1.2312900414167074     
   2.8939616176876513       -3.6793408346402932      -0.91597997240387852     
First
                         Total        6.474854299E-01
Step size:       0.20
Step size in Bohr:       0.38
Learning Rate:       1.00
# Steps:          5
                         Error  1        6.430918611E-01
                         Error  2        6.389376359E-01
                         Error  3        6.350073755E-01
                         Error  4        6.312865890E-01
                         Error  5        6.277616383E-01
                         Error        6.277616383E-01
