-xyz
refined.xyz
-dens
/home/unibas/boittier/RDKit_G2/B.pdb/SCAN_1_2_3_4_S_36_10.0/25_SCAN_1_2_3_4_F/B.d.cube
-esp
/home/unibas/boittier/RDKit_G2/B.pdb/SCAN_1_2_3_4_S_36_10.0/25_SCAN_1_2_3_4_F/B.p.cube
-stepsize
0.2
-n_steps
500
-learning_rate
0.5
  -3.2382818050586497        1.4952021282124148       -2.5650963664592510     
  -3.5521777621257371       0.58360301809401016       0.36349208842625780     
  -6.4034888073439511      -0.35387519359344050        6.8927706483909487E-002
  -4.0291502291834416      -0.27029601632981448       0.17094722159942369     
  -3.4795727449280203      -0.73262218899693921      -0.37525513661600418     
  -2.5538968286242660      -0.72143999437975437        1.2264480065243057     
  -1.7850602542672538      -0.70586545671883805       -4.6711262738098364E-002
  -2.0076670780801038      -0.55012794070951221        1.1476020018737776     
  -1.1672255925027153      -0.65296578245140091       0.67375269321387121     
  -2.0337858333334449       -2.0490166079988268        3.2782304123850348     
   2.3442603241279767       -2.1673747930295879      -0.39496313497998242     
   2.0100410630897416       -1.7854069593017647      -0.37314998148521100     
   1.7064484350119842       -1.0323348711846900      -0.16593741551344404     
   2.2058061665563020       -1.9354041054927518      -0.28685897663034560     
  0.67013901660503938       0.24895256792970102       0.35052227565016220     
  0.99438682433084691      -0.29799059914412263        2.0817338333074253E-002
  0.34067126609520854       0.59138225733358196       0.34338851605432646     
  0.77021560759902929       0.62280486006807823      -0.17096820832002155     
   4.5212413923398280        2.4971502408318558      -0.48817201461900039     
   1.1534299983776755        1.6977743141902990       0.16015649153073777     
   1.8657078019876636        1.5274700117560087       0.40458090176757211     
   2.1181198069367642        1.3529334649614992       -4.4657045600540466E-003
   1.8480816601718948        1.6511834166543959       -8.1054776186863367E-002
   1.2629608855196046        4.0303671130226784        1.1893390193624334     
   1.1820659978289927        4.0696055337245021       0.91494853531392895     
First
                         Total        4.336682443E-01
Step size:       0.20
Step size in Bohr:       0.38
Learning Rate:       1.00
# Steps:        500
                         Error  1        4.331228408E-01
                         Error  2        4.326194673E-01
                         Error  3        4.321545396E-01
                         Error  4        4.317247756E-01
                         Error  5        4.313271706E-01
                         Error  6        4.309589749E-01
                         Error  7        4.306176727E-01
                         Error  8        4.303009625E-01
                         Error  9        4.300067397E-01
                         Error 10        4.297330799E-01
                         Error 11        4.294782237E-01
                         Error 12        4.292405627E-01
                         Error 13        4.290186273E-01
                         Error 14        4.288110740E-01
                         Error 15        4.286166754E-01
                         Error 16        4.284343100E-01
                         Error 17        4.282629531E-01
                         Error 18        4.281016687E-01
                         Error 19        4.279496014E-01
                         Error 20        4.278059702E-01
                         Error 21        4.276700613E-01
                         Error 22        4.275412230E-01
                         Error 23        4.274188598E-01
                         Error 24        4.273024277E-01
                         Error 25        4.271914300E-01
                         Error 26        4.270854129E-01
                         Error 27        4.269839616E-01
                         Error 28        4.268866977E-01
                         Error 29        4.267932750E-01
                         Error 30        4.267033775E-01
                         Error 31        4.266167166E-01
                         Error 32        4.265330282E-01
                         Error 33        4.264520715E-01
                         Error 34        4.263736261E-01
                         Error 35        4.262974907E-01
                         Error 36        4.262234815E-01
                         Error 37        4.261514301E-01
                         Error 38        4.260811830E-01
                         Error 39        4.260125997E-01
                         Error 40        4.259455517E-01
                         Error 41        4.258799216E-01
                         Error 42        4.258156019E-01
                         Error 43        4.257524945E-01
                         Error 44        4.256905096E-01
                         Error 45        4.256295648E-01
                         Error 46        4.255695850E-01
                         Error 47        4.255105015E-01
                         Error 48        4.254522511E-01
                         Error 49        4.253947763E-01
                         Error 50        4.253380241E-01
                         Error 51        4.252819463E-01
                         Error 52        4.252264986E-01
                         Error 53        4.251716403E-01
                         Error 54        4.251173343E-01
                         Error 55        4.250635464E-01
                         Error 56        4.250102454E-01
                         Error 57        4.249574025E-01
                         Error 58        4.249049915E-01
                         Error 59        4.248529881E-01
                         Error 60        4.248013702E-01
                         Error 61        4.247501173E-01
                         Error 62        4.246992108E-01
                         Error 63        4.246486334E-01
                         Error 64        4.245983692E-01
                         Error 65        4.245484037E-01
                         Error 66        4.244987235E-01
                         Error 67        4.244493160E-01
                         Error 68        4.244001700E-01
                         Error 69        4.243512749E-01
                         Error 70        4.243026210E-01
                         Error 71        4.242541993E-01
                         Error 72        4.242060015E-01
                         Error 73        4.241580199E-01
                         Error 74        4.241102475E-01
                         Error 75        4.240626775E-01
                         Error 76        4.240153040E-01
                         Error 77        4.239681212E-01
                         Error 78        4.239211239E-01
                         Error 79        4.238743071E-01
                         Error 80        4.238276663E-01
                         Error 81        4.237811972E-01
                         Error 82        4.237348959E-01
                         Error 83        4.236887586E-01
                         Error 84        4.236427819E-01
                         Error 85        4.235969624E-01
                         Error 86        4.235512972E-01
                         Error 87        4.235057833E-01
                         Error 88        4.234604181E-01
                         Error 89        4.234151989E-01
                         Error 90        4.233701235E-01
                         Error 91        4.233251895E-01
                         Error 92        4.232803948E-01
                         Error 93        4.232357374E-01
                         Error 94        4.231912153E-01
                         Error 95        4.231468266E-01
                         Error 96        4.231025698E-01
                         Error 97        4.230584429E-01
                         Error 98        4.230144446E-01
                         Error 99        4.229705733E-01
                         Error100        4.229268275E-01
                         Error101        4.228832058E-01
                         Error102        4.228397068E-01
                         Error103        4.227963294E-01
                         Error104        4.227530723E-01
                         Error105        4.227099342E-01
                         Error106        4.226669140E-01
                         Error107        4.226240106E-01
                         Error108        4.225812229E-01
                         Error109        4.225385499E-01
                         Error110        4.224959905E-01
                         Error111        4.224535439E-01
                         Error112        4.224112089E-01
                         Error113        4.223689847E-01
                         Error114        4.223268704E-01
                         Error115        4.222848651E-01
                         Error116        4.222429680E-01
                         Error117        4.222011781E-01
                         Error118        4.221594947E-01
                         Error119        4.221179169E-01
                         Error120        4.220764440E-01
                         Error121        4.220350752E-01
                         Error122        4.219938098E-01
                         Error123        4.219526469E-01
                         Error124        4.219115860E-01
                         Error125        4.218706262E-01
                         Error126        4.218297668E-01
                         Error127        4.217890072E-01
                         Error128        4.217483467E-01
                         Error129        4.217077846E-01
                         Error130        4.216673203E-01
                         Error131        4.216269531E-01
                         Error132        4.215866823E-01
                         Error133        4.215465074E-01
                         Error134        4.215064278E-01
                         Error135        4.214664427E-01
                         Error136        4.214265517E-01
                         Error137        4.213867541E-01
                         Error138        4.213470493E-01
                         Error139        4.213074368E-01
                         Error140        4.212679160E-01
                         Error141        4.212284863E-01
                         Error142        4.211891472E-01
                         Error143        4.211498980E-01
                         Error144        4.211107384E-01
                         Error145        4.210716677E-01
                         Error146        4.210326855E-01
                         Error147        4.209937911E-01
                         Error148        4.209549841E-01
                         Error149        4.209162639E-01
                         Error150        4.208776301E-01
                         Error151        4.208390822E-01
                         Error152        4.208006196E-01
                         Error153        4.207622419E-01
                         Error154        4.207239485E-01
                         Error155        4.206857391E-01
                         Error156        4.206476131E-01
                         Error157        4.206095701E-01
                         Error158        4.205716096E-01
                         Error159        4.205337311E-01
                         Error160        4.204959343E-01
                         Error161        4.204582185E-01
                         Error162        4.204205835E-01
                         Error163        4.203830287E-01
                         Error164        4.203455537E-01
                         Error165        4.203081582E-01
                         Error166        4.202708416E-01
                         Error167        4.202336035E-01
                         Error168        4.201964436E-01
                         Error169        4.201593613E-01
                         Error170        4.201223564E-01
                         Error171        4.200854283E-01
                         Error172        4.200485768E-01
                         Error173        4.200118013E-01
                         Error174        4.199751016E-01
                         Error175        4.199384771E-01
                         Error176        4.199019276E-01
                         Error177        4.198654526E-01
                         Error178        4.198290517E-01
                         Error179        4.197927247E-01
                         Error180        4.197564710E-01
                         Error181        4.197202904E-01
                         Error182        4.196841824E-01
                         Error183        4.196481468E-01
                         Error184        4.196121831E-01
                         Error185        4.195762911E-01
                         Error186        4.195404702E-01
                         Error187        4.195047203E-01
                         Error188        4.194690409E-01
                         Error189        4.194334317E-01
                         Error190        4.193978924E-01
                         Error191        4.193624227E-01
                         Error192        4.193270221E-01
                         Error193        4.192916904E-01
                         Error194        4.192564272E-01
                         Error195        4.192212323E-01
                         Error196        4.191861053E-01
                         Error197        4.191510458E-01
                         Error198        4.191160536E-01
                         Error199        4.190811284E-01
                         Error200        4.190462697E-01
                         Error201        4.190114775E-01
                         Error202        4.189767512E-01
                         Error203        4.189420907E-01
                         Error204        4.189074956E-01
                         Error205        4.188729657E-01
                         Error206        4.188385006E-01
                         Error207        4.188041000E-01
                         Error208        4.187697637E-01
                         Error209        4.187354913E-01
                         Error210        4.187012827E-01
                         Error211        4.186671374E-01
                         Error212        4.186330553E-01
                         Error213        4.185990360E-01
                         Error214        4.185650793E-01
                         Error215        4.185311849E-01
                         Error216        4.184973526E-01
                         Error217        4.184635820E-01
                         Error218        4.184298729E-01
                         Error219        4.183962250E-01
                         Error220        4.183626381E-01
                         Error221        4.183291120E-01
                         Error222        4.182956463E-01
                         Error223        4.182622408E-01
                         Error224        4.182288953E-01
                         Error225        4.181956095E-01
                         Error226        4.181623831E-01
                         Error227        4.181292160E-01
                         Error228        4.180961078E-01
                         Error229        4.180630583E-01
                         Error230        4.180300674E-01
                         Error231        4.179971347E-01
                         Error232        4.179642600E-01
                         Error233        4.179314431E-01
                         Error234        4.178986837E-01
                         Error235        4.178659817E-01
                         Error236        4.178333367E-01
                         Error237        4.178007486E-01
                         Error238        4.177682172E-01
                         Error239        4.177357421E-01
                         Error240        4.177033233E-01
                         Error241        4.176709605E-01
                         Error242        4.176386534E-01
                         Error243        4.176064018E-01
                         Error244        4.175742056E-01
                         Error245        4.175420645E-01
                         Error246        4.175099783E-01
                         Error247        4.174779468E-01
                         Error248        4.174459698E-01
                         Error249        4.174140471E-01
                         Error250        4.173821784E-01
                         Error251        4.173503637E-01
                         Error252        4.173186026E-01
                         Error253        4.172868950E-01
                         Error254        4.172552407E-01
                         Error255        4.172236394E-01
                         Error256        4.171920911E-01
                         Error257        4.171605954E-01
                         Error258        4.171291523E-01
                         Error259        4.170977614E-01
                         Error260        4.170664227E-01
                         Error261        4.170351360E-01
                         Error262        4.170039009E-01
                         Error263        4.169727175E-01
                         Error264        4.169415854E-01
                         Error265        4.169105046E-01
                         Error266        4.168794747E-01
                         Error267        4.168484957E-01
                         Error268        4.168175674E-01
                         Error269        4.167866895E-01
                         Error270        4.167558620E-01
                         Error271        4.167250846E-01
                         Error272        4.166943572E-01
                         Error273        4.166636795E-01
                         Error274        4.166330515E-01
                         Error275        4.166024730E-01
                         Error276        4.165719437E-01
                         Error277        4.165414636E-01
                         Error278        4.165110324E-01
                         Error279        4.164806500E-01
                         Error280        4.164503162E-01
                         Error281        4.164200310E-01
                         Error282        4.163897940E-01
                         Error283        4.163596052E-01
                         Error284        4.163294643E-01
                         Error285        4.162993713E-01
                         Error286        4.162693260E-01
                         Error287        4.162393282E-01
                         Error288        4.162093778E-01
                         Error289        4.161794746E-01
                         Error290        4.161496184E-01
                         Error291        4.161198092E-01
                         Error292        4.160900467E-01
                         Error293        4.160603309E-01
                         Error294        4.160306615E-01
                         Error295        4.160010385E-01
                         Error296        4.159714616E-01
                         Error297        4.159419308E-01
                         Error298        4.159124458E-01
                         Error299        4.158830066E-01
                         Error300        4.158536131E-01
                         Error301        4.158242649E-01
                         Error302        4.157949622E-01
                         Error303        4.157657046E-01
                         Error304        4.157364920E-01
                         Error305        4.157073244E-01
                         Error306        4.156782015E-01
                         Error307        4.156491233E-01
                         Error308        4.156200896E-01
                         Error309        4.155911003E-01
                         Error310        4.155621553E-01
                         Error311        4.155332543E-01
                         Error312        4.155043974E-01
                         Error313        4.154755842E-01
                         Error314        4.154468149E-01
                         Error315        4.154180891E-01
                         Error316        4.153894068E-01
                         Error317        4.153607678E-01
                         Error318        4.153321721E-01
                         Error319        4.153036194E-01
                         Error320        4.152751097E-01
                         Error321        4.152466429E-01
                         Error322        4.152182188E-01
                         Error323        4.151898373E-01
                         Error324        4.151614983E-01
                         Error325        4.151332017E-01
                         Error326        4.151049473E-01
                         Error327        4.150767350E-01
                         Error328        4.150485648E-01
                         Error329        4.150204364E-01
                         Error330        4.149923498E-01
                         Error331        4.149643049E-01
                         Error332        4.149363015E-01
                         Error333        4.149083396E-01
                         Error334        4.148804190E-01
                         Error335        4.148525396E-01
                         Error336        4.148247013E-01
                         Error337        4.147969039E-01
                         Error338        4.147691475E-01
                         Error339        4.147414318E-01
                         Error340        4.147137568E-01
                         Error341        4.146861223E-01
                         Error342        4.146585283E-01
                         Error343        4.146309746E-01
                         Error344        4.146034611E-01
                         Error345        4.145759877E-01
                         Error346        4.145485544E-01
                         Error347        4.145211610E-01
                         Error348        4.144938074E-01
                         Error349        4.144664934E-01
                         Error350        4.144392191E-01
                         Error351        4.144119843E-01
                         Error352        4.143847889E-01
                         Error353        4.143576328E-01
                         Error354        4.143305158E-01
                         Error355        4.143034380E-01
                         Error356        4.142763992E-01
                         Error357        4.142493993E-01
                         Error358        4.142224381E-01
                         Error359        4.141955157E-01
                         Error360        4.141686319E-01
                         Error361        4.141417866E-01
                         Error362        4.141149797E-01
                         Error363        4.140882111E-01
                         Error364        4.140614807E-01
                         Error365        4.140347885E-01
                         Error366        4.140081343E-01
                         Error367        4.139815181E-01
                         Error368        4.139549397E-01
                         Error369        4.139283990E-01
                         Error370        4.139018961E-01
                         Error371        4.138754307E-01
                         Error372        4.138490028E-01
                         Error373        4.138226122E-01
                         Error374        4.137962590E-01
                         Error375        4.137699430E-01
                         Error376        4.137436642E-01
                         Error377        4.137174223E-01
                         Error378        4.136912175E-01
                         Error379        4.136650495E-01
                         Error380        4.136389182E-01
                         Error381        4.136128237E-01
                         Error382        4.135867657E-01
                         Error383        4.135607443E-01
                         Error384        4.135347593E-01
                         Error385        4.135088107E-01
                         Error386        4.134828983E-01
                         Error387        4.134570222E-01
                         Error388        4.134311821E-01
                         Error389        4.134053780E-01
                         Error390        4.133796099E-01
                         Error391        4.133538776E-01
                         Error392        4.133281811E-01
                         Error393        4.133025203E-01
                         Error394        4.132768951E-01
                         Error395        4.132513054E-01
                         Error396        4.132257512E-01
                         Error397        4.132002323E-01
                         Error398        4.131747488E-01
                         Error399        4.131493004E-01
                         Error400        4.131238872E-01
                         Error401        4.130985090E-01
                         Error402        4.130731659E-01
                         Error403        4.130478576E-01
                         Error404        4.130225841E-01
                         Error405        4.129973454E-01
                         Error406        4.129721414E-01
                         Error407        4.129469720E-01
                         Error408        4.129218371E-01
                         Error409        4.128967366E-01
                         Error410        4.128716705E-01
                         Error411        4.128466387E-01
                         Error412        4.128216412E-01
                         Error413        4.127966778E-01
                         Error414        4.127717484E-01
                         Error415        4.127468531E-01
                         Error416        4.127219917E-01
                         Error417        4.126971642E-01
                         Error418        4.126723705E-01
                         Error419        4.126476105E-01
                         Error420        4.126228841E-01
                         Error421        4.125981913E-01
                         Error422        4.125735321E-01
                         Error423        4.125489062E-01
                         Error424        4.125243138E-01
                         Error425        4.124997546E-01
                         Error426        4.124752287E-01
                         Error427        4.124507359E-01
                         Error428        4.124262762E-01
                         Error429        4.124018495E-01
                         Error430        4.123774558E-01
                         Error431        4.123530950E-01
                         Error432        4.123287670E-01
                         Error433        4.123044718E-01
                         Error434        4.122802093E-01
                         Error435        4.122559793E-01
                         Error436        4.122317820E-01
                         Error437        4.122076171E-01
                         Error438        4.121834847E-01
                         Error439        4.121593846E-01
                         Error440        4.121353168E-01
                         Error441        4.121112812E-01
                         Error442        4.120872778E-01
                         Error443        4.120633066E-01
                         Error444        4.120393673E-01
                         Error445        4.120154600E-01
                         Error446        4.119915847E-01
                         Error447        4.119677412E-01
                         Error448        4.119439295E-01
                         Error449        4.119201495E-01
                         Error450        4.118964012E-01
                         Error451        4.118726844E-01
                         Error452        4.118489992E-01
                         Error453        4.118253455E-01
                         Error454        4.118017233E-01
                         Error455        4.117781323E-01
                         Error456        4.117545727E-01
                         Error457        4.117310443E-01
                         Error458        4.117075471E-01
                         Error459        4.116840810E-01
                         Error460        4.116606459E-01
                         Error461        4.116372419E-01
                         Error462        4.116138688E-01
                         Error463        4.115905265E-01
                         Error464        4.115672151E-01
                         Error465        4.115439345E-01
                         Error466        4.115206846E-01
                         Error467        4.114974653E-01
                         Error468        4.114742766E-01
                         Error469        4.114511184E-01
                         Error470        4.114279907E-01
                         Error471        4.114048934E-01
                         Error472        4.113818265E-01
                         Error473        4.113587899E-01
                         Error474        4.113357836E-01
                         Error475        4.113128074E-01
                         Error476        4.112898614E-01
                         Error477        4.112669454E-01
                         Error478        4.112440595E-01
                         Error479        4.112212036E-01
                         Error480        4.111983775E-01
                         Error481        4.111755814E-01
                         Error482        4.111528150E-01
                         Error483        4.111300784E-01
                         Error484        4.111073715E-01
                         Error485        4.110846942E-01
                         Error486        4.110620465E-01
                         Error487        4.110394284E-01
                         Error488        4.110168397E-01
                         Error489        4.109942805E-01
                         Error490        4.109717506E-01
                         Error491        4.109492501E-01
                         Error492        4.109267788E-01
                         Error493        4.109043368E-01
                         Error494        4.108819239E-01
                         Error495        4.108595402E-01
                         Error496        4.108371855E-01
                         Error497        4.108148598E-01
                         Error498        4.107925631E-01
                         Error499        4.107702953E-01
                         Error500        4.107480564E-01
                         Error        4.107480564E-01
