-xyz
refined.xyz
-dens
/home/unibas/boittier/RDKit_G2/B.pdb/SCAN_1_2_3_4_S_36_-10.0/6_SCAN_1_2_3_4_F/B.d.cube
-esp
/home/unibas/boittier/RDKit_G2/B.pdb/SCAN_1_2_3_4_S_36_-10.0/6_SCAN_1_2_3_4_F/B.p.cube
-stepsize
0.2
-n_steps
5
-learning_rate
0.5
   3.2416004808217553        1.6757597388198755       -2.3950637022989381     
   3.2792746494694667       -1.0250881084071151      -0.67758879836514418     
   6.2915092931687893      -0.79845007016668335      -0.15394950231848276     
   4.0341322291304840      -0.64930001847867536        9.5194084590244282E-002
   3.5986490756592713       -1.1601384242236116E-002  0.35186120612624566     
   2.5947146253915077       -1.2522412539306729        1.1351246130495807     
   1.8612983634138507      -0.55238334724192850      -0.17823268929635064     
   2.1297349904076475      -0.91130750828123130        1.1467485358666329     
   1.3277644149632313      -0.44158021631453886       0.64098334747994878     
   2.0080030630140633       -2.7839749940052205        2.7369626717524622     
  -1.5253774070972221        3.0200359194638824       0.21009831915167138     
  -1.3595487685159913        2.3713828512327635        6.8377942088759983E-002
  -1.4072083186957660        1.5643119217661772       0.15475646176342150     
  -1.5098426671900431        2.6415896990397649       0.29183868621095016     
 -0.90172637092954722      -0.39682313410403880       0.43352604070763051     
 -0.97661232986980007       0.39585193115571604       0.12088815590373087     
 -0.72610614770929627      -0.90732941826607971       0.26733302928939584     
  -1.0943569655123240      -0.61485358403699397      -0.33436838682395542     
  -5.1533207312666667      -0.75348952781819689       -1.0043488376925518     
  -1.8693199002023193       -1.5201333818168337      -0.30599938667299809     
  -2.5605751912356984       -1.1347013624532107       0.10433921939936400     
  -2.7833500741109765      -0.76604666940442923      -0.32546204982910759     
  -2.5838656001912184       -1.0976150701694605      -0.56059534789410825     
  -2.9035724633659825       -3.9689401850746253       0.11356350650553763     
  -2.8258306210894291       -3.8606111180007212      -0.18786782861076756     
First
                         Total        7.382719658E-01
Step size:       0.20
Step size in Bohr:       0.38
Learning Rate:       1.00
# Steps:          5
                         Error  1        7.309064379E-01
                         Error  2        7.239722379E-01
                         Error  3        7.174413686E-01
                         Error  4        7.112873452E-01
                         Error  5        7.054851598E-01
                         Error        7.054851598E-01
