-xyz
refined.xyz
-dens
/home/unibas/boittier/RDKit_G2/B.pdb/SCAN_1_2_3_4_S_36_10.0/7_SCAN_1_2_3_4_F/B.d.cube
-esp
/home/unibas/boittier/RDKit_G2/B.pdb/SCAN_1_2_3_4_S_36_10.0/7_SCAN_1_2_3_4_F/B.p.cube
-stepsize
0.2
-n_steps
500
-learning_rate
0.5
  -3.1876535945822311        1.0397430891689659       -2.8600057576076274     
  -3.4291693222994408       0.40661289904956782       0.27789222956295984     
  -6.3483677315373814      -0.50442622731317066       -5.1528299810889702E-002
  -4.0649908172898384      -0.49205688922747637        9.7159134765897562E-002
  -3.4652125711765449      -0.96990414655908908      -0.29746163957857313     
  -2.7162266072840535      -0.85225912252151781       0.94124368710325090     
  -1.4442915029669585      -0.33329903904440544        1.7283905709324905     
  -2.2641619179167010      -0.59056060194975357       0.65983950170458627     
  -1.3118506049453333      -0.23332778814854099       0.80362915077380892     
  -2.1174899294503593       -1.9000126725121167        3.3411041825464025     
   1.6725971559296413        2.8749802705128094        9.4041489005193366E-002
   1.5326846176066578        2.2852891478393089       0.25551526856173862     
   1.4569890106458869        1.4923483065848064       0.11418261192992447     
   1.5931636317735478        2.5378251288129414        3.1528081688791142E-002
  0.76210776545499226      -0.33770883787605099        3.1767323037068036E-002
   1.0120919399659536       0.38963091380023296       0.26845417095533591     
  0.62747044160876508      -0.82500628222526018       0.22605316687410928     
   1.2439851258931671      -0.62186162321488525       0.55108665356258335     
   5.0719403676399510       -1.1240751696543625      -0.95070446789893193     
   1.7941132665776218       -1.5795088982305290        2.5547346314278116E-002
   2.2377511285909617       -1.2011299519118230      -0.60627721341270435     
   2.6405741158203626      -0.90911034580508376      -0.33394793545571128     
   2.5604067884132289       -1.2551026562903966       -9.1520252713079106E-002
   2.2049734071829623       -3.9909194311471579       -1.0729755484131587     
   2.3311135407797150       -3.9091604206752506      -0.76736617328685297     
First
                         Total        5.181847148E-01
Step size:       0.20
Step size in Bohr:       0.38
Learning Rate:       1.00
# Steps:        500
                         Error  1        5.148006915E-01
                         Error  2        5.116629766E-01
                         Error  3        5.087530061E-01
                         Error  4        5.060534686E-01
                         Error  5        5.035482454E-01
                         Error  6        5.012223499E-01
                         Error  7        4.990618658E-01
                         Error  8        4.970538871E-01
                         Error  9        4.951864578E-01
                         Error 10        4.934485141E-01
                         Error 11        4.918298273E-01
                         Error 12        4.903209492E-01
                         Error 13        4.889131602E-01
                         Error 14        4.875984183E-01
                         Error 15        4.863693122E-01
                         Error 16        4.852190157E-01
                         Error 17        4.841412453E-01
                         Error 18        4.831302197E-01
                         Error 19        4.821806225E-01
                         Error 20        4.812875664E-01
                         Error 21        4.804465607E-01
                         Error 22        4.796534799E-01
                         Error 23        4.789045355E-01
                         Error 24        4.781962493E-01
                         Error 25        4.775254285E-01
                         Error 26        4.768891430E-01
                         Error 27        4.762847038E-01
                         Error 28        4.757096442E-01
                         Error 29        4.751617008E-01
                         Error 30        4.746387975E-01
                         Error 31        4.741390297E-01
                         Error 32        4.736606503E-01
                         Error 33        4.732020568E-01
                         Error 34        4.727617789E-01
                         Error 35        4.723384681E-01
                         Error 36        4.719308870E-01
                         Error 37        4.715379001E-01
                         Error 38        4.711584657E-01
                         Error 39        4.707916274E-01
                         Error 40        4.704365075E-01
                         Error 41        4.700923002E-01
                         Error 42        4.697582653E-01
                         Error 43        4.694337231E-01
                         Error 44        4.691180492E-01
                         Error 45        4.688106695E-01
                         Error 46        4.685110565E-01
                         Error 47        4.682187250E-01
                         Error 48        4.679332288E-01
                         Error 49        4.676541571E-01
                         Error 50        4.673811318E-01
                         Error 51        4.671138048E-01
                         Error 52        4.668518552E-01
                         Error 53        4.665949872E-01
                         Error 54        4.663429281E-01
                         Error 55        4.660954260E-01
                         Error 56        4.658522486E-01
                         Error 57        4.656131810E-01
                         Error 58        4.653780246E-01
                         Error 59        4.651465959E-01
                         Error 60        4.649187246E-01
                         Error 61        4.646942533E-01
                         Error 62        4.644730357E-01
                         Error 63        4.642549364E-01
                         Error 64        4.640398293E-01
                         Error 65        4.638275974E-01
                         Error 66        4.636181317E-01
                         Error 67        4.634113308E-01
                         Error 68        4.632071001E-01
                         Error 69        4.630053511E-01
                         Error 70        4.628060015E-01
                         Error 71        4.626089740E-01
                         Error 72        4.624141964E-01
                         Error 73        4.622216009E-01
                         Error 74        4.620311238E-01
                         Error 75        4.618427053E-01
                         Error 76        4.616562892E-01
                         Error 77        4.614718225E-01
                         Error 78        4.612892550E-01
                         Error 79        4.611085396E-01
                         Error 80        4.609296314E-01
                         Error 81        4.607524881E-01
                         Error 82        4.605770694E-01
                         Error 83        4.604033372E-01
                         Error 84        4.602312552E-01
                         Error 85        4.600607887E-01
                         Error 86        4.598919046E-01
                         Error 87        4.597245715E-01
                         Error 88        4.595587592E-01
                         Error 89        4.593944388E-01
                         Error 90        4.592315826E-01
                         Error 91        4.590701639E-01
                         Error 92        4.589101572E-01
                         Error 93        4.587515379E-01
                         Error 94        4.585942823E-01
                         Error 95        4.584383674E-01
                         Error 96        4.582837712E-01
                         Error 97        4.581304722E-01
                         Error 98        4.579784498E-01
                         Error 99        4.578276839E-01
                         Error100        4.576781551E-01
                         Error101        4.575298444E-01
                         Error102        4.573827336E-01
                         Error103        4.572368048E-01
                         Error104        4.570920406E-01
                         Error105        4.569484241E-01
                         Error106        4.568059388E-01
                         Error107        4.566645686E-01
                         Error108        4.565242978E-01
                         Error109        4.563851111E-01
                         Error110        4.562469934E-01
                         Error111        4.561099302E-01
                         Error112        4.559739070E-01
                         Error113        4.558389098E-01
                         Error114        4.557049248E-01
                         Error115        4.555719386E-01
                         Error116        4.554399379E-01
                         Error117        4.553089098E-01
                         Error118        4.551788415E-01
                         Error119        4.550497206E-01
                         Error120        4.549215348E-01
                         Error121        4.547942720E-01
                         Error122        4.546679205E-01
                         Error123        4.545424685E-01
                         Error124        4.544179047E-01
                         Error125        4.542942179E-01
                         Error126        4.541713969E-01
                         Error127        4.540494310E-01
                         Error128        4.539283093E-01
                         Error129        4.538080215E-01
                         Error130        4.536885571E-01
                         Error131        4.535699059E-01
                         Error132        4.534520580E-01
                         Error133        4.533350034E-01
                         Error134        4.532187324E-01
                         Error135        4.531032354E-01
                         Error136        4.529885029E-01
                         Error137        4.528745257E-01
                         Error138        4.527612946E-01
                         Error139        4.526488006E-01
                         Error140        4.525370348E-01
                         Error141        4.524259883E-01
                         Error142        4.523156526E-01
                         Error143        4.522060191E-01
                         Error144        4.520970795E-01
                         Error145        4.519888254E-01
                         Error146        4.518812487E-01
                         Error147        4.517743413E-01
                         Error148        4.516680954E-01
                         Error149        4.515625030E-01
                         Error150        4.514575566E-01
                         Error151        4.513532483E-01
                         Error152        4.512495709E-01
                         Error153        4.511465168E-01
                         Error154        4.510440788E-01
                         Error155        4.509422497E-01
                         Error156        4.508410224E-01
                         Error157        4.507403898E-01
                         Error158        4.506403452E-01
                         Error159        4.505408816E-01
                         Error160        4.504419924E-01
                         Error161        4.503436709E-01
                         Error162        4.502459106E-01
                         Error163        4.501487050E-01
                         Error164        4.500520479E-01
                         Error165        4.499559329E-01
                         Error166        4.498603538E-01
                         Error167        4.497653045E-01
                         Error168        4.496707790E-01
                         Error169        4.495767715E-01
                         Error170        4.494832759E-01
                         Error171        4.493902865E-01
                         Error172        4.492977977E-01
                         Error173        4.492058038E-01
                         Error174        4.491142992E-01
                         Error175        4.490232784E-01
                         Error176        4.489327361E-01
                         Error177        4.488426670E-01
                         Error178        4.487530657E-01
                         Error179        4.486639270E-01
                         Error180        4.485752460E-01
                         Error181        4.484870174E-01
                         Error182        4.483992363E-01
                         Error183        4.483118978E-01
                         Error184        4.482249971E-01
                         Error185        4.481385293E-01
                         Error186        4.480524897E-01
                         Error187        4.479668737E-01
                         Error188        4.478816766E-01
                         Error189        4.477968939E-01
                         Error190        4.477125212E-01
                         Error191        4.476285540E-01
                         Error192        4.475449879E-01
                         Error193        4.474618187E-01
                         Error194        4.473790421E-01
                         Error195        4.472966538E-01
                         Error196        4.472146499E-01
                         Error197        4.471330261E-01
                         Error198        4.470517785E-01
                         Error199        4.469709030E-01
                         Error200        4.468903959E-01
                         Error201        4.468102531E-01
                         Error202        4.467304709E-01
                         Error203        4.466510454E-01
                         Error204        4.465719731E-01
                         Error205        4.464932502E-01
                         Error206        4.464148730E-01
                         Error207        4.463368381E-01
                         Error208        4.462591418E-01
                         Error209        4.461817807E-01
                         Error210        4.461047514E-01
                         Error211        4.460280505E-01
                         Error212        4.459516745E-01
                         Error213        4.458756203E-01
                         Error214        4.457998846E-01
                         Error215        4.457244640E-01
                         Error216        4.456493556E-01
                         Error217        4.455745560E-01
                         Error218        4.455000623E-01
                         Error219        4.454258714E-01
                         Error220        4.453519802E-01
                         Error221        4.452783858E-01
                         Error222        4.452050853E-01
                         Error223        4.451320757E-01
                         Error224        4.450593542E-01
                         Error225        4.449869179E-01
                         Error226        4.449147641E-01
                         Error227        4.448428901E-01
                         Error228        4.447712931E-01
                         Error229        4.446999704E-01
                         Error230        4.446289194E-01
                         Error231        4.445581374E-01
                         Error232        4.444876220E-01
                         Error233        4.444173705E-01
                         Error234        4.443473804E-01
                         Error235        4.442776493E-01
                         Error236        4.442081747E-01
                         Error237        4.441389541E-01
                         Error238        4.440699853E-01
                         Error239        4.440012658E-01
                         Error240        4.439327934E-01
                         Error241        4.438645657E-01
                         Error242        4.437965804E-01
                         Error243        4.437288353E-01
                         Error244        4.436613283E-01
                         Error245        4.435940571E-01
                         Error246        4.435270195E-01
                         Error247        4.434602135E-01
                         Error248        4.433936370E-01
                         Error249        4.433272878E-01
                         Error250        4.432611640E-01
                         Error251        4.431952634E-01
                         Error252        4.431295842E-01
                         Error253        4.430641244E-01
                         Error254        4.429988819E-01
                         Error255        4.429338549E-01
                         Error256        4.428690415E-01
                         Error257        4.428044398E-01
                         Error258        4.427400480E-01
                         Error259        4.426758642E-01
                         Error260        4.426118866E-01
                         Error261        4.425481135E-01
                         Error262        4.424845431E-01
                         Error263        4.424211736E-01
                         Error264        4.423580034E-01
                         Error265        4.422950307E-01
                         Error266        4.422322539E-01
                         Error267        4.421696713E-01
                         Error268        4.421072813E-01
                         Error269        4.420450823E-01
                         Error270        4.419830726E-01
                         Error271        4.419212508E-01
                         Error272        4.418596153E-01
                         Error273        4.417981645E-01
                         Error274        4.417368969E-01
                         Error275        4.416758110E-01
                         Error276        4.416149054E-01
                         Error277        4.415541785E-01
                         Error278        4.414936290E-01
                         Error279        4.414332555E-01
                         Error280        4.413730564E-01
                         Error281        4.413130305E-01
                         Error282        4.412531763E-01
                         Error283        4.411934925E-01
                         Error284        4.411339777E-01
                         Error285        4.410746307E-01
                         Error286        4.410154501E-01
                         Error287        4.409564347E-01
                         Error288        4.408975831E-01
                         Error289        4.408388941E-01
                         Error290        4.407803665E-01
                         Error291        4.407219990E-01
                         Error292        4.406637903E-01
                         Error293        4.406057394E-01
                         Error294        4.405478450E-01
                         Error295        4.404901060E-01
                         Error296        4.404325211E-01
                         Error297        4.403750893E-01
                         Error298        4.403178094E-01
                         Error299        4.402606803E-01
                         Error300        4.402037009E-01
                         Error301        4.401468700E-01
                         Error302        4.400901867E-01
                         Error303        4.400336498E-01
                         Error304        4.399772583E-01
                         Error305        4.399210112E-01
                         Error306        4.398649074E-01
                         Error307        4.398089459E-01
                         Error308        4.397531257E-01
                         Error309        4.396974458E-01
                         Error310        4.396419053E-01
                         Error311        4.395865030E-01
                         Error312        4.395312382E-01
                         Error313        4.394761099E-01
                         Error314        4.394211170E-01
                         Error315        4.393662587E-01
                         Error316        4.393115341E-01
                         Error317        4.392569422E-01
                         Error318        4.392024822E-01
                         Error319        4.391481532E-01
                         Error320        4.390939543E-01
                         Error321        4.390398846E-01
                         Error322        4.389859433E-01
                         Error323        4.389321296E-01
                         Error324        4.388784425E-01
                         Error325        4.388248814E-01
                         Error326        4.387714452E-01
                         Error327        4.387181333E-01
                         Error328        4.386649449E-01
                         Error329        4.386118791E-01
                         Error330        4.385589352E-01
                         Error331        4.385061125E-01
                         Error332        4.384534100E-01
                         Error333        4.384008271E-01
                         Error334        4.383483631E-01
                         Error335        4.382960172E-01
                         Error336        4.382437886E-01
                         Error337        4.381916766E-01
                         Error338        4.381396806E-01
                         Error339        4.380877999E-01
                         Error340        4.380360336E-01
                         Error341        4.379843812E-01
                         Error342        4.379328419E-01
                         Error343        4.378814150E-01
                         Error344        4.378301000E-01
                         Error345        4.377788961E-01
                         Error346        4.377278027E-01
                         Error347        4.376768191E-01
                         Error348        4.376259447E-01
                         Error349        4.375751789E-01
                         Error350        4.375245209E-01
                         Error351        4.374739703E-01
                         Error352        4.374235264E-01
                         Error353        4.373731885E-01
                         Error354        4.373229562E-01
                         Error355        4.372728287E-01
                         Error356        4.372228055E-01
                         Error357        4.371728860E-01
                         Error358        4.371230697E-01
                         Error359        4.370733559E-01
                         Error360        4.370237441E-01
                         Error361        4.369742337E-01
                         Error362        4.369248243E-01
                         Error363        4.368755152E-01
                         Error364        4.368263058E-01
                         Error365        4.367771957E-01
                         Error366        4.367281844E-01
                         Error367        4.366792712E-01
                         Error368        4.366304558E-01
                         Error369        4.365817375E-01
                         Error370        4.365331158E-01
                         Error371        4.364845903E-01
                         Error372        4.364361605E-01
                         Error373        4.363878258E-01
                         Error374        4.363395858E-01
                         Error375        4.362914399E-01
                         Error376        4.362433878E-01
                         Error377        4.361954289E-01
                         Error378        4.361475627E-01
                         Error379        4.360997888E-01
                         Error380        4.360521067E-01
                         Error381        4.360045161E-01
                         Error382        4.359570163E-01
                         Error383        4.359096070E-01
                         Error384        4.358622877E-01
                         Error385        4.358150580E-01
                         Error386        4.357679175E-01
                         Error387        4.357208656E-01
                         Error388        4.356739021E-01
                         Error389        4.356270264E-01
                         Error390        4.355802382E-01
                         Error391        4.355335370E-01
                         Error392        4.354869224E-01
                         Error393        4.354403941E-01
                         Error394        4.353939515E-01
                         Error395        4.353475944E-01
                         Error396        4.353013223E-01
                         Error397        4.352551348E-01
                         Error398        4.352090315E-01
                         Error399        4.351630121E-01
                         Error400        4.351170761E-01
                         Error401        4.350712233E-01
                         Error402        4.350254531E-01
                         Error403        4.349797653E-01
                         Error404        4.349341595E-01
                         Error405        4.348886353E-01
                         Error406        4.348431923E-01
                         Error407        4.347978302E-01
                         Error408        4.347525487E-01
                         Error409        4.347073473E-01
                         Error410        4.346622258E-01
                         Error411        4.346171838E-01
                         Error412        4.345722209E-01
                         Error413        4.345273368E-01
                         Error414        4.344825312E-01
                         Error415        4.344378038E-01
                         Error416        4.343931541E-01
                         Error417        4.343485820E-01
                         Error418        4.343040870E-01
                         Error419        4.342596688E-01
                         Error420        4.342153271E-01
                         Error421        4.341710617E-01
                         Error422        4.341268721E-01
                         Error423        4.340827581E-01
                         Error424        4.340387193E-01
                         Error425        4.339947556E-01
                         Error426        4.339508664E-01
                         Error427        4.339070517E-01
                         Error428        4.338633110E-01
                         Error429        4.338196440E-01
                         Error430        4.337760505E-01
                         Error431        4.337325302E-01
                         Error432        4.336890828E-01
                         Error433        4.336457080E-01
                         Error434        4.336024054E-01
                         Error435        4.335591750E-01
                         Error436        4.335160163E-01
                         Error437        4.334729290E-01
                         Error438        4.334299130E-01
                         Error439        4.333869679E-01
                         Error440        4.333440934E-01
                         Error441        4.333012894E-01
                         Error442        4.332585555E-01
                         Error443        4.332158914E-01
                         Error444        4.331732970E-01
                         Error445        4.331307718E-01
                         Error446        4.330883158E-01
                         Error447        4.330459286E-01
                         Error448        4.330036099E-01
                         Error449        4.329613596E-01
                         Error450        4.329191774E-01
                         Error451        4.328770629E-01
                         Error452        4.328350161E-01
                         Error453        4.327930366E-01
                         Error454        4.327511241E-01
                         Error455        4.327092785E-01
                         Error456        4.326674995E-01
                         Error457        4.326257869E-01
                         Error458        4.325841405E-01
                         Error459        4.325425599E-01
                         Error460        4.325010450E-01
                         Error461        4.324595955E-01
                         Error462        4.324182113E-01
                         Error463        4.323768920E-01
                         Error464        4.323356375E-01
                         Error465        4.322944475E-01
                         Error466        4.322533218E-01
                         Error467        4.322122603E-01
                         Error468        4.321712626E-01
                         Error469        4.321303285E-01
                         Error470        4.320894579E-01
                         Error471        4.320486505E-01
                         Error472        4.320079061E-01
                         Error473        4.319672246E-01
                         Error474        4.319266056E-01
                         Error475        4.318860490E-01
                         Error476        4.318455546E-01
                         Error477        4.318051221E-01
                         Error478        4.317647515E-01
                         Error479        4.317244424E-01
                         Error480        4.316841946E-01
                         Error481        4.316440080E-01
                         Error482        4.316038824E-01
                         Error483        4.315638175E-01
                         Error484        4.315238132E-01
                         Error485        4.314838693E-01
                         Error486        4.314439856E-01
                         Error487        4.314041618E-01
                         Error488        4.313643979E-01
                         Error489        4.313246935E-01
                         Error490        4.312850486E-01
                         Error491        4.312454629E-01
                         Error492        4.312059363E-01
                         Error493        4.311664685E-01
                         Error494        4.311270594E-01
                         Error495        4.310877088E-01
                         Error496        4.310484166E-01
                         Error497        4.310091824E-01
                         Error498        4.309700062E-01
                         Error499        4.309308878E-01
                         Error500        4.308918270E-01
                         Error        4.308918270E-01
