Running in analysis mode

Reading "/home/unibas/boittier/RDKit_G2/B.pdb/SCAN_1_2_3_4_S_36_10.0/19_SCAN/B.p.cube"...

  B.pdb Potential
  Electrostatic potential from Total SCF Density
   10  -10.318969   -7.552789   -6.607546
  112    0.166667    0.000000    0.000000
  100    0.000000    0.166667    0.000000
   80    0.000000    0.000000    0.166667
    6    6.000000    1.623661    2.488469    0.057881
    6    6.000000    0.908575    0.080234    0.030266
    6    6.000000   -1.617825   -1.040037    0.122228
    6    6.000000   -3.806216    0.195455   -0.094794
    1    1.000000    3.600944    2.992950   -0.043481
    1    1.000000    0.235154    3.979620    0.195475
    9    9.000000    2.736047   -1.739711   -0.096348
    1    1.000000   -1.619286   -3.073229    0.399696
    1    1.000000   -3.903422    2.217940   -0.409262
    1    1.000000   -5.586979   -0.804610    0.031218
  1.42410E-03  1.47540E-03  1.52805E-03  1.58204E-03  1.63734E-03  1.69392E-03
       .            .            .            .            .            .
       .            .            .            .            .            .
       .            .            .            .            .            .
  4.74745E-04  4.32691E-04  3.92179E-04  3.53221E-04  3.15819E-04  2.79970E-04

742056 out of 896000 gridpoints are considered (82.8%).

...done!

Reading "21charges.cube"...

  Fitted ESP
  Electrostatic potential fitted from 21 point charges.
   10  -10.318969   -7.552789   -6.607546
  112    0.166667    0.000000    0.000000
  100    0.000000    0.166667    0.000000
   80    0.000000    0.000000    0.166667
    6    6.000000    1.623661    2.488469    0.057881
    6    6.000000    0.908575    0.080234    0.030266
    6    6.000000   -1.617825   -1.040037    0.122228
    6    6.000000   -3.806216    0.195455   -0.094794
    1    1.000000    3.600944    2.992950   -0.043481
    1    1.000000    0.235154    3.979620    0.195475
    9    9.000000    2.736047   -1.739711   -0.096348
    1    1.000000   -1.619286   -3.073229    0.399696
    1    1.000000   -3.903422    2.217940   -0.409262
    1    1.000000   -5.586979   -0.804610    0.031218
  1.44756E-03  1.49840E-03  1.55052E-03  1.60390E-03  1.65850E-03  1.71430E-03
       .            .            .            .            .            .
       .            .            .            .            .            .
       .            .            .            .            .            .
  5.17241E-04  4.77107E-04  4.38390E-04  4.01103E-04  3.65252E-04  3.30836E-04

742056 out of 896000 gridpoints are considered (82.8%).

...done!

                       Measure       RMSE[kcal/mol/e]   MaxError[kcal/mol/e]   NPoints
                         Total        3.994157688E-01        4.828258658E+00    742056
Close (  1.20 < r <   1.66 )          8.250893708E-01        4.828258658E+00    154863
Mid-range ( 1.66 < r <  2.20)         1.959627152E-01        8.269006028E-01    277380
Far-range (  2.20         < r)        8.623925533E-02        4.559672055E-01    309813
Did analysis and wrote slice data
