-xyz
refined.xyz
-dens
/home/unibas/boittier/RDKit_G2/B.pdb/SCAN_1_2_3_4_S_36_10.0/19_SCAN/B.d.cube
-esp
/home/unibas/boittier/RDKit_G2/B.pdb/SCAN_1_2_3_4_S_36_10.0/19_SCAN/B.p.cube
-stepsize
0.2
-n_steps
0
-learning_rate
0.5
  -4.0142977426673649        2.9510842088954727      -0.52431843067931372     
  -3.5262128237998400      -0.46514640576527572       0.68151535075313330     
  -3.7384968166795769      -0.71546474703612617        3.7162148321031929E-002
  -6.2599475601251413       -1.1346115108823012        4.3268306363745776E-002
  -3.4671388575973094      -0.66890389974329145      -0.57153768785844339     
  -1.7326131346833080      -0.33073508160052789       0.28200795763159275     
  -1.4362956705037526       -3.3559012604471875E-002  0.26848605598174313     
  -1.8754736138430101       -2.6095249893627424       0.32051116828866216     
  -1.8681117491209269       -2.6916954095228705      -0.20348990569687678     
  -1.9733637410371125       -2.5792999710209639       0.82834875158833032     
   3.4184604405404873       -2.3191931523088729      -0.33100150246326648     
   2.8090022595582407       -1.7395188132521062      -0.20428197854911431     
  0.68060080440603110       0.78837351815809875      -0.59130784274160930     
  0.39261155047945295       0.93874686129567220      -0.34302096982651703     
   1.0900780287377170       0.90269965118964168       0.66331051707888078     
   1.4812381366320218      -0.19475864557161504      -0.15049190215120437     
   4.2587495460751361        3.2596166998951412       -4.9355647401608839E-002
   2.0094498601651591        2.0911436573118576        5.8695350791047131E-002
   1.7226675568176342        2.0697006001767888      -0.59296186909047777     
   1.9194600415684371        2.1109905411700343       0.75661618657607599     
 -0.37640626234037250        4.2379237117748181       0.22393866770512016     
First
                         Total        3.994154733E-01
Step size:       0.20
Step size in Bohr:       0.38
Learning Rate:       1.00
# Steps:          0
                         Error        3.994154733E-01
