-xyz
refined.xyz
-dens
/home/unibas/boittier/RDKit_G2/B.pdb/SCAN_1_2_3_4_S_36_-10.0/12_SCAN_1_2_3_4_F/B.d.cube
-esp
/home/unibas/boittier/RDKit_G2/B.pdb/SCAN_1_2_3_4_S_36_-10.0/12_SCAN_1_2_3_4_F/B.p.cube
-stepsize
0.2
-n_steps
0
-learning_rate
0.5
  -3.3999457979340093        1.9022857386674985       -2.3491435903239961     
  -3.5532131982410569       0.42414938625974502       0.53486376415830850     
  -6.3749077408415848      -0.49002894898928717        7.6833309209935904E-002
  -4.0874140127536913      -0.48876451816020400       0.10611931307744746     
  -3.5220496333894582      -0.68282867265002067      -0.44669172987957179     
  -2.6546703918870227      -0.87904421828732260        1.1740743594885996     
  -1.7876563767901994      -0.86907923331375081      -0.23727379399323179     
  -2.0854985937566806      -0.94586194439724647        1.1293461422027244     
  -1.1996297929157189      -0.85945159573996099       0.55015683820763239     
  -1.9303061977906284       -2.6193732253634670        2.6701429953857958     
   2.8496436963127634       -2.3919714876883305      -0.51157052240498457     
   2.3915986999670755       -1.8806597116606321      -0.52282111872944281     
   2.0708311908721044       -1.1777888689864053      -0.27351004892249869     
   2.6670067222778417       -2.0859426662171185      -0.35594198645738478     
  0.74205462344318907       0.23001763144510415       0.38838661148285325     
   1.1499184165764313      -0.36284897324259691       -7.8117400944195489E-002
  0.34007732294831022       0.62003176513160463       0.32421562207226012     
  0.75099350326758874       0.65138890026430274      -0.31695616316574116     
   4.3235547059122243        2.8000799250667452      -0.40029684350413142     
   1.0754136485789882        1.7955814237627061       0.14820620680166788     
   1.8813555830311486        1.6467766820112621       0.49826515613271316     
   2.2294321762415050        1.5644183419954767        4.0065872823234136E-003
   1.8919733484696024        1.8300410320527436      -0.14295277966664538     
  0.91552011666322197        4.1856407964135940        1.3712713560316503     
  0.88276447405216407        4.1530635441172370        1.0438071096525086     
First
                         Total        1.294880033E+00
Step size:       0.20
Step size in Bohr:       0.38
Learning Rate:       1.00
# Steps:          0
                         Error        1.294880033E+00
