-xyz
refined.xyz
-dens
/home/unibas/boittier/RDKit_G2/B.pdb/SCAN_1_2_3_4_S_36_10.0/2_SCAN_1_2_3_4_F/B.d.cube
-esp
/home/unibas/boittier/RDKit_G2/B.pdb/SCAN_1_2_3_4_S_36_10.0/2_SCAN_1_2_3_4_F/B.p.cube
-stepsize
0.2
-n_steps
50
-learning_rate
0.5
   3.6024415711325015        2.4127082123472410       0.67783917318620890     
   3.4345228483270516      -0.46757655772367651      -0.74643333479424234     
   6.2111106056823520       -1.2450429352535810       0.14024687855432927     
   3.9466370510303523       -1.0166773993463152       0.11138788012562544     
   3.4130641526020526      -0.81033037428720744       0.69207370857900241     
   2.4524498176895890       -1.7872681229477658       -6.8153650690373560E-002
   1.5202003350072613      -0.98623285314052078       -1.1756072920151788     
   2.0679788171072588       -1.3763121602295469        5.1564966471951183E-002
   1.2450202757802249      -0.78208150120684394      -0.25578427278407029     
   1.4931448360298032       -4.0225221649710479      -0.70273782878883340     
  -1.0488731127865907        3.0741177141712215      -0.10279414613077180     
  -1.0235453891611574        2.4052960901865177      -0.25317610501678178     
  -1.1640822806991904        1.6188761206733009      -0.11530054325166882     
  -1.0683488219816231        2.6968687866013670       -1.2831567381888669E-002
 -0.89599111546061583      -0.38285541783139804       0.11795879241717611     
 -0.93408432898493476       0.41082590738957320      -0.20251647942109366     
 -0.84784550275824022      -0.91333180638930556       -6.3528870200084880E-002
  -1.3139441397255518      -0.57475312275091162      -0.56089865106135239     
  -5.3659425887458330      -0.10339253597212643       0.34246284039642333     
  -2.1861675299408709       -1.3565753198578543       -6.9428007483921944E-002
  -2.6239530007694838      -0.84432110778875968       0.51234131773576774     
  -2.9353171880427658      -0.46597438380802653       0.15039330480080859     
  -2.8799478736418438      -0.83846743498194376      -0.10167585706147204     
  -3.3231796665884983       -3.5786149276661732       0.94632860691245069     
  -3.3458523956672197       -3.4990987466339520       0.62430169712779626     
First
                         Total        3.836376365E-01
Step size:       0.20
Step size in Bohr:       0.38
Learning Rate:       1.00
# Steps:         50
                         Error  1        3.831113207E-01
                         Error  2        3.826082309E-01
                         Error  3        3.821267629E-01
                         Error  4        3.816654341E-01
                         Error  5        3.812228745E-01
                         Error  6        3.807978176E-01
                         Error  7        3.803890931E-01
                         Error  8        3.799956194E-01
                         Error  9        3.796163968E-01
                         Error 10        3.792505014E-01
                         Error 11        3.788970789E-01
                         Error 12        3.785553397E-01
                         Error 13        3.782245537E-01
                         Error 14        3.779040457E-01
                         Error 15        3.775931912E-01
                         Error 16        3.772914126E-01
                         Error 17        3.769981754E-01
                         Error 18        3.767129847E-01
                         Error 19        3.764353827E-01
                         Error 20        3.761649453E-01
                         Error 21        3.759012797E-01
                         Error 22        3.756440218E-01
                         Error 23        3.753928342E-01
                         Error 24        3.751474042E-01
                         Error 25        3.749074415E-01
                         Error 26        3.746726766E-01
                         Error 27        3.744428595E-01
                         Error 28        3.742177579E-01
                         Error 29        3.739971557E-01
                         Error 30        3.737808521E-01
                         Error 31        3.735686603E-01
                         Error 32        3.733604062E-01
                         Error 33        3.731559276E-01
                         Error 34        3.729550734E-01
                         Error 35        3.727577026E-01
                         Error 36        3.725636833E-01
                         Error 37        3.723728926E-01
                         Error 38        3.721852153E-01
                         Error 39        3.720005436E-01
                         Error 40        3.718187767E-01
                         Error 41        3.716398197E-01
                         Error 42        3.714635840E-01
                         Error 43        3.712899860E-01
                         Error 44        3.711189471E-01
                         Error 45        3.709503934E-01
                         Error 46        3.707842553E-01
                         Error 47        3.706204670E-01
                         Error 48        3.704589664E-01
                         Error 49        3.702996948E-01
                         Error 50        3.701425966E-01
                         Error        3.701425966E-01
