-xyz
refined.xyz
-dens
/home/unibas/boittier/RDKit_G2/B.pdb/SCAN_1_2_3_4_S_36_10.0/36_SCAN_1_2_3_4_F/B.d.cube
-esp
/home/unibas/boittier/RDKit_G2/B.pdb/SCAN_1_2_3_4_S_36_10.0/36_SCAN_1_2_3_4_F/B.p.cube
-stepsize
0.2
-n_steps
5
-learning_rate
0.5
   3.6509950777044224        2.4481914796554696       -1.5004710935356880E-002
   3.3621717223897818      -0.62345464197066314      -0.81624440275724919     
   6.2061794664137269       -1.2894130820749459       -1.6216406986041609E-002
   3.9448334579421163       -1.0464078058375628        4.0470769804569783E-002
   3.4783135566218499      -0.69899745744006492       0.66385573834363554     
   2.4308696575352049       -1.8217373500411973       0.22516768902893916     
   1.5548482852287653       -1.0198509745760984      -0.94057883439991452     
   2.0137093591795083       -1.4327727723139119       0.30540718095207953     
   1.2476586473982165      -0.80675569462885477       -2.8055563707390707E-002
   1.4342488793904424       -4.1036051698379969        3.3050635694940211E-002
  -1.0060691283652821        3.0665978981370894        8.5655872150853900E-003
 -0.98067334198549450        2.4132903046564844      -0.14193887318490503     
  -1.1370071175769811        1.6137949701961167       -1.7831868083858993E-002
  -1.0350505290637968        2.7036974352204184        9.6804309621758858E-002
 -0.91443324450099939      -0.38311440832457266       0.21524208485928864     
 -0.91745264044570063       0.41046342302497080       -9.7279271511254775E-002
 -0.85753808353692473      -0.90655220061183606        4.0276851182206447E-002
  -1.2926499280604795      -0.56651559850985544      -0.48372559350139299     
  -5.3890045026068307       -4.3889974607239070E-002  -4.4268735608401479E-002
  -2.2004949023585350       -1.3312603944139321      -0.14234550996938325     
  -2.6861689822136348      -0.82826705137809520       0.39829375244125931     
  -2.9554602552694433      -0.43868562056061589        1.4347211781731243E-002
  -2.8738994512792897      -0.80701867904926738      -0.23637503561012863     
  -3.4610409104488169       -3.5623311679271552       0.69895624317507365     
  -3.4599823038883746       -3.4660117515249054       0.38120556635272662     
First
                         Total        4.597549758E-01
Step size:       0.20
Step size in Bohr:       0.38
Learning Rate:       1.00
# Steps:          5
                         Error  1        4.557177617E-01
                         Error  2        4.519356144E-01
                         Error  3        4.483908937E-01
                         Error  4        4.450670406E-01
                         Error  5        4.419485356E-01
                         Error        4.419485356E-01
