-xyz
refined.xyz
-dens
../../cube_files/acrolein/16_SCAN_1_2_3_4_F/L.d.cube
-esp
../../cube_files/acrolein/16_SCAN_1_2_3_4_F/L.p.cube
-stepsize
0.2
-n_steps
100
-learning_rate
0.5
   3.3795931243151625        2.6327697176690306      -0.64329342203255813     
   3.2737340708537346        2.1708382046568291      -0.60624542970634687     
   5.0217505360467021      -0.72128295892846728      -0.41570976073427701     
   4.8644023323643957      -0.60867120872815350      -0.38225840423860880     
   2.8682248176249869       -2.9366994060812470E-002  -8.6835329278752052E-002
   3.1275451133729395      -0.77196856214658216       -6.6077005637256006E-002
   3.8667628126075666       0.24950760597338803      -0.30353543663711552     
   2.3689623213591844       0.93232462517998693      -0.19574433751087597     
   2.0741452553965858       -1.0687200044690373       0.48277212279945042     
   1.2337111682516309       -6.5012274704737902E-002  0.65344338111224809     
   1.5062008244103620      -0.23565083871477785       0.74795186320187190     
   1.5592931397576486      -0.68423560725573263       0.50465107756118255     
   1.2340084000224798       -3.4764073886742834       0.56209429603986005     
  0.39336261903839137       -3.3980732506662212       0.67237966191583176     
   1.6923735659915313        3.2256400516091785E-002  0.14662398608326543     
 -0.94153226148598101        2.2705584834754067        1.3902550888877003     
 -0.99991204344750928        2.3554639947284839       0.80132751947272873     
 -0.86472343974192478        2.4456751498191123       0.52670528171410480     
  -1.2592686001924012      -0.37827895854819693       0.10008651038763978     
  -2.5297589375842207       0.20680337001554816      -0.14083739632902678     
  -3.2843223634271834      -0.84175361095760393      -0.60989461035314274     
  -3.6192374477281444      -0.51483744338320225      -0.54987439835064245     
  -3.7912903549256374        8.9916345760167091E-002 -0.38310789885497454     
First
                         Total        6.284004904E-01
Step size:       0.20
Step size in Bohr:       0.38
Learning Rate:       1.00
# Steps:        100
                         Error  1        6.151645831E-01
                         Error  2        6.024806665E-01
                         Error  3        5.903332720E-01
                         Error  4        5.787069070E-01
                         Error  5        5.675860795E-01
                         Error  6        5.569553214E-01
                         Error  7        5.467992120E-01
                         Error  8        5.371024010E-01
                         Error  9        5.278496310E-01
                         Error 10        5.190257601E-01
                         Error 11        5.106157835E-01
                         Error 12        5.026048547E-01
                         Error 13        4.949783065E-01
                         Error 14        4.877216709E-01
                         Error 15        4.808206985E-01
                         Error 16        4.742613767E-01
                         Error 17        4.680299478E-01
                         Error 18        4.621129248E-01
                         Error 19        4.564971072E-01
                         Error 20        4.511695949E-01
                         Error 21        4.461178009E-01
                         Error 22        4.413294628E-01
                         Error 23        4.367926528E-01
                         Error 24        4.324957860E-01
                         Error 25        4.284276278E-01
                         Error 26        4.245772989E-01
                         Error 27        4.209342797E-01
                         Error 28        4.174884129E-01
                         Error 29        4.142299045E-01
                         Error 30        4.111493238E-01
                         Error 31        4.082376018E-01
                         Error 32        4.054860285E-01
                         Error 33        4.028862495E-01
                         Error 34        4.004302606E-01
                         Error 35        3.981104026E-01
                         Error 36        3.959193542E-01
                         Error 37        3.938501249E-01
                         Error 38        3.918960470E-01
                         Error 39        3.900507669E-01
                         Error 40        3.883082364E-01
                         Error 41        3.866627027E-01
                         Error 42        3.851086993E-01
                         Error 43        3.836410357E-01
                         Error 44        3.822547875E-01
                         Error 45        3.809452865E-01
                         Error 46        3.797081101E-01
                         Error 47        3.785390713E-01
                         Error 48        3.774342090E-01
                         Error 49        3.763897778E-01
                         Error 50        3.754022385E-01
                         Error 51        3.744682482E-01
                         Error 52        3.735846513E-01
                         Error 53        3.727484706E-01
                         Error 54        3.719568980E-01
                         Error 55        3.712072864E-01
                         Error 56        3.704971414E-01
                         Error 57        3.698241131E-01
                         Error 58        3.691859891E-01
                         Error 59        3.685806863E-01
                         Error 60        3.680062447E-01
                         Error 61        3.674608203E-01
                         Error 62        3.669426786E-01
                         Error 63        3.664501888E-01
                         Error 64        3.659818176E-01
                         Error 65        3.655361239E-01
                         Error 66        3.651117535E-01
                         Error 67        3.647074342E-01
                         Error 68        3.643219705E-01
                         Error 69        3.639542399E-01
                         Error 70        3.636031881E-01
                         Error 71        3.632678249E-01
                         Error 72        3.629472209E-01
                         Error 73        3.626405033E-01
                         Error 74        3.623468528E-01
                         Error 75        3.620655006E-01
                         Error 76        3.617957246E-01
                         Error 77        3.615368476E-01
                         Error 78        3.612882337E-01
                         Error 79        3.610492862E-01
                         Error 80        3.608194452E-01
                         Error 81        3.605981851E-01
                         Error 82        3.603850128E-01
                         Error 83        3.601794655E-01
                         Error 84        3.599811090E-01
                         Error 85        3.597895357E-01
                         Error 86        3.596043631E-01
                         Error 87        3.594252322E-01
                         Error 88        3.592518061E-01
                         Error 89        3.590837687E-01
                         Error 90        3.589208231E-01
                         Error 91        3.587626908E-01
                         Error 92        3.586091102E-01
                         Error 93        3.584598359E-01
                         Error 94        3.583146371E-01
                         Error 95        3.581732976E-01
                         Error 96        3.580356140E-01
                         Error 97        3.579013955E-01
                         Error 98        3.577704627E-01
                         Error 99        3.576426471E-01
                         Error100        3.575177906E-01
                         Error        3.575177906E-01
