-xyz
refined.xyz
-dens
/home/unibas/boittier/RDKit_G2/B.pdb/SCAN_1_2_3_4_S_36_10.0/29_SCAN/B.d.cube
-esp
/home/unibas/boittier/RDKit_G2/B.pdb/SCAN_1_2_3_4_S_36_10.0/29_SCAN/B.p.cube
-stepsize
0.2
-n_steps
10
-learning_rate
0.5
   3.2111718550253503        1.1125963911710079       -3.1095408910518829     
   3.0062790235604164      -0.61445700679276938      -0.67120722380188824     
   2.7647651114473737       0.38876795303732237      -0.60252991280143675     
   5.8752719303137653      -0.61642689191675248        4.4079569085092474E-002
   2.9194877653234892       0.53881105322506440      -0.31754169907424712     
   1.0832072954913654      -0.73566266910348765       0.94005762340297472     
   2.0468311060402518       -1.7899840074571975        3.0660292618973042     
   2.6410517030303873       -1.0121972919129463        1.1614097251744913     
   2.0138877331563889      -0.80699857824770505        1.0440042650340247     
  -1.7853985874445111        1.5269772927094971       0.19548814100302947     
  -1.7854917191644279        1.7159959374962617       0.23194031028364162     
  -1.7470240480256278        3.1869064884804748       0.10606851693140733     
  -1.5890470675056672        2.4720688057074907       0.10642207891758095     
 -0.86581521793697935      -0.76910778549346559       0.34727952339274876     
  -1.2247900321108502      -0.50656080073744136       0.58228475044512007     
  -1.1525066801326349      -0.56291188879883491      -0.68975387795115795     
  -1.2957105006882481       0.57843549729714039       0.15188704742793172     
  -2.7420234802378016       -1.5041550986287517       0.62836088732972528     
  -2.2647180888228893       -1.3433399532493506       -1.2023415131059543     
  -4.9590042800196334      -0.99506853773977488      -0.95673485850962792     
  -2.2228084705543472       -4.0239609954969682      -0.37594198309611077     
First
                         Total        9.718124260E-01
Step size:       0.20
Step size in Bohr:       0.38
Learning Rate:       1.00
# Steps:         10
                         Error  1        9.467651894E-01
                         Error  2        9.226060321E-01
                         Error  3        8.993184518E-01
                         Error  4        8.768855343E-01
                         Error  5        8.552899887E-01
                         Error  6        8.345141815E-01
                         Error  7        8.145401688E-01
                         Error  8        7.953497290E-01
                         Error  9        7.769243935E-01
                         Error 10        7.592454779E-01
                         Error        7.592454779E-01
