-xyz
refined.xyz
-dens
/home/unibas/boittier/RDKit_G2/B.pdb/SCAN_1_2_3_4_S_36_-10.0/12_SCAN_1_2_3_4_F/B.d.cube
-esp
/home/unibas/boittier/RDKit_G2/B.pdb/SCAN_1_2_3_4_S_36_-10.0/12_SCAN_1_2_3_4_F/B.p.cube
-stepsize
0.2
-n_steps
5
-learning_rate
0.5
  -3.4006330180627891        1.9004789757474165       -2.3482548730607675     
  -3.5524734496945314       0.43044844953659384       0.53524274297274588     
  -6.3751334112635316      -0.49200081433162579        7.6733831885358275E-002
  -4.0882758409840791      -0.49678882359247534       0.10685672523232621     
  -3.5202569781471702      -0.67524224942856659      -0.44861247336814569     
  -2.6554745523434944      -0.88620775166976007        1.1840211189347325     
  -1.7867793829109697      -0.86602945542616716      -0.24149158147180214     
  -2.0825415013938100      -0.93884610390405887        1.1175778246088894     
  -1.2017802806089721      -0.86423309081625799       0.55871173472761959     
  -1.9304448060640467       -2.6231353662180132        2.6706052686767205     
   2.8454587329996972       -2.3908994089038336      -0.50808794414639691     
   2.3928761281956010       -1.8798195228751515      -0.52575227021625281     
   2.0664012998137866       -1.1786455027743696      -0.26904205727627711     
   2.6677818005167624       -2.0848843962816228      -0.35917950899048678     
  0.74397750908472882       0.23319361717994427       0.38197483429399925     
   1.1467643542170187      -0.36539483396213407       -7.2860024052275568E-002
  0.33877326967668642       0.61500954519554463       0.32995576510629143     
  0.75192037440064285       0.65417548700848138      -0.32072361997452398     
   4.3228646845840153        2.8000939556976983      -0.39962310805600021     
   1.0751943064856351        1.7920280962869009       0.15166107770828749     
   1.8821413690857303        1.6492556396658780       0.49413771065961826     
   2.2271931097810431        1.5615658359877307        7.2805108721542599E-003
   1.8920043375582289        1.8319999721210796      -0.14562902616225204     
  0.91472464582403257        4.1866797644276383        1.3691829673141744     
  0.88445227225294509        4.1502608854284571        1.0456206985356260     
First
                         Total        9.551697174E-01
Step size:       0.20
Step size in Bohr:       0.38
Learning Rate:       1.00
# Steps:          5
                         Error  1        9.459835838E-01
                         Error  2        9.372724249E-01
                         Error  3        9.290069387E-01
                         Error  4        9.211592973E-01
                         Error  5        9.137031231E-01
                         Error        9.137031231E-01
