-xyz
refined.xyz
-dens
/home/unibas/boittier/RDKit_G2/B.pdb/SCAN_1_2_3_4_S_36_10.0/26_SCAN_1_2_3_4_F/B.d.cube
-esp
/home/unibas/boittier/RDKit_G2/B.pdb/SCAN_1_2_3_4_S_36_10.0/26_SCAN_1_2_3_4_F/B.p.cube
-stepsize
0.2
-n_steps
50
-learning_rate
0.5
  -3.2352275351631623        1.1702793437604744       -2.8874723323241112     
  -3.5365742004398077       0.74663545451671443       0.24571022399455400     
  -6.3827607125377188      -0.13562579527442956       0.10756401513629850     
  -4.0855838709242001      -0.15616612511433570       0.25492936115872794     
  -3.5463021703965878      -0.66244096471856395      -0.27704108756714324     
  -2.6763031027250666      -0.38811846285029039        1.4200877250997017     
  -1.8885984905462008      -0.46142860279684345       -2.7146012604921648E-002
  -2.1194811640202755      -0.37520756790591214        1.3177108166163973     
  -1.2849654805382422      -0.54449807900908320       0.74335941301027131     
  -2.1148392867449464       -1.3650553159533907        3.4649217492779707     
   2.4380863702534943       -2.6117300721456278      -0.43497850106229879     
   2.0563926898460037       -2.0778240030064832      -0.45175686383145314     
   1.8393427108043676       -1.2995206007280347      -0.21780429407486165     
   2.2992295737061048       -2.3008796440569492      -0.29440377537613399     
  0.78380345930961681       0.28189085859243695       0.39090714565073409     
   1.0650208576319902      -0.37178401816004492       -2.3469997795574002E-002
  0.44417884896522480       0.69655392762694457       0.34703112202238290     
  0.82112119023437569       0.65595332486515745      -0.29984810650029331     
   4.6495952010546429        2.2623732795461562      -0.64640786061110189     
   1.3323675296931528        1.7469394817669439        7.1792434090727317E-002
   2.1108767422570995        1.5151182340320692       0.39499799170069938     
   2.3996064180034189        1.3550946349795563       -8.8525679056570092E-002
   2.1187824796528307        1.6473848135766809      -0.22718603049714756     
   1.5374414901985032        4.2120589035542606        1.1348080262267670     
   1.5330731446415742        4.1470729491245164       0.80581006224923712     
First
                         Total        5.841627280E-01
Step size:       0.20
Step size in Bohr:       0.38
Learning Rate:       1.00
# Steps:         50
                         Error  1        5.835278165E-01
                         Error  2        5.829186043E-01
                         Error  3        5.823331573E-01
                         Error  4        5.817696927E-01
                         Error  5        5.812265668E-01
                         Error  6        5.807022648E-01
                         Error  7        5.801953904E-01
                         Error  8        5.797046570E-01
                         Error  9        5.792288789E-01
                         Error 10        5.787669634E-01
                         Error 11        5.783179038E-01
                         Error 12        5.778807723E-01
                         Error 13        5.774547143E-01
                         Error 14        5.770389421E-01
                         Error 15        5.766327299E-01
                         Error 16        5.762354089E-01
                         Error 17        5.758463629E-01
                         Error 18        5.754650239E-01
                         Error 19        5.750908684E-01
                         Error 20        5.747234140E-01
                         Error 21        5.743622159E-01
                         Error 22        5.740068643E-01
                         Error 23        5.736569810E-01
                         Error 24        5.733122176E-01
                         Error 25        5.729722524E-01
                         Error 26        5.726367892E-01
                         Error 27        5.723055542E-01
                         Error 28        5.719782950E-01
                         Error 29        5.716547788E-01
                         Error 30        5.713347904E-01
                         Error 31        5.710181314E-01
                         Error 32        5.707046182E-01
                         Error 33        5.703940815E-01
                         Error 34        5.700863646E-01
                         Error 35        5.697813230E-01
                         Error 36        5.694788225E-01
                         Error 37        5.691787396E-01
                         Error 38        5.688809595E-01
                         Error 39        5.685853763E-01
                         Error 40        5.682918915E-01
                         Error 41        5.680004142E-01
                         Error 42        5.677108599E-01
                         Error 43        5.674231503E-01
                         Error 44        5.671372127E-01
                         Error 45        5.668529796E-01
                         Error 46        5.665703883E-01
                         Error 47        5.662893805E-01
                         Error 48        5.660099018E-01
                         Error 49        5.657319017E-01
                         Error 50        5.654553331E-01
                         Error        5.654553331E-01
