-xyz
refined.xyz
-dens
/home/unibas/boittier/RDKit_G2/B.pdb/SCAN_1_2_3_4_S_36_10.0/0_SCAN/B.d.cube
-esp
/home/unibas/boittier/RDKit_G2/B.pdb/SCAN_1_2_3_4_S_36_10.0/0_SCAN/B.p.cube
-stepsize
0.2
-n_steps
0
-learning_rate
0.5
  -3.8702175496758557        2.7223705220473953        8.0892776841375762E-004
  -3.3864363444997028      -0.82322431834142662       0.67354623000474156     
  -3.6121682221385067      -0.98567627624792198        6.0364578784715102E-003
  -6.1360905082756600       -1.4116430377692026       -2.7944519065108021E-002
  -3.3549689943857137      -0.85507457309943435      -0.59654988232591899     
  -1.0206955806708431       -1.8563625801722172      -0.13811166608591871     
 -0.60233648207248103       -1.8212498589022112      -0.13153452301617669     
  -1.7097693518935630       -2.8896756345959251       -1.0743950823332420E-002
  -1.7138102559311370       -2.9001785006370904      -0.54108031714093374     
  -1.7956352926999937       -2.9304378329338197       0.49853055584627748     
  0.95279514982502289        3.3732084463216814       0.18914220572871121     
  0.95792067666715308        2.5268740623502381       0.10422288548657409     
   1.3555504244200949      -0.72023496836699763       0.64769099990233414     
   1.2649426488908408       -1.0451483579621021       0.41656799317004717     
   1.6999763419150766      -0.56207341953368672      -0.62162574644877755     
   1.1779078148407196       0.51277817338046494       0.14768162185797687     
   5.6134845514864162       0.11479115276574445       -2.3812303575228524E-002
   3.2087964954860286      -0.69410445974068369       -3.8074915877720064E-002
   3.0046459053868384      -0.84038514786491247       0.62847254925914620     
   3.1493208712297380      -0.81994035312928737      -0.72815718439882915     
   3.0839752901093997       -3.9053637472905907        1.7507956360304080E-002
First
                         Total        1.340686832E+00
Step size:       0.20
Step size in Bohr:       0.38
Learning Rate:       1.00
# Steps:          0
                         Error        1.340686832E+00
